   1              		.cpu cortex-a9
   2              		.eabi_attribute 28, 1
   3              		.eabi_attribute 20, 1
   4              		.eabi_attribute 21, 1
   5              		.eabi_attribute 23, 3
   6              		.eabi_attribute 24, 1
   7              		.eabi_attribute 25, 1
   8              		.eabi_attribute 26, 1
   9              		.eabi_attribute 30, 2
  10              		.eabi_attribute 34, 0
  11              		.eabi_attribute 18, 4
  12              		.file	"tensor_utils.cc"
  13              		.text
  14              	.Ltext0:
  15              		.cfi_sections	.debug_frame
  16              		.section	.text._ZN6tflite19ResetVariableTensorEP12TfLiteTensor,"ax",%progbits
  17              		.align	2
  18              		.global	_ZN6tflite19ResetVariableTensorEP12TfLiteTensor
  19              		.syntax unified
  20              		.arm
  21              		.fpu neon
  23              	_ZN6tflite19ResetVariableTensorEP12TfLiteTensor:
  24              		.fnstart
  25              	.LFB0:
  26              		.file 1 "../src/tensorflow_lite/tensorflow/lite/core/api/tensor_utils.cc"
   1:../src/tensorflow_lite/tensorflow/lite/core/api/tensor_utils.cc **** /* Copyright 2019 The TensorFlow Authors. All Rights Reserved.
   2:../src/tensorflow_lite/tensorflow/lite/core/api/tensor_utils.cc **** 
   3:../src/tensorflow_lite/tensorflow/lite/core/api/tensor_utils.cc **** Licensed under the Apache License, Version 2.0 (the "License");
   4:../src/tensorflow_lite/tensorflow/lite/core/api/tensor_utils.cc **** you may not use this file except in compliance with the License.
   5:../src/tensorflow_lite/tensorflow/lite/core/api/tensor_utils.cc **** You may obtain a copy of the License at
   6:../src/tensorflow_lite/tensorflow/lite/core/api/tensor_utils.cc **** 
   7:../src/tensorflow_lite/tensorflow/lite/core/api/tensor_utils.cc ****     http://www.apache.org/licenses/LICENSE-2.0
   8:../src/tensorflow_lite/tensorflow/lite/core/api/tensor_utils.cc **** 
   9:../src/tensorflow_lite/tensorflow/lite/core/api/tensor_utils.cc **** Unless required by applicable law or agreed to in writing, software
  10:../src/tensorflow_lite/tensorflow/lite/core/api/tensor_utils.cc **** distributed under the License is distributed on an "AS IS" BASIS,
  11:../src/tensorflow_lite/tensorflow/lite/core/api/tensor_utils.cc **** WITHOUT WARRANTIES OR CONDITIONS OF ANY KIND, either express or implied.
  12:../src/tensorflow_lite/tensorflow/lite/core/api/tensor_utils.cc **** See the License for the specific language governing permissions and
  13:../src/tensorflow_lite/tensorflow/lite/core/api/tensor_utils.cc **** limitations under the License.
  14:../src/tensorflow_lite/tensorflow/lite/core/api/tensor_utils.cc **** ==============================================================================*/
  15:../src/tensorflow_lite/tensorflow/lite/core/api/tensor_utils.cc **** 
  16:../src/tensorflow_lite/tensorflow/lite/core/api/tensor_utils.cc **** #include "tensorflow/lite/core/api/tensor_utils.h"
  17:../src/tensorflow_lite/tensorflow/lite/core/api/tensor_utils.cc **** 
  18:../src/tensorflow_lite/tensorflow/lite/core/api/tensor_utils.cc **** #include <string.h>
  19:../src/tensorflow_lite/tensorflow/lite/core/api/tensor_utils.cc **** 
  20:../src/tensorflow_lite/tensorflow/lite/core/api/tensor_utils.cc **** #include "tensorflow/lite/c/common.h"
  21:../src/tensorflow_lite/tensorflow/lite/core/api/tensor_utils.cc **** 
  22:../src/tensorflow_lite/tensorflow/lite/core/api/tensor_utils.cc **** namespace tflite {
  23:../src/tensorflow_lite/tensorflow/lite/core/api/tensor_utils.cc **** 
  24:../src/tensorflow_lite/tensorflow/lite/core/api/tensor_utils.cc **** TfLiteStatus ResetVariableTensor(TfLiteTensor* tensor) {
  27              		.loc 1 24 0
  28              		.cfi_startproc
  29              		@ args = 0, pretend = 0, frame = 0
  30              		@ frame_needed = 0, uses_anonymous_args = 0
  31              	.LVL0:
  25:../src/tensorflow_lite/tensorflow/lite/core/api/tensor_utils.cc ****   if (!tensor->is_variable) {
  32              		.loc 1 25 0
  33 0000 2D30D0E5 		ldrb	r3, [r0, #45]	@ zero_extendqisi2
  34 0004 000053E3 		cmp	r3, #0
  35 0008 1100000A 		beq	.L12
  36              	.LVL1:
  26:../src/tensorflow_lite/tensorflow/lite/core/api/tensor_utils.cc ****     return kTfLiteOk;
  27:../src/tensorflow_lite/tensorflow/lite/core/api/tensor_utils.cc ****   }
  28:../src/tensorflow_lite/tensorflow/lite/core/api/tensor_utils.cc ****   // TODO(b/115961645): Implement - If a variable tensor has a buffer, reset it
  29:../src/tensorflow_lite/tensorflow/lite/core/api/tensor_utils.cc ****   // to the value of the buffer.
  30:../src/tensorflow_lite/tensorflow/lite/core/api/tensor_utils.cc ****   int value = 0;
  31:../src/tensorflow_lite/tensorflow/lite/core/api/tensor_utils.cc ****   if (tensor->type == kTfLiteInt8) {
  37              		.loc 1 31 0
  38 000c 0030D0E5 		ldrb	r3, [r0]	@ zero_extendqisi2
  24:../src/tensorflow_lite/tensorflow/lite/core/api/tensor_utils.cc ****   if (!tensor->is_variable) {
  39              		.loc 1 24 0
  40 0010 04E02DE5 		str	lr, [sp, #-4]!
  41              		.cfi_def_cfa_offset 4
  42              		.cfi_offset 14, -4
  32:../src/tensorflow_lite/tensorflow/lite/core/api/tensor_utils.cc ****     value = tensor->params.zero_point;
  33:../src/tensorflow_lite/tensorflow/lite/core/api/tensor_utils.cc ****   }
  34:../src/tensorflow_lite/tensorflow/lite/core/api/tensor_utils.cc ****   // TODO(b/139446230): Provide a platform header to better handle these
  35:../src/tensorflow_lite/tensorflow/lite/core/api/tensor_utils.cc ****   // specific scenarios.
  36:../src/tensorflow_lite/tensorflow/lite/core/api/tensor_utils.cc **** #if __ANDROID__ || defined(__x86_64__) || defined(__i386__) || \
  37:../src/tensorflow_lite/tensorflow/lite/core/api/tensor_utils.cc ****     defined(__i386) || defined(__x86__) || defined(__X86__) || \
  38:../src/tensorflow_lite/tensorflow/lite/core/api/tensor_utils.cc ****     defined(_X86_) || defined(_M_IX86) || defined(_M_X64)
  39:../src/tensorflow_lite/tensorflow/lite/core/api/tensor_utils.cc ****   memset(tensor->data.raw, value, tensor->bytes);
  40:../src/tensorflow_lite/tensorflow/lite/core/api/tensor_utils.cc **** #else
  41:../src/tensorflow_lite/tensorflow/lite/core/api/tensor_utils.cc ****   char* raw_ptr = tensor->data.raw;
  43              		.loc 1 41 0
  44 0014 04E090E5 		ldr	lr, [r0, #4]
  31:../src/tensorflow_lite/tensorflow/lite/core/api/tensor_utils.cc ****     value = tensor->params.zero_point;
  45              		.loc 1 31 0
  46 0018 090053E3 		cmp	r3, #9
  47              	.LBB2:
  42:../src/tensorflow_lite/tensorflow/lite/core/api/tensor_utils.cc ****   for (size_t i = 0; i < tensor->bytes; ++i) {
  48              		.loc 1 42 0
  49 001c 183090E5 		ldr	r3, [r0, #24]
  50              	.LBE2:
  30:../src/tensorflow_lite/tensorflow/lite/core/api/tensor_utils.cc ****   if (tensor->type == kTfLiteInt8) {
  51              		.loc 1 30 0
  52 0020 00C0A013 		movne	ip, #0
  32:../src/tensorflow_lite/tensorflow/lite/core/api/tensor_utils.cc ****   }
  53              		.loc 1 32 0
  54 0024 10C09005 		ldreq	ip, [r0, #16]
  55              	.LVL2:
  56              	.LBB3:
  57              		.loc 1 42 0
  58 0028 000053E3 		cmp	r3, #0
  59 002c 0600000A 		beq	.L9
  60 0030 7CC0EFE6 		uxtb	ip, ip
  61              	.LVL3:
  62 0034 0E30A0E1 		mov	r3, lr
  63              	.LVL4:
  64              	.L5:
  43:../src/tensorflow_lite/tensorflow/lite/core/api/tensor_utils.cc ****     *raw_ptr = value;
  65              		.loc 1 43 0 discriminator 2
  66 0038 01C0C3E4 		strb	ip, [r3], #1
  67              	.LVL5:
  42:../src/tensorflow_lite/tensorflow/lite/core/api/tensor_utils.cc ****     *raw_ptr = value;
  68              		.loc 1 42 0 discriminator 2
  69 003c 0E2043E0 		sub	r2, r3, lr
  70              	.LVL6:
  71 0040 181090E5 		ldr	r1, [r0, #24]
  72 0044 020051E1 		cmp	r1, r2
  73 0048 FAFFFF8A 		bhi	.L5
  74              	.LVL7:
  75              	.L9:
  76              	.LBE3:
  44:../src/tensorflow_lite/tensorflow/lite/core/api/tensor_utils.cc ****     raw_ptr++;
  45:../src/tensorflow_lite/tensorflow/lite/core/api/tensor_utils.cc ****   }
  46:../src/tensorflow_lite/tensorflow/lite/core/api/tensor_utils.cc **** #endif
  47:../src/tensorflow_lite/tensorflow/lite/core/api/tensor_utils.cc ****   return kTfLiteOk;
  48:../src/tensorflow_lite/tensorflow/lite/core/api/tensor_utils.cc **** }
  77              		.loc 1 48 0
  78 004c 0000A0E3 		mov	r0, #0
  79              	.LVL8:
  80 0050 04F09DE4 		ldr	pc, [sp], #4
  81              	.LVL9:
  82              	.L12:
  83              		.cfi_def_cfa_offset 0
  84              		.cfi_restore 14
  85 0054 0000A0E3 		mov	r0, #0
  86              	.LVL10:
  87 0058 1EFF2FE1 		bx	lr
  88              		.cfi_endproc
  89              	.LFE0:
  90              		.cantunwind
  91              		.fnend
  93              		.text
  94              	.Letext0:
  95              		.file 2 "c:\\program files (x86)\\gnu tools arm embedded\\6 2017-q2-update\\lib\\gcc\\arm-none-eab
  96              		.file 3 "c:\\program files (x86)\\gnu tools arm embedded\\6 2017-q2-update\\arm-none-eabi\\include
  97              		.file 4 "c:\\program files (x86)\\gnu tools arm embedded\\6 2017-q2-update\\arm-none-eabi\\include
  98              		.file 5 "C:/Renesas/e2studio_2021_01_workspace_RZA2M_ANPR/ANPR_RZA2M_GR_MANGO/src/tensorflow_lite/
  99              		.file 6 "C:/Renesas/e2studio_2021_01_workspace_RZA2M_ANPR/ANPR_RZA2M_GR_MANGO/src/tensorflow_lite/
 100              		.file 7 "c:\\program files (x86)\\gnu tools arm embedded\\6 2017-q2-update\\arm-none-eabi\\include
 101              		.file 8 "c:\\program files (x86)\\gnu tools arm embedded\\6 2017-q2-update\\arm-none-eabi\\include
 102              		.file 9 "c:\\program files (x86)\\gnu tools arm embedded\\6 2017-q2-update\\arm-none-eabi\\include
 103              		.file 10 "C:/Renesas/e2studio_2021_01_workspace_RZA2M_ANPR/ANPR_RZA2M_GR_MANGO/src/tensorflow_lite
DEFINED SYMBOLS
                            *ABS*:00000000 tensor_utils.cc
C:\Users\a5050395\AppData\Local\Temp\ccdxlUCg.s:17     .text._ZN6tflite19ResetVariableTensorEP12TfLiteTensor:00000000 $a
C:\Users\a5050395\AppData\Local\Temp\ccdxlUCg.s:23     .text._ZN6tflite19ResetVariableTensorEP12TfLiteTensor:00000000 _ZN6tflite19ResetVariableTensorEP12TfLiteTensor
.ARM.exidx.text._ZN6tflite19ResetVariableTensorEP12TfLiteTensor:00000000 $d
                     .debug_frame:00000010 $d
                           .group:00000000 wm4.0.3e1481985cce1e923928453d8be0a65b
                           .group:00000000 wm4.stdbool.h.29.01580e438512fc255c0619569742ffd3
                           .group:00000000 wm4.stddef.h.39.fa2e86d241f4df50b9327c72832885e1
                           .group:00000000 wm4.stdint.h.4.659be5aa44c4ab4eb7c7cc2b24d8ceee
                           .group:00000000 wm4._newlib_version.h.4.3572908597b70d672d181fc7fc501c19
                           .group:00000000 wm4.features.h.33.7b36b8b41abe4293fbb29540b719705c
                           .group:00000000 wm4._default_types.h.15.247e5cd201eca3442cbf5404108c4935
                           .group:00000000 wm4._intsup.h.10.cce27fed8484c08a33f522034c30d2b5
                           .group:00000000 wm4._stdint.h.10.c24fa3af3bc1706662bb5593a907e841
                           .group:00000000 wm4.stdint.h.23.d53047a68f4a85177f80b422d52785ed
                           .group:00000000 wm4.c_api_types.h.20.9b09175981ed746180e205cc0b4b2bfd
                           .group:00000000 wm4.common.h.77.124de099ec0ac4f95ebf1618a5f42cf6
                           .group:00000000 wm4.newlib.h.8.5f2124c7e712be65f83b91ff86a0b1c1
                           .group:00000000 wm4.config.h.219.65a553ab5bef5482f0d7880b0d33015e
                           .group:00000000 wm4._ansi.h.23.1ee1144430bedaab1a14c7b57a6c8384
                           .group:00000000 wm4.lock.h.2.1461d1fff82dffe8bfddc23307f6484f
                           .group:00000000 wm4._types.h.125.5cf8a495f1f7ef36777ad868a1e32068
                           .group:00000000 wm4.stddef.h.161.7e98c9c86da0ed2d27af2ef92af7d013
                           .group:00000000 wm4._types.h.183.c226d164ceca1f2ecb9ae9360c54a098
                           .group:00000000 wm4.reent.h.17.23b059516345f8f5abfa01ddc379570f
                           .group:00000000 wm4.cdefs.h.47.9bc8274c84fddbf05edd550eb0bf48cd
                           .group:00000000 wm4.string.h.15.dab3980bf35408a4c507182805e2de3a
                           .group:00000000 wm4.stddef.h.161.38688f2eb958a8ed58fdb61ffe554c94

NO UNDEFINED SYMBOLS
