   1              		.cpu cortex-a9
   2              		.eabi_attribute 28, 1
   3              		.eabi_attribute 20, 1
   4              		.eabi_attribute 21, 1
   5              		.eabi_attribute 23, 3
   6              		.eabi_attribute 24, 1
   7              		.eabi_attribute 25, 1
   8              		.eabi_attribute 26, 1
   9              		.eabi_attribute 30, 4
  10              		.eabi_attribute 34, 0
  11              		.eabi_attribute 18, 4
  12              		.file	"quantization_util.cpp"
  13              		.global	__aeabi_d2lz
  14              		.section	.text._ZN6tflite18QuantizeMultiplierEdPlPi,"ax",%progbits
  15              		.align	2
  16              		.global	_ZN6tflite18QuantizeMultiplierEdPlPi
  17              		.syntax unified
  18              		.arm
  19              		.fpu neon
  21              	_ZN6tflite18QuantizeMultiplierEdPlPi:
  22              		.fnstart
  23              	.LFB1132:
  24              		@ args = 0, pretend = 0, frame = 0
  25              		@ frame_needed = 0, uses_anonymous_args = 0
  26 0000 400BB5EE 		vcmp.f64	d0, #0
  27 0004 10FAF1EE 		vmrs	APSR_nzcv, FPSCR
  28 0008 0300001A 		bne	.L2
  29 000c 0030A0E3 		mov	r3, #0
  30 0010 003080E5 		str	r3, [r0]
  31 0014 003081E5 		str	r3, [r1]
  32 0018 1EFF2FE1 		bx	lr
  33              	.L2:
  34 001c 70402DE9 		push	{r4, r5, r6, lr}
  35              		.save {r4, r5, r6, lr}
  36 0020 0050A0E1 		mov	r5, r0
  37 0024 0100A0E1 		mov	r0, r1
  38 0028 0140A0E1 		mov	r4, r1
  39 002c FEFFFFEB 		bl	frexp
  40 0030 160BDFED 		vldr.64	d16, .L10
  41 0034 200B20EE 		vmul.f64	d0, d0, d16
  42 0038 FEFFFFEB 		bl	round
  43 003c 100B51EC 		vmov	r0, r1, d0
  44 0040 FEFFFFEB 		bl	__aeabi_d2lz
  45 0044 0221A0E3 		mov	r2, #-2147483648
  46 0048 0030A0E3 		mov	r3, #0
  47 004c 000052E1 		cmp	r2, r0
  48 0050 01C0D3E0 		sbcs	ip, r3, r1
  49 0054 000000AA 		bge	.L4
  50 0058 FEFFFFEB 		bl	abort
  51              	.L4:
  52 005c 030051E1 		cmp	r1, r3
  53 0060 02005001 		cmpeq	r0, r2
  54 0064 00309405 		ldreq	r3, [r4]
  55 0068 0101A003 		moveq	r0, #1073741824
  56 006c 01308302 		addeq	r3, r3, #1
  57 0070 00308405 		streq	r3, [r4]
  58 0074 003094E5 		ldr	r3, [r4]
  59 0078 1F0073E3 		cmn	r3, #31
  60 007c 0030A0B3 		movlt	r3, #0
  61 0080 0000A0B3 		movlt	r0, #0
  62 0084 003084B5 		strlt	r3, [r4]
  63 0088 000085E5 		str	r0, [r5]
  64 008c 7080BDE8 		pop	{r4, r5, r6, pc}
  65              	.L11:
  66              		.align	3
  67              	.L10:
  68 0090 00000000 		.word	0
  69 0094 0000E041 		.word	1105199104
  70              		.fnend
  72              		.section	.text._ZN6tflite32QuantizeMultiplierGreaterThanOneEdPlPi,"ax",%progbits
  73              		.align	2
  74              		.global	_ZN6tflite32QuantizeMultiplierGreaterThanOneEdPlPi
  75              		.syntax unified
  76              		.arm
  77              		.fpu neon
  79              	_ZN6tflite32QuantizeMultiplierGreaterThanOneEdPlPi:
  80              		.fnstart
  81              	.LFB1133:
  82              		@ args = 0, pretend = 0, frame = 0
  83              		@ frame_needed = 0, uses_anonymous_args = 0
  84 0000 000BF7EE 		vmov.f64	d16, #1.0e+0
  85 0004 E00BB4EE 		vcmpe.f64	d0, d16
  86 0008 10FAF1EE 		vmrs	APSR_nzcv, FPSCR
  87 000c 10402DE9 		push	{r4, lr}
  88              		.save {r4, lr}
  89 0010 000000CA 		bgt	.L13
  90              	.L14:
  91 0014 FEFFFFEB 		bl	abort
  92              	.L13:
  93 0018 0140A0E1 		mov	r4, r1
  94 001c FEFFFFEB 		bl	_ZN6tflite18QuantizeMultiplierEdPlPi
  95 0020 003094E5 		ldr	r3, [r4]
  96 0024 000053E3 		cmp	r3, #0
  97 0028 F9FFFFBA 		blt	.L14
  98 002c 1080BDE8 		pop	{r4, pc}
  99              		.fnend
 101              		.section	.text._ZN6tflite35QuantizeMultiplierSmallerThanOneExpEdPlPi,"ax",%progbits
 102              		.align	2
 103              		.global	_ZN6tflite35QuantizeMultiplierSmallerThanOneExpEdPlPi
 104              		.syntax unified
 105              		.arm
 106              		.fpu neon
 108              	_ZN6tflite35QuantizeMultiplierSmallerThanOneExpEdPlPi:
 109              		.fnstart
 110              	.LFB1134:
 111              		@ args = 0, pretend = 0, frame = 8
 112              		@ frame_needed = 0, uses_anonymous_args = 0
 113 0000 001BF7EE 		vmov.f64	d17, #1.0e+0
 114 0004 E10BB4EE 		vcmpe.f64	d0, d17
 115 0008 10FAF1EE 		vmrs	APSR_nzcv, FPSCR
 116 000c 13402DE9 		push	{r0, r1, r4, lr}
 117              		.save {r4, lr}
 118              		.pad #8
 119 0010 0000004A 		bmi	.L17
 120              	.L18:
 121 0014 FEFFFFEB 		bl	abort
 122              	.L17:
 123 0018 C00BB5EE 		vcmpe.f64	d0, #0
 124 001c 10FAF1EE 		vmrs	APSR_nzcv, FPSCR
 125 0020 FBFFFFDA 		ble	.L18
 126 0024 0140A0E1 		mov	r4, r1
 127 0028 04108DE2 		add	r1, sp, #4
 128 002c FEFFFFEB 		bl	_ZN6tflite18QuantizeMultiplierEdPlPi
 129 0030 04309DE5 		ldr	r3, [sp, #4]
 130 0034 000053E3 		cmp	r3, #0
 131 0038 F5FFFFCA 		bgt	.L18
 132 003c 003084E5 		str	r3, [r4]
 133 0040 08D08DE2 		add	sp, sp, #8
 134              		@ sp needed
 135 0044 1080BDE8 		pop	{r4, pc}
 136              		.fnend
 138              		.section	.text._ZN6tflite12IntegerFrExpEdPi,"ax",%progbits
 139              		.align	2
 140              		.global	_ZN6tflite12IntegerFrExpEdPi
 141              		.syntax unified
 142              		.arm
 143              		.fpu neon
 145              	_ZN6tflite12IntegerFrExpEdPi:
 146              		.fnstart
 147              	.LFB1135:
 148              		@ args = 0, pretend = 0, frame = 0
 149              		@ frame_needed = 0, uses_anonymous_args = 0
 150 0000 F0432DE9 		push	{r4, r5, r6, r7, r8, r9, lr}
 151 0004 104B55EC 		vmov	r4, r5, d0
 152 0008 0271C5E3 		bic	r7, r5, #-2147483648
 153 000c 106A10EE 		vmov	r6, s0	@ int
 154 0010 071096E1 		orrs	r1, r6, r7
 155 0014 0400001A 		bne	.L23
 156 0018 0030A0E3 		mov	r3, #0
 157 001c 0710A0E1 		mov	r1, r7
 158 0020 003080E5 		str	r3, [r0]
 159 0024 0400A0E1 		mov	r0, r4
 160 0028 F083BDE8 		pop	{r4, r5, r6, r7, r8, r9, pc}
 161              	.L23:
 162 002c 551AEAE7 		ubfx	r1, r5, #20, #11
 163 0030 FFC700E3 		movw	ip, #2047
 164 0034 0C0051E1 		cmp	r1, ip
 165 0038 102A10EE 		vmov	r2, s0	@ int
 166 003c 0530A0E1 		mov	r3, r5
 167 0040 0D00001A 		bne	.L25
 168 0044 0211E0E3 		mvn	r1, #-2147483648
 169 0048 001080E5 		str	r1, [r0]
 170 004c A4108FE2 		adr	r1, .L30
 171 0050 D000C1E1 		ldrd	r0, [r1]
 172 0054 004004E0 		and	r4, r4, r0
 173 0058 015005E0 		and	r5, r5, r1
 174 005c 051094E1 		orrs	r1, r4, r5
 175 0060 1D00001A 		bne	.L27
 176 0064 000056E3 		cmp	r6, #0
 177 0068 0030D3E2 		sbcs	r3, r3, #0
 178 006c 1D0000BA 		blt	.L28
 179 0070 0000E0E3 		mvn	r0, #0
 180 0074 0211E0E3 		mvn	r1, #-2147483648
 181 0078 F083BDE8 		pop	{r4, r5, r6, r7, r8, r9, pc}
 182              	.L25:
 183 007c 248BA0E1 		lsr	r8, r4, #22
 184 0080 FF1F41E2 		sub	r1, r1, #1020
 185 0084 74609FE5 		ldr	r6, .L30+8
 186 0088 021041E2 		sub	r1, r1, #2
 187 008c 058588E1 		orr	r8, r8, r5, lsl #10
 188 0090 0070A0E3 		mov	r7, #0
 189 0094 001080E5 		str	r1, [r0]
 190 0098 0090A0E3 		mov	r9, #0
 191 009c 0381C8E3 		bic	r8, r8, #-1073741824
 192 00a0 075005E0 		and	r5, r5, r7
 193 00a4 010198E2 		adds	r0, r8, #1073741824
 194 00a8 064004E0 		and	r4, r4, r6
 195 00ac 0010A9E2 		adc	r1, r9, #0
 196 00b0 000055E3 		cmp	r5, #0
 197 00b4 02065403 		cmpeq	r4, #2097152
 198 00b8 0100009A 		bls	.L26
 199 00bc 050198E2 		adds	r0, r8, #1073741825
 200 00c0 0010A9E2 		adc	r1, r9, #0
 201              	.L26:
 202 00c4 000052E3 		cmp	r2, #0
 203 00c8 0030D3E2 		sbcs	r3, r3, #0
 204 00cc F083BDA8 		popge	{r4, r5, r6, r7, r8, r9, pc}
 205 00d0 000070E2 		rsbs	r0, r0, #0
 206 00d4 0010E1E2 		rsc	r1, r1, #0
 207 00d8 F083BDE8 		pop	{r4, r5, r6, r7, r8, r9, pc}
 208              	.L27:
 209 00dc 0000A0E3 		mov	r0, #0
 210 00e0 0010A0E3 		mov	r1, #0
 211 00e4 F083BDE8 		pop	{r4, r5, r6, r7, r8, r9, pc}
 212              	.L28:
 213 00e8 0000A0E3 		mov	r0, #0
 214 00ec 0211A0E3 		mov	r1, #-2147483648
 215 00f0 F083BDE8 		pop	{r4, r5, r6, r7, r8, r9, pc}
 216              	.L31:
 217 00f4 00F020E3 		.align	3
 218              	.L30:
 219 00f8 0000C0FF 		.word	-4194304
 220 00fc FFFF0F00 		.word	1048575
 221 0100 FFFF3F00 		.word	4194303
 222              		.cantunwind
 223              		.fnend
 225              		.section	.text._ZN6tflite26DoubleFromFractionAndShiftExi,"ax",%progbits
 226              		.align	2
 227              		.global	_ZN6tflite26DoubleFromFractionAndShiftExi
 228              		.syntax unified
 229              		.arm
 230              		.fpu neon
 232              	_ZN6tflite26DoubleFromFractionAndShiftExi:
 233              		.fnstart
 234              	.LFB1136:
 235              		@ args = 0, pretend = 0, frame = 0
 236              		@ frame_needed = 0, uses_anonymous_args = 0
 237 0000 060172E3 		cmn	r2, #-2147483647
 238 0004 0700001A 		bne	.L33
 239 0008 013090E1 		orrs	r3, r0, r1
 240 000c 4500000A 		beq	.L42
 241 0010 480BDFED 		vldr.64	d16, .L50
 242 0014 010050E3 		cmp	r0, #1
 243 0018 480B9FED 		vldr.64	d0, .L50+8
 244 001c 0030D1E2 		sbcs	r3, r1, #0
 245 0020 600BB0BE 		vmovlt.f64	d0, d16
 246 0024 1EFF2FE1 		bx	lr
 247              	.L33:
 248 0028 013090E1 		orrs	r3, r0, r1
 249 002c 3F00000A 		beq	.L44
 250 0030 F0402DE9 		push	{r4, r5, r6, r7, lr}
 251 0034 C14FA0E1 		asr	r4, r1, #31
 252 0038 C15FA0E1 		asr	r5, r1, #31
 253 003c 0030A0E3 		mov	r3, #0
 254 0040 006024E0 		eor	r6, r4, r0
 255 0044 017025E0 		eor	r7, r5, r1
 256 0048 046056E0 		subs	r6, r6, r4
 257 004c 0570C7E0 		sbc	r7, r7, r5
 258 0050 014042E2 		sub	r4, r2, #1
 259 0054 C45FA0E1 		asr	r5, r4, #31
 260 0058 0321E0E3 		mvn	r2, #-1073741824
 261              	.L37:
 262 005c 060052E1 		cmp	r2, r6
 263 0060 07C0D3E0 		sbcs	ip, r3, r7
 264 0064 090000AA 		bge	.L35
 265 0068 0221A0E3 		mov	r2, #-2147483648
 266 006c 0030A0E3 		mov	r3, #0
 267              	.L36:
 268 0070 060052E1 		cmp	r2, r6
 269 0074 07C0D3E0 		sbcs	ip, r3, r7
 270 0078 090000AA 		bge	.L38
 271 007c C770B0E1 		movs	r7, r7, asr #1
 272 0080 6660A0E1 		mov	r6, r6, rrx
 273 0084 014094E2 		adds	r4, r4, #1
 274 0088 0050A5E2 		adc	r5, r5, #0
 275 008c F7FFFFEA 		b	.L36
 276              	.L35:
 277 0090 066096E0 		adds	r6, r6, r6
 278 0094 0770A7E0 		adc	r7, r7, r7
 279 0098 014054E2 		subs	r4, r4, #1
 280 009c 0050C5E2 		sbc	r5, r5, #0
 281 00a0 EDFFFFEA 		b	.L37
 282              	.L38:
 283 00a4 036196E2 		adds	r6, r6, #-1073741824
 284 00a8 FF2300E3 		movw	r2, #1023
 285 00ac 0070C7E2 		sbc	r7, r7, #0
 286 00b0 0030A0E3 		mov	r3, #0
 287 00b4 040052E1 		cmp	r2, r4
 288 00b8 220BDFED 		vldr.64	d16, .L50+16	@ int
 289 00bc 05C0D3E0 		sbcs	ip, r3, r5
 290 00c0 0240A0B1 		movlt	r4, r2
 291 00c4 94209FE5 		ldr	r2, .L50+40
 292 00c8 0350A0B1 		movlt	r5, r3
 293 00cc 0030E0E3 		mvn	r3, #0
 294 00d0 020054E1 		cmp	r4, r2
 295 00d4 03C0D5E0 		sbcs	ip, r5, r3
 296 00d8 0240A0B1 		movlt	r4, r2
 297 00dc 0350A0B1 		movlt	r5, r3
 298 00e0 062BA0E1 		lsl	r2, r6, #22
 299 00e4 314B45EC 		vmov	d17, r4, r5	@ int
 300 00e8 A00871F2 		vadd.i64	d16, d17, d16
 301 00ec 000050E3 		cmp	r0, #0
 302 00f0 0030D1E2 		sbcs	r3, r1, #0
 303 00f4 073BA0E1 		lsl	r3, r7, #22
 304 00f8 0000A0E3 		mov	r0, #0
 305 00fc B005F4F2 		vshl.u64	d16, d16, #52
 306 0100 263583E1 		orr	r3, r3, r6, lsr #10
 307 0104 0010A0A3 		movge	r1, #0
 308 0108 0211A0B3 		movlt	r1, #-2147483648
 309 010c 304B55EC 		vmov	r4, r5, d16	@ int
 310 0110 024084E1 		orr	r4, r4, r2
 311 0114 035085E1 		orr	r5, r5, r3
 312 0118 004084E1 		orr	r4, r4, r0
 313 011c 015085E1 		orr	r5, r5, r1
 314 0120 104B45EC 		vmov	d0, r4, r5	@ int
 315 0124 F080BDE8 		pop	{r4, r5, r6, r7, pc}
 316              	.L42:
 317 0128 080B9FED 		vldr.64	d0, .L50+24
 318 012c 1EFF2FE1 		bx	lr
 319              	.L44:
 320 0130 080B9FED 		vldr.64	d0, .L50+32
 321 0134 1EFF2FE1 		bx	lr
 322              	.L51:
 323              		.align	3
 324              	.L50:
 325 0138 00000000 		.word	0
 326 013c 0000F0FF 		.word	-1048576
 327 0140 00000000 		.word	0
 328 0144 0000F07F 		.word	2146435072
 329 0148 FF030000 		.word	1023
 330 014c 00000000 		.word	0
 331 0150 00000000 		.word	0
 332 0154 0000F87F 		.word	2146959360
 333 0158 00000000 		.word	0
 334 015c 00000000 		.word	0
 335 0160 01FCFFFF 		.word	-1023
 336              		.cantunwind
 337              		.fnend
 339              		.section	.text._ZN6tflite21IntegerDoubleMultiplyEdd,"ax",%progbits
 340              		.align	2
 341              		.global	_ZN6tflite21IntegerDoubleMultiplyEdd
 342              		.syntax unified
 343              		.arm
 344              		.fpu neon
 346              	_ZN6tflite21IntegerDoubleMultiplyEdd:
 347              		.fnstart
 348              	.LFB1137:
 349              		@ args = 0, pretend = 0, frame = 8
 350              		@ frame_needed = 0, uses_anonymous_args = 0
 351 0000 37402DE9 		push	{r0, r1, r2, r4, r5, lr}
 352 0004 0D00A0E1 		mov	r0, sp
 353 0008 FEFFFFEB 		bl	_ZN6tflite12IntegerFrExpEdPi
 354 000c 0040A0E1 		mov	r4, r0
 355 0010 04008DE2 		add	r0, sp, #4
 356 0014 410BB0EE 		vmov.f64	d0, d1
 357 0018 0150A0E1 		mov	r5, r1
 358 001c FEFFFFEB 		bl	_ZN6tflite12IntegerFrExpEdPi
 359 0020 00209DE5 		ldr	r2, [sp]
 360 0024 060172E3 		cmn	r2, #-2147483647
 361 0028 0200000A 		beq	.L55
 362 002c 04309DE5 		ldr	r3, [sp, #4]
 363 0030 060173E3 		cmn	r3, #-2147483647
 364 0034 0200001A 		bne	.L54
 365              	.L55:
 366 0038 0C0B9FED 		vldr.64	d0, .L57
 367 003c 0CD08DE2 		add	sp, sp, #12
 368              		@ sp needed
 369 0040 3080BDE8 		pop	{r4, r5, pc}
 370              	.L54:
 371 0044 940101E0 		mul	r1, r4, r1
 372 0048 032082E0 		add	r2, r2, r3
 373 004c 012082E2 		add	r2, r2, #1
 374 0050 901521E0 		mla	r1, r0, r5, r1
 375 0054 944085E0 		umull	r4, r5, r4, r0
 376 0058 050081E0 		add	r0, r1, r5
 377 005c C01FA0E1 		asr	r1, r0, #31
 378 0060 0CD08DE2 		add	sp, sp, #12
 379              		@ sp needed
 380 0064 3040BDE8 		pop	{r4, r5, lr}
 381 0068 FEFFFFEA 		b	_ZN6tflite26DoubleFromFractionAndShiftExi
 382              	.L58:
 383 006c 00F020E3 		.align	3
 384              	.L57:
 385 0070 00000000 		.word	0
 386 0074 0000F87F 		.word	2146959360
 387              		.cantunwind
 388              		.fnend
 390              		.section	.text._ZN6tflite20IntegerDoubleCompareEdd,"ax",%progbits
 391              		.align	2
 392              		.global	_ZN6tflite20IntegerDoubleCompareEdd
 393              		.syntax unified
 394              		.arm
 395              		.fpu neon
 397              	_ZN6tflite20IntegerDoubleCompareEdd:
 398              		.fnstart
 399              	.LFB1138:
 400              		@ args = 0, pretend = 0, frame = 8
 401              		@ frame_needed = 0, uses_anonymous_args = 0
 402 0000 37402DE9 		push	{r0, r1, r2, r4, r5, lr}
 403 0004 0D00A0E1 		mov	r0, sp
 404 0008 FEFFFFEB 		bl	_ZN6tflite12IntegerFrExpEdPi
 405 000c 0040A0E1 		mov	r4, r0
 406 0010 04008DE2 		add	r0, sp, #4
 407 0014 410BB0EE 		vmov.f64	d0, d1
 408 0018 0150A0E1 		mov	r5, r1
 409 001c FEFFFFEB 		bl	_ZN6tflite12IntegerFrExpEdPi
 410 0020 00209DE5 		ldr	r2, [sp]
 411 0024 060172E3 		cmn	r2, #-2147483647
 412 0028 0200000A 		beq	.L69
 413 002c 04C09DE5 		ldr	ip, [sp, #4]
 414 0030 06017CE3 		cmn	ip, #-2147483647
 415 0034 0300001A 		bne	.L70
 416              	.L69:
 417 0038 0100A0E3 		mov	r0, #1
 418 003c 160000EA 		b	.L59
 419              	.L68:
 420 0040 0000E0E3 		mvn	r0, #0
 421 0044 140000EA 		b	.L59
 422              	.L70:
 423 0048 053094E1 		orrs	r3, r4, r5
 424 004c A13FA0E1 		lsr	r3, r1, #31
 425 0050 0030A013 		movne	r3, #0
 426 0054 01300302 		andeq	r3, r3, #1
 427 0058 000053E3 		cmp	r3, #0
 428 005c F5FFFF1A 		bne	.L69
 429 0060 013090E1 		orrs	r3, r0, r1
 430 0064 0130A003 		moveq	r3, #1
 431 0068 0030A013 		movne	r3, #0
 432 006c A53F13E0 		ands	r3, r3, r5, lsr #31
 433 0070 F2FFFF1A 		bne	.L68
 434 0074 0C0052E1 		cmp	r2, ip
 435 0078 F0FFFFBA 		blt	.L68
 436 007c EDFFFFCA 		bgt	.L69
 437 0080 000054E1 		cmp	r4, r0
 438 0084 0130D5E0 		sbcs	r3, r5, r1
 439 0088 ECFFFFBA 		blt	.L68
 440 008c 040050E1 		cmp	r0, r4
 441 0090 0530D1E0 		sbcs	r3, r1, r5
 442 0094 0100A0B3 		movlt	r0, #1
 443 0098 0000A0A3 		movge	r0, #0
 444              	.L59:
 445 009c 0CD08DE2 		add	sp, sp, #12
 446              		@ sp needed
 447 00a0 3080BDE8 		pop	{r4, r5, pc}
 448              		.cantunwind
 449              		.fnend
 451              		.section	.text._ZN6tflite24PreprocessSoftmaxScalingEddiPlPi,"ax",%progbits
 452              		.align	2
 453              		.global	_ZN6tflite24PreprocessSoftmaxScalingEddiPlPi
 454              		.syntax unified
 455              		.arm
 456              		.fpu neon
 458              	_ZN6tflite24PreprocessSoftmaxScalingEddiPlPi:
 459              		.fnstart
 460              	.LFB1139:
 461              		@ args = 0, pretend = 0, frame = 0
 462              		@ frame_needed = 0, uses_anonymous_args = 0
 463              		@ link register save eliminated.
 464 0000 1F0060E2 		rsb	r0, r0, #31
 465 0004 0130A0E3 		mov	r3, #1
 466 0008 1330A0E1 		lsl	r3, r3, r0
 467 000c 010B20EE 		vmul.f64	d0, d0, d1
 468 0010 01C0A0E1 		mov	ip, r1
 469 0014 0C00A0E1 		mov	r0, ip
 470 0018 0210A0E1 		mov	r1, r2
 471 001c 903A07EE 		vmov	s15, r3	@ int
 472 0020 E70BF8EE 		vcvt.f64.s32	d16, s15
 473 0024 800B20EE 		vmul.f64	d0, d16, d0
 474 0028 040BDFED 		vldr.64	d16, .L78
 475 002c E00BB4EE 		vcmpe.f64	d0, d16
 476 0030 10FAF1EE 		vmrs	APSR_nzcv, FPSCR
 477 0034 600BB0CE 		vmovgt.f64	d0, d16
 478 0038 FEFFFFEA 		b	_ZN6tflite32QuantizeMultiplierGreaterThanOneEdPlPi
 479              	.L79:
 480 003c 00F020E3 		.align	3
 481              	.L78:
 482 0040 0000C0FF 		.word	-4194304
 483 0044 FFFFDF41 		.word	1105199103
 484              		.cantunwind
 485              		.fnend
 487              		.section	.text._ZN6tflite30PreprocessLogSoftmaxScalingExpEddiPlPiS0_S1_,"ax",%progbits
 488              		.align	2
 489              		.global	_ZN6tflite30PreprocessLogSoftmaxScalingExpEddiPlPiS0_S1_
 490              		.syntax unified
 491              		.arm
 492              		.fpu neon
 494              	_ZN6tflite30PreprocessLogSoftmaxScalingExpEddiPlPiS0_S1_:
 495              		.fnstart
 496              	.LFB1141:
 497              		@ args = 4, pretend = 0, frame = 0
 498              		@ frame_needed = 0, uses_anonymous_args = 0
 499 0000 F0412DE9 		push	{r4, r5, r6, r7, r8, lr}
 500              		.save {r4, r5, r6, r7, r8, lr}
 501 0004 0270A0E1 		mov	r7, r2
 502 0008 0160A0E1 		mov	r6, r1
 503 000c 0340A0E1 		mov	r4, r3
 504 0010 18509DE5 		ldr	r5, [sp, #24]
 505 0014 FEFFFFEB 		bl	_ZN6tflite24PreprocessSoftmaxScalingEddiPlPi
 506 0018 002097E5 		ldr	r2, [r7]
 507 001c 0400A0E1 		mov	r0, r4
 508 0020 000A96ED 		vldr.32	s0, [r6]	@ int
 509 0024 1F1062E2 		rsb	r1, r2, #31
 510 0028 0120A0E3 		mov	r2, #1
 511 002c 1221A0E1 		lsl	r2, r2, r1
 512 0030 0510A0E1 		mov	r1, r5
 513 0034 C00BB8EE 		vcvt.f64.s32	d0, s0
 514 0038 F041BDE8 		pop	{r4, r5, r6, r7, r8, lr}
 515 003c 902A07EE 		vmov	s15, r2	@ int
 516 0040 E70BF8EE 		vcvt.f64.s32	d16, s15
 517 0044 800B80EE 		vdiv.f64	d0, d16, d0
 518 0048 FEFFFFEA 		b	_ZN6tflite35QuantizeMultiplierSmallerThanOneExpEdPlPi
 519              		.fnend
 521              		.global	__aeabi_l2d
 522              		.section	.text._ZN6tflite20CalculateInputRadiusEiii,"ax",%progbits
 523              		.align	2
 524              		.global	_ZN6tflite20CalculateInputRadiusEiii
 525              		.syntax unified
 526              		.arm
 527              		.fpu neon
 529              	_ZN6tflite20CalculateInputRadiusEiii:
 530              		.fnstart
 531              	.LFB1142:
 532              		@ args = 0, pretend = 0, frame = 0
 533              		@ frame_needed = 0, uses_anonymous_args = 0
 534 0000 0030E0E3 		mvn	r3, #0
 535 0004 70402DE9 		push	{r4, r5, r6, lr}
 536 0008 1330E0E1 		mvn	r3, r3, lsl r0
 537 000c 0140A0E3 		mov	r4, #1
 538 0010 000042E0 		sub	r0, r2, r0
 539 0014 0050A0E3 		mov	r5, #0
 540 0018 028B2DED 		vpush.64	{d8}
 541 001c 900B01EE 		vmov.32	d17[0], r0
 542 0020 0160A0E1 		mov	r6, r1
 543 0024 304B45EC 		vmov	d16, r4, r5	@ int
 544 0028 903A07EE 		vmov	s15, r3	@ int
 545 002c A00471F3 		vshl.u64	d16, d16, d17
 546 0030 E78BB8EE 		vcvt.f64.s32	d8, s15
 547 0034 300B51EC 		vmov	r0, r1, d16	@ int
 548 0038 FEFFFFEB 		bl	__aeabi_l2d
 549 003c 300B41EC 		vmov	d16, r0, r1
 550 0040 1516A0E1 		lsl	r1, r5, r6
 551 0044 203046E2 		sub	r3, r6, #32
 552 0048 1406A0E1 		lsl	r0, r4, r6
 553 004c 208B28EE 		vmul.f64	d8, d8, d16
 554 0050 141381E1 		orr	r1, r1, r4, lsl r3
 555 0054 202066E2 		rsb	r2, r6, #32
 556 0058 341281E1 		orr	r1, r1, r4, lsr r2
 557 005c FEFFFFEB 		bl	__aeabi_l2d
 558 0060 300B41EC 		vmov	d16, r0, r1
 559 0064 200B88EE 		vdiv.f64	d0, d8, d16
 560 0068 FEFFFFEB 		bl	floor
 561 006c 028BBDEC 		vldm	sp!, {d8}
 562 0070 C07BFDEE 		vcvt.s32.f64	s15, d0
 563 0074 900A17EE 		vmov	r0, s15	@ int
 564 0078 7080BDE8 		pop	{r4, r5, r6, pc}
 565              		.cantunwind
 566              		.fnend
 568              		.section	.text._ZN6tflite22NudgeQuantizationRangeEffiiPfS0_S0_,"ax",%progbits
 569              		.align	2
 570              		.global	_ZN6tflite22NudgeQuantizationRangeEffiiPfS0_S0_
 571              		.syntax unified
 572              		.arm
 573              		.fpu neon
 575              	_ZN6tflite22NudgeQuantizationRangeEffiiPfS0_S0_:
 576              		.fnstart
 577              	.LFB1143:
 578              		@ args = 4, pretend = 0, frame = 8
 579              		@ frame_needed = 0, uses_anonymous_args = 0
 580 0000 900A07EE 		vmov	s15, r0	@ int
 581 0004 70402DE9 		push	{r4, r5, r6, lr}
 582 0008 0260A0E1 		mov	r6, r2
 583 000c 048B2DED 		vpush.64	{d8, d9}
 584 0010 08D04DE2 		sub	sp, sp, #8
 585 0014 0350A0E1 		mov	r5, r3
 586 0018 E78AB8EE 		vcvt.f32.s32	s16, s15
 587 001c 901A07EE 		vmov	s15, r1	@ int
 588 0020 E78AF8EE 		vcvt.f32.s32	s17, s15
 589 0024 C00A70EE 		vsub.f32	s1, s1, s0
 590 0028 28409DE5 		ldr	r4, [sp, #40]
 591 002c 03008DE8 		stm	sp, {r0, r1}
 592 0030 C87A78EE 		vsub.f32	s15, s17, s16
 593 0034 A79A80EE 		vdiv.f32	s18, s1, s15
 594 0038 097AC0EE 		vdiv.f32	s15, s0, s18
 595 003c 009A84ED 		vstr.32	s18, [r4]
 596 0040 670A38EE 		vsub.f32	s0, s16, s15
 597 0044 C08AB4EE 		vcmpe.f32	s16, s0
 598 0048 10FAF1EE 		vmrs	APSR_nzcv, FPSCR
 599 004c 0C0000DA 		ble	.L92
 600              	.L95:
 601 0050 B010DDE1 		ldrh	r1, [sp]
 602              	.L87:
 603 0054 901A07EE 		vmov	s15, r1	@ int
 604 0058 E77AF8EE 		vcvt.f32.s32	s15, s15
 605 005c 678A38EE 		vsub.f32	s16, s16, s15
 606 0060 E77A78EE 		vsub.f32	s15, s17, s15
 607 0064 098A28EE 		vmul.f32	s16, s16, s18
 608 0068 008A86ED 		vstr.32	s16, [r6]
 609 006c 008AD4ED 		vldr.32	s17, [r4]
 610 0070 A87A67EE 		vmul.f32	s15, s15, s17
 611 0074 007AC5ED 		vstr.32	s15, [r5]
 612 0078 08D08DE2 		add	sp, sp, #8
 613              		@ sp needed
 614 007c 048BBDEC 		vldm	sp!, {d8-d9}
 615 0080 7080BDE8 		pop	{r4, r5, r6, pc}
 616              	.L92:
 617 0084 C08AF4EE 		vcmpe.f32	s17, s0
 618 0088 10FAF1EE 		vmrs	APSR_nzcv, FPSCR
 619 008c B410DD41 		ldrhmi	r1, [sp, #4]
 620 0090 EFFFFF4A 		bmi	.L87
 621 0094 FEFFFFEB 		bl	roundf
 622 0098 C07AFCEE 		vcvt.u32.f32	s15, s0
 623 009c 007ACDED 		vstr.32	s15, [sp]	@ int
 624 00a0 EAFFFFEA 		b	.L95
 625              		.cantunwind
 626              		.fnend
 628              		.section	.text._ZN6tflite17FakeQuantizeArrayEfffPKfPff,"ax",%progbits
 629              		.align	2
 630              		.global	_ZN6tflite17FakeQuantizeArrayEfffPKfPff
 631              		.syntax unified
 632              		.arm
 633              		.fpu neon
 635              	_ZN6tflite17FakeQuantizeArrayEfffPKfPff:
 636              		.fnstart
 637              	.LFB1144:
 638              		@ args = 0, pretend = 0, frame = 0
 639              		@ frame_needed = 0, uses_anonymous_args = 0
 640 0000 007AF7EE 		vmov.f32	s15, #1.0e+0
 641 0004 70402DE9 		push	{r4, r5, r6, lr}
 642 0008 0150A0E1 		mov	r5, r1
 643 000c 068B2DED 		vpush.64	{d8, d9, d10}
 644 0010 0060A0E1 		mov	r6, r0
 645 0014 0040A0E3 		mov	r4, #0
 646 0018 809AC7EE 		vdiv.f32	s19, s15, s0
 647 001c 408AF0EE 		vmov.f32	s17, s0
 648 0020 608AB0EE 		vmov.f32	s16, s1
 649 0024 419AB0EE 		vmov.f32	s18, s2
 650 0028 61AAB0EE 		vmov.f32	s20, s3
 651              	.L102:
 652 002c 904A07EE 		vmov	s15, r4	@ int
 653 0030 E77AF8EE 		vcvt.f32.s32	s15, s15
 654 0034 CA7AF4EE 		vcmpe.f32	s15, s20
 655 0038 10FAF1EE 		vmrs	APSR_nzcv, FPSCR
 656 003c 0E00005A 		bpl	.L106
 657 0040 010AB6EC 		vldmia.32	r6!, {s0}
 658 0044 014084E2 		add	r4, r4, #1
 659 0048 C80AB4EE 		vcmpe.f32	s0, s16
 660 004c 10FAF1EE 		vmrs	APSR_nzcv, FPSCR
 661 0050 480AB0DE 		vmovle.f32	s0, s16
 662 0054 C90AB4EE 		vcmpe.f32	s0, s18
 663 0058 10FAF1EE 		vmrs	APSR_nzcv, FPSCR
 664 005c 490AB05E 		vmovpl.f32	s0, s18
 665 0060 480A30EE 		vsub.f32	s0, s0, s16
 666 0064 290A20EE 		vmul.f32	s0, s0, s19
 667 0068 FEFFFFEB 		bl	roundf
 668 006c 487AF0EE 		vmov.f32	s15, s16
 669 0070 807A48EE 		vmla.f32	s15, s17, s0
 670 0074 017AE5EC 		vstmia.32	r5!, {s15}
 671 0078 EBFFFFEA 		b	.L102
 672              	.L106:
 673 007c 068BBDEC 		vldm	sp!, {d8-d10}
 674 0080 7080BDE8 		pop	{r4, r5, r6, pc}
 675              		.cantunwind
 676              		.fnend
 678              		.section	.text._ZN6tflite11CheckedLog2EfPi,"ax",%progbits
 679              		.align	2
 680              		.global	_ZN6tflite11CheckedLog2EfPi
 681              		.syntax unified
 682              		.arm
 683              		.fpu neon
 685              	_ZN6tflite11CheckedLog2EfPi:
 686              		.fnstart
 687              	.LFB1147:
 688              		@ args = 0, pretend = 0, frame = 0
 689              		@ frame_needed = 0, uses_anonymous_args = 0
 690 0000 10402DE9 		push	{r4, lr}
 691 0004 0040A0E1 		mov	r4, r0
 692 0008 028B2DED 		vpush.64	{d8}
 693 000c 0E8A9FED 		vldr.32	s16, .L110
 694 0010 FEFFFFEB 		bl	logf
 695 0014 088A20EE 		vmul.f32	s16, s0, s16
 696 0018 480AB0EE 		vmov.f32	s0, s16
 697 001c FEFFFFEB 		bl	roundf
 698 0020 C07AFDEE 		vcvt.s32.f32	s15, s0
 699 0024 408A38EE 		vsub.f32	s16, s16, s0
 700 0028 007AC4ED 		vstr.32	s15, [r4]	@ int
 701 002c 077ADFED 		vldr.32	s15, .L110+4
 702 0030 C88AB0EE 		vabs.f32	s16, s16
 703 0034 E78AB4EE 		vcmpe.f32	s16, s15
 704 0038 028BBDEC 		vldm	sp!, {d8}
 705 003c 10FAF1EE 		vmrs	APSR_nzcv, FPSCR
 706 0040 0100A043 		movmi	r0, #1
 707 0044 0000A053 		movpl	r0, #0
 708 0048 1080BDE8 		pop	{r4, pc}
 709              	.L111:
 710              		.align	2
 711              	.L110:
 712 004c 3BAAB83F 		.word	1069066811
 713 0050 6F12833A 		.word	981668463
 714              		.cantunwind
 715              		.fnend
 717              		.section	.text._ZN6tflite23QuantizeMultiplierArrayEPKdjPlPi,"ax",%progbits
 718              		.align	2
 719              		.global	_ZN6tflite23QuantizeMultiplierArrayEPKdjPlPi
 720              		.syntax unified
 721              		.arm
 722              		.fpu neon
 724              	_ZN6tflite23QuantizeMultiplierArrayEPKdjPlPi:
 725              		.fnstart
 726              	.LFB1148:
 727              		@ args = 0, pretend = 0, frame = 0
 728              		@ frame_needed = 0, uses_anonymous_args = 0
 729 0000 F0412DE9 		push	{r4, r5, r6, r7, r8, lr}
 730              		.save {r4, r5, r6, r7, r8, lr}
 731 0004 0180A0E1 		mov	r8, r1
 732 0008 0260A0E1 		mov	r6, r2
 733 000c 0370A0E1 		mov	r7, r3
 734 0010 0050A0E1 		mov	r5, r0
 735 0014 0040A0E3 		mov	r4, #0
 736              	.L114:
 737 0018 080054E1 		cmp	r4, r8
 738 001c F081BD08 		popeq	{r4, r5, r6, r7, r8, pc}
 739 0020 0401A0E1 		lsl	r0, r4, #2
 740 0024 020BB5EC 		vldmia.64	r5!, {d0}
 741 0028 014084E2 		add	r4, r4, #1
 742 002c 001087E0 		add	r1, r7, r0
 743 0030 000086E0 		add	r0, r6, r0
 744 0034 FEFFFFEB 		bl	_ZN6tflite18QuantizeMultiplierEdPlPi
 745 0038 F6FFFFEA 		b	.L114
 746              		.fnend
 748              		.ident	"GCC: (GNU Tools for ARM Embedded Processors 6-2017-q2-update) 6.3.1 20170620 (release) [AR
DEFINED SYMBOLS
                            *ABS*:00000000 quantization_util.cpp
C:\Users\a5050395\AppData\Local\Temp\ccuOiPzT.s:15     .text._ZN6tflite18QuantizeMultiplierEdPlPi:00000000 $a
C:\Users\a5050395\AppData\Local\Temp\ccuOiPzT.s:21     .text._ZN6tflite18QuantizeMultiplierEdPlPi:00000000 _ZN6tflite18QuantizeMultiplierEdPlPi
C:\Users\a5050395\AppData\Local\Temp\ccuOiPzT.s:68     .text._ZN6tflite18QuantizeMultiplierEdPlPi:00000090 $d
.ARM.exidx.text._ZN6tflite18QuantizeMultiplierEdPlPi:00000000 $d
C:\Users\a5050395\AppData\Local\Temp\ccuOiPzT.s:73     .text._ZN6tflite32QuantizeMultiplierGreaterThanOneEdPlPi:00000000 $a
C:\Users\a5050395\AppData\Local\Temp\ccuOiPzT.s:79     .text._ZN6tflite32QuantizeMultiplierGreaterThanOneEdPlPi:00000000 _ZN6tflite32QuantizeMultiplierGreaterThanOneEdPlPi
.ARM.exidx.text._ZN6tflite32QuantizeMultiplierGreaterThanOneEdPlPi:00000000 $d
C:\Users\a5050395\AppData\Local\Temp\ccuOiPzT.s:102    .text._ZN6tflite35QuantizeMultiplierSmallerThanOneExpEdPlPi:00000000 $a
C:\Users\a5050395\AppData\Local\Temp\ccuOiPzT.s:108    .text._ZN6tflite35QuantizeMultiplierSmallerThanOneExpEdPlPi:00000000 _ZN6tflite35QuantizeMultiplierSmallerThanOneExpEdPlPi
.ARM.exidx.text._ZN6tflite35QuantizeMultiplierSmallerThanOneExpEdPlPi:00000000 $d
C:\Users\a5050395\AppData\Local\Temp\ccuOiPzT.s:139    .text._ZN6tflite12IntegerFrExpEdPi:00000000 $a
C:\Users\a5050395\AppData\Local\Temp\ccuOiPzT.s:145    .text._ZN6tflite12IntegerFrExpEdPi:00000000 _ZN6tflite12IntegerFrExpEdPi
C:\Users\a5050395\AppData\Local\Temp\ccuOiPzT.s:219    .text._ZN6tflite12IntegerFrExpEdPi:000000f8 $d
.ARM.exidx.text._ZN6tflite12IntegerFrExpEdPi:00000000 $d
C:\Users\a5050395\AppData\Local\Temp\ccuOiPzT.s:226    .text._ZN6tflite26DoubleFromFractionAndShiftExi:00000000 $a
C:\Users\a5050395\AppData\Local\Temp\ccuOiPzT.s:232    .text._ZN6tflite26DoubleFromFractionAndShiftExi:00000000 _ZN6tflite26DoubleFromFractionAndShiftExi
C:\Users\a5050395\AppData\Local\Temp\ccuOiPzT.s:325    .text._ZN6tflite26DoubleFromFractionAndShiftExi:00000138 $d
.ARM.exidx.text._ZN6tflite26DoubleFromFractionAndShiftExi:00000000 $d
C:\Users\a5050395\AppData\Local\Temp\ccuOiPzT.s:340    .text._ZN6tflite21IntegerDoubleMultiplyEdd:00000000 $a
C:\Users\a5050395\AppData\Local\Temp\ccuOiPzT.s:346    .text._ZN6tflite21IntegerDoubleMultiplyEdd:00000000 _ZN6tflite21IntegerDoubleMultiplyEdd
C:\Users\a5050395\AppData\Local\Temp\ccuOiPzT.s:385    .text._ZN6tflite21IntegerDoubleMultiplyEdd:00000070 $d
.ARM.exidx.text._ZN6tflite21IntegerDoubleMultiplyEdd:00000000 $d
C:\Users\a5050395\AppData\Local\Temp\ccuOiPzT.s:391    .text._ZN6tflite20IntegerDoubleCompareEdd:00000000 $a
C:\Users\a5050395\AppData\Local\Temp\ccuOiPzT.s:397    .text._ZN6tflite20IntegerDoubleCompareEdd:00000000 _ZN6tflite20IntegerDoubleCompareEdd
.ARM.exidx.text._ZN6tflite20IntegerDoubleCompareEdd:00000000 $d
C:\Users\a5050395\AppData\Local\Temp\ccuOiPzT.s:452    .text._ZN6tflite24PreprocessSoftmaxScalingEddiPlPi:00000000 $a
C:\Users\a5050395\AppData\Local\Temp\ccuOiPzT.s:458    .text._ZN6tflite24PreprocessSoftmaxScalingEddiPlPi:00000000 _ZN6tflite24PreprocessSoftmaxScalingEddiPlPi
C:\Users\a5050395\AppData\Local\Temp\ccuOiPzT.s:482    .text._ZN6tflite24PreprocessSoftmaxScalingEddiPlPi:00000040 $d
.ARM.exidx.text._ZN6tflite24PreprocessSoftmaxScalingEddiPlPi:00000000 $d
C:\Users\a5050395\AppData\Local\Temp\ccuOiPzT.s:488    .text._ZN6tflite30PreprocessLogSoftmaxScalingExpEddiPlPiS0_S1_:00000000 $a
C:\Users\a5050395\AppData\Local\Temp\ccuOiPzT.s:494    .text._ZN6tflite30PreprocessLogSoftmaxScalingExpEddiPlPiS0_S1_:00000000 _ZN6tflite30PreprocessLogSoftmaxScalingExpEddiPlPiS0_S1_
.ARM.exidx.text._ZN6tflite30PreprocessLogSoftmaxScalingExpEddiPlPiS0_S1_:00000000 $d
C:\Users\a5050395\AppData\Local\Temp\ccuOiPzT.s:523    .text._ZN6tflite20CalculateInputRadiusEiii:00000000 $a
C:\Users\a5050395\AppData\Local\Temp\ccuOiPzT.s:529    .text._ZN6tflite20CalculateInputRadiusEiii:00000000 _ZN6tflite20CalculateInputRadiusEiii
.ARM.exidx.text._ZN6tflite20CalculateInputRadiusEiii:00000000 $d
C:\Users\a5050395\AppData\Local\Temp\ccuOiPzT.s:569    .text._ZN6tflite22NudgeQuantizationRangeEffiiPfS0_S0_:00000000 $a
C:\Users\a5050395\AppData\Local\Temp\ccuOiPzT.s:575    .text._ZN6tflite22NudgeQuantizationRangeEffiiPfS0_S0_:00000000 _ZN6tflite22NudgeQuantizationRangeEffiiPfS0_S0_
.ARM.exidx.text._ZN6tflite22NudgeQuantizationRangeEffiiPfS0_S0_:00000000 $d
C:\Users\a5050395\AppData\Local\Temp\ccuOiPzT.s:629    .text._ZN6tflite17FakeQuantizeArrayEfffPKfPff:00000000 $a
C:\Users\a5050395\AppData\Local\Temp\ccuOiPzT.s:635    .text._ZN6tflite17FakeQuantizeArrayEfffPKfPff:00000000 _ZN6tflite17FakeQuantizeArrayEfffPKfPff
.ARM.exidx.text._ZN6tflite17FakeQuantizeArrayEfffPKfPff:00000000 $d
C:\Users\a5050395\AppData\Local\Temp\ccuOiPzT.s:679    .text._ZN6tflite11CheckedLog2EfPi:00000000 $a
C:\Users\a5050395\AppData\Local\Temp\ccuOiPzT.s:685    .text._ZN6tflite11CheckedLog2EfPi:00000000 _ZN6tflite11CheckedLog2EfPi
C:\Users\a5050395\AppData\Local\Temp\ccuOiPzT.s:712    .text._ZN6tflite11CheckedLog2EfPi:0000004c $d
.ARM.exidx.text._ZN6tflite11CheckedLog2EfPi:00000000 $d
C:\Users\a5050395\AppData\Local\Temp\ccuOiPzT.s:718    .text._ZN6tflite23QuantizeMultiplierArrayEPKdjPlPi:00000000 $a
C:\Users\a5050395\AppData\Local\Temp\ccuOiPzT.s:724    .text._ZN6tflite23QuantizeMultiplierArrayEPKdjPlPi:00000000 _ZN6tflite23QuantizeMultiplierArrayEPKdjPlPi
.ARM.exidx.text._ZN6tflite23QuantizeMultiplierArrayEPKdjPlPi:00000000 $d

UNDEFINED SYMBOLS
__aeabi_d2lz
frexp
round
abort
__aeabi_unwind_cpp_pr0
__aeabi_l2d
floor
roundf
logf
