   1              		.cpu cortex-a9
   2              		.eabi_attribute 28, 1
   3              		.eabi_attribute 20, 1
   4              		.eabi_attribute 21, 1
   5              		.eabi_attribute 23, 3
   6              		.eabi_attribute 24, 1
   7              		.eabi_attribute 25, 1
   8              		.eabi_attribute 26, 1
   9              		.eabi_attribute 30, 2
  10              		.eabi_attribute 34, 0
  11              		.eabi_attribute 18, 4
  12              		.file	"r_mipi_userdef_api.c"
  13              		.section	.text.R_MIPI_CPUVAddrToSysPAddr,"ax",%progbits
  14              		.align	2
  15              		.global	R_MIPI_CPUVAddrToSysPAddr
  16              		.syntax unified
  17              		.arm
  18              		.fpu neon
  20              	R_MIPI_CPUVAddrToSysPAddr:
  21              		@ args = 0, pretend = 0, frame = 8
  22              		@ frame_needed = 0, uses_anonymous_args = 0
  23 0000 10402DE9 		push	{r4, lr}
  24 0004 08D04DE2 		sub	sp, sp, #8
  25 0008 0040A0E3 		mov	r4, #0
  26 000c 08108DE2 		add	r1, sp, #8
  27 0010 044021E5 		str	r4, [r1, #-4]!
  28 0014 FEFFFFEB 		bl	R_MMU_VAtoPA
  29 0018 040050E1 		cmp	r0, r4
  30 001c 04009D05 		ldreq	r0, [sp, #4]
  31 0020 0400A011 		movne	r0, r4
  32 0024 08D08DE2 		add	sp, sp, #8
  33              		@ sp needed
  34 0028 1080BDE8 		pop	{r4, pc}
  36              		.section	.text.R_MIPI_OnInitialize,"ax",%progbits
  37              		.align	2
  38              		.global	R_MIPI_OnInitialize
  39              		.syntax unified
  40              		.arm
  41              		.fpu neon
  43              	R_MIPI_OnInitialize:
  44              		@ args = 0, pretend = 0, frame = 8
  45              		@ frame_needed = 0, uses_anonymous_args = 0
  46 0000 FF30A0E3 		mov	r3, #255
  47 0004 04E02DE5 		str	lr, [sp, #-4]!
  48 0008 FE3C4FE3 		movt	r3, 64766
  49 000c 0CD04DE2 		sub	sp, sp, #12
  50 0010 0320A0E1 		mov	r2, r3
  51 0014 3113D3E5 		ldrb	r1, [r3, #817]	@ zero_extendqisi2
  52 0018 DF1001E2 		and	r1, r1, #223
  53 001c 3113C3E5 		strb	r1, [r3, #817]
  54 0020 3113D3E5 		ldrb	r1, [r3, #817]	@ zero_extendqisi2
  55 0024 7110EFE6 		uxtb	r1, r1
  56 0028 0710CDE5 		strb	r1, [sp, #7]
  57 002c 2D13D3E5 		ldrb	r1, [r3, #813]	@ zero_extendqisi2
  58 0030 BF1001E2 		and	r1, r1, #191
  59 0034 2D13C3E5 		strb	r1, [r3, #813]
  60 0038 2D13D3E5 		ldrb	r1, [r3, #813]	@ zero_extendqisi2
  61 003c 7110EFE6 		uxtb	r1, r1
  62 0040 0710CDE5 		strb	r1, [sp, #7]
  63 0044 CB1053E5 		ldrb	r1, [r3, #-203]	@ zero_extendqisi2
  64 0048 7F1001E2 		and	r1, r1, #127
  65 004c CB1043E5 		strb	r1, [r3, #-203]
  66              	.L7:
  67 0050 BB3052E5 		ldrb	r3, [r2, #-187]	@ zero_extendqisi2
  68 0054 800013E3 		tst	r3, #128
  69 0058 FCFFFF1A 		bne	.L7
  70 005c 001000E3 		movw	r1, #:lower16:R_MIPI_InterruptHandler
  71 0060 5700A0E3 		mov	r0, #87
  72 0064 001040E3 		movt	r1, #:upper16:R_MIPI_InterruptHandler
  73 0068 FEFFFFEB 		bl	R_INTC_RegistIntFunc
  74 006c 000050E3 		cmp	r0, #0
  75 0070 0700000A 		beq	.L16
  76              	.L9:
  77 0074 001000E3 		movw	r1, #:lower16:R_VIN_InterruptHandler
  78 0078 760FA0E3 		mov	r0, #472
  79 007c 001040E3 		movt	r1, #:upper16:R_VIN_InterruptHandler
  80 0080 FEFFFFEB 		bl	R_INTC_RegistIntFunc
  81 0084 000050E3 		cmp	r0, #0
  82 0088 0900000A 		beq	.L17
  83              	.L6:
  84 008c 0CD08DE2 		add	sp, sp, #12
  85              		@ sp needed
  86 0090 04F09DE4 		ldr	pc, [sp], #4
  87              	.L16:
  88 0094 1C10A0E3 		mov	r1, #28
  89 0098 5700A0E3 		mov	r0, #87
  90 009c FEFFFFEB 		bl	R_INTC_SetPriority
  91 00a0 000050E3 		cmp	r0, #0
  92 00a4 F2FFFF1A 		bne	.L9
  93 00a8 5700A0E3 		mov	r0, #87
  94 00ac FEFFFFEB 		bl	R_INTC_Enable
  95 00b0 EFFFFFEA 		b	.L9
  96              	.L17:
  97 00b4 1C10A0E3 		mov	r1, #28
  98 00b8 760FA0E3 		mov	r0, #472
  99 00bc FEFFFFEB 		bl	R_INTC_SetPriority
 100 00c0 000050E3 		cmp	r0, #0
 101 00c4 F0FFFF1A 		bne	.L6
 102 00c8 760FA0E3 		mov	r0, #472
 103 00cc FEFFFFEB 		bl	R_INTC_Enable
 104 00d0 0CD08DE2 		add	sp, sp, #12
 105              		@ sp needed
 106 00d4 04F09DE4 		ldr	pc, [sp], #4
 108              		.section	.text.R_MIPI_OnFinalize,"ax",%progbits
 109              		.align	2
 110              		.global	R_MIPI_OnFinalize
 111              		.syntax unified
 112              		.arm
 113              		.fpu neon
 115              	R_MIPI_OnFinalize:
 116              		@ args = 0, pretend = 0, frame = 8
 117              		@ frame_needed = 0, uses_anonymous_args = 0
 118              		@ link register save eliminated.
 119 0000 FF30A0E3 		mov	r3, #255
 120 0004 08D04DE2 		sub	sp, sp, #8
 121 0008 FE3C4FE3 		movt	r3, 64766
 122 000c CB1053E5 		ldrb	r1, [r3, #-203]	@ zero_extendqisi2
 123 0010 0320A0E1 		mov	r2, r3
 124 0014 801081E3 		orr	r1, r1, #128
 125 0018 CB1043E5 		strb	r1, [r3, #-203]
 126              	.L19:
 127 001c BB3052E5 		ldrb	r3, [r2, #-187]	@ zero_extendqisi2
 128 0020 800013E3 		tst	r3, #128
 129 0024 FCFFFF0A 		beq	.L19
 130 0028 2D33D2E5 		ldrb	r3, [r2, #813]	@ zero_extendqisi2
 131 002c 403083E3 		orr	r3, r3, #64
 132 0030 2D33C2E5 		strb	r3, [r2, #813]
 133 0034 2D33D2E5 		ldrb	r3, [r2, #813]	@ zero_extendqisi2
 134 0038 7330EFE6 		uxtb	r3, r3
 135 003c 0730CDE5 		strb	r3, [sp, #7]
 136 0040 3133D2E5 		ldrb	r3, [r2, #817]	@ zero_extendqisi2
 137 0044 203083E3 		orr	r3, r3, #32
 138 0048 3133C2E5 		strb	r3, [r2, #817]
 139 004c 3133D2E5 		ldrb	r3, [r2, #817]	@ zero_extendqisi2
 140 0050 7330EFE6 		uxtb	r3, r3
 141 0054 0730CDE5 		strb	r3, [sp, #7]
 142 0058 08D08DE2 		add	sp, sp, #8
 143              		@ sp needed
 144 005c 1EFF2FE1 		bx	lr
 146              		.ident	"GCC: (GNU Tools for ARM Embedded Processors 6-2017-q2-update) 6.3.1 20170620 (release) [AR
DEFINED SYMBOLS
                            *ABS*:00000000 r_mipi_userdef_api.c
C:\Users\a5050395\AppData\Local\Temp\ccu2YGVO.s:14     .text.R_MIPI_CPUVAddrToSysPAddr:00000000 $a
C:\Users\a5050395\AppData\Local\Temp\ccu2YGVO.s:20     .text.R_MIPI_CPUVAddrToSysPAddr:00000000 R_MIPI_CPUVAddrToSysPAddr
C:\Users\a5050395\AppData\Local\Temp\ccu2YGVO.s:37     .text.R_MIPI_OnInitialize:00000000 $a
C:\Users\a5050395\AppData\Local\Temp\ccu2YGVO.s:43     .text.R_MIPI_OnInitialize:00000000 R_MIPI_OnInitialize
C:\Users\a5050395\AppData\Local\Temp\ccu2YGVO.s:109    .text.R_MIPI_OnFinalize:00000000 $a
C:\Users\a5050395\AppData\Local\Temp\ccu2YGVO.s:115    .text.R_MIPI_OnFinalize:00000000 R_MIPI_OnFinalize

UNDEFINED SYMBOLS
R_MMU_VAtoPA
R_MIPI_InterruptHandler
R_INTC_RegistIntFunc
R_VIN_InterruptHandler
R_INTC_SetPriority
R_INTC_Enable
