   1              		.cpu cortex-a9
   2              		.eabi_attribute 28, 1
   3              		.eabi_attribute 20, 1
   4              		.eabi_attribute 21, 1
   5              		.eabi_attribute 23, 3
   6              		.eabi_attribute 24, 1
   7              		.eabi_attribute 25, 1
   8              		.eabi_attribute 26, 1
   9              		.eabi_attribute 30, 1
  10              		.eabi_attribute 34, 0
  11              		.eabi_attribute 18, 4
  12              		.file	"cpuBoardLed.c"
  13              		.text
  14              	.Ltext0:
  15              		.cfi_sections	.debug_frame
  16              		.section	.text.initCpuBoardLed,"ax",%progbits
  17              		.align	2
  18              		.global	initCpuBoardLed
  19              		.syntax unified
  20              		.arm
  21              		.fpu neon
  23              	initCpuBoardLed:
  24              	.LFB4:
  25              		.file 1 "../src/renesas/application/GR_MANGO/src/cpuBoardLed.c"
   1:../src/renesas/application/GR_MANGO/src/cpuBoardLed.c **** /*
   2:../src/renesas/application/GR_MANGO/src/cpuBoardLed.c ****  * cpuBoardLed.c
   3:../src/renesas/application/GR_MANGO/src/cpuBoardLed.c ****  *  boarad    : GR-Mango
   4:../src/renesas/application/GR_MANGO/src/cpuBoardLed.c ****  *  Created on: 24.11.2020
   5:../src/renesas/application/GR_MANGO/src/cpuBoardLed.c ****  *      Author: a5050305
   6:../src/renesas/application/GR_MANGO/src/cpuBoardLed.c ****  */
   7:../src/renesas/application/GR_MANGO/src/cpuBoardLed.c **** 
   8:../src/renesas/application/GR_MANGO/src/cpuBoardLed.c **** /******************************************************************************
   9:../src/renesas/application/GR_MANGO/src/cpuBoardLed.c **** Includes   <System Includes> , "Project Includes"
  10:../src/renesas/application/GR_MANGO/src/cpuBoardLed.c ****  ******************************************************************************/
  11:../src/renesas/application/GR_MANGO/src/cpuBoardLed.c **** 
  12:../src/renesas/application/GR_MANGO/src/cpuBoardLed.c **** #include <stdio.h>
  13:../src/renesas/application/GR_MANGO/src/cpuBoardLed.c **** #include <fcntl.h>
  14:../src/renesas/application/GR_MANGO/src/cpuBoardLed.c **** #include <string.h>
  15:../src/renesas/application/GR_MANGO/src/cpuBoardLed.c **** #include <unistd.h>
  16:../src/renesas/application/GR_MANGO/src/cpuBoardLed.c **** 
  17:../src/renesas/application/GR_MANGO/src/cpuBoardLed.c **** #include "r_typedefs.h"
  18:../src/renesas/application/GR_MANGO/src/cpuBoardLed.c **** #include "iodefine.h"
  19:../src/renesas/application/GR_MANGO/src/cpuBoardLed.c **** 
  20:../src/renesas/application/GR_MANGO/src/cpuBoardLed.c **** #include "compiler_settings.h"
  21:../src/renesas/application/GR_MANGO/src/cpuBoardLed.c **** 
  22:../src/renesas/application/GR_MANGO/src/cpuBoardLed.c **** #include "r_gpio_drv_api.h"
  23:../src/renesas/application/GR_MANGO/src/cpuBoardLed.c **** 
  24:../src/renesas/application/GR_MANGO/src/cpuBoardLed.c **** 
  25:../src/renesas/application/GR_MANGO/src/cpuBoardLed.c **** /******************************************************************************
  26:../src/renesas/application/GR_MANGO/src/cpuBoardLed.c **** Imported global variables and functions (from other files)
  27:../src/renesas/application/GR_MANGO/src/cpuBoardLed.c ****  ******************************************************************************/
  28:../src/renesas/application/GR_MANGO/src/cpuBoardLed.c **** 
  29:../src/renesas/application/GR_MANGO/src/cpuBoardLed.c **** /******************************************************************************
  30:../src/renesas/application/GR_MANGO/src/cpuBoardLed.c **** Exported global variables and functions (to be accessed by other files)
  31:../src/renesas/application/GR_MANGO/src/cpuBoardLed.c ****  ******************************************************************************/
  32:../src/renesas/application/GR_MANGO/src/cpuBoardLed.c **** 
  33:../src/renesas/application/GR_MANGO/src/cpuBoardLed.c **** /******************************************************************************
  34:../src/renesas/application/GR_MANGO/src/cpuBoardLed.c **** local global variables
  35:../src/renesas/application/GR_MANGO/src/cpuBoardLed.c ****  ******************************************************************************/
  36:../src/renesas/application/GR_MANGO/src/cpuBoardLed.c **** 
  37:../src/renesas/application/GR_MANGO/src/cpuBoardLed.c **** 
  38:../src/renesas/application/GR_MANGO/src/cpuBoardLed.c **** /**************************************************************************************************
  39:../src/renesas/application/GR_MANGO/src/cpuBoardLed.c ****  Private global variables and functions
  40:../src/renesas/application/GR_MANGO/src/cpuBoardLed.c ****  **************************************************************************************************
  41:../src/renesas/application/GR_MANGO/src/cpuBoardLed.c **** static uint32_t s_main_led_flg;      /* LED lighting/turning off */
  42:../src/renesas/application/GR_MANGO/src/cpuBoardLed.c **** static int_t s_my_gpio_handle;
  43:../src/renesas/application/GR_MANGO/src/cpuBoardLed.c **** 
  44:../src/renesas/application/GR_MANGO/src/cpuBoardLed.c **** static st_r_drv_gpio_pin_rw_t s_p01_on =
  45:../src/renesas/application/GR_MANGO/src/cpuBoardLed.c **** {
  46:../src/renesas/application/GR_MANGO/src/cpuBoardLed.c ****     GPIO_PORT_0_PIN_1,
  47:../src/renesas/application/GR_MANGO/src/cpuBoardLed.c ****     GPIO_LEVEL_HIGH,
  48:../src/renesas/application/GR_MANGO/src/cpuBoardLed.c ****     GPIO_SUCCESS
  49:../src/renesas/application/GR_MANGO/src/cpuBoardLed.c **** };
  50:../src/renesas/application/GR_MANGO/src/cpuBoardLed.c **** 
  51:../src/renesas/application/GR_MANGO/src/cpuBoardLed.c **** static st_r_drv_gpio_pin_rw_t s_p01_off =
  52:../src/renesas/application/GR_MANGO/src/cpuBoardLed.c **** {
  53:../src/renesas/application/GR_MANGO/src/cpuBoardLed.c ****     GPIO_PORT_0_PIN_1,
  54:../src/renesas/application/GR_MANGO/src/cpuBoardLed.c ****     GPIO_LEVEL_LOW,
  55:../src/renesas/application/GR_MANGO/src/cpuBoardLed.c ****     GPIO_SUCCESS
  56:../src/renesas/application/GR_MANGO/src/cpuBoardLed.c **** };
  57:../src/renesas/application/GR_MANGO/src/cpuBoardLed.c **** 
  58:../src/renesas/application/GR_MANGO/src/cpuBoardLed.c **** 
  59:../src/renesas/application/GR_MANGO/src/cpuBoardLed.c **** static st_r_drv_gpio_pin_rw_t s_p03_on =
  60:../src/renesas/application/GR_MANGO/src/cpuBoardLed.c **** {
  61:../src/renesas/application/GR_MANGO/src/cpuBoardLed.c **** 	GPIO_PORT_0_PIN_3,
  62:../src/renesas/application/GR_MANGO/src/cpuBoardLed.c ****     GPIO_LEVEL_HIGH,
  63:../src/renesas/application/GR_MANGO/src/cpuBoardLed.c ****     GPIO_SUCCESS
  64:../src/renesas/application/GR_MANGO/src/cpuBoardLed.c **** };
  65:../src/renesas/application/GR_MANGO/src/cpuBoardLed.c **** 
  66:../src/renesas/application/GR_MANGO/src/cpuBoardLed.c **** static st_r_drv_gpio_pin_rw_t s_p03_off =
  67:../src/renesas/application/GR_MANGO/src/cpuBoardLed.c **** {
  68:../src/renesas/application/GR_MANGO/src/cpuBoardLed.c **** 	GPIO_PORT_0_PIN_3,
  69:../src/renesas/application/GR_MANGO/src/cpuBoardLed.c ****     GPIO_LEVEL_LOW,
  70:../src/renesas/application/GR_MANGO/src/cpuBoardLed.c ****     GPIO_SUCCESS
  71:../src/renesas/application/GR_MANGO/src/cpuBoardLed.c **** };
  72:../src/renesas/application/GR_MANGO/src/cpuBoardLed.c **** 
  73:../src/renesas/application/GR_MANGO/src/cpuBoardLed.c **** 
  74:../src/renesas/application/GR_MANGO/src/cpuBoardLed.c **** static st_r_drv_gpio_pin_rw_t s_p05_on =
  75:../src/renesas/application/GR_MANGO/src/cpuBoardLed.c **** {
  76:../src/renesas/application/GR_MANGO/src/cpuBoardLed.c **** 	GPIO_PORT_0_PIN_5,
  77:../src/renesas/application/GR_MANGO/src/cpuBoardLed.c ****     GPIO_LEVEL_HIGH,
  78:../src/renesas/application/GR_MANGO/src/cpuBoardLed.c ****     GPIO_SUCCESS
  79:../src/renesas/application/GR_MANGO/src/cpuBoardLed.c **** };
  80:../src/renesas/application/GR_MANGO/src/cpuBoardLed.c **** 
  81:../src/renesas/application/GR_MANGO/src/cpuBoardLed.c **** static st_r_drv_gpio_pin_rw_t s_p05_off =
  82:../src/renesas/application/GR_MANGO/src/cpuBoardLed.c **** {
  83:../src/renesas/application/GR_MANGO/src/cpuBoardLed.c **** 	GPIO_PORT_0_PIN_5,
  84:../src/renesas/application/GR_MANGO/src/cpuBoardLed.c ****     GPIO_LEVEL_LOW,
  85:../src/renesas/application/GR_MANGO/src/cpuBoardLed.c ****     GPIO_SUCCESS
  86:../src/renesas/application/GR_MANGO/src/cpuBoardLed.c **** };
  87:../src/renesas/application/GR_MANGO/src/cpuBoardLed.c **** 
  88:../src/renesas/application/GR_MANGO/src/cpuBoardLed.c **** 
  89:../src/renesas/application/GR_MANGO/src/cpuBoardLed.c **** static st_r_drv_gpio_pin_rw_t s_p82_on =
  90:../src/renesas/application/GR_MANGO/src/cpuBoardLed.c **** {
  91:../src/renesas/application/GR_MANGO/src/cpuBoardLed.c **** 	GPIO_PORT_8_PIN_2,
  92:../src/renesas/application/GR_MANGO/src/cpuBoardLed.c ****     GPIO_LEVEL_HIGH,
  93:../src/renesas/application/GR_MANGO/src/cpuBoardLed.c ****     GPIO_SUCCESS
  94:../src/renesas/application/GR_MANGO/src/cpuBoardLed.c **** };
  95:../src/renesas/application/GR_MANGO/src/cpuBoardLed.c **** 
  96:../src/renesas/application/GR_MANGO/src/cpuBoardLed.c **** static st_r_drv_gpio_pin_rw_t s_p82_off =
  97:../src/renesas/application/GR_MANGO/src/cpuBoardLed.c **** {
  98:../src/renesas/application/GR_MANGO/src/cpuBoardLed.c **** 	GPIO_PORT_8_PIN_2,
  99:../src/renesas/application/GR_MANGO/src/cpuBoardLed.c ****     GPIO_LEVEL_LOW,
 100:../src/renesas/application/GR_MANGO/src/cpuBoardLed.c ****     GPIO_SUCCESS
 101:../src/renesas/application/GR_MANGO/src/cpuBoardLed.c **** };
 102:../src/renesas/application/GR_MANGO/src/cpuBoardLed.c **** 
 103:../src/renesas/application/GR_MANGO/src/cpuBoardLed.c **** 
 104:../src/renesas/application/GR_MANGO/src/cpuBoardLed.c **** static const r_gpio_port_pin_t s_led_pin_list[] =
 105:../src/renesas/application/GR_MANGO/src/cpuBoardLed.c **** {
 106:../src/renesas/application/GR_MANGO/src/cpuBoardLed.c ****     GPIO_PORT_0_PIN_1,
 107:../src/renesas/application/GR_MANGO/src/cpuBoardLed.c **** 	GPIO_PORT_0_PIN_3,
 108:../src/renesas/application/GR_MANGO/src/cpuBoardLed.c **** 	GPIO_PORT_0_PIN_5,
 109:../src/renesas/application/GR_MANGO/src/cpuBoardLed.c **** 	GPIO_PORT_8_PIN_2,
 110:../src/renesas/application/GR_MANGO/src/cpuBoardLed.c **** };
 111:../src/renesas/application/GR_MANGO/src/cpuBoardLed.c **** 
 112:../src/renesas/application/GR_MANGO/src/cpuBoardLed.c **** static st_r_drv_gpio_pin_list_t pin_led ;
 113:../src/renesas/application/GR_MANGO/src/cpuBoardLed.c **** 
 114:../src/renesas/application/GR_MANGO/src/cpuBoardLed.c **** 
 115:../src/renesas/application/GR_MANGO/src/cpuBoardLed.c **** /**************************************************************************************************
 116:../src/renesas/application/GR_MANGO/src/cpuBoardLed.c ****  * global functions
 117:../src/renesas/application/GR_MANGO/src/cpuBoardLed.c ****  **************************************************************************************************
 118:../src/renesas/application/GR_MANGO/src/cpuBoardLed.c **** 
 119:../src/renesas/application/GR_MANGO/src/cpuBoardLed.c **** /**************************************************************************************************
 120:../src/renesas/application/GR_MANGO/src/cpuBoardLed.c ****  * Function Name: initCpuLed
 121:../src/renesas/application/GR_MANGO/src/cpuBoardLed.c ****  * Description  : initialize the gpio driver andport pins PC_1, P6_0
 122:../src/renesas/application/GR_MANGO/src/cpuBoardLed.c ****  * Arguments    : none
 123:../src/renesas/application/GR_MANGO/src/cpuBoardLed.c ****  * Return Value : 0
 124:../src/renesas/application/GR_MANGO/src/cpuBoardLed.c ****  **************************************************************************************************
 125:../src/renesas/application/GR_MANGO/src/cpuBoardLed.c **** 
 126:../src/renesas/application/GR_MANGO/src/cpuBoardLed.c ****  void initCpuBoardLed(void) {
  26              		.loc 1 126 0
  27              		.cfi_startproc
  28              		@ args = 0, pretend = 0, frame = 0
  29              		@ frame_needed = 0, uses_anonymous_args = 0
  30 0000 10402DE9 		push	{r4, lr}
  31              		.cfi_def_cfa_offset 8
  32              		.cfi_offset 4, -8
  33              		.cfi_offset 14, -4
 127:../src/renesas/application/GR_MANGO/src/cpuBoardLed.c ****           int_t err;
 128:../src/renesas/application/GR_MANGO/src/cpuBoardLed.c **** 
 129:../src/renesas/application/GR_MANGO/src/cpuBoardLed.c ****          /* For information only
 130:../src/renesas/application/GR_MANGO/src/cpuBoardLed.c ****           * Use stdio calls to open drivers once  the kernel is initialised
 131:../src/renesas/application/GR_MANGO/src/cpuBoardLed.c ****           *
 132:../src/renesas/application/GR_MANGO/src/cpuBoardLed.c ****           * i.e.
 133:../src/renesas/application/GR_MANGO/src/cpuBoardLed.c ****           * int_t ostm3_handle;
 134:../src/renesas/application/GR_MANGO/src/cpuBoardLed.c ****           * ostm3_handle = open (DEVICE_INDENTIFIER "ostm2", O_RDWR);
 135:../src/renesas/application/GR_MANGO/src/cpuBoardLed.c ****           * close (ostm3_handle);
 136:../src/renesas/application/GR_MANGO/src/cpuBoardLed.c ****           */
 137:../src/renesas/application/GR_MANGO/src/cpuBoardLed.c **** 
 138:../src/renesas/application/GR_MANGO/src/cpuBoardLed.c ****           s_my_gpio_handle = open(DEVICE_INDENTIFIER "gpio", O_RDWR);
  34              		.loc 1 138 0
  35 0004 0210A0E3 		mov	r1, #2
  36 0008 000000E3 		movw	r0, #:lower16:.LC0
  37 000c 000040E3 		movt	r0, #:upper16:.LC0
  38 0010 FEFFFFEB 		bl	open
  39              	.LVL0:
  40 0014 003000E3 		movw	r3, #:lower16:.LANCHOR0
  41 0018 003040E3 		movt	r3, #:upper16:.LANCHOR0
  42 001c 000083E5 		str	r0, [r3]
 139:../src/renesas/application/GR_MANGO/src/cpuBoardLed.c **** 
 140:../src/renesas/application/GR_MANGO/src/cpuBoardLed.c ****           /* On error */
 141:../src/renesas/application/GR_MANGO/src/cpuBoardLed.c ****           if (s_my_gpio_handle < 0) {
  43              		.loc 1 141 0
  44 0020 000050E3 		cmp	r0, #0
  45 0024 010000AA 		bge	.L2
  46              	.L3:
  47              	.LBB6:
  48              	.LBB7:
  49              		.file 2 "C:/Renesas/e2studio_2021_01_workspace_RZA2M_ANPR/ANPR_RZA2M_GR_MANGO/generate/compiler/in
   1:C:/Renesas/e2studio_2021_01_workspace_RZA2M_ANPR/ANPR_RZA2M_GR_MANGO/generate/compiler/inc\r_compiler_abstraction_api.h **** /**************************************************************************************************
   2:C:/Renesas/e2studio_2021_01_workspace_RZA2M_ANPR/ANPR_RZA2M_GR_MANGO/generate/compiler/inc\r_compiler_abstraction_api.h ****  * DISCLAIMER
   3:C:/Renesas/e2studio_2021_01_workspace_RZA2M_ANPR/ANPR_RZA2M_GR_MANGO/generate/compiler/inc\r_compiler_abstraction_api.h ****  * This software is supplied by Renesas Electronics Corporation and is only intended for use with R
   4:C:/Renesas/e2studio_2021_01_workspace_RZA2M_ANPR/ANPR_RZA2M_GR_MANGO/generate/compiler/inc\r_compiler_abstraction_api.h ****  * other uses are authorized. This software is owned by Renesas Electronics Corporation and is prot
   5:C:/Renesas/e2studio_2021_01_workspace_RZA2M_ANPR/ANPR_RZA2M_GR_MANGO/generate/compiler/inc\r_compiler_abstraction_api.h ****  * applicable laws, including copyright laws.
   6:C:/Renesas/e2studio_2021_01_workspace_RZA2M_ANPR/ANPR_RZA2M_GR_MANGO/generate/compiler/inc\r_compiler_abstraction_api.h ****  * THIS SOFTWARE IS PROVIDED "AS IS" AND RENESAS MAKES NO WARRANTIES REGARDING
   7:C:/Renesas/e2studio_2021_01_workspace_RZA2M_ANPR/ANPR_RZA2M_GR_MANGO/generate/compiler/inc\r_compiler_abstraction_api.h ****  * THIS SOFTWARE, WHETHER EXPRESS, IMPLIED OR STATUTORY, INCLUDING BUT NOT LIMITED TO WARRANTIES OF
   8:C:/Renesas/e2studio_2021_01_workspace_RZA2M_ANPR/ANPR_RZA2M_GR_MANGO/generate/compiler/inc\r_compiler_abstraction_api.h ****  * FITNESS FOR A PARTICULAR PURPOSE AND NON-INFRINGEMENT. ALL SUCH WARRANTIES ARE EXPRESSLY DISCLAI
   9:C:/Renesas/e2studio_2021_01_workspace_RZA2M_ANPR/ANPR_RZA2M_GR_MANGO/generate/compiler/inc\r_compiler_abstraction_api.h ****  * EXTENT PERMITTED NOT PROHIBITED BY LAW, NEITHER RENESAS ELECTRONICS CORPORATION NOR ANY OF ITS A
  10:C:/Renesas/e2studio_2021_01_workspace_RZA2M_ANPR/ANPR_RZA2M_GR_MANGO/generate/compiler/inc\r_compiler_abstraction_api.h ****  * SHALL BE LIABLE FOR ANY DIRECT, INDIRECT, SPECIAL, INCIDENTAL OR CONSEQUENTIAL DAMAGES FOR ANY R
  11:C:/Renesas/e2studio_2021_01_workspace_RZA2M_ANPR/ANPR_RZA2M_GR_MANGO/generate/compiler/inc\r_compiler_abstraction_api.h ****  * SOFTWARE, EVEN IF RENESAS OR ITS AFFILIATES HAVE BEEN ADVISED OF THE POSSIBILITY OF SUCH DAMAGES
  12:C:/Renesas/e2studio_2021_01_workspace_RZA2M_ANPR/ANPR_RZA2M_GR_MANGO/generate/compiler/inc\r_compiler_abstraction_api.h ****  * Renesas reserves the right, without notice, to make changes to this software and to discontinue 
  13:C:/Renesas/e2studio_2021_01_workspace_RZA2M_ANPR/ANPR_RZA2M_GR_MANGO/generate/compiler/inc\r_compiler_abstraction_api.h ****  * this software. By using this software, you agree to the additional terms and conditions found by
  14:C:/Renesas/e2studio_2021_01_workspace_RZA2M_ANPR/ANPR_RZA2M_GR_MANGO/generate/compiler/inc\r_compiler_abstraction_api.h ****  * following link:
  15:C:/Renesas/e2studio_2021_01_workspace_RZA2M_ANPR/ANPR_RZA2M_GR_MANGO/generate/compiler/inc\r_compiler_abstraction_api.h ****  * http://www.renesas.com/disclaimer
  16:C:/Renesas/e2studio_2021_01_workspace_RZA2M_ANPR/ANPR_RZA2M_GR_MANGO/generate/compiler/inc\r_compiler_abstraction_api.h ****  *
  17:C:/Renesas/e2studio_2021_01_workspace_RZA2M_ANPR/ANPR_RZA2M_GR_MANGO/generate/compiler/inc\r_compiler_abstraction_api.h ****  * Copyright (C) 2020 Renesas Electronics Corporation. All rights reserved.
  18:C:/Renesas/e2studio_2021_01_workspace_RZA2M_ANPR/ANPR_RZA2M_GR_MANGO/generate/compiler/inc\r_compiler_abstraction_api.h ****  **************************************************************************************************
  19:C:/Renesas/e2studio_2021_01_workspace_RZA2M_ANPR/ANPR_RZA2M_GR_MANGO/generate/compiler/inc\r_compiler_abstraction_api.h **** /**************************************************************************************************
  20:C:/Renesas/e2studio_2021_01_workspace_RZA2M_ANPR/ANPR_RZA2M_GR_MANGO/generate/compiler/inc\r_compiler_abstraction_api.h ****  * File Name    : r_compiler_abstraction_api.h
  21:C:/Renesas/e2studio_2021_01_workspace_RZA2M_ANPR/ANPR_RZA2M_GR_MANGO/generate/compiler/inc\r_compiler_abstraction_api.h ****  * Description  : Provides a common API for frequently used compiler specific operations
  22:C:/Renesas/e2studio_2021_01_workspace_RZA2M_ANPR/ANPR_RZA2M_GR_MANGO/generate/compiler/inc\r_compiler_abstraction_api.h ****  **************************************************************************************************
  23:C:/Renesas/e2studio_2021_01_workspace_RZA2M_ANPR/ANPR_RZA2M_GR_MANGO/generate/compiler/inc\r_compiler_abstraction_api.h **** #include  "r_typedefs.h"
  24:C:/Renesas/e2studio_2021_01_workspace_RZA2M_ANPR/ANPR_RZA2M_GR_MANGO/generate/compiler/inc\r_compiler_abstraction_api.h **** 
  25:C:/Renesas/e2studio_2021_01_workspace_RZA2M_ANPR/ANPR_RZA2M_GR_MANGO/generate/compiler/inc\r_compiler_abstraction_api.h **** #ifndef SRC_PRV_RENESAS_COMPILER_INC_R_COMPILER_ABSTRACTION_API_H_
  26:C:/Renesas/e2studio_2021_01_workspace_RZA2M_ANPR/ANPR_RZA2M_GR_MANGO/generate/compiler/inc\r_compiler_abstraction_api.h **** #define SRC_PRV_RENESAS_COMPILER_INC_R_COMPILER_ABSTRACTION_API_H_
  27:C:/Renesas/e2studio_2021_01_workspace_RZA2M_ANPR/ANPR_RZA2M_GR_MANGO/generate/compiler/inc\r_compiler_abstraction_api.h **** 
  28:C:/Renesas/e2studio_2021_01_workspace_RZA2M_ANPR/ANPR_RZA2M_GR_MANGO/generate/compiler/inc\r_compiler_abstraction_api.h **** /* Macro is used to declare linkage to a function as weak so that it can be overridden by a normall
  29:C:/Renesas/e2studio_2021_01_workspace_RZA2M_ANPR/ANPR_RZA2M_GR_MANGO/generate/compiler/inc\r_compiler_abstraction_api.h ****  * Update this when using a different compiler. */
  30:C:/Renesas/e2studio_2021_01_workspace_RZA2M_ANPR/ANPR_RZA2M_GR_MANGO/generate/compiler/inc\r_compiler_abstraction_api.h **** #define R_COMPILER_WEAK __attribute__((weak))
  31:C:/Renesas/e2studio_2021_01_workspace_RZA2M_ANPR/ANPR_RZA2M_GR_MANGO/generate/compiler/inc\r_compiler_abstraction_api.h **** 
  32:C:/Renesas/e2studio_2021_01_workspace_RZA2M_ANPR/ANPR_RZA2M_GR_MANGO/generate/compiler/inc\r_compiler_abstraction_api.h **** #define R_COMPILER_INLINE static inline
  33:C:/Renesas/e2studio_2021_01_workspace_RZA2M_ANPR/ANPR_RZA2M_GR_MANGO/generate/compiler/inc\r_compiler_abstraction_api.h **** 
  34:C:/Renesas/e2studio_2021_01_workspace_RZA2M_ANPR/ANPR_RZA2M_GR_MANGO/generate/compiler/inc\r_compiler_abstraction_api.h **** extern void __enable_irq (void);
  35:C:/Renesas/e2studio_2021_01_workspace_RZA2M_ANPR/ANPR_RZA2M_GR_MANGO/generate/compiler/inc\r_compiler_abstraction_api.h **** extern uint32_t __disable_irq (void);
  36:C:/Renesas/e2studio_2021_01_workspace_RZA2M_ANPR/ANPR_RZA2M_GR_MANGO/generate/compiler/inc\r_compiler_abstraction_api.h **** extern void __enable_fiq (void);
  37:C:/Renesas/e2studio_2021_01_workspace_RZA2M_ANPR/ANPR_RZA2M_GR_MANGO/generate/compiler/inc\r_compiler_abstraction_api.h **** extern void __disable_fiq (void);
  38:C:/Renesas/e2studio_2021_01_workspace_RZA2M_ANPR/ANPR_RZA2M_GR_MANGO/generate/compiler/inc\r_compiler_abstraction_api.h **** 
  39:C:/Renesas/e2studio_2021_01_workspace_RZA2M_ANPR/ANPR_RZA2M_GR_MANGO/generate/compiler/inc\r_compiler_abstraction_api.h **** /**************************************************************************************************
  40:C:/Renesas/e2studio_2021_01_workspace_RZA2M_ANPR/ANPR_RZA2M_GR_MANGO/generate/compiler/inc\r_compiler_abstraction_api.h ****  * Function Name: R_COMPILER_Nop
  41:C:/Renesas/e2studio_2021_01_workspace_RZA2M_ANPR/ANPR_RZA2M_GR_MANGO/generate/compiler/inc\r_compiler_abstraction_api.h ****  * Description  : Abstracting a compiler No Operation opcode into a C function. Update this when us
  42:C:/Renesas/e2studio_2021_01_workspace_RZA2M_ANPR/ANPR_RZA2M_GR_MANGO/generate/compiler/inc\r_compiler_abstraction_api.h ****  *                compiler.
  43:C:/Renesas/e2studio_2021_01_workspace_RZA2M_ANPR/ANPR_RZA2M_GR_MANGO/generate/compiler/inc\r_compiler_abstraction_api.h ****  * Return Value : None.
  44:C:/Renesas/e2studio_2021_01_workspace_RZA2M_ANPR/ANPR_RZA2M_GR_MANGO/generate/compiler/inc\r_compiler_abstraction_api.h ****  **************************************************************************************************
  45:C:/Renesas/e2studio_2021_01_workspace_RZA2M_ANPR/ANPR_RZA2M_GR_MANGO/generate/compiler/inc\r_compiler_abstraction_api.h **** R_COMPILER_INLINE void R_COMPILER_Nop (void)
  46:C:/Renesas/e2studio_2021_01_workspace_RZA2M_ANPR/ANPR_RZA2M_GR_MANGO/generate/compiler/inc\r_compiler_abstraction_api.h ****     {
  47:C:/Renesas/e2studio_2021_01_workspace_RZA2M_ANPR/ANPR_RZA2M_GR_MANGO/generate/compiler/inc\r_compiler_abstraction_api.h ****         __asm volatile ("nop");
  50              		.loc 2 47 0 discriminator 1
  51              		.syntax divided
  52              	@ 47 "C:/Renesas/e2studio_2021_01_workspace_RZA2M_ANPR/ANPR_RZA2M_GR_MANGO/generate/compiler/inc/r_
  53 0028 00F020E3 		nop
  54              	@ 0 "" 2
  55              		.arm
  56              		.syntax unified
  57 002c FDFFFFEA 		b	.L3
  58              	.L2:
  59              	.LBE7:
  60              	.LBE6:
 142:../src/renesas/application/GR_MANGO/src/cpuBoardLed.c ****              /* stop execute */
 143:../src/renesas/application/GR_MANGO/src/cpuBoardLed.c ****              while (1) {
 144:../src/renesas/application/GR_MANGO/src/cpuBoardLed.c ****                  R_COMPILER_Nop();
 145:../src/renesas/application/GR_MANGO/src/cpuBoardLed.c ****              }
 146:../src/renesas/application/GR_MANGO/src/cpuBoardLed.c ****            }
 147:../src/renesas/application/GR_MANGO/src/cpuBoardLed.c **** 
 148:../src/renesas/application/GR_MANGO/src/cpuBoardLed.c ****            pin_led.p_pin_list = s_led_pin_list;
  61              		.loc 1 148 0
  62 0030 002000E3 		movw	r2, #:lower16:.LANCHOR1
  63 0034 002040E3 		movt	r2, #:upper16:.LANCHOR1
  64 0038 003000E3 		movw	r3, #:lower16:.LANCHOR2
  65 003c 003040E3 		movt	r3, #:upper16:.LANCHOR2
  66 0040 003082E5 		str	r3, [r2]
 149:../src/renesas/application/GR_MANGO/src/cpuBoardLed.c ****            pin_led.count = (sizeof(s_led_pin_list)) / (sizeof(s_led_pin_list[0]));
  67              		.loc 1 149 0
  68 0044 0430A0E3 		mov	r3, #4
  69 0048 043082E5 		str	r3, [r2, #4]
 150:../src/renesas/application/GR_MANGO/src/cpuBoardLed.c ****            err = direct_control(s_my_gpio_handle, CTL_GPIO_INIT_BY_PIN_LIST, &pin_led);
  70              		.loc 1 150 0
  71 004c 0210A0E3 		mov	r1, #2
  72 0050 FEFFFFEB 		bl	direct_control
  73              	.LVL1:
 151:../src/renesas/application/GR_MANGO/src/cpuBoardLed.c **** 
 152:../src/renesas/application/GR_MANGO/src/cpuBoardLed.c ****            /* On error */
 153:../src/renesas/application/GR_MANGO/src/cpuBoardLed.c ****             if (err < 0)
  74              		.loc 1 153 0
  75 0054 000050E3 		cmp	r0, #0
  76 0058 1080BDA8 		popge	{r4, pc}
  77              	.L5:
  78              	.LBB8:
  79              	.LBB9:
  80              		.loc 2 47 0 discriminator 1
  81              		.syntax divided
  82              	@ 47 "C:/Renesas/e2studio_2021_01_workspace_RZA2M_ANPR/ANPR_RZA2M_GR_MANGO/generate/compiler/inc/r_
  83 005c 00F020E3 		nop
  84              	@ 0 "" 2
  85              		.arm
  86              		.syntax unified
  87 0060 FDFFFFEA 		b	.L5
  88              	.LBE9:
  89              	.LBE8:
  90              		.cfi_endproc
  91              	.LFE4:
  93              		.section	.text.cpuBoardLedGreen,"ax",%progbits
  94              		.align	2
  95              		.global	cpuBoardLedGreen
  96              		.syntax unified
  97              		.arm
  98              		.fpu neon
 100              	cpuBoardLedGreen:
 101              	.LFB5:
 154:../src/renesas/application/GR_MANGO/src/cpuBoardLed.c ****             {
 155:../src/renesas/application/GR_MANGO/src/cpuBoardLed.c ****                 /* stop execute */
 156:../src/renesas/application/GR_MANGO/src/cpuBoardLed.c ****                 while (1)
 157:../src/renesas/application/GR_MANGO/src/cpuBoardLed.c ****                 {
 158:../src/renesas/application/GR_MANGO/src/cpuBoardLed.c ****                     R_COMPILER_Nop();
 159:../src/renesas/application/GR_MANGO/src/cpuBoardLed.c ****                 }
 160:../src/renesas/application/GR_MANGO/src/cpuBoardLed.c ****             }
 161:../src/renesas/application/GR_MANGO/src/cpuBoardLed.c ****         }
 162:../src/renesas/application/GR_MANGO/src/cpuBoardLed.c **** 
 163:../src/renesas/application/GR_MANGO/src/cpuBoardLed.c **** 
 164:../src/renesas/application/GR_MANGO/src/cpuBoardLed.c **** 
 165:../src/renesas/application/GR_MANGO/src/cpuBoardLed.c **** /**************************************************************************************************
 166:../src/renesas/application/GR_MANGO/src/cpuBoardLed.c ****  * Function Name: cpuBoardLedGreen
 167:../src/renesas/application/GR_MANGO/src/cpuBoardLed.c ****  * Description  : switch the green LED on/off (if the red LED is on the green LED looks like yellow
 168:../src/renesas/application/GR_MANGO/src/cpuBoardLed.c ****  * Arguments    : drive (0-off, 1-on)
 169:../src/renesas/application/GR_MANGO/src/cpuBoardLed.c ****  * Return Value : -
 170:../src/renesas/application/GR_MANGO/src/cpuBoardLed.c ****  **************************************************************************************************
 171:../src/renesas/application/GR_MANGO/src/cpuBoardLed.c **** void cpuBoardLedGreen ( int_t drive ) {
 102              		.loc 1 171 0
 103              		.cfi_startproc
 104              		@ args = 0, pretend = 0, frame = 0
 105              		@ frame_needed = 0, uses_anonymous_args = 0
 106              	.LVL2:
 107 0000 10402DE9 		push	{r4, lr}
 108              		.cfi_def_cfa_offset 8
 109              		.cfi_offset 4, -8
 110              		.cfi_offset 14, -4
 172:../src/renesas/application/GR_MANGO/src/cpuBoardLed.c **** 	if ( drive ) {
 111              		.loc 1 172 0
 112 0004 000050E3 		cmp	r0, #0
 113 0008 0700001A 		bne	.L11
 173:../src/renesas/application/GR_MANGO/src/cpuBoardLed.c **** 		direct_control(s_my_gpio_handle, CTL_GPIO_PIN_WRITE, &s_p01_on);
 174:../src/renesas/application/GR_MANGO/src/cpuBoardLed.c **** 	} else {
 175:../src/renesas/application/GR_MANGO/src/cpuBoardLed.c **** 		direct_control(s_my_gpio_handle, CTL_GPIO_PIN_WRITE, &s_p01_off);
 114              		.loc 1 175 0
 115 000c 003000E3 		movw	r3, #:lower16:.LANCHOR0
 116 0010 003040E3 		movt	r3, #:upper16:.LANCHOR0
 117 0014 002000E3 		movw	r2, #:lower16:.LANCHOR4
 118 0018 002040E3 		movt	r2, #:upper16:.LANCHOR4
 119 001c 0810A0E3 		mov	r1, #8
 120 0020 000093E5 		ldr	r0, [r3]
 121              	.LVL3:
 122 0024 FEFFFFEB 		bl	direct_control
 123              	.LVL4:
 124 0028 1080BDE8 		pop	{r4, pc}
 125              	.LVL5:
 126              	.L11:
 173:../src/renesas/application/GR_MANGO/src/cpuBoardLed.c **** 		direct_control(s_my_gpio_handle, CTL_GPIO_PIN_WRITE, &s_p01_on);
 127              		.loc 1 173 0
 128 002c 003000E3 		movw	r3, #:lower16:.LANCHOR0
 129 0030 003040E3 		movt	r3, #:upper16:.LANCHOR0
 130 0034 002000E3 		movw	r2, #:lower16:.LANCHOR3
 131 0038 002040E3 		movt	r2, #:upper16:.LANCHOR3
 132 003c 0810A0E3 		mov	r1, #8
 133 0040 000093E5 		ldr	r0, [r3]
 134              	.LVL6:
 135 0044 FEFFFFEB 		bl	direct_control
 136              	.LVL7:
 137 0048 1080BDE8 		pop	{r4, pc}
 138              		.cfi_endproc
 139              	.LFE5:
 141              		.section	.text.cpuBoardLedYellow,"ax",%progbits
 142              		.align	2
 143              		.global	cpuBoardLedYellow
 144              		.syntax unified
 145              		.arm
 146              		.fpu neon
 148              	cpuBoardLedYellow:
 149              	.LFB6:
 176:../src/renesas/application/GR_MANGO/src/cpuBoardLed.c **** 	}
 177:../src/renesas/application/GR_MANGO/src/cpuBoardLed.c **** }
 178:../src/renesas/application/GR_MANGO/src/cpuBoardLed.c **** 
 179:../src/renesas/application/GR_MANGO/src/cpuBoardLed.c **** 
 180:../src/renesas/application/GR_MANGO/src/cpuBoardLed.c **** /**************************************************************************************************
 181:../src/renesas/application/GR_MANGO/src/cpuBoardLed.c ****  * Function Name: cpuBoardLedYellow
 182:../src/renesas/application/GR_MANGO/src/cpuBoardLed.c ****  * Description  : switch the green LED on/off (if the red LED is on the green LED looks like yellow
 183:../src/renesas/application/GR_MANGO/src/cpuBoardLed.c ****  * Arguments    : drive (0-off, 1-on)
 184:../src/renesas/application/GR_MANGO/src/cpuBoardLed.c ****  * Return Value : -
 185:../src/renesas/application/GR_MANGO/src/cpuBoardLed.c ****  **************************************************************************************************
 186:../src/renesas/application/GR_MANGO/src/cpuBoardLed.c **** void cpuBoardLedYellow ( int_t drive ) {
 150              		.loc 1 186 0
 151              		.cfi_startproc
 152              		@ args = 0, pretend = 0, frame = 0
 153              		@ frame_needed = 0, uses_anonymous_args = 0
 154              	.LVL8:
 155 0000 10402DE9 		push	{r4, lr}
 156              		.cfi_def_cfa_offset 8
 157              		.cfi_offset 4, -8
 158              		.cfi_offset 14, -4
 187:../src/renesas/application/GR_MANGO/src/cpuBoardLed.c **** 	if ( drive ) {
 159              		.loc 1 187 0
 160 0004 000050E3 		cmp	r0, #0
 161 0008 0700001A 		bne	.L16
 188:../src/renesas/application/GR_MANGO/src/cpuBoardLed.c **** 		direct_control(s_my_gpio_handle, CTL_GPIO_PIN_WRITE, &s_p03_on);
 189:../src/renesas/application/GR_MANGO/src/cpuBoardLed.c **** 	} else {
 190:../src/renesas/application/GR_MANGO/src/cpuBoardLed.c **** 		direct_control(s_my_gpio_handle, CTL_GPIO_PIN_WRITE, &s_p03_off);
 162              		.loc 1 190 0
 163 000c 003000E3 		movw	r3, #:lower16:.LANCHOR0
 164 0010 003040E3 		movt	r3, #:upper16:.LANCHOR0
 165 0014 002000E3 		movw	r2, #:lower16:.LANCHOR6
 166 0018 002040E3 		movt	r2, #:upper16:.LANCHOR6
 167 001c 0810A0E3 		mov	r1, #8
 168 0020 000093E5 		ldr	r0, [r3]
 169              	.LVL9:
 170 0024 FEFFFFEB 		bl	direct_control
 171              	.LVL10:
 172 0028 1080BDE8 		pop	{r4, pc}
 173              	.LVL11:
 174              	.L16:
 188:../src/renesas/application/GR_MANGO/src/cpuBoardLed.c **** 		direct_control(s_my_gpio_handle, CTL_GPIO_PIN_WRITE, &s_p03_on);
 175              		.loc 1 188 0
 176 002c 003000E3 		movw	r3, #:lower16:.LANCHOR0
 177 0030 003040E3 		movt	r3, #:upper16:.LANCHOR0
 178 0034 002000E3 		movw	r2, #:lower16:.LANCHOR5
 179 0038 002040E3 		movt	r2, #:upper16:.LANCHOR5
 180 003c 0810A0E3 		mov	r1, #8
 181 0040 000093E5 		ldr	r0, [r3]
 182              	.LVL12:
 183 0044 FEFFFFEB 		bl	direct_control
 184              	.LVL13:
 185 0048 1080BDE8 		pop	{r4, pc}
 186              		.cfi_endproc
 187              	.LFE6:
 189              		.section	.text.cpuBoardLedOrange,"ax",%progbits
 190              		.align	2
 191              		.global	cpuBoardLedOrange
 192              		.syntax unified
 193              		.arm
 194              		.fpu neon
 196              	cpuBoardLedOrange:
 197              	.LFB7:
 191:../src/renesas/application/GR_MANGO/src/cpuBoardLed.c **** 	}
 192:../src/renesas/application/GR_MANGO/src/cpuBoardLed.c **** }
 193:../src/renesas/application/GR_MANGO/src/cpuBoardLed.c **** 
 194:../src/renesas/application/GR_MANGO/src/cpuBoardLed.c **** /**************************************************************************************************
 195:../src/renesas/application/GR_MANGO/src/cpuBoardLed.c ****  * Function Name: cpuBoardLedOrange
 196:../src/renesas/application/GR_MANGO/src/cpuBoardLed.c ****  * Description  : switch the green LED on/off (if the red LED is on the green LED looks like yellow
 197:../src/renesas/application/GR_MANGO/src/cpuBoardLed.c ****  * Arguments    : drive (0-off, 1-on)
 198:../src/renesas/application/GR_MANGO/src/cpuBoardLed.c ****  * Return Value : -
 199:../src/renesas/application/GR_MANGO/src/cpuBoardLed.c ****  **************************************************************************************************
 200:../src/renesas/application/GR_MANGO/src/cpuBoardLed.c **** void cpuBoardLedOrange ( int_t drive ) {
 198              		.loc 1 200 0
 199              		.cfi_startproc
 200              		@ args = 0, pretend = 0, frame = 0
 201              		@ frame_needed = 0, uses_anonymous_args = 0
 202              	.LVL14:
 203 0000 10402DE9 		push	{r4, lr}
 204              		.cfi_def_cfa_offset 8
 205              		.cfi_offset 4, -8
 206              		.cfi_offset 14, -4
 201:../src/renesas/application/GR_MANGO/src/cpuBoardLed.c **** 	if ( drive ) {
 207              		.loc 1 201 0
 208 0004 000050E3 		cmp	r0, #0
 209 0008 0700001A 		bne	.L21
 202:../src/renesas/application/GR_MANGO/src/cpuBoardLed.c **** 		direct_control(s_my_gpio_handle, CTL_GPIO_PIN_WRITE, &s_p05_on);
 203:../src/renesas/application/GR_MANGO/src/cpuBoardLed.c **** 	} else {
 204:../src/renesas/application/GR_MANGO/src/cpuBoardLed.c **** 		direct_control(s_my_gpio_handle, CTL_GPIO_PIN_WRITE, &s_p05_off);
 210              		.loc 1 204 0
 211 000c 003000E3 		movw	r3, #:lower16:.LANCHOR0
 212 0010 003040E3 		movt	r3, #:upper16:.LANCHOR0
 213 0014 002000E3 		movw	r2, #:lower16:.LANCHOR8
 214 0018 002040E3 		movt	r2, #:upper16:.LANCHOR8
 215 001c 0810A0E3 		mov	r1, #8
 216 0020 000093E5 		ldr	r0, [r3]
 217              	.LVL15:
 218 0024 FEFFFFEB 		bl	direct_control
 219              	.LVL16:
 220 0028 1080BDE8 		pop	{r4, pc}
 221              	.LVL17:
 222              	.L21:
 202:../src/renesas/application/GR_MANGO/src/cpuBoardLed.c **** 		direct_control(s_my_gpio_handle, CTL_GPIO_PIN_WRITE, &s_p05_on);
 223              		.loc 1 202 0
 224 002c 003000E3 		movw	r3, #:lower16:.LANCHOR0
 225 0030 003040E3 		movt	r3, #:upper16:.LANCHOR0
 226 0034 002000E3 		movw	r2, #:lower16:.LANCHOR7
 227 0038 002040E3 		movt	r2, #:upper16:.LANCHOR7
 228 003c 0810A0E3 		mov	r1, #8
 229 0040 000093E5 		ldr	r0, [r3]
 230              	.LVL18:
 231 0044 FEFFFFEB 		bl	direct_control
 232              	.LVL19:
 233 0048 1080BDE8 		pop	{r4, pc}
 234              		.cfi_endproc
 235              	.LFE7:
 237              		.section	.text.cpuBoardLedRed,"ax",%progbits
 238              		.align	2
 239              		.global	cpuBoardLedRed
 240              		.syntax unified
 241              		.arm
 242              		.fpu neon
 244              	cpuBoardLedRed:
 245              	.LFB8:
 205:../src/renesas/application/GR_MANGO/src/cpuBoardLed.c **** 	}
 206:../src/renesas/application/GR_MANGO/src/cpuBoardLed.c **** }
 207:../src/renesas/application/GR_MANGO/src/cpuBoardLed.c **** 
 208:../src/renesas/application/GR_MANGO/src/cpuBoardLed.c **** /**************************************************************************************************
 209:../src/renesas/application/GR_MANGO/src/cpuBoardLed.c ****  * Function Name: cpuBoardLedRed
 210:../src/renesas/application/GR_MANGO/src/cpuBoardLed.c ****  * Description  : switch the red LED on/off
 211:../src/renesas/application/GR_MANGO/src/cpuBoardLed.c ****  * Arguments    : drive (0-off, 1-on)
 212:../src/renesas/application/GR_MANGO/src/cpuBoardLed.c ****  * Return Value : -
 213:../src/renesas/application/GR_MANGO/src/cpuBoardLed.c ****  **************************************************************************************************
 214:../src/renesas/application/GR_MANGO/src/cpuBoardLed.c **** void cpuBoardLedRed ( int_t drive ) {
 246              		.loc 1 214 0
 247              		.cfi_startproc
 248              		@ args = 0, pretend = 0, frame = 0
 249              		@ frame_needed = 0, uses_anonymous_args = 0
 250              	.LVL20:
 251 0000 10402DE9 		push	{r4, lr}
 252              		.cfi_def_cfa_offset 8
 253              		.cfi_offset 4, -8
 254              		.cfi_offset 14, -4
 215:../src/renesas/application/GR_MANGO/src/cpuBoardLed.c **** 	if ( drive ) {
 255              		.loc 1 215 0
 256 0004 000050E3 		cmp	r0, #0
 257 0008 0700001A 		bne	.L26
 216:../src/renesas/application/GR_MANGO/src/cpuBoardLed.c **** 		direct_control(s_my_gpio_handle, CTL_GPIO_PIN_WRITE, &s_p82_on);
 217:../src/renesas/application/GR_MANGO/src/cpuBoardLed.c **** 	} else {
 218:../src/renesas/application/GR_MANGO/src/cpuBoardLed.c **** 		direct_control(s_my_gpio_handle, CTL_GPIO_PIN_WRITE, &s_p82_off);
 258              		.loc 1 218 0
 259 000c 003000E3 		movw	r3, #:lower16:.LANCHOR0
 260 0010 003040E3 		movt	r3, #:upper16:.LANCHOR0
 261 0014 002000E3 		movw	r2, #:lower16:.LANCHOR10
 262 0018 002040E3 		movt	r2, #:upper16:.LANCHOR10
 263 001c 0810A0E3 		mov	r1, #8
 264 0020 000093E5 		ldr	r0, [r3]
 265              	.LVL21:
 266 0024 FEFFFFEB 		bl	direct_control
 267              	.LVL22:
 268 0028 1080BDE8 		pop	{r4, pc}
 269              	.LVL23:
 270              	.L26:
 216:../src/renesas/application/GR_MANGO/src/cpuBoardLed.c **** 		direct_control(s_my_gpio_handle, CTL_GPIO_PIN_WRITE, &s_p82_on);
 271              		.loc 1 216 0
 272 002c 003000E3 		movw	r3, #:lower16:.LANCHOR0
 273 0030 003040E3 		movt	r3, #:upper16:.LANCHOR0
 274 0034 002000E3 		movw	r2, #:lower16:.LANCHOR9
 275 0038 002040E3 		movt	r2, #:upper16:.LANCHOR9
 276 003c 0810A0E3 		mov	r1, #8
 277 0040 000093E5 		ldr	r0, [r3]
 278              	.LVL24:
 279 0044 FEFFFFEB 		bl	direct_control
 280              	.LVL25:
 281 0048 1080BDE8 		pop	{r4, pc}
 282              		.cfi_endproc
 283              	.LFE8:
 285              		.section	.bss.pin_led,"aw",%nobits
 286              		.align	2
 287              		.set	.LANCHOR1,. + 0
 290              	pin_led:
 291 0000 00000000 		.space	12
 291      00000000 
 291      00000000 
 292              		.section	.bss.s_my_gpio_handle,"aw",%nobits
 293              		.align	2
 294              		.set	.LANCHOR0,. + 0
 297              	s_my_gpio_handle:
 298 0000 00000000 		.space	4
 299              		.section	.data.s_p01_off,"aw",%progbits
 300              		.align	2
 301              		.set	.LANCHOR4,. + 0
 304              	s_p01_off:
 305 0000 0100     		.short	1
 306 0002 01       		.byte	1
 307 0003 00       		.byte	0
 308              		.section	.data.s_p01_on,"aw",%progbits
 309              		.align	2
 310              		.set	.LANCHOR3,. + 0
 313              	s_p01_on:
 314 0000 0100     		.short	1
 315 0002 02       		.byte	2
 316 0003 00       		.byte	0
 317              		.section	.data.s_p03_off,"aw",%progbits
 318              		.align	2
 319              		.set	.LANCHOR6,. + 0
 322              	s_p03_off:
 323 0000 0300     		.short	3
 324 0002 01       		.byte	1
 325 0003 00       		.byte	0
 326              		.section	.data.s_p03_on,"aw",%progbits
 327              		.align	2
 328              		.set	.LANCHOR5,. + 0
 331              	s_p03_on:
 332 0000 0300     		.short	3
 333 0002 02       		.byte	2
 334 0003 00       		.byte	0
 335              		.section	.data.s_p05_off,"aw",%progbits
 336              		.align	2
 337              		.set	.LANCHOR8,. + 0
 340              	s_p05_off:
 341 0000 0500     		.short	5
 342 0002 01       		.byte	1
 343 0003 00       		.byte	0
 344              		.section	.data.s_p05_on,"aw",%progbits
 345              		.align	2
 346              		.set	.LANCHOR7,. + 0
 349              	s_p05_on:
 350 0000 0500     		.short	5
 351 0002 02       		.byte	2
 352 0003 00       		.byte	0
 353              		.section	.data.s_p82_off,"aw",%progbits
 354              		.align	2
 355              		.set	.LANCHOR10,. + 0
 358              	s_p82_off:
 359 0000 0208     		.short	2050
 360 0002 01       		.byte	1
 361 0003 00       		.byte	0
 362              		.section	.data.s_p82_on,"aw",%progbits
 363              		.align	2
 364              		.set	.LANCHOR9,. + 0
 367              	s_p82_on:
 368 0000 0208     		.short	2050
 369 0002 02       		.byte	2
 370 0003 00       		.byte	0
 371              		.section	.rodata.initCpuBoardLed.str1.4,"aMS",%progbits,1
 372              		.align	2
 373              	.LC0:
 374 0000 5C5C2E5C 		.ascii	"\\\\.\\gpio\000"
 374      6770696F 
 374      00
 375              		.section	.rodata.s_led_pin_list,"a",%progbits
 376              		.align	2
 377              		.set	.LANCHOR2,. + 0
 380              	s_led_pin_list:
 381 0000 0100     		.short	1
 382 0002 0300     		.short	3
 383 0004 0500     		.short	5
 384 0006 0208     		.short	2050
 385              		.text
 386              	.Letext0:
 387              		.file 3 "c:\\program files (x86)\\gnu tools arm embedded\\6 2017-q2-update\\arm-none-eabi\\include
 388              		.file 4 "c:\\program files (x86)\\gnu tools arm embedded\\6 2017-q2-update\\arm-none-eabi\\include
 389              		.file 5 "c:\\program files (x86)\\gnu tools arm embedded\\6 2017-q2-update\\arm-none-eabi\\include
 390              		.file 6 "c:\\program files (x86)\\gnu tools arm embedded\\6 2017-q2-update\\lib\\gcc\\arm-none-eab
 391              		.file 7 "c:\\program files (x86)\\gnu tools arm embedded\\6 2017-q2-update\\arm-none-eabi\\include
 392              		.file 8 "c:\\program files (x86)\\gnu tools arm embedded\\6 2017-q2-update\\arm-none-eabi\\include
 393              		.file 9 "c:\\program files (x86)\\gnu tools arm embedded\\6 2017-q2-update\\arm-none-eabi\\include
 394              		.file 10 "c:\\program files (x86)\\gnu tools arm embedded\\6 2017-q2-update\\arm-none-eabi\\includ
 395              		.file 11 "c:\\program files (x86)\\gnu tools arm embedded\\6 2017-q2-update\\arm-none-eabi\\includ
 396              		.file 12 "C:/Renesas/e2studio_2021_01_workspace_RZA2M_ANPR/ANPR_RZA2M_GR_MANGO/generate/system/inc
 397              		.file 13 "C:/Renesas/e2studio_2021_01_workspace_RZA2M_ANPR/ANPR_RZA2M_GR_MANGO/generate/system/inc
 398              		.file 14 "C:/Renesas/e2studio_2021_01_workspace_RZA2M_ANPR/ANPR_RZA2M_GR_MANGO/generate/os_abstrac
 399              		.file 15 "c:\\program files (x86)\\gnu tools arm embedded\\6 2017-q2-update\\arm-none-eabi\\includ
 400              		.file 16 "C:/Renesas/e2studio_2021_01_workspace_RZA2M_ANPR/ANPR_RZA2M_GR_MANGO/generate/drivers/r_
 401              		.file 17 "C:/Renesas/e2studio_2021_01_workspace_RZA2M_ANPR/ANPR_RZA2M_GR_MANGO/generate/drivers/r_
 402              		.file 18 "C:/Renesas/e2studio_2021_01_workspace_RZA2M_ANPR/ANPR_RZA2M_GR_MANGO/generate/system/inc
 403              		.file 19 "c:\\program files (x86)\\gnu tools arm embedded\\6 2017-q2-update\\arm-none-eabi\\includ
DEFINED SYMBOLS
                            *ABS*:00000000 cpuBoardLed.c
C:\Users\a5050395\AppData\Local\Temp\ccYYuMNI.s:17     .text.initCpuBoardLed:00000000 $a
C:\Users\a5050395\AppData\Local\Temp\ccYYuMNI.s:23     .text.initCpuBoardLed:00000000 initCpuBoardLed
C:\Users\a5050395\AppData\Local\Temp\ccYYuMNI.s:373    .rodata.initCpuBoardLed.str1.4:00000000 .LC0
C:\Users\a5050395\AppData\Local\Temp\ccYYuMNI.s:294    .bss.s_my_gpio_handle:00000000 .LANCHOR0
C:\Users\a5050395\AppData\Local\Temp\ccYYuMNI.s:287    .bss.pin_led:00000000 .LANCHOR1
C:\Users\a5050395\AppData\Local\Temp\ccYYuMNI.s:377    .rodata.s_led_pin_list:00000000 .LANCHOR2
C:\Users\a5050395\AppData\Local\Temp\ccYYuMNI.s:94     .text.cpuBoardLedGreen:00000000 $a
C:\Users\a5050395\AppData\Local\Temp\ccYYuMNI.s:100    .text.cpuBoardLedGreen:00000000 cpuBoardLedGreen
C:\Users\a5050395\AppData\Local\Temp\ccYYuMNI.s:301    .data.s_p01_off:00000000 .LANCHOR4
C:\Users\a5050395\AppData\Local\Temp\ccYYuMNI.s:310    .data.s_p01_on:00000000 .LANCHOR3
C:\Users\a5050395\AppData\Local\Temp\ccYYuMNI.s:142    .text.cpuBoardLedYellow:00000000 $a
C:\Users\a5050395\AppData\Local\Temp\ccYYuMNI.s:148    .text.cpuBoardLedYellow:00000000 cpuBoardLedYellow
C:\Users\a5050395\AppData\Local\Temp\ccYYuMNI.s:319    .data.s_p03_off:00000000 .LANCHOR6
C:\Users\a5050395\AppData\Local\Temp\ccYYuMNI.s:328    .data.s_p03_on:00000000 .LANCHOR5
C:\Users\a5050395\AppData\Local\Temp\ccYYuMNI.s:190    .text.cpuBoardLedOrange:00000000 $a
C:\Users\a5050395\AppData\Local\Temp\ccYYuMNI.s:196    .text.cpuBoardLedOrange:00000000 cpuBoardLedOrange
C:\Users\a5050395\AppData\Local\Temp\ccYYuMNI.s:337    .data.s_p05_off:00000000 .LANCHOR8
C:\Users\a5050395\AppData\Local\Temp\ccYYuMNI.s:346    .data.s_p05_on:00000000 .LANCHOR7
C:\Users\a5050395\AppData\Local\Temp\ccYYuMNI.s:238    .text.cpuBoardLedRed:00000000 $a
C:\Users\a5050395\AppData\Local\Temp\ccYYuMNI.s:244    .text.cpuBoardLedRed:00000000 cpuBoardLedRed
C:\Users\a5050395\AppData\Local\Temp\ccYYuMNI.s:355    .data.s_p82_off:00000000 .LANCHOR10
C:\Users\a5050395\AppData\Local\Temp\ccYYuMNI.s:364    .data.s_p82_on:00000000 .LANCHOR9
C:\Users\a5050395\AppData\Local\Temp\ccYYuMNI.s:286    .bss.pin_led:00000000 $d
C:\Users\a5050395\AppData\Local\Temp\ccYYuMNI.s:290    .bss.pin_led:00000000 pin_led
C:\Users\a5050395\AppData\Local\Temp\ccYYuMNI.s:293    .bss.s_my_gpio_handle:00000000 $d
C:\Users\a5050395\AppData\Local\Temp\ccYYuMNI.s:297    .bss.s_my_gpio_handle:00000000 s_my_gpio_handle
C:\Users\a5050395\AppData\Local\Temp\ccYYuMNI.s:300    .data.s_p01_off:00000000 $d
C:\Users\a5050395\AppData\Local\Temp\ccYYuMNI.s:304    .data.s_p01_off:00000000 s_p01_off
C:\Users\a5050395\AppData\Local\Temp\ccYYuMNI.s:309    .data.s_p01_on:00000000 $d
C:\Users\a5050395\AppData\Local\Temp\ccYYuMNI.s:313    .data.s_p01_on:00000000 s_p01_on
C:\Users\a5050395\AppData\Local\Temp\ccYYuMNI.s:318    .data.s_p03_off:00000000 $d
C:\Users\a5050395\AppData\Local\Temp\ccYYuMNI.s:322    .data.s_p03_off:00000000 s_p03_off
C:\Users\a5050395\AppData\Local\Temp\ccYYuMNI.s:327    .data.s_p03_on:00000000 $d
C:\Users\a5050395\AppData\Local\Temp\ccYYuMNI.s:331    .data.s_p03_on:00000000 s_p03_on
C:\Users\a5050395\AppData\Local\Temp\ccYYuMNI.s:336    .data.s_p05_off:00000000 $d
C:\Users\a5050395\AppData\Local\Temp\ccYYuMNI.s:340    .data.s_p05_off:00000000 s_p05_off
C:\Users\a5050395\AppData\Local\Temp\ccYYuMNI.s:345    .data.s_p05_on:00000000 $d
C:\Users\a5050395\AppData\Local\Temp\ccYYuMNI.s:349    .data.s_p05_on:00000000 s_p05_on
C:\Users\a5050395\AppData\Local\Temp\ccYYuMNI.s:354    .data.s_p82_off:00000000 $d
C:\Users\a5050395\AppData\Local\Temp\ccYYuMNI.s:358    .data.s_p82_off:00000000 s_p82_off
C:\Users\a5050395\AppData\Local\Temp\ccYYuMNI.s:363    .data.s_p82_on:00000000 $d
C:\Users\a5050395\AppData\Local\Temp\ccYYuMNI.s:367    .data.s_p82_on:00000000 s_p82_on
C:\Users\a5050395\AppData\Local\Temp\ccYYuMNI.s:372    .rodata.initCpuBoardLed.str1.4:00000000 $d
C:\Users\a5050395\AppData\Local\Temp\ccYYuMNI.s:376    .rodata.s_led_pin_list:00000000 $d
C:\Users\a5050395\AppData\Local\Temp\ccYYuMNI.s:380    .rodata.s_led_pin_list:00000000 s_led_pin_list
                     .debug_frame:00000010 $d
                           .group:00000000 wm4.0.14fc17be114e5a2cba0959c511ea2aaf
                           .group:00000000 wm4._newlib_version.h.4.3572908597b70d672d181fc7fc501c19
                           .group:00000000 wm4.newlib.h.21.59901f4bf241ab46c63694665baa7297
                           .group:00000000 wm4.features.h.22.5cdadbb3efe495d1c9e38350b8c376c7
                           .group:00000000 wm4.config.h.219.65a553ab5bef5482f0d7880b0d33015e
                           .group:00000000 wm4._ansi.h.23.9f8fcfa20193763fcf364fb91705c94b
                           .group:00000000 wm4.stdio.h.31.7c0e28c411445f3f9c5b11accf882760
                           .group:00000000 wm4._default_types.h.6.959254cf5f09734ea7516c89e8bb21bd
                           .group:00000000 wm4.stddef.h.187.2ff233552538c6ff9b8575ca8ea52cb3
                           .group:00000000 wm4.cdefs.h.47.e658329a094974ebad41b40c60502de7
                           .group:00000000 wm4.stddef.h.39.ec95e8feac892e292b69dc7ae75b0d64
                           .group:00000000 wm4.stdarg.h.34.3a23a216c0c293b3d2ea2e89281481e6
                           .group:00000000 wm4.lock.h.2.1461d1fff82dffe8bfddc23307f6484f
                           .group:00000000 wm4._types.h.125.5cf8a495f1f7ef36777ad868a1e32068
                           .group:00000000 wm4.stddef.h.161.5349cb105733e8777bfb0cf53c4e3f34
                           .group:00000000 wm4._types.h.183.c226d164ceca1f2ecb9ae9360c54a098
                           .group:00000000 wm4.reent.h.17.23b059516345f8f5abfa01ddc379570f
                           .group:00000000 wm4.types.h.40.e8c16e7ec36ba55f133d0616070e25fc
                           .group:00000000 wm4._stdint.h.10.c24fa3af3bc1706662bb5593a907e841
                           .group:00000000 wm4._endian.h.31.65a10590763c3dde1ac4a7f66d7d4891
                           .group:00000000 wm4.endian.h.9.49f3a4695c1b61e8a0808de3c4a106cb
                           .group:00000000 wm4._timeval.h.30.0e8bfd94e85db17dda3286ee81496fe6
                           .group:00000000 wm4.timespec.h.41.d855182eb0e690443ab8651bcedca6e1
                           .group:00000000 wm4.select.h.30.bbece7fa40993a78092dcc5805132560
                           .group:00000000 wm4.types.h.69.ed3eae3cf73030a737515151ebcab7a1
                           .group:00000000 wm4.stdio.h.2.4aa87247282eca6c8f36f9de33d8df1a
                           .group:00000000 wm4.stdio.h.81.8188691c2279eac7a223caa50f6694b9
                           .group:00000000 wm4._default_fcntl.h.6.b13d56891b95175b639f824a0fd1ed77
                           .group:00000000 wm4.time.h.8.db4619001f026d0b4874c029fef0e91f
                           .group:00000000 wm4.stddef.h.161.19e15733342b50ead2919490b095303e
                           .group:00000000 wm4.time.h.2.4581ce0ffb6627cfc02162c94bf846c9
                           .group:00000000 wm4.time.h.25.0e6a0fdbc9955f5707ed54246ed2e089
                           .group:00000000 wm4.time.h.162.d096f2f5887c52e271c4dc33d795dc64
                           .group:00000000 wm4.stat.h.71.d65ac61ff88c651e198008cfb38bda9c
                           .group:00000000 wm4.fcntl.h.9.9336f33d7f5028f694c75e6e224e0cf7
                           .group:00000000 wm4.string.h.8.c4b8571ce60dff2817f43fec8b86aecd
                           .group:00000000 wm4.unistd.h.2.39165d5b7784d1815ef4b0c4be6df560
                           .group:00000000 wm4.unistd.h.156.614f0202926a9fae83688cfc56e25f59
                           .group:00000000 wm4._intsup.h.10.cce27fed8484c08a33f522034c30d2b5
                           .group:00000000 wm4.stdint.h.23.d53047a68f4a85177f80b422d52785ed
                           .group:00000000 wm4.math.h.13.adb102f7bd7860b1f241e149d6914a1e
                           .group:00000000 wm4.r_typedefs.h.38.e90d9de5300d9ae020e5db8c5af88b3e
                           .group:00000000 wm4.adc_iodefine.h.29.14c6f50dce37432a7d004e4b1ce33da7
                           .group:00000000 wm4.bsc_iodefine.h.29.9281d1f3639266933964d6d0c2d42c4f
                           .group:00000000 wm4.ceu_iodefine.h.29.2a669d0b46fdde030a50db9e3c307fbf
                           .group:00000000 wm4.cpg_iodefine.h.29.d6fdc9cb4798723afd88b251d64c2ce2
                           .group:00000000 wm4.csi2link_iodefine.h.29.221c4531636a409f24d307b16341ada8
                           .group:00000000 wm4.dmac_iodefine.h.29.578fccc2cc1da886ec95a029bf874f01
                           .group:00000000 wm4.drpk_iodefine.h.29.580eb8588a2b2d43d2726fbe791e513f
                           .group:00000000 wm4.drw_iodefine.h.29.df30f4a4a34a79f6a86c4df91353dffe
                           .group:00000000 wm4.edmac_iodefine.h.29.33e8759349004a722f42f5429c1353f6
                           .group:00000000 wm4.eptpc_iodefine.h.29.74d8f9fab0f5549b56097fb9e937dde8
                           .group:00000000 wm4.etherc_iodefine.h.29.14602750383a574f1c21f994ad33a366
                           .group:00000000 wm4.gpio_iodefine.h.29.3d0b021c56839cee4ae5149903684e4b
                           .group:00000000 wm4.gpt_iodefine.h.29.557ead75d7b0585b898d3898b64c7f87
                           .group:00000000 wm4.hyper_iodefine.h.29.000caadbb74d881e97db55b39b432154
                           .group:00000000 wm4.imr_iodefine.h.29.77c022f017e711c4d51cc0145db1dad3
                           .group:00000000 wm4.intc_iodefine.h.29.b68f5799a35a7495d63b4cd458e1ba57
                           .group:00000000 wm4.irda_iodefine.h.29.37e67bd2005173d68a74d1cc937d8444
                           .group:00000000 wm4.jcu_iodefine.h.29.3aca452908962e7a7ccf26164751feda
                           .group:00000000 wm4.lvds_iodefine.h.29.c11cbe1900e5209c8dcc76c2336c16bc
                           .group:00000000 wm4.mtu_iodefine.h.29.5498fb974bb53caf05aa143c2deec781
                           .group:00000000 wm4.nandc_iodefine.h.29.e0b343306750f017ee86e169ad98efe9
                           .group:00000000 wm4.octa_iodefine.h.29.4cb0d62e4b9633e173858000dc1c626c
                           .group:00000000 wm4.ostm_iodefine.h.29.6914f7e330a1cf0008b34219adcdfed4
                           .group:00000000 wm4.pl_iodefine.h.29.abbb6d725aed990aa8343242bfe31416
                           .group:00000000 wm4.pmg_iodefine.h.29.8bcfbc4771a6f9b7dd4d6f504427219e
                           .group:00000000 wm4.poeg_iodefine.h.29.0d8e258d10986260cbc70cfb8c0ef273
                           .group:00000000 wm4.poe_iodefine.h.29.fe74e55e7b6b4afbe3596c74ba035e98
                           .group:00000000 wm4.prr_iodefine.h.29.c1f15576f7a27b9c83aa3b40f5b2f988
                           .group:00000000 wm4.ptpedmac_iodefine.h.29.cd24a93374ce35cebc41e26889d619ef
                           .group:00000000 wm4.rcanfd_iodefine.h.29.532dd48b82fcb61d63538aba4b6f1289
                           .group:00000000 wm4.rcan_iodefine.h.29.a47a89db1b35c12b54af48fa1956acba
                           .group:00000000 wm4.riic_iodefine.h.29.f96943d49800d297612c4af3bba5c943
                           .group:00000000 wm4.rspi_iodefine.h.29.7efa041fe34a7d27db66a7b337879dfe
                           .group:00000000 wm4.rtc_iodefine.h.29.6dc76be5ca3df69cecb5a81d06cc46b5
                           .group:00000000 wm4.scifa_iodefine.h.29.b04ccd664d71baaf31c75761c45b9c4d
                           .group:00000000 wm4.scim_iodefine.h.29.87d0760abf94446b00d826c797bf0ff2
                           .group:00000000 wm4.sdmmc_iodefine.h.29.e67e9815445e8057a3262d1566bea0db
                           .group:00000000 wm4.spdif_iodefine.h.29.59f5d70150fa200a4d8ee50be1ee34c8
                           .group:00000000 wm4.spibsc_iodefine.h.29.f4930f8b8da1140200204513a363c76f
                           .group:00000000 wm4.sprite_iodefine.h.29.55796d1fa083a2457fea4ece974a192e
                           .group:00000000 wm4.ssif_iodefine.h.29.054ec6d95f487f631f16aee39c85c47a
                           .group:00000000 wm4.usb_iodefine.h.29.6dc44ea388ba227e8fdcfb33c315887b
                           .group:00000000 wm4.vdc_iodefine.h.29.db282ded1f052d8567fbbd3b61ce8f7a
                           .group:00000000 wm4.vin_iodefine.h.29.9b392e5601347d53e64be3272934e170
                           .group:00000000 wm4.wdt_iodefine.h.29.ed07bb44b797072f8c28b41c64fdca30
                           .group:00000000 wm4.r_startup_config.h.28.41a2bd9676f9208cac4163ceb2eb9006
                           .group:00000000 wm4.r_compiler_abstraction_api.h.26.bb21b39b83806cb7bb8838b6f825dcff
                           .group:00000000 wm4.driver.h.34.180df73e0731406f5e50150641059ede
                           .group:00000000 wm4.r_os_abstraction_api.h.53.c40489f97d2474c70b40d43822d1406c
                           .group:00000000 wm4.compiler_settings.h.55.412db3588640e7e83336e77c1cd11233
                           .group:00000000 wm4.stdlib.h.13.4ed386f5c1a80d71e72172885d946ef2
                           .group:00000000 wm4.alloca.h.8.dfc0c703c47ec3e69746825b17d9e66d
                           .group:00000000 wm4.stdlib.h.56.d4493cd3736e51e9d56335045f26df45
                           .group:00000000 wm4.reent.h.91.b3ea049ebc5486622b61409b78486f84
                           .group:00000000 wm4.r_devlink_wrapper.h.72.ad1de4c851513efa3aed0532ebca7ca2
                           .group:00000000 wm4.r_gpio_lld_rza2m.h.35.fd76d0816769697a06dd6f4a61c03021
                           .group:00000000 wm4.r_gpio_drv_api.h.82.9514441e942567d0eb0b23efaff62239

UNDEFINED SYMBOLS
open
direct_control
