   1              		.cpu cortex-a9
   2              		.eabi_attribute 28, 1
   3              		.eabi_attribute 20, 1
   4              		.eabi_attribute 21, 1
   5              		.eabi_attribute 23, 3
   6              		.eabi_attribute 24, 1
   7              		.eabi_attribute 25, 1
   8              		.eabi_attribute 26, 1
   9              		.eabi_attribute 30, 2
  10              		.eabi_attribute 34, 0
  11              		.eabi_attribute 18, 4
  12              		.file	"kernel_util.cc"
  13              		.text
  14              	.Ltext0:
  15              		.cfi_sections	.debug_frame
  16              		.section	.text._ZN6tflite5micro14HaveSameShapesEPK16TfLiteEvalTensorS3_,"ax",%progbits
  17              		.align	2
  18              		.global	_ZN6tflite5micro14HaveSameShapesEPK16TfLiteEvalTensorS3_
  19              		.syntax unified
  20              		.arm
  21              		.fpu neon
  23              	_ZN6tflite5micro14HaveSameShapesEPK16TfLiteEvalTensorS3_:
  24              		.fnstart
  25              	.LFB899:
  26              		.file 1 "../src/tensorflow_lite/tensorflow/lite/micro/kernels/kernel_util.cc"
   1:../src/tensorflow_lite/tensorflow/lite/micro/kernels/kernel_util.cc **** /* Copyright 2020 The TensorFlow Authors. All Rights Reserved.
   2:../src/tensorflow_lite/tensorflow/lite/micro/kernels/kernel_util.cc **** 
   3:../src/tensorflow_lite/tensorflow/lite/micro/kernels/kernel_util.cc **** Licensed under the Apache License, Version 2.0 (the "License");
   4:../src/tensorflow_lite/tensorflow/lite/micro/kernels/kernel_util.cc **** you may not use this file except in compliance with the License.
   5:../src/tensorflow_lite/tensorflow/lite/micro/kernels/kernel_util.cc **** You may obtain a copy of the License at
   6:../src/tensorflow_lite/tensorflow/lite/micro/kernels/kernel_util.cc **** 
   7:../src/tensorflow_lite/tensorflow/lite/micro/kernels/kernel_util.cc ****     http://www.apache.org/licenses/LICENSE-2.0
   8:../src/tensorflow_lite/tensorflow/lite/micro/kernels/kernel_util.cc **** 
   9:../src/tensorflow_lite/tensorflow/lite/micro/kernels/kernel_util.cc **** Unless required by applicable law or agreed to in writing, software
  10:../src/tensorflow_lite/tensorflow/lite/micro/kernels/kernel_util.cc **** distributed under the License is distributed on an "AS IS" BASIS,
  11:../src/tensorflow_lite/tensorflow/lite/micro/kernels/kernel_util.cc **** WITHOUT WARRANTIES OR CONDITIONS OF ANY KIND, either express or implied.
  12:../src/tensorflow_lite/tensorflow/lite/micro/kernels/kernel_util.cc **** See the License for the specific language governing permissions and
  13:../src/tensorflow_lite/tensorflow/lite/micro/kernels/kernel_util.cc **** limitations under the License.
  14:../src/tensorflow_lite/tensorflow/lite/micro/kernels/kernel_util.cc **** ==============================================================================*/
  15:../src/tensorflow_lite/tensorflow/lite/micro/kernels/kernel_util.cc **** 
  16:../src/tensorflow_lite/tensorflow/lite/micro/kernels/kernel_util.cc **** #include "tensorflow/lite/micro/kernels/kernel_util.h"
  17:../src/tensorflow_lite/tensorflow/lite/micro/kernels/kernel_util.cc **** 
  18:../src/tensorflow_lite/tensorflow/lite/micro/kernels/kernel_util.cc **** #include "tensorflow/lite/c/common.h"
  19:../src/tensorflow_lite/tensorflow/lite/micro/kernels/kernel_util.cc **** 
  20:../src/tensorflow_lite/tensorflow/lite/micro/kernels/kernel_util.cc **** namespace tflite {
  21:../src/tensorflow_lite/tensorflow/lite/micro/kernels/kernel_util.cc **** namespace micro {
  22:../src/tensorflow_lite/tensorflow/lite/micro/kernels/kernel_util.cc **** 
  23:../src/tensorflow_lite/tensorflow/lite/micro/kernels/kernel_util.cc **** bool HaveSameShapes(const TfLiteEvalTensor* input1,
  24:../src/tensorflow_lite/tensorflow/lite/micro/kernels/kernel_util.cc ****                     const TfLiteEvalTensor* input2) {
  27              		.loc 1 24 0
  28              		.cfi_startproc
  29              		@ args = 0, pretend = 0, frame = 0
  30              		@ frame_needed = 0, uses_anonymous_args = 0
  31              	.LVL0:
  25:../src/tensorflow_lite/tensorflow/lite/micro/kernels/kernel_util.cc ****   TFLITE_DCHECK(input1 != nullptr);
  32              		.loc 1 25 0
  33 0000 000050E3 		cmp	r0, #0
  24:../src/tensorflow_lite/tensorflow/lite/micro/kernels/kernel_util.cc ****   TFLITE_DCHECK(input1 != nullptr);
  34              		.loc 1 24 0
  35 0004 10402DE9 		push	{r4, lr}
  36              		.save {r4, lr}
  37              		.cfi_def_cfa_offset 8
  38              		.cfi_offset 4, -8
  39              		.cfi_offset 14, -4
  40              		.loc 1 25 0
  41 0008 0700000A 		beq	.L3
  26:../src/tensorflow_lite/tensorflow/lite/micro/kernels/kernel_util.cc ****   TFLITE_DCHECK(input2 != nullptr);
  42              		.loc 1 26 0
  43 000c 000051E3 		cmp	r1, #0
  44 0010 0500000A 		beq	.L3
  27:../src/tensorflow_lite/tensorflow/lite/micro/kernels/kernel_util.cc ****   return TfLiteIntArrayEqual(input1->dims, input2->dims);
  45              		.loc 1 27 0
  46 0014 041091E5 		ldr	r1, [r1, #4]
  47              	.LVL1:
  48 0018 040090E5 		ldr	r0, [r0, #4]
  49              	.LVL2:
  50 001c FEFFFFEB 		bl	TfLiteIntArrayEqual
  51              	.LVL3:
  28:../src/tensorflow_lite/tensorflow/lite/micro/kernels/kernel_util.cc **** }
  52              		.loc 1 28 0
  53 0020 000090E2 		adds	r0, r0, #0
  54 0024 0100A013 		movne	r0, #1
  55 0028 1080BDE8 		pop	{r4, pc}
  56              	.LVL4:
  57              	.L3:
  25:../src/tensorflow_lite/tensorflow/lite/micro/kernels/kernel_util.cc ****   TFLITE_DCHECK(input2 != nullptr);
  58              		.loc 1 25 0 discriminator 1
  59 002c FEFFFFEB 		bl	abort
  60              	.LVL5:
  61              		.cfi_endproc
  62              	.LFE899:
  63              		.fnend
  65              		.section	.text._ZN6tflite5micro14GetTensorShapeEPK16TfLiteEvalTensor,"ax",%progbits
  66              		.align	2
  67              		.global	_ZN6tflite5micro14GetTensorShapeEPK16TfLiteEvalTensor
  68              		.syntax unified
  69              		.arm
  70              		.fpu neon
  72              	_ZN6tflite5micro14GetTensorShapeEPK16TfLiteEvalTensor:
  73              		.fnstart
  74              	.LFB900:
  29:../src/tensorflow_lite/tensorflow/lite/micro/kernels/kernel_util.cc **** 
  30:../src/tensorflow_lite/tensorflow/lite/micro/kernels/kernel_util.cc **** const RuntimeShape GetTensorShape(const TfLiteEvalTensor* tensor) {
  75              		.loc 1 30 0
  76              		.cfi_startproc
  77              		@ args = 0, pretend = 0, frame = 0
  78              		@ frame_needed = 0, uses_anonymous_args = 0
  79              	.LVL6:
  31:../src/tensorflow_lite/tensorflow/lite/micro/kernels/kernel_util.cc ****   if (tensor == nullptr || tensor->dims == nullptr) {
  80              		.loc 1 31 0
  81 0000 000051E3 		cmp	r1, #0
  30:../src/tensorflow_lite/tensorflow/lite/micro/kernels/kernel_util.cc ****   if (tensor == nullptr || tensor->dims == nullptr) {
  82              		.loc 1 30 0
  83 0004 70402DE9 		push	{r4, r5, r6, lr}
  84              		.save {r4, r5, r6, lr}
  85              		.cfi_def_cfa_offset 16
  86              		.cfi_offset 4, -16
  87              		.cfi_offset 5, -12
  88              		.cfi_offset 6, -8
  89              		.cfi_offset 14, -4
  30:../src/tensorflow_lite/tensorflow/lite/micro/kernels/kernel_util.cc ****   if (tensor == nullptr || tensor->dims == nullptr) {
  90              		.loc 1 30 0
  91 0008 0050A0E1 		mov	r5, r0
  92              		.loc 1 31 0
  93 000c 1700000A 		beq	.L10
  94              		.loc 1 31 0 is_stmt 0 discriminator 1
  95 0010 046091E5 		ldr	r6, [r1, #4]
  96 0014 000056E3 		cmp	r6, #0
  97 0018 1400000A 		beq	.L10
  98              	.LVL7:
  32:../src/tensorflow_lite/tensorflow/lite/micro/kernels/kernel_util.cc ****     return RuntimeShape();
  33:../src/tensorflow_lite/tensorflow/lite/micro/kernels/kernel_util.cc ****   }
  34:../src/tensorflow_lite/tensorflow/lite/micro/kernels/kernel_util.cc ****   TfLiteIntArray* dims = tensor->dims;
  35:../src/tensorflow_lite/tensorflow/lite/micro/kernels/kernel_util.cc ****   const int dims_size = dims->size;
  99              		.loc 1 35 0 is_stmt 1
 100 001c 002096E5 		ldr	r2, [r6]
 101              	.LVL8:
 102              	.LBB20:
 103              	.LBB21:
 104              	.LBB22:
 105              	.LBB23:
 106              	.LBB24:
 107              		.file 2 "C:/Renesas/e2studio_2021_01_workspace_RZA2M_ANPR/ANPR_RZA2M_EBK/src/tensorflow_lite/tenso
   1:C:/Renesas/e2studio_2021_01_workspace_RZA2M_ANPR/ANPR_RZA2M_EBK/src/tensorflow_lite/tensorflow/lite/kernels/internal\types.h **** /* Copyright 2018 The TensorFlow Authors. All Rights Reserved.
   2:C:/Renesas/e2studio_2021_01_workspace_RZA2M_ANPR/ANPR_RZA2M_EBK/src/tensorflow_lite/tensorflow/lite/kernels/internal\types.h **** 
   3:C:/Renesas/e2studio_2021_01_workspace_RZA2M_ANPR/ANPR_RZA2M_EBK/src/tensorflow_lite/tensorflow/lite/kernels/internal\types.h **** Licensed under the Apache License, Version 2.0 (the "License");
   4:C:/Renesas/e2studio_2021_01_workspace_RZA2M_ANPR/ANPR_RZA2M_EBK/src/tensorflow_lite/tensorflow/lite/kernels/internal\types.h **** you may not use this file except in compliance with the License.
   5:C:/Renesas/e2studio_2021_01_workspace_RZA2M_ANPR/ANPR_RZA2M_EBK/src/tensorflow_lite/tensorflow/lite/kernels/internal\types.h **** You may obtain a copy of the License at
   6:C:/Renesas/e2studio_2021_01_workspace_RZA2M_ANPR/ANPR_RZA2M_EBK/src/tensorflow_lite/tensorflow/lite/kernels/internal\types.h **** 
   7:C:/Renesas/e2studio_2021_01_workspace_RZA2M_ANPR/ANPR_RZA2M_EBK/src/tensorflow_lite/tensorflow/lite/kernels/internal\types.h ****     http://www.apache.org/licenses/LICENSE-2.0
   8:C:/Renesas/e2studio_2021_01_workspace_RZA2M_ANPR/ANPR_RZA2M_EBK/src/tensorflow_lite/tensorflow/lite/kernels/internal\types.h **** 
   9:C:/Renesas/e2studio_2021_01_workspace_RZA2M_ANPR/ANPR_RZA2M_EBK/src/tensorflow_lite/tensorflow/lite/kernels/internal\types.h **** Unless required by applicable law or agreed to in writing, software
  10:C:/Renesas/e2studio_2021_01_workspace_RZA2M_ANPR/ANPR_RZA2M_EBK/src/tensorflow_lite/tensorflow/lite/kernels/internal\types.h **** distributed under the License is distributed on an "AS IS" BASIS,
  11:C:/Renesas/e2studio_2021_01_workspace_RZA2M_ANPR/ANPR_RZA2M_EBK/src/tensorflow_lite/tensorflow/lite/kernels/internal\types.h **** WITHOUT WARRANTIES OR CONDITIONS OF ANY KIND, either express or implied.
  12:C:/Renesas/e2studio_2021_01_workspace_RZA2M_ANPR/ANPR_RZA2M_EBK/src/tensorflow_lite/tensorflow/lite/kernels/internal\types.h **** See the License for the specific language governing permissions and
  13:C:/Renesas/e2studio_2021_01_workspace_RZA2M_ANPR/ANPR_RZA2M_EBK/src/tensorflow_lite/tensorflow/lite/kernels/internal\types.h **** limitations under the License.
  14:C:/Renesas/e2studio_2021_01_workspace_RZA2M_ANPR/ANPR_RZA2M_EBK/src/tensorflow_lite/tensorflow/lite/kernels/internal\types.h **** ==============================================================================*/
  15:C:/Renesas/e2studio_2021_01_workspace_RZA2M_ANPR/ANPR_RZA2M_EBK/src/tensorflow_lite/tensorflow/lite/kernels/internal\types.h **** #ifndef TENSORFLOW_LITE_KERNELS_INTERNAL_TYPES_H_
  16:C:/Renesas/e2studio_2021_01_workspace_RZA2M_ANPR/ANPR_RZA2M_EBK/src/tensorflow_lite/tensorflow/lite/kernels/internal\types.h **** #define TENSORFLOW_LITE_KERNELS_INTERNAL_TYPES_H_
  17:C:/Renesas/e2studio_2021_01_workspace_RZA2M_ANPR/ANPR_RZA2M_EBK/src/tensorflow_lite/tensorflow/lite/kernels/internal\types.h **** 
  18:C:/Renesas/e2studio_2021_01_workspace_RZA2M_ANPR/ANPR_RZA2M_EBK/src/tensorflow_lite/tensorflow/lite/kernels/internal\types.h **** #include <algorithm>
  19:C:/Renesas/e2studio_2021_01_workspace_RZA2M_ANPR/ANPR_RZA2M_EBK/src/tensorflow_lite/tensorflow/lite/kernels/internal\types.h **** #include <cstdint>
  20:C:/Renesas/e2studio_2021_01_workspace_RZA2M_ANPR/ANPR_RZA2M_EBK/src/tensorflow_lite/tensorflow/lite/kernels/internal\types.h **** #include <cstring>
  21:C:/Renesas/e2studio_2021_01_workspace_RZA2M_ANPR/ANPR_RZA2M_EBK/src/tensorflow_lite/tensorflow/lite/kernels/internal\types.h **** #include <initializer_list>
  22:C:/Renesas/e2studio_2021_01_workspace_RZA2M_ANPR/ANPR_RZA2M_EBK/src/tensorflow_lite/tensorflow/lite/kernels/internal\types.h **** 
  23:C:/Renesas/e2studio_2021_01_workspace_RZA2M_ANPR/ANPR_RZA2M_EBK/src/tensorflow_lite/tensorflow/lite/kernels/internal\types.h **** #include "tensorflow/lite/kernels/internal/compatibility.h"
  24:C:/Renesas/e2studio_2021_01_workspace_RZA2M_ANPR/ANPR_RZA2M_EBK/src/tensorflow_lite/tensorflow/lite/kernels/internal\types.h **** 
  25:C:/Renesas/e2studio_2021_01_workspace_RZA2M_ANPR/ANPR_RZA2M_EBK/src/tensorflow_lite/tensorflow/lite/kernels/internal\types.h **** namespace tflite {
  26:C:/Renesas/e2studio_2021_01_workspace_RZA2M_ANPR/ANPR_RZA2M_EBK/src/tensorflow_lite/tensorflow/lite/kernels/internal\types.h **** 
  27:C:/Renesas/e2studio_2021_01_workspace_RZA2M_ANPR/ANPR_RZA2M_EBK/src/tensorflow_lite/tensorflow/lite/kernels/internal\types.h **** enum class FusedActivationFunctionType : uint8_t {
  28:C:/Renesas/e2studio_2021_01_workspace_RZA2M_ANPR/ANPR_RZA2M_EBK/src/tensorflow_lite/tensorflow/lite/kernels/internal\types.h ****   kNone,
  29:C:/Renesas/e2studio_2021_01_workspace_RZA2M_ANPR/ANPR_RZA2M_EBK/src/tensorflow_lite/tensorflow/lite/kernels/internal\types.h ****   kRelu6,
  30:C:/Renesas/e2studio_2021_01_workspace_RZA2M_ANPR/ANPR_RZA2M_EBK/src/tensorflow_lite/tensorflow/lite/kernels/internal\types.h ****   kRelu1,
  31:C:/Renesas/e2studio_2021_01_workspace_RZA2M_ANPR/ANPR_RZA2M_EBK/src/tensorflow_lite/tensorflow/lite/kernels/internal\types.h ****   kRelu
  32:C:/Renesas/e2studio_2021_01_workspace_RZA2M_ANPR/ANPR_RZA2M_EBK/src/tensorflow_lite/tensorflow/lite/kernels/internal\types.h **** };
  33:C:/Renesas/e2studio_2021_01_workspace_RZA2M_ANPR/ANPR_RZA2M_EBK/src/tensorflow_lite/tensorflow/lite/kernels/internal\types.h **** enum class PaddingType : uint8_t { kNone, kSame, kValid };
  34:C:/Renesas/e2studio_2021_01_workspace_RZA2M_ANPR/ANPR_RZA2M_EBK/src/tensorflow_lite/tensorflow/lite/kernels/internal\types.h **** 
  35:C:/Renesas/e2studio_2021_01_workspace_RZA2M_ANPR/ANPR_RZA2M_EBK/src/tensorflow_lite/tensorflow/lite/kernels/internal\types.h **** struct PaddingValues {
  36:C:/Renesas/e2studio_2021_01_workspace_RZA2M_ANPR/ANPR_RZA2M_EBK/src/tensorflow_lite/tensorflow/lite/kernels/internal\types.h ****   int16_t width;
  37:C:/Renesas/e2studio_2021_01_workspace_RZA2M_ANPR/ANPR_RZA2M_EBK/src/tensorflow_lite/tensorflow/lite/kernels/internal\types.h ****   int16_t height;
  38:C:/Renesas/e2studio_2021_01_workspace_RZA2M_ANPR/ANPR_RZA2M_EBK/src/tensorflow_lite/tensorflow/lite/kernels/internal\types.h ****   // offset is used for calculating "remaining" padding, for example, `width`
  39:C:/Renesas/e2studio_2021_01_workspace_RZA2M_ANPR/ANPR_RZA2M_EBK/src/tensorflow_lite/tensorflow/lite/kernels/internal\types.h ****   // is 1 and `width_offset` is 1, so padding_left is 1 while padding_right is
  40:C:/Renesas/e2studio_2021_01_workspace_RZA2M_ANPR/ANPR_RZA2M_EBK/src/tensorflow_lite/tensorflow/lite/kernels/internal\types.h ****   // 1 + 1 = 2.
  41:C:/Renesas/e2studio_2021_01_workspace_RZA2M_ANPR/ANPR_RZA2M_EBK/src/tensorflow_lite/tensorflow/lite/kernels/internal\types.h ****   int16_t width_offset;
  42:C:/Renesas/e2studio_2021_01_workspace_RZA2M_ANPR/ANPR_RZA2M_EBK/src/tensorflow_lite/tensorflow/lite/kernels/internal\types.h ****   // Same as width_offset except it's over the height dimension.
  43:C:/Renesas/e2studio_2021_01_workspace_RZA2M_ANPR/ANPR_RZA2M_EBK/src/tensorflow_lite/tensorflow/lite/kernels/internal\types.h ****   int16_t height_offset;
  44:C:/Renesas/e2studio_2021_01_workspace_RZA2M_ANPR/ANPR_RZA2M_EBK/src/tensorflow_lite/tensorflow/lite/kernels/internal\types.h **** };
  45:C:/Renesas/e2studio_2021_01_workspace_RZA2M_ANPR/ANPR_RZA2M_EBK/src/tensorflow_lite/tensorflow/lite/kernels/internal\types.h **** 
  46:C:/Renesas/e2studio_2021_01_workspace_RZA2M_ANPR/ANPR_RZA2M_EBK/src/tensorflow_lite/tensorflow/lite/kernels/internal\types.h **** struct Padding3DValues {
  47:C:/Renesas/e2studio_2021_01_workspace_RZA2M_ANPR/ANPR_RZA2M_EBK/src/tensorflow_lite/tensorflow/lite/kernels/internal\types.h ****   int16_t width;
  48:C:/Renesas/e2studio_2021_01_workspace_RZA2M_ANPR/ANPR_RZA2M_EBK/src/tensorflow_lite/tensorflow/lite/kernels/internal\types.h ****   int16_t height;
  49:C:/Renesas/e2studio_2021_01_workspace_RZA2M_ANPR/ANPR_RZA2M_EBK/src/tensorflow_lite/tensorflow/lite/kernels/internal\types.h ****   int16_t depth;
  50:C:/Renesas/e2studio_2021_01_workspace_RZA2M_ANPR/ANPR_RZA2M_EBK/src/tensorflow_lite/tensorflow/lite/kernels/internal\types.h ****   // offset is used for calculating "remaining" padding, for example, `width`
  51:C:/Renesas/e2studio_2021_01_workspace_RZA2M_ANPR/ANPR_RZA2M_EBK/src/tensorflow_lite/tensorflow/lite/kernels/internal\types.h ****   // is 1 and `width_offset` is 1, so padding_left is 1 while padding_right is
  52:C:/Renesas/e2studio_2021_01_workspace_RZA2M_ANPR/ANPR_RZA2M_EBK/src/tensorflow_lite/tensorflow/lite/kernels/internal\types.h ****   // 1 + 1 = 2.
  53:C:/Renesas/e2studio_2021_01_workspace_RZA2M_ANPR/ANPR_RZA2M_EBK/src/tensorflow_lite/tensorflow/lite/kernels/internal\types.h ****   int16_t width_offset;
  54:C:/Renesas/e2studio_2021_01_workspace_RZA2M_ANPR/ANPR_RZA2M_EBK/src/tensorflow_lite/tensorflow/lite/kernels/internal\types.h ****   // Same as width_offset except it's over the height dimension.
  55:C:/Renesas/e2studio_2021_01_workspace_RZA2M_ANPR/ANPR_RZA2M_EBK/src/tensorflow_lite/tensorflow/lite/kernels/internal\types.h ****   int16_t height_offset;
  56:C:/Renesas/e2studio_2021_01_workspace_RZA2M_ANPR/ANPR_RZA2M_EBK/src/tensorflow_lite/tensorflow/lite/kernels/internal\types.h ****   // Same as width_offset except it's over the depth dimension.
  57:C:/Renesas/e2studio_2021_01_workspace_RZA2M_ANPR/ANPR_RZA2M_EBK/src/tensorflow_lite/tensorflow/lite/kernels/internal\types.h ****   int16_t depth_offset;
  58:C:/Renesas/e2studio_2021_01_workspace_RZA2M_ANPR/ANPR_RZA2M_EBK/src/tensorflow_lite/tensorflow/lite/kernels/internal\types.h **** };
  59:C:/Renesas/e2studio_2021_01_workspace_RZA2M_ANPR/ANPR_RZA2M_EBK/src/tensorflow_lite/tensorflow/lite/kernels/internal\types.h **** 
  60:C:/Renesas/e2studio_2021_01_workspace_RZA2M_ANPR/ANPR_RZA2M_EBK/src/tensorflow_lite/tensorflow/lite/kernels/internal\types.h **** // This enumeration allows for non-default formats for the weights array
  61:C:/Renesas/e2studio_2021_01_workspace_RZA2M_ANPR/ANPR_RZA2M_EBK/src/tensorflow_lite/tensorflow/lite/kernels/internal\types.h **** // of a fully-connected operator, allowing the use of special optimized
  62:C:/Renesas/e2studio_2021_01_workspace_RZA2M_ANPR/ANPR_RZA2M_EBK/src/tensorflow_lite/tensorflow/lite/kernels/internal\types.h **** // runtime paths.
  63:C:/Renesas/e2studio_2021_01_workspace_RZA2M_ANPR/ANPR_RZA2M_EBK/src/tensorflow_lite/tensorflow/lite/kernels/internal\types.h **** enum class FullyConnectedWeightsFormat : uint8_t {
  64:C:/Renesas/e2studio_2021_01_workspace_RZA2M_ANPR/ANPR_RZA2M_EBK/src/tensorflow_lite/tensorflow/lite/kernels/internal\types.h ****   // Default format (flat 2D layout, the inner contiguous dimension
  65:C:/Renesas/e2studio_2021_01_workspace_RZA2M_ANPR/ANPR_RZA2M_EBK/src/tensorflow_lite/tensorflow/lite/kernels/internal\types.h ****   // is input_depth, the outer non-contiguous dimension is output_depth)
  66:C:/Renesas/e2studio_2021_01_workspace_RZA2M_ANPR/ANPR_RZA2M_EBK/src/tensorflow_lite/tensorflow/lite/kernels/internal\types.h ****   kDefault,
  67:C:/Renesas/e2studio_2021_01_workspace_RZA2M_ANPR/ANPR_RZA2M_EBK/src/tensorflow_lite/tensorflow/lite/kernels/internal\types.h ****   // Summary: optimized layout for fast CPU runtime implementation,
  68:C:/Renesas/e2studio_2021_01_workspace_RZA2M_ANPR/ANPR_RZA2M_EBK/src/tensorflow_lite/tensorflow/lite/kernels/internal\types.h ****   // aimed specifically at ARM CPUs at the moment, and specialized for
  69:C:/Renesas/e2studio_2021_01_workspace_RZA2M_ANPR/ANPR_RZA2M_EBK/src/tensorflow_lite/tensorflow/lite/kernels/internal\types.h ****   // 8-bit quantized layers.
  70:C:/Renesas/e2studio_2021_01_workspace_RZA2M_ANPR/ANPR_RZA2M_EBK/src/tensorflow_lite/tensorflow/lite/kernels/internal\types.h ****   //
  71:C:/Renesas/e2studio_2021_01_workspace_RZA2M_ANPR/ANPR_RZA2M_EBK/src/tensorflow_lite/tensorflow/lite/kernels/internal\types.h ****   // The use case we're concerned with here is: 8-bit quantization,
  72:C:/Renesas/e2studio_2021_01_workspace_RZA2M_ANPR/ANPR_RZA2M_EBK/src/tensorflow_lite/tensorflow/lite/kernels/internal\types.h ****   // large weights matrix that doesn't fit in cache (e.g. 4096x2048 in
  73:C:/Renesas/e2studio_2021_01_workspace_RZA2M_ANPR/ANPR_RZA2M_EBK/src/tensorflow_lite/tensorflow/lite/kernels/internal\types.h ****   // a key application that drove this), very small batch size (e.g. 1 -- 4).
  74:C:/Renesas/e2studio_2021_01_workspace_RZA2M_ANPR/ANPR_RZA2M_EBK/src/tensorflow_lite/tensorflow/lite/kernels/internal\types.h ****   //
  75:C:/Renesas/e2studio_2021_01_workspace_RZA2M_ANPR/ANPR_RZA2M_EBK/src/tensorflow_lite/tensorflow/lite/kernels/internal\types.h ****   // Even with 8-bit quantization of weights, the performance of memory
  76:C:/Renesas/e2studio_2021_01_workspace_RZA2M_ANPR/ANPR_RZA2M_EBK/src/tensorflow_lite/tensorflow/lite/kernels/internal\types.h ****   // accesses to the weights can become the dominant issue when
  77:C:/Renesas/e2studio_2021_01_workspace_RZA2M_ANPR/ANPR_RZA2M_EBK/src/tensorflow_lite/tensorflow/lite/kernels/internal\types.h ****   // the batch size is small, so each weight value is used in only a few
  78:C:/Renesas/e2studio_2021_01_workspace_RZA2M_ANPR/ANPR_RZA2M_EBK/src/tensorflow_lite/tensorflow/lite/kernels/internal\types.h ****   // arithmetic ops, i.e. the fully-connected node has a low arithmetic
  79:C:/Renesas/e2studio_2021_01_workspace_RZA2M_ANPR/ANPR_RZA2M_EBK/src/tensorflow_lite/tensorflow/lite/kernels/internal\types.h ****   // intensity. The specific issues that arise are of three kinds:
  80:C:/Renesas/e2studio_2021_01_workspace_RZA2M_ANPR/ANPR_RZA2M_EBK/src/tensorflow_lite/tensorflow/lite/kernels/internal\types.h ****   // (1) One may, ideally, max out DRAM bandwidth, i.e. be truly memory
  81:C:/Renesas/e2studio_2021_01_workspace_RZA2M_ANPR/ANPR_RZA2M_EBK/src/tensorflow_lite/tensorflow/lite/kernels/internal\types.h ****   //     bound. That's the "good" issue to run into.
  82:C:/Renesas/e2studio_2021_01_workspace_RZA2M_ANPR/ANPR_RZA2M_EBK/src/tensorflow_lite/tensorflow/lite/kernels/internal\types.h ****   // (2) One may run into sub-optimal pre-fetching: the data hasn't been
  83:C:/Renesas/e2studio_2021_01_workspace_RZA2M_ANPR/ANPR_RZA2M_EBK/src/tensorflow_lite/tensorflow/lite/kernels/internal\types.h ****   //     prefetched into the cache by the time we need it.
  84:C:/Renesas/e2studio_2021_01_workspace_RZA2M_ANPR/ANPR_RZA2M_EBK/src/tensorflow_lite/tensorflow/lite/kernels/internal\types.h ****   // (3) One may run into cache aliasing: multiple values that are
  85:C:/Renesas/e2studio_2021_01_workspace_RZA2M_ANPR/ANPR_RZA2M_EBK/src/tensorflow_lite/tensorflow/lite/kernels/internal\types.h ****   //     pre-fetched, alias each other in the L1 cache (which typically
  86:C:/Renesas/e2studio_2021_01_workspace_RZA2M_ANPR/ANPR_RZA2M_EBK/src/tensorflow_lite/tensorflow/lite/kernels/internal\types.h ****   //     has only 4-way set associativity in ARM CPUs) and thus evict
  87:C:/Renesas/e2studio_2021_01_workspace_RZA2M_ANPR/ANPR_RZA2M_EBK/src/tensorflow_lite/tensorflow/lite/kernels/internal\types.h ****   //     each other before we get to using them.
  88:C:/Renesas/e2studio_2021_01_workspace_RZA2M_ANPR/ANPR_RZA2M_EBK/src/tensorflow_lite/tensorflow/lite/kernels/internal\types.h ****   //
  89:C:/Renesas/e2studio_2021_01_workspace_RZA2M_ANPR/ANPR_RZA2M_EBK/src/tensorflow_lite/tensorflow/lite/kernels/internal\types.h ****   // The point of this shuffling is to avoid issues (2) and (3) so that
  90:C:/Renesas/e2studio_2021_01_workspace_RZA2M_ANPR/ANPR_RZA2M_EBK/src/tensorflow_lite/tensorflow/lite/kernels/internal\types.h ****   // we get as fast as possible given only the hard constraint (1).
  91:C:/Renesas/e2studio_2021_01_workspace_RZA2M_ANPR/ANPR_RZA2M_EBK/src/tensorflow_lite/tensorflow/lite/kernels/internal\types.h ****   // This is achieved by turning the difficulty into a solution: the
  92:C:/Renesas/e2studio_2021_01_workspace_RZA2M_ANPR/ANPR_RZA2M_EBK/src/tensorflow_lite/tensorflow/lite/kernels/internal\types.h ****   // difficulty, that each value loaded from memory is used only in
  93:C:/Renesas/e2studio_2021_01_workspace_RZA2M_ANPR/ANPR_RZA2M_EBK/src/tensorflow_lite/tensorflow/lite/kernels/internal\types.h ****   // one kernel iteration, making this operation memory-intensive, hints at
  94:C:/Renesas/e2studio_2021_01_workspace_RZA2M_ANPR/ANPR_RZA2M_EBK/src/tensorflow_lite/tensorflow/lite/kernels/internal\types.h ****   // the solution, of shuffling the weights so that they are stored in the
  95:C:/Renesas/e2studio_2021_01_workspace_RZA2M_ANPR/ANPR_RZA2M_EBK/src/tensorflow_lite/tensorflow/lite/kernels/internal\types.h ****   // exact order as the kernel needs to load them, so that the memory
  96:C:/Renesas/e2studio_2021_01_workspace_RZA2M_ANPR/ANPR_RZA2M_EBK/src/tensorflow_lite/tensorflow/lite/kernels/internal\types.h ****   // accesses made by the kernel are trivial. This solves (2) because the
  97:C:/Renesas/e2studio_2021_01_workspace_RZA2M_ANPR/ANPR_RZA2M_EBK/src/tensorflow_lite/tensorflow/lite/kernels/internal\types.h ****   // trivial memory access pattern allows the CPU's automatic prefetching
  98:C:/Renesas/e2studio_2021_01_workspace_RZA2M_ANPR/ANPR_RZA2M_EBK/src/tensorflow_lite/tensorflow/lite/kernels/internal\types.h ****   // to perform very well (no need even for preload instructions), and this
  99:C:/Renesas/e2studio_2021_01_workspace_RZA2M_ANPR/ANPR_RZA2M_EBK/src/tensorflow_lite/tensorflow/lite/kernels/internal\types.h ****   // solves (3) because the values being loaded concurrently are now
 100:C:/Renesas/e2studio_2021_01_workspace_RZA2M_ANPR/ANPR_RZA2M_EBK/src/tensorflow_lite/tensorflow/lite/kernels/internal\types.h ****   // contiguous in the address space, thus don't alias each other in the cache.
 101:C:/Renesas/e2studio_2021_01_workspace_RZA2M_ANPR/ANPR_RZA2M_EBK/src/tensorflow_lite/tensorflow/lite/kernels/internal\types.h ****   //
 102:C:/Renesas/e2studio_2021_01_workspace_RZA2M_ANPR/ANPR_RZA2M_EBK/src/tensorflow_lite/tensorflow/lite/kernels/internal\types.h ****   // On ARM, we typically want our kernel to process a 4x16 block of weights
 103:C:/Renesas/e2studio_2021_01_workspace_RZA2M_ANPR/ANPR_RZA2M_EBK/src/tensorflow_lite/tensorflow/lite/kernels/internal\types.h ****   // at a time, because:
 104:C:/Renesas/e2studio_2021_01_workspace_RZA2M_ANPR/ANPR_RZA2M_EBK/src/tensorflow_lite/tensorflow/lite/kernels/internal\types.h ****   //   - 16 is the number of bytes in a NEON register.
 105:C:/Renesas/e2studio_2021_01_workspace_RZA2M_ANPR/ANPR_RZA2M_EBK/src/tensorflow_lite/tensorflow/lite/kernels/internal\types.h ****   //   - 4 is how many rows we need to handle concurrently in the kernel in
 106:C:/Renesas/e2studio_2021_01_workspace_RZA2M_ANPR/ANPR_RZA2M_EBK/src/tensorflow_lite/tensorflow/lite/kernels/internal\types.h ****   //     order to have sufficient mutual independence of instructions to
 107:C:/Renesas/e2studio_2021_01_workspace_RZA2M_ANPR/ANPR_RZA2M_EBK/src/tensorflow_lite/tensorflow/lite/kernels/internal\types.h ****   //     maximize arithmetic throughput.
 108:C:/Renesas/e2studio_2021_01_workspace_RZA2M_ANPR/ANPR_RZA2M_EBK/src/tensorflow_lite/tensorflow/lite/kernels/internal\types.h ****   //
 109:C:/Renesas/e2studio_2021_01_workspace_RZA2M_ANPR/ANPR_RZA2M_EBK/src/tensorflow_lite/tensorflow/lite/kernels/internal\types.h ****   // Finally, the 'Int8' part in the name refers to the fact that this
 110:C:/Renesas/e2studio_2021_01_workspace_RZA2M_ANPR/ANPR_RZA2M_EBK/src/tensorflow_lite/tensorflow/lite/kernels/internal\types.h ****   // weights format has each weights value encoded as a signed int8_t value,
 111:C:/Renesas/e2studio_2021_01_workspace_RZA2M_ANPR/ANPR_RZA2M_EBK/src/tensorflow_lite/tensorflow/lite/kernels/internal\types.h ****   // even if the data type of the weights buffer is uint8_t.  This is intended
 112:C:/Renesas/e2studio_2021_01_workspace_RZA2M_ANPR/ANPR_RZA2M_EBK/src/tensorflow_lite/tensorflow/lite/kernels/internal\types.h ****   // to save runtime kernels the effort to have to XOR the top bit of these
 113:C:/Renesas/e2studio_2021_01_workspace_RZA2M_ANPR/ANPR_RZA2M_EBK/src/tensorflow_lite/tensorflow/lite/kernels/internal\types.h ****   // bytes before using them in signed arithmetic, see this file for more
 114:C:/Renesas/e2studio_2021_01_workspace_RZA2M_ANPR/ANPR_RZA2M_EBK/src/tensorflow_lite/tensorflow/lite/kernels/internal\types.h ****   // explanations on the 'signed int8_t trick' in matrix multiplication kernels:
 115:C:/Renesas/e2studio_2021_01_workspace_RZA2M_ANPR/ANPR_RZA2M_EBK/src/tensorflow_lite/tensorflow/lite/kernels/internal\types.h ****   //
 116:C:/Renesas/e2studio_2021_01_workspace_RZA2M_ANPR/ANPR_RZA2M_EBK/src/tensorflow_lite/tensorflow/lite/kernels/internal\types.h ****   //   tensorflow/lite/toco/graph_transformations/ensure_uint8_weights_safe_for_fast_int8_kernels.c
 117:C:/Renesas/e2studio_2021_01_workspace_RZA2M_ANPR/ANPR_RZA2M_EBK/src/tensorflow_lite/tensorflow/lite/kernels/internal\types.h ****   //
 118:C:/Renesas/e2studio_2021_01_workspace_RZA2M_ANPR/ANPR_RZA2M_EBK/src/tensorflow_lite/tensorflow/lite/kernels/internal\types.h ****   kShuffled4x16Int8,
 119:C:/Renesas/e2studio_2021_01_workspace_RZA2M_ANPR/ANPR_RZA2M_EBK/src/tensorflow_lite/tensorflow/lite/kernels/internal\types.h **** };
 120:C:/Renesas/e2studio_2021_01_workspace_RZA2M_ANPR/ANPR_RZA2M_EBK/src/tensorflow_lite/tensorflow/lite/kernels/internal\types.h **** 
 121:C:/Renesas/e2studio_2021_01_workspace_RZA2M_ANPR/ANPR_RZA2M_EBK/src/tensorflow_lite/tensorflow/lite/kernels/internal\types.h **** // Quantization parameters, determining the mapping of quantized values
 122:C:/Renesas/e2studio_2021_01_workspace_RZA2M_ANPR/ANPR_RZA2M_EBK/src/tensorflow_lite/tensorflow/lite/kernels/internal\types.h **** // to real values (i.e. determining how quantized values are mathematically
 123:C:/Renesas/e2studio_2021_01_workspace_RZA2M_ANPR/ANPR_RZA2M_EBK/src/tensorflow_lite/tensorflow/lite/kernels/internal\types.h **** // interpreted).
 124:C:/Renesas/e2studio_2021_01_workspace_RZA2M_ANPR/ANPR_RZA2M_EBK/src/tensorflow_lite/tensorflow/lite/kernels/internal\types.h **** //
 125:C:/Renesas/e2studio_2021_01_workspace_RZA2M_ANPR/ANPR_RZA2M_EBK/src/tensorflow_lite/tensorflow/lite/kernels/internal\types.h **** // The correspondence is as follows:
 126:C:/Renesas/e2studio_2021_01_workspace_RZA2M_ANPR/ANPR_RZA2M_EBK/src/tensorflow_lite/tensorflow/lite/kernels/internal\types.h **** //
 127:C:/Renesas/e2studio_2021_01_workspace_RZA2M_ANPR/ANPR_RZA2M_EBK/src/tensorflow_lite/tensorflow/lite/kernels/internal\types.h **** //   real_value = scale * (quantized_value - zero_point);
 128:C:/Renesas/e2studio_2021_01_workspace_RZA2M_ANPR/ANPR_RZA2M_EBK/src/tensorflow_lite/tensorflow/lite/kernels/internal\types.h **** //
 129:C:/Renesas/e2studio_2021_01_workspace_RZA2M_ANPR/ANPR_RZA2M_EBK/src/tensorflow_lite/tensorflow/lite/kernels/internal\types.h **** // In other words, zero_point designates which quantized value corresponds to
 130:C:/Renesas/e2studio_2021_01_workspace_RZA2M_ANPR/ANPR_RZA2M_EBK/src/tensorflow_lite/tensorflow/lite/kernels/internal\types.h **** // the real 0 value, and scale designates the difference between the real values
 131:C:/Renesas/e2studio_2021_01_workspace_RZA2M_ANPR/ANPR_RZA2M_EBK/src/tensorflow_lite/tensorflow/lite/kernels/internal\types.h **** // corresponding to consecutive quantized values differing by 1.
 132:C:/Renesas/e2studio_2021_01_workspace_RZA2M_ANPR/ANPR_RZA2M_EBK/src/tensorflow_lite/tensorflow/lite/kernels/internal\types.h **** struct QuantizationParams {
 133:C:/Renesas/e2studio_2021_01_workspace_RZA2M_ANPR/ANPR_RZA2M_EBK/src/tensorflow_lite/tensorflow/lite/kernels/internal\types.h ****   int32_t zero_point = 0;
 134:C:/Renesas/e2studio_2021_01_workspace_RZA2M_ANPR/ANPR_RZA2M_EBK/src/tensorflow_lite/tensorflow/lite/kernels/internal\types.h ****   double scale = 0.0;
 135:C:/Renesas/e2studio_2021_01_workspace_RZA2M_ANPR/ANPR_RZA2M_EBK/src/tensorflow_lite/tensorflow/lite/kernels/internal\types.h **** };
 136:C:/Renesas/e2studio_2021_01_workspace_RZA2M_ANPR/ANPR_RZA2M_EBK/src/tensorflow_lite/tensorflow/lite/kernels/internal\types.h **** 
 137:C:/Renesas/e2studio_2021_01_workspace_RZA2M_ANPR/ANPR_RZA2M_EBK/src/tensorflow_lite/tensorflow/lite/kernels/internal\types.h **** inline bool operator==(const QuantizationParams& qp1,
 138:C:/Renesas/e2studio_2021_01_workspace_RZA2M_ANPR/ANPR_RZA2M_EBK/src/tensorflow_lite/tensorflow/lite/kernels/internal\types.h ****                        const QuantizationParams& qp2) {
 139:C:/Renesas/e2studio_2021_01_workspace_RZA2M_ANPR/ANPR_RZA2M_EBK/src/tensorflow_lite/tensorflow/lite/kernels/internal\types.h ****   return qp1.zero_point == qp2.zero_point && qp1.scale == qp2.scale;
 140:C:/Renesas/e2studio_2021_01_workspace_RZA2M_ANPR/ANPR_RZA2M_EBK/src/tensorflow_lite/tensorflow/lite/kernels/internal\types.h **** }
 141:C:/Renesas/e2studio_2021_01_workspace_RZA2M_ANPR/ANPR_RZA2M_EBK/src/tensorflow_lite/tensorflow/lite/kernels/internal\types.h **** 
 142:C:/Renesas/e2studio_2021_01_workspace_RZA2M_ANPR/ANPR_RZA2M_EBK/src/tensorflow_lite/tensorflow/lite/kernels/internal\types.h **** template <int N>
 143:C:/Renesas/e2studio_2021_01_workspace_RZA2M_ANPR/ANPR_RZA2M_EBK/src/tensorflow_lite/tensorflow/lite/kernels/internal\types.h **** struct Dims {
 144:C:/Renesas/e2studio_2021_01_workspace_RZA2M_ANPR/ANPR_RZA2M_EBK/src/tensorflow_lite/tensorflow/lite/kernels/internal\types.h ****   int sizes[N];
 145:C:/Renesas/e2studio_2021_01_workspace_RZA2M_ANPR/ANPR_RZA2M_EBK/src/tensorflow_lite/tensorflow/lite/kernels/internal\types.h ****   int strides[N];
 146:C:/Renesas/e2studio_2021_01_workspace_RZA2M_ANPR/ANPR_RZA2M_EBK/src/tensorflow_lite/tensorflow/lite/kernels/internal\types.h **** };
 147:C:/Renesas/e2studio_2021_01_workspace_RZA2M_ANPR/ANPR_RZA2M_EBK/src/tensorflow_lite/tensorflow/lite/kernels/internal\types.h **** 
 148:C:/Renesas/e2studio_2021_01_workspace_RZA2M_ANPR/ANPR_RZA2M_EBK/src/tensorflow_lite/tensorflow/lite/kernels/internal\types.h **** class RuntimeShape {
 149:C:/Renesas/e2studio_2021_01_workspace_RZA2M_ANPR/ANPR_RZA2M_EBK/src/tensorflow_lite/tensorflow/lite/kernels/internal\types.h ****  public:
 150:C:/Renesas/e2studio_2021_01_workspace_RZA2M_ANPR/ANPR_RZA2M_EBK/src/tensorflow_lite/tensorflow/lite/kernels/internal\types.h ****   // Shapes with dimensions up to 5 are stored directly in the structure, while
 151:C:/Renesas/e2studio_2021_01_workspace_RZA2M_ANPR/ANPR_RZA2M_EBK/src/tensorflow_lite/tensorflow/lite/kernels/internal\types.h ****   // larger shapes are separately allocated.
 152:C:/Renesas/e2studio_2021_01_workspace_RZA2M_ANPR/ANPR_RZA2M_EBK/src/tensorflow_lite/tensorflow/lite/kernels/internal\types.h ****   static constexpr int kMaxSmallSize = 5;
 153:C:/Renesas/e2studio_2021_01_workspace_RZA2M_ANPR/ANPR_RZA2M_EBK/src/tensorflow_lite/tensorflow/lite/kernels/internal\types.h **** 
 154:C:/Renesas/e2studio_2021_01_workspace_RZA2M_ANPR/ANPR_RZA2M_EBK/src/tensorflow_lite/tensorflow/lite/kernels/internal\types.h ****   RuntimeShape& operator=(RuntimeShape const&) = delete;
 155:C:/Renesas/e2studio_2021_01_workspace_RZA2M_ANPR/ANPR_RZA2M_EBK/src/tensorflow_lite/tensorflow/lite/kernels/internal\types.h **** 
 156:C:/Renesas/e2studio_2021_01_workspace_RZA2M_ANPR/ANPR_RZA2M_EBK/src/tensorflow_lite/tensorflow/lite/kernels/internal\types.h ****   RuntimeShape() : size_(0) {}
 157:C:/Renesas/e2studio_2021_01_workspace_RZA2M_ANPR/ANPR_RZA2M_EBK/src/tensorflow_lite/tensorflow/lite/kernels/internal\types.h **** 
 158:C:/Renesas/e2studio_2021_01_workspace_RZA2M_ANPR/ANPR_RZA2M_EBK/src/tensorflow_lite/tensorflow/lite/kernels/internal\types.h ****   explicit RuntimeShape(int dimensions_count) : size_(dimensions_count) {
 159:C:/Renesas/e2studio_2021_01_workspace_RZA2M_ANPR/ANPR_RZA2M_EBK/src/tensorflow_lite/tensorflow/lite/kernels/internal\types.h ****     if (dimensions_count > kMaxSmallSize) {
 160:C:/Renesas/e2studio_2021_01_workspace_RZA2M_ANPR/ANPR_RZA2M_EBK/src/tensorflow_lite/tensorflow/lite/kernels/internal\types.h **** #ifdef TF_LITE_STATIC_MEMORY
 161:C:/Renesas/e2studio_2021_01_workspace_RZA2M_ANPR/ANPR_RZA2M_EBK/src/tensorflow_lite/tensorflow/lite/kernels/internal\types.h ****       TFLITE_CHECK(false && "No shape resizing supported on this platform");
 162:C:/Renesas/e2studio_2021_01_workspace_RZA2M_ANPR/ANPR_RZA2M_EBK/src/tensorflow_lite/tensorflow/lite/kernels/internal\types.h **** #else  // TF_LITE_STATIC_MEMORY
 163:C:/Renesas/e2studio_2021_01_workspace_RZA2M_ANPR/ANPR_RZA2M_EBK/src/tensorflow_lite/tensorflow/lite/kernels/internal\types.h ****       dims_pointer_ = new int32_t[dimensions_count];
 164:C:/Renesas/e2studio_2021_01_workspace_RZA2M_ANPR/ANPR_RZA2M_EBK/src/tensorflow_lite/tensorflow/lite/kernels/internal\types.h **** #endif  // TF_LITE_STATIC_MEMORY
 165:C:/Renesas/e2studio_2021_01_workspace_RZA2M_ANPR/ANPR_RZA2M_EBK/src/tensorflow_lite/tensorflow/lite/kernels/internal\types.h ****     }
 166:C:/Renesas/e2studio_2021_01_workspace_RZA2M_ANPR/ANPR_RZA2M_EBK/src/tensorflow_lite/tensorflow/lite/kernels/internal\types.h ****   }
 167:C:/Renesas/e2studio_2021_01_workspace_RZA2M_ANPR/ANPR_RZA2M_EBK/src/tensorflow_lite/tensorflow/lite/kernels/internal\types.h **** 
 168:C:/Renesas/e2studio_2021_01_workspace_RZA2M_ANPR/ANPR_RZA2M_EBK/src/tensorflow_lite/tensorflow/lite/kernels/internal\types.h ****   RuntimeShape(int shape_size, int32_t value) : size_(0) {
 169:C:/Renesas/e2studio_2021_01_workspace_RZA2M_ANPR/ANPR_RZA2M_EBK/src/tensorflow_lite/tensorflow/lite/kernels/internal\types.h ****     Resize(shape_size);
 170:C:/Renesas/e2studio_2021_01_workspace_RZA2M_ANPR/ANPR_RZA2M_EBK/src/tensorflow_lite/tensorflow/lite/kernels/internal\types.h ****     for (int i = 0; i < shape_size; ++i) {
 171:C:/Renesas/e2studio_2021_01_workspace_RZA2M_ANPR/ANPR_RZA2M_EBK/src/tensorflow_lite/tensorflow/lite/kernels/internal\types.h ****       SetDim(i, value);
 172:C:/Renesas/e2studio_2021_01_workspace_RZA2M_ANPR/ANPR_RZA2M_EBK/src/tensorflow_lite/tensorflow/lite/kernels/internal\types.h ****     }
 173:C:/Renesas/e2studio_2021_01_workspace_RZA2M_ANPR/ANPR_RZA2M_EBK/src/tensorflow_lite/tensorflow/lite/kernels/internal\types.h ****   }
 174:C:/Renesas/e2studio_2021_01_workspace_RZA2M_ANPR/ANPR_RZA2M_EBK/src/tensorflow_lite/tensorflow/lite/kernels/internal\types.h **** 
 175:C:/Renesas/e2studio_2021_01_workspace_RZA2M_ANPR/ANPR_RZA2M_EBK/src/tensorflow_lite/tensorflow/lite/kernels/internal\types.h ****   RuntimeShape(int dimensions_count, const int32_t* dims_data) : size_(0) {
 176:C:/Renesas/e2studio_2021_01_workspace_RZA2M_ANPR/ANPR_RZA2M_EBK/src/tensorflow_lite/tensorflow/lite/kernels/internal\types.h ****     ReplaceWith(dimensions_count, dims_data);
 177:C:/Renesas/e2studio_2021_01_workspace_RZA2M_ANPR/ANPR_RZA2M_EBK/src/tensorflow_lite/tensorflow/lite/kernels/internal\types.h ****   }
 178:C:/Renesas/e2studio_2021_01_workspace_RZA2M_ANPR/ANPR_RZA2M_EBK/src/tensorflow_lite/tensorflow/lite/kernels/internal\types.h **** 
 179:C:/Renesas/e2studio_2021_01_workspace_RZA2M_ANPR/ANPR_RZA2M_EBK/src/tensorflow_lite/tensorflow/lite/kernels/internal\types.h ****   RuntimeShape(const std::initializer_list<int> init_list) : size_(0) {
 180:C:/Renesas/e2studio_2021_01_workspace_RZA2M_ANPR/ANPR_RZA2M_EBK/src/tensorflow_lite/tensorflow/lite/kernels/internal\types.h ****     BuildFrom(init_list);
 181:C:/Renesas/e2studio_2021_01_workspace_RZA2M_ANPR/ANPR_RZA2M_EBK/src/tensorflow_lite/tensorflow/lite/kernels/internal\types.h ****   }
 182:C:/Renesas/e2studio_2021_01_workspace_RZA2M_ANPR/ANPR_RZA2M_EBK/src/tensorflow_lite/tensorflow/lite/kernels/internal\types.h **** 
 183:C:/Renesas/e2studio_2021_01_workspace_RZA2M_ANPR/ANPR_RZA2M_EBK/src/tensorflow_lite/tensorflow/lite/kernels/internal\types.h ****   // Avoid using this constructor.  We should be able to delete it when C++17
 184:C:/Renesas/e2studio_2021_01_workspace_RZA2M_ANPR/ANPR_RZA2M_EBK/src/tensorflow_lite/tensorflow/lite/kernels/internal\types.h ****   // rolls out.
 185:C:/Renesas/e2studio_2021_01_workspace_RZA2M_ANPR/ANPR_RZA2M_EBK/src/tensorflow_lite/tensorflow/lite/kernels/internal\types.h ****   RuntimeShape(RuntimeShape const& other) : size_(other.DimensionsCount()) {
 186:C:/Renesas/e2studio_2021_01_workspace_RZA2M_ANPR/ANPR_RZA2M_EBK/src/tensorflow_lite/tensorflow/lite/kernels/internal\types.h ****     if (size_ > kMaxSmallSize) {
 187:C:/Renesas/e2studio_2021_01_workspace_RZA2M_ANPR/ANPR_RZA2M_EBK/src/tensorflow_lite/tensorflow/lite/kernels/internal\types.h **** #ifdef TF_LITE_STATIC_MEMORY
 188:C:/Renesas/e2studio_2021_01_workspace_RZA2M_ANPR/ANPR_RZA2M_EBK/src/tensorflow_lite/tensorflow/lite/kernels/internal\types.h ****       TFLITE_CHECK(false && "No shape resizing supported on this platform");
 189:C:/Renesas/e2studio_2021_01_workspace_RZA2M_ANPR/ANPR_RZA2M_EBK/src/tensorflow_lite/tensorflow/lite/kernels/internal\types.h **** #else
 190:C:/Renesas/e2studio_2021_01_workspace_RZA2M_ANPR/ANPR_RZA2M_EBK/src/tensorflow_lite/tensorflow/lite/kernels/internal\types.h ****       dims_pointer_ = new int32_t[size_];
 191:C:/Renesas/e2studio_2021_01_workspace_RZA2M_ANPR/ANPR_RZA2M_EBK/src/tensorflow_lite/tensorflow/lite/kernels/internal\types.h **** #endif
 192:C:/Renesas/e2studio_2021_01_workspace_RZA2M_ANPR/ANPR_RZA2M_EBK/src/tensorflow_lite/tensorflow/lite/kernels/internal\types.h ****     }
 193:C:/Renesas/e2studio_2021_01_workspace_RZA2M_ANPR/ANPR_RZA2M_EBK/src/tensorflow_lite/tensorflow/lite/kernels/internal\types.h ****     std::memcpy(DimsData(), other.DimsData(), sizeof(int32_t) * size_);
 194:C:/Renesas/e2studio_2021_01_workspace_RZA2M_ANPR/ANPR_RZA2M_EBK/src/tensorflow_lite/tensorflow/lite/kernels/internal\types.h ****   }
 195:C:/Renesas/e2studio_2021_01_workspace_RZA2M_ANPR/ANPR_RZA2M_EBK/src/tensorflow_lite/tensorflow/lite/kernels/internal\types.h **** 
 196:C:/Renesas/e2studio_2021_01_workspace_RZA2M_ANPR/ANPR_RZA2M_EBK/src/tensorflow_lite/tensorflow/lite/kernels/internal\types.h ****   bool operator==(const RuntimeShape& comp) const {
 197:C:/Renesas/e2studio_2021_01_workspace_RZA2M_ANPR/ANPR_RZA2M_EBK/src/tensorflow_lite/tensorflow/lite/kernels/internal\types.h ****     return this->size_ == comp.size_ &&
 198:C:/Renesas/e2studio_2021_01_workspace_RZA2M_ANPR/ANPR_RZA2M_EBK/src/tensorflow_lite/tensorflow/lite/kernels/internal\types.h ****            std::memcmp(DimsData(), comp.DimsData(), size_ * sizeof(int32_t)) ==
 199:C:/Renesas/e2studio_2021_01_workspace_RZA2M_ANPR/ANPR_RZA2M_EBK/src/tensorflow_lite/tensorflow/lite/kernels/internal\types.h ****                0;
 200:C:/Renesas/e2studio_2021_01_workspace_RZA2M_ANPR/ANPR_RZA2M_EBK/src/tensorflow_lite/tensorflow/lite/kernels/internal\types.h ****   }
 201:C:/Renesas/e2studio_2021_01_workspace_RZA2M_ANPR/ANPR_RZA2M_EBK/src/tensorflow_lite/tensorflow/lite/kernels/internal\types.h **** 
 202:C:/Renesas/e2studio_2021_01_workspace_RZA2M_ANPR/ANPR_RZA2M_EBK/src/tensorflow_lite/tensorflow/lite/kernels/internal\types.h ****   ~RuntimeShape() {
 203:C:/Renesas/e2studio_2021_01_workspace_RZA2M_ANPR/ANPR_RZA2M_EBK/src/tensorflow_lite/tensorflow/lite/kernels/internal\types.h ****     if (size_ > kMaxSmallSize) {
 204:C:/Renesas/e2studio_2021_01_workspace_RZA2M_ANPR/ANPR_RZA2M_EBK/src/tensorflow_lite/tensorflow/lite/kernels/internal\types.h **** #ifdef TF_LITE_STATIC_MEMORY
 205:C:/Renesas/e2studio_2021_01_workspace_RZA2M_ANPR/ANPR_RZA2M_EBK/src/tensorflow_lite/tensorflow/lite/kernels/internal\types.h ****       TFLITE_CHECK(false && "No shape resizing supported on this platform");
 206:C:/Renesas/e2studio_2021_01_workspace_RZA2M_ANPR/ANPR_RZA2M_EBK/src/tensorflow_lite/tensorflow/lite/kernels/internal\types.h **** #else  // TF_LITE_STATIC_MEMORY
 207:C:/Renesas/e2studio_2021_01_workspace_RZA2M_ANPR/ANPR_RZA2M_EBK/src/tensorflow_lite/tensorflow/lite/kernels/internal\types.h ****       delete[] dims_pointer_;
 208:C:/Renesas/e2studio_2021_01_workspace_RZA2M_ANPR/ANPR_RZA2M_EBK/src/tensorflow_lite/tensorflow/lite/kernels/internal\types.h **** #endif  // TF_LITE_STATIC_MEMORY
 209:C:/Renesas/e2studio_2021_01_workspace_RZA2M_ANPR/ANPR_RZA2M_EBK/src/tensorflow_lite/tensorflow/lite/kernels/internal\types.h ****     }
 210:C:/Renesas/e2studio_2021_01_workspace_RZA2M_ANPR/ANPR_RZA2M_EBK/src/tensorflow_lite/tensorflow/lite/kernels/internal\types.h ****   }
 211:C:/Renesas/e2studio_2021_01_workspace_RZA2M_ANPR/ANPR_RZA2M_EBK/src/tensorflow_lite/tensorflow/lite/kernels/internal\types.h **** 
 212:C:/Renesas/e2studio_2021_01_workspace_RZA2M_ANPR/ANPR_RZA2M_EBK/src/tensorflow_lite/tensorflow/lite/kernels/internal\types.h ****   inline int32_t DimensionsCount() const { return size_; }
 213:C:/Renesas/e2studio_2021_01_workspace_RZA2M_ANPR/ANPR_RZA2M_EBK/src/tensorflow_lite/tensorflow/lite/kernels/internal\types.h ****   inline int32_t Dims(int i) const {
 214:C:/Renesas/e2studio_2021_01_workspace_RZA2M_ANPR/ANPR_RZA2M_EBK/src/tensorflow_lite/tensorflow/lite/kernels/internal\types.h ****     TFLITE_DCHECK_GE(i, 0);
 215:C:/Renesas/e2studio_2021_01_workspace_RZA2M_ANPR/ANPR_RZA2M_EBK/src/tensorflow_lite/tensorflow/lite/kernels/internal\types.h ****     TFLITE_DCHECK_LT(i, size_);
 216:C:/Renesas/e2studio_2021_01_workspace_RZA2M_ANPR/ANPR_RZA2M_EBK/src/tensorflow_lite/tensorflow/lite/kernels/internal\types.h ****     return size_ > kMaxSmallSize ? dims_pointer_[i] : dims_[i];
 217:C:/Renesas/e2studio_2021_01_workspace_RZA2M_ANPR/ANPR_RZA2M_EBK/src/tensorflow_lite/tensorflow/lite/kernels/internal\types.h ****   }
 218:C:/Renesas/e2studio_2021_01_workspace_RZA2M_ANPR/ANPR_RZA2M_EBK/src/tensorflow_lite/tensorflow/lite/kernels/internal\types.h ****   inline void SetDim(int i, int32_t val) {
 219:C:/Renesas/e2studio_2021_01_workspace_RZA2M_ANPR/ANPR_RZA2M_EBK/src/tensorflow_lite/tensorflow/lite/kernels/internal\types.h ****     TFLITE_DCHECK_GE(i, 0);
 220:C:/Renesas/e2studio_2021_01_workspace_RZA2M_ANPR/ANPR_RZA2M_EBK/src/tensorflow_lite/tensorflow/lite/kernels/internal\types.h ****     TFLITE_DCHECK_LT(i, size_);
 221:C:/Renesas/e2studio_2021_01_workspace_RZA2M_ANPR/ANPR_RZA2M_EBK/src/tensorflow_lite/tensorflow/lite/kernels/internal\types.h ****     if (size_ > kMaxSmallSize) {
 222:C:/Renesas/e2studio_2021_01_workspace_RZA2M_ANPR/ANPR_RZA2M_EBK/src/tensorflow_lite/tensorflow/lite/kernels/internal\types.h ****       dims_pointer_[i] = val;
 223:C:/Renesas/e2studio_2021_01_workspace_RZA2M_ANPR/ANPR_RZA2M_EBK/src/tensorflow_lite/tensorflow/lite/kernels/internal\types.h ****     } else {
 224:C:/Renesas/e2studio_2021_01_workspace_RZA2M_ANPR/ANPR_RZA2M_EBK/src/tensorflow_lite/tensorflow/lite/kernels/internal\types.h ****       dims_[i] = val;
 225:C:/Renesas/e2studio_2021_01_workspace_RZA2M_ANPR/ANPR_RZA2M_EBK/src/tensorflow_lite/tensorflow/lite/kernels/internal\types.h ****     }
 226:C:/Renesas/e2studio_2021_01_workspace_RZA2M_ANPR/ANPR_RZA2M_EBK/src/tensorflow_lite/tensorflow/lite/kernels/internal\types.h ****   }
 227:C:/Renesas/e2studio_2021_01_workspace_RZA2M_ANPR/ANPR_RZA2M_EBK/src/tensorflow_lite/tensorflow/lite/kernels/internal\types.h **** 
 228:C:/Renesas/e2studio_2021_01_workspace_RZA2M_ANPR/ANPR_RZA2M_EBK/src/tensorflow_lite/tensorflow/lite/kernels/internal\types.h ****   inline int32_t* DimsData() {
 229:C:/Renesas/e2studio_2021_01_workspace_RZA2M_ANPR/ANPR_RZA2M_EBK/src/tensorflow_lite/tensorflow/lite/kernels/internal\types.h ****     return size_ > kMaxSmallSize ? dims_pointer_ : dims_;
 230:C:/Renesas/e2studio_2021_01_workspace_RZA2M_ANPR/ANPR_RZA2M_EBK/src/tensorflow_lite/tensorflow/lite/kernels/internal\types.h ****   }
 231:C:/Renesas/e2studio_2021_01_workspace_RZA2M_ANPR/ANPR_RZA2M_EBK/src/tensorflow_lite/tensorflow/lite/kernels/internal\types.h ****   inline const int32_t* DimsData() const {
 232:C:/Renesas/e2studio_2021_01_workspace_RZA2M_ANPR/ANPR_RZA2M_EBK/src/tensorflow_lite/tensorflow/lite/kernels/internal\types.h ****     return size_ > kMaxSmallSize ? dims_pointer_ : dims_;
 233:C:/Renesas/e2studio_2021_01_workspace_RZA2M_ANPR/ANPR_RZA2M_EBK/src/tensorflow_lite/tensorflow/lite/kernels/internal\types.h ****   }
 234:C:/Renesas/e2studio_2021_01_workspace_RZA2M_ANPR/ANPR_RZA2M_EBK/src/tensorflow_lite/tensorflow/lite/kernels/internal\types.h ****   // The caller must ensure that the shape is no bigger than 5-D.
 235:C:/Renesas/e2studio_2021_01_workspace_RZA2M_ANPR/ANPR_RZA2M_EBK/src/tensorflow_lite/tensorflow/lite/kernels/internal\types.h ****   inline const int32_t* DimsDataUpTo5D() const { return dims_; }
 236:C:/Renesas/e2studio_2021_01_workspace_RZA2M_ANPR/ANPR_RZA2M_EBK/src/tensorflow_lite/tensorflow/lite/kernels/internal\types.h **** 
 237:C:/Renesas/e2studio_2021_01_workspace_RZA2M_ANPR/ANPR_RZA2M_EBK/src/tensorflow_lite/tensorflow/lite/kernels/internal\types.h ****   inline void Resize(int dimensions_count) {
 238:C:/Renesas/e2studio_2021_01_workspace_RZA2M_ANPR/ANPR_RZA2M_EBK/src/tensorflow_lite/tensorflow/lite/kernels/internal\types.h ****     if (size_ > kMaxSmallSize) {
 239:C:/Renesas/e2studio_2021_01_workspace_RZA2M_ANPR/ANPR_RZA2M_EBK/src/tensorflow_lite/tensorflow/lite/kernels/internal\types.h **** #ifdef TF_LITE_STATIC_MEMORY
 240:C:/Renesas/e2studio_2021_01_workspace_RZA2M_ANPR/ANPR_RZA2M_EBK/src/tensorflow_lite/tensorflow/lite/kernels/internal\types.h ****       TFLITE_CHECK(false && "No shape resizing supported on this platform");
 241:C:/Renesas/e2studio_2021_01_workspace_RZA2M_ANPR/ANPR_RZA2M_EBK/src/tensorflow_lite/tensorflow/lite/kernels/internal\types.h **** #else  // TF_LITE_STATIC_MEMORY
 242:C:/Renesas/e2studio_2021_01_workspace_RZA2M_ANPR/ANPR_RZA2M_EBK/src/tensorflow_lite/tensorflow/lite/kernels/internal\types.h ****       delete[] dims_pointer_;
 243:C:/Renesas/e2studio_2021_01_workspace_RZA2M_ANPR/ANPR_RZA2M_EBK/src/tensorflow_lite/tensorflow/lite/kernels/internal\types.h **** #endif  // TF_LITE_STATIC_MEMORY
 244:C:/Renesas/e2studio_2021_01_workspace_RZA2M_ANPR/ANPR_RZA2M_EBK/src/tensorflow_lite/tensorflow/lite/kernels/internal\types.h ****     }
 245:C:/Renesas/e2studio_2021_01_workspace_RZA2M_ANPR/ANPR_RZA2M_EBK/src/tensorflow_lite/tensorflow/lite/kernels/internal\types.h ****     size_ = dimensions_count;
 246:C:/Renesas/e2studio_2021_01_workspace_RZA2M_ANPR/ANPR_RZA2M_EBK/src/tensorflow_lite/tensorflow/lite/kernels/internal\types.h ****     if (dimensions_count > kMaxSmallSize) {
 108              		.loc 2 246 0
 109 0020 050052E3 		cmp	r2, #5
 245:C:/Renesas/e2studio_2021_01_workspace_RZA2M_ANPR/ANPR_RZA2M_EBK/src/tensorflow_lite/tensorflow/lite/kernels/internal\types.h ****     if (dimensions_count > kMaxSmallSize) {
 110              		.loc 2 245 0
 111 0024 002080E5 		str	r2, [r0]
 112              		.loc 2 246 0
 113 0028 0D0000DA 		ble	.L13
 247:C:/Renesas/e2studio_2021_01_workspace_RZA2M_ANPR/ANPR_RZA2M_EBK/src/tensorflow_lite/tensorflow/lite/kernels/internal\types.h **** #ifdef TF_LITE_STATIC_MEMORY
 248:C:/Renesas/e2studio_2021_01_workspace_RZA2M_ANPR/ANPR_RZA2M_EBK/src/tensorflow_lite/tensorflow/lite/kernels/internal\types.h ****       TFLITE_CHECK(false && "No shape resizing supported on this platform");
 249:C:/Renesas/e2studio_2021_01_workspace_RZA2M_ANPR/ANPR_RZA2M_EBK/src/tensorflow_lite/tensorflow/lite/kernels/internal\types.h **** #else  // TF_LITE_STATIC_MEMORY
 250:C:/Renesas/e2studio_2021_01_workspace_RZA2M_ANPR/ANPR_RZA2M_EBK/src/tensorflow_lite/tensorflow/lite/kernels/internal\types.h ****       dims_pointer_ = new int32_t[dimensions_count];
 114              		.loc 2 250 0
 115 002c 2E0272E3 		cmn	r2, #-536870910
 116 0030 120000CA 		bgt	.L14
 117 0034 0241A0E1 		lsl	r4, r2, #2
 118 0038 0400A0E1 		mov	r0, r4
 119              	.LVL9:
 120 003c FEFFFFEB 		bl	_Znaj
 121              	.LVL10:
 122              	.LBE24:
 123              	.LBE23:
 124              	.LBB27:
 125              	.LBB28:
 229:C:/Renesas/e2studio_2021_01_workspace_RZA2M_ANPR/ANPR_RZA2M_EBK/src/tensorflow_lite/tensorflow/lite/kernels/internal\types.h ****   }
 126              		.loc 2 229 0
 127 0040 003095E5 		ldr	r3, [r5]
 128              	.LBE28:
 129              	.LBE27:
 130              	.LBB30:
 131              	.LBB25:
 132              		.loc 2 250 0
 133 0044 040085E5 		str	r0, [r5, #4]
 134              	.LVL11:
 135              	.LBE25:
 136              	.LBE30:
 137              	.LBB31:
 138              	.LBB29:
 229:C:/Renesas/e2studio_2021_01_workspace_RZA2M_ANPR/ANPR_RZA2M_EBK/src/tensorflow_lite/tensorflow/lite/kernels/internal\types.h ****   }
 139              		.loc 2 229 0
 140 0048 050053E3 		cmp	r3, #5
 141 004c 050000DA 		ble	.L16
 142              	.L17:
 143              	.LVL12:
 144              	.LBE29:
 145              	.LBE31:
 251:C:/Renesas/e2studio_2021_01_workspace_RZA2M_ANPR/ANPR_RZA2M_EBK/src/tensorflow_lite/tensorflow/lite/kernels/internal\types.h **** #endif  // TF_LITE_STATIC_MEMORY
 252:C:/Renesas/e2studio_2021_01_workspace_RZA2M_ANPR/ANPR_RZA2M_EBK/src/tensorflow_lite/tensorflow/lite/kernels/internal\types.h ****     }
 253:C:/Renesas/e2studio_2021_01_workspace_RZA2M_ANPR/ANPR_RZA2M_EBK/src/tensorflow_lite/tensorflow/lite/kernels/internal\types.h ****   }
 254:C:/Renesas/e2studio_2021_01_workspace_RZA2M_ANPR/ANPR_RZA2M_EBK/src/tensorflow_lite/tensorflow/lite/kernels/internal\types.h **** 
 255:C:/Renesas/e2studio_2021_01_workspace_RZA2M_ANPR/ANPR_RZA2M_EBK/src/tensorflow_lite/tensorflow/lite/kernels/internal\types.h ****   inline void ReplaceWith(int dimensions_count, const int32_t* dims_data) {
 256:C:/Renesas/e2studio_2021_01_workspace_RZA2M_ANPR/ANPR_RZA2M_EBK/src/tensorflow_lite/tensorflow/lite/kernels/internal\types.h ****     Resize(dimensions_count);
 257:C:/Renesas/e2studio_2021_01_workspace_RZA2M_ANPR/ANPR_RZA2M_EBK/src/tensorflow_lite/tensorflow/lite/kernels/internal\types.h ****     int32_t* dst_dims = DimsData();
 258:C:/Renesas/e2studio_2021_01_workspace_RZA2M_ANPR/ANPR_RZA2M_EBK/src/tensorflow_lite/tensorflow/lite/kernels/internal\types.h ****     std::memcpy(dst_dims, dims_data, dimensions_count * sizeof(int32_t));
 146              		.loc 2 258 0
 147 0050 0420A0E1 		mov	r2, r4
 148 0054 041086E2 		add	r1, r6, #4
 149 0058 FEFFFFEB 		bl	memcpy
 150              	.LVL13:
 151              	.LBE22:
 152              	.LBE21:
 153              	.LBE20:
  36:../src/tensorflow_lite/tensorflow/lite/micro/kernels/kernel_util.cc ****   const int32_t* dims_data = reinterpret_cast<const int32_t*>(dims->data);
  37:../src/tensorflow_lite/tensorflow/lite/micro/kernels/kernel_util.cc ****   return RuntimeShape(dims_size, dims_data);
  38:../src/tensorflow_lite/tensorflow/lite/micro/kernels/kernel_util.cc **** }
 154              		.loc 1 38 0
 155 005c 0500A0E1 		mov	r0, r5
 156 0060 7080BDE8 		pop	{r4, r5, r6, pc}
 157              	.LVL14:
 158              	.L13:
 159 0064 0241A0E1 		lsl	r4, r2, #2
 160              	.LVL15:
 161              	.L16:
 162 0068 040085E2 		add	r0, r5, #4
 163 006c F7FFFFEA 		b	.L17
 164              	.LVL16:
 165              	.L10:
 166              	.LBB35:
 167              	.LBB36:
 156:C:/Renesas/e2studio_2021_01_workspace_RZA2M_ANPR/ANPR_RZA2M_EBK/src/tensorflow_lite/tensorflow/lite/kernels/internal\types.h **** 
 168              		.loc 2 156 0
 169 0070 0030A0E3 		mov	r3, #0
 170              	.LBE36:
 171              	.LBE35:
 172              		.loc 1 38 0
 173 0074 0500A0E1 		mov	r0, r5
 174              	.LVL17:
 175              	.LBB38:
 176              	.LBB37:
 156:C:/Renesas/e2studio_2021_01_workspace_RZA2M_ANPR/ANPR_RZA2M_EBK/src/tensorflow_lite/tensorflow/lite/kernels/internal\types.h **** 
 177              		.loc 2 156 0
 178 0078 003085E5 		str	r3, [r5]
 179              	.LBE37:
 180              	.LBE38:
 181              		.loc 1 38 0
 182 007c 7080BDE8 		pop	{r4, r5, r6, pc}
 183              	.LVL18:
 184              	.L14:
 185              	.LBB39:
 186              	.LBB34:
 187              	.LBB33:
 188              	.LBB32:
 189              	.LBB26:
 250:C:/Renesas/e2studio_2021_01_workspace_RZA2M_ANPR/ANPR_RZA2M_EBK/src/tensorflow_lite/tensorflow/lite/kernels/internal\types.h **** #endif  // TF_LITE_STATIC_MEMORY
 190              		.loc 2 250 0
 191 0080 FEFFFFEB 		bl	__cxa_throw_bad_array_new_length
 192              	.LVL19:
 193              	.LBE26:
 194              	.LBE32:
 195              	.LBE33:
 196              	.LBE34:
 197              	.LBE39:
 198              		.cfi_endproc
 199              	.LFE900:
 200              		.fnend
 202              		.section	.text._ZN6tflite5micro18RuntimePaddingTypeE13TfLitePadding,"ax",%progbits
 203              		.align	2
 204              		.global	_ZN6tflite5micro18RuntimePaddingTypeE13TfLitePadding
 205              		.syntax unified
 206              		.arm
 207              		.fpu neon
 209              	_ZN6tflite5micro18RuntimePaddingTypeE13TfLitePadding:
 210              		.fnstart
 211              	.LFB901:
  39:../src/tensorflow_lite/tensorflow/lite/micro/kernels/kernel_util.cc **** 
  40:../src/tensorflow_lite/tensorflow/lite/micro/kernels/kernel_util.cc **** PaddingType RuntimePaddingType(TfLitePadding padding) {
 212              		.loc 1 40 0
 213              		.cfi_startproc
 214              		@ args = 0, pretend = 0, frame = 0
 215              		@ frame_needed = 0, uses_anonymous_args = 0
 216              		@ link register save eliminated.
 217              	.LVL20:
  41:../src/tensorflow_lite/tensorflow/lite/micro/kernels/kernel_util.cc ****   switch (padding) {
 218              		.loc 1 41 0
 219 0000 010050E3 		cmp	r0, #1
 220 0004 1EFF2F01 		bxeq	lr
 221 0008 020050E3 		cmp	r0, #2
  42:../src/tensorflow_lite/tensorflow/lite/micro/kernels/kernel_util.cc ****     case TfLitePadding::kTfLitePaddingSame:
  43:../src/tensorflow_lite/tensorflow/lite/micro/kernels/kernel_util.cc ****       return PaddingType::kSame;
  44:../src/tensorflow_lite/tensorflow/lite/micro/kernels/kernel_util.cc ****     case TfLitePadding::kTfLitePaddingValid:
  45:../src/tensorflow_lite/tensorflow/lite/micro/kernels/kernel_util.cc ****       return PaddingType::kValid;
  46:../src/tensorflow_lite/tensorflow/lite/micro/kernels/kernel_util.cc ****     case TfLitePadding::kTfLitePaddingUnknown:
  47:../src/tensorflow_lite/tensorflow/lite/micro/kernels/kernel_util.cc ****     default:
  48:../src/tensorflow_lite/tensorflow/lite/micro/kernels/kernel_util.cc ****       return PaddingType::kNone;
 222              		.loc 1 48 0
 223 000c 0200A003 		moveq	r0, #2
 224              	.LVL21:
 225 0010 0000A013 		movne	r0, #0
  49:../src/tensorflow_lite/tensorflow/lite/micro/kernels/kernel_util.cc ****   }
  50:../src/tensorflow_lite/tensorflow/lite/micro/kernels/kernel_util.cc **** }
 226              		.loc 1 50 0
 227 0014 1EFF2FE1 		bx	lr
 228              		.cfi_endproc
 229              	.LFE901:
 230              		.cantunwind
 231              		.fnend
 233              		.section	.text._ZN6tflite5micro32CreateWritableTensorDimsWithCopyEP13TfLiteContextP12TfLiteTensorP
 234              		.align	2
 235              		.global	_ZN6tflite5micro32CreateWritableTensorDimsWithCopyEP13TfLiteContextP12TfLiteTensorP16TfLit
 236              		.syntax unified
 237              		.arm
 238              		.fpu neon
 240              	_ZN6tflite5micro32CreateWritableTensorDimsWithCopyEP13TfLiteContextP12TfLiteTensorP16TfLiteEvalTens
 241              		.fnstart
 242              	.LFB902:
  51:../src/tensorflow_lite/tensorflow/lite/micro/kernels/kernel_util.cc **** 
  52:../src/tensorflow_lite/tensorflow/lite/micro/kernels/kernel_util.cc **** // Relocate tensor dims from FlatBuffer to the persistent storage arena.
  53:../src/tensorflow_lite/tensorflow/lite/micro/kernels/kernel_util.cc **** // The old dims data is copied to the new storage area.
  54:../src/tensorflow_lite/tensorflow/lite/micro/kernels/kernel_util.cc **** // The tensor and eval_tensor must be the same tensor.
  55:../src/tensorflow_lite/tensorflow/lite/micro/kernels/kernel_util.cc **** // Only use during Prepare phase.
  56:../src/tensorflow_lite/tensorflow/lite/micro/kernels/kernel_util.cc **** TfLiteStatus CreateWritableTensorDimsWithCopy(TfLiteContext* context,
  57:../src/tensorflow_lite/tensorflow/lite/micro/kernels/kernel_util.cc ****                                               TfLiteTensor* tensor,
  58:../src/tensorflow_lite/tensorflow/lite/micro/kernels/kernel_util.cc ****                                               TfLiteEvalTensor* eval_tensor) {
 243              		.loc 1 58 0
 244              		.cfi_startproc
 245              		@ args = 0, pretend = 0, frame = 0
 246              		@ frame_needed = 0, uses_anonymous_args = 0
 247              	.LVL22:
 248 0000 F0402DE9 		push	{r4, r5, r6, r7, lr}
 249              		.save {r4, r5, r6, r7, lr}
 250              		.cfi_def_cfa_offset 20
 251              		.cfi_offset 4, -20
 252              		.cfi_offset 5, -16
 253              		.cfi_offset 6, -12
 254              		.cfi_offset 7, -8
 255              		.cfi_offset 14, -4
  59:../src/tensorflow_lite/tensorflow/lite/micro/kernels/kernel_util.cc ****   TF_LITE_ENSURE(context, tensor != nullptr);
 256              		.loc 1 59 0
 257 0004 005051E2 		subs	r5, r1, #0
  58:../src/tensorflow_lite/tensorflow/lite/micro/kernels/kernel_util.cc ****   TF_LITE_ENSURE(context, tensor != nullptr);
 258              		.loc 1 58 0
 259              		.pad #12
 260 0008 0CD04DE2 		sub	sp, sp, #12
 261              		.cfi_def_cfa_offset 32
  58:../src/tensorflow_lite/tensorflow/lite/micro/kernels/kernel_util.cc ****   TF_LITE_ENSURE(context, tensor != nullptr);
 262              		.loc 1 58 0
 263 000c 0060A0E1 		mov	r6, r0
 264              		.loc 1 59 0
 265 0010 5900000A 		beq	.L43
  60:../src/tensorflow_lite/tensorflow/lite/micro/kernels/kernel_util.cc ****   TF_LITE_ENSURE(context, eval_tensor != nullptr);
 266              		.loc 1 60 0
 267 0014 000052E3 		cmp	r2, #0
 268 0018 0270A0E1 		mov	r7, r2
 269 001c 4A00000A 		beq	.L44
  61:../src/tensorflow_lite/tensorflow/lite/micro/kernels/kernel_util.cc ****   int ranks = tensor->dims->size;
 270              		.loc 1 61 0
 271 0020 083095E5 		ldr	r3, [r5, #8]
 272 0024 004093E5 		ldr	r4, [r3]
 273              	.LVL23:
  62:../src/tensorflow_lite/tensorflow/lite/micro/kernels/kernel_util.cc ****   size_t alloc_size = TfLiteIntArrayGetSizeInBytes(ranks);
 274              		.loc 1 62 0
 275 0028 0400A0E1 		mov	r0, r4
 276              	.LVL24:
 277 002c FEFFFFEB 		bl	TfLiteIntArrayGetSizeInBytes
 278              	.LVL25:
  63:../src/tensorflow_lite/tensorflow/lite/micro/kernels/kernel_util.cc ****   TfLiteIntArray* new_dims = static_cast<TfLiteIntArray*>(
  64:../src/tensorflow_lite/tensorflow/lite/micro/kernels/kernel_util.cc ****       context->AllocatePersistentBuffer(context, alloc_size));
 279              		.loc 1 64 0
 280 0030 383096E5 		ldr	r3, [r6, #56]
 281 0034 0010A0E1 		mov	r1, r0
 282 0038 0600A0E1 		mov	r0, r6
 283              	.LVL26:
 284 003c 33FF2FE1 		blx	r3
 285              	.LVL27:
 286              	.LBB40:
  65:../src/tensorflow_lite/tensorflow/lite/micro/kernels/kernel_util.cc ****   TfLiteIntArray* old_dims = tensor->dims;
  66:../src/tensorflow_lite/tensorflow/lite/micro/kernels/kernel_util.cc ****   new_dims->size = ranks;
  67:../src/tensorflow_lite/tensorflow/lite/micro/kernels/kernel_util.cc ****   tensor->dims = new_dims;
  68:../src/tensorflow_lite/tensorflow/lite/micro/kernels/kernel_util.cc ****   eval_tensor->dims = new_dims;
  69:../src/tensorflow_lite/tensorflow/lite/micro/kernels/kernel_util.cc ****   for (int i = 0; i < ranks; i++) {
 287              		.loc 1 69 0
 288 0040 000054E3 		cmp	r4, #0
 289              	.LBE40:
  65:../src/tensorflow_lite/tensorflow/lite/micro/kernels/kernel_util.cc ****   TfLiteIntArray* old_dims = tensor->dims;
 290              		.loc 1 65 0
 291 0044 08C095E5 		ldr	ip, [r5, #8]
 292              	.LVL28:
  66:../src/tensorflow_lite/tensorflow/lite/micro/kernels/kernel_util.cc ****   tensor->dims = new_dims;
 293              		.loc 1 66 0
 294 0048 004080E5 		str	r4, [r0]
  67:../src/tensorflow_lite/tensorflow/lite/micro/kernels/kernel_util.cc ****   eval_tensor->dims = new_dims;
 295              		.loc 1 67 0
 296 004c 080085E5 		str	r0, [r5, #8]
  68:../src/tensorflow_lite/tensorflow/lite/micro/kernels/kernel_util.cc ****   for (int i = 0; i < ranks; i++) {
 297              		.loc 1 68 0
 298 0050 040087E5 		str	r0, [r7, #4]
 299              	.LVL29:
 300              	.LBB41:
 301              		.loc 1 69 0
 302 0054 330000DA 		ble	.L37
 303 0058 143080E2 		add	r3, r0, #20
 304 005c 04208CE2 		add	r2, ip, #4
 305 0060 041080E2 		add	r1, r0, #4
 306 0064 14E08CE2 		add	lr, ip, #20
 307 0068 0E0051E1 		cmp	r1, lr
 308 006c 03005231 		cmpcc	r2, r3
 309 0070 02E081E1 		orr	lr, r1, r2
 310 0074 0130A023 		movcs	r3, #1
 311 0078 0030A033 		movcc	r3, #0
 312 007c 090054E3 		cmp	r4, #9
 313 0080 0030A093 		movls	r3, #0
 314 0084 01300382 		andhi	r3, r3, #1
 315 0088 0F001EE3 		tst	lr, #15
 316 008c 0030A013 		movne	r3, #0
 317 0090 01300302 		andeq	r3, r3, #1
 318 0094 000053E3 		cmp	r3, #0
 319 0098 2500000A 		beq	.L39
 320 009c 04E044E2 		sub	lr, r4, #4
 321 00a0 0050A0E3 		mov	r5, #0
 322              	.LVL30:
 323 00a4 2EE1A0E1 		lsr	lr, lr, #2
 324 00a8 01E08EE2 		add	lr, lr, #1
 325 00ac 0E31A0E1 		lsl	r3, lr, #2
 326              	.LVL31:
 327              	.L34:
 328 00b0 015085E2 		add	r5, r5, #1
  70:../src/tensorflow_lite/tensorflow/lite/micro/kernels/kernel_util.cc ****     new_dims->data[i] = old_dims->data[i];
 329              		.loc 1 70 0 discriminator 2
 330 00b4 DF0A62F4 		vld1.64	{d16-d17}, [r2:64]
 331 00b8 05005EE1 		cmp	lr, r5
 332 00bc 102082E2 		add	r2, r2, #16
 333 00c0 DF0A41F4 		vst1.64	{d16-d17}, [r1:64]
 334 00c4 101081E2 		add	r1, r1, #16
 335 00c8 F8FFFF8A 		bhi	.L34
 336 00cc 030054E1 		cmp	r4, r3
 337 00d0 1400000A 		beq	.L37
 338              	.LVL32:
 339              		.loc 1 70 0 is_stmt 0
 340 00d4 0311A0E1 		lsl	r1, r3, #2
  69:../src/tensorflow_lite/tensorflow/lite/micro/kernels/kernel_util.cc ****     new_dims->data[i] = old_dims->data[i];
 341              		.loc 1 69 0 is_stmt 1
 342 00d8 012083E2 		add	r2, r3, #1
 343              	.LVL33:
 344 00dc 020054E1 		cmp	r4, r2
 345              		.loc 1 70 0
 346 00e0 01E08CE0 		add	lr, ip, r1
 347 00e4 011080E0 		add	r1, r0, r1
 348 00e8 04E09EE5 		ldr	lr, [lr, #4]
 349 00ec 04E081E5 		str	lr, [r1, #4]
  69:../src/tensorflow_lite/tensorflow/lite/micro/kernels/kernel_util.cc ****     new_dims->data[i] = old_dims->data[i];
 350              		.loc 1 69 0
 351 00f0 0C0000DA 		ble	.L37
 352              		.loc 1 70 0
 353 00f4 0221A0E1 		lsl	r2, r2, #2
 354              	.LVL34:
  69:../src/tensorflow_lite/tensorflow/lite/micro/kernels/kernel_util.cc ****     new_dims->data[i] = old_dims->data[i];
 355              		.loc 1 69 0
 356 00f8 023083E2 		add	r3, r3, #2
 357              	.LVL35:
 358 00fc 030054E1 		cmp	r4, r3
 359              		.loc 1 70 0
 360 0100 02108CE0 		add	r1, ip, r2
 361 0104 022080E0 		add	r2, r0, r2
 362 0108 041091E5 		ldr	r1, [r1, #4]
 363 010c 041082E5 		str	r1, [r2, #4]
 364              	.LVL36:
  69:../src/tensorflow_lite/tensorflow/lite/micro/kernels/kernel_util.cc ****     new_dims->data[i] = old_dims->data[i];
 365              		.loc 1 69 0
 366 0110 040000DA 		ble	.L37
 367              		.loc 1 70 0
 368 0114 0331A0E1 		lsl	r3, r3, #2
 369 0118 03C08CE0 		add	ip, ip, r3
 370              	.LVL37:
 371 011c 033080E0 		add	r3, r0, r3
 372 0120 04209CE5 		ldr	r2, [ip, #4]
 373 0124 042083E5 		str	r2, [r3, #4]
 374              	.LVL38:
 375              	.L37:
 376              	.LBE41:
  71:../src/tensorflow_lite/tensorflow/lite/micro/kernels/kernel_util.cc ****   }
  72:../src/tensorflow_lite/tensorflow/lite/micro/kernels/kernel_util.cc **** 
  73:../src/tensorflow_lite/tensorflow/lite/micro/kernels/kernel_util.cc ****   return kTfLiteOk;
 377              		.loc 1 73 0
 378 0128 0000A0E3 		mov	r0, #0
 379              	.LVL39:
 380              	.L29:
  74:../src/tensorflow_lite/tensorflow/lite/micro/kernels/kernel_util.cc **** }
 381              		.loc 1 74 0
 382 012c 0CD08DE2 		add	sp, sp, #12
 383              		.cfi_remember_state
 384              		.cfi_def_cfa_offset 20
 385              		@ sp needed
 386 0130 F080BDE8 		pop	{r4, r5, r6, r7, pc}
 387              	.LVL40:
 388              	.L39:
 389              		.cfi_restore_state
 390              	.LBB42:
  69:../src/tensorflow_lite/tensorflow/lite/micro/kernels/kernel_util.cc ****     new_dims->data[i] = old_dims->data[i];
 391              		.loc 1 69 0
 392 0134 013083E2 		add	r3, r3, #1
 393              	.LVL41:
  70:../src/tensorflow_lite/tensorflow/lite/micro/kernels/kernel_util.cc ****   }
 394              		.loc 1 70 0
 395 0138 040092E4 		ldr	r0, [r2], #4
  69:../src/tensorflow_lite/tensorflow/lite/micro/kernels/kernel_util.cc ****     new_dims->data[i] = old_dims->data[i];
 396              		.loc 1 69 0
 397 013c 030054E1 		cmp	r4, r3
  70:../src/tensorflow_lite/tensorflow/lite/micro/kernels/kernel_util.cc ****   }
 398              		.loc 1 70 0
 399 0140 040081E4 		str	r0, [r1], #4
  69:../src/tensorflow_lite/tensorflow/lite/micro/kernels/kernel_util.cc ****     new_dims->data[i] = old_dims->data[i];
 400              		.loc 1 69 0
 401 0144 FAFFFF1A 		bne	.L39
 402 0148 F6FFFFEA 		b	.L37
 403              	.LVL42:
 404              	.L44:
 405              	.LBE42:
  60:../src/tensorflow_lite/tensorflow/lite/micro/kernels/kernel_util.cc ****   int ranks = tensor->dims->size;
 406              		.loc 1 60 0 discriminator 1
 407 014c 003000E3 		movw	r3, #:lower16:.LC3
 408 0150 002000E3 		movw	r2, #:lower16:.LC0
 409              	.LVL43:
 410 0154 003040E3 		movt	r3, #:upper16:.LC3
 411 0158 001000E3 		movw	r1, #:lower16:.LC1
 412              	.LVL44:
 413 015c 144090E5 		ldr	r4, [r0, #20]
 414 0160 002040E3 		movt	r2, #:upper16:.LC0
 415 0164 00308DE5 		str	r3, [sp]
 416 0168 001040E3 		movt	r1, #:upper16:.LC1
 417 016c 3C30A0E3 		mov	r3, #60
 418 0170 34FF2FE1 		blx	r4
 419              	.LVL45:
 420 0174 0100A0E3 		mov	r0, #1
 421 0178 EBFFFFEA 		b	.L29
 422              	.LVL46:
 423              	.L43:
  59:../src/tensorflow_lite/tensorflow/lite/micro/kernels/kernel_util.cc ****   TF_LITE_ENSURE(context, eval_tensor != nullptr);
 424              		.loc 1 59 0 discriminator 1
 425 017c 003000E3 		movw	r3, #:lower16:.LC2
 426 0180 002000E3 		movw	r2, #:lower16:.LC0
 427              	.LVL47:
 428 0184 003040E3 		movt	r3, #:upper16:.LC2
 429 0188 001000E3 		movw	r1, #:lower16:.LC1
 430              	.LVL48:
 431 018c 144090E5 		ldr	r4, [r0, #20]
 432 0190 002040E3 		movt	r2, #:upper16:.LC0
 433 0194 00308DE5 		str	r3, [sp]
 434 0198 001040E3 		movt	r1, #:upper16:.LC1
 435 019c 3B30A0E3 		mov	r3, #59
 436 01a0 34FF2FE1 		blx	r4
 437              	.LVL49:
 438 01a4 0100A0E3 		mov	r0, #1
 439 01a8 DFFFFFEA 		b	.L29
 440              		.cfi_endproc
 441              	.LFE902:
 442              		.fnend
 444              		.section	.rodata._ZN6tflite5micro32CreateWritableTensorDimsWithCopyEP13TfLiteContextP12TfLiteTenso
 445              		.align	2
 446              	.LC0:
 447 0000 2E2E2F73 		.ascii	"../src/tensorflow_lite/tensorflow/lite/micro/kernel"
 447      72632F74 
 447      656E736F 
 447      72666C6F 
 447      775F6C69 
 448 0033 732F6B65 		.ascii	"s/kernel_util.cc\000"
 448      726E656C 
 448      5F757469 
 448      6C2E6363 
 448      00
 449              	.LC1:
 450 0044 25733A25 		.ascii	"%s:%d %s was not true.\000"
 450      64202573 
 450      20776173 
 450      206E6F74 
 450      20747275 
 451 005b 00       		.space	1
 452              	.LC2:
 453 005c 74656E73 		.ascii	"tensor != nullptr\000"
 453      6F722021 
 453      3D206E75 
 453      6C6C7074 
 453      7200
 454 006e 0000     		.space	2
 455              	.LC3:
 456 0070 6576616C 		.ascii	"eval_tensor != nullptr\000"
 456      5F74656E 
 456      736F7220 
 456      213D206E 
 456      756C6C70 
 457              		.text
 458              	.Letext0:
 459              		.file 3 "c:\\program files (x86)\\gnu tools arm embedded\\6 2017-q2-update\\arm-none-eabi\\include
 460              		.file 4 "c:\\program files (x86)\\gnu tools arm embedded\\6 2017-q2-update\\arm-none-eabi\\include
 461              		.file 5 "c:\\program files (x86)\\gnu tools arm embedded\\6 2017-q2-update\\arm-none-eabi\\include
 462              		.file 6 "c:\\program files (x86)\\gnu tools arm embedded\\6 2017-q2-update\\arm-none-eabi\\include
 463              		.file 7 "c:\\program files (x86)\\gnu tools arm embedded\\6 2017-q2-update\\arm-none-eabi\\include
 464              		.file 8 "c:\\program files (x86)\\gnu tools arm embedded\\6 2017-q2-update\\arm-none-eabi\\include
 465              		.file 9 "c:\\program files (x86)\\gnu tools arm embedded\\6 2017-q2-update\\arm-none-eabi\\include
 466              		.file 10 "c:\\program files (x86)\\gnu tools arm embedded\\6 2017-q2-update\\arm-none-eabi\\includ
 467              		.file 11 "c:\\program files (x86)\\gnu tools arm embedded\\6 2017-q2-update\\arm-none-eabi\\includ
 468              		.file 12 "c:\\program files (x86)\\gnu tools arm embedded\\6 2017-q2-update\\arm-none-eabi\\includ
 469              		.file 13 "c:\\program files (x86)\\gnu tools arm embedded\\6 2017-q2-update\\arm-none-eabi\\includ
 470              		.file 14 "c:\\program files (x86)\\gnu tools arm embedded\\6 2017-q2-update\\arm-none-eabi\\includ
 471              		.file 15 "c:\\program files (x86)\\gnu tools arm embedded\\6 2017-q2-update\\arm-none-eabi\\includ
 472              		.file 16 "c:\\program files (x86)\\gnu tools arm embedded\\6 2017-q2-update\\arm-none-eabi\\includ
 473              		.file 17 "c:\\program files (x86)\\gnu tools arm embedded\\6 2017-q2-update\\arm-none-eabi\\includ
 474              		.file 18 "c:\\program files (x86)\\gnu tools arm embedded\\6 2017-q2-update\\arm-none-eabi\\includ
 475              		.file 19 "c:\\program files (x86)\\gnu tools arm embedded\\6 2017-q2-update\\arm-none-eabi\\includ
 476              		.file 20 "c:\\program files (x86)\\gnu tools arm embedded\\6 2017-q2-update\\arm-none-eabi\\includ
 477              		.file 21 "c:\\program files (x86)\\gnu tools arm embedded\\6 2017-q2-update\\lib\\gcc\\arm-none-ea
 478              		.file 22 "C:/Renesas/e2studio_2021_01_workspace_RZA2M_ANPR/ANPR_RZA2M_EBK/src/tensorflow_lite/tens
 479              		.file 23 "C:/Renesas/e2studio_2021_01_workspace_RZA2M_ANPR/ANPR_RZA2M_EBK/src/tensorflow_lite/tens
 480              		.file 24 "C:/Renesas/e2studio_2021_01_workspace_RZA2M_ANPR/ANPR_RZA2M_EBK/src/tensorflow_lite/tens
 481              		.file 25 "c:\\program files (x86)\\gnu tools arm embedded\\6 2017-q2-update\\arm-none-eabi\\includ
 482              		.file 26 "c:\\program files (x86)\\gnu tools arm embedded\\6 2017-q2-update\\arm-none-eabi\\includ
 483              		.file 27 "c:\\program files (x86)\\gnu tools arm embedded\\6 2017-q2-update\\arm-none-eabi\\includ
 484              		.file 28 "c:\\program files (x86)\\gnu tools arm embedded\\6 2017-q2-update\\arm-none-eabi\\includ
 485              		.file 29 "c:\\program files (x86)\\gnu tools arm embedded\\6 2017-q2-update\\arm-none-eabi\\includ
 486              		.file 30 "c:\\program files (x86)\\gnu tools arm embedded\\6 2017-q2-update\\arm-none-eabi\\includ
 487              		.file 31 "<built-in>"
 488              		.file 32 "C:/Renesas/e2studio_2021_01_workspace_RZA2M_ANPR/ANPR_RZA2M_EBK/src/tensorflow_lite/tens
DEFINED SYMBOLS
                            *ABS*:00000000 kernel_util.cc
C:\Users\a5050395\AppData\Local\Temp\ccJKap5u.s:17     .text._ZN6tflite5micro14HaveSameShapesEPK16TfLiteEvalTensorS3_:00000000 $a
C:\Users\a5050395\AppData\Local\Temp\ccJKap5u.s:23     .text._ZN6tflite5micro14HaveSameShapesEPK16TfLiteEvalTensorS3_:00000000 _ZN6tflite5micro14HaveSameShapesEPK16TfLiteEvalTensorS3_
.ARM.exidx.text._ZN6tflite5micro14HaveSameShapesEPK16TfLiteEvalTensorS3_:00000000 $d
C:\Users\a5050395\AppData\Local\Temp\ccJKap5u.s:66     .text._ZN6tflite5micro14GetTensorShapeEPK16TfLiteEvalTensor:00000000 $a
C:\Users\a5050395\AppData\Local\Temp\ccJKap5u.s:72     .text._ZN6tflite5micro14GetTensorShapeEPK16TfLiteEvalTensor:00000000 _ZN6tflite5micro14GetTensorShapeEPK16TfLiteEvalTensor
.ARM.exidx.text._ZN6tflite5micro14GetTensorShapeEPK16TfLiteEvalTensor:00000000 $d
C:\Users\a5050395\AppData\Local\Temp\ccJKap5u.s:203    .text._ZN6tflite5micro18RuntimePaddingTypeE13TfLitePadding:00000000 $a
C:\Users\a5050395\AppData\Local\Temp\ccJKap5u.s:209    .text._ZN6tflite5micro18RuntimePaddingTypeE13TfLitePadding:00000000 _ZN6tflite5micro18RuntimePaddingTypeE13TfLitePadding
.ARM.exidx.text._ZN6tflite5micro18RuntimePaddingTypeE13TfLitePadding:00000000 $d
C:\Users\a5050395\AppData\Local\Temp\ccJKap5u.s:234    .text._ZN6tflite5micro32CreateWritableTensorDimsWithCopyEP13TfLiteContextP12TfLiteTensorP16TfLiteEvalTensor:00000000 $a
C:\Users\a5050395\AppData\Local\Temp\ccJKap5u.s:240    .text._ZN6tflite5micro32CreateWritableTensorDimsWithCopyEP13TfLiteContextP12TfLiteTensorP16TfLiteEvalTensor:00000000 _ZN6tflite5micro32CreateWritableTensorDimsWithCopyEP13TfLiteContextP12TfLiteTensorP16TfLiteEvalTensor
C:\Users\a5050395\AppData\Local\Temp\ccJKap5u.s:455    .rodata._ZN6tflite5micro32CreateWritableTensorDimsWithCopyEP13TfLiteContextP12TfLiteTensorP16TfLiteEvalTensor.str1.4:00000070 .LC3
C:\Users\a5050395\AppData\Local\Temp\ccJKap5u.s:446    .rodata._ZN6tflite5micro32CreateWritableTensorDimsWithCopyEP13TfLiteContextP12TfLiteTensorP16TfLiteEvalTensor.str1.4:00000000 .LC0
C:\Users\a5050395\AppData\Local\Temp\ccJKap5u.s:449    .rodata._ZN6tflite5micro32CreateWritableTensorDimsWithCopyEP13TfLiteContextP12TfLiteTensorP16TfLiteEvalTensor.str1.4:00000044 .LC1
C:\Users\a5050395\AppData\Local\Temp\ccJKap5u.s:452    .rodata._ZN6tflite5micro32CreateWritableTensorDimsWithCopyEP13TfLiteContextP12TfLiteTensorP16TfLiteEvalTensor.str1.4:0000005c .LC2
.ARM.exidx.text._ZN6tflite5micro32CreateWritableTensorDimsWithCopyEP13TfLiteContextP12TfLiteTensorP16TfLiteEvalTensor:00000000 $d
C:\Users\a5050395\AppData\Local\Temp\ccJKap5u.s:445    .rodata._ZN6tflite5micro32CreateWritableTensorDimsWithCopyEP13TfLiteContextP12TfLiteTensorP16TfLiteEvalTensor.str1.4:00000000 $d
                     .debug_frame:00000010 $d
                           .group:00000000 wm4.0.3e1481985cce1e923928453d8be0a65b
                           .group:00000000 wm4.cconfig.h.31.1472b8c7bd4952a63a52f3f4f718f872
                           .group:00000000 wm4.cpu_defines.h.31.54d44f9d3e7c42875c5a7fd49795eb93
                           .group:00000000 wm4.cconfig.h.515.5e729db314ae74226e291b4ae081e353
                           .group:00000000 wm4.stdint.h.4.659be5aa44c4ab4eb7c7cc2b24d8ceee
                           .group:00000000 wm4._newlib_version.h.4.3572908597b70d672d181fc7fc501c19
                           .group:00000000 wm4.features.h.33.7b36b8b41abe4293fbb29540b719705c
                           .group:00000000 wm4._default_types.h.15.247e5cd201eca3442cbf5404108c4935
                           .group:00000000 wm4._intsup.h.10.cce27fed8484c08a33f522034c30d2b5
                           .group:00000000 wm4._stdint.h.10.c24fa3af3bc1706662bb5593a907e841
                           .group:00000000 wm4.stdint.h.23.d53047a68f4a85177f80b422d52785ed
                           .group:00000000 wm4.stdbool.h.29.01580e438512fc255c0619569742ffd3
                           .group:00000000 wm4.stddef.h.39.fa2e86d241f4df50b9327c72832885e1
                           .group:00000000 wm4.c_api_types.h.20.9b09175981ed746180e205cc0b4b2bfd
                           .group:00000000 wm4.common.h.77.124de099ec0ac4f95ebf1618a5f42cf6
                           .group:00000000 wm4.newlib.h.8.5f2124c7e712be65f83b91ff86a0b1c1
                           .group:00000000 wm4.config.h.219.65a553ab5bef5482f0d7880b0d33015e
                           .group:00000000 wm4._ansi.h.23.1ee1144430bedaab1a14c7b57a6c8384
                           .group:00000000 wm4.stdio.h.31.7c0e28c411445f3f9c5b11accf882760
                           .group:00000000 wm4.stddef.h.161.38688f2eb958a8ed58fdb61ffe554c94
                           .group:00000000 wm4.cdefs.h.47.9bc8274c84fddbf05edd550eb0bf48cd
                           .group:00000000 wm4.stdarg.h.34.3a23a216c0c293b3d2ea2e89281481e6
                           .group:00000000 wm4.lock.h.2.1461d1fff82dffe8bfddc23307f6484f
                           .group:00000000 wm4._types.h.125.5cf8a495f1f7ef36777ad868a1e32068
                           .group:00000000 wm4.stddef.h.161.7e98c9c86da0ed2d27af2ef92af7d013
                           .group:00000000 wm4._types.h.183.c226d164ceca1f2ecb9ae9360c54a098
                           .group:00000000 wm4.reent.h.17.23b059516345f8f5abfa01ddc379570f
                           .group:00000000 wm4.types.h.40.e8c16e7ec36ba55f133d0616070e25fc
                           .group:00000000 wm4.types.h.114.fb65732f4f5f288a036a25898de2c91f
                           .group:00000000 wm4.stdio.h.2.4aa87247282eca6c8f36f9de33d8df1a
                           .group:00000000 wm4.stdio.h.81.7ccf35811a8d906c9cfd8de381f5758a
                           .group:00000000 wm4.cstdio.45.ba8d321feb18bfc8923454067605c368
                           .group:00000000 wm4.cstdlib.44.52c5efdfb0f3c176bd11e611a0b94959
                           .group:00000000 wm4.stdlib.h.13.4ed386f5c1a80d71e72172885d946ef2
                           .group:00000000 wm4.stdlib.h.56.b4ddaf162082f284ba35b4444af99a9a
                           .group:00000000 wm4.cstdlib.76.ae666499c8f9b0ace1b4b23fe143da2c
                           .group:00000000 wm4.op_macros.h.42.7b718cb416a067e7bb07e7699647769b
                           .group:00000000 wm4.compatibility.h.23.702d6356326ea59aded8ef5c6c4626d5
                           .group:00000000 wm4.concept_check.h.31.f19605d278e56917c68a56d378be308c
                           .group:00000000 wm4.type_traits.30.2c7323a483bcd7601e8b71d2546ae284
                           .group:00000000 wm4.move.h.152.41d7b9e6779674d169b7813982cfa003
                           .group:00000000 wm4.exception_defines.h.31.ca6841b9be3287386aafc5c717935b2e
                           .group:00000000 wm4.cpp_type_traits.h.33.9f2bfd8c4471a9a299f6da3ec24c745c
                           .group:00000000 wm4.numeric_traits.h.30.aa01a98564b7e55086aad9e53c7e5c53
                           .group:00000000 wm4.assertions.h.30.51d443923f0d242550e04246a7819b39
                           .group:00000000 wm4.stl_iterator.h.1250.45f349a262f1b0d836d8edbc4b7b98ff
                           .group:00000000 wm4.debug.h.30.5c1f223b12199e851d4d42805b788ccf
                           .group:00000000 wm4.stl_algobase.h.491.aa250b69c90aafa2a0a62b8c58cd5f30
                           .group:00000000 wm4.atomic_lockfree_defines.h.31.d5c6334fb1e95c9462b052951f1411df
                           .group:00000000 wm4.limits.38.55aefcf041805b6211ca3649dd2ab1b5
                           .group:00000000 wm4.string.h.8.c4b8571ce60dff2817f43fec8b86aecd
                           .group:00000000 wm4.cstring.45.6ab09de7fb97b576e744347688ddc8d7

UNDEFINED SYMBOLS
TfLiteIntArrayEqual
abort
__aeabi_unwind_cpp_pr0
_Znaj
memcpy
__cxa_throw_bad_array_new_length
TfLiteIntArrayGetSizeInBytes
