   1              		.cpu cortex-a9
   2              		.eabi_attribute 28, 1
   3              		.eabi_attribute 20, 1
   4              		.eabi_attribute 21, 1
   5              		.eabi_attribute 23, 3
   6              		.eabi_attribute 24, 1
   7              		.eabi_attribute 25, 1
   8              		.eabi_attribute 26, 1
   9              		.eabi_attribute 30, 2
  10              		.eabi_attribute 34, 0
  11              		.eabi_attribute 18, 4
  12              		.file	"command.c"
  13              		.section	.text.cmd_version,"ax",%progbits
  14              		.align	2
  15              		.syntax unified
  16              		.arm
  17              		.fpu neon
  19              	cmd_version:
  20              		@ args = 0, pretend = 0, frame = 0
  21              		@ frame_needed = 0, uses_anonymous_args = 0
  22 0000 380C92E5 		ldr	r0, [r2, #3128]
  23 0004 0010A0E3 		mov	r1, #0
  24 0008 10402DE9 		push	{r4, lr}
  25 000c FEFFFFEB 		bl	show_welcome_msg
  26 0010 0000A0E3 		mov	r0, #0
  27 0014 1080BDE8 		pop	{r4, pc}
  29              		.section	.text.cmd_console,"ax",%progbits
  30              		.align	2
  31              		.global	cmd_console
  32              		.syntax unified
  33              		.arm
  34              		.fpu neon
  36              	cmd_console:
  37              		@ args = 0, pretend = 0, frame = 8
  38              		@ frame_needed = 0, uses_anonymous_args = 0
  39 0000 F0432DE9 		push	{r4, r5, r6, r7, r8, r9, lr}
  40 0004 0050A0E1 		mov	r5, r0
  41 0008 14D04DE2 		sub	sp, sp, #20
  42 000c 0140A0E1 		mov	r4, r1
  43 0010 EC0403E3 		movw	r0, #13548
  44 0014 0010A0E3 		mov	r1, #0
  45 0018 0280A0E1 		mov	r8, r2
  46 001c 006000E3 		movw	r6, #:lower16:.LANCHOR0
  47 0020 FEFFFFEB 		bl	R_OS_Malloc
  48 0024 00319FE5 		ldr	r3, .L29
  49 0028 2020A0E3 		mov	r2, #32
  50 002c 02C0A0E1 		mov	ip, r2
  51 0030 00E0A0E3 		mov	lr, #0
  52 0034 006040E3 		movt	r6, #:upper16:.LANCHOR0
  53 0038 0C008DE5 		str	r0, [sp, #12]
  54 003c 7C1043E2 		sub	r1, r3, #124
  55 0040 002086E5 		str	r2, [r6]
  56              	.L5:
  57 0044 042033E5 		ldr	r2, [r3, #-4]!
  58 0048 000052E3 		cmp	r2, #0
  59 004c 01C04C02 		subeq	ip, ip, #1
  60 0050 01E0A003 		moveq	lr, #1
  61 0054 010053E1 		cmp	r3, r1
  62 0058 F9FFFF1A 		bne	.L5
  63 005c 00005EE3 		cmp	lr, #0
  64 0060 00C08615 		strne	ip, [r6]
  65 0064 000050E3 		cmp	r0, #0
  66 0068 2D00000A 		beq	.L3
  67 006c 007000E3 		movw	r7, #:lower16:.LANCHOR1
  68 0070 0190A0E3 		mov	r9, #1
  69 0074 007040E3 		movt	r7, #:upper16:.LANCHOR1
  70 0078 0F9742E3 		movt	r9, 9999
  71              	.L8:
  72 007c EC2403E3 		movw	r2, #13548
  73 0080 0010A0E3 		mov	r1, #0
  74 0084 FEFFFFEB 		bl	memset
  75 0088 0C009DE5 		ldr	r0, [sp, #12]
  76 008c 345C80E5 		str	r5, [r0, #3124]
  77 0090 384C80E5 		str	r4, [r0, #3128]
  78 0094 000000EA 		b	.L10
  79              	.L27:
  80 0098 0C009DE5 		ldr	r0, [sp, #12]
  81              	.L10:
  82 009c 002096E5 		ldr	r2, [r6]
  83 00a0 0530A0E1 		mov	r3, r5
  84 00a4 04808DE5 		str	r8, [sp, #4]
  85 00a8 0710A0E1 		mov	r1, r7
  86 00ac 00408DE5 		str	r4, [sp]
  87 00b0 FEFFFFEB 		bl	console
  88 00b4 040050E3 		cmp	r0, #4
  89 00b8 F6FFFF9A 		bls	.L27
  90 00bc 070050E3 		cmp	r0, #7
  91 00c0 0300000A 		beq	.L28
  92 00c4 060050E3 		cmp	r0, #6
  93 00c8 0900000A 		beq	.L14
  94              	.L12:
  95 00cc 0C009DE5 		ldr	r0, [sp, #12]
  96 00d0 E9FFFFEA 		b	.L8
  97              	.L28:
  98 00d4 0C309DE5 		ldr	r3, [sp, #12]
  99 00d8 340C93E5 		ldr	r0, [r3, #3124]
 100 00dc FEFFFFEB 		bl	R_DEVLINK_FilePtrDescriptor
 101 00e0 0020A0E3 		mov	r2, #0
 102 00e4 0910A0E1 		mov	r1, r9
 103 00e8 FEFFFFEB 		bl	control
 104 00ec 000050E3 		cmp	r0, #0
 105 00f0 F5FFFF1A 		bne	.L12
 106              	.L14:
 107 00f4 10508DE2 		add	r5, sp, #16
 108 00f8 000000E3 		movw	r0, #:lower16:.LC0
 109 00fc 043035E5 		ldr	r3, [r5, #-4]!
 110 0100 0820A0E3 		mov	r2, #8
 111 0104 0110A0E3 		mov	r1, #1
 112 0108 000040E3 		movt	r0, #:upper16:.LC0
 113 010c 383C93E5 		ldr	r3, [r3, #3128]
 114 0110 FEFFFFEB 		bl	fwrite
 115 0114 0400A0E1 		mov	r0, r4
 116 0118 FEFFFFEB 		bl	fflush
 117 011c 0500A0E1 		mov	r0, r5
 118 0120 FEFFFFEB 		bl	R_OS_Free
 119              	.L3:
 120 0124 14D08DE2 		add	sp, sp, #20
 121              		@ sp needed
 122 0128 F083BDE8 		pop	{r4, r5, r6, r7, r8, r9, pc}
 123              	.L30:
 124              		.align	2
 125              	.L29:
 126 012c 80000000 		.word	.LANCHOR1+128
 128              		.global	g_num_commands
 129              		.global	gppCommands
 130              		.global	gs_cmd_tbl_command
 131              		.global	gbfLoginsLoaded
 132              		.comm	gpszLoginsAndPasswords,32,4
 133              		.comm	g_rtc_handle,4,4
 134              		.section	.bss.gbfLoginsLoaded,"aw",%nobits
 137              	gbfLoginsLoaded:
 138 0000 00       		.space	1
 139              		.section	.data.g_num_commands,"aw",%progbits
 140              		.align	2
 141              		.set	.LANCHOR0,. + 0
 144              	g_num_commands:
 145 0000 20000000 		.word	32
 146              		.section	.data.gppCommands,"aw",%progbits
 147              		.align	3
 148              		.set	.LANCHOR1,. + 0
 151              	gppCommands:
 152 0000 00000000 		.word	gs_cmd_tbl_command
 153 0004 00000000 		.space	124
 153      00000000 
 153      00000000 
 153      00000000 
 153      00000000 
 154              		.section	.data.gs_cmd_command,"aw",%progbits
 155              		.align	2
 158              	gs_cmd_command:
 159 0000 00000000 		.word	.LC1
 160 0004 00000000 		.word	cmd_version
 161 0008 04000000 		.word	.LC2
 162              		.section	.rodata.cmd_console.str1.4,"aMS",%progbits,1
 163              		.align	2
 164              	.LC0:
 165 0000 0D0A4279 		.ascii	"\015\012Bye!\015\012\000"
 165      65210D0A 
 165      00
 166              		.section	.rodata.gs_cmd_tbl_command,"a",%progbits
 167              		.align	2
 170              	gs_cmd_tbl_command:
 171 0000 47656E65 		.ascii	"General Commands\000"
 171      72616C20 
 171      436F6D6D 
 171      616E6473 
 171      00
 172 0011 00000000 		.space	15
 172      00000000 
 172      00000000 
 172      000000
 173 0020 00000000 		.word	gs_cmd_command
 174 0024 01000000 		.word	1
 175              		.section	.rodata.str1.4,"aMS",%progbits,1
 176              		.align	2
 177              	.LC1:
 178 0000 76657200 		.ascii	"ver\000"
 179              	.LC2:
 180 0004 3C43523E 		.ascii	"<CR> - Show the application version\000"
 180      202D2053 
 180      686F7720 
 180      74686520 
 180      6170706C 
 181              		.ident	"GCC: (GNU Tools for ARM Embedded Processors 6-2017-q2-update) 6.3.1 20170620 (release) [AR
DEFINED SYMBOLS
                            *ABS*:00000000 command.c
C:\Users\a5050395\AppData\Local\Temp\ccwDzA4R.s:14     .text.cmd_version:00000000 $a
C:\Users\a5050395\AppData\Local\Temp\ccwDzA4R.s:19     .text.cmd_version:00000000 cmd_version
C:\Users\a5050395\AppData\Local\Temp\ccwDzA4R.s:30     .text.cmd_console:00000000 $a
C:\Users\a5050395\AppData\Local\Temp\ccwDzA4R.s:36     .text.cmd_console:00000000 cmd_console
C:\Users\a5050395\AppData\Local\Temp\ccwDzA4R.s:141    .data.g_num_commands:00000000 .LANCHOR0
C:\Users\a5050395\AppData\Local\Temp\ccwDzA4R.s:148    .data.gppCommands:00000000 .LANCHOR1
C:\Users\a5050395\AppData\Local\Temp\ccwDzA4R.s:164    .rodata.cmd_console.str1.4:00000000 .LC0
C:\Users\a5050395\AppData\Local\Temp\ccwDzA4R.s:126    .text.cmd_console:0000012c $d
C:\Users\a5050395\AppData\Local\Temp\ccwDzA4R.s:144    .data.g_num_commands:00000000 g_num_commands
C:\Users\a5050395\AppData\Local\Temp\ccwDzA4R.s:151    .data.gppCommands:00000000 gppCommands
C:\Users\a5050395\AppData\Local\Temp\ccwDzA4R.s:170    .rodata.gs_cmd_tbl_command:00000000 gs_cmd_tbl_command
C:\Users\a5050395\AppData\Local\Temp\ccwDzA4R.s:137    .bss.gbfLoginsLoaded:00000000 gbfLoginsLoaded
                            *COM*:00000020 gpszLoginsAndPasswords
                            *COM*:00000004 g_rtc_handle
C:\Users\a5050395\AppData\Local\Temp\ccwDzA4R.s:138    .bss.gbfLoginsLoaded:00000000 $d
C:\Users\a5050395\AppData\Local\Temp\ccwDzA4R.s:140    .data.g_num_commands:00000000 $d
C:\Users\a5050395\AppData\Local\Temp\ccwDzA4R.s:147    .data.gppCommands:00000000 $d
C:\Users\a5050395\AppData\Local\Temp\ccwDzA4R.s:155    .data.gs_cmd_command:00000000 $d
C:\Users\a5050395\AppData\Local\Temp\ccwDzA4R.s:158    .data.gs_cmd_command:00000000 gs_cmd_command
C:\Users\a5050395\AppData\Local\Temp\ccwDzA4R.s:163    .rodata.cmd_console.str1.4:00000000 $d
C:\Users\a5050395\AppData\Local\Temp\ccwDzA4R.s:167    .rodata.gs_cmd_tbl_command:00000000 $d
C:\Users\a5050395\AppData\Local\Temp\ccwDzA4R.s:176    .rodata.str1.4:00000000 $d

UNDEFINED SYMBOLS
show_welcome_msg
R_OS_Malloc
memset
console
R_DEVLINK_FilePtrDescriptor
control
fwrite
fflush
R_OS_Free
