   1              		.cpu cortex-a9
   2              		.eabi_attribute 28, 1
   3              		.eabi_attribute 20, 1
   4              		.eabi_attribute 21, 1
   5              		.eabi_attribute 23, 3
   6              		.eabi_attribute 24, 1
   7              		.eabi_attribute 25, 1
   8              		.eabi_attribute 26, 1
   9              		.eabi_attribute 30, 2
  10              		.eabi_attribute 34, 0
  11              		.eabi_attribute 18, 4
  12              		.file	"hyperbus_ram_rza2m.c"
  13              		.section	.text.HyperRAM_ReadID0,"ax",%progbits
  14              		.align	2
  15              		.global	HyperRAM_ReadID0
  16              		.syntax unified
  17              		.arm
  18              		.fpu neon
  20              	HyperRAM_ReadID0:
  21              		@ args = 0, pretend = 0, frame = 0
  22              		@ frame_needed = 0, uses_anonymous_args = 0
  23 0000 0110A0E3 		mov	r1, #1
  24 0004 10402DE9 		push	{r4, lr}
  25 0008 0040A0E1 		mov	r4, r0
  26 000c 0100A0E1 		mov	r0, r1
  27 0010 FEFFFFEB 		bl	R_HYPERBUS_SelectSpace
  28 0014 B040D4E1 		ldrh	r4, [r4]
  29 0018 0010A0E3 		mov	r1, #0
  30 001c 0100A0E3 		mov	r0, #1
  31 0020 FEFFFFEB 		bl	R_HYPERBUS_SelectSpace
  32 0024 7440FFE6 		uxth	r4, r4
  33 0028 0400A0E1 		mov	r0, r4
  34 002c 1080BDE8 		pop	{r4, pc}
  36              		.section	.text.HyperRAM_ReadID1,"ax",%progbits
  37              		.align	2
  38              		.global	HyperRAM_ReadID1
  39              		.syntax unified
  40              		.arm
  41              		.fpu neon
  43              	HyperRAM_ReadID1:
  44              		@ args = 0, pretend = 0, frame = 0
  45              		@ frame_needed = 0, uses_anonymous_args = 0
  46 0000 0110A0E3 		mov	r1, #1
  47 0004 10402DE9 		push	{r4, lr}
  48 0008 0040A0E1 		mov	r4, r0
  49 000c 0100A0E1 		mov	r0, r1
  50 0010 FEFFFFEB 		bl	R_HYPERBUS_SelectSpace
  51 0014 B240D4E1 		ldrh	r4, [r4, #2]
  52 0018 0010A0E3 		mov	r1, #0
  53 001c 0100A0E3 		mov	r0, #1
  54 0020 FEFFFFEB 		bl	R_HYPERBUS_SelectSpace
  55 0024 7440FFE6 		uxth	r4, r4
  56 0028 0400A0E1 		mov	r0, r4
  57 002c 1080BDE8 		pop	{r4, pc}
  59              		.section	.text.HyperRAM_ReadCR0,"ax",%progbits
  60              		.align	2
  61              		.global	HyperRAM_ReadCR0
  62              		.syntax unified
  63              		.arm
  64              		.fpu neon
  66              	HyperRAM_ReadCR0:
  67              		@ args = 0, pretend = 0, frame = 0
  68              		@ frame_needed = 0, uses_anonymous_args = 0
  69 0000 10402DE9 		push	{r4, lr}
  70 0004 0110A0E3 		mov	r1, #1
  71 0008 0040A0E1 		mov	r4, r0
  72 000c 0100A0E1 		mov	r0, r1
  73 0010 014A84E2 		add	r4, r4, #4096
  74 0014 FEFFFFEB 		bl	R_HYPERBUS_SelectSpace
  75 0018 B040D4E1 		ldrh	r4, [r4]
  76 001c 0010A0E3 		mov	r1, #0
  77 0020 0100A0E3 		mov	r0, #1
  78 0024 FEFFFFEB 		bl	R_HYPERBUS_SelectSpace
  79 0028 7440FFE6 		uxth	r4, r4
  80 002c 0400A0E1 		mov	r0, r4
  81 0030 1080BDE8 		pop	{r4, pc}
  83              		.section	.text.HyperRAM_WriteCR0,"ax",%progbits
  84              		.align	2
  85              		.global	HyperRAM_WriteCR0
  86              		.syntax unified
  87              		.arm
  88              		.fpu neon
  90              	HyperRAM_WriteCR0:
  91              		@ args = 0, pretend = 0, frame = 0
  92              		@ frame_needed = 0, uses_anonymous_args = 0
  93 0000 70402DE9 		push	{r4, r5, r6, lr}
  94 0004 0150A0E1 		mov	r5, r1
  95 0008 0040A0E1 		mov	r4, r0
  96 000c 0110A0E3 		mov	r1, #1
  97 0010 0100A0E1 		mov	r0, r1
  98 0014 014A84E2 		add	r4, r4, #4096
  99 0018 FEFFFFEB 		bl	R_HYPERBUS_SelectSpace
 100 001c 0010A0E3 		mov	r1, #0
 101 0020 B050C4E1 		strh	r5, [r4]	@ movhi
 102 0024 0100A0E3 		mov	r0, #1
 103 0028 FEFFFFEB 		bl	R_HYPERBUS_SelectSpace
 104 002c 0000A0E3 		mov	r0, #0
 105 0030 7080BDE8 		pop	{r4, r5, r6, pc}
 107              		.section	.text.HyperRAM_ReadCR1,"ax",%progbits
 108              		.align	2
 109              		.global	HyperRAM_ReadCR1
 110              		.syntax unified
 111              		.arm
 112              		.fpu neon
 114              	HyperRAM_ReadCR1:
 115              		@ args = 0, pretend = 0, frame = 0
 116              		@ frame_needed = 0, uses_anonymous_args = 0
 117 0000 0110A0E3 		mov	r1, #1
 118 0004 10402DE9 		push	{r4, lr}
 119 0008 0040A0E1 		mov	r4, r0
 120 000c 0100A0E1 		mov	r0, r1
 121 0010 FEFFFFEB 		bl	R_HYPERBUS_SelectSpace
 122 0014 023001E3 		movw	r3, #4098
 123 0018 0010A0E3 		mov	r1, #0
 124 001c B34094E1 		ldrh	r4, [r4, r3]
 125 0020 0100A0E3 		mov	r0, #1
 126 0024 FEFFFFEB 		bl	R_HYPERBUS_SelectSpace
 127 0028 7440FFE6 		uxth	r4, r4
 128 002c 0400A0E1 		mov	r0, r4
 129 0030 1080BDE8 		pop	{r4, pc}
 131              		.section	.text.HyperRAM_WriteCR1,"ax",%progbits
 132              		.align	2
 133              		.global	HyperRAM_WriteCR1
 134              		.syntax unified
 135              		.arm
 136              		.fpu neon
 138              	HyperRAM_WriteCR1:
 139              		@ args = 0, pretend = 0, frame = 0
 140              		@ frame_needed = 0, uses_anonymous_args = 0
 141 0000 70402DE9 		push	{r4, r5, r6, lr}
 142 0004 0150A0E1 		mov	r5, r1
 143 0008 0110A0E3 		mov	r1, #1
 144 000c 0040A0E1 		mov	r4, r0
 145 0010 0100A0E1 		mov	r0, r1
 146 0014 FEFFFFEB 		bl	R_HYPERBUS_SelectSpace
 147 0018 023001E3 		movw	r3, #4098
 148 001c 0010A0E3 		mov	r1, #0
 149 0020 B35084E1 		strh	r5, [r4, r3]	@ movhi
 150 0024 0100A0E3 		mov	r0, #1
 151 0028 FEFFFFEB 		bl	R_HYPERBUS_SelectSpace
 152 002c 0000A0E3 		mov	r0, #0
 153 0030 7080BDE8 		pop	{r4, r5, r6, pc}
 155              		.ident	"GCC: (GNU Tools for ARM Embedded Processors 6-2017-q2-update) 6.3.1 20170620 (release) [AR
DEFINED SYMBOLS
                            *ABS*:00000000 hyperbus_ram_rza2m.c
C:\Users\a5050395\AppData\Local\Temp\ccSeIA6K.s:14     .text.HyperRAM_ReadID0:00000000 $a
C:\Users\a5050395\AppData\Local\Temp\ccSeIA6K.s:20     .text.HyperRAM_ReadID0:00000000 HyperRAM_ReadID0
C:\Users\a5050395\AppData\Local\Temp\ccSeIA6K.s:37     .text.HyperRAM_ReadID1:00000000 $a
C:\Users\a5050395\AppData\Local\Temp\ccSeIA6K.s:43     .text.HyperRAM_ReadID1:00000000 HyperRAM_ReadID1
C:\Users\a5050395\AppData\Local\Temp\ccSeIA6K.s:60     .text.HyperRAM_ReadCR0:00000000 $a
C:\Users\a5050395\AppData\Local\Temp\ccSeIA6K.s:66     .text.HyperRAM_ReadCR0:00000000 HyperRAM_ReadCR0
C:\Users\a5050395\AppData\Local\Temp\ccSeIA6K.s:84     .text.HyperRAM_WriteCR0:00000000 $a
C:\Users\a5050395\AppData\Local\Temp\ccSeIA6K.s:90     .text.HyperRAM_WriteCR0:00000000 HyperRAM_WriteCR0
C:\Users\a5050395\AppData\Local\Temp\ccSeIA6K.s:108    .text.HyperRAM_ReadCR1:00000000 $a
C:\Users\a5050395\AppData\Local\Temp\ccSeIA6K.s:114    .text.HyperRAM_ReadCR1:00000000 HyperRAM_ReadCR1
C:\Users\a5050395\AppData\Local\Temp\ccSeIA6K.s:132    .text.HyperRAM_WriteCR1:00000000 $a
C:\Users\a5050395\AppData\Local\Temp\ccSeIA6K.s:138    .text.HyperRAM_WriteCR1:00000000 HyperRAM_WriteCR1

UNDEFINED SYMBOLS
R_HYPERBUS_SelectSpace
