   1              		.cpu cortex-a9
   2              		.eabi_attribute 28, 1
   3              		.eabi_attribute 20, 1
   4              		.eabi_attribute 21, 1
   5              		.eabi_attribute 23, 3
   6              		.eabi_attribute 24, 1
   7              		.eabi_attribute 25, 1
   8              		.eabi_attribute 26, 1
   9              		.eabi_attribute 30, 1
  10              		.eabi_attribute 34, 0
  11              		.eabi_attribute 18, 4
  12              		.file	"r_ostm_drv_api.c"
  13              		.text
  14              	.Ltext0:
  15              		.cfi_sections	.debug_frame
  16              		.section	.text.ostm_get_version,"ax",%progbits
  17              		.align	2
  18              		.syntax unified
  19              		.arm
  20              		.fpu neon
  22              	ostm_get_version:
  23              	.LFB6:
  24              		.file 1 "../generate/sc_drivers/r_ostm/src/hld/r_ostm_drv_api.c"
   1:../generate/sc_drivers/r_ostm/src/hld/r_ostm_drv_api.c **** /*******************************************************************************
   2:../generate/sc_drivers/r_ostm/src/hld/r_ostm_drv_api.c ****  * DISCLAIMER
   3:../generate/sc_drivers/r_ostm/src/hld/r_ostm_drv_api.c ****  * This software is supplied by Renesas Electronics Corporation and is only
   4:../generate/sc_drivers/r_ostm/src/hld/r_ostm_drv_api.c ****  * intended for use with Renesas products. No other uses are authorized. This
   5:../generate/sc_drivers/r_ostm/src/hld/r_ostm_drv_api.c ****  * software is owned by Renesas Electronics Corporation and is protected under
   6:../generate/sc_drivers/r_ostm/src/hld/r_ostm_drv_api.c ****  * all applicable laws, including copyright laws.
   7:../generate/sc_drivers/r_ostm/src/hld/r_ostm_drv_api.c ****  * THIS SOFTWARE IS PROVIDED "AS IS" AND RENESAS MAKES NO WARRANTIES REGARDING
   8:../generate/sc_drivers/r_ostm/src/hld/r_ostm_drv_api.c ****  * THIS SOFTWARE, WHETHER EXPRESS, IMPLIED OR STATUTORY, INCLUDING BUT NOT
   9:../generate/sc_drivers/r_ostm/src/hld/r_ostm_drv_api.c ****  * LIMITED TO WARRANTIES OF MERCHANTABILITY, FITNESS FOR A PARTICULAR PURPOSE
  10:../generate/sc_drivers/r_ostm/src/hld/r_ostm_drv_api.c ****  * AND NON-INFRINGEMENT. ALL SUCH WARRANTIES ARE EXPRESSLY DISCLAIMED.
  11:../generate/sc_drivers/r_ostm/src/hld/r_ostm_drv_api.c ****  * TO THE MAXIMUM EXTENT PERMITTED NOT PROHIBITED BY LAW, NEITHER RENESAS
  12:../generate/sc_drivers/r_ostm/src/hld/r_ostm_drv_api.c ****  * ELECTRONICS CORPORATION NOR ANY OF ITS AFFILIATED COMPANIES SHALL BE LIABLE
  13:../generate/sc_drivers/r_ostm/src/hld/r_ostm_drv_api.c ****  * FOR ANY DIRECT, INDIRECT, SPECIAL, INCIDENTAL OR CONSEQUENTIAL DAMAGES FOR
  14:../generate/sc_drivers/r_ostm/src/hld/r_ostm_drv_api.c ****  * ANY REASON RELATED TO THIS SOFTWARE, EVEN IF RENESAS OR ITS AFFILIATES HAVE
  15:../generate/sc_drivers/r_ostm/src/hld/r_ostm_drv_api.c ****  * BEEN ADVISED OF THE POSSIBILITY OF SUCH DAMAGES.
  16:../generate/sc_drivers/r_ostm/src/hld/r_ostm_drv_api.c ****  * Renesas reserves the right, without notice, to make changes to this software
  17:../generate/sc_drivers/r_ostm/src/hld/r_ostm_drv_api.c ****  * and to discontinue the availability of this software. By using this software,
  18:../generate/sc_drivers/r_ostm/src/hld/r_ostm_drv_api.c ****  * you agree to the additional terms and conditions found by accessing the
  19:../generate/sc_drivers/r_ostm/src/hld/r_ostm_drv_api.c ****  * following link:
  20:../generate/sc_drivers/r_ostm/src/hld/r_ostm_drv_api.c ****  * http://www.renesas.com/disclaimer
  21:../generate/sc_drivers/r_ostm/src/hld/r_ostm_drv_api.c ****  * Copyright (C) 2012 - 2014 Renesas Electronics Corporation. All rights reserved.
  22:../generate/sc_drivers/r_ostm/src/hld/r_ostm_drv_api.c ****  *******************************************************************************/
  23:../generate/sc_drivers/r_ostm/src/hld/r_ostm_drv_api.c **** /*******************************************************************************
  24:../generate/sc_drivers/r_ostm/src/hld/r_ostm_drv_api.c ****  * File Name   : r_ostm_drv_api.c
  25:../generate/sc_drivers/r_ostm/src/hld/r_ostm_drv_api.c ****  * Description : OS timer driver high layer driver
  26:../generate/sc_drivers/r_ostm/src/hld/r_ostm_drv_api.c ****  *******************************************************************************/
  27:../generate/sc_drivers/r_ostm/src/hld/r_ostm_drv_api.c **** 
  28:../generate/sc_drivers/r_ostm/src/hld/r_ostm_drv_api.c **** /******************************************************************************
  29:../generate/sc_drivers/r_ostm/src/hld/r_ostm_drv_api.c ****  Includes   <System Includes> , "Project Includes"
  30:../generate/sc_drivers/r_ostm/src/hld/r_ostm_drv_api.c ****  ******************************************************************************/
  31:../generate/sc_drivers/r_ostm/src/hld/r_ostm_drv_api.c **** #include "r_ostm_drv_api.h"
  32:../generate/sc_drivers/r_ostm/src/hld/r_ostm_drv_api.c **** #include "r_ostm_drv_link.h"
  33:../generate/sc_drivers/r_ostm/src/hld/r_ostm_drv_api.c **** #include "r_ostm_drv_sc_cfg.h"
  34:../generate/sc_drivers/r_ostm/src/hld/r_ostm_drv_api.c **** 
  35:../generate/sc_drivers/r_ostm/src/hld/r_ostm_drv_api.c **** /******************************************************************************
  36:../generate/sc_drivers/r_ostm/src/hld/r_ostm_drv_api.c ****  Typedef definitions
  37:../generate/sc_drivers/r_ostm/src/hld/r_ostm_drv_api.c ****  ******************************************************************************/
  38:../generate/sc_drivers/r_ostm/src/hld/r_ostm_drv_api.c **** 
  39:../generate/sc_drivers/r_ostm/src/hld/r_ostm_drv_api.c **** /******************************************************************************
  40:../generate/sc_drivers/r_ostm/src/hld/r_ostm_drv_api.c ****  Macro definitions
  41:../generate/sc_drivers/r_ostm/src/hld/r_ostm_drv_api.c ****  ******************************************************************************/
  42:../generate/sc_drivers/r_ostm/src/hld/r_ostm_drv_api.c **** /* Comment this line out to turn ON module trace in this file */
  43:../generate/sc_drivers/r_ostm/src/hld/r_ostm_drv_api.c **** #undef _TRACE_ON_
  44:../generate/sc_drivers/r_ostm/src/hld/r_ostm_drv_api.c **** 
  45:../generate/sc_drivers/r_ostm/src/hld/r_ostm_drv_api.c **** #ifndef _TRACE_ON_
  46:../generate/sc_drivers/r_ostm/src/hld/r_ostm_drv_api.c **** #undef DEBUG_PRV_TRACE
  47:../generate/sc_drivers/r_ostm/src/hld/r_ostm_drv_api.c **** #define  DEBUG_PRV_TRACE(x)
  48:../generate/sc_drivers/r_ostm/src/hld/r_ostm_drv_api.c **** #endif
  49:../generate/sc_drivers/r_ostm/src/hld/r_ostm_drv_api.c **** 
  50:../generate/sc_drivers/r_ostm/src/hld/r_ostm_drv_api.c **** /******************************************************************************
  51:../generate/sc_drivers/r_ostm/src/hld/r_ostm_drv_api.c ****  Enumerated Types
  52:../generate/sc_drivers/r_ostm/src/hld/r_ostm_drv_api.c ****  ******************************************************************************/
  53:../generate/sc_drivers/r_ostm/src/hld/r_ostm_drv_api.c **** 
  54:../generate/sc_drivers/r_ostm/src/hld/r_ostm_drv_api.c **** /******************************************************************************
  55:../generate/sc_drivers/r_ostm/src/hld/r_ostm_drv_api.c ****  Typedefs
  56:../generate/sc_drivers/r_ostm/src/hld/r_ostm_drv_api.c ****  ******************************************************************************/
  57:../generate/sc_drivers/r_ostm/src/hld/r_ostm_drv_api.c **** 
  58:../generate/sc_drivers/r_ostm/src/hld/r_ostm_drv_api.c **** /*****************************************************************************
  59:../generate/sc_drivers/r_ostm/src/hld/r_ostm_drv_api.c ****  Function Prototypes
  60:../generate/sc_drivers/r_ostm/src/hld/r_ostm_drv_api.c ****  ******************************************************************************/
  61:../generate/sc_drivers/r_ostm/src/hld/r_ostm_drv_api.c **** static int_t ostm_open(st_stream_ptr_t stream_ptr);
  62:../generate/sc_drivers/r_ostm/src/hld/r_ostm_drv_api.c **** static void ostm_close(st_stream_ptr_t stream_ptr);
  63:../generate/sc_drivers/r_ostm/src/hld/r_ostm_drv_api.c **** static int_t ostm_read(st_stream_ptr_t stream_ptr, uint8_t *buff_ptr, uint32_t count);
  64:../generate/sc_drivers/r_ostm/src/hld/r_ostm_drv_api.c **** static int_t ostm_control(st_stream_ptr_t stream_ptr, uint32_t ctrl_code, void *ctrl_ptr);
  65:../generate/sc_drivers/r_ostm/src/hld/r_ostm_drv_api.c **** static int_t ostm_get_version(st_stream_ptr_t stream_ptr, st_ver_info_t *pVerInfo);
  66:../generate/sc_drivers/r_ostm/src/hld/r_ostm_drv_api.c **** 
  67:../generate/sc_drivers/r_ostm/src/hld/r_ostm_drv_api.c **** /*****************************************************************************
  68:../generate/sc_drivers/r_ostm/src/hld/r_ostm_drv_api.c ****  Constant Data
  69:../generate/sc_drivers/r_ostm/src/hld/r_ostm_drv_api.c ****  ******************************************************************************/
  70:../generate/sc_drivers/r_ostm/src/hld/r_ostm_drv_api.c **** 
  71:../generate/sc_drivers/r_ostm/src/hld/r_ostm_drv_api.c **** /******************************************************************************
  72:../generate/sc_drivers/r_ostm/src/hld/r_ostm_drv_api.c ****  Private global variables and functions
  73:../generate/sc_drivers/r_ostm/src/hld/r_ostm_drv_api.c ****  ******************************************************************************/
  74:../generate/sc_drivers/r_ostm/src/hld/r_ostm_drv_api.c **** /*! Version Information */
  75:../generate/sc_drivers/r_ostm/src/hld/r_ostm_drv_api.c **** static const st_drv_info_t gs_hld_info =
  76:../generate/sc_drivers/r_ostm/src/hld/r_ostm_drv_api.c **** {
  77:../generate/sc_drivers/r_ostm/src/hld/r_ostm_drv_api.c ****     {
  78:../generate/sc_drivers/r_ostm/src/hld/r_ostm_drv_api.c ****         ((STDIO_OSTM_HLD_VERSION_MAJOR << 16) + STDIO_OSTM_HLD_VERSION_MINOR)
  79:../generate/sc_drivers/r_ostm/src/hld/r_ostm_drv_api.c ****     },
  80:../generate/sc_drivers/r_ostm/src/hld/r_ostm_drv_api.c ****     STDIO_OSTM_HLD_BUILD_NUM,
  81:../generate/sc_drivers/r_ostm/src/hld/r_ostm_drv_api.c ****     STDIO_OSTM_HLD_DRV_NAME
  82:../generate/sc_drivers/r_ostm/src/hld/r_ostm_drv_api.c **** };
  83:../generate/sc_drivers/r_ostm/src/hld/r_ostm_drv_api.c **** 
  84:../generate/sc_drivers/r_ostm/src/hld/r_ostm_drv_api.c **** bool_t gs_r_drv_ostm_open[OSTM_CH_MAX] = {false, false, false};
  85:../generate/sc_drivers/r_ostm/src/hld/r_ostm_drv_api.c **** 
  86:../generate/sc_drivers/r_ostm/src/hld/r_ostm_drv_api.c **** 
  87:../generate/sc_drivers/r_ostm/src/hld/r_ostm_drv_api.c **** /* Define the driver function table for this implementation */
  88:../generate/sc_drivers/r_ostm/src/hld/r_ostm_drv_api.c **** /* GSCE Warning (global variable 'g_ostm_Driver' not declared static [9.3a])
  89:../generate/sc_drivers/r_ostm/src/hld/r_ostm_drv_api.c ****  * can be safely ignored */
  90:../generate/sc_drivers/r_ostm/src/hld/r_ostm_drv_api.c **** const st_r_driver_t g_ostm_driver =
  91:../generate/sc_drivers/r_ostm/src/hld/r_ostm_drv_api.c **** {
  92:../generate/sc_drivers/r_ostm/src/hld/r_ostm_drv_api.c ****     /* st_r_driver_t p_device */
  93:../generate/sc_drivers/r_ostm/src/hld/r_ostm_drv_api.c ****     "OS Timer Driver",
  94:../generate/sc_drivers/r_ostm/src/hld/r_ostm_drv_api.c ****     ostm_open,
  95:../generate/sc_drivers/r_ostm/src/hld/r_ostm_drv_api.c ****     ostm_close,
  96:../generate/sc_drivers/r_ostm/src/hld/r_ostm_drv_api.c ****     ostm_read,
  97:../generate/sc_drivers/r_ostm/src/hld/r_ostm_drv_api.c ****     no_dev_write,
  98:../generate/sc_drivers/r_ostm/src/hld/r_ostm_drv_api.c ****     ostm_control,
  99:../generate/sc_drivers/r_ostm/src/hld/r_ostm_drv_api.c ****     ostm_get_version
 100:../generate/sc_drivers/r_ostm/src/hld/r_ostm_drv_api.c **** };
 101:../generate/sc_drivers/r_ostm/src/hld/r_ostm_drv_api.c **** 
 102:../generate/sc_drivers/r_ostm/src/hld/r_ostm_drv_api.c **** /**
 103:../generate/sc_drivers/r_ostm/src/hld/r_ostm_drv_api.c ****  * @brief          reconfigure_timer
 104:../generate/sc_drivers/r_ostm/src/hld/r_ostm_drv_api.c ****  *                 Reconfigure opened channel
 105:../generate/sc_drivers/r_ostm/src/hld/r_ostm_drv_api.c ****  * @param[in]      channel:     desired channel
 106:../generate/sc_drivers/r_ostm/src/hld/r_ostm_drv_api.c ****  * @param[in/out]  p_config:    configuration for the channel
 107:../generate/sc_drivers/r_ostm/src/hld/r_ostm_drv_api.c ****  * @retval         DRV_SUCCESS  Successful operation
 108:../generate/sc_drivers/r_ostm/src/hld/r_ostm_drv_api.c ****  * @retval         DRV_ERROR    Failure operation
 109:../generate/sc_drivers/r_ostm/src/hld/r_ostm_drv_api.c ****  */
 110:../generate/sc_drivers/r_ostm/src/hld/r_ostm_drv_api.c **** static int_t reconfigure_timer(e_r_drv_ostm_channel_t channel, const st_r_drv_ostm_config_t * p_con
 111:../generate/sc_drivers/r_ostm/src/hld/r_ostm_drv_api.c **** {
 112:../generate/sc_drivers/r_ostm/src/hld/r_ostm_drv_api.c ****     int_t ret = DRV_SUCCESS;
 113:../generate/sc_drivers/r_ostm/src/hld/r_ostm_drv_api.c **** 
 114:../generate/sc_drivers/r_ostm/src/hld/r_ostm_drv_api.c ****     /* 1: stop current timer */
 115:../generate/sc_drivers/r_ostm/src/hld/r_ostm_drv_api.c ****     if (DRV_SUCCESS == ret)
 116:../generate/sc_drivers/r_ostm/src/hld/r_ostm_drv_api.c ****     {
 117:../generate/sc_drivers/r_ostm/src/hld/r_ostm_drv_api.c ****         ret = R_OSTM_Stop(channel);
 118:../generate/sc_drivers/r_ostm/src/hld/r_ostm_drv_api.c ****     }
 119:../generate/sc_drivers/r_ostm/src/hld/r_ostm_drv_api.c **** 
 120:../generate/sc_drivers/r_ostm/src/hld/r_ostm_drv_api.c ****     /* 2: close the timer */
 121:../generate/sc_drivers/r_ostm/src/hld/r_ostm_drv_api.c ****     if (DRV_SUCCESS == ret)
 122:../generate/sc_drivers/r_ostm/src/hld/r_ostm_drv_api.c ****     {
 123:../generate/sc_drivers/r_ostm/src/hld/r_ostm_drv_api.c ****         ret = R_OSTM_Close(channel);
 124:../generate/sc_drivers/r_ostm/src/hld/r_ostm_drv_api.c ****     }
 125:../generate/sc_drivers/r_ostm/src/hld/r_ostm_drv_api.c **** 
 126:../generate/sc_drivers/r_ostm/src/hld/r_ostm_drv_api.c ****     /* 3: re-initialise the timer */
 127:../generate/sc_drivers/r_ostm/src/hld/r_ostm_drv_api.c ****     if (DRV_SUCCESS == ret)
 128:../generate/sc_drivers/r_ostm/src/hld/r_ostm_drv_api.c ****     {
 129:../generate/sc_drivers/r_ostm/src/hld/r_ostm_drv_api.c ****         ret = R_OSTM_Init(channel, p_config);
 130:../generate/sc_drivers/r_ostm/src/hld/r_ostm_drv_api.c ****     }
 131:../generate/sc_drivers/r_ostm/src/hld/r_ostm_drv_api.c **** 
 132:../generate/sc_drivers/r_ostm/src/hld/r_ostm_drv_api.c ****     return (ret);
 133:../generate/sc_drivers/r_ostm/src/hld/r_ostm_drv_api.c **** }
 134:../generate/sc_drivers/r_ostm/src/hld/r_ostm_drv_api.c **** /**************************************************************************************************
 135:../generate/sc_drivers/r_ostm/src/hld/r_ostm_drv_api.c ****  End of function reconfigure_timer
 136:../generate/sc_drivers/r_ostm/src/hld/r_ostm_drv_api.c ****  **************************************************************************************************
 137:../generate/sc_drivers/r_ostm/src/hld/r_ostm_drv_api.c **** 
 138:../generate/sc_drivers/r_ostm/src/hld/r_ostm_drv_api.c **** /******************************************************************************
 139:../generate/sc_drivers/r_ostm/src/hld/r_ostm_drv_api.c ****  Function Name: ostm_open
 140:../generate/sc_drivers/r_ostm/src/hld/r_ostm_drv_api.c ****  Description:   Function to open the system timer device driver
 141:../generate/sc_drivers/r_ostm/src/hld/r_ostm_drv_api.c ****  Arguments:     IN  stream_ptr - Pointer to the file stream
 142:../generate/sc_drivers/r_ostm/src/hld/r_ostm_drv_api.c ****  Return Value:  DRV_SUCCESS for success otherwise DRV_ERROR
 143:../generate/sc_drivers/r_ostm/src/hld/r_ostm_drv_api.c ****  ******************************************************************************/
 144:../generate/sc_drivers/r_ostm/src/hld/r_ostm_drv_api.c **** static int_t ostm_open(st_stream_ptr_t stream_ptr)
 145:../generate/sc_drivers/r_ostm/src/hld/r_ostm_drv_api.c **** {
 146:../generate/sc_drivers/r_ostm/src/hld/r_ostm_drv_api.c ****     int_t ret = DRV_ERROR;
 147:../generate/sc_drivers/r_ostm/src/hld/r_ostm_drv_api.c ****     e_r_drv_ostm_channel_t channel;
 148:../generate/sc_drivers/r_ostm/src/hld/r_ostm_drv_api.c **** 
 149:../generate/sc_drivers/r_ostm/src/hld/r_ostm_drv_api.c ****     /* obtain the OSTM channel */
 150:../generate/sc_drivers/r_ostm/src/hld/r_ostm_drv_api.c ****     channel = OSTM_SC_TABLE[stream_ptr->sc_config_index].channel;
 151:../generate/sc_drivers/r_ostm/src/hld/r_ostm_drv_api.c **** 
 152:../generate/sc_drivers/r_ostm/src/hld/r_ostm_drv_api.c ****     /* only 1 instance of each channel is permissible */
 153:../generate/sc_drivers/r_ostm/src/hld/r_ostm_drv_api.c ****     /* check to see if channel is available HLD */
 154:../generate/sc_drivers/r_ostm/src/hld/r_ostm_drv_api.c ****     if (!gs_r_drv_ostm_open[channel])
 155:../generate/sc_drivers/r_ostm/src/hld/r_ostm_drv_api.c ****     {
 156:../generate/sc_drivers/r_ostm/src/hld/r_ostm_drv_api.c ****         ret = R_OSTM_Init(channel, &OSTM_SC_TABLE[stream_ptr->sc_config_index].config);
 157:../generate/sc_drivers/r_ostm/src/hld/r_ostm_drv_api.c **** 
 158:../generate/sc_drivers/r_ostm/src/hld/r_ostm_drv_api.c ****         if (DRV_SUCCESS == ret)
 159:../generate/sc_drivers/r_ostm/src/hld/r_ostm_drv_api.c ****         {
 160:../generate/sc_drivers/r_ostm/src/hld/r_ostm_drv_api.c ****             gs_r_drv_ostm_open[channel] = true;
 161:../generate/sc_drivers/r_ostm/src/hld/r_ostm_drv_api.c ****         }
 162:../generate/sc_drivers/r_ostm/src/hld/r_ostm_drv_api.c ****     }
 163:../generate/sc_drivers/r_ostm/src/hld/r_ostm_drv_api.c ****     else
 164:../generate/sc_drivers/r_ostm/src/hld/r_ostm_drv_api.c ****     {
 165:../generate/sc_drivers/r_ostm/src/hld/r_ostm_drv_api.c ****         /* No more modules can be granted simultaneous access to this driver */
 166:../generate/sc_drivers/r_ostm/src/hld/r_ostm_drv_api.c ****         DEBUG_PRV_TRACE(("Error - Can not open %s channel is already opened\r\n", stream_ptr->pszSt
 167:../generate/sc_drivers/r_ostm/src/hld/r_ostm_drv_api.c ****     }
 168:../generate/sc_drivers/r_ostm/src/hld/r_ostm_drv_api.c **** 
 169:../generate/sc_drivers/r_ostm/src/hld/r_ostm_drv_api.c ****     return (ret);
 170:../generate/sc_drivers/r_ostm/src/hld/r_ostm_drv_api.c **** }
 171:../generate/sc_drivers/r_ostm/src/hld/r_ostm_drv_api.c **** /******************************************************************************
 172:../generate/sc_drivers/r_ostm/src/hld/r_ostm_drv_api.c ****  End of function  ostm_open
 173:../generate/sc_drivers/r_ostm/src/hld/r_ostm_drv_api.c ****  ******************************************************************************/
 174:../generate/sc_drivers/r_ostm/src/hld/r_ostm_drv_api.c **** 
 175:../generate/sc_drivers/r_ostm/src/hld/r_ostm_drv_api.c **** /******************************************************************************
 176:../generate/sc_drivers/r_ostm/src/hld/r_ostm_drv_api.c ****  Function Name: ostm_close
 177:../generate/sc_drivers/r_ostm/src/hld/r_ostm_drv_api.c ****  Description:   Function to close the standard IN driver. All open devices
 178:../generate/sc_drivers/r_ostm/src/hld/r_ostm_drv_api.c ****  connected to the led are closed.
 179:../generate/sc_drivers/r_ostm/src/hld/r_ostm_drv_api.c ****  Arguments:     IN  stream_ptr - Pointer to the file stream
 180:../generate/sc_drivers/r_ostm/src/hld/r_ostm_drv_api.c ****  Return value:  none
 181:../generate/sc_drivers/r_ostm/src/hld/r_ostm_drv_api.c ****  ******************************************************************************/
 182:../generate/sc_drivers/r_ostm/src/hld/r_ostm_drv_api.c **** static void ostm_close(st_stream_ptr_t stream_ptr)
 183:../generate/sc_drivers/r_ostm/src/hld/r_ostm_drv_api.c **** {
 184:../generate/sc_drivers/r_ostm/src/hld/r_ostm_drv_api.c ****     e_r_drv_ostm_channel_t channel;
 185:../generate/sc_drivers/r_ostm/src/hld/r_ostm_drv_api.c **** 
 186:../generate/sc_drivers/r_ostm/src/hld/r_ostm_drv_api.c ****     /* obtain the OSTM channel */
 187:../generate/sc_drivers/r_ostm/src/hld/r_ostm_drv_api.c ****     channel = OSTM_SC_TABLE[stream_ptr->sc_config_index].channel;
 188:../generate/sc_drivers/r_ostm/src/hld/r_ostm_drv_api.c **** 
 189:../generate/sc_drivers/r_ostm/src/hld/r_ostm_drv_api.c ****     if (gs_r_drv_ostm_open[channel])
 190:../generate/sc_drivers/r_ostm/src/hld/r_ostm_drv_api.c ****     {
 191:../generate/sc_drivers/r_ostm/src/hld/r_ostm_drv_api.c ****         /* reset the state of this driver so that the next time it is opened the driver is reinitia
 192:../generate/sc_drivers/r_ostm/src/hld/r_ostm_drv_api.c ****         gs_r_drv_ostm_open[channel] = false;
 193:../generate/sc_drivers/r_ostm/src/hld/r_ostm_drv_api.c **** 
 194:../generate/sc_drivers/r_ostm/src/hld/r_ostm_drv_api.c ****         R_OSTM_Close(channel);
 195:../generate/sc_drivers/r_ostm/src/hld/r_ostm_drv_api.c ****     }
 196:../generate/sc_drivers/r_ostm/src/hld/r_ostm_drv_api.c **** }
 197:../generate/sc_drivers/r_ostm/src/hld/r_ostm_drv_api.c **** /******************************************************************************
 198:../generate/sc_drivers/r_ostm/src/hld/r_ostm_drv_api.c ****  End of function  ostm_close
 199:../generate/sc_drivers/r_ostm/src/hld/r_ostm_drv_api.c ****  ******************************************************************************/
 200:../generate/sc_drivers/r_ostm/src/hld/r_ostm_drv_api.c **** 
 201:../generate/sc_drivers/r_ostm/src/hld/r_ostm_drv_api.c **** /******************************************************************************
 202:../generate/sc_drivers/r_ostm/src/hld/r_ostm_drv_api.c ****  Function Name: ostm_read
 203:../generate/sc_drivers/r_ostm/src/hld/r_ostm_drv_api.c ****  Description:   Function to read data from the OSTM device
 204:../generate/sc_drivers/r_ostm/src/hld/r_ostm_drv_api.c ****  Arguments:     IN  stream_ptr - Pointer to the file stream
 205:../generate/sc_drivers/r_ostm/src/hld/r_ostm_drv_api.c ****                 IN  buffer - Pointer to the destination memory
 206:../generate/sc_drivers/r_ostm/src/hld/r_ostm_drv_api.c ****                 IN  count - The number of bytes to read
 207:../generate/sc_drivers/r_ostm/src/hld/r_ostm_drv_api.c ****  Return value:  data count for success or Error Code on error
 208:../generate/sc_drivers/r_ostm/src/hld/r_ostm_drv_api.c ****  ******************************************************************************/
 209:../generate/sc_drivers/r_ostm/src/hld/r_ostm_drv_api.c **** static int_t ostm_read(st_stream_ptr_t stream_ptr, uint8_t *buff_ptr, uint32_t count)
 210:../generate/sc_drivers/r_ostm/src/hld/r_ostm_drv_api.c **** {
 211:../generate/sc_drivers/r_ostm/src/hld/r_ostm_drv_api.c ****     int_t err_code = DRV_ERROR;
 212:../generate/sc_drivers/r_ostm/src/hld/r_ostm_drv_api.c ****     e_r_drv_ostm_channel_t channel;
 213:../generate/sc_drivers/r_ostm/src/hld/r_ostm_drv_api.c **** 
 214:../generate/sc_drivers/r_ostm/src/hld/r_ostm_drv_api.c ****     /* the counter is a uint32_t, so the buffer needs to be at least that big */
 215:../generate/sc_drivers/r_ostm/src/hld/r_ostm_drv_api.c ****     if (count < sizeof(uint32_t))
 216:../generate/sc_drivers/r_ostm/src/hld/r_ostm_drv_api.c ****     {
 217:../generate/sc_drivers/r_ostm/src/hld/r_ostm_drv_api.c ****         return (DRV_ERROR);
 218:../generate/sc_drivers/r_ostm/src/hld/r_ostm_drv_api.c ****     }
 219:../generate/sc_drivers/r_ostm/src/hld/r_ostm_drv_api.c **** 
 220:../generate/sc_drivers/r_ostm/src/hld/r_ostm_drv_api.c ****     /* obtain the OSTM channel */
 221:../generate/sc_drivers/r_ostm/src/hld/r_ostm_drv_api.c ****     channel = OSTM_SC_TABLE[stream_ptr->sc_config_index].channel;
 222:../generate/sc_drivers/r_ostm/src/hld/r_ostm_drv_api.c **** 
 223:../generate/sc_drivers/r_ostm/src/hld/r_ostm_drv_api.c ****     /* obtain the current counter
 224:../generate/sc_drivers/r_ostm/src/hld/r_ostm_drv_api.c ****      * (safe for change to uint32_t pointer due to count restricts 4 byte or more)
 225:../generate/sc_drivers/r_ostm/src/hld/r_ostm_drv_api.c ****      */
 226:../generate/sc_drivers/r_ostm/src/hld/r_ostm_drv_api.c ****     err_code = R_OSTM_GetCount(channel, (uint32_t *) buff_ptr);
 227:../generate/sc_drivers/r_ostm/src/hld/r_ostm_drv_api.c **** 
 228:../generate/sc_drivers/r_ostm/src/hld/r_ostm_drv_api.c ****     return (err_code);
 229:../generate/sc_drivers/r_ostm/src/hld/r_ostm_drv_api.c **** }
 230:../generate/sc_drivers/r_ostm/src/hld/r_ostm_drv_api.c **** /******************************************************************************
 231:../generate/sc_drivers/r_ostm/src/hld/r_ostm_drv_api.c ****  End of function ostm_read
 232:../generate/sc_drivers/r_ostm/src/hld/r_ostm_drv_api.c ****  ******************************************************************************/
 233:../generate/sc_drivers/r_ostm/src/hld/r_ostm_drv_api.c **** 
 234:../generate/sc_drivers/r_ostm/src/hld/r_ostm_drv_api.c **** /******************************************************************************
 235:../generate/sc_drivers/r_ostm/src/hld/r_ostm_drv_api.c ****  Function Name: ostm_control
 236:../generate/sc_drivers/r_ostm/src/hld/r_ostm_drv_api.c ****  Description:   Function to handle custom controls for the standard IN device
 237:../generate/sc_drivers/r_ostm/src/hld/r_ostm_drv_api.c ****  Arguments:     IN  stream_ptr - Pointer to the file stream
 238:../generate/sc_drivers/r_ostm/src/hld/r_ostm_drv_api.c ****  IN  ctrl_code - The custom control code
 239:../generate/sc_drivers/r_ostm/src/hld/r_ostm_drv_api.c ****  IN  ctrl_ptr - Pointer to the custom control structure
 240:../generate/sc_drivers/r_ostm/src/hld/r_ostm_drv_api.c ****  Return value:  0 for success -1 on error
 241:../generate/sc_drivers/r_ostm/src/hld/r_ostm_drv_api.c ****  ******************************************************************************/
 242:../generate/sc_drivers/r_ostm/src/hld/r_ostm_drv_api.c **** static int_t ostm_control(st_stream_ptr_t stream_ptr, uint32_t ctrl_code, void *ctrl_ptr)
 243:../generate/sc_drivers/r_ostm/src/hld/r_ostm_drv_api.c **** {
 244:../generate/sc_drivers/r_ostm/src/hld/r_ostm_drv_api.c ****     int_t retval = DRV_ERROR;
 245:../generate/sc_drivers/r_ostm/src/hld/r_ostm_drv_api.c ****     e_r_drv_ostm_channel_t channel;
 246:../generate/sc_drivers/r_ostm/src/hld/r_ostm_drv_api.c ****     st_r_drv_ostm_config_t * p_config;
 247:../generate/sc_drivers/r_ostm/src/hld/r_ostm_drv_api.c **** 
 248:../generate/sc_drivers/r_ostm/src/hld/r_ostm_drv_api.c ****     /* obtain the OSTM channel */
 249:../generate/sc_drivers/r_ostm/src/hld/r_ostm_drv_api.c ****     channel = OSTM_SC_TABLE[stream_ptr->sc_config_index].channel;
 250:../generate/sc_drivers/r_ostm/src/hld/r_ostm_drv_api.c **** 
 251:../generate/sc_drivers/r_ostm/src/hld/r_ostm_drv_api.c ****     switch (ctrl_code)
 252:../generate/sc_drivers/r_ostm/src/hld/r_ostm_drv_api.c ****     {
 253:../generate/sc_drivers/r_ostm/src/hld/r_ostm_drv_api.c ****         case CTRL_OSTM_START_TIMER:
 254:../generate/sc_drivers/r_ostm/src/hld/r_ostm_drv_api.c ****         {
 255:../generate/sc_drivers/r_ostm/src/hld/r_ostm_drv_api.c ****             /* start timer */
 256:../generate/sc_drivers/r_ostm/src/hld/r_ostm_drv_api.c ****             retval = R_OSTM_Start(channel);
 257:../generate/sc_drivers/r_ostm/src/hld/r_ostm_drv_api.c ****             break;
 258:../generate/sc_drivers/r_ostm/src/hld/r_ostm_drv_api.c ****         }
 259:../generate/sc_drivers/r_ostm/src/hld/r_ostm_drv_api.c **** 
 260:../generate/sc_drivers/r_ostm/src/hld/r_ostm_drv_api.c ****         case CTRL_OSTM_STOP_TIMER:
 261:../generate/sc_drivers/r_ostm/src/hld/r_ostm_drv_api.c ****         {
 262:../generate/sc_drivers/r_ostm/src/hld/r_ostm_drv_api.c ****             /* stop timer */
 263:../generate/sc_drivers/r_ostm/src/hld/r_ostm_drv_api.c ****             retval = R_OSTM_Stop(channel);
 264:../generate/sc_drivers/r_ostm/src/hld/r_ostm_drv_api.c ****             break;
 265:../generate/sc_drivers/r_ostm/src/hld/r_ostm_drv_api.c ****         }
 266:../generate/sc_drivers/r_ostm/src/hld/r_ostm_drv_api.c **** 
 267:../generate/sc_drivers/r_ostm/src/hld/r_ostm_drv_api.c ****         case CTRL_OSTM_RECONFIGURE:
 268:../generate/sc_drivers/r_ostm/src/hld/r_ostm_drv_api.c ****         {
 269:../generate/sc_drivers/r_ostm/src/hld/r_ostm_drv_api.c ****             if (NULL != ctrl_ptr)
 270:../generate/sc_drivers/r_ostm/src/hld/r_ostm_drv_api.c ****             {
 271:../generate/sc_drivers/r_ostm/src/hld/r_ostm_drv_api.c ****                 /* convert parameter pointer to the function specific */
 272:../generate/sc_drivers/r_ostm/src/hld/r_ostm_drv_api.c ****                 p_config = (st_r_drv_ostm_config_t *) ctrl_ptr;
 273:../generate/sc_drivers/r_ostm/src/hld/r_ostm_drv_api.c **** 
 274:../generate/sc_drivers/r_ostm/src/hld/r_ostm_drv_api.c ****                 retval = reconfigure_timer(channel, p_config);
 275:../generate/sc_drivers/r_ostm/src/hld/r_ostm_drv_api.c ****             }
 276:../generate/sc_drivers/r_ostm/src/hld/r_ostm_drv_api.c **** 
 277:../generate/sc_drivers/r_ostm/src/hld/r_ostm_drv_api.c ****             break;
 278:../generate/sc_drivers/r_ostm/src/hld/r_ostm_drv_api.c ****         }
 279:../generate/sc_drivers/r_ostm/src/hld/r_ostm_drv_api.c **** 
 280:../generate/sc_drivers/r_ostm/src/hld/r_ostm_drv_api.c ****         case CTRL_OSTM_READ_COUNTER:
 281:../generate/sc_drivers/r_ostm/src/hld/r_ostm_drv_api.c ****         {
 282:../generate/sc_drivers/r_ostm/src/hld/r_ostm_drv_api.c ****             if (NULL != ctrl_ptr)
 283:../generate/sc_drivers/r_ostm/src/hld/r_ostm_drv_api.c ****             {
 284:../generate/sc_drivers/r_ostm/src/hld/r_ostm_drv_api.c ****                 /* read the timer */
 285:../generate/sc_drivers/r_ostm/src/hld/r_ostm_drv_api.c ****                 retval = R_OSTM_GetCount(channel, (uint32_t *) ctrl_ptr);
 286:../generate/sc_drivers/r_ostm/src/hld/r_ostm_drv_api.c ****             }
 287:../generate/sc_drivers/r_ostm/src/hld/r_ostm_drv_api.c **** 
 288:../generate/sc_drivers/r_ostm/src/hld/r_ostm_drv_api.c ****             break;
 289:../generate/sc_drivers/r_ostm/src/hld/r_ostm_drv_api.c ****         }
 290:../generate/sc_drivers/r_ostm/src/hld/r_ostm_drv_api.c **** 
 291:../generate/sc_drivers/r_ostm/src/hld/r_ostm_drv_api.c ****         default:
 292:../generate/sc_drivers/r_ostm/src/hld/r_ostm_drv_api.c ****         {
 293:../generate/sc_drivers/r_ostm/src/hld/r_ostm_drv_api.c ****             DEBUG_PRV_TRACE(("drvOSTM: Unknown control code\r\n"));
 294:../generate/sc_drivers/r_ostm/src/hld/r_ostm_drv_api.c ****             break;
 295:../generate/sc_drivers/r_ostm/src/hld/r_ostm_drv_api.c ****         }
 296:../generate/sc_drivers/r_ostm/src/hld/r_ostm_drv_api.c ****     }
 297:../generate/sc_drivers/r_ostm/src/hld/r_ostm_drv_api.c **** 
 298:../generate/sc_drivers/r_ostm/src/hld/r_ostm_drv_api.c ****     return (retval);
 299:../generate/sc_drivers/r_ostm/src/hld/r_ostm_drv_api.c **** }
 300:../generate/sc_drivers/r_ostm/src/hld/r_ostm_drv_api.c **** /******************************************************************************
 301:../generate/sc_drivers/r_ostm/src/hld/r_ostm_drv_api.c ****  End of function  ostm_control
 302:../generate/sc_drivers/r_ostm/src/hld/r_ostm_drv_api.c ****  ******************************************************************************/
 303:../generate/sc_drivers/r_ostm/src/hld/r_ostm_drv_api.c **** 
 304:../generate/sc_drivers/r_ostm/src/hld/r_ostm_drv_api.c **** /*******************************************************************************
 305:../generate/sc_drivers/r_ostm/src/hld/r_ostm_drv_api.c ****  * Function Name: ostm_get_version
 306:../generate/sc_drivers/r_ostm/src/hld/r_ostm_drv_api.c ****  * Description  : Provides build information even if driver fails to open
 307:../generate/sc_drivers/r_ostm/src/hld/r_ostm_drv_api.c ****  *                version information is updated by developer
 308:../generate/sc_drivers/r_ostm/src/hld/r_ostm_drv_api.c ****  * Arguments    : none
 309:../generate/sc_drivers/r_ostm/src/hld/r_ostm_drv_api.c ****  * Return Value : 0 (never fails)
 310:../generate/sc_drivers/r_ostm/src/hld/r_ostm_drv_api.c ****  ******************************************************************************/
 311:../generate/sc_drivers/r_ostm/src/hld/r_ostm_drv_api.c **** static int_t ostm_get_version(st_stream_ptr_t stream_ptr, st_ver_info_t *pVerInfo)
 312:../generate/sc_drivers/r_ostm/src/hld/r_ostm_drv_api.c **** {
  25              		.loc 1 312 0
  26              		.cfi_startproc
  27              		@ args = 0, pretend = 0, frame = 0
  28              		@ frame_needed = 0, uses_anonymous_args = 0
  29              	.LVL0:
  30 0000 10402DE9 		push	{r4, lr}
  31              		.cfi_def_cfa_offset 8
  32              		.cfi_offset 4, -8
  33              		.cfi_offset 14, -4
 313:../generate/sc_drivers/r_ostm/src/hld/r_ostm_drv_api.c ****     /* stream_ptr not used */
 314:../generate/sc_drivers/r_ostm/src/hld/r_ostm_drv_api.c ****     UNUSED_PARAM (stream_ptr);
 315:../generate/sc_drivers/r_ostm/src/hld/r_ostm_drv_api.c **** 
 316:../generate/sc_drivers/r_ostm/src/hld/r_ostm_drv_api.c ****     pVerInfo->hld.version.sub.major = gs_hld_info.version.sub.major;
  34              		.loc 1 316 0
  35 0004 0130A0E3 		mov	r3, #1
  36 0008 B230C1E1 		strh	r3, [r1, #2]	@ movhi
 317:../generate/sc_drivers/r_ostm/src/hld/r_ostm_drv_api.c ****     pVerInfo->hld.version.sub.minor = gs_hld_info.version.sub.minor;
  37              		.loc 1 317 0
  38 000c 0230A0E3 		mov	r3, #2
  39 0010 B030C1E1 		strh	r3, [r1]	@ movhi
 318:../generate/sc_drivers/r_ostm/src/hld/r_ostm_drv_api.c ****     pVerInfo->hld.build = gs_hld_info.build;
  40              		.loc 1 318 0
  41 0014 0030A0E3 		mov	r3, #0
  42 0018 043081E5 		str	r3, [r1, #4]
 319:../generate/sc_drivers/r_ostm/src/hld/r_ostm_drv_api.c ****     pVerInfo->hld.p_szdriver_name = gs_hld_info.p_szdriver_name;
  43              		.loc 1 319 0
  44 001c 003000E3 		movw	r3, #:lower16:.LC0
  45 0020 003040E3 		movt	r3, #:upper16:.LC0
  46 0024 083081E5 		str	r3, [r1, #8]
 320:../generate/sc_drivers/r_ostm/src/hld/r_ostm_drv_api.c **** 
 321:../generate/sc_drivers/r_ostm/src/hld/r_ostm_drv_api.c ****     /* Obtain version information from Low Layer Driver */
 322:../generate/sc_drivers/r_ostm/src/hld/r_ostm_drv_api.c ****     return R_OSTM_GetVersion (pVerInfo);
  47              		.loc 1 322 0
  48 0028 0100A0E1 		mov	r0, r1
  49              	.LVL1:
  50 002c FEFFFFEB 		bl	R_OSTM_GetVersion
  51              	.LVL2:
 323:../generate/sc_drivers/r_ostm/src/hld/r_ostm_drv_api.c **** }
  52              		.loc 1 323 0
  53 0030 1080BDE8 		pop	{r4, pc}
  54              		.cfi_endproc
  55              	.LFE6:
  57              		.section	.text.ostm_read,"ax",%progbits
  58              		.align	2
  59              		.syntax unified
  60              		.arm
  61              		.fpu neon
  63              	ostm_read:
  64              	.LFB4:
 210:../generate/sc_drivers/r_ostm/src/hld/r_ostm_drv_api.c ****     int_t err_code = DRV_ERROR;
  65              		.loc 1 210 0
  66              		.cfi_startproc
  67              		@ args = 0, pretend = 0, frame = 0
  68              		@ frame_needed = 0, uses_anonymous_args = 0
  69              	.LVL3:
 215:../generate/sc_drivers/r_ostm/src/hld/r_ostm_drv_api.c ****     {
  70              		.loc 1 215 0
  71 0000 030052E3 		cmp	r2, #3
  72 0004 0800009A 		bls	.L5
 210:../generate/sc_drivers/r_ostm/src/hld/r_ostm_drv_api.c ****     int_t err_code = DRV_ERROR;
  73              		.loc 1 210 0
  74 0008 10402DE9 		push	{r4, lr}
  75              		.cfi_def_cfa_offset 8
  76              		.cfi_offset 4, -8
  77              		.cfi_offset 14, -4
 221:../generate/sc_drivers/r_ostm/src/hld/r_ostm_drv_api.c **** 
  78              		.loc 1 221 0
  79 000c 1C30D0E5 		ldrb	r3, [r0, #28]	@ zero_extendqisi2
  80 0010 002000E3 		movw	r2, #:lower16:.LANCHOR0
  81              	.LVL4:
  82 0014 002040E3 		movt	r2, #:upper16:.LANCHOR0
  83 0018 033183E0 		add	r3, r3, r3, lsl #2
  84 001c 0301A0E1 		lsl	r0, r3, #2
  85              	.LVL5:
 226:../generate/sc_drivers/r_ostm/src/hld/r_ostm_drv_api.c **** 
  86              		.loc 1 226 0
  87 0020 0000D2E7 		ldrb	r0, [r2, r0]	@ zero_extendqisi2
  88              	.LVL6:
  89 0024 FEFFFFEB 		bl	R_OSTM_GetCount
  90              	.LVL7:
 228:../generate/sc_drivers/r_ostm/src/hld/r_ostm_drv_api.c **** }
  91              		.loc 1 228 0
  92 0028 1080BDE8 		pop	{r4, pc}
  93              	.LVL8:
  94              	.L5:
  95              		.cfi_def_cfa_offset 0
  96              		.cfi_restore 4
  97              		.cfi_restore 14
 217:../generate/sc_drivers/r_ostm/src/hld/r_ostm_drv_api.c ****     }
  98              		.loc 1 217 0
  99 002c 0000E0E3 		mvn	r0, #0
 100              	.LVL9:
 101 0030 1EFF2FE1 		bx	lr
 102              		.cfi_endproc
 103              	.LFE4:
 105              		.section	.text.ostm_close,"ax",%progbits
 106              		.align	2
 107              		.syntax unified
 108              		.arm
 109              		.fpu neon
 111              	ostm_close:
 112              	.LFB3:
 183:../generate/sc_drivers/r_ostm/src/hld/r_ostm_drv_api.c ****     e_r_drv_ostm_channel_t channel;
 113              		.loc 1 183 0
 114              		.cfi_startproc
 115              		@ args = 0, pretend = 0, frame = 0
 116              		@ frame_needed = 0, uses_anonymous_args = 0
 117              	.LVL10:
 187:../generate/sc_drivers/r_ostm/src/hld/r_ostm_drv_api.c **** 
 118              		.loc 1 187 0
 119 0000 1C30D0E5 		ldrb	r3, [r0, #28]	@ zero_extendqisi2
 120 0004 002000E3 		movw	r2, #:lower16:.LANCHOR0
 121 0008 002040E3 		movt	r2, #:upper16:.LANCHOR0
 122 000c 033183E0 		add	r3, r3, r3, lsl #2
 123 0010 0311A0E1 		lsl	r1, r3, #2
 124 0014 0100D2E7 		ldrb	r0, [r2, r1]	@ zero_extendqisi2
 125              	.LVL11:
 189:../generate/sc_drivers/r_ostm/src/hld/r_ostm_drv_api.c ****     {
 126              		.loc 1 189 0
 127 0018 003000E3 		movw	r3, #:lower16:.LANCHOR1
 128 001c 003040E3 		movt	r3, #:upper16:.LANCHOR1
 129 0020 003193E7 		ldr	r3, [r3, r0, lsl #2]
 130 0024 000053E3 		cmp	r3, #0
 131 0028 1EFF2F01 		bxeq	lr
 183:../generate/sc_drivers/r_ostm/src/hld/r_ostm_drv_api.c ****     e_r_drv_ostm_channel_t channel;
 132              		.loc 1 183 0
 133 002c 10402DE9 		push	{r4, lr}
 134              		.cfi_def_cfa_offset 8
 135              		.cfi_offset 4, -8
 136              		.cfi_offset 14, -4
 192:../generate/sc_drivers/r_ostm/src/hld/r_ostm_drv_api.c **** 
 137              		.loc 1 192 0
 138 0030 003000E3 		movw	r3, #:lower16:.LANCHOR1
 139 0034 003040E3 		movt	r3, #:upper16:.LANCHOR1
 140 0038 0020A0E3 		mov	r2, #0
 141 003c 002183E7 		str	r2, [r3, r0, lsl #2]
 194:../generate/sc_drivers/r_ostm/src/hld/r_ostm_drv_api.c ****     }
 142              		.loc 1 194 0
 143 0040 FEFFFFEB 		bl	R_OSTM_Close
 144              	.LVL12:
 145 0044 1080BDE8 		pop	{r4, pc}
 146              		.cfi_endproc
 147              	.LFE3:
 149              		.section	.text.reconfigure_timer,"ax",%progbits
 150              		.align	2
 151              		.syntax unified
 152              		.arm
 153              		.fpu neon
 155              	reconfigure_timer:
 156              	.LFB1:
 111:../generate/sc_drivers/r_ostm/src/hld/r_ostm_drv_api.c ****     int_t ret = DRV_SUCCESS;
 157              		.loc 1 111 0
 158              		.cfi_startproc
 159              		@ args = 0, pretend = 0, frame = 0
 160              		@ frame_needed = 0, uses_anonymous_args = 0
 161              	.LVL13:
 162 0000 70402DE9 		push	{r4, r5, r6, lr}
 163              		.cfi_def_cfa_offset 16
 164              		.cfi_offset 4, -16
 165              		.cfi_offset 5, -12
 166              		.cfi_offset 6, -8
 167              		.cfi_offset 14, -4
 168 0004 0040A0E1 		mov	r4, r0
 169 0008 0150A0E1 		mov	r5, r1
 170              	.LVL14:
 117:../generate/sc_drivers/r_ostm/src/hld/r_ostm_drv_api.c ****     }
 171              		.loc 1 117 0
 172 000c FEFFFFEB 		bl	R_OSTM_Stop
 173              	.LVL15:
 121:../generate/sc_drivers/r_ostm/src/hld/r_ostm_drv_api.c ****     {
 174              		.loc 1 121 0
 175 0010 000050E3 		cmp	r0, #0
 176 0014 0500000A 		beq	.L20
 177              	.L17:
 127:../generate/sc_drivers/r_ostm/src/hld/r_ostm_drv_api.c ****     {
 178              		.loc 1 127 0
 179 0018 000050E3 		cmp	r0, #0
 180 001c 7080BD18 		popne	{r4, r5, r6, pc}
 129:../generate/sc_drivers/r_ostm/src/hld/r_ostm_drv_api.c ****     }
 181              		.loc 1 129 0
 182 0020 0510A0E1 		mov	r1, r5
 183 0024 0400A0E1 		mov	r0, r4
 184              	.LVL16:
 185 0028 FEFFFFEB 		bl	R_OSTM_Init
 186              	.LVL17:
 133:../generate/sc_drivers/r_ostm/src/hld/r_ostm_drv_api.c **** /**************************************************************************************************
 187              		.loc 1 133 0
 188 002c 7080BDE8 		pop	{r4, r5, r6, pc}
 189              	.L20:
 123:../generate/sc_drivers/r_ostm/src/hld/r_ostm_drv_api.c ****     }
 190              		.loc 1 123 0
 191 0030 0400A0E1 		mov	r0, r4
 192              	.LVL18:
 193 0034 FEFFFFEB 		bl	R_OSTM_Close
 194              	.LVL19:
 195 0038 F6FFFFEA 		b	.L17
 196              		.cfi_endproc
 197              	.LFE1:
 199              		.section	.text.ostm_control,"ax",%progbits
 200              		.align	2
 201              		.syntax unified
 202              		.arm
 203              		.fpu neon
 205              	ostm_control:
 206              	.LFB5:
 243:../generate/sc_drivers/r_ostm/src/hld/r_ostm_drv_api.c ****     int_t retval = DRV_ERROR;
 207              		.loc 1 243 0
 208              		.cfi_startproc
 209              		@ args = 0, pretend = 0, frame = 0
 210              		@ frame_needed = 0, uses_anonymous_args = 0
 211              	.LVL20:
 212 0000 10402DE9 		push	{r4, lr}
 213              		.cfi_def_cfa_offset 8
 214              		.cfi_offset 4, -8
 215              		.cfi_offset 14, -4
 216              	.LVL21:
 249:../generate/sc_drivers/r_ostm/src/hld/r_ostm_drv_api.c **** 
 217              		.loc 1 249 0
 218 0004 1C30D0E5 		ldrb	r3, [r0, #28]	@ zero_extendqisi2
 219 0008 000000E3 		movw	r0, #:lower16:.LANCHOR0
 220              	.LVL22:
 221 000c 000040E3 		movt	r0, #:upper16:.LANCHOR0
 222 0010 033183E0 		add	r3, r3, r3, lsl #2
 223 0014 03C1A0E1 		lsl	ip, r3, #2
 224 0018 0C00D0E7 		ldrb	r0, [r0, ip]	@ zero_extendqisi2
 225              	.LVL23:
 251:../generate/sc_drivers/r_ostm/src/hld/r_ostm_drv_api.c ****     {
 226              		.loc 1 251 0
 227 001c 030051E3 		cmp	r1, #3
 228 0020 01F19F97 		ldrls	pc, [pc, r1, asl #2]
 229 0024 110000EA 		b	.L28
 230              	.L24:
 231 0028 38000000 		.word	.L23
 232 002c 40000000 		.word	.L25
 233 0030 48000000 		.word	.L26
 234 0034 5C000000 		.word	.L27
 235              	.L23:
 256:../generate/sc_drivers/r_ostm/src/hld/r_ostm_drv_api.c ****             break;
 236              		.loc 1 256 0
 237 0038 FEFFFFEB 		bl	R_OSTM_Start
 238              	.LVL24:
 257:../generate/sc_drivers/r_ostm/src/hld/r_ostm_drv_api.c ****         }
 239              		.loc 1 257 0
 240 003c 1080BDE8 		pop	{r4, pc}
 241              	.LVL25:
 242              	.L25:
 263:../generate/sc_drivers/r_ostm/src/hld/r_ostm_drv_api.c ****             break;
 243              		.loc 1 263 0
 244 0040 FEFFFFEB 		bl	R_OSTM_Stop
 245              	.LVL26:
 264:../generate/sc_drivers/r_ostm/src/hld/r_ostm_drv_api.c ****         }
 246              		.loc 1 264 0
 247 0044 1080BDE8 		pop	{r4, pc}
 248              	.LVL27:
 249              	.L26:
 269:../generate/sc_drivers/r_ostm/src/hld/r_ostm_drv_api.c ****             {
 250              		.loc 1 269 0
 251 0048 000052E3 		cmp	r2, #0
 252 004c 0900000A 		beq	.L29
 253              	.LVL28:
 274:../generate/sc_drivers/r_ostm/src/hld/r_ostm_drv_api.c ****             }
 254              		.loc 1 274 0
 255 0050 0210A0E1 		mov	r1, r2
 256              	.LVL29:
 257 0054 FEFFFFEB 		bl	reconfigure_timer
 258              	.LVL30:
 259 0058 1080BDE8 		pop	{r4, pc}
 260              	.LVL31:
 261              	.L27:
 282:../generate/sc_drivers/r_ostm/src/hld/r_ostm_drv_api.c ****             {
 262              		.loc 1 282 0
 263 005c 000052E3 		cmp	r2, #0
 264 0060 0600000A 		beq	.L30
 285:../generate/sc_drivers/r_ostm/src/hld/r_ostm_drv_api.c ****             }
 265              		.loc 1 285 0
 266 0064 0210A0E1 		mov	r1, r2
 267              	.LVL32:
 268 0068 FEFFFFEB 		bl	R_OSTM_GetCount
 269              	.LVL33:
 270 006c 1080BDE8 		pop	{r4, pc}
 271              	.LVL34:
 272              	.L28:
 244:../generate/sc_drivers/r_ostm/src/hld/r_ostm_drv_api.c ****     e_r_drv_ostm_channel_t channel;
 273              		.loc 1 244 0
 274 0070 0000E0E3 		mvn	r0, #0
 275              	.LVL35:
 276 0074 1080BDE8 		pop	{r4, pc}
 277              	.LVL36:
 278              	.L29:
 279 0078 0000E0E3 		mvn	r0, #0
 280              	.LVL37:
 281 007c 1080BDE8 		pop	{r4, pc}
 282              	.LVL38:
 283              	.L30:
 284 0080 0000E0E3 		mvn	r0, #0
 285              	.LVL39:
 299:../generate/sc_drivers/r_ostm/src/hld/r_ostm_drv_api.c **** /******************************************************************************
 286              		.loc 1 299 0
 287 0084 1080BDE8 		pop	{r4, pc}
 288              		.cfi_endproc
 289              	.LFE5:
 291              		.section	.text.ostm_open,"ax",%progbits
 292              		.align	2
 293              		.syntax unified
 294              		.arm
 295              		.fpu neon
 297              	ostm_open:
 298              	.LFB2:
 145:../generate/sc_drivers/r_ostm/src/hld/r_ostm_drv_api.c ****     int_t ret = DRV_ERROR;
 299              		.loc 1 145 0
 300              		.cfi_startproc
 301              		@ args = 0, pretend = 0, frame = 0
 302              		@ frame_needed = 0, uses_anonymous_args = 0
 303              	.LVL40:
 304 0000 10402DE9 		push	{r4, lr}
 305              		.cfi_def_cfa_offset 8
 306              		.cfi_offset 4, -8
 307              		.cfi_offset 14, -4
 308              	.LVL41:
 150:../generate/sc_drivers/r_ostm/src/hld/r_ostm_drv_api.c **** 
 309              		.loc 1 150 0
 310 0004 1C30D0E5 		ldrb	r3, [r0, #28]	@ zero_extendqisi2
 311 0008 002000E3 		movw	r2, #:lower16:.LANCHOR0
 312 000c 002040E3 		movt	r2, #:upper16:.LANCHOR0
 313 0010 030183E0 		add	r0, r3, r3, lsl #2
 314              	.LVL42:
 315 0014 0011A0E1 		lsl	r1, r0, #2
 316 0018 0140D2E7 		ldrb	r4, [r2, r1]	@ zero_extendqisi2
 317              	.LVL43:
 154:../generate/sc_drivers/r_ostm/src/hld/r_ostm_drv_api.c ****     {
 318              		.loc 1 154 0
 319 001c 002000E3 		movw	r2, #:lower16:.LANCHOR1
 320 0020 002040E3 		movt	r2, #:upper16:.LANCHOR1
 321 0024 042192E7 		ldr	r2, [r2, r4, lsl #2]
 322 0028 000052E3 		cmp	r2, #0
 323 002c 0D00001A 		bne	.L34
 156:../generate/sc_drivers/r_ostm/src/hld/r_ostm_drv_api.c **** 
 324              		.loc 1 156 0
 325 0030 001000E3 		movw	r1, #:lower16:.LANCHOR0
 326 0034 001040E3 		movt	r1, #:upper16:.LANCHOR0
 327 0038 0021A0E1 		lsl	r2, r0, #2
 328 003c 021081E0 		add	r1, r1, r2
 329 0040 041081E2 		add	r1, r1, #4
 330 0044 0400A0E1 		mov	r0, r4
 331 0048 FEFFFFEB 		bl	R_OSTM_Init
 332              	.LVL44:
 158:../generate/sc_drivers/r_ostm/src/hld/r_ostm_drv_api.c ****         {
 333              		.loc 1 158 0
 334 004c 000050E3 		cmp	r0, #0
 335 0050 1080BD18 		popne	{r4, pc}
 160:../generate/sc_drivers/r_ostm/src/hld/r_ostm_drv_api.c ****         }
 336              		.loc 1 160 0
 337 0054 003000E3 		movw	r3, #:lower16:.LANCHOR1
 338 0058 003040E3 		movt	r3, #:upper16:.LANCHOR1
 339 005c 0120A0E3 		mov	r2, #1
 340 0060 042183E7 		str	r2, [r3, r4, lsl #2]
 341 0064 1080BDE8 		pop	{r4, pc}
 342              	.LVL45:
 343              	.L34:
 146:../generate/sc_drivers/r_ostm/src/hld/r_ostm_drv_api.c ****     e_r_drv_ostm_channel_t channel;
 344              		.loc 1 146 0
 345 0068 0000E0E3 		mvn	r0, #0
 170:../generate/sc_drivers/r_ostm/src/hld/r_ostm_drv_api.c **** /******************************************************************************
 346              		.loc 1 170 0
 347 006c 1080BDE8 		pop	{r4, pc}
 348              		.cfi_endproc
 349              	.LFE2:
 351              		.global	g_ostm_driver
 352              		.global	gs_r_drv_ostm_open
 353              		.section	.bss.gs_r_drv_ostm_open,"aw",%nobits
 354              		.align	2
 355              		.set	.LANCHOR1,. + 0
 358              	gs_r_drv_ostm_open:
 359 0000 00000000 		.space	12
 359      00000000 
 359      00000000 
 360              		.section	.rodata.OSTM_SC_TABLE,"a",%progbits
 361              		.align	2
 362              		.set	.LANCHOR0,. + 0
 365              	OSTM_SC_TABLE:
 366 0000 02000000 		.word	2
 367 0004 00       		.byte	0
 368 0005 00       		.byte	0
 369 0006 0000     		.space	2
 370 0008 01000000 		.word	1
 371 000c 00       		.byte	0
 372 000d 00       		.byte	0
 373 000e 1E       		.byte	30
 374 000f 00       		.space	1
 375 0010 00000000 		.word	FreeRTOS_Tick_Handler
 376 0014 01000000 		.word	1
 377 0018 01       		.byte	1
 378 0019 01       		.byte	1
 379 001a 0000     		.space	2
 380 001c 00000000 		.word	0
 381 0020 00       		.byte	0
 382 0021 01       		.byte	1
 383 0022 00       		.byte	0
 384 0023 00       		.space	1
 385 0024 00000000 		.word	0
 386              		.section	.rodata.g_ostm_driver,"a",%progbits
 387              		.align	2
 390              	g_ostm_driver:
 391 0000 00000000 		.word	.LC1
 392 0004 00000000 		.word	ostm_open
 393 0008 00000000 		.word	ostm_close
 394 000c 00000000 		.word	ostm_read
 395 0010 00000000 		.word	no_dev_write
 396 0014 00000000 		.word	ostm_control
 397 0018 00000000 		.word	ostm_get_version
 398              		.section	.rodata.ostm_get_version.str1.4,"aMS",%progbits,1
 399              		.align	2
 400              	.LC0:
 401 0000 484C4420 		.ascii	"HLD OSTM\000"
 401      4F53544D 
 401      00
 402              		.section	.rodata.str1.4,"aMS",%progbits,1
 403              		.align	2
 404              	.LC1:
 405 0000 4F532054 		.ascii	"OS Timer Driver\000"
 405      696D6572 
 405      20447269 
 405      76657200 
 406              		.text
 407              	.Letext0:
 408              		.file 2 "c:\\program files (x86)\\gnu tools arm embedded\\6 2017-q2-update\\arm-none-eabi\\include
 409              		.file 3 "c:\\program files (x86)\\gnu tools arm embedded\\6 2017-q2-update\\arm-none-eabi\\include
 410              		.file 4 "c:\\program files (x86)\\gnu tools arm embedded\\6 2017-q2-update\\arm-none-eabi\\include
 411              		.file 5 "c:\\program files (x86)\\gnu tools arm embedded\\6 2017-q2-update\\arm-none-eabi\\include
 412              		.file 6 "c:\\program files (x86)\\gnu tools arm embedded\\6 2017-q2-update\\lib\\gcc\\arm-none-eab
 413              		.file 7 "c:\\program files (x86)\\gnu tools arm embedded\\6 2017-q2-update\\arm-none-eabi\\include
 414              		.file 8 "c:\\program files (x86)\\gnu tools arm embedded\\6 2017-q2-update\\arm-none-eabi\\include
 415              		.file 9 "C:/Renesas/e2studio_2021_01_workspace_RZA2M_ANPR/ANPR_RZA2M_EBK/generate/system/inc/r_typ
 416              		.file 10 "c:\\program files (x86)\\gnu tools arm embedded\\6 2017-q2-update\\arm-none-eabi\\includ
 417              		.file 11 "c:\\program files (x86)\\gnu tools arm embedded\\6 2017-q2-update\\arm-none-eabi\\includ
 418              		.file 12 "C:/Renesas/e2studio_2021_01_workspace_RZA2M_ANPR/ANPR_RZA2M_EBK/generate/system/inc/driv
 419              		.file 13 "C:/Renesas/e2studio_2021_01_workspace_RZA2M_ANPR/ANPR_RZA2M_EBK/generate/drivers/r_intc/
 420              		.file 14 "C:/Renesas/e2studio_2021_01_workspace_RZA2M_ANPR/ANPR_RZA2M_EBK/generate/sc_drivers/r_os
 421              		.file 15 "C:/Renesas/e2studio_2021_01_workspace_RZA2M_ANPR/ANPR_RZA2M_EBK/generate/sc_drivers/r_os
 422              		.file 16 "C:/Renesas/e2studio_2021_01_workspace_RZA2M_ANPR/ANPR_RZA2M_EBK/generate/sc_drivers/r_os
DEFINED SYMBOLS
                            *ABS*:00000000 r_ostm_drv_api.c
C:\Users\a5050395\AppData\Local\Temp\ccrzYqyC.s:17     .text.ostm_get_version:00000000 $a
C:\Users\a5050395\AppData\Local\Temp\ccrzYqyC.s:22     .text.ostm_get_version:00000000 ostm_get_version
C:\Users\a5050395\AppData\Local\Temp\ccrzYqyC.s:400    .rodata.ostm_get_version.str1.4:00000000 .LC0
C:\Users\a5050395\AppData\Local\Temp\ccrzYqyC.s:58     .text.ostm_read:00000000 $a
C:\Users\a5050395\AppData\Local\Temp\ccrzYqyC.s:63     .text.ostm_read:00000000 ostm_read
C:\Users\a5050395\AppData\Local\Temp\ccrzYqyC.s:362    .rodata.OSTM_SC_TABLE:00000000 .LANCHOR0
C:\Users\a5050395\AppData\Local\Temp\ccrzYqyC.s:106    .text.ostm_close:00000000 $a
C:\Users\a5050395\AppData\Local\Temp\ccrzYqyC.s:111    .text.ostm_close:00000000 ostm_close
C:\Users\a5050395\AppData\Local\Temp\ccrzYqyC.s:355    .bss.gs_r_drv_ostm_open:00000000 .LANCHOR1
C:\Users\a5050395\AppData\Local\Temp\ccrzYqyC.s:150    .text.reconfigure_timer:00000000 $a
C:\Users\a5050395\AppData\Local\Temp\ccrzYqyC.s:155    .text.reconfigure_timer:00000000 reconfigure_timer
C:\Users\a5050395\AppData\Local\Temp\ccrzYqyC.s:200    .text.ostm_control:00000000 $a
C:\Users\a5050395\AppData\Local\Temp\ccrzYqyC.s:205    .text.ostm_control:00000000 ostm_control
C:\Users\a5050395\AppData\Local\Temp\ccrzYqyC.s:231    .text.ostm_control:00000028 $d
C:\Users\a5050395\AppData\Local\Temp\ccrzYqyC.s:237    .text.ostm_control:00000038 $a
C:\Users\a5050395\AppData\Local\Temp\ccrzYqyC.s:292    .text.ostm_open:00000000 $a
C:\Users\a5050395\AppData\Local\Temp\ccrzYqyC.s:297    .text.ostm_open:00000000 ostm_open
C:\Users\a5050395\AppData\Local\Temp\ccrzYqyC.s:390    .rodata.g_ostm_driver:00000000 g_ostm_driver
C:\Users\a5050395\AppData\Local\Temp\ccrzYqyC.s:358    .bss.gs_r_drv_ostm_open:00000000 gs_r_drv_ostm_open
C:\Users\a5050395\AppData\Local\Temp\ccrzYqyC.s:354    .bss.gs_r_drv_ostm_open:00000000 $d
C:\Users\a5050395\AppData\Local\Temp\ccrzYqyC.s:361    .rodata.OSTM_SC_TABLE:00000000 $d
C:\Users\a5050395\AppData\Local\Temp\ccrzYqyC.s:365    .rodata.OSTM_SC_TABLE:00000000 OSTM_SC_TABLE
C:\Users\a5050395\AppData\Local\Temp\ccrzYqyC.s:387    .rodata.g_ostm_driver:00000000 $d
C:\Users\a5050395\AppData\Local\Temp\ccrzYqyC.s:399    .rodata.ostm_get_version.str1.4:00000000 $d
C:\Users\a5050395\AppData\Local\Temp\ccrzYqyC.s:403    .rodata.str1.4:00000000 $d
                     .debug_frame:00000010 $d
                           .group:00000000 wm4.0.14fc17be114e5a2cba0959c511ea2aaf
                           .group:00000000 wm4.stddef.h.39.a38874c8f8a57e66301090908ec2a69f
                           .group:00000000 wm4._newlib_version.h.4.3572908597b70d672d181fc7fc501c19
                           .group:00000000 wm4.features.h.33.d97f2d646536517df901beeb5b9993f5
                           .group:00000000 wm4._default_types.h.15.247e5cd201eca3442cbf5404108c4935
                           .group:00000000 wm4._intsup.h.10.cce27fed8484c08a33f522034c30d2b5
                           .group:00000000 wm4._stdint.h.10.c24fa3af3bc1706662bb5593a907e841
                           .group:00000000 wm4.stdint.h.23.d53047a68f4a85177f80b422d52785ed
                           .group:00000000 wm4.newlib.h.8.5f2124c7e712be65f83b91ff86a0b1c1
                           .group:00000000 wm4.config.h.219.65a553ab5bef5482f0d7880b0d33015e
                           .group:00000000 wm4._ansi.h.23.9f8fcfa20193763fcf364fb91705c94b
                           .group:00000000 wm4.lock.h.2.1461d1fff82dffe8bfddc23307f6484f
                           .group:00000000 wm4._types.h.125.5cf8a495f1f7ef36777ad868a1e32068
                           .group:00000000 wm4.stddef.h.161.5349cb105733e8777bfb0cf53c4e3f34
                           .group:00000000 wm4._types.h.183.c226d164ceca1f2ecb9ae9360c54a098
                           .group:00000000 wm4.reent.h.17.23b059516345f8f5abfa01ddc379570f
                           .group:00000000 wm4.cdefs.h.47.e658329a094974ebad41b40c60502de7
                           .group:00000000 wm4.math.h.13.adb102f7bd7860b1f241e149d6914a1e
                           .group:00000000 wm4.r_typedefs.h.38.e90d9de5300d9ae020e5db8c5af88b3e
                           .group:00000000 wm4.stdio.h.27.3fc80220048df77954e38daec3bb9670
                           .group:00000000 wm4.stddef.h.161.19e15733342b50ead2919490b095303e
                           .group:00000000 wm4.stdarg.h.34.3a23a216c0c293b3d2ea2e89281481e6
                           .group:00000000 wm4.types.h.40.e8c16e7ec36ba55f133d0616070e25fc
                           .group:00000000 wm4._endian.h.31.65a10590763c3dde1ac4a7f66d7d4891
                           .group:00000000 wm4.endian.h.9.49f3a4695c1b61e8a0808de3c4a106cb
                           .group:00000000 wm4._timeval.h.30.0e8bfd94e85db17dda3286ee81496fe6
                           .group:00000000 wm4.timespec.h.41.d855182eb0e690443ab8651bcedca6e1
                           .group:00000000 wm4.select.h.30.bbece7fa40993a78092dcc5805132560
                           .group:00000000 wm4.types.h.69.ed3eae3cf73030a737515151ebcab7a1
                           .group:00000000 wm4.stdio.h.2.4aa87247282eca6c8f36f9de33d8df1a
                           .group:00000000 wm4.stdio.h.81.8188691c2279eac7a223caa50f6694b9
                           .group:00000000 wm4.stdlib.h.13.4ed386f5c1a80d71e72172885d946ef2
                           .group:00000000 wm4.alloca.h.8.dfc0c703c47ec3e69746825b17d9e66d
                           .group:00000000 wm4.stdlib.h.56.d4493cd3736e51e9d56335045f26df45
                           .group:00000000 wm4.reent.h.91.b3ea049ebc5486622b61409b78486f84
                           .group:00000000 wm4._default_fcntl.h.6.b13d56891b95175b639f824a0fd1ed77
                           .group:00000000 wm4.time.h.8.db4619001f026d0b4874c029fef0e91f
                           .group:00000000 wm4.time.h.2.4581ce0ffb6627cfc02162c94bf846c9
                           .group:00000000 wm4.time.h.25.0e6a0fdbc9955f5707ed54246ed2e089
                           .group:00000000 wm4.time.h.162.d096f2f5887c52e271c4dc33d795dc64
                           .group:00000000 wm4.stat.h.71.d65ac61ff88c651e198008cfb38bda9c
                           .group:00000000 wm4.fcntl.h.9.9336f33d7f5028f694c75e6e224e0cf7
                           .group:00000000 wm4.driver.h.34.180df73e0731406f5e50150641059ede
                           .group:00000000 wm4.r_devlink_wrapper.h.72.ad1de4c851513efa3aed0532ebca7ca2
                           .group:00000000 wm4.adc_iodefine.h.29.14c6f50dce37432a7d004e4b1ce33da7
                           .group:00000000 wm4.bsc_iodefine.h.29.9281d1f3639266933964d6d0c2d42c4f
                           .group:00000000 wm4.ceu_iodefine.h.29.2a669d0b46fdde030a50db9e3c307fbf
                           .group:00000000 wm4.cpg_iodefine.h.29.d6fdc9cb4798723afd88b251d64c2ce2
                           .group:00000000 wm4.csi2link_iodefine.h.29.221c4531636a409f24d307b16341ada8
                           .group:00000000 wm4.dmac_iodefine.h.29.578fccc2cc1da886ec95a029bf874f01
                           .group:00000000 wm4.drpk_iodefine.h.29.580eb8588a2b2d43d2726fbe791e513f
                           .group:00000000 wm4.drw_iodefine.h.29.df30f4a4a34a79f6a86c4df91353dffe
                           .group:00000000 wm4.edmac_iodefine.h.29.33e8759349004a722f42f5429c1353f6
                           .group:00000000 wm4.eptpc_iodefine.h.29.74d8f9fab0f5549b56097fb9e937dde8
                           .group:00000000 wm4.etherc_iodefine.h.29.14602750383a574f1c21f994ad33a366
                           .group:00000000 wm4.gpio_iodefine.h.29.3d0b021c56839cee4ae5149903684e4b
                           .group:00000000 wm4.gpt_iodefine.h.29.557ead75d7b0585b898d3898b64c7f87
                           .group:00000000 wm4.hyper_iodefine.h.29.000caadbb74d881e97db55b39b432154
                           .group:00000000 wm4.imr_iodefine.h.29.77c022f017e711c4d51cc0145db1dad3
                           .group:00000000 wm4.intc_iodefine.h.29.b68f5799a35a7495d63b4cd458e1ba57
                           .group:00000000 wm4.irda_iodefine.h.29.37e67bd2005173d68a74d1cc937d8444
                           .group:00000000 wm4.jcu_iodefine.h.29.3aca452908962e7a7ccf26164751feda
                           .group:00000000 wm4.lvds_iodefine.h.29.c11cbe1900e5209c8dcc76c2336c16bc
                           .group:00000000 wm4.mtu_iodefine.h.29.5498fb974bb53caf05aa143c2deec781
                           .group:00000000 wm4.nandc_iodefine.h.29.e0b343306750f017ee86e169ad98efe9
                           .group:00000000 wm4.octa_iodefine.h.29.4cb0d62e4b9633e173858000dc1c626c
                           .group:00000000 wm4.ostm_iodefine.h.29.6914f7e330a1cf0008b34219adcdfed4
                           .group:00000000 wm4.pl_iodefine.h.29.abbb6d725aed990aa8343242bfe31416
                           .group:00000000 wm4.pmg_iodefine.h.29.8bcfbc4771a6f9b7dd4d6f504427219e
                           .group:00000000 wm4.poeg_iodefine.h.29.0d8e258d10986260cbc70cfb8c0ef273
                           .group:00000000 wm4.poe_iodefine.h.29.fe74e55e7b6b4afbe3596c74ba035e98
                           .group:00000000 wm4.prr_iodefine.h.29.c1f15576f7a27b9c83aa3b40f5b2f988
                           .group:00000000 wm4.ptpedmac_iodefine.h.29.cd24a93374ce35cebc41e26889d619ef
                           .group:00000000 wm4.rcanfd_iodefine.h.29.532dd48b82fcb61d63538aba4b6f1289
                           .group:00000000 wm4.rcan_iodefine.h.29.a47a89db1b35c12b54af48fa1956acba
                           .group:00000000 wm4.riic_iodefine.h.29.f96943d49800d297612c4af3bba5c943
                           .group:00000000 wm4.rspi_iodefine.h.29.7efa041fe34a7d27db66a7b337879dfe
                           .group:00000000 wm4.rtc_iodefine.h.29.6dc76be5ca3df69cecb5a81d06cc46b5
                           .group:00000000 wm4.scifa_iodefine.h.29.b04ccd664d71baaf31c75761c45b9c4d
                           .group:00000000 wm4.scim_iodefine.h.29.87d0760abf94446b00d826c797bf0ff2
                           .group:00000000 wm4.sdmmc_iodefine.h.29.e67e9815445e8057a3262d1566bea0db
                           .group:00000000 wm4.spdif_iodefine.h.29.59f5d70150fa200a4d8ee50be1ee34c8
                           .group:00000000 wm4.spibsc_iodefine.h.29.f4930f8b8da1140200204513a363c76f
                           .group:00000000 wm4.sprite_iodefine.h.29.55796d1fa083a2457fea4ece974a192e
                           .group:00000000 wm4.ssif_iodefine.h.29.054ec6d95f487f631f16aee39c85c47a
                           .group:00000000 wm4.usb_iodefine.h.29.6dc44ea388ba227e8fdcfb33c315887b
                           .group:00000000 wm4.vdc_iodefine.h.29.db282ded1f052d8567fbbd3b61ce8f7a
                           .group:00000000 wm4.vin_iodefine.h.29.9b392e5601347d53e64be3272934e170
                           .group:00000000 wm4.wdt_iodefine.h.29.ed07bb44b797072f8c28b41c64fdca30
                           .group:00000000 wm4.r_intc_lld_rza2m.h.35.148dee33e6a963828fdce2545668b517
                           .group:00000000 wm4.r_ostm_lld_rza2m.h.66.272f829b409763a94e47858c6b6cb517
                           .group:00000000 wm4.r_ostm_drv_api.h.51.adcd0e7bd4841f6d7c67e44f00650c60

UNDEFINED SYMBOLS
R_OSTM_GetVersion
R_OSTM_GetCount
R_OSTM_Close
R_OSTM_Stop
R_OSTM_Init
R_OSTM_Start
FreeRTOS_Tick_Handler
no_dev_write
