   1              		.cpu cortex-a9
   2              		.eabi_attribute 28, 1
   3              		.eabi_attribute 20, 1
   4              		.eabi_attribute 21, 1
   5              		.eabi_attribute 23, 3
   6              		.eabi_attribute 24, 1
   7              		.eabi_attribute 25, 1
   8              		.eabi_attribute 26, 1
   9              		.eabi_attribute 30, 1
  10              		.eabi_attribute 34, 0
  11              		.eabi_attribute 18, 4
  12              		.file	"r_mipi_userdef_api.c"
  13              		.text
  14              	.Ltext0:
  15              		.cfi_sections	.debug_frame
  16              		.section	.text.set_interrupt_settings,"ax",%progbits
  17              		.align	2
  18              		.syntax unified
  19              		.arm
  20              		.fpu neon
  22              	set_interrupt_settings:
  23              	.LFB3:
  24              		.file 1 "../generate/sc_drivers/r_mipi/userdef/r_mipi_userdef_api.c"
   1:../generate/sc_drivers/r_mipi/userdef/r_mipi_userdef_api.c **** /**************************************************************************************************
   2:../generate/sc_drivers/r_mipi/userdef/r_mipi_userdef_api.c ****  * DISCLAIMER
   3:../generate/sc_drivers/r_mipi/userdef/r_mipi_userdef_api.c ****  * This software is supplied by Renesas Electronics Corporation and is only intended for use with R
   4:../generate/sc_drivers/r_mipi/userdef/r_mipi_userdef_api.c ****  * other uses are authorized. This software is owned by Renesas Electronics Corporation and is prot
   5:../generate/sc_drivers/r_mipi/userdef/r_mipi_userdef_api.c ****  * applicable laws, including copyright laws.
   6:../generate/sc_drivers/r_mipi/userdef/r_mipi_userdef_api.c ****  * THIS SOFTWARE IS PROVIDED "AS IS" AND RENESAS MAKES NO WARRANTIES REGARDING
   7:../generate/sc_drivers/r_mipi/userdef/r_mipi_userdef_api.c ****  * THIS SOFTWARE, WHETHER EXPRESS, IMPLIED OR STATUTORY, INCLUDING BUT NOT LIMITED TO WARRANTIES OF
   8:../generate/sc_drivers/r_mipi/userdef/r_mipi_userdef_api.c ****  * FITNESS FOR A PARTICULAR PURPOSE AND NON-INFRINGEMENT. ALL SUCH WARRANTIES ARE EXPRESSLY DISCLAI
   9:../generate/sc_drivers/r_mipi/userdef/r_mipi_userdef_api.c ****  * EXTENT PERMITTED NOT PROHIBITED BY LAW, NEITHER RENESAS ELECTRONICS CORPORATION NOR ANY OF ITS A
  10:../generate/sc_drivers/r_mipi/userdef/r_mipi_userdef_api.c ****  * SHALL BE LIABLE FOR ANY DIRECT, INDIRECT, SPECIAL, INCIDENTAL OR CONSEQUENTIAL DAMAGES FOR ANY R
  11:../generate/sc_drivers/r_mipi/userdef/r_mipi_userdef_api.c ****  * THIS SOFTWARE, EVEN IF RENESAS OR ITS AFFILIATES HAVE BEEN ADVISED OF THE POSSIBILITY OF SUCH DA
  12:../generate/sc_drivers/r_mipi/userdef/r_mipi_userdef_api.c ****  * Renesas reserves the right, without notice, to make changes to this software and to discontinue 
  13:../generate/sc_drivers/r_mipi/userdef/r_mipi_userdef_api.c ****  * this software. By using this software, you agree to the additional terms and conditions found by
  14:../generate/sc_drivers/r_mipi/userdef/r_mipi_userdef_api.c ****  * following link:
  15:../generate/sc_drivers/r_mipi/userdef/r_mipi_userdef_api.c ****  * http://www.renesas.com/disclaimer
  16:../generate/sc_drivers/r_mipi/userdef/r_mipi_userdef_api.c ****  *
  17:../generate/sc_drivers/r_mipi/userdef/r_mipi_userdef_api.c ****  * Copyright (C) 2019 Renesas Electronics Corporation. All rights reserved.
  18:../generate/sc_drivers/r_mipi/userdef/r_mipi_userdef_api.c ****  **************************************************************************************************
  19:../generate/sc_drivers/r_mipi/userdef/r_mipi_userdef_api.c **** /**************************************************************************
  20:../generate/sc_drivers/r_mipi/userdef/r_mipi_userdef_api.c **** * File Name : r_mipi_userdef_api.c
  21:../generate/sc_drivers/r_mipi/userdef/r_mipi_userdef_api.c **** * Version : 1.12
  22:../generate/sc_drivers/r_mipi/userdef/r_mipi_userdef_api.c **** * Description : RZ/A2M MIPI driver user function
  23:../generate/sc_drivers/r_mipi/userdef/r_mipi_userdef_api.c **** **************************************************************************/
  24:../generate/sc_drivers/r_mipi/userdef/r_mipi_userdef_api.c **** 
  25:../generate/sc_drivers/r_mipi/userdef/r_mipi_userdef_api.c **** /******************************************************************************
  26:../generate/sc_drivers/r_mipi/userdef/r_mipi_userdef_api.c **** Includes   <System Includes> , "Project Includes"
  27:../generate/sc_drivers/r_mipi/userdef/r_mipi_userdef_api.c **** ******************************************************************************/
  28:../generate/sc_drivers/r_mipi/userdef/r_mipi_userdef_api.c **** #include     "r_typedefs.h"
  29:../generate/sc_drivers/r_mipi/userdef/r_mipi_userdef_api.c **** #include     "iodefine.h"
  30:../generate/sc_drivers/r_mipi/userdef/r_mipi_userdef_api.c **** #include     "r_intc_drv_api.h"
  31:../generate/sc_drivers/r_mipi/userdef/r_mipi_userdef_api.c **** #include     "r_mmu_drv_api.h"
  32:../generate/sc_drivers/r_mipi/userdef/r_mipi_userdef_api.c **** #include     "r_mipi_api.h"
  33:../generate/sc_drivers/r_mipi/userdef/r_mipi_userdef_api.c **** #include     "r_mipi_user.h"
  34:../generate/sc_drivers/r_mipi/userdef/r_mipi_userdef_api.c **** 
  35:../generate/sc_drivers/r_mipi/userdef/r_mipi_userdef_api.c **** /******************************************************************************
  36:../generate/sc_drivers/r_mipi/userdef/r_mipi_userdef_api.c **** Macro definitions
  37:../generate/sc_drivers/r_mipi/userdef/r_mipi_userdef_api.c **** ******************************************************************************/
  38:../generate/sc_drivers/r_mipi/userdef/r_mipi_userdef_api.c **** /* For MIPI */
  39:../generate/sc_drivers/r_mipi/userdef/r_mipi_userdef_api.c **** #define MSTP75_BIT              (0x20u)
  40:../generate/sc_drivers/r_mipi/userdef/r_mipi_userdef_api.c **** /* For VIN */
  41:../generate/sc_drivers/r_mipi/userdef/r_mipi_userdef_api.c **** #define MSTP66_BIT              (0x40u)
  42:../generate/sc_drivers/r_mipi/userdef/r_mipi_userdef_api.c **** #define STBRQ27_BIT             (0x80u)
  43:../generate/sc_drivers/r_mipi/userdef/r_mipi_userdef_api.c **** #define STBAK27_BIT             (0x80u)
  44:../generate/sc_drivers/r_mipi/userdef/r_mipi_userdef_api.c **** 
  45:../generate/sc_drivers/r_mipi/userdef/r_mipi_userdef_api.c **** /******************************************************************************
  46:../generate/sc_drivers/r_mipi/userdef/r_mipi_userdef_api.c **** Typedef definitions
  47:../generate/sc_drivers/r_mipi/userdef/r_mipi_userdef_api.c **** ******************************************************************************/
  48:../generate/sc_drivers/r_mipi/userdef/r_mipi_userdef_api.c **** 
  49:../generate/sc_drivers/r_mipi/userdef/r_mipi_userdef_api.c **** /******************************************************************************
  50:../generate/sc_drivers/r_mipi/userdef/r_mipi_userdef_api.c **** Private global variables and functions
  51:../generate/sc_drivers/r_mipi/userdef/r_mipi_userdef_api.c **** ******************************************************************************/
  52:../generate/sc_drivers/r_mipi/userdef/r_mipi_userdef_api.c **** static void set_interrupt_settings (const uint32_t user_num);
  53:../generate/sc_drivers/r_mipi/userdef/r_mipi_userdef_api.c **** 
  54:../generate/sc_drivers/r_mipi/userdef/r_mipi_userdef_api.c **** /**********************************************************************
  55:../generate/sc_drivers/r_mipi/userdef/r_mipi_userdef_api.c **** *
  56:../generate/sc_drivers/r_mipi/userdef/r_mipi_userdef_api.c **** * Function Name: R_MIPI_CPUVAddrToSysPAddr
  57:../generate/sc_drivers/r_mipi/userdef/r_mipi_userdef_api.c **** * Description :  This function performs the following processing:
  58:../generate/sc_drivers/r_mipi/userdef/r_mipi_userdef_api.c **** *                - Get the System Physical address of the given virtual memory address.
  59:../generate/sc_drivers/r_mipi/userdef/r_mipi_userdef_api.c **** * Arguments :    vaddr : virtual address
  60:../generate/sc_drivers/r_mipi/userdef/r_mipi_userdef_api.c **** * Return Value : physical address
  61:../generate/sc_drivers/r_mipi/userdef/r_mipi_userdef_api.c **** **********************************************************************/
  62:../generate/sc_drivers/r_mipi/userdef/r_mipi_userdef_api.c **** uint32_t R_MIPI_CPUVAddrToSysPAddr(uint32_t vaddr) 
  63:../generate/sc_drivers/r_mipi/userdef/r_mipi_userdef_api.c **** {
  64:../generate/sc_drivers/r_mipi/userdef/r_mipi_userdef_api.c ****     e_mmu_err_t ret;
  65:../generate/sc_drivers/r_mipi/userdef/r_mipi_userdef_api.c ****     uint32_t  paddress = 0;
  66:../generate/sc_drivers/r_mipi/userdef/r_mipi_userdef_api.c **** 
  67:../generate/sc_drivers/r_mipi/userdef/r_mipi_userdef_api.c ****     ret = R_MMU_VAtoPA(vaddr, &paddress);
  68:../generate/sc_drivers/r_mipi/userdef/r_mipi_userdef_api.c ****     if( MMU_SUCCESS != ret)
  69:../generate/sc_drivers/r_mipi/userdef/r_mipi_userdef_api.c ****     {
  70:../generate/sc_drivers/r_mipi/userdef/r_mipi_userdef_api.c ****         paddress = 0;
  71:../generate/sc_drivers/r_mipi/userdef/r_mipi_userdef_api.c ****     }
  72:../generate/sc_drivers/r_mipi/userdef/r_mipi_userdef_api.c ****     return paddress;
  73:../generate/sc_drivers/r_mipi/userdef/r_mipi_userdef_api.c **** }   /* End of function R_MIPI_CPUVAddrToSysPAddr() */
  74:../generate/sc_drivers/r_mipi/userdef/r_mipi_userdef_api.c **** 
  75:../generate/sc_drivers/r_mipi/userdef/r_mipi_userdef_api.c **** /**********************************************************************
  76:../generate/sc_drivers/r_mipi/userdef/r_mipi_userdef_api.c **** *
  77:../generate/sc_drivers/r_mipi/userdef/r_mipi_userdef_api.c **** * Function Name: R_MIPI_OnInitialize
  78:../generate/sc_drivers/r_mipi/userdef/r_mipi_userdef_api.c **** * Description :  MIPI and VIN User definition part of initialize
  79:../generate/sc_drivers/r_mipi/userdef/r_mipi_userdef_api.c **** * Arguments :    user_num : user specify argument
  80:../generate/sc_drivers/r_mipi/userdef/r_mipi_userdef_api.c **** * Return Value : none
  81:../generate/sc_drivers/r_mipi/userdef/r_mipi_userdef_api.c **** **********************************************************************/
  82:../generate/sc_drivers/r_mipi/userdef/r_mipi_userdef_api.c **** void R_MIPI_OnInitialize (const uint32_t user_num) 
  83:../generate/sc_drivers/r_mipi/userdef/r_mipi_userdef_api.c **** {
  84:../generate/sc_drivers/r_mipi/userdef/r_mipi_userdef_api.c ****     uint32_t            reg_data;
  85:../generate/sc_drivers/r_mipi/userdef/r_mipi_userdef_api.c ****     volatile uint8_t    dummy_read;
  86:../generate/sc_drivers/r_mipi/userdef/r_mipi_userdef_api.c **** 
  87:../generate/sc_drivers/r_mipi/userdef/r_mipi_userdef_api.c ****     /* MIPI */
  88:../generate/sc_drivers/r_mipi/userdef/r_mipi_userdef_api.c ****     /* Standby control register 7 (STBCR7)
  89:../generate/sc_drivers/r_mipi/userdef/r_mipi_userdef_api.c ****         b5      --0-----;  MSTP75 : 0 : MIPI enable */
  90:../generate/sc_drivers/r_mipi/userdef/r_mipi_userdef_api.c ****     reg_data    = (uint32_t)CPG.STBCR7.BYTE & (uint32_t)~MSTP75_BIT;
  91:../generate/sc_drivers/r_mipi/userdef/r_mipi_userdef_api.c **** 
  92:../generate/sc_drivers/r_mipi/userdef/r_mipi_userdef_api.c ****     /* This casting is valid because uint8_t and unsigned char is same 1byte length */
  93:../generate/sc_drivers/r_mipi/userdef/r_mipi_userdef_api.c ****     CPG.STBCR7.BYTE  = (uint8_t)reg_data;
  94:../generate/sc_drivers/r_mipi/userdef/r_mipi_userdef_api.c **** 
  95:../generate/sc_drivers/r_mipi/userdef/r_mipi_userdef_api.c ****     /* In order to reflect the change, a dummy read should be done. */
  96:../generate/sc_drivers/r_mipi/userdef/r_mipi_userdef_api.c ****     dummy_read = CPG.STBCR7.BYTE;
  97:../generate/sc_drivers/r_mipi/userdef/r_mipi_userdef_api.c **** 
  98:../generate/sc_drivers/r_mipi/userdef/r_mipi_userdef_api.c ****     /* VIN */
  99:../generate/sc_drivers/r_mipi/userdef/r_mipi_userdef_api.c ****     /* Standby control register 6 (STBCR6)
 100:../generate/sc_drivers/r_mipi/userdef/r_mipi_userdef_api.c ****         b6      -0------;  MSTP66 : 0 : VIN enable */
 101:../generate/sc_drivers/r_mipi/userdef/r_mipi_userdef_api.c ****     reg_data    = (uint32_t)CPG.STBCR6.BYTE & (uint32_t)~MSTP66_BIT;
 102:../generate/sc_drivers/r_mipi/userdef/r_mipi_userdef_api.c **** 
 103:../generate/sc_drivers/r_mipi/userdef/r_mipi_userdef_api.c ****     /* This casting is valid because uint8_t and unsigned char is same 1byte length */
 104:../generate/sc_drivers/r_mipi/userdef/r_mipi_userdef_api.c ****     CPG.STBCR6.BYTE  = (uint8_t)reg_data;
 105:../generate/sc_drivers/r_mipi/userdef/r_mipi_userdef_api.c **** 
 106:../generate/sc_drivers/r_mipi/userdef/r_mipi_userdef_api.c ****     /* In order to reflect the change, a dummy read should be done. */
 107:../generate/sc_drivers/r_mipi/userdef/r_mipi_userdef_api.c ****     dummy_read = CPG.STBCR6.BYTE;
 108:../generate/sc_drivers/r_mipi/userdef/r_mipi_userdef_api.c **** 
 109:../generate/sc_drivers/r_mipi/userdef/r_mipi_userdef_api.c ****     /* Standby Request Register 2 (STBREQ2)
 110:../generate/sc_drivers/r_mipi/userdef/r_mipi_userdef_api.c ****         b7      0--------;  STBRQ27 : The standby request to VIN is invalid. */
 111:../generate/sc_drivers/r_mipi/userdef/r_mipi_userdef_api.c ****     reg_data    = (uint32_t)CPG.STBREQ2.BYTE & (uint32_t)~STBRQ27_BIT;
 112:../generate/sc_drivers/r_mipi/userdef/r_mipi_userdef_api.c **** 
 113:../generate/sc_drivers/r_mipi/userdef/r_mipi_userdef_api.c ****     /* This casting is valid because uint8_t and unsigned char is same 1byte length */
 114:../generate/sc_drivers/r_mipi/userdef/r_mipi_userdef_api.c ****     CPG.STBREQ2.BYTE = (uint8_t)reg_data;
 115:../generate/sc_drivers/r_mipi/userdef/r_mipi_userdef_api.c **** 
 116:../generate/sc_drivers/r_mipi/userdef/r_mipi_userdef_api.c ****     /* Standby Acknowledge Register 2 (STBACK2)
 117:../generate/sc_drivers/r_mipi/userdef/r_mipi_userdef_api.c ****         b5      --*-----;  STBAK27 : Standby acknowledgment from VIN. */
 118:../generate/sc_drivers/r_mipi/userdef/r_mipi_userdef_api.c ****     while (((uint32_t)CPG.STBACK2.BYTE & (uint32_t)STBAK27_BIT) != 0u)
 119:../generate/sc_drivers/r_mipi/userdef/r_mipi_userdef_api.c ****     {
 120:../generate/sc_drivers/r_mipi/userdef/r_mipi_userdef_api.c ****         /* Wait for the STBAK27 to be cleared to 0. */
 121:../generate/sc_drivers/r_mipi/userdef/r_mipi_userdef_api.c ****         ;
 122:../generate/sc_drivers/r_mipi/userdef/r_mipi_userdef_api.c ****     }
 123:../generate/sc_drivers/r_mipi/userdef/r_mipi_userdef_api.c **** 
 124:../generate/sc_drivers/r_mipi/userdef/r_mipi_userdef_api.c ****     set_interrupt_settings(user_num);
 125:../generate/sc_drivers/r_mipi/userdef/r_mipi_userdef_api.c **** 
 126:../generate/sc_drivers/r_mipi/userdef/r_mipi_userdef_api.c **** }   /* End of function R_MIPI_OnInitialize() */
 127:../generate/sc_drivers/r_mipi/userdef/r_mipi_userdef_api.c **** 
 128:../generate/sc_drivers/r_mipi/userdef/r_mipi_userdef_api.c **** /**********************************************************************
 129:../generate/sc_drivers/r_mipi/userdef/r_mipi_userdef_api.c **** *
 130:../generate/sc_drivers/r_mipi/userdef/r_mipi_userdef_api.c **** * Function Name: R_MIPI_OnFinalize
 131:../generate/sc_drivers/r_mipi/userdef/r_mipi_userdef_api.c **** * Description :  MIPI User definition part of finalize
 132:../generate/sc_drivers/r_mipi/userdef/r_mipi_userdef_api.c **** * Arguments :    user_num : user specify argument
 133:../generate/sc_drivers/r_mipi/userdef/r_mipi_userdef_api.c **** * Return Value : none
 134:../generate/sc_drivers/r_mipi/userdef/r_mipi_userdef_api.c **** **********************************************************************/
 135:../generate/sc_drivers/r_mipi/userdef/r_mipi_userdef_api.c **** void R_MIPI_OnFinalize( const uint32_t user_num ) 
 136:../generate/sc_drivers/r_mipi/userdef/r_mipi_userdef_api.c **** {
 137:../generate/sc_drivers/r_mipi/userdef/r_mipi_userdef_api.c ****     uint32_t            reg_data;
 138:../generate/sc_drivers/r_mipi/userdef/r_mipi_userdef_api.c ****     volatile uint8_t    dummy_read;
 139:../generate/sc_drivers/r_mipi/userdef/r_mipi_userdef_api.c **** 
 140:../generate/sc_drivers/r_mipi/userdef/r_mipi_userdef_api.c ****     /* VIN */
 141:../generate/sc_drivers/r_mipi/userdef/r_mipi_userdef_api.c ****     /* Standby Request Register 2 (STBREQ2)
 142:../generate/sc_drivers/r_mipi/userdef/r_mipi_userdef_api.c ****         b7      1-------;  STBRQ27 : The standby request to VIN is valid. */
 143:../generate/sc_drivers/r_mipi/userdef/r_mipi_userdef_api.c ****     reg_data    = (uint32_t)CPG.STBREQ2.BYTE | (uint32_t)STBRQ27_BIT;
 144:../generate/sc_drivers/r_mipi/userdef/r_mipi_userdef_api.c **** 
 145:../generate/sc_drivers/r_mipi/userdef/r_mipi_userdef_api.c ****     /* This casting is valid because uint8_t and unsigned char is same 1byte length */
 146:../generate/sc_drivers/r_mipi/userdef/r_mipi_userdef_api.c ****     CPG.STBREQ2.BYTE = (uint8_t)reg_data;
 147:../generate/sc_drivers/r_mipi/userdef/r_mipi_userdef_api.c **** 
 148:../generate/sc_drivers/r_mipi/userdef/r_mipi_userdef_api.c ****     /* Standby Acknowledge Register 2 (STBACK2)
 149:../generate/sc_drivers/r_mipi/userdef/r_mipi_userdef_api.c ****         b5      *-------;  STBAK27 : Standby acknowledgment from VIN. */
 150:../generate/sc_drivers/r_mipi/userdef/r_mipi_userdef_api.c ****     while (((uint32_t)CPG.STBACK2.BYTE & (uint32_t)STBAK27_BIT) == 0u)
 151:../generate/sc_drivers/r_mipi/userdef/r_mipi_userdef_api.c ****     {
 152:../generate/sc_drivers/r_mipi/userdef/r_mipi_userdef_api.c ****         /* Wait for the STBAK27 to be set to 1. */
 153:../generate/sc_drivers/r_mipi/userdef/r_mipi_userdef_api.c ****         ;
 154:../generate/sc_drivers/r_mipi/userdef/r_mipi_userdef_api.c ****     }
 155:../generate/sc_drivers/r_mipi/userdef/r_mipi_userdef_api.c **** 
 156:../generate/sc_drivers/r_mipi/userdef/r_mipi_userdef_api.c ****     /* Standby control register 6 (STBCR6)
 157:../generate/sc_drivers/r_mipi/userdef/r_mipi_userdef_api.c ****         b5      -1------;  MSTP66 : 0 : VIN disable */
 158:../generate/sc_drivers/r_mipi/userdef/r_mipi_userdef_api.c ****     reg_data    = (uint32_t)CPG.STBCR6.BYTE | (uint32_t)MSTP66_BIT;
 159:../generate/sc_drivers/r_mipi/userdef/r_mipi_userdef_api.c **** 
 160:../generate/sc_drivers/r_mipi/userdef/r_mipi_userdef_api.c ****     /* This casting is valid because uint8_t and unsigned char is same 1byte length */
 161:../generate/sc_drivers/r_mipi/userdef/r_mipi_userdef_api.c ****     CPG.STBCR6.BYTE  = (uint8_t)reg_data;
 162:../generate/sc_drivers/r_mipi/userdef/r_mipi_userdef_api.c **** 
 163:../generate/sc_drivers/r_mipi/userdef/r_mipi_userdef_api.c ****     /* In order to reflect the change, a dummy read should be done. */
 164:../generate/sc_drivers/r_mipi/userdef/r_mipi_userdef_api.c ****     dummy_read = CPG.STBCR6.BYTE;
 165:../generate/sc_drivers/r_mipi/userdef/r_mipi_userdef_api.c **** 
 166:../generate/sc_drivers/r_mipi/userdef/r_mipi_userdef_api.c ****     /* MIPI */
 167:../generate/sc_drivers/r_mipi/userdef/r_mipi_userdef_api.c ****     /* Standby control register 7 (STBCR7)
 168:../generate/sc_drivers/r_mipi/userdef/r_mipi_userdef_api.c ****         b5      --1-----;  MSTP75 : 0 : MIPI disable */
 169:../generate/sc_drivers/r_mipi/userdef/r_mipi_userdef_api.c ****     reg_data    = (uint32_t)CPG.STBCR7.BYTE | (uint32_t)MSTP75_BIT;
 170:../generate/sc_drivers/r_mipi/userdef/r_mipi_userdef_api.c **** 
 171:../generate/sc_drivers/r_mipi/userdef/r_mipi_userdef_api.c ****     /* This casting is valid because uint8_t and unsigned char is same 1byte length */
 172:../generate/sc_drivers/r_mipi/userdef/r_mipi_userdef_api.c ****     CPG.STBCR7.BYTE  = (uint8_t)reg_data;
 173:../generate/sc_drivers/r_mipi/userdef/r_mipi_userdef_api.c **** 
 174:../generate/sc_drivers/r_mipi/userdef/r_mipi_userdef_api.c ****     /* In order to reflect the change, a dummy read should be done. */
 175:../generate/sc_drivers/r_mipi/userdef/r_mipi_userdef_api.c ****     dummy_read = CPG.STBCR7.BYTE;
 176:../generate/sc_drivers/r_mipi/userdef/r_mipi_userdef_api.c **** 
 177:../generate/sc_drivers/r_mipi/userdef/r_mipi_userdef_api.c **** }   /* End of function R_MIPI_OnFinalize() */
 178:../generate/sc_drivers/r_mipi/userdef/r_mipi_userdef_api.c **** 
 179:../generate/sc_drivers/r_mipi/userdef/r_mipi_userdef_api.c **** /**********************************************************************
 180:../generate/sc_drivers/r_mipi/userdef/r_mipi_userdef_api.c **** *
 181:../generate/sc_drivers/r_mipi/userdef/r_mipi_userdef_api.c **** * Function Name: set_interrupt_settings
 182:../generate/sc_drivers/r_mipi/userdef/r_mipi_userdef_api.c **** * Description :  Setup MIPI and VIN interrupt
 183:../generate/sc_drivers/r_mipi/userdef/r_mipi_userdef_api.c **** * Arguments :    user_num : user specify argument
 184:../generate/sc_drivers/r_mipi/userdef/r_mipi_userdef_api.c **** * Return Value : none
 185:../generate/sc_drivers/r_mipi/userdef/r_mipi_userdef_api.c **** **********************************************************************/
 186:../generate/sc_drivers/r_mipi/userdef/r_mipi_userdef_api.c **** static void set_interrupt_settings (const uint32_t user_num)
 187:../generate/sc_drivers/r_mipi/userdef/r_mipi_userdef_api.c **** {
  25              		.loc 1 187 0
  26              		.cfi_startproc
  27              		@ args = 0, pretend = 0, frame = 0
  28              		@ frame_needed = 0, uses_anonymous_args = 0
  29              	.LVL0:
  30 0000 10402DE9 		push	{r4, lr}
  31              		.cfi_def_cfa_offset 8
  32              		.cfi_offset 4, -8
  33              		.cfi_offset 14, -4
 188:../generate/sc_drivers/r_mipi/userdef/r_mipi_userdef_api.c ****     int32_t         ret_code;
 189:../generate/sc_drivers/r_mipi/userdef/r_mipi_userdef_api.c **** 
 190:../generate/sc_drivers/r_mipi/userdef/r_mipi_userdef_api.c ****     /* MIPI */
 191:../generate/sc_drivers/r_mipi/userdef/r_mipi_userdef_api.c ****     ret_code = R_INTC_RegistIntFunc(INTC_ID_MIPI_CSII, R_MIPI_InterruptHandler);
  34              		.loc 1 191 0
  35 0004 001000E3 		movw	r1, #:lower16:R_MIPI_InterruptHandler
  36 0008 001040E3 		movt	r1, #:upper16:R_MIPI_InterruptHandler
  37 000c 5700A0E3 		mov	r0, #87
  38              	.LVL1:
  39 0010 FEFFFFEB 		bl	R_INTC_RegistIntFunc
  40              	.LVL2:
  41 0014 0030A0E1 		mov	r3, r0
  42              	.LVL3:
 192:../generate/sc_drivers/r_mipi/userdef/r_mipi_userdef_api.c ****     if (ret_code != INTC_SUCCESS)
 193:../generate/sc_drivers/r_mipi/userdef/r_mipi_userdef_api.c ****     {
 194:../generate/sc_drivers/r_mipi/userdef/r_mipi_userdef_api.c ****         /* DO NOTHING */
 195:../generate/sc_drivers/r_mipi/userdef/r_mipi_userdef_api.c ****         ;
 196:../generate/sc_drivers/r_mipi/userdef/r_mipi_userdef_api.c ****     }
 197:../generate/sc_drivers/r_mipi/userdef/r_mipi_userdef_api.c **** 
 198:../generate/sc_drivers/r_mipi/userdef/r_mipi_userdef_api.c ****     if (ret_code == INTC_SUCCESS)
  43              		.loc 1 198 0
  44 0018 000050E3 		cmp	r0, #0
  45 001c 0D00000A 		beq	.L7
  46              	.LVL4:
  47              	.L2:
 199:../generate/sc_drivers/r_mipi/userdef/r_mipi_userdef_api.c ****     {
 200:../generate/sc_drivers/r_mipi/userdef/r_mipi_userdef_api.c ****         /* This casting is valid because the value never out of range of 0xFF */
 201:../generate/sc_drivers/r_mipi/userdef/r_mipi_userdef_api.c ****         ret_code = R_INTC_SetPriority (INTC_ID_MIPI_CSII, (uint8_t) MIPI_INTERRUPT_PRIORITY);
 202:../generate/sc_drivers/r_mipi/userdef/r_mipi_userdef_api.c ****         if (ret_code != INTC_SUCCESS)
 203:../generate/sc_drivers/r_mipi/userdef/r_mipi_userdef_api.c ****         {
 204:../generate/sc_drivers/r_mipi/userdef/r_mipi_userdef_api.c ****             /* DO NOTHING */
 205:../generate/sc_drivers/r_mipi/userdef/r_mipi_userdef_api.c ****             ;
 206:../generate/sc_drivers/r_mipi/userdef/r_mipi_userdef_api.c ****         }
 207:../generate/sc_drivers/r_mipi/userdef/r_mipi_userdef_api.c ****     }
 208:../generate/sc_drivers/r_mipi/userdef/r_mipi_userdef_api.c **** 
 209:../generate/sc_drivers/r_mipi/userdef/r_mipi_userdef_api.c ****     if (ret_code == INTC_SUCCESS)
  48              		.loc 1 209 0
  49 0020 000053E3 		cmp	r3, #0
  50 0024 1000000A 		beq	.L8
  51              	.LVL5:
  52              	.L3:
 210:../generate/sc_drivers/r_mipi/userdef/r_mipi_userdef_api.c ****     {
 211:../generate/sc_drivers/r_mipi/userdef/r_mipi_userdef_api.c ****         /* This casting is valid because the value never out of range of 0xFF */
 212:../generate/sc_drivers/r_mipi/userdef/r_mipi_userdef_api.c ****         ret_code = R_INTC_Enable(INTC_ID_MIPI_CSII);
 213:../generate/sc_drivers/r_mipi/userdef/r_mipi_userdef_api.c ****         if (ret_code != INTC_SUCCESS)
 214:../generate/sc_drivers/r_mipi/userdef/r_mipi_userdef_api.c ****         {
 215:../generate/sc_drivers/r_mipi/userdef/r_mipi_userdef_api.c ****             /* DO NOTHING */
 216:../generate/sc_drivers/r_mipi/userdef/r_mipi_userdef_api.c ****             ;
 217:../generate/sc_drivers/r_mipi/userdef/r_mipi_userdef_api.c ****         }
 218:../generate/sc_drivers/r_mipi/userdef/r_mipi_userdef_api.c ****     }
 219:../generate/sc_drivers/r_mipi/userdef/r_mipi_userdef_api.c **** 
 220:../generate/sc_drivers/r_mipi/userdef/r_mipi_userdef_api.c ****     /* MIPI */
 221:../generate/sc_drivers/r_mipi/userdef/r_mipi_userdef_api.c ****     ret_code = R_INTC_RegistIntFunc(INTC_ID_VIN_VINI, R_VIN_InterruptHandler);
  53              		.loc 1 221 0
  54 0028 001000E3 		movw	r1, #:lower16:R_VIN_InterruptHandler
  55 002c 001040E3 		movt	r1, #:upper16:R_VIN_InterruptHandler
  56 0030 760FA0E3 		mov	r0, #472
  57 0034 FEFFFFEB 		bl	R_INTC_RegistIntFunc
  58              	.LVL6:
  59 0038 0030A0E1 		mov	r3, r0
  60              	.LVL7:
 222:../generate/sc_drivers/r_mipi/userdef/r_mipi_userdef_api.c ****     if (ret_code != INTC_SUCCESS)
 223:../generate/sc_drivers/r_mipi/userdef/r_mipi_userdef_api.c ****     {
 224:../generate/sc_drivers/r_mipi/userdef/r_mipi_userdef_api.c ****         /* DO NOTHING */
 225:../generate/sc_drivers/r_mipi/userdef/r_mipi_userdef_api.c ****         ;
 226:../generate/sc_drivers/r_mipi/userdef/r_mipi_userdef_api.c ****     }
 227:../generate/sc_drivers/r_mipi/userdef/r_mipi_userdef_api.c **** 
 228:../generate/sc_drivers/r_mipi/userdef/r_mipi_userdef_api.c ****     if (ret_code == INTC_SUCCESS)
  61              		.loc 1 228 0
  62 003c 000050E3 		cmp	r0, #0
  63 0040 0C00000A 		beq	.L9
  64              	.LVL8:
  65              	.L4:
 229:../generate/sc_drivers/r_mipi/userdef/r_mipi_userdef_api.c ****     {
 230:../generate/sc_drivers/r_mipi/userdef/r_mipi_userdef_api.c ****         /* This casting is valid because the value never out of range of 0xFF */
 231:../generate/sc_drivers/r_mipi/userdef/r_mipi_userdef_api.c ****         ret_code = R_INTC_SetPriority(INTC_ID_VIN_VINI, (uint8_t)VIN_INTERRUPT_PRIORITY);
 232:../generate/sc_drivers/r_mipi/userdef/r_mipi_userdef_api.c ****         if (ret_code != INTC_SUCCESS)
 233:../generate/sc_drivers/r_mipi/userdef/r_mipi_userdef_api.c ****         {
 234:../generate/sc_drivers/r_mipi/userdef/r_mipi_userdef_api.c ****             /* DO NOTHING */
 235:../generate/sc_drivers/r_mipi/userdef/r_mipi_userdef_api.c ****             ;
 236:../generate/sc_drivers/r_mipi/userdef/r_mipi_userdef_api.c ****         }
 237:../generate/sc_drivers/r_mipi/userdef/r_mipi_userdef_api.c ****     }
 238:../generate/sc_drivers/r_mipi/userdef/r_mipi_userdef_api.c **** 
 239:../generate/sc_drivers/r_mipi/userdef/r_mipi_userdef_api.c ****     if (ret_code == INTC_SUCCESS)
  66              		.loc 1 239 0
  67 0044 000053E3 		cmp	r3, #0
  68 0048 1080BD18 		popne	{r4, pc}
 240:../generate/sc_drivers/r_mipi/userdef/r_mipi_userdef_api.c ****     {
 241:../generate/sc_drivers/r_mipi/userdef/r_mipi_userdef_api.c ****         /* This casting is valid because the value never out of range of 0xFF */
 242:../generate/sc_drivers/r_mipi/userdef/r_mipi_userdef_api.c ****         ret_code = R_INTC_Enable(INTC_ID_VIN_VINI);
  69              		.loc 1 242 0
  70 004c 760FA0E3 		mov	r0, #472
  71 0050 FEFFFFEB 		bl	R_INTC_Enable
  72              	.LVL9:
  73 0054 1080BDE8 		pop	{r4, pc}
  74              	.LVL10:
  75              	.L7:
 201:../generate/sc_drivers/r_mipi/userdef/r_mipi_userdef_api.c ****         if (ret_code != INTC_SUCCESS)
  76              		.loc 1 201 0
  77 0058 1C10A0E3 		mov	r1, #28
  78 005c 5700A0E3 		mov	r0, #87
  79              	.LVL11:
  80 0060 FEFFFFEB 		bl	R_INTC_SetPriority
  81              	.LVL12:
  82 0064 0030A0E1 		mov	r3, r0
  83              	.LVL13:
  84 0068 ECFFFFEA 		b	.L2
  85              	.LVL14:
  86              	.L8:
 212:../generate/sc_drivers/r_mipi/userdef/r_mipi_userdef_api.c ****         if (ret_code != INTC_SUCCESS)
  87              		.loc 1 212 0
  88 006c 5700A0E3 		mov	r0, #87
  89 0070 FEFFFFEB 		bl	R_INTC_Enable
  90              	.LVL15:
  91 0074 EBFFFFEA 		b	.L3
  92              	.LVL16:
  93              	.L9:
 231:../generate/sc_drivers/r_mipi/userdef/r_mipi_userdef_api.c ****         if (ret_code != INTC_SUCCESS)
  94              		.loc 1 231 0
  95 0078 1C10A0E3 		mov	r1, #28
  96 007c 760FA0E3 		mov	r0, #472
  97              	.LVL17:
  98 0080 FEFFFFEB 		bl	R_INTC_SetPriority
  99              	.LVL18:
 100 0084 0030A0E1 		mov	r3, r0
 101              	.LVL19:
 102 0088 EDFFFFEA 		b	.L4
 103              		.cfi_endproc
 104              	.LFE3:
 106              		.section	.text.R_MIPI_CPUVAddrToSysPAddr,"ax",%progbits
 107              		.align	2
 108              		.global	R_MIPI_CPUVAddrToSysPAddr
 109              		.syntax unified
 110              		.arm
 111              		.fpu neon
 113              	R_MIPI_CPUVAddrToSysPAddr:
 114              	.LFB0:
  63:../generate/sc_drivers/r_mipi/userdef/r_mipi_userdef_api.c ****     e_mmu_err_t ret;
 115              		.loc 1 63 0
 116              		.cfi_startproc
 117              		@ args = 0, pretend = 0, frame = 8
 118              		@ frame_needed = 0, uses_anonymous_args = 0
 119              	.LVL20:
 120 0000 04E02DE5 		str	lr, [sp, #-4]!
 121              		.cfi_def_cfa_offset 4
 122              		.cfi_offset 14, -4
 123 0004 0CD04DE2 		sub	sp, sp, #12
 124              		.cfi_def_cfa_offset 16
  65:../generate/sc_drivers/r_mipi/userdef/r_mipi_userdef_api.c **** 
 125              		.loc 1 65 0
 126 0008 08108DE2 		add	r1, sp, #8
 127 000c 0030A0E3 		mov	r3, #0
 128 0010 043021E5 		str	r3, [r1, #-4]!
  67:../generate/sc_drivers/r_mipi/userdef/r_mipi_userdef_api.c ****     if( MMU_SUCCESS != ret)
 129              		.loc 1 67 0
 130 0014 FEFFFFEB 		bl	R_MMU_VAtoPA
 131              	.LVL21:
  68:../generate/sc_drivers/r_mipi/userdef/r_mipi_userdef_api.c ****     {
 132              		.loc 1 68 0
 133 0018 000050E3 		cmp	r0, #0
  70:../generate/sc_drivers/r_mipi/userdef/r_mipi_userdef_api.c ****     }
 134              		.loc 1 70 0
 135 001c 0030A013 		movne	r3, #0
 136 0020 04308D15 		strne	r3, [sp, #4]
 137              	.L11:
  73:../generate/sc_drivers/r_mipi/userdef/r_mipi_userdef_api.c **** 
 138              		.loc 1 73 0
 139 0024 04009DE5 		ldr	r0, [sp, #4]
 140              	.LVL22:
 141 0028 0CD08DE2 		add	sp, sp, #12
 142              		.cfi_def_cfa_offset 4
 143              		@ sp needed
 144 002c 04F09DE4 		ldr	pc, [sp], #4
 145              		.cfi_endproc
 146              	.LFE0:
 148              		.section	.text.R_MIPI_OnInitialize,"ax",%progbits
 149              		.align	2
 150              		.global	R_MIPI_OnInitialize
 151              		.syntax unified
 152              		.arm
 153              		.fpu neon
 155              	R_MIPI_OnInitialize:
 156              	.LFB1:
  83:../generate/sc_drivers/r_mipi/userdef/r_mipi_userdef_api.c ****     uint32_t            reg_data;
 157              		.loc 1 83 0
 158              		.cfi_startproc
 159              		@ args = 0, pretend = 0, frame = 8
 160              		@ frame_needed = 0, uses_anonymous_args = 0
 161              	.LVL23:
 162 0000 04E02DE5 		str	lr, [sp, #-4]!
 163              		.cfi_def_cfa_offset 4
 164              		.cfi_offset 14, -4
 165 0004 0CD04DE2 		sub	sp, sp, #12
 166              		.cfi_def_cfa_offset 16
  90:../generate/sc_drivers/r_mipi/userdef/r_mipi_userdef_api.c **** 
 167              		.loc 1 90 0
 168 0008 FF30A0E3 		mov	r3, #255
 169 000c FE3C4FE3 		movt	r3, 64766
 170 0010 3123D3E5 		ldrb	r2, [r3, #817]	@ zero_extendqisi2
 171              	.LVL24:
  93:../generate/sc_drivers/r_mipi/userdef/r_mipi_userdef_api.c **** 
 172              		.loc 1 93 0
 173 0014 DF2002E2 		and	r2, r2, #223
 174              	.LVL25:
 175 0018 3123C3E5 		strb	r2, [r3, #817]
  96:../generate/sc_drivers/r_mipi/userdef/r_mipi_userdef_api.c **** 
 176              		.loc 1 96 0
 177 001c 3123D3E5 		ldrb	r2, [r3, #817]	@ zero_extendqisi2
 178              	.LVL26:
 179 0020 7220EFE6 		uxtb	r2, r2
 180 0024 0720CDE5 		strb	r2, [sp, #7]
 101:../generate/sc_drivers/r_mipi/userdef/r_mipi_userdef_api.c **** 
 181              		.loc 1 101 0
 182 0028 2D23D3E5 		ldrb	r2, [r3, #813]	@ zero_extendqisi2
 183              	.LVL27:
 104:../generate/sc_drivers/r_mipi/userdef/r_mipi_userdef_api.c **** 
 184              		.loc 1 104 0
 185 002c BF2002E2 		and	r2, r2, #191
 186              	.LVL28:
 187 0030 2D23C3E5 		strb	r2, [r3, #813]
 107:../generate/sc_drivers/r_mipi/userdef/r_mipi_userdef_api.c **** 
 188              		.loc 1 107 0
 189 0034 2D23D3E5 		ldrb	r2, [r3, #813]	@ zero_extendqisi2
 190              	.LVL29:
 191 0038 7220EFE6 		uxtb	r2, r2
 192 003c 0720CDE5 		strb	r2, [sp, #7]
 111:../generate/sc_drivers/r_mipi/userdef/r_mipi_userdef_api.c **** 
 193              		.loc 1 111 0
 194 0040 CB2053E5 		ldrb	r2, [r3, #-203]	@ zero_extendqisi2
 195              	.LVL30:
 114:../generate/sc_drivers/r_mipi/userdef/r_mipi_userdef_api.c **** 
 196              		.loc 1 114 0
 197 0044 7F2002E2 		and	r2, r2, #127
 198              	.LVL31:
 199 0048 CB2043E5 		strb	r2, [r3, #-203]
 200              	.L14:
 118:../generate/sc_drivers/r_mipi/userdef/r_mipi_userdef_api.c ****     {
 201              		.loc 1 118 0 discriminator 1
 202 004c FF30A0E3 		mov	r3, #255
 203 0050 FE3C4FE3 		movt	r3, 64766
 204 0054 BB3053E5 		ldrb	r3, [r3, #-187]	@ zero_extendqisi2
 205 0058 800013E3 		tst	r3, #128
 206 005c FAFFFF1A 		bne	.L14
 124:../generate/sc_drivers/r_mipi/userdef/r_mipi_userdef_api.c **** 
 207              		.loc 1 124 0
 208 0060 FEFFFFEB 		bl	set_interrupt_settings
 209              	.LVL32:
 126:../generate/sc_drivers/r_mipi/userdef/r_mipi_userdef_api.c **** 
 210              		.loc 1 126 0
 211 0064 0CD08DE2 		add	sp, sp, #12
 212              		.cfi_def_cfa_offset 4
 213              		@ sp needed
 214 0068 04F09DE4 		ldr	pc, [sp], #4
 215              		.cfi_endproc
 216              	.LFE1:
 218              		.section	.text.R_MIPI_OnFinalize,"ax",%progbits
 219              		.align	2
 220              		.global	R_MIPI_OnFinalize
 221              		.syntax unified
 222              		.arm
 223              		.fpu neon
 225              	R_MIPI_OnFinalize:
 226              	.LFB2:
 136:../generate/sc_drivers/r_mipi/userdef/r_mipi_userdef_api.c ****     uint32_t            reg_data;
 227              		.loc 1 136 0
 228              		.cfi_startproc
 229              		@ args = 0, pretend = 0, frame = 8
 230              		@ frame_needed = 0, uses_anonymous_args = 0
 231              		@ link register save eliminated.
 232              	.LVL33:
 233 0000 08D04DE2 		sub	sp, sp, #8
 234              		.cfi_def_cfa_offset 8
 143:../generate/sc_drivers/r_mipi/userdef/r_mipi_userdef_api.c **** 
 235              		.loc 1 143 0
 236 0004 FF30A0E3 		mov	r3, #255
 237 0008 FE3C4FE3 		movt	r3, 64766
 238 000c CB2053E5 		ldrb	r2, [r3, #-203]	@ zero_extendqisi2
 239 0010 802082E3 		orr	r2, r2, #128
 240              	.LVL34:
 146:../generate/sc_drivers/r_mipi/userdef/r_mipi_userdef_api.c **** 
 241              		.loc 1 146 0
 242 0014 CB2043E5 		strb	r2, [r3, #-203]
 243              	.L17:
 150:../generate/sc_drivers/r_mipi/userdef/r_mipi_userdef_api.c ****     {
 244              		.loc 1 150 0 discriminator 1
 245 0018 FF30A0E3 		mov	r3, #255
 246 001c FE3C4FE3 		movt	r3, 64766
 247 0020 BB3053E5 		ldrb	r3, [r3, #-187]	@ zero_extendqisi2
 248 0024 800013E3 		tst	r3, #128
 249 0028 FAFFFF0A 		beq	.L17
 158:../generate/sc_drivers/r_mipi/userdef/r_mipi_userdef_api.c **** 
 250              		.loc 1 158 0
 251 002c FF30A0E3 		mov	r3, #255
 252 0030 FE3C4FE3 		movt	r3, 64766
 253 0034 2D23D3E5 		ldrb	r2, [r3, #813]	@ zero_extendqisi2
 254              	.LVL35:
 255 0038 402082E3 		orr	r2, r2, #64
 256              	.LVL36:
 161:../generate/sc_drivers/r_mipi/userdef/r_mipi_userdef_api.c **** 
 257              		.loc 1 161 0
 258 003c 2D23C3E5 		strb	r2, [r3, #813]
 164:../generate/sc_drivers/r_mipi/userdef/r_mipi_userdef_api.c **** 
 259              		.loc 1 164 0
 260 0040 2D23D3E5 		ldrb	r2, [r3, #813]	@ zero_extendqisi2
 261              	.LVL37:
 262 0044 7220EFE6 		uxtb	r2, r2
 263 0048 0720CDE5 		strb	r2, [sp, #7]
 264              	.LVL38:
 169:../generate/sc_drivers/r_mipi/userdef/r_mipi_userdef_api.c **** 
 265              		.loc 1 169 0
 266 004c 3123D3E5 		ldrb	r2, [r3, #817]	@ zero_extendqisi2
 267 0050 202082E3 		orr	r2, r2, #32
 268              	.LVL39:
 172:../generate/sc_drivers/r_mipi/userdef/r_mipi_userdef_api.c **** 
 269              		.loc 1 172 0
 270 0054 3123C3E5 		strb	r2, [r3, #817]
 175:../generate/sc_drivers/r_mipi/userdef/r_mipi_userdef_api.c **** 
 271              		.loc 1 175 0
 272 0058 3133D3E5 		ldrb	r3, [r3, #817]	@ zero_extendqisi2
 273 005c 7330EFE6 		uxtb	r3, r3
 274 0060 0730CDE5 		strb	r3, [sp, #7]
 177:../generate/sc_drivers/r_mipi/userdef/r_mipi_userdef_api.c **** 
 275              		.loc 1 177 0
 276 0064 08D08DE2 		add	sp, sp, #8
 277              		.cfi_def_cfa_offset 0
 278              		@ sp needed
 279 0068 1EFF2FE1 		bx	lr
 280              		.cfi_endproc
 281              	.LFE2:
 283              		.text
 284              	.Letext0:
 285              		.file 2 "c:\\program files (x86)\\gnu tools arm embedded\\6 2017-q2-update\\arm-none-eabi\\include
 286              		.file 3 "c:\\program files (x86)\\gnu tools arm embedded\\6 2017-q2-update\\arm-none-eabi\\include
 287              		.file 4 "c:\\program files (x86)\\gnu tools arm embedded\\6 2017-q2-update\\arm-none-eabi\\include
 288              		.file 5 "c:\\program files (x86)\\gnu tools arm embedded\\6 2017-q2-update\\arm-none-eabi\\include
 289              		.file 6 "c:\\program files (x86)\\gnu tools arm embedded\\6 2017-q2-update\\lib\\gcc\\arm-none-eab
 290              		.file 7 "c:\\program files (x86)\\gnu tools arm embedded\\6 2017-q2-update\\arm-none-eabi\\include
 291              		.file 8 "c:\\program files (x86)\\gnu tools arm embedded\\6 2017-q2-update\\arm-none-eabi\\include
 292              		.file 9 "C:/Renesas/e2studio_2021_01_workspace_RZA2M_ANPR/ANPR_RZA2M_GR_MANGO/generate/system/iode
 293              		.file 10 "C:/Renesas/e2studio_2021_01_workspace_RZA2M_ANPR/ANPR_RZA2M_GR_MANGO/generate/drivers/r_
 294              		.file 11 "C:/Renesas/e2studio_2021_01_workspace_RZA2M_ANPR/ANPR_RZA2M_GR_MANGO/generate/drivers/r_
DEFINED SYMBOLS
                            *ABS*:00000000 r_mipi_userdef_api.c
C:\Users\a5050395\AppData\Local\Temp\ccB3katy.s:17     .text.set_interrupt_settings:00000000 $a
C:\Users\a5050395\AppData\Local\Temp\ccB3katy.s:22     .text.set_interrupt_settings:00000000 set_interrupt_settings
C:\Users\a5050395\AppData\Local\Temp\ccB3katy.s:107    .text.R_MIPI_CPUVAddrToSysPAddr:00000000 $a
C:\Users\a5050395\AppData\Local\Temp\ccB3katy.s:113    .text.R_MIPI_CPUVAddrToSysPAddr:00000000 R_MIPI_CPUVAddrToSysPAddr
C:\Users\a5050395\AppData\Local\Temp\ccB3katy.s:149    .text.R_MIPI_OnInitialize:00000000 $a
C:\Users\a5050395\AppData\Local\Temp\ccB3katy.s:155    .text.R_MIPI_OnInitialize:00000000 R_MIPI_OnInitialize
C:\Users\a5050395\AppData\Local\Temp\ccB3katy.s:219    .text.R_MIPI_OnFinalize:00000000 $a
C:\Users\a5050395\AppData\Local\Temp\ccB3katy.s:225    .text.R_MIPI_OnFinalize:00000000 R_MIPI_OnFinalize
                     .debug_frame:00000010 $d
                           .group:00000000 wm4.0.14fc17be114e5a2cba0959c511ea2aaf
                           .group:00000000 wm4.stddef.h.39.a38874c8f8a57e66301090908ec2a69f
                           .group:00000000 wm4._newlib_version.h.4.3572908597b70d672d181fc7fc501c19
                           .group:00000000 wm4.features.h.33.d97f2d646536517df901beeb5b9993f5
                           .group:00000000 wm4._default_types.h.15.247e5cd201eca3442cbf5404108c4935
                           .group:00000000 wm4._intsup.h.10.cce27fed8484c08a33f522034c30d2b5
                           .group:00000000 wm4._stdint.h.10.c24fa3af3bc1706662bb5593a907e841
                           .group:00000000 wm4.stdint.h.23.d53047a68f4a85177f80b422d52785ed
                           .group:00000000 wm4.newlib.h.8.5f2124c7e712be65f83b91ff86a0b1c1
                           .group:00000000 wm4.config.h.219.65a553ab5bef5482f0d7880b0d33015e
                           .group:00000000 wm4._ansi.h.23.9f8fcfa20193763fcf364fb91705c94b
                           .group:00000000 wm4.lock.h.2.1461d1fff82dffe8bfddc23307f6484f
                           .group:00000000 wm4._types.h.125.5cf8a495f1f7ef36777ad868a1e32068
                           .group:00000000 wm4.stddef.h.161.5349cb105733e8777bfb0cf53c4e3f34
                           .group:00000000 wm4._types.h.183.c226d164ceca1f2ecb9ae9360c54a098
                           .group:00000000 wm4.reent.h.17.23b059516345f8f5abfa01ddc379570f
                           .group:00000000 wm4.cdefs.h.47.e658329a094974ebad41b40c60502de7
                           .group:00000000 wm4.math.h.13.adb102f7bd7860b1f241e149d6914a1e
                           .group:00000000 wm4.r_typedefs.h.38.e90d9de5300d9ae020e5db8c5af88b3e
                           .group:00000000 wm4.adc_iodefine.h.29.14c6f50dce37432a7d004e4b1ce33da7
                           .group:00000000 wm4.bsc_iodefine.h.29.9281d1f3639266933964d6d0c2d42c4f
                           .group:00000000 wm4.ceu_iodefine.h.29.2a669d0b46fdde030a50db9e3c307fbf
                           .group:00000000 wm4.cpg_iodefine.h.29.d6fdc9cb4798723afd88b251d64c2ce2
                           .group:00000000 wm4.csi2link_iodefine.h.29.221c4531636a409f24d307b16341ada8
                           .group:00000000 wm4.dmac_iodefine.h.29.578fccc2cc1da886ec95a029bf874f01
                           .group:00000000 wm4.drpk_iodefine.h.29.580eb8588a2b2d43d2726fbe791e513f
                           .group:00000000 wm4.drw_iodefine.h.29.df30f4a4a34a79f6a86c4df91353dffe
                           .group:00000000 wm4.edmac_iodefine.h.29.33e8759349004a722f42f5429c1353f6
                           .group:00000000 wm4.eptpc_iodefine.h.29.74d8f9fab0f5549b56097fb9e937dde8
                           .group:00000000 wm4.etherc_iodefine.h.29.14602750383a574f1c21f994ad33a366
                           .group:00000000 wm4.gpio_iodefine.h.29.3d0b021c56839cee4ae5149903684e4b
                           .group:00000000 wm4.gpt_iodefine.h.29.557ead75d7b0585b898d3898b64c7f87
                           .group:00000000 wm4.hyper_iodefine.h.29.000caadbb74d881e97db55b39b432154
                           .group:00000000 wm4.imr_iodefine.h.29.77c022f017e711c4d51cc0145db1dad3
                           .group:00000000 wm4.intc_iodefine.h.29.b68f5799a35a7495d63b4cd458e1ba57
                           .group:00000000 wm4.irda_iodefine.h.29.37e67bd2005173d68a74d1cc937d8444
                           .group:00000000 wm4.jcu_iodefine.h.29.3aca452908962e7a7ccf26164751feda
                           .group:00000000 wm4.lvds_iodefine.h.29.c11cbe1900e5209c8dcc76c2336c16bc
                           .group:00000000 wm4.mtu_iodefine.h.29.5498fb974bb53caf05aa143c2deec781
                           .group:00000000 wm4.nandc_iodefine.h.29.e0b343306750f017ee86e169ad98efe9
                           .group:00000000 wm4.octa_iodefine.h.29.4cb0d62e4b9633e173858000dc1c626c
                           .group:00000000 wm4.ostm_iodefine.h.29.6914f7e330a1cf0008b34219adcdfed4
                           .group:00000000 wm4.pl_iodefine.h.29.abbb6d725aed990aa8343242bfe31416
                           .group:00000000 wm4.pmg_iodefine.h.29.8bcfbc4771a6f9b7dd4d6f504427219e
                           .group:00000000 wm4.poeg_iodefine.h.29.0d8e258d10986260cbc70cfb8c0ef273
                           .group:00000000 wm4.poe_iodefine.h.29.fe74e55e7b6b4afbe3596c74ba035e98
                           .group:00000000 wm4.prr_iodefine.h.29.c1f15576f7a27b9c83aa3b40f5b2f988
                           .group:00000000 wm4.ptpedmac_iodefine.h.29.cd24a93374ce35cebc41e26889d619ef
                           .group:00000000 wm4.rcanfd_iodefine.h.29.532dd48b82fcb61d63538aba4b6f1289
                           .group:00000000 wm4.rcan_iodefine.h.29.a47a89db1b35c12b54af48fa1956acba
                           .group:00000000 wm4.riic_iodefine.h.29.f96943d49800d297612c4af3bba5c943
                           .group:00000000 wm4.rspi_iodefine.h.29.7efa041fe34a7d27db66a7b337879dfe
                           .group:00000000 wm4.rtc_iodefine.h.29.6dc76be5ca3df69cecb5a81d06cc46b5
                           .group:00000000 wm4.scifa_iodefine.h.29.b04ccd664d71baaf31c75761c45b9c4d
                           .group:00000000 wm4.scim_iodefine.h.29.87d0760abf94446b00d826c797bf0ff2
                           .group:00000000 wm4.sdmmc_iodefine.h.29.e67e9815445e8057a3262d1566bea0db
                           .group:00000000 wm4.spdif_iodefine.h.29.59f5d70150fa200a4d8ee50be1ee34c8
                           .group:00000000 wm4.spibsc_iodefine.h.29.f4930f8b8da1140200204513a363c76f
                           .group:00000000 wm4.sprite_iodefine.h.29.55796d1fa083a2457fea4ece974a192e
                           .group:00000000 wm4.ssif_iodefine.h.29.054ec6d95f487f631f16aee39c85c47a
                           .group:00000000 wm4.usb_iodefine.h.29.6dc44ea388ba227e8fdcfb33c315887b
                           .group:00000000 wm4.vdc_iodefine.h.29.db282ded1f052d8567fbbd3b61ce8f7a
                           .group:00000000 wm4.vin_iodefine.h.29.9b392e5601347d53e64be3272934e170
                           .group:00000000 wm4.wdt_iodefine.h.29.ed07bb44b797072f8c28b41c64fdca30
                           .group:00000000 wm4.driver.h.34.180df73e0731406f5e50150641059ede
                           .group:00000000 wm4.r_intc_lld_rza2m.h.35.148dee33e6a963828fdce2545668b517
                           .group:00000000 wm4.r_mmu_lld_rza2m.h.39.be55e997d8665d00d9f529dbd893c422
                           .group:00000000 wm4.r_mipi_user.h.32.80935d64668479eae19d7b52f81717b2

UNDEFINED SYMBOLS
R_MIPI_InterruptHandler
R_INTC_RegistIntFunc
R_VIN_InterruptHandler
R_INTC_Enable
R_INTC_SetPriority
R_MMU_VAtoPA
