   1              		.cpu cortex-a9
   2              		.eabi_attribute 28, 1
   3              		.eabi_attribute 20, 1
   4              		.eabi_attribute 21, 1
   5              		.eabi_attribute 23, 3
   6              		.eabi_attribute 24, 1
   7              		.eabi_attribute 25, 1
   8              		.eabi_attribute 26, 1
   9              		.eabi_attribute 30, 2
  10              		.eabi_attribute 34, 0
  11              		.eabi_attribute 18, 4
  12              		.file	"r_memclk_setup.c"
  13              		.section	.text.r_memclk_setup,"ax",%progbits
  14              		.align	2
  15              		.global	r_memclk_setup
  16              		.syntax unified
  17              		.arm
  18              		.fpu neon
  20              	r_memclk_setup:
  21              		@ args = 0, pretend = 0, frame = 0
  22              		@ frame_needed = 0, uses_anonymous_args = 0
  23 0000 003000E3 		movw	r3, #:lower16:r_spibsc_memclk_setup
  24 0004 10402DE9 		push	{r4, lr}
  25 0008 003040E3 		movt	r3, #:upper16:r_spibsc_memclk_setup
  26 000c 000053E3 		cmp	r3, #0
  27 0010 0000000A 		beq	.L2
  28 0014 FEFFFFEB 		bl	r_spibsc_memclk_setup
  29              	.L2:
  30 0018 003000E3 		movw	r3, #:lower16:r_hyperbus_memclk_setup
  31 001c 003040E3 		movt	r3, #:upper16:r_hyperbus_memclk_setup
  32 0020 000053E3 		cmp	r3, #0
  33 0024 0000000A 		beq	.L3
  34 0028 FEFFFFEB 		bl	r_hyperbus_memclk_setup
  35              	.L3:
  36 002c 003000E3 		movw	r3, #:lower16:r_octabus_memclk_setup
  37 0030 003040E3 		movt	r3, #:upper16:r_octabus_memclk_setup
  38 0034 000053E3 		cmp	r3, #0
  39 0038 1080BD08 		popeq	{r4, pc}
  40 003c FEFFFFEB 		bl	r_octabus_memclk_setup
  41 0040 1080BDE8 		pop	{r4, pc}
  43              		.weak	r_octabus_memclk_setup
  44              		.weak	r_hyperbus_memclk_setup
  45              		.weak	r_spibsc_memclk_setup
  46              		.ident	"GCC: (GNU Tools for ARM Embedded Processors 6-2017-q2-update) 6.3.1 20170620 (release) [AR
DEFINED SYMBOLS
                            *ABS*:00000000 r_memclk_setup.c
C:\Users\a5050395\AppData\Local\Temp\ccoZar8G.s:14     .text.r_memclk_setup:00000000 $a
C:\Users\a5050395\AppData\Local\Temp\ccoZar8G.s:20     .text.r_memclk_setup:00000000 r_memclk_setup

UNDEFINED SYMBOLS
r_spibsc_memclk_setup
r_hyperbus_memclk_setup
r_octabus_memclk_setup
