   1              		.cpu cortex-a9
   2              		.eabi_attribute 28, 1
   3              		.eabi_attribute 20, 1
   4              		.eabi_attribute 21, 1
   5              		.eabi_attribute 23, 3
   6              		.eabi_attribute 24, 1
   7              		.eabi_attribute 25, 1
   8              		.eabi_attribute 26, 1
   9              		.eabi_attribute 30, 2
  10              		.eabi_attribute 34, 0
  11              		.eabi_attribute 18, 4
  12              		.file	"mock_micro_graph.cc"
  13              		.section	.text._ZN6tflite14MockMicroGraph14InvokeSubgraphEi,"ax",%progbits
  14              		.align	2
  15              		.global	_ZN6tflite14MockMicroGraph14InvokeSubgraphEi
  16              		.syntax unified
  17              		.arm
  18              		.fpu neon
  20              	_ZN6tflite14MockMicroGraph14InvokeSubgraphEi:
  21              		.fnstart
  22              	.LFB6946:
  23              		@ args = 0, pretend = 0, frame = 0
  24              		@ frame_needed = 0, uses_anonymous_args = 0
  25              		@ link register save eliminated.
  26 0000 011180E0 		add	r1, r0, r1, lsl #2
  27 0004 0000A0E3 		mov	r0, #0
  28 0008 303091E5 		ldr	r3, [r1, #48]
  29 000c 013083E2 		add	r3, r3, #1
  30 0010 303081E5 		str	r3, [r1, #48]
  31 0014 1EFF2FE1 		bx	lr
  32              		.cantunwind
  33              		.fnend
  35              		.section	.text._ZN6tflite14MockMicroGraph20ResetVariableTensorsEv,"ax",%progbits
  36              		.align	2
  37              		.global	_ZN6tflite14MockMicroGraph20ResetVariableTensorsEv
  38              		.syntax unified
  39              		.arm
  40              		.fpu neon
  42              	_ZN6tflite14MockMicroGraph20ResetVariableTensorsEv:
  43              		.fnstart
  44              	.LFB6947:
  45              		@ args = 0, pretend = 0, frame = 0
  46              		@ frame_needed = 0, uses_anonymous_args = 0
  47              		@ link register save eliminated.
  48 0000 0000A0E3 		mov	r0, #0
  49 0004 1EFF2FE1 		bx	lr
  50              		.cantunwind
  51              		.fnend
  53              		.section	.text._ZN6tflite14MockMicroGraph18NumSubgraphOutputsEi,"ax",%progbits
  54              		.align	2
  55              		.global	_ZN6tflite14MockMicroGraph18NumSubgraphOutputsEi
  56              		.syntax unified
  57              		.arm
  58              		.fpu neon
  60              	_ZN6tflite14MockMicroGraph18NumSubgraphOutputsEi:
  61              		.fnstart
  62              	.LFB6950:
  63              		@ args = 0, pretend = 0, frame = 0
  64              		@ frame_needed = 0, uses_anonymous_args = 0
  65              		@ link register save eliminated.
  66 0000 0100A0E3 		mov	r0, #1
  67 0004 1EFF2FE1 		bx	lr
  68              		.cantunwind
  69              		.fnend
  71              		.global	_ZN6tflite14MockMicroGraph17NumSubgraphInputsEi
  72              		.set	_ZN6tflite14MockMicroGraph17NumSubgraphInputsEi,_ZN6tflite14MockMicroGraph18NumSubgraphOutput
  73              		.section	.text._ZN6tflite14MockMicroGraph17GetSubgraphOutputEii,"ax",%progbits
  74              		.align	2
  75              		.global	_ZN6tflite14MockMicroGraph17GetSubgraphOutputEii
  76              		.syntax unified
  77              		.arm
  78              		.fpu neon
  80              	_ZN6tflite14MockMicroGraph17GetSubgraphOutputEii:
  81              		.fnstart
  82              	.LFB6951:
  83              		@ args = 0, pretend = 0, frame = 0
  84              		@ frame_needed = 0, uses_anonymous_args = 0
  85              		@ link register save eliminated.
  86 0000 200090E5 		ldr	r0, [r0, #32]
  87 0004 1EFF2FE1 		bx	lr
  88              		.cantunwind
  89              		.fnend
  91              		.global	_ZN6tflite14MockMicroGraph16GetSubgraphInputEii
  92              		.set	_ZN6tflite14MockMicroGraph16GetSubgraphInputEii,_ZN6tflite14MockMicroGraph17GetSubgraphOutput
  93              		.section	.text._ZN6tflite14MockMicroGraph12NumSubgraphsEv,"ax",%progbits
  94              		.align	2
  95              		.global	_ZN6tflite14MockMicroGraph12NumSubgraphsEv
  96              		.syntax unified
  97              		.arm
  98              		.fpu neon
 100              	_ZN6tflite14MockMicroGraph12NumSubgraphsEv:
 101              		.fnstart
 102              	.LFB6952:
 103              		@ args = 0, pretend = 0, frame = 0
 104              		@ frame_needed = 0, uses_anonymous_args = 0
 105              		@ link register save eliminated.
 106 0000 0A00A0E3 		mov	r0, #10
 107 0004 1EFF2FE1 		bx	lr
 108              		.cantunwind
 109              		.fnend
 111              		.section	.text._ZN6tflite14MockMicroGraphD2Ev,"axG",%progbits,_ZN6tflite14MockMicroGraphD5Ev,comda
 112              		.align	2
 113              		.weak	_ZN6tflite14MockMicroGraphD2Ev
 114              		.syntax unified
 115              		.arm
 116              		.fpu neon
 118              	_ZN6tflite14MockMicroGraphD2Ev:
 119              		.fnstart
 120              	.LFB11260:
 121              		@ args = 0, pretend = 0, frame = 0
 122              		@ frame_needed = 0, uses_anonymous_args = 0
 123 0000 14309FE5 		ldr	r3, .L8
 124 0004 10402DE9 		push	{r4, lr}
 125 0008 0040A0E1 		mov	r4, r0
 126 000c 003080E5 		str	r3, [r0]
 127 0010 FEFFFFEB 		bl	_ZN6tflite10MicroGraphD2Ev
 128 0014 0400A0E1 		mov	r0, r4
 129 0018 1080BDE8 		pop	{r4, pc}
 130              	.L9:
 131              		.align	2
 132              	.L8:
 133 001c 08000000 		.word	.LANCHOR0+8
 134              		.cantunwind
 135              		.fnend
 137              		.weak	_ZN6tflite14MockMicroGraphD1Ev
 138              		.set	_ZN6tflite14MockMicroGraphD1Ev,_ZN6tflite14MockMicroGraphD2Ev
 139              		.section	.text._ZN6tflite14MockMicroGraphD0Ev,"axG",%progbits,_ZN6tflite14MockMicroGraphD5Ev,comda
 140              		.align	2
 141              		.weak	_ZN6tflite14MockMicroGraphD0Ev
 142              		.syntax unified
 143              		.arm
 144              		.fpu neon
 146              	_ZN6tflite14MockMicroGraphD0Ev:
 147              		.fnstart
 148              	.LFB11262:
 149              		@ args = 0, pretend = 0, frame = 0
 150              		@ frame_needed = 0, uses_anonymous_args = 0
 151 0000 1C309FE5 		ldr	r3, .L12
 152 0004 10402DE9 		push	{r4, lr}
 153 0008 0040A0E1 		mov	r4, r0
 154 000c 003080E5 		str	r3, [r0]
 155 0010 FEFFFFEB 		bl	_ZN6tflite10MicroGraphD2Ev
 156 0014 0400A0E1 		mov	r0, r4
 157 0018 FEFFFFEB 		bl	_ZdlPv
 158 001c 0400A0E1 		mov	r0, r4
 159 0020 1080BDE8 		pop	{r4, pc}
 160              	.L13:
 161              		.align	2
 162              	.L12:
 163 0024 08000000 		.word	.LANCHOR0+8
 164              		.cantunwind
 165              		.fnend
 167              		.section	.text._ZN6tflite14MockMicroGraphC2EPNS_21SimpleMemoryAllocatorE,"ax",%progbits
 168              		.align	2
 169              		.global	_ZN6tflite14MockMicroGraphC2EPNS_21SimpleMemoryAllocatorE
 170              		.syntax unified
 171              		.arm
 172              		.fpu neon
 174              	_ZN6tflite14MockMicroGraphC2EPNS_21SimpleMemoryAllocatorE:
 175              		.fnstart
 176              	.LFB6944:
 177              		@ args = 0, pretend = 0, frame = 16
 178              		@ frame_needed = 0, uses_anonymous_args = 0
 179 0000 0030A0E3 		mov	r3, #0
 180 0004 70402DE9 		push	{r4, r5, r6, lr}
 181              		.save {r4, r5, r6, lr}
 182 0008 0320A0E1 		mov	r2, r3
 183 000c 0150A0E1 		mov	r5, r1
 184              		.pad #16
 185 0010 10D04DE2 		sub	sp, sp, #16
 186 0014 0310A0E1 		mov	r1, r3
 187 0018 0040A0E1 		mov	r4, r0
 188              	.LEHB0:
 189 001c FEFFFFEB 		bl	_ZN6tflite10MicroGraphC2EP13TfLiteContextPKNS_5ModelEPNS_14MicroAllocatorE
 190              	.LEHE0:
 191 0020 D8209FE5 		ldr	r2, .L22
 192 0024 0030A0E3 		mov	r3, #0
 193 0028 0310A0E1 		mov	r1, r3
 194 002c 243084E5 		str	r3, [r4, #36]
 195 0030 283084E5 		str	r3, [r4, #40]
 196 0034 300084E2 		add	r0, r4, #48
 197 0038 002084E5 		str	r2, [r4]
 198 003c 2820A0E3 		mov	r2, #40
 199 0040 2C3084E5 		str	r3, [r4, #44]
 200 0044 1C5084E5 		str	r5, [r4, #28]
 201 0048 FEFFFFEB 		bl	memset
 202 004c 003095E5 		ldr	r3, [r5]
 203 0050 0500A0E1 		mov	r0, r5
 204 0054 0420A0E3 		mov	r2, #4
 205 0058 0C10A0E3 		mov	r1, #12
 206 005c 0C3093E5 		ldr	r3, [r3, #12]
 207              	.LEHB1:
 208 0060 33FF2FE1 		blx	r3
 209 0064 1C3094E5 		ldr	r3, [r4, #28]
 210 0068 0420A0E3 		mov	r2, #4
 211 006c 200084E5 		str	r0, [r4, #32]
 212 0070 0C10A0E3 		mov	r1, #12
 213 0074 00C093E5 		ldr	ip, [r3]
 214 0078 0300A0E1 		mov	r0, r3
 215 007c 0C309CE5 		ldr	r3, [ip, #12]
 216 0080 33FF2FE1 		blx	r3
 217 0084 0050A0E1 		mov	r5, r0
 218 0088 1C0094E5 		ldr	r0, [r4, #28]
 219 008c 0420A0E3 		mov	r2, #4
 220 0090 0810A0E3 		mov	r1, #8
 221 0094 003090E5 		ldr	r3, [r0]
 222 0098 0C3093E5 		ldr	r3, [r3, #12]
 223 009c 33FF2FE1 		blx	r3
 224 00a0 003000E3 		movw	r3, #:lower16:.LANCHOR1
 225 00a4 0060A0E1 		mov	r6, r0
 226 00a8 003040E3 		movt	r3, #:upper16:.LANCHOR1
 227 00ac 04C08DE2 		add	ip, sp, #4
 228 00b0 070093E8 		ldm	r3, {r0, r1, r2}
 229 00b4 07008CE8 		stm	ip, {r0, r1, r2}
 230 00b8 0500A0E1 		mov	r0, r5
 231 00bc 0C10A0E1 		mov	r1, ip
 232 00c0 0C20A0E3 		mov	r2, #12
 233 00c4 FEFFFFEB 		bl	memcpy
 234 00c8 0500A0E1 		mov	r0, r5
 235 00cc 205094E5 		ldr	r5, [r4, #32]
 236 00d0 FEFFFFEB 		bl	_ZN6tflite7testing16IntArrayFromIntsEPi
 237              	.LEHE1:
 238 00d4 203094E5 		ldr	r3, [r4, #32]
 239 00d8 0120A0E3 		mov	r2, #1
 240 00dc 040085E5 		str	r0, [r5, #4]
 241 00e0 0400A0E1 		mov	r0, r4
 242 00e4 006083E5 		str	r6, [r3]
 243 00e8 0820C3E5 		strb	r2, [r3, #8]
 244 00ec 10D08DE2 		add	sp, sp, #16
 245              		@ sp needed
 246 00f0 7080BDE8 		pop	{r4, r5, r6, pc}
 247              	.L16:
 248 00f4 0400A0E1 		mov	r0, r4
 249 00f8 FEFFFFEB 		bl	_ZN6tflite10MicroGraphD2Ev
 250              	.LEHB2:
 251 00fc FEFFFFEB 		bl	__cxa_end_cleanup
 252              	.LEHE2:
 253              	.L23:
 254              		.align	2
 255              	.L22:
 256 0100 08000000 		.word	.LANCHOR0+8
 257              		.global	__gxx_personality_v0
 258              		.personality	__gxx_personality_v0
 259              		.handlerdata
 260              	.LLSDA6944:
 261 0008 FF       		.byte	0xff
 262 0009 FF       		.byte	0xff
 263 000a 01       		.byte	0x1
 264 000b 0E       		.uleb128 .LLSDACSE6944-.LLSDACSB6944
 265              	.LLSDACSB6944:
 266 000c 1C       		.uleb128 .LEHB0-.LFB6944
 267 000d 04       		.uleb128 .LEHE0-.LEHB0
 268 000e 00       		.uleb128 0
 269 000f 00       		.uleb128 0
 270 0010 60       		.uleb128 .LEHB1-.LFB6944
 271 0011 74       		.uleb128 .LEHE1-.LEHB1
 272 0012 F401     		.uleb128 .L16-.LFB6944
 273 0014 00       		.uleb128 0
 274 0015 FC01     		.uleb128 .LEHB2-.LFB6944
 275 0017 04       		.uleb128 .LEHE2-.LEHB2
 276 0018 00       		.uleb128 0
 277 0019 00       		.uleb128 0
 278              	.LLSDACSE6944:
 279              		.section	.text._ZN6tflite14MockMicroGraphC2EPNS_21SimpleMemoryAllocatorE
 280              		.fnend
 282              		.global	_ZN6tflite14MockMicroGraphC1EPNS_21SimpleMemoryAllocatorE
 283              		.set	_ZN6tflite14MockMicroGraphC1EPNS_21SimpleMemoryAllocatorE,_ZN6tflite14MockMicroGraphC2EPNS_21
 284              		.global	_ZTSN6tflite14MockMicroGraphE
 285              		.global	_ZTIN6tflite14MockMicroGraphE
 286              		.global	_ZTVN6tflite14MockMicroGraphE
 287              		.weak	_ZN11flatbuffers25flatbuffer_version_stringE
 288              		.section	.rodata
 289              		.align	2
 290              		.set	.LANCHOR1,. + 0
 291              	.LC0:
 292 0000 02000000 		.word	2
 293 0004 01000000 		.word	1
 294 0008 02000000 		.word	2
 295              		.section	.data._ZN11flatbuffers25flatbuffer_version_stringE,"aw",%progbits
 296              		.align	2
 299              	_ZN11flatbuffers25flatbuffer_version_stringE:
 300 0000 00000000 		.word	.LC1
 301              		.section	.rodata._ZTIN6tflite14MockMicroGraphE,"a",%progbits
 302              		.align	2
 305              	_ZTIN6tflite14MockMicroGraphE:
 306 0000 08000000 		.word	_ZTVN10__cxxabiv120__si_class_type_infoE+8
 307 0004 00000000 		.word	_ZTSN6tflite14MockMicroGraphE
 308 0008 00000000 		.word	_ZTIN6tflite10MicroGraphE
 309              		.section	.rodata._ZTSN6tflite14MockMicroGraphE,"a",%progbits
 310              		.align	3
 313              	_ZTSN6tflite14MockMicroGraphE:
 314 0000 4E367466 		.ascii	"N6tflite14MockMicroGraphE\000"
 314      6C697465 
 314      31344D6F 
 314      636B4D69 
 314      63726F47 
 315              		.section	.rodata._ZTVN6tflite14MockMicroGraphE,"a",%progbits
 316              		.align	3
 317              		.set	.LANCHOR0,. + 0
 320              	_ZTVN6tflite14MockMicroGraphE:
 321 0000 00000000 		.word	0
 322 0004 00000000 		.word	_ZTIN6tflite14MockMicroGraphE
 323 0008 00000000 		.word	_ZN6tflite14MockMicroGraphD1Ev
 324 000c 00000000 		.word	_ZN6tflite14MockMicroGraphD0Ev
 325 0010 00000000 		.word	_ZN6tflite10MicroGraph13InitSubgraphsEv
 326 0014 00000000 		.word	_ZN6tflite10MicroGraph16PrepareSubgraphsEv
 327 0018 00000000 		.word	_ZN6tflite10MicroGraph13FreeSubgraphsEv
 328 001c 00000000 		.word	_ZN6tflite14MockMicroGraph14InvokeSubgraphEi
 329 0020 00000000 		.word	_ZN6tflite14MockMicroGraph20ResetVariableTensorsEv
 330 0024 00000000 		.word	_ZN6tflite14MockMicroGraph17NumSubgraphInputsEi
 331 0028 00000000 		.word	_ZN6tflite14MockMicroGraph16GetSubgraphInputEii
 332 002c 00000000 		.word	_ZN6tflite14MockMicroGraph18NumSubgraphOutputsEi
 333 0030 00000000 		.word	_ZN6tflite14MockMicroGraph17GetSubgraphOutputEii
 334 0034 00000000 		.word	_ZN6tflite14MockMicroGraph12NumSubgraphsEv
 335              		.section	.rodata.str1.4,"aMS",%progbits,1
 336              		.align	2
 337              	.LC1:
 338 0000 466C6174 		.ascii	"FlatBuffers 1.12.0\000"
 338      42756666 
 338      65727320 
 338      312E3132 
 338      2E3000
 339              		.ident	"GCC: (GNU Tools for ARM Embedded Processors 6-2017-q2-update) 6.3.1 20170620 (release) [AR
DEFINED SYMBOLS
                            *ABS*:00000000 mock_micro_graph.cc
C:\Users\a5050395\AppData\Local\Temp\ccElY1yi.s:14     .text._ZN6tflite14MockMicroGraph14InvokeSubgraphEi:00000000 $a
C:\Users\a5050395\AppData\Local\Temp\ccElY1yi.s:20     .text._ZN6tflite14MockMicroGraph14InvokeSubgraphEi:00000000 _ZN6tflite14MockMicroGraph14InvokeSubgraphEi
.ARM.exidx.text._ZN6tflite14MockMicroGraph14InvokeSubgraphEi:00000000 $d
C:\Users\a5050395\AppData\Local\Temp\ccElY1yi.s:36     .text._ZN6tflite14MockMicroGraph20ResetVariableTensorsEv:00000000 $a
C:\Users\a5050395\AppData\Local\Temp\ccElY1yi.s:42     .text._ZN6tflite14MockMicroGraph20ResetVariableTensorsEv:00000000 _ZN6tflite14MockMicroGraph20ResetVariableTensorsEv
.ARM.exidx.text._ZN6tflite14MockMicroGraph20ResetVariableTensorsEv:00000000 $d
C:\Users\a5050395\AppData\Local\Temp\ccElY1yi.s:54     .text._ZN6tflite14MockMicroGraph18NumSubgraphOutputsEi:00000000 $a
C:\Users\a5050395\AppData\Local\Temp\ccElY1yi.s:60     .text._ZN6tflite14MockMicroGraph18NumSubgraphOutputsEi:00000000 _ZN6tflite14MockMicroGraph18NumSubgraphOutputsEi
.ARM.exidx.text._ZN6tflite14MockMicroGraph18NumSubgraphOutputsEi:00000000 $d
C:\Users\a5050395\AppData\Local\Temp\ccElY1yi.s:60     .text._ZN6tflite14MockMicroGraph18NumSubgraphOutputsEi:00000000 _ZN6tflite14MockMicroGraph17NumSubgraphInputsEi
C:\Users\a5050395\AppData\Local\Temp\ccElY1yi.s:74     .text._ZN6tflite14MockMicroGraph17GetSubgraphOutputEii:00000000 $a
C:\Users\a5050395\AppData\Local\Temp\ccElY1yi.s:80     .text._ZN6tflite14MockMicroGraph17GetSubgraphOutputEii:00000000 _ZN6tflite14MockMicroGraph17GetSubgraphOutputEii
.ARM.exidx.text._ZN6tflite14MockMicroGraph17GetSubgraphOutputEii:00000000 $d
C:\Users\a5050395\AppData\Local\Temp\ccElY1yi.s:80     .text._ZN6tflite14MockMicroGraph17GetSubgraphOutputEii:00000000 _ZN6tflite14MockMicroGraph16GetSubgraphInputEii
C:\Users\a5050395\AppData\Local\Temp\ccElY1yi.s:94     .text._ZN6tflite14MockMicroGraph12NumSubgraphsEv:00000000 $a
C:\Users\a5050395\AppData\Local\Temp\ccElY1yi.s:100    .text._ZN6tflite14MockMicroGraph12NumSubgraphsEv:00000000 _ZN6tflite14MockMicroGraph12NumSubgraphsEv
.ARM.exidx.text._ZN6tflite14MockMicroGraph12NumSubgraphsEv:00000000 $d
C:\Users\a5050395\AppData\Local\Temp\ccElY1yi.s:112    .text._ZN6tflite14MockMicroGraphD2Ev:00000000 $a
C:\Users\a5050395\AppData\Local\Temp\ccElY1yi.s:118    .text._ZN6tflite14MockMicroGraphD2Ev:00000000 _ZN6tflite14MockMicroGraphD2Ev
C:\Users\a5050395\AppData\Local\Temp\ccElY1yi.s:133    .text._ZN6tflite14MockMicroGraphD2Ev:0000001c $d
.ARM.exidx.text._ZN6tflite14MockMicroGraphD2Ev:00000000 $d
C:\Users\a5050395\AppData\Local\Temp\ccElY1yi.s:118    .text._ZN6tflite14MockMicroGraphD2Ev:00000000 _ZN6tflite14MockMicroGraphD1Ev
C:\Users\a5050395\AppData\Local\Temp\ccElY1yi.s:140    .text._ZN6tflite14MockMicroGraphD0Ev:00000000 $a
C:\Users\a5050395\AppData\Local\Temp\ccElY1yi.s:146    .text._ZN6tflite14MockMicroGraphD0Ev:00000000 _ZN6tflite14MockMicroGraphD0Ev
C:\Users\a5050395\AppData\Local\Temp\ccElY1yi.s:163    .text._ZN6tflite14MockMicroGraphD0Ev:00000024 $d
.ARM.exidx.text._ZN6tflite14MockMicroGraphD0Ev:00000000 $d
C:\Users\a5050395\AppData\Local\Temp\ccElY1yi.s:168    .text._ZN6tflite14MockMicroGraphC2EPNS_21SimpleMemoryAllocatorE:00000000 $a
C:\Users\a5050395\AppData\Local\Temp\ccElY1yi.s:174    .text._ZN6tflite14MockMicroGraphC2EPNS_21SimpleMemoryAllocatorE:00000000 _ZN6tflite14MockMicroGraphC2EPNS_21SimpleMemoryAllocatorE
C:\Users\a5050395\AppData\Local\Temp\ccElY1yi.s:290    .rodata:00000000 .LANCHOR1
C:\Users\a5050395\AppData\Local\Temp\ccElY1yi.s:256    .text._ZN6tflite14MockMicroGraphC2EPNS_21SimpleMemoryAllocatorE:00000100 $d
.ARM.extab.text._ZN6tflite14MockMicroGraphC2EPNS_21SimpleMemoryAllocatorE:00000000 $d
.ARM.exidx.text._ZN6tflite14MockMicroGraphC2EPNS_21SimpleMemoryAllocatorE:00000000 $d
C:\Users\a5050395\AppData\Local\Temp\ccElY1yi.s:174    .text._ZN6tflite14MockMicroGraphC2EPNS_21SimpleMemoryAllocatorE:00000000 _ZN6tflite14MockMicroGraphC1EPNS_21SimpleMemoryAllocatorE
C:\Users\a5050395\AppData\Local\Temp\ccElY1yi.s:313    .rodata._ZTSN6tflite14MockMicroGraphE:00000000 _ZTSN6tflite14MockMicroGraphE
C:\Users\a5050395\AppData\Local\Temp\ccElY1yi.s:305    .rodata._ZTIN6tflite14MockMicroGraphE:00000000 _ZTIN6tflite14MockMicroGraphE
C:\Users\a5050395\AppData\Local\Temp\ccElY1yi.s:320    .rodata._ZTVN6tflite14MockMicroGraphE:00000000 _ZTVN6tflite14MockMicroGraphE
C:\Users\a5050395\AppData\Local\Temp\ccElY1yi.s:299    .data._ZN11flatbuffers25flatbuffer_version_stringE:00000000 _ZN11flatbuffers25flatbuffer_version_stringE
C:\Users\a5050395\AppData\Local\Temp\ccElY1yi.s:289    .rodata:00000000 $d
C:\Users\a5050395\AppData\Local\Temp\ccElY1yi.s:296    .data._ZN11flatbuffers25flatbuffer_version_stringE:00000000 $d
C:\Users\a5050395\AppData\Local\Temp\ccElY1yi.s:302    .rodata._ZTIN6tflite14MockMicroGraphE:00000000 $d
C:\Users\a5050395\AppData\Local\Temp\ccElY1yi.s:310    .rodata._ZTSN6tflite14MockMicroGraphE:00000000 $d
C:\Users\a5050395\AppData\Local\Temp\ccElY1yi.s:316    .rodata._ZTVN6tflite14MockMicroGraphE:00000000 $d
C:\Users\a5050395\AppData\Local\Temp\ccElY1yi.s:336    .rodata.str1.4:00000000 $d
                           .group:00000000 _ZN6tflite14MockMicroGraphD5Ev

UNDEFINED SYMBOLS
_ZN6tflite10MicroGraphD2Ev
_ZdlPv
_ZN6tflite10MicroGraphC2EP13TfLiteContextPKNS_5ModelEPNS_14MicroAllocatorE
memset
memcpy
_ZN6tflite7testing16IntArrayFromIntsEPi
__cxa_end_cleanup
__gxx_personality_v0
_ZTVN10__cxxabiv120__si_class_type_infoE
_ZTIN6tflite10MicroGraphE
_ZN6tflite10MicroGraph13InitSubgraphsEv
_ZN6tflite10MicroGraph16PrepareSubgraphsEv
_ZN6tflite10MicroGraph13FreeSubgraphsEv
