   1              		.cpu cortex-a9
   2              		.eabi_attribute 28, 1
   3              		.eabi_attribute 20, 1
   4              		.eabi_attribute 21, 1
   5              		.eabi_attribute 23, 3
   6              		.eabi_attribute 24, 1
   7              		.eabi_attribute 25, 1
   8              		.eabi_attribute 26, 1
   9              		.eabi_attribute 30, 1
  10              		.eabi_attribute 34, 0
  11              		.eabi_attribute 18, 4
  12              		.file	"dnnInit.cpp"
  13              		.text
  14              	.Ltext0:
  15              		.cfi_sections	.debug_frame
  16              		.section	.text.dnn_compute_CNN_FE,"ax",%progbits
  17              		.align	2
  18              		.global	dnn_compute_CNN_FE
  19              		.syntax unified
  20              		.arm
  21              		.fpu neon
  23              	dnn_compute_CNN_FE:
  24              		.fnstart
  25              	.LFB0:
  26              		.file 1 "../src/neural_networks/Translator/dnnInit.cpp"
   1:../src/neural_networks/Translator/dnnInit.cpp **** /*
   2:../src/neural_networks/Translator/dnnInit.cpp ****  * dnnInit.cpp
   3:../src/neural_networks/Translator/dnnInit.cpp ****  */
   4:../src/neural_networks/Translator/dnnInit.cpp **** 
   5:../src/neural_networks/Translator/dnnInit.cpp **** #include "Typedef.h"
   6:../src/neural_networks/Translator/dnnInit.cpp **** 
   7:../src/neural_networks/Translator/dnnInit.cpp **** TPrecision* dnn_compute_CNN_FEPre(TPrecision*, TsInt*) ;
   8:../src/neural_networks/Translator/dnnInit.cpp **** 
   9:../src/neural_networks/Translator/dnnInit.cpp **** extern "C" float* dnn_compute_CNN_FE(float*, TsInt*) ;
  10:../src/neural_networks/Translator/dnnInit.cpp **** 
  11:../src/neural_networks/Translator/dnnInit.cpp **** float* dnn_compute_CNN_FE(float* inPointer, TsInt* errorPointer) {
  27              		.loc 1 11 0
  28              		.cfi_startproc
  29              		@ args = 0, pretend = 0, frame = 0
  30              		@ frame_needed = 0, uses_anonymous_args = 0
  31              	.LVL0:
  32 0000 10402DE9 		push	{r4, lr}
  33              		.save {r4, lr}
  34              		.cfi_def_cfa_offset 8
  35              		.cfi_offset 4, -8
  36              		.cfi_offset 14, -4
  12:../src/neural_networks/Translator/dnnInit.cpp **** 	return dnn_compute_CNN_FEPre((TPrecision*)inPointer, (TsInt*)errorPointer) ;
  37              		.loc 1 12 0
  38 0004 FEFFFFEB 		bl	_Z21dnn_compute_CNN_FEPrePfPi
  39              	.LVL1:
  13:../src/neural_networks/Translator/dnnInit.cpp **** }
  40              		.loc 1 13 0
  41 0008 1080BDE8 		pop	{r4, pc}
  42              		.cfi_endproc
  43              	.LFE0:
  44              		.fnend
  46              		.text
  47              	.Letext0:
  48              		.file 2 "../src/neural_networks/Translator/Typedef.h"
DEFINED SYMBOLS
                            *ABS*:00000000 dnnInit.cpp
C:\Users\a5050395\AppData\Local\Temp\ccQwPCo0.s:17     .text.dnn_compute_CNN_FE:00000000 $a
C:\Users\a5050395\AppData\Local\Temp\ccQwPCo0.s:23     .text.dnn_compute_CNN_FE:00000000 dnn_compute_CNN_FE
.ARM.exidx.text.dnn_compute_CNN_FE:00000000 $d
                     .debug_frame:00000010 $d
                           .group:00000000 wm4.0.94ad444a790c92d5bddf79c4826237c2

UNDEFINED SYMBOLS
_Z21dnn_compute_CNN_FEPrePfPi
__aeabi_unwind_cpp_pr0
