   1              		.cpu cortex-a9
   2              		.eabi_attribute 28, 1
   3              		.eabi_attribute 20, 1
   4              		.eabi_attribute 21, 1
   5              		.eabi_attribute 23, 3
   6              		.eabi_attribute 24, 1
   7              		.eabi_attribute 25, 1
   8              		.eabi_attribute 26, 1
   9              		.eabi_attribute 30, 4
  10              		.eabi_attribute 34, 0
  11              		.eabi_attribute 18, 4
  12              		.file	"ceil.cpp"
  13              		.section	.text._ZN6tflite3ops5micro4ceil7PrepareEP13TfLiteContextP10TfLiteNode,"ax",%progbits
  14              		.align	2
  15              		.global	_ZN6tflite3ops5micro4ceil7PrepareEP13TfLiteContextP10TfLiteNode
  16              		.syntax unified
  17              		.arm
  18              		.fpu neon
  20              	_ZN6tflite3ops5micro4ceil7PrepareEP13TfLiteContextP10TfLiteNode:
  21              		.fnstart
  22              	.LFB4036:
  23              		@ args = 0, pretend = 0, frame = 0
  24              		@ frame_needed = 0, uses_anonymous_args = 0
  25 0000 002091E5 		ldr	r2, [r1]
  26 0004 00C0A0E1 		mov	ip, r0
  27 0008 30402DE9 		push	{r4, r5, lr}
  28              		.save {r4, r5, lr}
  29              		.pad #20
  30 000c 14D04DE2 		sub	sp, sp, #20
  31 0010 005092E5 		ldr	r5, [r2]
  32 0014 010055E3 		cmp	r5, #1
  33 0018 0E00000A 		beq	.L2
  34 001c BC319FE5 		ldr	r3, .L17
  35 0020 0140A0E3 		mov	r4, #1
  36 0024 0C408DE5 		str	r4, [sp, #12]
  37 0028 08508DE5 		str	r5, [sp, #8]
  38 002c 04308DE5 		str	r3, [sp, #4]
  39 0030 AC319FE5 		ldr	r3, .L17+4
  40 0034 00308DE5 		str	r3, [sp]
  41 0038 2130A0E3 		mov	r3, #33
  42 003c 145090E5 		ldr	r5, [r0, #20]
  43              	.L14:
  44 0040 A0219FE5 		ldr	r2, .L17+8
  45 0044 A0119FE5 		ldr	r1, .L17+12
  46 0048 35FF2FE1 		blx	r5
  47              	.L3:
  48 004c 0400A0E1 		mov	r0, r4
  49 0050 14D08DE2 		add	sp, sp, #20
  50              		@ sp needed
  51 0054 3080BDE8 		pop	{r4, r5, pc}
  52              	.L2:
  53 0058 041091E5 		ldr	r1, [r1, #4]
  54 005c 004091E5 		ldr	r4, [r1]
  55 0060 010054E3 		cmp	r4, #1
  56 0064 0C00000A 		beq	.L4
  57 0068 70319FE5 		ldr	r3, .L17
  58 006c 0C508DE5 		str	r5, [sp, #12]
  59 0070 08408DE5 		str	r4, [sp, #8]
  60 0074 04308DE5 		str	r3, [sp, #4]
  61 0078 70319FE5 		ldr	r3, .L17+16
  62 007c 00308DE5 		str	r3, [sp]
  63 0080 2230A0E3 		mov	r3, #34
  64 0084 144090E5 		ldr	r4, [r0, #20]
  65              	.L16:
  66 0088 58219FE5 		ldr	r2, .L17+8
  67 008c 58119FE5 		ldr	r1, .L17+12
  68              	.L15:
  69 0090 34FF2FE1 		blx	r4
  70 0094 0140A0E3 		mov	r4, #1
  71 0098 EBFFFFEA 		b	.L3
  72              	.L4:
  73 009c 083090E5 		ldr	r3, [r0, #8]
  74 00a0 04E092E5 		ldr	lr, [r2, #4]
  75 00a4 0E53D3E7 		ldrb	r5, [r3, lr, lsl #6]	@ zero_extendqisi2
  76 00a8 0E2383E0 		add	r2, r3, lr, lsl #6
  77 00ac 010055E3 		cmp	r5, #1
  78 00b0 0800000A 		beq	.L5
  79 00b4 38319FE5 		ldr	r3, .L17+20
  80 00b8 0C408DE5 		str	r4, [sp, #12]
  81 00bc 08508DE5 		str	r5, [sp, #8]
  82 00c0 04308DE5 		str	r3, [sp, #4]
  83 00c4 2C319FE5 		ldr	r3, .L17+24
  84 00c8 00308DE5 		str	r3, [sp]
  85 00cc 2330A0E3 		mov	r3, #35
  86 00d0 145090E5 		ldr	r5, [r0, #20]
  87 00d4 D9FFFFEA 		b	.L14
  88              	.L5:
  89 00d8 04E091E5 		ldr	lr, [r1, #4]
  90 00dc 0E43D3E7 		ldrb	r4, [r3, lr, lsl #6]	@ zero_extendqisi2
  91 00e0 0E1383E0 		add	r1, r3, lr, lsl #6
  92 00e4 010054E3 		cmp	r4, #1
  93 00e8 0800000A 		beq	.L6
  94 00ec 04319FE5 		ldr	r3, .L17+24
  95 00f0 0C508DE5 		str	r5, [sp, #12]
  96 00f4 08408DE5 		str	r4, [sp, #8]
  97 00f8 04308DE5 		str	r3, [sp, #4]
  98 00fc F8309FE5 		ldr	r3, .L17+28
  99 0100 00308DE5 		str	r3, [sp]
 100 0104 2430A0E3 		mov	r3, #36
 101 0108 144090E5 		ldr	r4, [r0, #20]
 102 010c DDFFFFEA 		b	.L16
 103              	.L6:
 104 0110 183091E5 		ldr	r3, [r1, #24]
 105 0114 18E092E5 		ldr	lr, [r2, #24]
 106 0118 0E0053E1 		cmp	r3, lr
 107 011c 0800000A 		beq	.L7
 108 0120 08308DE5 		str	r3, [sp, #8]
 109 0124 D4309FE5 		ldr	r3, .L17+32
 110 0128 0CE08DE5 		str	lr, [sp, #12]
 111 012c 04308DE5 		str	r3, [sp, #4]
 112 0130 CC309FE5 		ldr	r3, .L17+36
 113 0134 00308DE5 		str	r3, [sp]
 114 0138 2530A0E3 		mov	r3, #37
 115 013c 145090E5 		ldr	r5, [r0, #20]
 116 0140 BEFFFFEA 		b	.L14
 117              	.L7:
 118 0144 083091E5 		ldr	r3, [r1, #8]
 119 0148 082092E5 		ldr	r2, [r2, #8]
 120 014c 00E093E5 		ldr	lr, [r3]
 121 0150 001092E5 		ldr	r1, [r2]
 122 0154 01005EE1 		cmp	lr, r1
 123 0158 04308302 		addeq	r3, r3, #4
 124 015c 04208202 		addeq	r2, r2, #4
 125 0160 0010A003 		moveq	r1, #0
 126 0164 0900000A 		beq	.L10
 127 0168 98309FE5 		ldr	r3, .L17+40
 128 016c 0C108DE5 		str	r1, [sp, #12]
 129 0170 08E08DE5 		str	lr, [sp, #8]
 130 0174 04308DE5 		str	r3, [sp, #4]
 131 0178 8C309FE5 		ldr	r3, .L17+44
 132 017c 00308DE5 		str	r3, [sp]
 133 0180 2630A0E3 		mov	r3, #38
 134 0184 145090E5 		ldr	r5, [r0, #20]
 135 0188 ACFFFFEA 		b	.L14
 136              	.L9:
 137 018c 011081E2 		add	r1, r1, #1
 138              	.L10:
 139 0190 0E0051E1 		cmp	r1, lr
 140 0194 0F0000AA 		bge	.L11
 141 0198 040093E4 		ldr	r0, [r3], #4
 142 019c 044092E4 		ldr	r4, [r2], #4
 143 01a0 040050E1 		cmp	r0, r4
 144 01a4 F8FFFF0A 		beq	.L9
 145 01a8 60309FE5 		ldr	r3, .L17+48
 146 01ac 0C408DE5 		str	r4, [sp, #12]
 147 01b0 08008DE5 		str	r0, [sp, #8]
 148 01b4 0C00A0E1 		mov	r0, ip
 149 01b8 04308DE5 		str	r3, [sp, #4]
 150 01bc 50309FE5 		ldr	r3, .L17+52
 151 01c0 14409CE5 		ldr	r4, [ip, #20]
 152 01c4 1C209FE5 		ldr	r2, .L17+8
 153 01c8 00308DE5 		str	r3, [sp]
 154 01cc 2830A0E3 		mov	r3, #40
 155 01d0 14109FE5 		ldr	r1, .L17+12
 156 01d4 ADFFFFEA 		b	.L15
 157              	.L11:
 158 01d8 0040A0E3 		mov	r4, #0
 159 01dc 9AFFFFEA 		b	.L3
 160              	.L18:
 161              		.align	2
 162              	.L17:
 163 01e0 5C000000 		.word	.LC2
 164 01e4 5E000000 		.word	.LC3
 165 01e8 00000000 		.word	.LC0
 166 01ec 42000000 		.word	.LC1
 167 01f0 6E000000 		.word	.LC4
 168 01f4 7F000000 		.word	.LC5
 169 01f8 8E000000 		.word	.LC6
 170 01fc 9A000000 		.word	.LC7
 171 0200 A7000000 		.word	.LC8
 172 0204 B4000000 		.word	.LC9
 173 0208 C2000000 		.word	.LC10
 174 020c D4000000 		.word	.LC11
 175 0210 E7000000 		.word	.LC12
 176 0214 FC000000 		.word	.LC13
 177              		.fnend
 179              		.section	.text._ZN6tflite12RuntimeShapeD2Ev,"axG",%progbits,_ZN6tflite12RuntimeShapeD5Ev,comdat
 180              		.align	2
 181              		.weak	_ZN6tflite12RuntimeShapeD2Ev
 182              		.syntax unified
 183              		.arm
 184              		.fpu neon
 186              	_ZN6tflite12RuntimeShapeD2Ev:
 187              		.fnstart
 188              	.LFB1069:
 189              		@ args = 0, pretend = 0, frame = 0
 190              		@ frame_needed = 0, uses_anonymous_args = 0
 191 0000 003090E5 		ldr	r3, [r0]
 192 0004 10402DE9 		push	{r4, lr}
 193 0008 0040A0E1 		mov	r4, r0
 194 000c 040053E3 		cmp	r3, #4
 195 0010 030000DA 		ble	.L20
 196 0014 040090E5 		ldr	r0, [r0, #4]
 197 0018 000050E3 		cmp	r0, #0
 198 001c 0000000A 		beq	.L20
 199 0020 FEFFFFEB 		bl	_ZdaPv
 200              	.L20:
 201 0024 0400A0E1 		mov	r0, r4
 202 0028 1080BDE8 		pop	{r4, pc}
 203              		.cantunwind
 204              		.fnend
 206              		.weak	_ZN6tflite12RuntimeShapeD1Ev
 207              		.set	_ZN6tflite12RuntimeShapeD1Ev,_ZN6tflite12RuntimeShapeD2Ev
 208              		.section	.text._ZNK6tflite12RuntimeShape4DimsEi,"axG",%progbits,_ZNK6tflite12RuntimeShape4DimsEi,c
 209              		.align	2
 210              		.weak	_ZNK6tflite12RuntimeShape4DimsEi
 211              		.syntax unified
 212              		.arm
 213              		.fpu neon
 215              	_ZNK6tflite12RuntimeShape4DimsEi:
 216              		.fnstart
 217              	.LFB1072:
 218              		@ args = 0, pretend = 0, frame = 0
 219              		@ frame_needed = 0, uses_anonymous_args = 0
 220 0000 000051E3 		cmp	r1, #0
 221 0004 010000AA 		bge	.L26
 222              	.L27:
 223 0008 10402DE9 		push	{r4, lr}
 224              		.save {r4, lr}
 225 000c FEFFFFEB 		bl	abort
 226              	.L26:
 227 0010 003090E5 		ldr	r3, [r0]
 228 0014 010053E1 		cmp	r3, r1
 229 0018 FAFFFFDA 		ble	.L27
 230 001c 040053E3 		cmp	r3, #4
 231 0020 043090C5 		ldrgt	r3, [r0, #4]
 232 0024 010180D0 		addle	r0, r0, r1, lsl #2
 233 0028 040090D5 		ldrle	r0, [r0, #4]
 234 002c 010193C7 		ldrgt	r0, [r3, r1, lsl #2]
 235 0030 1EFF2FE1 		bx	lr
 236              		.fnend
 238              		.section	.text._ZN6tflite12RuntimeShape11ReplaceWithEiPKl,"axG",%progbits,_ZN6tflite12RuntimeShape
 239              		.align	2
 240              		.weak	_ZN6tflite12RuntimeShape11ReplaceWithEiPKl
 241              		.syntax unified
 242              		.arm
 243              		.fpu neon
 245              	_ZN6tflite12RuntimeShape11ReplaceWithEiPKl:
 246              		.fnstart
 247              	.LFB1078:
 248              		@ args = 0, pretend = 0, frame = 0
 249              		@ frame_needed = 0, uses_anonymous_args = 0
 250 0000 003090E5 		ldr	r3, [r0]
 251 0004 F0412DE9 		push	{r4, r5, r6, r7, r8, lr}
 252              		.save {r4, r5, r6, r7, r8, lr}
 253 0008 0040A0E1 		mov	r4, r0
 254 000c 0150A0E1 		mov	r5, r1
 255 0010 0270A0E1 		mov	r7, r2
 256 0014 040053E3 		cmp	r3, #4
 257 0018 030000DA 		ble	.L33
 258 001c 040090E5 		ldr	r0, [r0, #4]
 259 0020 000050E3 		cmp	r0, #0
 260 0024 0000000A 		beq	.L33
 261 0028 FEFFFFEB 		bl	_ZdaPv
 262              	.L33:
 263 002c 040055E3 		cmp	r5, #4
 264 0030 005084E5 		str	r5, [r4]
 265 0034 0561A0E1 		lsl	r6, r5, #2
 266 0038 040000DA 		ble	.L34
 267 003c 2E0275E3 		cmn	r5, #-536870910
 268 0040 0A0000CA 		bgt	.L35
 269 0044 0600A0E1 		mov	r0, r6
 270 0048 FEFFFFEB 		bl	_Znaj
 271 004c 040084E5 		str	r0, [r4, #4]
 272              	.L34:
 273 0050 003094E5 		ldr	r3, [r4]
 274 0054 0620A0E1 		mov	r2, r6
 275 0058 0710A0E1 		mov	r1, r7
 276 005c 040053E3 		cmp	r3, #4
 277 0060 040094C5 		ldrgt	r0, [r4, #4]
 278 0064 040084D2 		addle	r0, r4, #4
 279 0068 F041BDE8 		pop	{r4, r5, r6, r7, r8, lr}
 280 006c FEFFFFEA 		b	memcpy
 281              	.L35:
 282 0070 FEFFFFEB 		bl	__cxa_throw_bad_array_new_length
 283              		.fnend
 285              		.section	.text._ZN6tflite3ops5micro4ceil4EvalEP13TfLiteContextP10TfLiteNode,"ax",%progbits
 286              		.align	2
 287              		.global	_ZN6tflite3ops5micro4ceil4EvalEP13TfLiteContextP10TfLiteNode
 288              		.syntax unified
 289              		.arm
 290              		.fpu neon
 292              	_ZN6tflite3ops5micro4ceil4EvalEP13TfLiteContextP10TfLiteNode:
 293              		.fnstart
 294              	.LFB4037:
 295              		@ args = 0, pretend = 0, frame = 40
 296              		@ frame_needed = 0, uses_anonymous_args = 0
 297 0000 003091E5 		ldr	r3, [r1]
 298 0004 042091E5 		ldr	r2, [r1, #4]
 299 0008 F0412DE9 		push	{r4, r5, r6, r7, r8, lr}
 300              		.save {r4, r5, r6, r7, r8, lr}
 301              		.pad #40
 302 000c 28D04DE2 		sub	sp, sp, #40
 303 0010 084090E5 		ldr	r4, [r0, #8]
 304 0014 043093E5 		ldr	r3, [r3, #4]
 305 0018 045092E5 		ldr	r5, [r2, #4]
 306 001c 055384E0 		add	r5, r4, r5, lsl #6
 307 0020 034394E0 		adds	r4, r4, r3, lsl #6
 308 0024 00408D05 		streq	r4, [sp]
 309 0028 0600000A 		beq	.L44
 310 002c 082094E5 		ldr	r2, [r4, #8]
 311 0030 28008DE2 		add	r0, sp, #40
 312 0034 0030A0E3 		mov	r3, #0
 313 0038 041092E4 		ldr	r1, [r2], #4
 314 003c 283020E5 		str	r3, [r0, #-40]!
 315              	.LEHB0:
 316 0040 FEFFFFEB 		bl	_ZN6tflite12RuntimeShape11ReplaceWithEiPKl
 317              	.LEHE0:
 318 0044 044094E5 		ldr	r4, [r4, #4]
 319              	.L44:
 320 0048 000055E3 		cmp	r5, #0
 321 004c 14508D05 		streq	r5, [sp, #20]
 322 0050 2900000A 		beq	.L46
 323 0054 082095E5 		ldr	r2, [r5, #8]
 324 0058 28008DE2 		add	r0, sp, #40
 325 005c 0030A0E3 		mov	r3, #0
 326 0060 041092E4 		ldr	r1, [r2], #4
 327 0064 143020E5 		str	r3, [r0, #-20]!
 328              	.LEHB1:
 329 0068 FEFFFFEB 		bl	_ZN6tflite12RuntimeShape11ReplaceWithEiPKl
 330              	.LEHE1:
 331 006c 210000EA 		b	.L66
 332              	.L67:
 333 0070 0080A0E1 		mov	r8, r0
 334 0074 0610A0E1 		mov	r1, r6
 335 0078 14008DE2 		add	r0, sp, #20
 336              	.LEHB2:
 337 007c FEFFFFEB 		bl	_ZNK6tflite12RuntimeShape4DimsEi
 338 0080 000058E1 		cmp	r8, r0
 339 0084 0000000A 		beq	.L51
 340 0088 FEFFFFEB 		bl	abort
 341              	.L51:
 342 008c 016086E2 		add	r6, r6, #1
 343              	.L49:
 344 0090 060057E1 		cmp	r7, r6
 345 0094 030000DA 		ble	.L50
 346 0098 0610A0E1 		mov	r1, r6
 347 009c 0D00A0E1 		mov	r0, sp
 348 00a0 FEFFFFEB 		bl	_ZNK6tflite12RuntimeShape4DimsEi
 349 00a4 F1FFFFEA 		b	.L67
 350              	.L50:
 351 00a8 00109DE5 		ldr	r1, [sp]
 352 00ac 0030A0E3 		mov	r3, #0
 353 00b0 0170A0E3 		mov	r7, #1
 354 00b4 040051E3 		cmp	r1, #4
 355 00b8 04209DC5 		ldrgt	r2, [sp, #4]
 356 00bc 04208DD2 		addle	r2, sp, #4
 357              	.L54:
 358 00c0 030051E1 		cmp	r1, r3
 359 00c4 030192C7 		ldrgt	r0, [r2, r3, lsl #2]
 360 00c8 013083C2 		addgt	r3, r3, #1
 361 00cc 900707C0 		mulgt	r7, r0, r7
 362 00d0 FAFFFFCA 		bgt	.L54
 363              	.L53:
 364 00d4 0060A0E3 		mov	r6, #0
 365              	.L56:
 366 00d8 070056E1 		cmp	r6, r7
 367 00dc 110000AA 		bge	.L55
 368 00e0 010AB4EC 		vldmia.32	r4!, {s0}
 369 00e4 016086E2 		add	r6, r6, #1
 370 00e8 FEFFFFEB 		bl	ceilf
 371 00ec 010AA5EC 		vstmia.32	r5!, {s0}
 372 00f0 F8FFFFEA 		b	.L56
 373              	.L60:
 374 00f4 080000EA 		b	.L58
 375              	.L66:
 376 00f8 045095E5 		ldr	r5, [r5, #4]
 377              	.L46:
 378 00fc 00709DE5 		ldr	r7, [sp]
 379 0100 14309DE5 		ldr	r3, [sp, #20]
 380 0104 030057E1 		cmp	r7, r3
 381 0108 0060A003 		moveq	r6, #0
 382 010c DFFFFF0A 		beq	.L49
 383 0110 FEFFFFEB 		bl	abort
 384              	.LEHE2:
 385              	.L61:
 386 0114 14008DE2 		add	r0, sp, #20
 387 0118 FEFFFFEB 		bl	_ZN6tflite12RuntimeShapeD1Ev
 388              	.L58:
 389 011c 0D00A0E1 		mov	r0, sp
 390 0120 FEFFFFEB 		bl	_ZN6tflite12RuntimeShapeD1Ev
 391              	.LEHB3:
 392 0124 FEFFFFEB 		bl	__cxa_end_cleanup
 393              	.LEHE3:
 394              	.L55:
 395 0128 14008DE2 		add	r0, sp, #20
 396 012c FEFFFFEB 		bl	_ZN6tflite12RuntimeShapeD1Ev
 397 0130 0D00A0E1 		mov	r0, sp
 398 0134 FEFFFFEB 		bl	_ZN6tflite12RuntimeShapeD1Ev
 399 0138 0000A0E3 		mov	r0, #0
 400 013c 28D08DE2 		add	sp, sp, #40
 401              		@ sp needed
 402 0140 F081BDE8 		pop	{r4, r5, r6, r7, r8, pc}
 403              		.global	__gxx_personality_v0
 404              		.personality	__gxx_personality_v0
 405              		.handlerdata
 406              	.LLSDA4037:
 407 0008 FF       		.byte	0xff
 408 0009 FF       		.byte	0xff
 409 000a 01       		.byte	0x1
 410 000b 14       		.uleb128 .LLSDACSE4037-.LLSDACSB4037
 411              	.LLSDACSB4037:
 412 000c 40       		.uleb128 .LEHB0-.LFB4037
 413 000d 04       		.uleb128 .LEHE0-.LEHB0
 414 000e 00       		.uleb128 0
 415 000f 00       		.uleb128 0
 416 0010 68       		.uleb128 .LEHB1-.LFB4037
 417 0011 04       		.uleb128 .LEHE1-.LEHB1
 418 0012 F401     		.uleb128 .L60-.LFB4037
 419 0014 00       		.uleb128 0
 420 0015 7C       		.uleb128 .LEHB2-.LFB4037
 421 0016 9801     		.uleb128 .LEHE2-.LEHB2
 422 0018 9402     		.uleb128 .L61-.LFB4037
 423 001a 00       		.uleb128 0
 424 001b A402     		.uleb128 .LEHB3-.LFB4037
 425 001d 04       		.uleb128 .LEHE3-.LEHB3
 426 001e 00       		.uleb128 0
 427 001f 00       		.uleb128 0
 428              	.LLSDACSE4037:
 429              		.section	.text._ZN6tflite3ops5micro4ceil4EvalEP13TfLiteContextP10TfLiteNode
 430              		.fnend
 432              		.section	.text._ZN6tflite3ops5micro13Register_CEILEv,"ax",%progbits
 433              		.align	2
 434              		.global	_ZN6tflite3ops5micro13Register_CEILEv
 435              		.syntax unified
 436              		.arm
 437              		.fpu neon
 439              	_ZN6tflite3ops5micro13Register_CEILEv:
 440              		.fnstart
 441              	.LFB4038:
 442              		@ args = 0, pretend = 0, frame = 0
 443              		@ frame_needed = 0, uses_anonymous_args = 0
 444              		@ link register save eliminated.
 445 0000 10009FE5 		ldr	r0, .L69
 446 0004 10309FE5 		ldr	r3, .L69+4
 447 0008 083080E5 		str	r3, [r0, #8]
 448 000c 0C309FE5 		ldr	r3, .L69+8
 449 0010 0C3080E5 		str	r3, [r0, #12]
 450 0014 1EFF2FE1 		bx	lr
 451              	.L70:
 452              		.align	2
 453              	.L69:
 454 0018 00000000 		.word	.LANCHOR0
 455 001c 00000000 		.word	_ZN6tflite3ops5micro4ceil7PrepareEP13TfLiteContextP10TfLiteNode
 456 0020 00000000 		.word	_ZN6tflite3ops5micro4ceil4EvalEP13TfLiteContextP10TfLiteNode
 457              		.cantunwind
 458              		.fnend
 460              		.weak	_ZN11flatbuffers25flatbuffer_version_stringE
 461              		.section	.bss._ZZN6tflite3ops5micro13Register_CEILEvE1r,"aw",%nobits
 462              		.align	2
 463              		.set	.LANCHOR0,. + 0
 466              	_ZZN6tflite3ops5micro13Register_CEILEvE1r:
 467 0000 00000000 		.space	32
 467      00000000 
 467      00000000 
 467      00000000 
 467      00000000 
 468              		.section	.data._ZN11flatbuffers25flatbuffer_version_stringE,"aw",%progbits
 469              		.align	2
 472              	_ZN11flatbuffers25flatbuffer_version_stringE:
 473 0000 00000000 		.word	.LC14
 474              		.section	.rodata._ZN6tflite3ops5micro4ceil7PrepareEP13TfLiteContextP10TfLiteNode.str1.1,"aMS",%pro
 475              	.LC0:
 476 0000 2E2E2F73 		.ascii	"../src/tensorflow_lite/src/tensorflow/lite/micro/ke"
 476      72632F74 
 476      656E736F 
 476      72666C6F 
 476      775F6C69 
 477 0033 726E656C 		.ascii	"rnels/ceil.cpp\000"
 477      732F6365 
 477      696C2E63 
 477      707000
 478              	.LC1:
 479 0042 25733A25 		.ascii	"%s:%d %s != %s (%d != %d)\000"
 479      64202573 
 479      20213D20 
 479      25732028 
 479      25642021 
 480              	.LC2:
 481 005c 3100     		.ascii	"1\000"
 482              	.LC3:
 483 005e 4E756D49 		.ascii	"NumInputs(node)\000"
 483      6E707574 
 483      73286E6F 
 483      64652900 
 484              	.LC4:
 485 006e 4E756D4F 		.ascii	"NumOutputs(node)\000"
 485      75747075 
 485      7473286E 
 485      6F646529 
 485      00
 486              	.LC5:
 487 007f 6B54664C 		.ascii	"kTfLiteFloat32\000"
 487      69746546 
 487      6C6F6174 
 487      333200
 488              	.LC6:
 489 008e 696E7075 		.ascii	"input->type\000"
 489      742D3E74 
 489      79706500 
 490              	.LC7:
 491 009a 6F757470 		.ascii	"output->type\000"
 491      75742D3E 
 491      74797065 
 491      00
 492              	.LC8:
 493 00a7 696E7075 		.ascii	"input->bytes\000"
 493      742D3E62 
 493      79746573 
 493      00
 494              	.LC9:
 495 00b4 6F757470 		.ascii	"output->bytes\000"
 495      75742D3E 
 495      62797465 
 495      7300
 496              	.LC10:
 497 00c2 696E7075 		.ascii	"input->dims->size\000"
 497      742D3E64 
 497      696D732D 
 497      3E73697A 
 497      6500
 498              	.LC11:
 499 00d4 6F757470 		.ascii	"output->dims->size\000"
 499      75742D3E 
 499      64696D73 
 499      2D3E7369 
 499      7A6500
 500              	.LC12:
 501 00e7 696E7075 		.ascii	"input->dims->data[i]\000"
 501      742D3E64 
 501      696D732D 
 501      3E646174 
 501      615B695D 
 502              	.LC13:
 503 00fc 6F757470 		.ascii	"output->dims->data[i]\000"
 503      75742D3E 
 503      64696D73 
 503      2D3E6461 
 503      74615B69 
 504              		.section	.rodata.str1.1,"aMS",%progbits,1
 505              	.LC14:
 506 0000 466C6174 		.ascii	"FlatBuffers 1.11.0\000"
 506      42756666 
 506      65727320 
 506      312E3131 
 506      2E3000
 507              		.ident	"GCC: (GNU Tools for ARM Embedded Processors 6-2017-q2-update) 6.3.1 20170620 (release) [AR
DEFINED SYMBOLS
                            *ABS*:00000000 ceil.cpp
C:\Users\a5050395\AppData\Local\Temp\ccVPrFSf.s:14     .text._ZN6tflite3ops5micro4ceil7PrepareEP13TfLiteContextP10TfLiteNode:00000000 $a
C:\Users\a5050395\AppData\Local\Temp\ccVPrFSf.s:20     .text._ZN6tflite3ops5micro4ceil7PrepareEP13TfLiteContextP10TfLiteNode:00000000 _ZN6tflite3ops5micro4ceil7PrepareEP13TfLiteContextP10TfLiteNode
C:\Users\a5050395\AppData\Local\Temp\ccVPrFSf.s:163    .text._ZN6tflite3ops5micro4ceil7PrepareEP13TfLiteContextP10TfLiteNode:000001e0 $d
.ARM.exidx.text._ZN6tflite3ops5micro4ceil7PrepareEP13TfLiteContextP10TfLiteNode:00000000 $d
C:\Users\a5050395\AppData\Local\Temp\ccVPrFSf.s:180    .text._ZN6tflite12RuntimeShapeD2Ev:00000000 $a
C:\Users\a5050395\AppData\Local\Temp\ccVPrFSf.s:186    .text._ZN6tflite12RuntimeShapeD2Ev:00000000 _ZN6tflite12RuntimeShapeD2Ev
.ARM.exidx.text._ZN6tflite12RuntimeShapeD2Ev:00000000 $d
C:\Users\a5050395\AppData\Local\Temp\ccVPrFSf.s:186    .text._ZN6tflite12RuntimeShapeD2Ev:00000000 _ZN6tflite12RuntimeShapeD1Ev
C:\Users\a5050395\AppData\Local\Temp\ccVPrFSf.s:209    .text._ZNK6tflite12RuntimeShape4DimsEi:00000000 $a
C:\Users\a5050395\AppData\Local\Temp\ccVPrFSf.s:215    .text._ZNK6tflite12RuntimeShape4DimsEi:00000000 _ZNK6tflite12RuntimeShape4DimsEi
.ARM.exidx.text._ZNK6tflite12RuntimeShape4DimsEi:00000000 $d
C:\Users\a5050395\AppData\Local\Temp\ccVPrFSf.s:239    .text._ZN6tflite12RuntimeShape11ReplaceWithEiPKl:00000000 $a
C:\Users\a5050395\AppData\Local\Temp\ccVPrFSf.s:245    .text._ZN6tflite12RuntimeShape11ReplaceWithEiPKl:00000000 _ZN6tflite12RuntimeShape11ReplaceWithEiPKl
.ARM.exidx.text._ZN6tflite12RuntimeShape11ReplaceWithEiPKl:00000000 $d
C:\Users\a5050395\AppData\Local\Temp\ccVPrFSf.s:286    .text._ZN6tflite3ops5micro4ceil4EvalEP13TfLiteContextP10TfLiteNode:00000000 $a
C:\Users\a5050395\AppData\Local\Temp\ccVPrFSf.s:292    .text._ZN6tflite3ops5micro4ceil4EvalEP13TfLiteContextP10TfLiteNode:00000000 _ZN6tflite3ops5micro4ceil4EvalEP13TfLiteContextP10TfLiteNode
.ARM.extab.text._ZN6tflite3ops5micro4ceil4EvalEP13TfLiteContextP10TfLiteNode:00000000 $d
.ARM.exidx.text._ZN6tflite3ops5micro4ceil4EvalEP13TfLiteContextP10TfLiteNode:00000000 $d
C:\Users\a5050395\AppData\Local\Temp\ccVPrFSf.s:433    .text._ZN6tflite3ops5micro13Register_CEILEv:00000000 $a
C:\Users\a5050395\AppData\Local\Temp\ccVPrFSf.s:439    .text._ZN6tflite3ops5micro13Register_CEILEv:00000000 _ZN6tflite3ops5micro13Register_CEILEv
C:\Users\a5050395\AppData\Local\Temp\ccVPrFSf.s:454    .text._ZN6tflite3ops5micro13Register_CEILEv:00000018 $d
.ARM.exidx.text._ZN6tflite3ops5micro13Register_CEILEv:00000000 $d
C:\Users\a5050395\AppData\Local\Temp\ccVPrFSf.s:472    .data._ZN11flatbuffers25flatbuffer_version_stringE:00000000 _ZN11flatbuffers25flatbuffer_version_stringE
C:\Users\a5050395\AppData\Local\Temp\ccVPrFSf.s:462    .bss._ZZN6tflite3ops5micro13Register_CEILEvE1r:00000000 $d
C:\Users\a5050395\AppData\Local\Temp\ccVPrFSf.s:466    .bss._ZZN6tflite3ops5micro13Register_CEILEvE1r:00000000 _ZZN6tflite3ops5micro13Register_CEILEvE1r
C:\Users\a5050395\AppData\Local\Temp\ccVPrFSf.s:469    .data._ZN11flatbuffers25flatbuffer_version_stringE:00000000 $d
                           .group:00000000 _ZN6tflite12RuntimeShapeD5Ev

UNDEFINED SYMBOLS
__aeabi_unwind_cpp_pr0
_ZdaPv
abort
_Znaj
memcpy
__cxa_throw_bad_array_new_length
ceilf
__cxa_end_cleanup
__gxx_personality_v0
