   1              		.cpu cortex-a9
   2              		.eabi_attribute 28, 1
   3              		.eabi_attribute 20, 1
   4              		.eabi_attribute 21, 1
   5              		.eabi_attribute 23, 3
   6              		.eabi_attribute 24, 1
   7              		.eabi_attribute 25, 1
   8              		.eabi_attribute 26, 1
   9              		.eabi_attribute 30, 4
  10              		.eabi_attribute 34, 0
  11              		.eabi_attribute 18, 4
  12              		.file	"floor.cpp"
  13              		.section	.text._ZN6tflite12RuntimeShapeD2Ev,"axG",%progbits,_ZN6tflite12RuntimeShapeD5Ev,comdat
  14              		.align	2
  15              		.weak	_ZN6tflite12RuntimeShapeD2Ev
  16              		.syntax unified
  17              		.arm
  18              		.fpu neon
  20              	_ZN6tflite12RuntimeShapeD2Ev:
  21              		.fnstart
  22              	.LFB1069:
  23              		@ args = 0, pretend = 0, frame = 0
  24              		@ frame_needed = 0, uses_anonymous_args = 0
  25 0000 003090E5 		ldr	r3, [r0]
  26 0004 10402DE9 		push	{r4, lr}
  27 0008 0040A0E1 		mov	r4, r0
  28 000c 040053E3 		cmp	r3, #4
  29 0010 030000DA 		ble	.L2
  30 0014 040090E5 		ldr	r0, [r0, #4]
  31 0018 000050E3 		cmp	r0, #0
  32 001c 0000000A 		beq	.L2
  33 0020 FEFFFFEB 		bl	_ZdaPv
  34              	.L2:
  35 0024 0400A0E1 		mov	r0, r4
  36 0028 1080BDE8 		pop	{r4, pc}
  37              		.cantunwind
  38              		.fnend
  40              		.weak	_ZN6tflite12RuntimeShapeD1Ev
  41              		.set	_ZN6tflite12RuntimeShapeD1Ev,_ZN6tflite12RuntimeShapeD2Ev
  42              		.section	.text._ZNK6tflite12RuntimeShape4DimsEi,"axG",%progbits,_ZNK6tflite12RuntimeShape4DimsEi,c
  43              		.align	2
  44              		.weak	_ZNK6tflite12RuntimeShape4DimsEi
  45              		.syntax unified
  46              		.arm
  47              		.fpu neon
  49              	_ZNK6tflite12RuntimeShape4DimsEi:
  50              		.fnstart
  51              	.LFB1072:
  52              		@ args = 0, pretend = 0, frame = 0
  53              		@ frame_needed = 0, uses_anonymous_args = 0
  54 0000 000051E3 		cmp	r1, #0
  55 0004 010000AA 		bge	.L8
  56              	.L9:
  57 0008 10402DE9 		push	{r4, lr}
  58              		.save {r4, lr}
  59 000c FEFFFFEB 		bl	abort
  60              	.L8:
  61 0010 003090E5 		ldr	r3, [r0]
  62 0014 010053E1 		cmp	r3, r1
  63 0018 FAFFFFDA 		ble	.L9
  64 001c 040053E3 		cmp	r3, #4
  65 0020 043090C5 		ldrgt	r3, [r0, #4]
  66 0024 010180D0 		addle	r0, r0, r1, lsl #2
  67 0028 040090D5 		ldrle	r0, [r0, #4]
  68 002c 010193C7 		ldrgt	r0, [r3, r1, lsl #2]
  69 0030 1EFF2FE1 		bx	lr
  70              		.fnend
  72              		.section	.text._ZN6tflite14GetTensorShapeEPK12TfLiteTensor,"axG",%progbits,_ZN6tflite14GetTensorSh
  73              		.align	2
  74              		.weak	_ZN6tflite14GetTensorShapeEPK12TfLiteTensor
  75              		.syntax unified
  76              		.arm
  77              		.fpu neon
  79              	_ZN6tflite14GetTensorShapeEPK12TfLiteTensor:
  80              		.fnstart
  81              	.LFB1131:
  82              		@ args = 0, pretend = 0, frame = 0
  83              		@ frame_needed = 0, uses_anonymous_args = 0
  84 0000 000051E3 		cmp	r1, #0
  85 0004 70402DE9 		push	{r4, r5, r6, lr}
  86              		.save {r4, r5, r6, lr}
  87 0008 0040A0E1 		mov	r4, r0
  88 000c 00108005 		streq	r1, [r0]
  89 0010 1100000A 		beq	.L14
  90 0014 085091E5 		ldr	r5, [r1, #8]
  91 0018 003095E5 		ldr	r3, [r5]
  92 001c 040053E3 		cmp	r3, #4
  93 0020 003080E5 		str	r3, [r0]
  94 0024 0361A0E1 		lsl	r6, r3, #2
  95 0028 040000DA 		ble	.L17
  96 002c 2E0273E3 		cmn	r3, #-536870910
  97 0030 0B0000CA 		bgt	.L18
  98 0034 0600A0E1 		mov	r0, r6
  99 0038 FEFFFFEB 		bl	_Znaj
 100 003c 040084E5 		str	r0, [r4, #4]
 101              	.L17:
 102 0040 003094E5 		ldr	r3, [r4]
 103 0044 0620A0E1 		mov	r2, r6
 104 0048 041085E2 		add	r1, r5, #4
 105 004c 040053E3 		cmp	r3, #4
 106 0050 040094C5 		ldrgt	r0, [r4, #4]
 107 0054 040084D2 		addle	r0, r4, #4
 108 0058 FEFFFFEB 		bl	memcpy
 109              	.L14:
 110 005c 0400A0E1 		mov	r0, r4
 111 0060 7080BDE8 		pop	{r4, r5, r6, pc}
 112              	.L18:
 113 0064 FEFFFFEB 		bl	__cxa_throw_bad_array_new_length
 114              		.fnend
 116              		.section	.text._ZN6tflite3ops5micro5floor4EvalEP13TfLiteContextP10TfLiteNode,"ax",%progbits
 117              		.align	2
 118              		.global	_ZN6tflite3ops5micro5floor4EvalEP13TfLiteContextP10TfLiteNode
 119              		.syntax unified
 120              		.arm
 121              		.fpu neon
 123              	_ZN6tflite3ops5micro5floor4EvalEP13TfLiteContextP10TfLiteNode:
 124              		.fnstart
 125              	.LFB4036:
 126              		@ args = 0, pretend = 0, frame = 40
 127              		@ frame_needed = 0, uses_anonymous_args = 0
 128 0000 002091E5 		ldr	r2, [r1]
 129 0004 F0412DE9 		push	{r4, r5, r6, r7, r8, lr}
 130              		.save {r4, r5, r6, r7, r8, lr}
 131              		.pad #56
 132 0008 38D04DE2 		sub	sp, sp, #56
 133 000c 084090E5 		ldr	r4, [r0, #8]
 134 0010 042092E5 		ldr	r2, [r2, #4]
 135 0014 025384E0 		add	r5, r4, r2, lsl #6
 136 0018 0223D4E7 		ldrb	r2, [r4, r2, lsl #6]	@ zero_extendqisi2
 137 001c 010052E3 		cmp	r2, #1
 138 0020 0E00000A 		beq	.L23
 139 0024 08208DE5 		str	r2, [sp, #8]
 140 0028 0140A0E3 		mov	r4, #1
 141 002c 2C219FE5 		ldr	r2, .L45
 142 0030 1F30A0E3 		mov	r3, #31
 143 0034 0C408DE5 		str	r4, [sp, #12]
 144 0038 24119FE5 		ldr	r1, .L45+4
 145 003c 04208DE5 		str	r2, [sp, #4]
 146 0040 20219FE5 		ldr	r2, .L45+8
 147 0044 00208DE5 		str	r2, [sp]
 148 0048 1C219FE5 		ldr	r2, .L45+12
 149 004c 145090E5 		ldr	r5, [r0, #20]
 150              	.LEHB0:
 151 0050 35FF2FE1 		blx	r5
 152 0054 0400A0E1 		mov	r0, r4
 153              	.L42:
 154 0058 38D08DE2 		add	sp, sp, #56
 155              		@ sp needed
 156 005c F081BDE8 		pop	{r4, r5, r6, r7, r8, pc}
 157              	.L23:
 158 0060 043091E5 		ldr	r3, [r1, #4]
 159 0064 10008DE2 		add	r0, sp, #16
 160 0068 0510A0E1 		mov	r1, r5
 161 006c 043093E5 		ldr	r3, [r3, #4]
 162 0070 034384E0 		add	r4, r4, r3, lsl #6
 163 0074 FEFFFFEB 		bl	_ZN6tflite14GetTensorShapeEPK12TfLiteTensor
 164              	.LEHE0:
 165 0078 0410A0E1 		mov	r1, r4
 166 007c 24008DE2 		add	r0, sp, #36
 167 0080 046095E5 		ldr	r6, [r5, #4]
 168              	.LEHB1:
 169 0084 FEFFFFEB 		bl	_ZN6tflite14GetTensorShapeEPK12TfLiteTensor
 170              	.LEHE1:
 171 0088 10709DE5 		ldr	r7, [sp, #16]
 172 008c 000054E3 		cmp	r4, #0
 173 0090 24309DE5 		ldr	r3, [sp, #36]
 174 0094 04409415 		ldrne	r4, [r4, #4]
 175 0098 030057E1 		cmp	r7, r3
 176 009c 0050A003 		moveq	r5, #0
 177 00a0 0D00000A 		beq	.L27
 178              	.LEHB2:
 179 00a4 FEFFFFEB 		bl	abort
 180              	.LEHE2:
 181              	.L40:
 182 00a8 24008DE2 		add	r0, sp, #36
 183 00ac FEFFFFEB 		bl	_ZN6tflite12RuntimeShapeD1Ev
 184              	.L36:
 185 00b0 10008DE2 		add	r0, sp, #16
 186 00b4 FEFFFFEB 		bl	_ZN6tflite12RuntimeShapeD1Ev
 187              	.LEHB3:
 188 00b8 FEFFFFEB 		bl	__cxa_end_cleanup
 189              	.LEHE3:
 190              	.L44:
 191 00bc 0080A0E1 		mov	r8, r0
 192 00c0 0510A0E1 		mov	r1, r5
 193 00c4 24008DE2 		add	r0, sp, #36
 194              	.LEHB4:
 195 00c8 FEFFFFEB 		bl	_ZNK6tflite12RuntimeShape4DimsEi
 196 00cc 000058E1 		cmp	r8, r0
 197 00d0 0000000A 		beq	.L29
 198 00d4 FEFFFFEB 		bl	abort
 199              	.L29:
 200 00d8 015085E2 		add	r5, r5, #1
 201              	.L27:
 202 00dc 050057E1 		cmp	r7, r5
 203 00e0 030000DA 		ble	.L28
 204 00e4 0510A0E1 		mov	r1, r5
 205 00e8 10008DE2 		add	r0, sp, #16
 206 00ec FEFFFFEB 		bl	_ZNK6tflite12RuntimeShape4DimsEi
 207              	.LEHE4:
 208 00f0 F1FFFFEA 		b	.L44
 209              	.L28:
 210 00f4 10109DE5 		ldr	r1, [sp, #16]
 211 00f8 0030A0E3 		mov	r3, #0
 212 00fc 0170A0E3 		mov	r7, #1
 213 0100 040051E3 		cmp	r1, #4
 214 0104 14209DC5 		ldrgt	r2, [sp, #20]
 215 0108 14208DD2 		addle	r2, sp, #20
 216              	.L32:
 217 010c 030051E1 		cmp	r1, r3
 218 0110 030192C7 		ldrgt	r0, [r2, r3, lsl #2]
 219 0114 013083C2 		addgt	r3, r3, #1
 220 0118 900707C0 		mulgt	r7, r0, r7
 221 011c FAFFFFCA 		bgt	.L32
 222              	.L31:
 223 0120 0650A0E1 		mov	r5, r6
 224 0124 0060A0E3 		mov	r6, #0
 225              	.L34:
 226 0128 070056E1 		cmp	r6, r7
 227 012c 040000AA 		bge	.L33
 228 0130 010AB5EC 		vldmia.32	r5!, {s0}
 229 0134 016086E2 		add	r6, r6, #1
 230 0138 FEFFFFEB 		bl	floorf
 231 013c 010AA4EC 		vstmia.32	r4!, {s0}
 232 0140 F8FFFFEA 		b	.L34
 233              	.L33:
 234 0144 24008DE2 		add	r0, sp, #36
 235 0148 FEFFFFEB 		bl	_ZN6tflite12RuntimeShapeD1Ev
 236 014c 10008DE2 		add	r0, sp, #16
 237 0150 FEFFFFEB 		bl	_ZN6tflite12RuntimeShapeD1Ev
 238 0154 0000A0E3 		mov	r0, #0
 239 0158 BEFFFFEA 		b	.L42
 240              	.L39:
 241 015c D3FFFFEA 		b	.L36
 242              	.L46:
 243              		.align	2
 244              	.L45:
 245 0160 5D000000 		.word	.LC2
 246 0164 43000000 		.word	.LC1
 247 0168 6C000000 		.word	.LC3
 248 016c 00000000 		.word	.LC0
 249              		.global	__gxx_personality_v0
 250              		.personality	__gxx_personality_v0
 251              		.handlerdata
 252              	.LLSDA4036:
 253 0008 FF       		.byte	0xff
 254 0009 FF       		.byte	0xff
 255 000a 01       		.byte	0x1
 256 000b 1B       		.uleb128 .LLSDACSE4036-.LLSDACSB4036
 257              	.LLSDACSB4036:
 258 000c 50       		.uleb128 .LEHB0-.LFB4036
 259 000d 28       		.uleb128 .LEHE0-.LEHB0
 260 000e 00       		.uleb128 0
 261 000f 00       		.uleb128 0
 262 0010 8401     		.uleb128 .LEHB1-.LFB4036
 263 0012 04       		.uleb128 .LEHE1-.LEHB1
 264 0013 DC02     		.uleb128 .L39-.LFB4036
 265 0015 00       		.uleb128 0
 266 0016 A401     		.uleb128 .LEHB2-.LFB4036
 267 0018 04       		.uleb128 .LEHE2-.LEHB2
 268 0019 A801     		.uleb128 .L40-.LFB4036
 269 001b 00       		.uleb128 0
 270 001c B801     		.uleb128 .LEHB3-.LFB4036
 271 001e 04       		.uleb128 .LEHE3-.LEHB3
 272 001f 00       		.uleb128 0
 273 0020 00       		.uleb128 0
 274 0021 C801     		.uleb128 .LEHB4-.LFB4036
 275 0023 28       		.uleb128 .LEHE4-.LEHB4
 276 0024 A801     		.uleb128 .L40-.LFB4036
 277 0026 00       		.uleb128 0
 278              	.LLSDACSE4036:
 279              		.section	.text._ZN6tflite3ops5micro5floor4EvalEP13TfLiteContextP10TfLiteNode
 280              		.fnend
 282              		.section	.text._ZN6tflite3ops5micro14Register_FLOOREv,"ax",%progbits
 283              		.align	2
 284              		.global	_ZN6tflite3ops5micro14Register_FLOOREv
 285              		.syntax unified
 286              		.arm
 287              		.fpu neon
 289              	_ZN6tflite3ops5micro14Register_FLOOREv:
 290              		.fnstart
 291              	.LFB4037:
 292              		@ args = 0, pretend = 0, frame = 0
 293              		@ frame_needed = 0, uses_anonymous_args = 0
 294              		@ link register save eliminated.
 295 0000 08009FE5 		ldr	r0, .L48
 296 0004 08309FE5 		ldr	r3, .L48+4
 297 0008 0C3080E5 		str	r3, [r0, #12]
 298 000c 1EFF2FE1 		bx	lr
 299              	.L49:
 300              		.align	2
 301              	.L48:
 302 0010 00000000 		.word	.LANCHOR0
 303 0014 00000000 		.word	_ZN6tflite3ops5micro5floor4EvalEP13TfLiteContextP10TfLiteNode
 304              		.cantunwind
 305              		.fnend
 307              		.weak	_ZN11flatbuffers25flatbuffer_version_stringE
 308              		.section	.bss._ZZN6tflite3ops5micro14Register_FLOOREvE1r,"aw",%nobits
 309              		.align	2
 310              		.set	.LANCHOR0,. + 0
 313              	_ZZN6tflite3ops5micro14Register_FLOOREvE1r:
 314 0000 00000000 		.space	32
 314      00000000 
 314      00000000 
 314      00000000 
 314      00000000 
 315              		.section	.data._ZN11flatbuffers25flatbuffer_version_stringE,"aw",%progbits
 316              		.align	2
 319              	_ZN11flatbuffers25flatbuffer_version_stringE:
 320 0000 00000000 		.word	.LC4
 321              		.section	.rodata._ZN6tflite3ops5micro5floor4EvalEP13TfLiteContextP10TfLiteNode.str1.1,"aMS",%progb
 322              	.LC0:
 323 0000 2E2E2F73 		.ascii	"../src/tensorflow_lite/src/tensorflow/lite/micro/ke"
 323      72632F74 
 323      656E736F 
 323      72666C6F 
 323      775F6C69 
 324 0033 726E656C 		.ascii	"rnels/floor.cpp\000"
 324      732F666C 
 324      6F6F722E 
 324      63707000 
 325              	.LC1:
 326 0043 25733A25 		.ascii	"%s:%d %s != %s (%d != %d)\000"
 326      64202573 
 326      20213D20 
 326      25732028 
 326      25642021 
 327              	.LC2:
 328 005d 6B54664C 		.ascii	"kTfLiteFloat32\000"
 328      69746546 
 328      6C6F6174 
 328      333200
 329              	.LC3:
 330 006c 696E7075 		.ascii	"input->type\000"
 330      742D3E74 
 330      79706500 
 331              		.section	.rodata.str1.1,"aMS",%progbits,1
 332              	.LC4:
 333 0000 466C6174 		.ascii	"FlatBuffers 1.11.0\000"
 333      42756666 
 333      65727320 
 333      312E3131 
 333      2E3000
 334              		.ident	"GCC: (GNU Tools for ARM Embedded Processors 6-2017-q2-update) 6.3.1 20170620 (release) [AR
DEFINED SYMBOLS
                            *ABS*:00000000 floor.cpp
C:\Users\a5050395\AppData\Local\Temp\ccngPk5Q.s:14     .text._ZN6tflite12RuntimeShapeD2Ev:00000000 $a
C:\Users\a5050395\AppData\Local\Temp\ccngPk5Q.s:20     .text._ZN6tflite12RuntimeShapeD2Ev:00000000 _ZN6tflite12RuntimeShapeD2Ev
.ARM.exidx.text._ZN6tflite12RuntimeShapeD2Ev:00000000 $d
C:\Users\a5050395\AppData\Local\Temp\ccngPk5Q.s:20     .text._ZN6tflite12RuntimeShapeD2Ev:00000000 _ZN6tflite12RuntimeShapeD1Ev
C:\Users\a5050395\AppData\Local\Temp\ccngPk5Q.s:43     .text._ZNK6tflite12RuntimeShape4DimsEi:00000000 $a
C:\Users\a5050395\AppData\Local\Temp\ccngPk5Q.s:49     .text._ZNK6tflite12RuntimeShape4DimsEi:00000000 _ZNK6tflite12RuntimeShape4DimsEi
.ARM.exidx.text._ZNK6tflite12RuntimeShape4DimsEi:00000000 $d
C:\Users\a5050395\AppData\Local\Temp\ccngPk5Q.s:73     .text._ZN6tflite14GetTensorShapeEPK12TfLiteTensor:00000000 $a
C:\Users\a5050395\AppData\Local\Temp\ccngPk5Q.s:79     .text._ZN6tflite14GetTensorShapeEPK12TfLiteTensor:00000000 _ZN6tflite14GetTensorShapeEPK12TfLiteTensor
.ARM.exidx.text._ZN6tflite14GetTensorShapeEPK12TfLiteTensor:00000000 $d
C:\Users\a5050395\AppData\Local\Temp\ccngPk5Q.s:117    .text._ZN6tflite3ops5micro5floor4EvalEP13TfLiteContextP10TfLiteNode:00000000 $a
C:\Users\a5050395\AppData\Local\Temp\ccngPk5Q.s:123    .text._ZN6tflite3ops5micro5floor4EvalEP13TfLiteContextP10TfLiteNode:00000000 _ZN6tflite3ops5micro5floor4EvalEP13TfLiteContextP10TfLiteNode
C:\Users\a5050395\AppData\Local\Temp\ccngPk5Q.s:245    .text._ZN6tflite3ops5micro5floor4EvalEP13TfLiteContextP10TfLiteNode:00000160 $d
.ARM.extab.text._ZN6tflite3ops5micro5floor4EvalEP13TfLiteContextP10TfLiteNode:00000000 $d
.ARM.exidx.text._ZN6tflite3ops5micro5floor4EvalEP13TfLiteContextP10TfLiteNode:00000000 $d
C:\Users\a5050395\AppData\Local\Temp\ccngPk5Q.s:283    .text._ZN6tflite3ops5micro14Register_FLOOREv:00000000 $a
C:\Users\a5050395\AppData\Local\Temp\ccngPk5Q.s:289    .text._ZN6tflite3ops5micro14Register_FLOOREv:00000000 _ZN6tflite3ops5micro14Register_FLOOREv
C:\Users\a5050395\AppData\Local\Temp\ccngPk5Q.s:302    .text._ZN6tflite3ops5micro14Register_FLOOREv:00000010 $d
.ARM.exidx.text._ZN6tflite3ops5micro14Register_FLOOREv:00000000 $d
C:\Users\a5050395\AppData\Local\Temp\ccngPk5Q.s:319    .data._ZN11flatbuffers25flatbuffer_version_stringE:00000000 _ZN11flatbuffers25flatbuffer_version_stringE
C:\Users\a5050395\AppData\Local\Temp\ccngPk5Q.s:309    .bss._ZZN6tflite3ops5micro14Register_FLOOREvE1r:00000000 $d
C:\Users\a5050395\AppData\Local\Temp\ccngPk5Q.s:313    .bss._ZZN6tflite3ops5micro14Register_FLOOREvE1r:00000000 _ZZN6tflite3ops5micro14Register_FLOOREvE1r
C:\Users\a5050395\AppData\Local\Temp\ccngPk5Q.s:316    .data._ZN11flatbuffers25flatbuffer_version_stringE:00000000 $d
                           .group:00000000 _ZN6tflite12RuntimeShapeD5Ev

UNDEFINED SYMBOLS
_ZdaPv
abort
__aeabi_unwind_cpp_pr0
_Znaj
memcpy
__cxa_throw_bad_array_new_length
__cxa_end_cleanup
floorf
__gxx_personality_v0
