   1              		.cpu cortex-a9
   2              		.eabi_attribute 28, 1
   3              		.eabi_attribute 20, 1
   4              		.eabi_attribute 21, 1
   5              		.eabi_attribute 23, 3
   6              		.eabi_attribute 24, 1
   7              		.eabi_attribute 25, 1
   8              		.eabi_attribute 26, 1
   9              		.eabi_attribute 30, 4
  10              		.eabi_attribute 34, 0
  11              		.eabi_attribute 18, 4
  12              		.file	"pack.cpp"
  13              		.section	.text._ZN6tflite3ops5micro4pack12_GLOBAL__N_17PrepareEP13TfLiteContextP10TfLiteNode,"ax",
  14              		.align	2
  15              		.syntax unified
  16              		.arm
  17              		.fpu neon
  19              	_ZN6tflite3ops5micro4pack12_GLOBAL__N_17PrepareEP13TfLiteContextP10TfLiteNode:
  20              		.fnstart
  21              	.LFB3816:
  22              		@ args = 0, pretend = 0, frame = 0
  23              		@ frame_needed = 0, uses_anonymous_args = 0
  24              		@ link register save eliminated.
  25 0000 0000A0E3 		mov	r0, #0
  26 0004 1EFF2FE1 		bx	lr
  27              		.cantunwind
  28              		.fnend
  30              		.section	.text._ZN6tflite3ops5micro4pack12_GLOBAL__N_14EvalEP13TfLiteContextP10TfLiteNode,"ax",%pr
  31              		.align	2
  32              		.syntax unified
  33              		.arm
  34              		.fpu neon
  36              	_ZN6tflite3ops5micro4pack12_GLOBAL__N_14EvalEP13TfLiteContextP10TfLiteNode:
  37              		.fnstart
  38              	.LFB3818:
  39              		@ args = 0, pretend = 0, frame = 8
  40              		@ frame_needed = 0, uses_anonymous_args = 0
  41 0000 F74F2DE9 		push	{r0, r1, r2, r4, r5, r6, r7, r8, r9, r10, fp, lr}
  42              		.save {r4, r5, r6, r7, r8, r9, r10, fp, lr}
  43              		.pad #12
  44 0004 0040A0E1 		mov	r4, r0
  45 0008 083090E5 		ldr	r3, [r0, #8]
  46 000c 040091E5 		ldr	r0, [r1, #4]
  47 0010 142091E5 		ldr	r2, [r1, #20]
  48 0014 040090E5 		ldr	r0, [r0, #4]
  49 0018 00E383E0 		add	lr, r3, r0, lsl #6
  50 001c 0003D3E7 		ldrb	r0, [r3, r0, lsl #6]	@ zero_extendqisi2
  51 0020 01C040E2 		sub	ip, r0, #1
  52 0024 08005CE3 		cmp	ip, #8
  53 0028 0CF19F97 		ldrls	pc, [pc, ip, asl #2]
  54 002c 690100EA 		b	.L3
  55              	.L5:
  56 0030 54000000 		.word	.L4
  57 0034 B8030000 		.word	.L6
  58 0038 80010000 		.word	.L7
  59 003c C0040000 		.word	.L8
  60 0040 D8050000 		.word	.L3
  61 0044 D8050000 		.word	.L3
  62 0048 D8050000 		.word	.L3
  63 004c D8050000 		.word	.L3
  64 0050 9C020000 		.word	.L9
  65              	.L4:
  66 0054 000091E5 		ldr	r0, [r1]
  67 0058 01C0A0E3 		mov	ip, #1
  68 005c 08509EE5 		ldr	r5, [lr, #8]
  69 0060 008092E5 		ldr	r8, [r2]
  70 0064 041090E5 		ldr	r1, [r0, #4]
  71 0068 042092E5 		ldr	r2, [r2, #4]
  72 006c 047085E2 		add	r7, r5, #4
  73 0070 006095E5 		ldr	r6, [r5]
  74 0074 011383E0 		add	r1, r3, r1, lsl #6
  75 0078 000052E3 		cmp	r2, #0
  76 007c 062082B0 		addlt	r2, r2, r6
  77 0080 084091E5 		ldr	r4, [r1, #8]
  78 0084 0010A0E3 		mov	r1, #0
  79              	.L12:
  80 0088 010052E1 		cmp	r2, r1
  81 008c 049097C4 		ldrgt	r9, [r7], #4
  82 0090 011081C2 		addgt	r1, r1, #1
  83 0094 990C0CC0 		mulgt	ip, r9, ip
  84 0098 FAFFFFCA 		bgt	.L12
  85              	.L11:
  86 009c 012082E2 		add	r2, r2, #1
  87 00a0 0110A0E3 		mov	r1, #1
  88              	.L14:
  89 00a4 020056E1 		cmp	r6, r2
  90 00a8 017082E2 		add	r7, r2, #1
  91 00ac 072195C7 		ldrgt	r2, [r5, r7, lsl #2]
  92 00b0 920101C0 		mulgt	r1, r2, r1
  93 00b4 0720A0C1 		movgt	r2, r7
  94 00b8 F9FFFFCA 		bgt	.L14
  95              	.L13:
  96 00bc 0420A0E1 		mov	r2, r4
  97 00c0 0050A0E3 		mov	r5, #0
  98 00c4 047092E4 		ldr	r7, [r2], #4
  99 00c8 0140A0E3 		mov	r4, #1
 100              	.L16:
 101 00cc 050057E1 		cmp	r7, r5
 102 00d0 046092C4 		ldrgt	r6, [r2], #4
 103 00d4 015085C2 		addgt	r5, r5, #1
 104 00d8 960404C0 		mulgt	r4, r6, r4
 105 00dc FAFFFFCA 		bgt	.L16
 106              	.L15:
 107 00e0 910C02E0 		mul	r2, r1, ip
 108 00e4 020054E1 		cmp	r4, r2
 109 00e8 0000000A 		beq	.L17
 110              	.L33:
 111 00ec FEFFFFEB 		bl	abort
 112              	.L17:
 113 00f0 910802E0 		mul	r2, r1, r8
 114 00f4 04E09EE5 		ldr	lr, [lr, #4]
 115 00f8 01B1A0E1 		lsl	fp, r1, #2
 116 00fc 040080E2 		add	r0, r0, #4
 117 0100 0040A0E3 		mov	r4, #0
 118 0104 0221A0E1 		lsl	r2, r2, #2
 119 0108 04208DE5 		str	r2, [sp, #4]
 120              	.L25:
 121 010c 040058E1 		cmp	r8, r4
 122 0110 020000CA 		bgt	.L18
 123              	.L34:
 124 0114 0000A0E3 		mov	r0, #0
 125              	.L19:
 126 0118 0CD08DE2 		add	sp, sp, #12
 127              		@ sp needed
 128 011c F08FBDE8 		pop	{r4, r5, r6, r7, r8, r9, r10, fp, pc}
 129              	.L18:
 130 0120 042090E4 		ldr	r2, [r0], #4
 131 0124 0E50A0E1 		mov	r5, lr
 132 0128 0060A0E3 		mov	r6, #0
 133 012c 022393E0 		adds	r2, r3, r2, lsl #6
 134 0130 04209215 		ldrne	r2, [r2, #4]
 135              	.L24:
 136 0134 06005CE1 		cmp	ip, r6
 137 0138 0D0000DA 		ble	.L21
 138 013c 0590A0E1 		mov	r9, r5
 139 0140 02A0A0E1 		mov	r10, r2
 140 0144 0070A0E3 		mov	r7, #0
 141              	.L23:
 142 0148 070051E1 		cmp	r1, r7
 143 014c 017AFACC 		vldmiagt.32	r10!, {s15}
 144 0150 017087C2 		addgt	r7, r7, #1
 145 0154 007ACDCD 		vstrgt.32	s15, [sp]
 146 0158 017AE9CC 		vstmiagt.32	r9!, {s15}
 147 015c F9FFFFCA 		bgt	.L23
 148              	.L22:
 149 0160 04709DE5 		ldr	r7, [sp, #4]
 150 0164 016086E2 		add	r6, r6, #1
 151 0168 0B2082E0 		add	r2, r2, fp
 152 016c 075085E0 		add	r5, r5, r7
 153 0170 EFFFFFEA 		b	.L24
 154              	.L21:
 155 0174 014084E2 		add	r4, r4, #1
 156 0178 0BE08EE0 		add	lr, lr, fp
 157 017c E2FFFFEA 		b	.L25
 158              	.L7:
 159 0180 000091E5 		ldr	r0, [r1]
 160 0184 01C0A0E3 		mov	ip, #1
 161 0188 08509EE5 		ldr	r5, [lr, #8]
 162 018c 009092E5 		ldr	r9, [r2]
 163 0190 040090E5 		ldr	r0, [r0, #4]
 164 0194 042092E5 		ldr	r2, [r2, #4]
 165 0198 047085E2 		add	r7, r5, #4
 166 019c 006095E5 		ldr	r6, [r5]
 167 01a0 003383E0 		add	r3, r3, r0, lsl #6
 168 01a4 000052E3 		cmp	r2, #0
 169 01a8 062082B0 		addlt	r2, r2, r6
 170 01ac 080093E5 		ldr	r0, [r3, #8]
 171 01b0 0030A0E3 		mov	r3, #0
 172              	.L28:
 173 01b4 030052E1 		cmp	r2, r3
 174 01b8 048097C4 		ldrgt	r8, [r7], #4
 175 01bc 013083C2 		addgt	r3, r3, #1
 176 01c0 980C0CC0 		mulgt	ip, r8, ip
 177 01c4 FAFFFFCA 		bgt	.L28
 178              	.L27:
 179 01c8 013082E2 		add	r3, r2, #1
 180 01cc 0120A0E3 		mov	r2, #1
 181              	.L30:
 182 01d0 030056E1 		cmp	r6, r3
 183 01d4 017083E2 		add	r7, r3, #1
 184 01d8 073195C7 		ldrgt	r3, [r5, r7, lsl #2]
 185 01dc 930202C0 		mulgt	r2, r3, r2
 186 01e0 0730A0C1 		movgt	r3, r7
 187 01e4 F9FFFFCA 		bgt	.L30
 188              	.L29:
 189 01e8 0030A0E1 		mov	r3, r0
 190 01ec 0050A0E3 		mov	r5, #0
 191 01f0 047093E4 		ldr	r7, [r3], #4
 192 01f4 0100A0E3 		mov	r0, #1
 193              	.L32:
 194 01f8 050057E1 		cmp	r7, r5
 195 01fc 046093C4 		ldrgt	r6, [r3], #4
 196 0200 015085C2 		addgt	r5, r5, #1
 197 0204 960000C0 		mulgt	r0, r6, r0
 198 0208 FAFFFFCA 		bgt	.L32
 199              	.L31:
 200 020c 920C03E0 		mul	r3, r2, ip
 201 0210 030050E1 		cmp	r0, r3
 202 0214 B4FFFF1A 		bne	.L33
 203 0218 920903E0 		mul	r3, r2, r9
 204 021c 04E09EE5 		ldr	lr, [lr, #4]
 205 0220 0000A0E3 		mov	r0, #0
 206 0224 00308DE5 		str	r3, [sp]
 207              	.L40:
 208 0228 000059E1 		cmp	r9, r0
 209 022c B8FFFFDA 		ble	.L34
 210 0230 003091E5 		ldr	r3, [r1]
 211 0234 0E60A0E1 		mov	r6, lr
 212 0238 0070A0E3 		mov	r7, #0
 213 023c 003183E0 		add	r3, r3, r0, lsl #2
 214 0240 045093E5 		ldr	r5, [r3, #4]
 215 0244 083094E5 		ldr	r3, [r4, #8]
 216 0248 053393E0 		adds	r3, r3, r5, lsl #6
 217 024c 04309315 		ldrne	r3, [r3, #4]
 218 0250 005063E2 		rsb	r5, r3, #0
 219              	.L39:
 220 0254 07005CE1 		cmp	ip, r7
 221 0258 0C0000DA 		ble	.L36
 222 025c 06A0A0E1 		mov	r10, r6
 223 0260 0380A0E1 		mov	r8, r3
 224              	.L38:
 225 0264 05B088E0 		add	fp, r8, r5
 226 0268 0B0052E1 		cmp	r2, fp
 227 026c 01B0D8C4 		ldrbgt	fp, [r8], #1	@ zero_extendqisi2
 228 0270 01B0CAC4 		strbgt	fp, [r10], #1
 229 0274 FAFFFFCA 		bgt	.L38
 230              	.L37:
 231 0278 00809DE5 		ldr	r8, [sp]
 232 027c 017087E2 		add	r7, r7, #1
 233 0280 023083E0 		add	r3, r3, r2
 234 0284 025045E0 		sub	r5, r5, r2
 235 0288 086086E0 		add	r6, r6, r8
 236 028c F0FFFFEA 		b	.L39
 237              	.L36:
 238 0290 010080E2 		add	r0, r0, #1
 239 0294 02E08EE0 		add	lr, lr, r2
 240 0298 E2FFFFEA 		b	.L40
 241              	.L9:
 242 029c 000091E5 		ldr	r0, [r1]
 243 02a0 01C0A0E3 		mov	ip, #1
 244 02a4 08509EE5 		ldr	r5, [lr, #8]
 245 02a8 009092E5 		ldr	r9, [r2]
 246 02ac 040090E5 		ldr	r0, [r0, #4]
 247 02b0 042092E5 		ldr	r2, [r2, #4]
 248 02b4 047085E2 		add	r7, r5, #4
 249 02b8 006095E5 		ldr	r6, [r5]
 250 02bc 003383E0 		add	r3, r3, r0, lsl #6
 251 02c0 000052E3 		cmp	r2, #0
 252 02c4 062082B0 		addlt	r2, r2, r6
 253 02c8 080093E5 		ldr	r0, [r3, #8]
 254 02cc 0030A0E3 		mov	r3, #0
 255              	.L43:
 256 02d0 030052E1 		cmp	r2, r3
 257 02d4 048097C4 		ldrgt	r8, [r7], #4
 258 02d8 013083C2 		addgt	r3, r3, #1
 259 02dc 980C0CC0 		mulgt	ip, r8, ip
 260 02e0 FAFFFFCA 		bgt	.L43
 261              	.L42:
 262 02e4 013082E2 		add	r3, r2, #1
 263 02e8 0120A0E3 		mov	r2, #1
 264              	.L45:
 265 02ec 030056E1 		cmp	r6, r3
 266 02f0 017083E2 		add	r7, r3, #1
 267 02f4 073195C7 		ldrgt	r3, [r5, r7, lsl #2]
 268 02f8 930202C0 		mulgt	r2, r3, r2
 269 02fc 0730A0C1 		movgt	r3, r7
 270 0300 F9FFFFCA 		bgt	.L45
 271              	.L44:
 272 0304 0030A0E1 		mov	r3, r0
 273 0308 0050A0E3 		mov	r5, #0
 274 030c 047093E4 		ldr	r7, [r3], #4
 275 0310 0100A0E3 		mov	r0, #1
 276              	.L47:
 277 0314 050057E1 		cmp	r7, r5
 278 0318 046093C4 		ldrgt	r6, [r3], #4
 279 031c 015085C2 		addgt	r5, r5, #1
 280 0320 960000C0 		mulgt	r0, r6, r0
 281 0324 FAFFFFCA 		bgt	.L47
 282              	.L46:
 283 0328 920C03E0 		mul	r3, r2, ip
 284 032c 030050E1 		cmp	r0, r3
 285 0330 6DFFFF1A 		bne	.L33
 286 0334 920903E0 		mul	r3, r2, r9
 287 0338 04E09EE5 		ldr	lr, [lr, #4]
 288 033c 0000A0E3 		mov	r0, #0
 289 0340 00308DE5 		str	r3, [sp]
 290              	.L53:
 291 0344 000059E1 		cmp	r9, r0
 292 0348 71FFFFDA 		ble	.L34
 293 034c 003091E5 		ldr	r3, [r1]
 294 0350 0E60A0E1 		mov	r6, lr
 295 0354 0070A0E3 		mov	r7, #0
 296 0358 003183E0 		add	r3, r3, r0, lsl #2
 297 035c 045093E5 		ldr	r5, [r3, #4]
 298 0360 083094E5 		ldr	r3, [r4, #8]
 299 0364 053393E0 		adds	r3, r3, r5, lsl #6
 300 0368 04309315 		ldrne	r3, [r3, #4]
 301 036c 005063E2 		rsb	r5, r3, #0
 302              	.L52:
 303 0370 07005CE1 		cmp	ip, r7
 304 0374 0C0000DA 		ble	.L49
 305 0378 06A0A0E1 		mov	r10, r6
 306 037c 0380A0E1 		mov	r8, r3
 307              	.L51:
 308 0380 05B088E0 		add	fp, r8, r5
 309 0384 0B0052E1 		cmp	r2, fp
 310 0388 D1B0D8C0 		ldrsbgt	fp, [r8], #1
 311 038c 01B0CAC4 		strbgt	fp, [r10], #1
 312 0390 FAFFFFCA 		bgt	.L51
 313              	.L50:
 314 0394 00809DE5 		ldr	r8, [sp]
 315 0398 017087E2 		add	r7, r7, #1
 316 039c 023083E0 		add	r3, r3, r2
 317 03a0 025045E0 		sub	r5, r5, r2
 318 03a4 086086E0 		add	r6, r6, r8
 319 03a8 F0FFFFEA 		b	.L52
 320              	.L49:
 321 03ac 010080E2 		add	r0, r0, #1
 322 03b0 02E08EE0 		add	lr, lr, r2
 323 03b4 E2FFFFEA 		b	.L53
 324              	.L6:
 325 03b8 008091E5 		ldr	r8, [r1]
 326 03bc 0140A0E3 		mov	r4, #1
 327 03c0 08509EE5 		ldr	r5, [lr, #8]
 328 03c4 00C092E5 		ldr	ip, [r2]
 329 03c8 041098E5 		ldr	r1, [r8, #4]
 330 03cc 042092E5 		ldr	r2, [r2, #4]
 331 03d0 047085E2 		add	r7, r5, #4
 332 03d4 006095E5 		ldr	r6, [r5]
 333 03d8 011383E0 		add	r1, r3, r1, lsl #6
 334 03dc 000052E3 		cmp	r2, #0
 335 03e0 062082B0 		addlt	r2, r2, r6
 336 03e4 080091E5 		ldr	r0, [r1, #8]
 337 03e8 0010A0E3 		mov	r1, #0
 338              	.L56:
 339 03ec 010052E1 		cmp	r2, r1
 340 03f0 049097C4 		ldrgt	r9, [r7], #4
 341 03f4 011081C2 		addgt	r1, r1, #1
 342 03f8 990404C0 		mulgt	r4, r9, r4
 343 03fc FAFFFFCA 		bgt	.L56
 344              	.L55:
 345 0400 012082E2 		add	r2, r2, #1
 346 0404 0110A0E3 		mov	r1, #1
 347              	.L58:
 348 0408 020056E1 		cmp	r6, r2
 349 040c 017082E2 		add	r7, r2, #1
 350 0410 072195C7 		ldrgt	r2, [r5, r7, lsl #2]
 351 0414 920101C0 		mulgt	r1, r2, r1
 352 0418 0720A0C1 		movgt	r2, r7
 353 041c F9FFFFCA 		bgt	.L58
 354              	.L57:
 355 0420 0020A0E1 		mov	r2, r0
 356 0424 0150A0E3 		mov	r5, #1
 357 0428 047092E4 		ldr	r7, [r2], #4
 358 042c 0060A0E3 		mov	r6, #0
 359              	.L60:
 360 0430 060057E1 		cmp	r7, r6
 361 0434 040092C4 		ldrgt	r0, [r2], #4
 362 0438 016086C2 		addgt	r6, r6, #1
 363 043c 900505C0 		mulgt	r5, r0, r5
 364 0440 FAFFFFCA 		bgt	.L60
 365              	.L59:
 366 0444 910402E0 		mul	r2, r1, r4
 367 0448 020055E1 		cmp	r5, r2
 368 044c 26FFFF1A 		bne	.L33
 369 0450 040088E2 		add	r0, r8, #4
 370 0454 910C08E0 		mul	r8, r1, ip
 371 0458 04509EE5 		ldr	r5, [lr, #4]
 372 045c 0171A0E1 		lsl	r7, r1, #2
 373 0460 0060A0E3 		mov	r6, #0
 374 0464 0881A0E1 		lsl	r8, r8, #2
 375              	.L66:
 376 0468 06005CE1 		cmp	ip, r6
 377 046c 28FFFFDA 		ble	.L34
 378 0470 042090E4 		ldr	r2, [r0], #4
 379 0474 0590A0E1 		mov	r9, r5
 380 0478 00A0A0E3 		mov	r10, #0
 381 047c 022393E0 		adds	r2, r3, r2, lsl #6
 382 0480 04209215 		ldrne	r2, [r2, #4]
 383              	.L65:
 384 0484 0A0054E1 		cmp	r4, r10
 385 0488 090000DA 		ble	.L62
 386 048c 00E0A0E3 		mov	lr, #0
 387              	.L64:
 388 0490 0E0051E1 		cmp	r1, lr
 389 0494 0EB192C7 		ldrgt	fp, [r2, lr, lsl #2]
 390 0498 0EB189C7 		strgt	fp, [r9, lr, lsl #2]
 391 049c 01E08EC2 		addgt	lr, lr, #1
 392 04a0 FAFFFFCA 		bgt	.L64
 393              	.L63:
 394 04a4 01A08AE2 		add	r10, r10, #1
 395 04a8 072082E0 		add	r2, r2, r7
 396 04ac 089089E0 		add	r9, r9, r8
 397 04b0 F3FFFFEA 		b	.L65
 398              	.L62:
 399 04b4 016086E2 		add	r6, r6, #1
 400 04b8 075085E0 		add	r5, r5, r7
 401 04bc E9FFFFEA 		b	.L66
 402              	.L8:
 403 04c0 000091E5 		ldr	r0, [r1]
 404 04c4 01C0A0E3 		mov	ip, #1
 405 04c8 08509EE5 		ldr	r5, [lr, #8]
 406 04cc 009092E5 		ldr	r9, [r2]
 407 04d0 041090E5 		ldr	r1, [r0, #4]
 408 04d4 042092E5 		ldr	r2, [r2, #4]
 409 04d8 047085E2 		add	r7, r5, #4
 410 04dc 006095E5 		ldr	r6, [r5]
 411 04e0 011383E0 		add	r1, r3, r1, lsl #6
 412 04e4 000052E3 		cmp	r2, #0
 413 04e8 062082B0 		addlt	r2, r2, r6
 414 04ec 084091E5 		ldr	r4, [r1, #8]
 415 04f0 0010A0E3 		mov	r1, #0
 416              	.L69:
 417 04f4 010052E1 		cmp	r2, r1
 418 04f8 048097C4 		ldrgt	r8, [r7], #4
 419 04fc 011081C2 		addgt	r1, r1, #1
 420 0500 980C0CC0 		mulgt	ip, r8, ip
 421 0504 FAFFFFCA 		bgt	.L69
 422              	.L68:
 423 0508 012082E2 		add	r2, r2, #1
 424 050c 0110A0E3 		mov	r1, #1
 425              	.L71:
 426 0510 020056E1 		cmp	r6, r2
 427 0514 017082E2 		add	r7, r2, #1
 428 0518 072195C7 		ldrgt	r2, [r5, r7, lsl #2]
 429 051c 920101C0 		mulgt	r1, r2, r1
 430 0520 0720A0C1 		movgt	r2, r7
 431 0524 F9FFFFCA 		bgt	.L71
 432              	.L70:
 433 0528 0420A0E1 		mov	r2, r4
 434 052c 0050A0E3 		mov	r5, #0
 435 0530 047092E4 		ldr	r7, [r2], #4
 436 0534 0140A0E3 		mov	r4, #1
 437              	.L73:
 438 0538 050057E1 		cmp	r7, r5
 439 053c 046092C4 		ldrgt	r6, [r2], #4
 440 0540 015085C2 		addgt	r5, r5, #1
 441 0544 960404C0 		mulgt	r4, r6, r4
 442 0548 FAFFFFCA 		bgt	.L73
 443              	.L72:
 444 054c 910C02E0 		mul	r2, r1, ip
 445 0550 020054E1 		cmp	r4, r2
 446 0554 E4FEFF1A 		bne	.L33
 447 0558 910902E0 		mul	r2, r1, r9
 448 055c 04E09EE5 		ldr	lr, [lr, #4]
 449 0560 8181A0E1 		lsl	r8, r1, #3
 450 0564 040080E2 		add	r0, r0, #4
 451 0568 0040A0E3 		mov	r4, #0
 452 056c 8221A0E1 		lsl	r2, r2, #3
 453 0570 00208DE5 		str	r2, [sp]
 454              	.L79:
 455 0574 040059E1 		cmp	r9, r4
 456 0578 E5FEFFDA 		ble	.L34
 457 057c 042090E4 		ldr	r2, [r0], #4
 458 0580 0E50A0E1 		mov	r5, lr
 459 0584 0060A0E3 		mov	r6, #0
 460 0588 022393E0 		adds	r2, r3, r2, lsl #6
 461 058c 04209215 		ldrne	r2, [r2, #4]
 462              	.L78:
 463 0590 06005CE1 		cmp	ip, r6
 464 0594 0C0000DA 		ble	.L75
 465 0598 05A0A0E1 		mov	r10, r5
 466 059c 02B0A0E1 		mov	fp, r2
 467 05a0 0070A0E3 		mov	r7, #0
 468              	.L77:
 469 05a4 070051E1 		cmp	r1, r7
 470 05a8 020BFBCC 		vldmiagt.64	fp!, {d16}	@ int
 471 05ac 017087C2 		addgt	r7, r7, #1
 472 05b0 020BEACC 		vstmiagt.64	r10!, {d16}	@ int
 473 05b4 FAFFFFCA 		bgt	.L77
 474              	.L76:
 475 05b8 00709DE5 		ldr	r7, [sp]
 476 05bc 016086E2 		add	r6, r6, #1
 477 05c0 082082E0 		add	r2, r2, r8
 478 05c4 075085E0 		add	r5, r5, r7
 479 05c8 F0FFFFEA 		b	.L78
 480              	.L75:
 481 05cc 014084E2 		add	r4, r4, #1
 482 05d0 08E08EE0 		add	lr, lr, r8
 483 05d4 E6FFFFEA 		b	.L79
 484              	.L3:
 485 05d8 145094E5 		ldr	r5, [r4, #20]
 486 05dc FEFFFFEB 		bl	TfLiteTypeGetName
 487 05e0 10109FE5 		ldr	r1, .L106
 488 05e4 0020A0E1 		mov	r2, r0
 489 05e8 0400A0E1 		mov	r0, r4
 490 05ec 35FF2FE1 		blx	r5
 491 05f0 0100A0E3 		mov	r0, #1
 492 05f4 C7FEFFEA 		b	.L19
 493              	.L107:
 494              		.align	2
 495              	.L106:
 496 05f8 00000000 		.word	.LC0
 497              		.fnend
 499              		.section	.text._ZN6tflite3ops5micro13Register_PACKEv,"ax",%progbits
 500              		.align	2
 501              		.global	_ZN6tflite3ops5micro13Register_PACKEv
 502              		.syntax unified
 503              		.arm
 504              		.fpu neon
 506              	_ZN6tflite3ops5micro13Register_PACKEv:
 507              		.fnstart
 508              	.LFB3819:
 509              		@ args = 0, pretend = 0, frame = 0
 510              		@ frame_needed = 0, uses_anonymous_args = 0
 511              		@ link register save eliminated.
 512 0000 10009FE5 		ldr	r0, .L109
 513 0004 10309FE5 		ldr	r3, .L109+4
 514 0008 083080E5 		str	r3, [r0, #8]
 515 000c 0C309FE5 		ldr	r3, .L109+8
 516 0010 0C3080E5 		str	r3, [r0, #12]
 517 0014 1EFF2FE1 		bx	lr
 518              	.L110:
 519              		.align	2
 520              	.L109:
 521 0018 00000000 		.word	.LANCHOR0
 522 001c 00000000 		.word	_ZN6tflite3ops5micro4pack12_GLOBAL__N_17PrepareEP13TfLiteContextP10TfLiteNode
 523 0020 00000000 		.word	_ZN6tflite3ops5micro4pack12_GLOBAL__N_14EvalEP13TfLiteContextP10TfLiteNode
 524              		.cantunwind
 525              		.fnend
 527              		.weak	_ZN11flatbuffers25flatbuffer_version_stringE
 528              		.section	.bss._ZZN6tflite3ops5micro13Register_PACKEvE1r,"aw",%nobits
 529              		.align	2
 530              		.set	.LANCHOR0,. + 0
 533              	_ZZN6tflite3ops5micro13Register_PACKEvE1r:
 534 0000 00000000 		.space	32
 534      00000000 
 534      00000000 
 534      00000000 
 534      00000000 
 535              		.section	.data._ZN11flatbuffers25flatbuffer_version_stringE,"aw",%progbits
 536              		.align	2
 539              	_ZN11flatbuffers25flatbuffer_version_stringE:
 540 0000 00000000 		.word	.LC1
 541              		.section	.rodata._ZN6tflite3ops5micro4pack12_GLOBAL__N_14EvalEP13TfLiteContextP10TfLiteNode.str1.1
 542              	.LC0:
 543 0000 54797065 		.ascii	"Type '%s' is not supported by pack.\000"
 543      20272573 
 543      27206973 
 543      206E6F74 
 543      20737570 
 544              		.section	.rodata.str1.1,"aMS",%progbits,1
 545              	.LC1:
 546 0000 466C6174 		.ascii	"FlatBuffers 1.11.0\000"
 546      42756666 
 546      65727320 
 546      312E3131 
 546      2E3000
 547              		.ident	"GCC: (GNU Tools for ARM Embedded Processors 6-2017-q2-update) 6.3.1 20170620 (release) [AR
DEFINED SYMBOLS
                            *ABS*:00000000 pack.cpp
C:\Users\a5050395\AppData\Local\Temp\ccno0yYZ.s:14     .text._ZN6tflite3ops5micro4pack12_GLOBAL__N_17PrepareEP13TfLiteContextP10TfLiteNode:00000000 $a
C:\Users\a5050395\AppData\Local\Temp\ccno0yYZ.s:19     .text._ZN6tflite3ops5micro4pack12_GLOBAL__N_17PrepareEP13TfLiteContextP10TfLiteNode:00000000 _ZN6tflite3ops5micro4pack12_GLOBAL__N_17PrepareEP13TfLiteContextP10TfLiteNode
.ARM.exidx.text._ZN6tflite3ops5micro4pack12_GLOBAL__N_17PrepareEP13TfLiteContextP10TfLiteNode:00000000 $d
C:\Users\a5050395\AppData\Local\Temp\ccno0yYZ.s:31     .text._ZN6tflite3ops5micro4pack12_GLOBAL__N_14EvalEP13TfLiteContextP10TfLiteNode:00000000 $a
C:\Users\a5050395\AppData\Local\Temp\ccno0yYZ.s:36     .text._ZN6tflite3ops5micro4pack12_GLOBAL__N_14EvalEP13TfLiteContextP10TfLiteNode:00000000 _ZN6tflite3ops5micro4pack12_GLOBAL__N_14EvalEP13TfLiteContextP10TfLiteNode
C:\Users\a5050395\AppData\Local\Temp\ccno0yYZ.s:56     .text._ZN6tflite3ops5micro4pack12_GLOBAL__N_14EvalEP13TfLiteContextP10TfLiteNode:00000030 $d
C:\Users\a5050395\AppData\Local\Temp\ccno0yYZ.s:66     .text._ZN6tflite3ops5micro4pack12_GLOBAL__N_14EvalEP13TfLiteContextP10TfLiteNode:00000054 $a
C:\Users\a5050395\AppData\Local\Temp\ccno0yYZ.s:496    .text._ZN6tflite3ops5micro4pack12_GLOBAL__N_14EvalEP13TfLiteContextP10TfLiteNode:000005f8 $d
.ARM.exidx.text._ZN6tflite3ops5micro4pack12_GLOBAL__N_14EvalEP13TfLiteContextP10TfLiteNode:00000000 $d
C:\Users\a5050395\AppData\Local\Temp\ccno0yYZ.s:500    .text._ZN6tflite3ops5micro13Register_PACKEv:00000000 $a
C:\Users\a5050395\AppData\Local\Temp\ccno0yYZ.s:506    .text._ZN6tflite3ops5micro13Register_PACKEv:00000000 _ZN6tflite3ops5micro13Register_PACKEv
C:\Users\a5050395\AppData\Local\Temp\ccno0yYZ.s:521    .text._ZN6tflite3ops5micro13Register_PACKEv:00000018 $d
.ARM.exidx.text._ZN6tflite3ops5micro13Register_PACKEv:00000000 $d
C:\Users\a5050395\AppData\Local\Temp\ccno0yYZ.s:539    .data._ZN11flatbuffers25flatbuffer_version_stringE:00000000 _ZN11flatbuffers25flatbuffer_version_stringE
C:\Users\a5050395\AppData\Local\Temp\ccno0yYZ.s:529    .bss._ZZN6tflite3ops5micro13Register_PACKEvE1r:00000000 $d
C:\Users\a5050395\AppData\Local\Temp\ccno0yYZ.s:533    .bss._ZZN6tflite3ops5micro13Register_PACKEvE1r:00000000 _ZZN6tflite3ops5micro13Register_PACKEvE1r
C:\Users\a5050395\AppData\Local\Temp\ccno0yYZ.s:536    .data._ZN11flatbuffers25flatbuffer_version_stringE:00000000 $d

UNDEFINED SYMBOLS
abort
TfLiteTypeGetName
__aeabi_unwind_cpp_pr0
