   1              		.cpu cortex-a9
   2              		.eabi_attribute 28, 1
   3              		.eabi_attribute 20, 1
   4              		.eabi_attribute 21, 1
   5              		.eabi_attribute 23, 3
   6              		.eabi_attribute 24, 1
   7              		.eabi_attribute 25, 1
   8              		.eabi_attribute 26, 1
   9              		.eabi_attribute 30, 4
  10              		.eabi_attribute 34, 0
  11              		.eabi_attribute 18, 4
  12              		.file	"round.cpp"
  13              		.section	.text._ZN6tflite3ops5micro5round7PrepareEP13TfLiteContextP10TfLiteNode,"ax",%progbits
  14              		.align	2
  15              		.global	_ZN6tflite3ops5micro5round7PrepareEP13TfLiteContextP10TfLiteNode
  16              		.syntax unified
  17              		.arm
  18              		.fpu neon
  20              	_ZN6tflite3ops5micro5round7PrepareEP13TfLiteContextP10TfLiteNode:
  21              		.fnstart
  22              	.LFB4037:
  23              		@ args = 0, pretend = 0, frame = 0
  24              		@ frame_needed = 0, uses_anonymous_args = 0
  25 0000 002091E5 		ldr	r2, [r1]
  26 0004 00C0A0E1 		mov	ip, r0
  27 0008 30402DE9 		push	{r4, r5, lr}
  28              		.save {r4, r5, lr}
  29              		.pad #20
  30 000c 14D04DE2 		sub	sp, sp, #20
  31 0010 005092E5 		ldr	r5, [r2]
  32 0014 010055E3 		cmp	r5, #1
  33 0018 0E00000A 		beq	.L2
  34 001c BC319FE5 		ldr	r3, .L17
  35 0020 0140A0E3 		mov	r4, #1
  36 0024 0C408DE5 		str	r4, [sp, #12]
  37 0028 08508DE5 		str	r5, [sp, #8]
  38 002c 04308DE5 		str	r3, [sp, #4]
  39 0030 AC319FE5 		ldr	r3, .L17+4
  40 0034 00308DE5 		str	r3, [sp]
  41 0038 2130A0E3 		mov	r3, #33
  42 003c 145090E5 		ldr	r5, [r0, #20]
  43              	.L14:
  44 0040 A0219FE5 		ldr	r2, .L17+8
  45 0044 A0119FE5 		ldr	r1, .L17+12
  46 0048 35FF2FE1 		blx	r5
  47              	.L3:
  48 004c 0400A0E1 		mov	r0, r4
  49 0050 14D08DE2 		add	sp, sp, #20
  50              		@ sp needed
  51 0054 3080BDE8 		pop	{r4, r5, pc}
  52              	.L2:
  53 0058 041091E5 		ldr	r1, [r1, #4]
  54 005c 004091E5 		ldr	r4, [r1]
  55 0060 010054E3 		cmp	r4, #1
  56 0064 0C00000A 		beq	.L4
  57 0068 70319FE5 		ldr	r3, .L17
  58 006c 0C508DE5 		str	r5, [sp, #12]
  59 0070 08408DE5 		str	r4, [sp, #8]
  60 0074 04308DE5 		str	r3, [sp, #4]
  61 0078 70319FE5 		ldr	r3, .L17+16
  62 007c 00308DE5 		str	r3, [sp]
  63 0080 2230A0E3 		mov	r3, #34
  64 0084 144090E5 		ldr	r4, [r0, #20]
  65              	.L16:
  66 0088 58219FE5 		ldr	r2, .L17+8
  67 008c 58119FE5 		ldr	r1, .L17+12
  68              	.L15:
  69 0090 34FF2FE1 		blx	r4
  70 0094 0140A0E3 		mov	r4, #1
  71 0098 EBFFFFEA 		b	.L3
  72              	.L4:
  73 009c 083090E5 		ldr	r3, [r0, #8]
  74 00a0 04E092E5 		ldr	lr, [r2, #4]
  75 00a4 0E53D3E7 		ldrb	r5, [r3, lr, lsl #6]	@ zero_extendqisi2
  76 00a8 0E2383E0 		add	r2, r3, lr, lsl #6
  77 00ac 010055E3 		cmp	r5, #1
  78 00b0 0800000A 		beq	.L5
  79 00b4 38319FE5 		ldr	r3, .L17+20
  80 00b8 0C408DE5 		str	r4, [sp, #12]
  81 00bc 08508DE5 		str	r5, [sp, #8]
  82 00c0 04308DE5 		str	r3, [sp, #4]
  83 00c4 2C319FE5 		ldr	r3, .L17+24
  84 00c8 00308DE5 		str	r3, [sp]
  85 00cc 2330A0E3 		mov	r3, #35
  86 00d0 145090E5 		ldr	r5, [r0, #20]
  87 00d4 D9FFFFEA 		b	.L14
  88              	.L5:
  89 00d8 04E091E5 		ldr	lr, [r1, #4]
  90 00dc 0E43D3E7 		ldrb	r4, [r3, lr, lsl #6]	@ zero_extendqisi2
  91 00e0 0E1383E0 		add	r1, r3, lr, lsl #6
  92 00e4 010054E3 		cmp	r4, #1
  93 00e8 0800000A 		beq	.L6
  94 00ec 04319FE5 		ldr	r3, .L17+24
  95 00f0 0C508DE5 		str	r5, [sp, #12]
  96 00f4 08408DE5 		str	r4, [sp, #8]
  97 00f8 04308DE5 		str	r3, [sp, #4]
  98 00fc F8309FE5 		ldr	r3, .L17+28
  99 0100 00308DE5 		str	r3, [sp]
 100 0104 2430A0E3 		mov	r3, #36
 101 0108 144090E5 		ldr	r4, [r0, #20]
 102 010c DDFFFFEA 		b	.L16
 103              	.L6:
 104 0110 183091E5 		ldr	r3, [r1, #24]
 105 0114 18E092E5 		ldr	lr, [r2, #24]
 106 0118 0E0053E1 		cmp	r3, lr
 107 011c 0800000A 		beq	.L7
 108 0120 08308DE5 		str	r3, [sp, #8]
 109 0124 D4309FE5 		ldr	r3, .L17+32
 110 0128 0CE08DE5 		str	lr, [sp, #12]
 111 012c 04308DE5 		str	r3, [sp, #4]
 112 0130 CC309FE5 		ldr	r3, .L17+36
 113 0134 00308DE5 		str	r3, [sp]
 114 0138 2530A0E3 		mov	r3, #37
 115 013c 145090E5 		ldr	r5, [r0, #20]
 116 0140 BEFFFFEA 		b	.L14
 117              	.L7:
 118 0144 083091E5 		ldr	r3, [r1, #8]
 119 0148 082092E5 		ldr	r2, [r2, #8]
 120 014c 00E093E5 		ldr	lr, [r3]
 121 0150 001092E5 		ldr	r1, [r2]
 122 0154 01005EE1 		cmp	lr, r1
 123 0158 04308302 		addeq	r3, r3, #4
 124 015c 04208202 		addeq	r2, r2, #4
 125 0160 0010A003 		moveq	r1, #0
 126 0164 0900000A 		beq	.L10
 127 0168 98309FE5 		ldr	r3, .L17+40
 128 016c 0C108DE5 		str	r1, [sp, #12]
 129 0170 08E08DE5 		str	lr, [sp, #8]
 130 0174 04308DE5 		str	r3, [sp, #4]
 131 0178 8C309FE5 		ldr	r3, .L17+44
 132 017c 00308DE5 		str	r3, [sp]
 133 0180 2630A0E3 		mov	r3, #38
 134 0184 145090E5 		ldr	r5, [r0, #20]
 135 0188 ACFFFFEA 		b	.L14
 136              	.L9:
 137 018c 011081E2 		add	r1, r1, #1
 138              	.L10:
 139 0190 0E0051E1 		cmp	r1, lr
 140 0194 0F0000AA 		bge	.L11
 141 0198 040093E4 		ldr	r0, [r3], #4
 142 019c 044092E4 		ldr	r4, [r2], #4
 143 01a0 040050E1 		cmp	r0, r4
 144 01a4 F8FFFF0A 		beq	.L9
 145 01a8 60309FE5 		ldr	r3, .L17+48
 146 01ac 0C408DE5 		str	r4, [sp, #12]
 147 01b0 08008DE5 		str	r0, [sp, #8]
 148 01b4 0C00A0E1 		mov	r0, ip
 149 01b8 04308DE5 		str	r3, [sp, #4]
 150 01bc 50309FE5 		ldr	r3, .L17+52
 151 01c0 14409CE5 		ldr	r4, [ip, #20]
 152 01c4 1C209FE5 		ldr	r2, .L17+8
 153 01c8 00308DE5 		str	r3, [sp]
 154 01cc 2830A0E3 		mov	r3, #40
 155 01d0 14109FE5 		ldr	r1, .L17+12
 156 01d4 ADFFFFEA 		b	.L15
 157              	.L11:
 158 01d8 0040A0E3 		mov	r4, #0
 159 01dc 9AFFFFEA 		b	.L3
 160              	.L18:
 161              		.align	2
 162              	.L17:
 163 01e0 5D000000 		.word	.LC2
 164 01e4 5F000000 		.word	.LC3
 165 01e8 00000000 		.word	.LC0
 166 01ec 43000000 		.word	.LC1
 167 01f0 6F000000 		.word	.LC4
 168 01f4 80000000 		.word	.LC5
 169 01f8 8F000000 		.word	.LC6
 170 01fc 9B000000 		.word	.LC7
 171 0200 A8000000 		.word	.LC8
 172 0204 B5000000 		.word	.LC9
 173 0208 C3000000 		.word	.LC10
 174 020c D5000000 		.word	.LC11
 175 0210 E8000000 		.word	.LC12
 176 0214 FD000000 		.word	.LC13
 177              		.fnend
 179              		.section	.text._ZN6tflite12RuntimeShapeD2Ev,"axG",%progbits,_ZN6tflite12RuntimeShapeD5Ev,comdat
 180              		.align	2
 181              		.weak	_ZN6tflite12RuntimeShapeD2Ev
 182              		.syntax unified
 183              		.arm
 184              		.fpu neon
 186              	_ZN6tflite12RuntimeShapeD2Ev:
 187              		.fnstart
 188              	.LFB1069:
 189              		@ args = 0, pretend = 0, frame = 0
 190              		@ frame_needed = 0, uses_anonymous_args = 0
 191 0000 003090E5 		ldr	r3, [r0]
 192 0004 10402DE9 		push	{r4, lr}
 193 0008 0040A0E1 		mov	r4, r0
 194 000c 040053E3 		cmp	r3, #4
 195 0010 030000DA 		ble	.L20
 196 0014 040090E5 		ldr	r0, [r0, #4]
 197 0018 000050E3 		cmp	r0, #0
 198 001c 0000000A 		beq	.L20
 199 0020 FEFFFFEB 		bl	_ZdaPv
 200              	.L20:
 201 0024 0400A0E1 		mov	r0, r4
 202 0028 1080BDE8 		pop	{r4, pc}
 203              		.cantunwind
 204              		.fnend
 206              		.weak	_ZN6tflite12RuntimeShapeD1Ev
 207              		.set	_ZN6tflite12RuntimeShapeD1Ev,_ZN6tflite12RuntimeShapeD2Ev
 208              		.section	.text._ZNK6tflite12RuntimeShape4DimsEi,"axG",%progbits,_ZNK6tflite12RuntimeShape4DimsEi,c
 209              		.align	2
 210              		.weak	_ZNK6tflite12RuntimeShape4DimsEi
 211              		.syntax unified
 212              		.arm
 213              		.fpu neon
 215              	_ZNK6tflite12RuntimeShape4DimsEi:
 216              		.fnstart
 217              	.LFB1072:
 218              		@ args = 0, pretend = 0, frame = 0
 219              		@ frame_needed = 0, uses_anonymous_args = 0
 220 0000 000051E3 		cmp	r1, #0
 221 0004 010000AA 		bge	.L26
 222              	.L27:
 223 0008 10402DE9 		push	{r4, lr}
 224              		.save {r4, lr}
 225 000c FEFFFFEB 		bl	abort
 226              	.L26:
 227 0010 003090E5 		ldr	r3, [r0]
 228 0014 010053E1 		cmp	r3, r1
 229 0018 FAFFFFDA 		ble	.L27
 230 001c 040053E3 		cmp	r3, #4
 231 0020 043090C5 		ldrgt	r3, [r0, #4]
 232 0024 010180D0 		addle	r0, r0, r1, lsl #2
 233 0028 040090D5 		ldrle	r0, [r0, #4]
 234 002c 010193C7 		ldrgt	r0, [r3, r1, lsl #2]
 235 0030 1EFF2FE1 		bx	lr
 236              		.fnend
 238              		.section	.text._ZN6tflite12RuntimeShape11ReplaceWithEiPKl,"axG",%progbits,_ZN6tflite12RuntimeShape
 239              		.align	2
 240              		.weak	_ZN6tflite12RuntimeShape11ReplaceWithEiPKl
 241              		.syntax unified
 242              		.arm
 243              		.fpu neon
 245              	_ZN6tflite12RuntimeShape11ReplaceWithEiPKl:
 246              		.fnstart
 247              	.LFB1078:
 248              		@ args = 0, pretend = 0, frame = 0
 249              		@ frame_needed = 0, uses_anonymous_args = 0
 250 0000 003090E5 		ldr	r3, [r0]
 251 0004 F0412DE9 		push	{r4, r5, r6, r7, r8, lr}
 252              		.save {r4, r5, r6, r7, r8, lr}
 253 0008 0040A0E1 		mov	r4, r0
 254 000c 0150A0E1 		mov	r5, r1
 255 0010 0270A0E1 		mov	r7, r2
 256 0014 040053E3 		cmp	r3, #4
 257 0018 030000DA 		ble	.L33
 258 001c 040090E5 		ldr	r0, [r0, #4]
 259 0020 000050E3 		cmp	r0, #0
 260 0024 0000000A 		beq	.L33
 261 0028 FEFFFFEB 		bl	_ZdaPv
 262              	.L33:
 263 002c 040055E3 		cmp	r5, #4
 264 0030 005084E5 		str	r5, [r4]
 265 0034 0561A0E1 		lsl	r6, r5, #2
 266 0038 040000DA 		ble	.L34
 267 003c 2E0275E3 		cmn	r5, #-536870910
 268 0040 0A0000CA 		bgt	.L35
 269 0044 0600A0E1 		mov	r0, r6
 270 0048 FEFFFFEB 		bl	_Znaj
 271 004c 040084E5 		str	r0, [r4, #4]
 272              	.L34:
 273 0050 003094E5 		ldr	r3, [r4]
 274 0054 0620A0E1 		mov	r2, r6
 275 0058 0710A0E1 		mov	r1, r7
 276 005c 040053E3 		cmp	r3, #4
 277 0060 040094C5 		ldrgt	r0, [r4, #4]
 278 0064 040084D2 		addle	r0, r4, #4
 279 0068 F041BDE8 		pop	{r4, r5, r6, r7, r8, lr}
 280 006c FEFFFFEA 		b	memcpy
 281              	.L35:
 282 0070 FEFFFFEB 		bl	__cxa_throw_bad_array_new_length
 283              		.fnend
 285              		.section	.text._ZN6tflite13reference_ops5RoundERKNS_12RuntimeShapeEPKfS3_Pf,"axG",%progbits,_ZN6tf
 286              		.align	2
 287              		.weak	_ZN6tflite13reference_ops5RoundERKNS_12RuntimeShapeEPKfS3_Pf
 288              		.syntax unified
 289              		.arm
 290              		.fpu neon
 292              	_ZN6tflite13reference_ops5RoundERKNS_12RuntimeShapeEPKfS3_Pf:
 293              		.fnstart
 294              	.LFB1129:
 295              		@ args = 0, pretend = 0, frame = 0
 296              		@ frame_needed = 0, uses_anonymous_args = 0
 297 0000 F0472DE9 		push	{r4, r5, r6, r7, r8, r9, r10, lr}
 298              		.save {r4, r5, r6, r7, r8, r9, r10, lr}
 299 0004 0360A0E1 		mov	r6, r3
 300 0008 008090E5 		ldr	r8, [r0]
 301 000c 003092E5 		ldr	r3, [r2]
 302 0010 048B2DED 		vpush.64	{d8, d9}
 303              		.vsave {d8, d9}
 304 0014 030058E1 		cmp	r8, r3
 305 0018 0F00001A 		bne	.L43
 306 001c 0040A0E1 		mov	r4, r0
 307 0020 0170A0E1 		mov	r7, r1
 308 0024 0290A0E1 		mov	r9, r2
 309 0028 0050A0E3 		mov	r5, #0
 310              	.L44:
 311 002c 050058E1 		cmp	r8, r5
 312 0030 0A0000DA 		ble	.L45
 313 0034 0510A0E1 		mov	r1, r5
 314 0038 0400A0E1 		mov	r0, r4
 315 003c FEFFFFEB 		bl	_ZNK6tflite12RuntimeShape4DimsEi
 316 0040 0510A0E1 		mov	r1, r5
 317 0044 00A0A0E1 		mov	r10, r0
 318 0048 0900A0E1 		mov	r0, r9
 319 004c FEFFFFEB 		bl	_ZNK6tflite12RuntimeShape4DimsEi
 320 0050 00005AE1 		cmp	r10, r0
 321 0054 01508502 		addeq	r5, r5, #1
 322 0058 F3FFFF0A 		beq	.L44
 323              	.L43:
 324 005c FEFFFFEB 		bl	abort
 325              	.L45:
 326 0060 002094E5 		ldr	r2, [r4]
 327 0064 0030A0E3 		mov	r3, #0
 328 0068 0180A0E3 		mov	r8, #1
 329 006c 040052E3 		cmp	r2, #4
 330 0070 044094C5 		ldrgt	r4, [r4, #4]
 331 0074 044084D2 		addle	r4, r4, #4
 332              	.L49:
 333 0078 030052E1 		cmp	r2, r3
 334 007c 031194C7 		ldrgt	r1, [r4, r3, lsl #2]
 335 0080 013083C2 		addgt	r3, r3, #1
 336 0084 910808C0 		mulgt	r8, r1, r8
 337 0088 FAFFFFCA 		bgt	.L49
 338              	.L48:
 339 008c 0640A0E1 		mov	r4, r6
 340 0090 008AF6EE 		vmov.f32	s17, #5.0e-1
 341 0094 0060A0E3 		mov	r6, #0
 342 0098 009AB7EE 		vmov.f32	s18, #1.0e+0
 343              	.L53:
 344 009c 080056E1 		cmp	r6, r8
 345 00a0 110000AA 		bge	.L42
 346 00a4 018AB7EC 		vldmia.32	r7!, {s16}
 347 00a8 480AB0EE 		vmov.f32	s0, s16
 348 00ac FEFFFFEB 		bl	floorf
 349 00b0 408A38EE 		vsub.f32	s16, s16, s0
 350 00b4 E88AB4EE 		vcmpe.f32	s16, s17
 351 00b8 10FAF1EE 		vmrs	APSR_nzcv, FPSCR
 352 00bc 0700004A 		bmi	.L51
 353 00c0 688AB4EE 		vcmp.f32	s16, s17
 354 00c4 10FAF1EE 		vmrs	APSR_nzcv, FPSCR
 355 00c8 0300001A 		bne	.L52
 356 00cc C07AFDEE 		vcvt.s32.f32	s15, s0
 357 00d0 903A17EE 		vmov	r3, s15	@ int
 358 00d4 010013E3 		tst	r3, #1
 359 00d8 0000000A 		beq	.L51
 360              	.L52:
 361 00dc 090A30EE 		vadd.f32	s0, s0, s18
 362              	.L51:
 363 00e0 010AA4EC 		vstmia.32	r4!, {s0}
 364 00e4 016086E2 		add	r6, r6, #1
 365 00e8 EBFFFFEA 		b	.L53
 366              	.L42:
 367 00ec 048BBDEC 		vldm	sp!, {d8-d9}
 368 00f0 F087BDE8 		pop	{r4, r5, r6, r7, r8, r9, r10, pc}
 369              		.fnend
 371              		.section	.text._ZN6tflite3ops5micro5round4EvalEP13TfLiteContextP10TfLiteNode,"ax",%progbits
 372              		.align	2
 373              		.global	_ZN6tflite3ops5micro5round4EvalEP13TfLiteContextP10TfLiteNode
 374              		.syntax unified
 375              		.arm
 376              		.fpu neon
 378              	_ZN6tflite3ops5micro5round4EvalEP13TfLiteContextP10TfLiteNode:
 379              		.fnstart
 380              	.LFB4038:
 381              		@ args = 0, pretend = 0, frame = 40
 382              		@ frame_needed = 0, uses_anonymous_args = 0
 383 0000 003091E5 		ldr	r3, [r1]
 384 0004 30402DE9 		push	{r4, r5, lr}
 385              		.save {r4, r5, lr}
 386              		.pad #44
 387 0008 2CD04DE2 		sub	sp, sp, #44
 388 000c 084090E5 		ldr	r4, [r0, #8]
 389 0010 042093E5 		ldr	r2, [r3, #4]
 390 0014 043091E5 		ldr	r3, [r1, #4]
 391 0018 045093E5 		ldr	r5, [r3, #4]
 392 001c 055384E0 		add	r5, r4, r5, lsl #6
 393 0020 024394E0 		adds	r4, r4, r2, lsl #6
 394 0024 00408D05 		streq	r4, [sp]
 395 0028 0600000A 		beq	.L61
 396 002c 082094E5 		ldr	r2, [r4, #8]
 397 0030 0030A0E3 		mov	r3, #0
 398 0034 0D00A0E1 		mov	r0, sp
 399 0038 041092E4 		ldr	r1, [r2], #4
 400 003c 00308DE5 		str	r3, [sp]
 401              	.LEHB0:
 402 0040 FEFFFFEB 		bl	_ZN6tflite12RuntimeShape11ReplaceWithEiPKl
 403              	.LEHE0:
 404 0044 044094E5 		ldr	r4, [r4, #4]
 405              	.L61:
 406 0048 000055E3 		cmp	r5, #0
 407 004c 14508D05 		streq	r5, [sp, #20]
 408 0050 0530A001 		moveq	r3, r5
 409 0054 0D00000A 		beq	.L63
 410 0058 082095E5 		ldr	r2, [r5, #8]
 411 005c 0030A0E3 		mov	r3, #0
 412 0060 14008DE2 		add	r0, sp, #20
 413 0064 041092E4 		ldr	r1, [r2], #4
 414 0068 14308DE5 		str	r3, [sp, #20]
 415              	.LEHB1:
 416 006c FEFFFFEB 		bl	_ZN6tflite12RuntimeShape11ReplaceWithEiPKl
 417              	.LEHE1:
 418 0070 050000EA 		b	.L73
 419              	.L68:
 420 0074 14008DE2 		add	r0, sp, #20
 421 0078 FEFFFFEB 		bl	_ZN6tflite12RuntimeShapeD1Ev
 422              	.L66:
 423 007c 0D00A0E1 		mov	r0, sp
 424 0080 FEFFFFEB 		bl	_ZN6tflite12RuntimeShapeD1Ev
 425              	.LEHB2:
 426 0084 FEFFFFEB 		bl	__cxa_end_cleanup
 427              	.LEHE2:
 428              	.L67:
 429 0088 FBFFFFEA 		b	.L66
 430              	.L73:
 431 008c 043095E5 		ldr	r3, [r5, #4]
 432              	.L63:
 433 0090 14208DE2 		add	r2, sp, #20
 434 0094 0410A0E1 		mov	r1, r4
 435 0098 0D00A0E1 		mov	r0, sp
 436              	.LEHB3:
 437 009c FEFFFFEB 		bl	_ZN6tflite13reference_ops5RoundERKNS_12RuntimeShapeEPKfS3_Pf
 438              	.LEHE3:
 439 00a0 14008DE2 		add	r0, sp, #20
 440 00a4 FEFFFFEB 		bl	_ZN6tflite12RuntimeShapeD1Ev
 441 00a8 0D00A0E1 		mov	r0, sp
 442 00ac FEFFFFEB 		bl	_ZN6tflite12RuntimeShapeD1Ev
 443 00b0 0000A0E3 		mov	r0, #0
 444 00b4 2CD08DE2 		add	sp, sp, #44
 445              		@ sp needed
 446 00b8 3080BDE8 		pop	{r4, r5, pc}
 447              		.global	__gxx_personality_v0
 448              		.personality	__gxx_personality_v0
 449              		.handlerdata
 450              	.LLSDA4038:
 451 0008 FF       		.byte	0xff
 452 0009 FF       		.byte	0xff
 453 000a 01       		.byte	0x1
 454 000b 13       		.uleb128 .LLSDACSE4038-.LLSDACSB4038
 455              	.LLSDACSB4038:
 456 000c 40       		.uleb128 .LEHB0-.LFB4038
 457 000d 04       		.uleb128 .LEHE0-.LEHB0
 458 000e 00       		.uleb128 0
 459 000f 00       		.uleb128 0
 460 0010 6C       		.uleb128 .LEHB1-.LFB4038
 461 0011 04       		.uleb128 .LEHE1-.LEHB1
 462 0012 8801     		.uleb128 .L67-.LFB4038
 463 0014 00       		.uleb128 0
 464 0015 8401     		.uleb128 .LEHB2-.LFB4038
 465 0017 04       		.uleb128 .LEHE2-.LEHB2
 466 0018 00       		.uleb128 0
 467 0019 00       		.uleb128 0
 468 001a 9C01     		.uleb128 .LEHB3-.LFB4038
 469 001c 04       		.uleb128 .LEHE3-.LEHB3
 470 001d 74       		.uleb128 .L68-.LFB4038
 471 001e 00       		.uleb128 0
 472              	.LLSDACSE4038:
 473              		.section	.text._ZN6tflite3ops5micro5round4EvalEP13TfLiteContextP10TfLiteNode
 474              		.fnend
 476              		.section	.text._ZN6tflite3ops5micro14Register_ROUNDEv,"ax",%progbits
 477              		.align	2
 478              		.global	_ZN6tflite3ops5micro14Register_ROUNDEv
 479              		.syntax unified
 480              		.arm
 481              		.fpu neon
 483              	_ZN6tflite3ops5micro14Register_ROUNDEv:
 484              		.fnstart
 485              	.LFB4039:
 486              		@ args = 0, pretend = 0, frame = 0
 487              		@ frame_needed = 0, uses_anonymous_args = 0
 488              		@ link register save eliminated.
 489 0000 10009FE5 		ldr	r0, .L75
 490 0004 10309FE5 		ldr	r3, .L75+4
 491 0008 083080E5 		str	r3, [r0, #8]
 492 000c 0C309FE5 		ldr	r3, .L75+8
 493 0010 0C3080E5 		str	r3, [r0, #12]
 494 0014 1EFF2FE1 		bx	lr
 495              	.L76:
 496              		.align	2
 497              	.L75:
 498 0018 00000000 		.word	.LANCHOR0
 499 001c 00000000 		.word	_ZN6tflite3ops5micro5round7PrepareEP13TfLiteContextP10TfLiteNode
 500 0020 00000000 		.word	_ZN6tflite3ops5micro5round4EvalEP13TfLiteContextP10TfLiteNode
 501              		.cantunwind
 502              		.fnend
 504              		.weak	_ZN11flatbuffers25flatbuffer_version_stringE
 505              		.section	.bss._ZZN6tflite3ops5micro14Register_ROUNDEvE1r,"aw",%nobits
 506              		.align	2
 507              		.set	.LANCHOR0,. + 0
 510              	_ZZN6tflite3ops5micro14Register_ROUNDEvE1r:
 511 0000 00000000 		.space	32
 511      00000000 
 511      00000000 
 511      00000000 
 511      00000000 
 512              		.section	.data._ZN11flatbuffers25flatbuffer_version_stringE,"aw",%progbits
 513              		.align	2
 516              	_ZN11flatbuffers25flatbuffer_version_stringE:
 517 0000 00000000 		.word	.LC14
 518              		.section	.rodata._ZN6tflite3ops5micro5round7PrepareEP13TfLiteContextP10TfLiteNode.str1.1,"aMS",%pr
 519              	.LC0:
 520 0000 2E2E2F73 		.ascii	"../src/tensorflow_lite/src/tensorflow/lite/micro/ke"
 520      72632F74 
 520      656E736F 
 520      72666C6F 
 520      775F6C69 
 521 0033 726E656C 		.ascii	"rnels/round.cpp\000"
 521      732F726F 
 521      756E642E 
 521      63707000 
 522              	.LC1:
 523 0043 25733A25 		.ascii	"%s:%d %s != %s (%d != %d)\000"
 523      64202573 
 523      20213D20 
 523      25732028 
 523      25642021 
 524              	.LC2:
 525 005d 3100     		.ascii	"1\000"
 526              	.LC3:
 527 005f 4E756D49 		.ascii	"NumInputs(node)\000"
 527      6E707574 
 527      73286E6F 
 527      64652900 
 528              	.LC4:
 529 006f 4E756D4F 		.ascii	"NumOutputs(node)\000"
 529      75747075 
 529      7473286E 
 529      6F646529 
 529      00
 530              	.LC5:
 531 0080 6B54664C 		.ascii	"kTfLiteFloat32\000"
 531      69746546 
 531      6C6F6174 
 531      333200
 532              	.LC6:
 533 008f 696E7075 		.ascii	"input->type\000"
 533      742D3E74 
 533      79706500 
 534              	.LC7:
 535 009b 6F757470 		.ascii	"output->type\000"
 535      75742D3E 
 535      74797065 
 535      00
 536              	.LC8:
 537 00a8 696E7075 		.ascii	"input->bytes\000"
 537      742D3E62 
 537      79746573 
 537      00
 538              	.LC9:
 539 00b5 6F757470 		.ascii	"output->bytes\000"
 539      75742D3E 
 539      62797465 
 539      7300
 540              	.LC10:
 541 00c3 696E7075 		.ascii	"input->dims->size\000"
 541      742D3E64 
 541      696D732D 
 541      3E73697A 
 541      6500
 542              	.LC11:
 543 00d5 6F757470 		.ascii	"output->dims->size\000"
 543      75742D3E 
 543      64696D73 
 543      2D3E7369 
 543      7A6500
 544              	.LC12:
 545 00e8 696E7075 		.ascii	"input->dims->data[i]\000"
 545      742D3E64 
 545      696D732D 
 545      3E646174 
 545      615B695D 
 546              	.LC13:
 547 00fd 6F757470 		.ascii	"output->dims->data[i]\000"
 547      75742D3E 
 547      64696D73 
 547      2D3E6461 
 547      74615B69 
 548              		.section	.rodata.str1.1,"aMS",%progbits,1
 549              	.LC14:
 550 0000 466C6174 		.ascii	"FlatBuffers 1.11.0\000"
 550      42756666 
 550      65727320 
 550      312E3131 
 550      2E3000
 551              		.ident	"GCC: (GNU Tools for ARM Embedded Processors 6-2017-q2-update) 6.3.1 20170620 (release) [AR
DEFINED SYMBOLS
                            *ABS*:00000000 round.cpp
C:\Users\a5050395\AppData\Local\Temp\ccSV55ou.s:14     .text._ZN6tflite3ops5micro5round7PrepareEP13TfLiteContextP10TfLiteNode:00000000 $a
C:\Users\a5050395\AppData\Local\Temp\ccSV55ou.s:20     .text._ZN6tflite3ops5micro5round7PrepareEP13TfLiteContextP10TfLiteNode:00000000 _ZN6tflite3ops5micro5round7PrepareEP13TfLiteContextP10TfLiteNode
C:\Users\a5050395\AppData\Local\Temp\ccSV55ou.s:163    .text._ZN6tflite3ops5micro5round7PrepareEP13TfLiteContextP10TfLiteNode:000001e0 $d
.ARM.exidx.text._ZN6tflite3ops5micro5round7PrepareEP13TfLiteContextP10TfLiteNode:00000000 $d
C:\Users\a5050395\AppData\Local\Temp\ccSV55ou.s:180    .text._ZN6tflite12RuntimeShapeD2Ev:00000000 $a
C:\Users\a5050395\AppData\Local\Temp\ccSV55ou.s:186    .text._ZN6tflite12RuntimeShapeD2Ev:00000000 _ZN6tflite12RuntimeShapeD2Ev
.ARM.exidx.text._ZN6tflite12RuntimeShapeD2Ev:00000000 $d
C:\Users\a5050395\AppData\Local\Temp\ccSV55ou.s:186    .text._ZN6tflite12RuntimeShapeD2Ev:00000000 _ZN6tflite12RuntimeShapeD1Ev
C:\Users\a5050395\AppData\Local\Temp\ccSV55ou.s:209    .text._ZNK6tflite12RuntimeShape4DimsEi:00000000 $a
C:\Users\a5050395\AppData\Local\Temp\ccSV55ou.s:215    .text._ZNK6tflite12RuntimeShape4DimsEi:00000000 _ZNK6tflite12RuntimeShape4DimsEi
.ARM.exidx.text._ZNK6tflite12RuntimeShape4DimsEi:00000000 $d
C:\Users\a5050395\AppData\Local\Temp\ccSV55ou.s:239    .text._ZN6tflite12RuntimeShape11ReplaceWithEiPKl:00000000 $a
C:\Users\a5050395\AppData\Local\Temp\ccSV55ou.s:245    .text._ZN6tflite12RuntimeShape11ReplaceWithEiPKl:00000000 _ZN6tflite12RuntimeShape11ReplaceWithEiPKl
.ARM.exidx.text._ZN6tflite12RuntimeShape11ReplaceWithEiPKl:00000000 $d
C:\Users\a5050395\AppData\Local\Temp\ccSV55ou.s:286    .text._ZN6tflite13reference_ops5RoundERKNS_12RuntimeShapeEPKfS3_Pf:00000000 $a
C:\Users\a5050395\AppData\Local\Temp\ccSV55ou.s:292    .text._ZN6tflite13reference_ops5RoundERKNS_12RuntimeShapeEPKfS3_Pf:00000000 _ZN6tflite13reference_ops5RoundERKNS_12RuntimeShapeEPKfS3_Pf
.ARM.exidx.text._ZN6tflite13reference_ops5RoundERKNS_12RuntimeShapeEPKfS3_Pf:00000000 $d
C:\Users\a5050395\AppData\Local\Temp\ccSV55ou.s:372    .text._ZN6tflite3ops5micro5round4EvalEP13TfLiteContextP10TfLiteNode:00000000 $a
C:\Users\a5050395\AppData\Local\Temp\ccSV55ou.s:378    .text._ZN6tflite3ops5micro5round4EvalEP13TfLiteContextP10TfLiteNode:00000000 _ZN6tflite3ops5micro5round4EvalEP13TfLiteContextP10TfLiteNode
.ARM.extab.text._ZN6tflite3ops5micro5round4EvalEP13TfLiteContextP10TfLiteNode:00000000 $d
.ARM.exidx.text._ZN6tflite3ops5micro5round4EvalEP13TfLiteContextP10TfLiteNode:00000000 $d
C:\Users\a5050395\AppData\Local\Temp\ccSV55ou.s:477    .text._ZN6tflite3ops5micro14Register_ROUNDEv:00000000 $a
C:\Users\a5050395\AppData\Local\Temp\ccSV55ou.s:483    .text._ZN6tflite3ops5micro14Register_ROUNDEv:00000000 _ZN6tflite3ops5micro14Register_ROUNDEv
C:\Users\a5050395\AppData\Local\Temp\ccSV55ou.s:498    .text._ZN6tflite3ops5micro14Register_ROUNDEv:00000018 $d
.ARM.exidx.text._ZN6tflite3ops5micro14Register_ROUNDEv:00000000 $d
C:\Users\a5050395\AppData\Local\Temp\ccSV55ou.s:516    .data._ZN11flatbuffers25flatbuffer_version_stringE:00000000 _ZN11flatbuffers25flatbuffer_version_stringE
C:\Users\a5050395\AppData\Local\Temp\ccSV55ou.s:506    .bss._ZZN6tflite3ops5micro14Register_ROUNDEvE1r:00000000 $d
C:\Users\a5050395\AppData\Local\Temp\ccSV55ou.s:510    .bss._ZZN6tflite3ops5micro14Register_ROUNDEvE1r:00000000 _ZZN6tflite3ops5micro14Register_ROUNDEvE1r
C:\Users\a5050395\AppData\Local\Temp\ccSV55ou.s:513    .data._ZN11flatbuffers25flatbuffer_version_stringE:00000000 $d
                           .group:00000000 _ZN6tflite12RuntimeShapeD5Ev

UNDEFINED SYMBOLS
__aeabi_unwind_cpp_pr0
_ZdaPv
abort
_Znaj
memcpy
__cxa_throw_bad_array_new_length
floorf
__cxa_end_cleanup
__gxx_personality_v0
