   1              		.cpu cortex-a9
   2              		.eabi_attribute 28, 1
   3              		.eabi_attribute 20, 1
   4              		.eabi_attribute 21, 1
   5              		.eabi_attribute 23, 3
   6              		.eabi_attribute 24, 1
   7              		.eabi_attribute 25, 1
   8              		.eabi_attribute 26, 1
   9              		.eabi_attribute 30, 4
  10              		.eabi_attribute 34, 0
  11              		.eabi_attribute 18, 4
  12              		.file	"split.cpp"
  13              		.section	.text._ZN6tflite3ops5micro5split7PrepareEP13TfLiteContextP10TfLiteNode,"ax",%progbits
  14              		.align	2
  15              		.global	_ZN6tflite3ops5micro5split7PrepareEP13TfLiteContextP10TfLiteNode
  16              		.syntax unified
  17              		.arm
  18              		.fpu neon
  20              	_ZN6tflite3ops5micro5split7PrepareEP13TfLiteContextP10TfLiteNode:
  21              		.fnstart
  22              	.LFB3816:
  23              		@ args = 0, pretend = 0, frame = 0
  24              		@ frame_needed = 0, uses_anonymous_args = 0
  25              		@ link register save eliminated.
  26 0000 0000A0E3 		mov	r0, #0
  27 0004 1EFF2FE1 		bx	lr
  28              		.cantunwind
  29              		.fnend
  31              		.section	.text._ZN6tflite3ops5micro14Register_SPLITEv,"ax",%progbits
  32              		.align	2
  33              		.global	_ZN6tflite3ops5micro14Register_SPLITEv
  34              		.syntax unified
  35              		.arm
  36              		.fpu neon
  38              	_ZN6tflite3ops5micro14Register_SPLITEv:
  39              		.fnstart
  40              	.LFB3819:
  41              		@ args = 0, pretend = 0, frame = 0
  42              		@ frame_needed = 0, uses_anonymous_args = 0
  43              		@ link register save eliminated.
  44 0000 10009FE5 		ldr	r0, .L3
  45 0004 10309FE5 		ldr	r3, .L3+4
  46 0008 083080E5 		str	r3, [r0, #8]
  47 000c 0C309FE5 		ldr	r3, .L3+8
  48 0010 0C3080E5 		str	r3, [r0, #12]
  49 0014 1EFF2FE1 		bx	lr
  50              	.L4:
  51              		.align	2
  52              	.L3:
  53 0018 00000000 		.word	.LANCHOR0
  54 001c 00000000 		.word	_ZN6tflite3ops5micro5split7PrepareEP13TfLiteContextP10TfLiteNode
  55 0020 00000000 		.word	_ZN6tflite3ops5micro5split4EvalEP13TfLiteContextP10TfLiteNode
  56              		.cantunwind
  57              		.fnend
  59              		.section	.text._ZN6tflite3ops5micro5split9SplitImplIfEE12TfLiteStatusP13TfLiteContextP10TfLiteNode
  60              		.align	2
  61              		.weak	_ZN6tflite3ops5micro5split9SplitImplIfEE12TfLiteStatusP13TfLiteContextP10TfLiteNodePK12TfLit
  62              		.syntax unified
  63              		.arm
  64              		.fpu neon
  66              	_ZN6tflite3ops5micro5split9SplitImplIfEE12TfLiteStatusP13TfLiteContextP10TfLiteNodePK12TfLiteTensor
  67              		.fnstart
  68              	.LFB4139:
  69              		@ args = 0, pretend = 0, frame = 24
  70              		@ frame_needed = 0, uses_anonymous_args = 0
  71 0000 F04F2DE9 		push	{r4, r5, r6, r7, r8, r9, r10, fp, lr}
  72              		.save {r4, r5, r6, r7, r8, r9, r10, fp, lr}
  73 0004 000053E3 		cmp	r3, #0
  74 0008 045091E5 		ldr	r5, [r1, #4]
  75              		.pad #28
  76 000c 1CD04DE2 		sub	sp, sp, #28
  77 0010 08C092E5 		ldr	ip, [r2, #8]
  78 0014 08E090E5 		ldr	lr, [r0, #8]
  79 0018 041095E5 		ldr	r1, [r5, #4]
  80 001c 00609CE5 		ldr	r6, [ip]
  81 0020 004095E5 		ldr	r4, [r5]
  82 0024 063083B0 		addlt	r3, r3, r6
  83 0028 01138EE0 		add	r1, lr, r1, lsl #6
  84 002c 060053E1 		cmp	r3, r6
  85 0030 080091E5 		ldr	r0, [r1, #8]
  86 0034 000000BA 		blt	.L7
  87              	.L8:
  88 0038 FEFFFFEB 		bl	abort
  89              	.L7:
  90 003c 001090E5 		ldr	r1, [r0]
  91 0040 010056E1 		cmp	r6, r1
  92 0044 FBFFFF1A 		bne	.L8
  93 0048 0311A0E1 		lsl	r1, r3, #2
  94 004c 010080E0 		add	r0, r0, r1
  95 0050 01108CE0 		add	r1, ip, r1
  96 0054 048090E5 		ldr	r8, [r0, #4]
  97 0058 041091E5 		ldr	r1, [r1, #4]
  98 005c 940800E0 		mul	r0, r4, r8
  99 0060 010050E1 		cmp	r0, r1
 100 0064 F3FFFF1A 		bne	.L8
 101 0068 04A08CE2 		add	r10, ip, #4
 102 006c 0070A0E3 		mov	r7, #0
 103 0070 0100A0E3 		mov	r0, #1
 104 0074 0010A0E3 		mov	r1, #0
 105 0078 F000CDE1 		strd	r0, [sp]
 106              	.L10:
 107 007c 030057E1 		cmp	r7, r3
 108 0080 0D0000AA 		bge	.L9
 109 0084 04909AE4 		ldr	r9, [r10], #4
 110 0088 017087E2 		add	r7, r7, #1
 111 008c 00B09DE5 		ldr	fp, [sp]
 112 0090 04009DE5 		ldr	r0, [sp, #4]
 113 0094 C91FA0E1 		asr	r1, r9, #31
 114 0098 9B0101E0 		mul	r1, fp, r1
 115 009c 99102BE0 		mla	fp, r9, r0, r1
 116 00a0 00109DE5 		ldr	r1, [sp]
 117 00a4 910981E0 		umull	r0, r1, r1, r9
 118 00a8 F000CDE1 		strd	r0, [sp]
 119 00ac 04109DE5 		ldr	r1, [sp, #4]
 120 00b0 01108BE0 		add	r1, fp, r1
 121 00b4 04108DE5 		str	r1, [sp, #4]
 122 00b8 EFFFFFEA 		b	.L10
 123              	.L9:
 124 00bc 013083E2 		add	r3, r3, #1
 125 00c0 019086E2 		add	r9, r6, #1
 126 00c4 0100A0E3 		mov	r0, #1
 127 00c8 0010A0E3 		mov	r1, #0
 128              	.L12:
 129 00cc 013083E2 		add	r3, r3, #1
 130 00d0 090053E1 		cmp	r3, r9
 131 00d4 0600000A 		beq	.L11
 132 00d8 03A19CE7 		ldr	r10, [ip, r3, lsl #2]
 133 00dc CA7FA0E1 		asr	r7, r10, #31
 134 00e0 900706E0 		mul	r6, r0, r7
 135 00e4 9A6126E0 		mla	r6, r10, r1, r6
 136 00e8 900A81E0 		umull	r0, r1, r0, r10
 137 00ec 011086E0 		add	r1, r6, r1
 138 00f0 F5FFFFEA 		b	.L12
 139              	.L11:
 140 00f4 04C092E5 		ldr	ip, [r2, #4]
 141 00f8 900802E0 		mul	r2, r0, r8
 142 00fc C43FC4E1 		bic	r3, r4, r4, asr #31
 143 0100 1000C0F2 		vmov.i32	d16, #0  @ di
 144 0104 0010A0E3 		mov	r1, #0
 145 0108 0201A0E1 		lsl	r0, r2, #2
 146 010c 020BCDED 		vstr.64	d16, [sp, #8]	@ int
 147 0110 900303E0 		mul	r3, r0, r3
 148 0114 14308DE5 		str	r3, [sp, #20]
 149              	.L19:
 150 0118 D860CDE1 		ldrd	r6, [sp, #8]
 151 011c D080CDE1 		ldrd	r8, [sp]
 152 0120 080056E1 		cmp	r6, r8
 153 0124 0930D7E0 		sbcs	r3, r7, r9
 154 0128 1A0000AA 		bge	.L13
 155 012c 049085E2 		add	r9, r5, #4
 156 0130 0C70A0E1 		mov	r7, ip
 157 0134 0060A0E3 		mov	r6, #0
 158              	.L18:
 159 0138 040056E1 		cmp	r6, r4
 160 013c 0D0000AA 		bge	.L14
 161 0140 043099E4 		ldr	r3, [r9], #4
 162 0144 07A0A0E1 		mov	r10, r7
 163 0148 0080A0E3 		mov	r8, #0
 164 014c 03339EE0 		adds	r3, lr, r3, lsl #6
 165 0150 04309315 		ldrne	r3, [r3, #4]
 166 0154 013083E0 		add	r3, r3, r1
 167              	.L17:
 168 0158 020058E1 		cmp	r8, r2
 169 015c 04B09AB4 		ldrlt	fp, [r10], #4	@ float
 170 0160 018088B2 		addlt	r8, r8, #1
 171 0164 04B083B4 		strlt	fp, [r3], #4	@ float
 172 0168 FAFFFFBA 		blt	.L17
 173              	.L16:
 174 016c 007087E0 		add	r7, r7, r0
 175 0170 016086E2 		add	r6, r6, #1
 176 0174 EFFFFFEA 		b	.L18
 177              	.L14:
 178 0178 D860CDE1 		ldrd	r6, [sp, #8]
 179 017c 001081E0 		add	r1, r1, r0
 180 0180 14309DE5 		ldr	r3, [sp, #20]
 181 0184 016096E2 		adds	r6, r6, #1
 182 0188 0070A7E2 		adc	r7, r7, #0
 183 018c 03C08CE0 		add	ip, ip, r3
 184 0190 F860CDE1 		strd	r6, [sp, #8]
 185 0194 DFFFFFEA 		b	.L19
 186              	.L13:
 187 0198 0000A0E3 		mov	r0, #0
 188 019c 1CD08DE2 		add	sp, sp, #28
 189              		@ sp needed
 190 01a0 F08FBDE8 		pop	{r4, r5, r6, r7, r8, r9, r10, fp, pc}
 191              		.fnend
 193              		.section	.text._ZN6tflite3ops5micro5split9SplitImplIhEE12TfLiteStatusP13TfLiteContextP10TfLiteNode
 194              		.align	2
 195              		.weak	_ZN6tflite3ops5micro5split9SplitImplIhEE12TfLiteStatusP13TfLiteContextP10TfLiteNodePK12TfLit
 196              		.syntax unified
 197              		.arm
 198              		.fpu neon
 200              	_ZN6tflite3ops5micro5split9SplitImplIhEE12TfLiteStatusP13TfLiteContextP10TfLiteNodePK12TfLiteTensor
 201              		.fnstart
 202              	.LFB4140:
 203              		@ args = 0, pretend = 0, frame = 16
 204              		@ frame_needed = 0, uses_anonymous_args = 0
 205 0000 04C091E5 		ldr	ip, [r1, #4]
 206 0004 000053E3 		cmp	r3, #0
 207 0008 F04F2DE9 		push	{r4, r5, r6, r7, r8, r9, r10, fp, lr}
 208              		.save {r4, r5, r6, r7, r8, r9, r10, fp, lr}
 209              		.pad #20
 210 000c 14D04DE2 		sub	sp, sp, #20
 211 0010 00E09CE5 		ldr	lr, [ip]
 212 0014 04409CE5 		ldr	r4, [ip, #4]
 213 0018 08C090E5 		ldr	ip, [r0, #8]
 214 001c 0CE08DE5 		str	lr, [sp, #12]
 215 0020 08E092E5 		ldr	lr, [r2, #8]
 216 0024 04C38CE0 		add	ip, ip, r4, lsl #6
 217 0028 00609EE5 		ldr	r6, [lr]
 218 002c 08C09CE5 		ldr	ip, [ip, #8]
 219 0030 063083B0 		addlt	r3, r3, r6
 220 0034 060053E1 		cmp	r3, r6
 221 0038 000000BA 		blt	.L27
 222              	.L28:
 223 003c FEFFFFEB 		bl	abort
 224              	.L27:
 225 0040 00409CE5 		ldr	r4, [ip]
 226 0044 040056E1 		cmp	r6, r4
 227 0048 FBFFFF1A 		bne	.L28
 228 004c 0341A0E1 		lsl	r4, r3, #2
 229 0050 0C709DE5 		ldr	r7, [sp, #12]
 230 0054 04C08CE0 		add	ip, ip, r4
 231 0058 04408EE0 		add	r4, lr, r4
 232 005c 04509CE5 		ldr	r5, [ip, #4]
 233 0060 044094E5 		ldr	r4, [r4, #4]
 234 0064 950705E0 		mul	r5, r5, r7
 235 0068 040055E1 		cmp	r5, r4
 236 006c F2FFFF1A 		bne	.L28
 237 0070 04A08EE2 		add	r10, lr, #4
 238 0074 0070A0E3 		mov	r7, #0
 239 0078 0140A0E3 		mov	r4, #1
 240 007c 0050A0E3 		mov	r5, #0
 241 0080 F040CDE1 		strd	r4, [sp]
 242              	.L30:
 243 0084 030057E1 		cmp	r7, r3
 244 0088 0C0000AA 		bge	.L29
 245 008c 04909AE4 		ldr	r9, [r10], #4
 246 0090 017087E2 		add	r7, r7, #1
 247 0094 00809DE5 		ldr	r8, [sp]
 248 0098 C95FA0E1 		asr	r5, r9, #31
 249 009c 980504E0 		mul	r4, r8, r5
 250 00a0 04509DE5 		ldr	r5, [sp, #4]
 251 00a4 994524E0 		mla	r4, r9, r5, r4
 252 00a8 988989E0 		umull	r8, r9, r8, r9
 253 00ac F080CDE1 		strd	r8, [sp]
 254 00b0 04509DE5 		ldr	r5, [sp, #4]
 255 00b4 054084E0 		add	r4, r4, r5
 256 00b8 04408DE5 		str	r4, [sp, #4]
 257 00bc F0FFFFEA 		b	.L30
 258              	.L29:
 259 00c0 013083E2 		add	r3, r3, #1
 260 00c4 019086E2 		add	r9, r6, #1
 261 00c8 0140A0E3 		mov	r4, #1
 262 00cc 0050A0E3 		mov	r5, #0
 263              	.L32:
 264 00d0 013083E2 		add	r3, r3, #1
 265 00d4 090053E1 		cmp	r3, r9
 266 00d8 0600000A 		beq	.L31
 267 00dc 03A19EE7 		ldr	r10, [lr, r3, lsl #2]
 268 00e0 CA7FA0E1 		asr	r7, r10, #31
 269 00e4 940706E0 		mul	r6, r4, r7
 270 00e8 9A6526E0 		mla	r6, r10, r5, r6
 271 00ec 944A85E0 		umull	r4, r5, r4, r10
 272 00f0 055086E0 		add	r5, r6, r5
 273 00f4 F5FFFFEA 		b	.L32
 274              	.L31:
 275 00f8 04E092E5 		ldr	lr, [r2, #4]
 276 00fc 00A0A0E3 		mov	r10, #0
 277 0100 00B0A0E3 		mov	fp, #0
 278              	.L39:
 279 0104 D020CDE1 		ldrd	r2, [sp]
 280 0108 0A90A0E1 		mov	r9, r10
 281 010c 02005AE1 		cmp	r10, r2
 282 0110 0330DBE0 		sbcs	r3, fp, r3
 283 0114 180000AA 		bge	.L33
 284 0118 0060A0E3 		mov	r6, #0
 285              	.L38:
 286 011c 0C309DE5 		ldr	r3, [sp, #12]
 287 0120 030056E1 		cmp	r6, r3
 288 0124 110000AA 		bge	.L34
 289 0128 043091E5 		ldr	r3, [r1, #4]
 290 012c 0E70A0E1 		mov	r7, lr
 291 0130 063183E0 		add	r3, r3, r6, lsl #2
 292 0134 042093E5 		ldr	r2, [r3, #4]
 293 0138 083090E5 		ldr	r3, [r0, #8]
 294 013c 023393E0 		adds	r3, r3, r2, lsl #6
 295 0140 04209CE5 		ldr	r2, [ip, #4]
 296 0144 04309315 		ldrne	r3, [r3, #4]
 297 0148 940202E0 		mul	r2, r4, r2
 298 014c 923923E0 		mla	r3, r2, r9, r3
 299              	.L37:
 300 0150 0E8047E0 		sub	r8, r7, lr
 301 0154 020058E1 		cmp	r8, r2
 302 0158 0180D7B4 		ldrblt	r8, [r7], #1	@ zero_extendqisi2
 303 015c 0180C3B4 		strblt	r8, [r3], #1
 304 0160 FAFFFFBA 		blt	.L37
 305              	.L36:
 306 0164 02E08EE0 		add	lr, lr, r2
 307 0168 016086E2 		add	r6, r6, #1
 308 016c EAFFFFEA 		b	.L38
 309              	.L34:
 310 0170 01A09AE2 		adds	r10, r10, #1
 311 0174 00B0ABE2 		adc	fp, fp, #0
 312 0178 E1FFFFEA 		b	.L39
 313              	.L33:
 314 017c 0000A0E3 		mov	r0, #0
 315 0180 14D08DE2 		add	sp, sp, #20
 316              		@ sp needed
 317 0184 F08FBDE8 		pop	{r4, r5, r6, r7, r8, r9, r10, fp, pc}
 318              		.fnend
 320              		.section	.text._ZN6tflite3ops5micro5split9SplitImplIaEE12TfLiteStatusP13TfLiteContextP10TfLiteNode
 321              		.align	2
 322              		.weak	_ZN6tflite3ops5micro5split9SplitImplIaEE12TfLiteStatusP13TfLiteContextP10TfLiteNodePK12TfLit
 323              		.syntax unified
 324              		.arm
 325              		.fpu neon
 327              	_ZN6tflite3ops5micro5split9SplitImplIaEE12TfLiteStatusP13TfLiteContextP10TfLiteNodePK12TfLiteTensor
 328              		.fnstart
 329              	.LFB4141:
 330              		@ args = 0, pretend = 0, frame = 16
 331              		@ frame_needed = 0, uses_anonymous_args = 0
 332 0000 04C091E5 		ldr	ip, [r1, #4]
 333 0004 000053E3 		cmp	r3, #0
 334 0008 F04F2DE9 		push	{r4, r5, r6, r7, r8, r9, r10, fp, lr}
 335              		.save {r4, r5, r6, r7, r8, r9, r10, fp, lr}
 336              		.pad #20
 337 000c 14D04DE2 		sub	sp, sp, #20
 338 0010 00E09CE5 		ldr	lr, [ip]
 339 0014 04409CE5 		ldr	r4, [ip, #4]
 340 0018 08C090E5 		ldr	ip, [r0, #8]
 341 001c 0CE08DE5 		str	lr, [sp, #12]
 342 0020 08E092E5 		ldr	lr, [r2, #8]
 343 0024 04C38CE0 		add	ip, ip, r4, lsl #6
 344 0028 00609EE5 		ldr	r6, [lr]
 345 002c 08C09CE5 		ldr	ip, [ip, #8]
 346 0030 063083B0 		addlt	r3, r3, r6
 347 0034 060053E1 		cmp	r3, r6
 348 0038 000000BA 		blt	.L47
 349              	.L48:
 350 003c FEFFFFEB 		bl	abort
 351              	.L47:
 352 0040 00409CE5 		ldr	r4, [ip]
 353 0044 040056E1 		cmp	r6, r4
 354 0048 FBFFFF1A 		bne	.L48
 355 004c 0341A0E1 		lsl	r4, r3, #2
 356 0050 0C709DE5 		ldr	r7, [sp, #12]
 357 0054 04C08CE0 		add	ip, ip, r4
 358 0058 04408EE0 		add	r4, lr, r4
 359 005c 04509CE5 		ldr	r5, [ip, #4]
 360 0060 044094E5 		ldr	r4, [r4, #4]
 361 0064 950705E0 		mul	r5, r5, r7
 362 0068 040055E1 		cmp	r5, r4
 363 006c F2FFFF1A 		bne	.L48
 364 0070 04A08EE2 		add	r10, lr, #4
 365 0074 0070A0E3 		mov	r7, #0
 366 0078 0140A0E3 		mov	r4, #1
 367 007c 0050A0E3 		mov	r5, #0
 368 0080 F040CDE1 		strd	r4, [sp]
 369              	.L50:
 370 0084 030057E1 		cmp	r7, r3
 371 0088 0C0000AA 		bge	.L49
 372 008c 04909AE4 		ldr	r9, [r10], #4
 373 0090 017087E2 		add	r7, r7, #1
 374 0094 00809DE5 		ldr	r8, [sp]
 375 0098 C95FA0E1 		asr	r5, r9, #31
 376 009c 980504E0 		mul	r4, r8, r5
 377 00a0 04509DE5 		ldr	r5, [sp, #4]
 378 00a4 994524E0 		mla	r4, r9, r5, r4
 379 00a8 988989E0 		umull	r8, r9, r8, r9
 380 00ac F080CDE1 		strd	r8, [sp]
 381 00b0 04509DE5 		ldr	r5, [sp, #4]
 382 00b4 054084E0 		add	r4, r4, r5
 383 00b8 04408DE5 		str	r4, [sp, #4]
 384 00bc F0FFFFEA 		b	.L50
 385              	.L49:
 386 00c0 013083E2 		add	r3, r3, #1
 387 00c4 019086E2 		add	r9, r6, #1
 388 00c8 0140A0E3 		mov	r4, #1
 389 00cc 0050A0E3 		mov	r5, #0
 390              	.L52:
 391 00d0 013083E2 		add	r3, r3, #1
 392 00d4 090053E1 		cmp	r3, r9
 393 00d8 0600000A 		beq	.L51
 394 00dc 03A19EE7 		ldr	r10, [lr, r3, lsl #2]
 395 00e0 CA7FA0E1 		asr	r7, r10, #31
 396 00e4 940706E0 		mul	r6, r4, r7
 397 00e8 9A6526E0 		mla	r6, r10, r5, r6
 398 00ec 944A85E0 		umull	r4, r5, r4, r10
 399 00f0 055086E0 		add	r5, r6, r5
 400 00f4 F5FFFFEA 		b	.L52
 401              	.L51:
 402 00f8 04E092E5 		ldr	lr, [r2, #4]
 403 00fc 00A0A0E3 		mov	r10, #0
 404 0100 00B0A0E3 		mov	fp, #0
 405              	.L59:
 406 0104 D020CDE1 		ldrd	r2, [sp]
 407 0108 0A90A0E1 		mov	r9, r10
 408 010c 02005AE1 		cmp	r10, r2
 409 0110 0330DBE0 		sbcs	r3, fp, r3
 410 0114 180000AA 		bge	.L53
 411 0118 0060A0E3 		mov	r6, #0
 412              	.L58:
 413 011c 0C309DE5 		ldr	r3, [sp, #12]
 414 0120 030056E1 		cmp	r6, r3
 415 0124 110000AA 		bge	.L54
 416 0128 043091E5 		ldr	r3, [r1, #4]
 417 012c 0E70A0E1 		mov	r7, lr
 418 0130 063183E0 		add	r3, r3, r6, lsl #2
 419 0134 042093E5 		ldr	r2, [r3, #4]
 420 0138 083090E5 		ldr	r3, [r0, #8]
 421 013c 023393E0 		adds	r3, r3, r2, lsl #6
 422 0140 04209CE5 		ldr	r2, [ip, #4]
 423 0144 04309315 		ldrne	r3, [r3, #4]
 424 0148 940202E0 		mul	r2, r4, r2
 425 014c 923923E0 		mla	r3, r2, r9, r3
 426              	.L57:
 427 0150 0E8047E0 		sub	r8, r7, lr
 428 0154 020058E1 		cmp	r8, r2
 429 0158 D180D7B0 		ldrsblt	r8, [r7], #1
 430 015c 0180C3B4 		strblt	r8, [r3], #1
 431 0160 FAFFFFBA 		blt	.L57
 432              	.L56:
 433 0164 02E08EE0 		add	lr, lr, r2
 434 0168 016086E2 		add	r6, r6, #1
 435 016c EAFFFFEA 		b	.L58
 436              	.L54:
 437 0170 01A09AE2 		adds	r10, r10, #1
 438 0174 00B0ABE2 		adc	fp, fp, #0
 439 0178 E1FFFFEA 		b	.L59
 440              	.L53:
 441 017c 0000A0E3 		mov	r0, #0
 442 0180 14D08DE2 		add	sp, sp, #20
 443              		@ sp needed
 444 0184 F08FBDE8 		pop	{r4, r5, r6, r7, r8, r9, r10, fp, pc}
 445              		.fnend
 447              		.section	.text._ZN6tflite3ops5micro5split9SplitImplIsEE12TfLiteStatusP13TfLiteContextP10TfLiteNode
 448              		.align	2
 449              		.weak	_ZN6tflite3ops5micro5split9SplitImplIsEE12TfLiteStatusP13TfLiteContextP10TfLiteNodePK12TfLit
 450              		.syntax unified
 451              		.arm
 452              		.fpu neon
 454              	_ZN6tflite3ops5micro5split9SplitImplIsEE12TfLiteStatusP13TfLiteContextP10TfLiteNodePK12TfLiteTensor
 455              		.fnstart
 456              	.LFB4142:
 457              		@ args = 0, pretend = 0, frame = 24
 458              		@ frame_needed = 0, uses_anonymous_args = 0
 459 0000 F04F2DE9 		push	{r4, r5, r6, r7, r8, r9, r10, fp, lr}
 460              		.save {r4, r5, r6, r7, r8, r9, r10, fp, lr}
 461 0004 000053E3 		cmp	r3, #0
 462 0008 045091E5 		ldr	r5, [r1, #4]
 463              		.pad #28
 464 000c 1CD04DE2 		sub	sp, sp, #28
 465 0010 08C092E5 		ldr	ip, [r2, #8]
 466 0014 08E090E5 		ldr	lr, [r0, #8]
 467 0018 041095E5 		ldr	r1, [r5, #4]
 468 001c 00609CE5 		ldr	r6, [ip]
 469 0020 004095E5 		ldr	r4, [r5]
 470 0024 063083B0 		addlt	r3, r3, r6
 471 0028 01138EE0 		add	r1, lr, r1, lsl #6
 472 002c 060053E1 		cmp	r3, r6
 473 0030 080091E5 		ldr	r0, [r1, #8]
 474 0034 000000BA 		blt	.L67
 475              	.L68:
 476 0038 FEFFFFEB 		bl	abort
 477              	.L67:
 478 003c 001090E5 		ldr	r1, [r0]
 479 0040 010056E1 		cmp	r6, r1
 480 0044 FBFFFF1A 		bne	.L68
 481 0048 0311A0E1 		lsl	r1, r3, #2
 482 004c 010080E0 		add	r0, r0, r1
 483 0050 01108CE0 		add	r1, ip, r1
 484 0054 048090E5 		ldr	r8, [r0, #4]
 485 0058 041091E5 		ldr	r1, [r1, #4]
 486 005c 940800E0 		mul	r0, r4, r8
 487 0060 010050E1 		cmp	r0, r1
 488 0064 F3FFFF1A 		bne	.L68
 489 0068 04A08CE2 		add	r10, ip, #4
 490 006c 0070A0E3 		mov	r7, #0
 491 0070 0100A0E3 		mov	r0, #1
 492 0074 0010A0E3 		mov	r1, #0
 493 0078 F000CDE1 		strd	r0, [sp]
 494              	.L70:
 495 007c 030057E1 		cmp	r7, r3
 496 0080 0D0000AA 		bge	.L69
 497 0084 04909AE4 		ldr	r9, [r10], #4
 498 0088 017087E2 		add	r7, r7, #1
 499 008c 00B09DE5 		ldr	fp, [sp]
 500 0090 04009DE5 		ldr	r0, [sp, #4]
 501 0094 C91FA0E1 		asr	r1, r9, #31
 502 0098 9B0101E0 		mul	r1, fp, r1
 503 009c 99102BE0 		mla	fp, r9, r0, r1
 504 00a0 00109DE5 		ldr	r1, [sp]
 505 00a4 910981E0 		umull	r0, r1, r1, r9
 506 00a8 F000CDE1 		strd	r0, [sp]
 507 00ac 04109DE5 		ldr	r1, [sp, #4]
 508 00b0 01108BE0 		add	r1, fp, r1
 509 00b4 04108DE5 		str	r1, [sp, #4]
 510 00b8 EFFFFFEA 		b	.L70
 511              	.L69:
 512 00bc 013083E2 		add	r3, r3, #1
 513 00c0 019086E2 		add	r9, r6, #1
 514 00c4 0100A0E3 		mov	r0, #1
 515 00c8 0010A0E3 		mov	r1, #0
 516              	.L72:
 517 00cc 013083E2 		add	r3, r3, #1
 518 00d0 090053E1 		cmp	r3, r9
 519 00d4 0600000A 		beq	.L71
 520 00d8 03A19CE7 		ldr	r10, [ip, r3, lsl #2]
 521 00dc CA7FA0E1 		asr	r7, r10, #31
 522 00e0 900706E0 		mul	r6, r0, r7
 523 00e4 9A6126E0 		mla	r6, r10, r1, r6
 524 00e8 900A81E0 		umull	r0, r1, r0, r10
 525 00ec 011086E0 		add	r1, r6, r1
 526 00f0 F5FFFFEA 		b	.L72
 527              	.L71:
 528 00f4 04C092E5 		ldr	ip, [r2, #4]
 529 00f8 900802E0 		mul	r2, r0, r8
 530 00fc C43FC4E1 		bic	r3, r4, r4, asr #31
 531 0100 1000C0F2 		vmov.i32	d16, #0  @ di
 532 0104 0010A0E3 		mov	r1, #0
 533 0108 8200A0E1 		lsl	r0, r2, #1
 534 010c 020BCDED 		vstr.64	d16, [sp, #8]	@ int
 535 0110 900303E0 		mul	r3, r0, r3
 536 0114 14308DE5 		str	r3, [sp, #20]
 537              	.L79:
 538 0118 D860CDE1 		ldrd	r6, [sp, #8]
 539 011c D080CDE1 		ldrd	r8, [sp]
 540 0120 080056E1 		cmp	r6, r8
 541 0124 0930D7E0 		sbcs	r3, r7, r9
 542 0128 1A0000AA 		bge	.L73
 543 012c 02604CE2 		sub	r6, ip, #2
 544 0130 049085E2 		add	r9, r5, #4
 545 0134 0070A0E3 		mov	r7, #0
 546              	.L78:
 547 0138 040057E1 		cmp	r7, r4
 548 013c 0D0000AA 		bge	.L74
 549 0140 043099E4 		ldr	r3, [r9], #4
 550 0144 06A0A0E1 		mov	r10, r6
 551 0148 0080A0E3 		mov	r8, #0
 552 014c 03339EE0 		adds	r3, lr, r3, lsl #6
 553 0150 04309315 		ldrne	r3, [r3, #4]
 554 0154 013083E0 		add	r3, r3, r1
 555              	.L77:
 556 0158 020058E1 		cmp	r8, r2
 557 015c F2B0FAB1 		ldrshlt	fp, [r10, #2]!
 558 0160 018088B2 		addlt	r8, r8, #1
 559 0164 B2B0C3B0 		strhlt	fp, [r3], #2	@ movhi
 560 0168 FAFFFFBA 		blt	.L77
 561              	.L76:
 562 016c 017087E2 		add	r7, r7, #1
 563 0170 006086E0 		add	r6, r6, r0
 564 0174 EFFFFFEA 		b	.L78
 565              	.L74:
 566 0178 D860CDE1 		ldrd	r6, [sp, #8]
 567 017c 001081E0 		add	r1, r1, r0
 568 0180 14309DE5 		ldr	r3, [sp, #20]
 569 0184 016096E2 		adds	r6, r6, #1
 570 0188 0070A7E2 		adc	r7, r7, #0
 571 018c 03C08CE0 		add	ip, ip, r3
 572 0190 F860CDE1 		strd	r6, [sp, #8]
 573 0194 DFFFFFEA 		b	.L79
 574              	.L73:
 575 0198 0000A0E3 		mov	r0, #0
 576 019c 1CD08DE2 		add	sp, sp, #28
 577              		@ sp needed
 578 01a0 F08FBDE8 		pop	{r4, r5, r6, r7, r8, r9, r10, fp, pc}
 579              		.fnend
 581              		.section	.text._ZN6tflite3ops5micro5split9SplitImplIlEE12TfLiteStatusP13TfLiteContextP10TfLiteNode
 582              		.align	2
 583              		.weak	_ZN6tflite3ops5micro5split9SplitImplIlEE12TfLiteStatusP13TfLiteContextP10TfLiteNodePK12TfLit
 584              		.syntax unified
 585              		.arm
 586              		.fpu neon
 588              	_ZN6tflite3ops5micro5split9SplitImplIlEE12TfLiteStatusP13TfLiteContextP10TfLiteNodePK12TfLiteTensor
 589              		.fnstart
 590              	.LFB4143:
 591              		@ args = 0, pretend = 0, frame = 16
 592              		@ frame_needed = 0, uses_anonymous_args = 0
 593 0000 F04F2DE9 		push	{r4, r5, r6, r7, r8, r9, r10, fp, lr}
 594              		.save {r4, r5, r6, r7, r8, r9, r10, fp, lr}
 595 0004 000053E3 		cmp	r3, #0
 596 0008 044091E5 		ldr	r4, [r1, #4]
 597              		.pad #20
 598 000c 14D04DE2 		sub	sp, sp, #20
 599 0010 085090E5 		ldr	r5, [r0, #8]
 600 0014 041094E5 		ldr	r1, [r4, #4]
 601 0018 08C092E5 		ldr	ip, [r2, #8]
 602 001c 00E094E5 		ldr	lr, [r4]
 603 0020 011385E0 		add	r1, r5, r1, lsl #6
 604 0024 086091E5 		ldr	r6, [r1, #8]
 605 0028 00109CE5 		ldr	r1, [ip]
 606 002c 013083B0 		addlt	r3, r3, r1
 607 0030 010053E1 		cmp	r3, r1
 608 0034 000000BA 		blt	.L87
 609              	.L88:
 610 0038 FEFFFFEB 		bl	abort
 611              	.L87:
 612 003c 000096E5 		ldr	r0, [r6]
 613 0040 000051E1 		cmp	r1, r0
 614 0044 FBFFFF1A 		bne	.L88
 615 0048 0301A0E1 		lsl	r0, r3, #2
 616 004c 006086E0 		add	r6, r6, r0
 617 0050 00008CE0 		add	r0, ip, r0
 618 0054 048096E5 		ldr	r8, [r6, #4]
 619 0058 040090E5 		ldr	r0, [r0, #4]
 620 005c 9E0806E0 		mul	r6, lr, r8
 621 0060 000056E1 		cmp	r6, r0
 622 0064 F3FFFF1A 		bne	.L88
 623 0068 04A08CE2 		add	r10, ip, #4
 624 006c 0000A0E3 		mov	r0, #0
 625 0070 0160A0E3 		mov	r6, #1
 626 0074 0070A0E3 		mov	r7, #0
 627 0078 F060CDE1 		strd	r6, [sp]
 628              	.L90:
 629 007c 030050E1 		cmp	r0, r3
 630 0080 0D0000AA 		bge	.L89
 631 0084 04909AE4 		ldr	r9, [r10], #4
 632 0088 010080E2 		add	r0, r0, #1
 633 008c 00B09DE5 		ldr	fp, [sp]
 634 0090 C97FA0E1 		asr	r7, r9, #31
 635 0094 9B0706E0 		mul	r6, fp, r7
 636 0098 04709DE5 		ldr	r7, [sp, #4]
 637 009c 99672BE0 		mla	fp, r9, r7, r6
 638 00a0 00609DE5 		ldr	r6, [sp]
 639 00a4 966987E0 		umull	r6, r7, r6, r9
 640 00a8 F060CDE1 		strd	r6, [sp]
 641 00ac 04609DE5 		ldr	r6, [sp, #4]
 642 00b0 06608BE0 		add	r6, fp, r6
 643 00b4 04608DE5 		str	r6, [sp, #4]
 644 00b8 EFFFFFEA 		b	.L90
 645              	.L89:
 646 00bc 019081E2 		add	r9, r1, #1
 647 00c0 013083E2 		add	r3, r3, #1
 648 00c4 0100A0E3 		mov	r0, #1
 649 00c8 0010A0E3 		mov	r1, #0
 650              	.L92:
 651 00cc 013083E2 		add	r3, r3, #1
 652 00d0 090053E1 		cmp	r3, r9
 653 00d4 0600000A 		beq	.L91
 654 00d8 03A19CE7 		ldr	r10, [ip, r3, lsl #2]
 655 00dc CA7FA0E1 		asr	r7, r10, #31
 656 00e0 900706E0 		mul	r6, r0, r7
 657 00e4 9A6126E0 		mla	r6, r10, r1, r6
 658 00e8 900A81E0 		umull	r0, r1, r0, r10
 659 00ec 011086E0 		add	r1, r6, r1
 660 00f0 F5FFFFEA 		b	.L92
 661              	.L91:
 662 00f4 900800E0 		mul	r0, r0, r8
 663 00f8 CE7FCEE1 		bic	r7, lr, lr, asr #31
 664 00fc 046092E5 		ldr	r6, [r2, #4]
 665 0100 0010A0E3 		mov	r1, #0
 666 0104 00A0A0E3 		mov	r10, #0
 667 0108 00B0A0E3 		mov	fp, #0
 668 010c 00C1A0E1 		lsl	ip, r0, #2
 669 0110 9C0703E0 		mul	r3, ip, r7
 670 0114 0C308DE5 		str	r3, [sp, #12]
 671              	.L99:
 672 0118 D020CDE1 		ldrd	r2, [sp]
 673 011c 02005AE1 		cmp	r10, r2
 674 0120 0330DBE0 		sbcs	r3, fp, r3
 675 0124 1A0000AA 		bge	.L93
 676 0128 0690A0E1 		mov	r9, r6
 677 012c 0080A0E3 		mov	r8, #0
 678 0130 043084E2 		add	r3, r4, #4
 679 0134 08308DE5 		str	r3, [sp, #8]
 680              	.L98:
 681 0138 0E0058E1 		cmp	r8, lr
 682 013c 0E0000AA 		bge	.L94
 683 0140 08209DE5 		ldr	r2, [sp, #8]
 684 0144 043092E4 		ldr	r3, [r2], #4
 685 0148 08208DE5 		str	r2, [sp, #8]
 686 014c 0020A0E3 		mov	r2, #0
 687 0150 033395E0 		adds	r3, r5, r3, lsl #6
 688 0154 04309315 		ldrne	r3, [r3, #4]
 689 0158 013083E0 		add	r3, r3, r1
 690              	.L97:
 691 015c 000052E1 		cmp	r2, r0
 692 0160 027199B7 		ldrlt	r7, [r9, r2, lsl #2]
 693 0164 027183B7 		strlt	r7, [r3, r2, lsl #2]
 694 0168 012082B2 		addlt	r2, r2, #1
 695 016c FAFFFFBA 		blt	.L97
 696              	.L96:
 697 0170 0C9089E0 		add	r9, r9, ip
 698 0174 018088E2 		add	r8, r8, #1
 699 0178 EEFFFFEA 		b	.L98
 700              	.L94:
 701 017c 0C309DE5 		ldr	r3, [sp, #12]
 702 0180 01A09AE2 		adds	r10, r10, #1
 703 0184 00B0ABE2 		adc	fp, fp, #0
 704 0188 0C1081E0 		add	r1, r1, ip
 705 018c 036086E0 		add	r6, r6, r3
 706 0190 E0FFFFEA 		b	.L99
 707              	.L93:
 708 0194 0000A0E3 		mov	r0, #0
 709 0198 14D08DE2 		add	sp, sp, #20
 710              		@ sp needed
 711 019c F08FBDE8 		pop	{r4, r5, r6, r7, r8, r9, r10, fp, pc}
 712              		.fnend
 714              		.section	.text._ZN6tflite3ops5micro5split4EvalEP13TfLiteContextP10TfLiteNode,"ax",%progbits
 715              		.align	2
 716              		.global	_ZN6tflite3ops5micro5split4EvalEP13TfLiteContextP10TfLiteNode
 717              		.syntax unified
 718              		.arm
 719              		.fpu neon
 721              	_ZN6tflite3ops5micro5split4EvalEP13TfLiteContextP10TfLiteNode:
 722              		.fnstart
 723              	.LFB3818:
 724              		@ args = 0, pretend = 0, frame = 0
 725              		@ frame_needed = 0, uses_anonymous_args = 0
 726 0000 F7402DE9 		push	{r0, r1, r2, r4, r5, r6, r7, lr}
 727              		.save {r4, r5, r6, r7, lr}
 728              		.pad #12
 729 0004 0050A0E1 		mov	r5, r0
 730 0008 002091E5 		ldr	r2, [r1]
 731 000c 08C090E5 		ldr	ip, [r0, #8]
 732 0010 043092E5 		ldr	r3, [r2, #4]
 733 0014 03338CE0 		add	r3, ip, r3, lsl #6
 734 0018 1440D3E5 		ldrb	r4, [r3, #20]	@ zero_extendqisi2
 735 001c 010054E3 		cmp	r4, #1
 736 0020 0400000A 		beq	.L106
 737 0024 143090E5 		ldr	r3, [r0, #20]
 738 0028 14119FE5 		ldr	r1, .L119
 739 002c 33FF2FE1 		blx	r3
 740              	.L118:
 741 0030 0100A0E3 		mov	r0, #1
 742 0034 2D0000EA 		b	.L107
 743              	.L106:
 744 0038 043093E5 		ldr	r3, [r3, #4]
 745 003c 08E092E5 		ldr	lr, [r2, #8]
 746 0040 003093E5 		ldr	r3, [r3]
 747 0044 0E238CE0 		add	r2, ip, lr, lsl #6
 748 0048 000053E3 		cmp	r3, #0
 749 004c 086092E5 		ldr	r6, [r2, #8]
 750 0050 0A0000AA 		bge	.L108
 751 0054 007096E5 		ldr	r7, [r6]
 752 0058 073093E0 		adds	r3, r3, r7
 753 005c 0700005A 		bpl	.L108
 754 0060 E0309FE5 		ldr	r3, .L119+4
 755 0064 E0209FE5 		ldr	r2, .L119+8
 756 0068 E0109FE5 		ldr	r1, .L119+12
 757 006c 00308DE5 		str	r3, [sp]
 758 0070 5730A0E3 		mov	r3, #87
 759 0074 145090E5 		ldr	r5, [r0, #20]
 760 0078 35FF2FE1 		blx	r5
 761 007c EBFFFFEA 		b	.L118
 762              	.L108:
 763 0080 000096E5 		ldr	r0, [r6]
 764 0084 030050E1 		cmp	r0, r3
 765 0088 080000CA 		bgt	.L109
 766 008c C0309FE5 		ldr	r3, .L119+16
 767 0090 0500A0E1 		mov	r0, r5
 768 0094 B0209FE5 		ldr	r2, .L119+8
 769 0098 B0109FE5 		ldr	r1, .L119+12
 770 009c 00308DE5 		str	r3, [sp]
 771 00a0 5830A0E3 		mov	r3, #88
 772 00a4 144095E5 		ldr	r4, [r5, #20]
 773 00a8 34FF2FE1 		blx	r4
 774 00ac DFFFFFEA 		b	.L118
 775              	.L109:
 776 00b0 0E03DCE7 		ldrb	r0, [ip, lr, lsl #6]	@ zero_extendqisi2
 777 00b4 01C040E2 		sub	ip, r0, #1
 778 00b8 08005CE3 		cmp	ip, #8
 779 00bc 0CF19F97 		ldrls	pc, [pc, ip, asl #2]
 780 00c0 180000EA 		b	.L110
 781              	.L112:
 782 00c4 E8000000 		.word	.L111
 783 00c8 1C010000 		.word	.L113
 784 00cc F8000000 		.word	.L114
 785 00d0 28010000 		.word	.L110
 786 00d4 28010000 		.word	.L110
 787 00d8 28010000 		.word	.L110
 788 00dc 10010000 		.word	.L115
 789 00e0 28010000 		.word	.L110
 790 00e4 04010000 		.word	.L116
 791              	.L111:
 792 00e8 0500A0E1 		mov	r0, r5
 793 00ec FEFFFFEB 		bl	_ZN6tflite3ops5micro5split9SplitImplIfEE12TfLiteStatusP13TfLiteContextP10TfLiteNodePK12TfLiteTe
 794              	.L107:
 795 00f0 0CD08DE2 		add	sp, sp, #12
 796              		@ sp needed
 797 00f4 F080BDE8 		pop	{r4, r5, r6, r7, pc}
 798              	.L114:
 799 00f8 0500A0E1 		mov	r0, r5
 800 00fc FEFFFFEB 		bl	_ZN6tflite3ops5micro5split9SplitImplIhEE12TfLiteStatusP13TfLiteContextP10TfLiteNodePK12TfLiteTe
 801 0100 FAFFFFEA 		b	.L107
 802              	.L116:
 803 0104 0500A0E1 		mov	r0, r5
 804 0108 FEFFFFEB 		bl	_ZN6tflite3ops5micro5split9SplitImplIaEE12TfLiteStatusP13TfLiteContextP10TfLiteNodePK12TfLiteTe
 805 010c F7FFFFEA 		b	.L107
 806              	.L115:
 807 0110 0500A0E1 		mov	r0, r5
 808 0114 FEFFFFEB 		bl	_ZN6tflite3ops5micro5split9SplitImplIsEE12TfLiteStatusP13TfLiteContextP10TfLiteNodePK12TfLiteTe
 809 0118 F4FFFFEA 		b	.L107
 810              	.L113:
 811 011c 0500A0E1 		mov	r0, r5
 812 0120 FEFFFFEB 		bl	_ZN6tflite3ops5micro5split9SplitImplIlEE12TfLiteStatusP13TfLiteContextP10TfLiteNodePK12TfLiteTe
 813 0124 F1FFFFEA 		b	.L107
 814              	.L110:
 815 0128 144095E5 		ldr	r4, [r5, #20]
 816 012c FEFFFFEB 		bl	TfLiteTypeGetName
 817 0130 20109FE5 		ldr	r1, .L119+20
 818 0134 0020A0E1 		mov	r2, r0
 819 0138 0500A0E1 		mov	r0, r5
 820 013c 34FF2FE1 		blx	r4
 821 0140 BAFFFFEA 		b	.L118
 822              	.L120:
 823              		.align	2
 824              	.L119:
 825 0144 00000000 		.word	.LC0
 826 0148 C4000000 		.word	.LC3
 827 014c 6A000000 		.word	.LC1
 828 0150 AD000000 		.word	.LC2
 829 0154 D4000000 		.word	.LC4
 830 0158 F6000000 		.word	.LC5
 831              		.fnend
 833              		.weak	_ZN11flatbuffers25flatbuffer_version_stringE
 834              		.section	.bss._ZZN6tflite3ops5micro14Register_SPLITEvE1r,"aw",%nobits
 835              		.align	2
 836              		.set	.LANCHOR0,. + 0
 839              	_ZZN6tflite3ops5micro14Register_SPLITEvE1r:
 840 0000 00000000 		.space	32
 840      00000000 
 840      00000000 
 840      00000000 
 840      00000000 
 841              		.section	.data._ZN11flatbuffers25flatbuffer_version_stringE,"aw",%progbits
 842              		.align	2
 845              	_ZN11flatbuffers25flatbuffer_version_stringE:
 846 0000 00000000 		.word	.LC6
 847              		.section	.rodata._ZN6tflite3ops5micro5split4EvalEP13TfLiteContextP10TfLiteNode.str1.1,"aMS",%progb
 848              	.LC0:
 849 0000 2E2E2F73 		.ascii	"../src/tensorflow_lite/src/tensorflow/lite/micro/ke"
 849      72632F74 
 849      656E736F 
 849      72666C6F 
 849      775F6C69 
 850 0033 726E656C 		.ascii	"rnels/split.cpp Non constant axis tensor not suppor"
 850      732F7370 
 850      6C69742E 
 850      63707020 
 850      4E6F6E20 
 851 0066 74656400 		.ascii	"ted\000"
 852              	.LC1:
 853 006a 2E2E2F73 		.ascii	"../src/tensorflow_lite/src/tensorflow/lite/micro/ke"
 853      72632F74 
 853      656E736F 
 853      72666C6F 
 853      775F6C69 
 854 009d 726E656C 		.ascii	"rnels/split.cpp\000"
 854      732F7370 
 854      6C69742E 
 854      63707000 
 855              	.LC2:
 856 00ad 25733A25 		.ascii	"%s:%d %s was not true.\000"
 856      64202573 
 856      20776173 
 856      206E6F74 
 856      20747275 
 857              	.LC3:
 858 00c4 61786973 		.ascii	"axis_value >= 0\000"
 858      5F76616C 
 858      7565203E 
 858      3D203000 
 859              	.LC4:
 860 00d4 61786973 		.ascii	"axis_value < NumDimensions(input)\000"
 860      5F76616C 
 860      7565203C 
 860      204E756D 
 860      44696D65 
 861              	.LC5:
 862 00f6 54797065 		.ascii	"Type %s currently not supported.\000"
 862      20257320 
 862      63757272 
 862      656E746C 
 862      79206E6F 
 863              		.section	.rodata.str1.1,"aMS",%progbits,1
 864              	.LC6:
 865 0000 466C6174 		.ascii	"FlatBuffers 1.11.0\000"
 865      42756666 
 865      65727320 
 865      312E3131 
 865      2E3000
 866              		.ident	"GCC: (GNU Tools for ARM Embedded Processors 6-2017-q2-update) 6.3.1 20170620 (release) [AR
DEFINED SYMBOLS
                            *ABS*:00000000 split.cpp
C:\Users\a5050395\AppData\Local\Temp\ccWLe2NZ.s:14     .text._ZN6tflite3ops5micro5split7PrepareEP13TfLiteContextP10TfLiteNode:00000000 $a
C:\Users\a5050395\AppData\Local\Temp\ccWLe2NZ.s:20     .text._ZN6tflite3ops5micro5split7PrepareEP13TfLiteContextP10TfLiteNode:00000000 _ZN6tflite3ops5micro5split7PrepareEP13TfLiteContextP10TfLiteNode
.ARM.exidx.text._ZN6tflite3ops5micro5split7PrepareEP13TfLiteContextP10TfLiteNode:00000000 $d
C:\Users\a5050395\AppData\Local\Temp\ccWLe2NZ.s:32     .text._ZN6tflite3ops5micro14Register_SPLITEv:00000000 $a
C:\Users\a5050395\AppData\Local\Temp\ccWLe2NZ.s:38     .text._ZN6tflite3ops5micro14Register_SPLITEv:00000000 _ZN6tflite3ops5micro14Register_SPLITEv
C:\Users\a5050395\AppData\Local\Temp\ccWLe2NZ.s:53     .text._ZN6tflite3ops5micro14Register_SPLITEv:00000018 $d
C:\Users\a5050395\AppData\Local\Temp\ccWLe2NZ.s:721    .text._ZN6tflite3ops5micro5split4EvalEP13TfLiteContextP10TfLiteNode:00000000 _ZN6tflite3ops5micro5split4EvalEP13TfLiteContextP10TfLiteNode
.ARM.exidx.text._ZN6tflite3ops5micro14Register_SPLITEv:00000000 $d
C:\Users\a5050395\AppData\Local\Temp\ccWLe2NZ.s:60     .text._ZN6tflite3ops5micro5split9SplitImplIfEE12TfLiteStatusP13TfLiteContextP10TfLiteNodePK12TfLiteTensori:00000000 $a
C:\Users\a5050395\AppData\Local\Temp\ccWLe2NZ.s:66     .text._ZN6tflite3ops5micro5split9SplitImplIfEE12TfLiteStatusP13TfLiteContextP10TfLiteNodePK12TfLiteTensori:00000000 _ZN6tflite3ops5micro5split9SplitImplIfEE12TfLiteStatusP13TfLiteContextP10TfLiteNodePK12TfLiteTensori
.ARM.exidx.text._ZN6tflite3ops5micro5split9SplitImplIfEE12TfLiteStatusP13TfLiteContextP10TfLiteNodePK12TfLiteTensori:00000000 $d
C:\Users\a5050395\AppData\Local\Temp\ccWLe2NZ.s:194    .text._ZN6tflite3ops5micro5split9SplitImplIhEE12TfLiteStatusP13TfLiteContextP10TfLiteNodePK12TfLiteTensori:00000000 $a
C:\Users\a5050395\AppData\Local\Temp\ccWLe2NZ.s:200    .text._ZN6tflite3ops5micro5split9SplitImplIhEE12TfLiteStatusP13TfLiteContextP10TfLiteNodePK12TfLiteTensori:00000000 _ZN6tflite3ops5micro5split9SplitImplIhEE12TfLiteStatusP13TfLiteContextP10TfLiteNodePK12TfLiteTensori
.ARM.exidx.text._ZN6tflite3ops5micro5split9SplitImplIhEE12TfLiteStatusP13TfLiteContextP10TfLiteNodePK12TfLiteTensori:00000000 $d
C:\Users\a5050395\AppData\Local\Temp\ccWLe2NZ.s:321    .text._ZN6tflite3ops5micro5split9SplitImplIaEE12TfLiteStatusP13TfLiteContextP10TfLiteNodePK12TfLiteTensori:00000000 $a
C:\Users\a5050395\AppData\Local\Temp\ccWLe2NZ.s:327    .text._ZN6tflite3ops5micro5split9SplitImplIaEE12TfLiteStatusP13TfLiteContextP10TfLiteNodePK12TfLiteTensori:00000000 _ZN6tflite3ops5micro5split9SplitImplIaEE12TfLiteStatusP13TfLiteContextP10TfLiteNodePK12TfLiteTensori
.ARM.exidx.text._ZN6tflite3ops5micro5split9SplitImplIaEE12TfLiteStatusP13TfLiteContextP10TfLiteNodePK12TfLiteTensori:00000000 $d
C:\Users\a5050395\AppData\Local\Temp\ccWLe2NZ.s:448    .text._ZN6tflite3ops5micro5split9SplitImplIsEE12TfLiteStatusP13TfLiteContextP10TfLiteNodePK12TfLiteTensori:00000000 $a
C:\Users\a5050395\AppData\Local\Temp\ccWLe2NZ.s:454    .text._ZN6tflite3ops5micro5split9SplitImplIsEE12TfLiteStatusP13TfLiteContextP10TfLiteNodePK12TfLiteTensori:00000000 _ZN6tflite3ops5micro5split9SplitImplIsEE12TfLiteStatusP13TfLiteContextP10TfLiteNodePK12TfLiteTensori
.ARM.exidx.text._ZN6tflite3ops5micro5split9SplitImplIsEE12TfLiteStatusP13TfLiteContextP10TfLiteNodePK12TfLiteTensori:00000000 $d
C:\Users\a5050395\AppData\Local\Temp\ccWLe2NZ.s:582    .text._ZN6tflite3ops5micro5split9SplitImplIlEE12TfLiteStatusP13TfLiteContextP10TfLiteNodePK12TfLiteTensori:00000000 $a
C:\Users\a5050395\AppData\Local\Temp\ccWLe2NZ.s:588    .text._ZN6tflite3ops5micro5split9SplitImplIlEE12TfLiteStatusP13TfLiteContextP10TfLiteNodePK12TfLiteTensori:00000000 _ZN6tflite3ops5micro5split9SplitImplIlEE12TfLiteStatusP13TfLiteContextP10TfLiteNodePK12TfLiteTensori
.ARM.exidx.text._ZN6tflite3ops5micro5split9SplitImplIlEE12TfLiteStatusP13TfLiteContextP10TfLiteNodePK12TfLiteTensori:00000000 $d
C:\Users\a5050395\AppData\Local\Temp\ccWLe2NZ.s:715    .text._ZN6tflite3ops5micro5split4EvalEP13TfLiteContextP10TfLiteNode:00000000 $a
C:\Users\a5050395\AppData\Local\Temp\ccWLe2NZ.s:782    .text._ZN6tflite3ops5micro5split4EvalEP13TfLiteContextP10TfLiteNode:000000c4 $d
C:\Users\a5050395\AppData\Local\Temp\ccWLe2NZ.s:792    .text._ZN6tflite3ops5micro5split4EvalEP13TfLiteContextP10TfLiteNode:000000e8 $a
C:\Users\a5050395\AppData\Local\Temp\ccWLe2NZ.s:825    .text._ZN6tflite3ops5micro5split4EvalEP13TfLiteContextP10TfLiteNode:00000144 $d
.ARM.exidx.text._ZN6tflite3ops5micro5split4EvalEP13TfLiteContextP10TfLiteNode:00000000 $d
C:\Users\a5050395\AppData\Local\Temp\ccWLe2NZ.s:845    .data._ZN11flatbuffers25flatbuffer_version_stringE:00000000 _ZN11flatbuffers25flatbuffer_version_stringE
C:\Users\a5050395\AppData\Local\Temp\ccWLe2NZ.s:835    .bss._ZZN6tflite3ops5micro14Register_SPLITEvE1r:00000000 $d
C:\Users\a5050395\AppData\Local\Temp\ccWLe2NZ.s:839    .bss._ZZN6tflite3ops5micro14Register_SPLITEvE1r:00000000 _ZZN6tflite3ops5micro14Register_SPLITEvE1r
C:\Users\a5050395\AppData\Local\Temp\ccWLe2NZ.s:842    .data._ZN11flatbuffers25flatbuffer_version_stringE:00000000 $d

UNDEFINED SYMBOLS
abort
__aeabi_unwind_cpp_pr0
TfLiteTypeGetName
