   1              		.cpu cortex-a9
   2              		.eabi_attribute 28, 1
   3              		.eabi_attribute 20, 1
   4              		.eabi_attribute 21, 1
   5              		.eabi_attribute 23, 3
   6              		.eabi_attribute 24, 1
   7              		.eabi_attribute 25, 1
   8              		.eabi_attribute 26, 1
   9              		.eabi_attribute 30, 2
  10              		.eabi_attribute 34, 0
  11              		.eabi_attribute 18, 4
  12              		.file	"hwsetup_userdef.c"
  13              		.section	.text.Userdef_PreHardwareSetup,"ax",%progbits
  14              		.align	2
  15              		.weak	Userdef_PreHardwareSetup
  16              		.syntax unified
  17              		.arm
  18              		.fpu neon
  20              	Userdef_PreHardwareSetup:
  21              		@ args = 0, pretend = 0, frame = 0
  22              		@ frame_needed = 0, uses_anonymous_args = 0
  23 0000 08000CE3 		movw	r0, #49160
  24 0004 10402DE9 		push	{r4, lr}
  25 0008 0229A0E3 		mov	r2, #32768
  26 000c FF0C4FE3 		movt	r0, 64767
  27 0010 0F10A0E3 		mov	r1, #15
  28 0014 FEFFFFEB 		bl	RZA_IO_RegRead_16
  29 0018 010050E3 		cmp	r0, #1
  30 001c 1080BD18 		popne	{r4, pc}
  31 0020 08000CE3 		movw	r0, #49160
  32 0024 0F20A0E3 		mov	r2, #15
  33 0028 FF0C4FE3 		movt	r0, 64767
  34 002c 0010A0E3 		mov	r1, #0
  35 0030 0239A0E3 		mov	r3, #32768
  36 0034 FEFFFFEB 		bl	RZA_IO_RegWrite_16
  37 0038 08000CE3 		movw	r0, #49160
  38 003c 0020E0E3 		mvn	r2, #0
  39 0040 FF0C4FE3 		movt	r0, 64767
  40 0044 0010A0E3 		mov	r1, #0
  41 0048 1040BDE8 		pop	{r4, lr}
  42 004c FEFFFFEA 		b	RZA_IO_RegRead_16
  44              		.section	.text.Userdef_PostHardwareSetup,"ax",%progbits
  45              		.align	2
  46              		.weak	Userdef_PostHardwareSetup
  47              		.syntax unified
  48              		.arm
  49              		.fpu neon
  51              	Userdef_PostHardwareSetup:
  52              		@ args = 0, pretend = 0, frame = 0
  53              		@ frame_needed = 0, uses_anonymous_args = 0
  54 0000 10402DE9 		push	{r4, lr}
  55 0004 084400E3 		movw	r4, #1032
  56 0008 FE4C4FE3 		movt	r4, 64766
  57 000c 0020A0E3 		mov	r2, #0
  58 0010 0400A0E1 		mov	r0, r4
  59 0014 0F10A0E3 		mov	r1, #15
  60 0018 0030E0E3 		mvn	r3, #0
  61 001c FEFFFFEB 		bl	RZA_IO_RegWrite_8
  62 0020 0400A0E1 		mov	r0, r4
  63 0024 0020E0E3 		mvn	r2, #0
  64 0028 0010A0E3 		mov	r1, #0
  65 002c 1040BDE8 		pop	{r4, lr}
  66 0030 FEFFFFEA 		b	RZA_IO_RegRead_8
  68              		.ident	"GCC: (GNU Tools for ARM Embedded Processors 6-2017-q2-update) 6.3.1 20170620 (release) [AR
DEFINED SYMBOLS
                            *ABS*:00000000 hwsetup_userdef.c
C:\Users\a5050395\AppData\Local\Temp\ccTao6YH.s:14     .text.Userdef_PreHardwareSetup:00000000 $a
C:\Users\a5050395\AppData\Local\Temp\ccTao6YH.s:20     .text.Userdef_PreHardwareSetup:00000000 Userdef_PreHardwareSetup
C:\Users\a5050395\AppData\Local\Temp\ccTao6YH.s:45     .text.Userdef_PostHardwareSetup:00000000 $a
C:\Users\a5050395\AppData\Local\Temp\ccTao6YH.s:51     .text.Userdef_PostHardwareSetup:00000000 Userdef_PostHardwareSetup

UNDEFINED SYMBOLS
RZA_IO_RegRead_16
RZA_IO_RegWrite_16
RZA_IO_RegWrite_8
RZA_IO_RegRead_8
