   1              		.cpu cortex-a9
   2              		.eabi_attribute 28, 1
   3              		.eabi_attribute 20, 1
   4              		.eabi_attribute 21, 1
   5              		.eabi_attribute 23, 3
   6              		.eabi_attribute 24, 1
   7              		.eabi_attribute 25, 1
   8              		.eabi_attribute 26, 1
   9              		.eabi_attribute 30, 2
  10              		.eabi_attribute 34, 0
  11              		.eabi_attribute 18, 4
  12              		.file	"main.c"
  13              		.section	.text.os_main_task_t,"ax",%progbits
  14              		.align	2
  15              		.global	os_main_task_t
  16              		.syntax unified
  17              		.arm
  18              		.fpu neon
  20              	os_main_task_t:
  21              		@ Volatile: function does not return.
  22              		@ args = 0, pretend = 0, frame = 0
  23              		@ frame_needed = 0, uses_anonymous_args = 0
  24 0000 10402DE9 		push	{r4, lr}
  25 0004 FEFFFFEB 		bl	sample_main
  26              	.L2:
  27 0008 FEFFFFEA 		b	.L2
  29              		.section	.text.startup.main,"ax",%progbits
  30              		.align	2
  31              		.global	main
  32              		.syntax unified
  33              		.arm
  34              		.fpu neon
  36              	main:
  37              		@ args = 0, pretend = 0, frame = 0
  38              		@ frame_needed = 0, uses_anonymous_args = 0
  39 0000 10402DE9 		push	{r4, lr}
  40 0004 FEFFFFEB 		bl	R_DEVLINK_Init
  41 0008 000000E3 		movw	r0, #:lower16:.LC0
  42 000c 0010A0E3 		mov	r1, #0
  43 0010 000040E3 		movt	r0, #:upper16:.LC0
  44 0014 FEFFFFEB 		bl	direct_open
  45 0018 000050E3 		cmp	r0, #0
  46 001c 000000AA 		bge	.L6
  47              	.L8:
  48 0020 FEFFFFEA 		b	.L8
  49              	.L6:
  50 0024 FEFFFFEB 		bl	direct_close
  51 0028 FEFFFFEB 		bl	R_OS_KernelInit
  52 002c 0000A0E3 		mov	r0, #0
  53 0030 1080BDE8 		pop	{r4, pc}
  55              		.section	.rodata.main.str1.4,"aMS",%progbits,1
  56              		.align	2
  57              	.LC0:
  58 0000 63706700 		.ascii	"cpg\000"
  59              		.ident	"GCC: (GNU Tools for ARM Embedded Processors 6-2017-q2-update) 6.3.1 20170620 (release) [AR
DEFINED SYMBOLS
                            *ABS*:00000000 main.c
C:\Users\a5050395\AppData\Local\Temp\ccCQRlCH.s:14     .text.os_main_task_t:00000000 $a
C:\Users\a5050395\AppData\Local\Temp\ccCQRlCH.s:20     .text.os_main_task_t:00000000 os_main_task_t
C:\Users\a5050395\AppData\Local\Temp\ccCQRlCH.s:30     .text.startup.main:00000000 $a
C:\Users\a5050395\AppData\Local\Temp\ccCQRlCH.s:36     .text.startup.main:00000000 main
C:\Users\a5050395\AppData\Local\Temp\ccCQRlCH.s:57     .rodata.main.str1.4:00000000 .LC0
C:\Users\a5050395\AppData\Local\Temp\ccCQRlCH.s:56     .rodata.main.str1.4:00000000 $d

UNDEFINED SYMBOLS
sample_main
R_DEVLINK_Init
direct_open
direct_close
R_OS_KernelInit
