   1              		.cpu cortex-a9
   2              		.eabi_attribute 28, 1
   3              		.eabi_attribute 20, 1
   4              		.eabi_attribute 21, 1
   5              		.eabi_attribute 23, 3
   6              		.eabi_attribute 24, 1
   7              		.eabi_attribute 25, 1
   8              		.eabi_attribute 26, 1
   9              		.eabi_attribute 30, 2
  10              		.eabi_attribute 34, 0
  11              		.eabi_attribute 18, 4
  12              		.file	"r_cpg_lld_rza2m.c"
  13              		.section	.text.R_CPG_InitialiseHwIf,"ax",%progbits
  14              		.align	2
  15              		.global	R_CPG_InitialiseHwIf
  16              		.syntax unified
  17              		.arm
  18              		.fpu neon
  20              	R_CPG_InitialiseHwIf:
  21              		@ args = 0, pretend = 0, frame = 0
  22              		@ frame_needed = 0, uses_anonymous_args = 0
  23 0000 003000E3 		movw	r3, #:lower16:.LANCHOR0
  24 0004 003040E3 		movt	r3, #:upper16:.LANCHOR0
  25 0008 002093E5 		ldr	r2, [r3]
  26 000c 000052E3 		cmp	r2, #0
  27 0010 0100000A 		beq	.L20
  28 0014 0000A0E3 		mov	r0, #0
  29 0018 1EFF2FE1 		bx	lr
  30              	.L20:
  31 001c 031AA0E3 		mov	r1, #12288
  32 0020 000000E3 		movw	r0, #:lower16:.LANCHOR3
  33 0024 001F41E3 		movt	r1, 7936
  34 0028 000040E3 		movt	r0, #:upper16:.LANCHOR3
  35 002c 802F91E5 		ldr	r2, [r1, #3968]
  36 0030 00C000E3 		movw	ip, #:lower16:.LANCHOR6
  37 0034 F0432DE9 		push	{r4, r5, r6, r7, r8, r9, lr}
  38 0038 006000E3 		movw	r6, #:lower16:.LANCHOR4
  39 003c 006040E3 		movt	r6, #:upper16:.LANCHOR4
  40 0040 00C040E3 		movt	ip, #:upper16:.LANCHOR6
  41 0044 012082E3 		orr	r2, r2, #1
  42 0048 FF80A0E3 		mov	r8, #255
  43 004c 802F81E5 		str	r2, [r1, #3968]
  44 0050 FE8C4FE3 		movt	r8, 64766
  45 0054 007AD0ED 		vldr.32	s15, [r0]	@ int
  46 0058 CC7C0FE3 		movw	r7, #64716
  47 005c 4B0BDFED 		vldr.64	d16, .L21
  48 0060 FF7F4FE3 		movt	r7, 65535
  49 0064 802F91E5 		ldr	r2, [r1, #3968]
  50 0068 001000E3 		movw	r1, #:lower16:.LANCHOR1
  51 006c BF2E58E1 		ldrh	r2, [r8, #-239]
  52 0070 001040E3 		movt	r1, #:upper16:.LANCHOR1
  53 0074 673BF8EE 		vcvt.f64.u32	d19, s15
  54 0078 00E000E3 		movw	lr, #:lower16:.LANCHOR7
  55 007c 007AD6ED 		vldr.32	s15, [r6]	@ int
  56 0080 004000E3 		movw	r4, #:lower16:.LANCHOR5
  57 0084 072002E0 		and	r2, r2, r7
  58 0088 000BC1ED 		vstr.64	d16, [r1]
  59 008c 122082E3 		orr	r2, r2, #18
  60 0090 079AA0E3 		mov	r9, #28672
  61 0094 A34BC0EE 		vdiv.f64	d20, d16, d19
  62 0098 5212E0E7 		ubfx	r1, r2, #4, #1
  63 009c 672BF8EE 		vcvt.f64.u32	d18, s15
  64 00a0 010051E3 		cmp	r1, #1
  65 00a4 007ADCED 		vldr.32	s15, [ip]	@ int
  66 00a8 0210A0E3 		mov	r1, #2
  67 00ac 001080E5 		str	r1, [r0]
  68 00b0 001000E3 		movw	r1, #:lower16:.LANCHOR8
  69 00b4 00E040E3 		movt	lr, #:upper16:.LANCHOR7
  70 00b8 004040E3 		movt	r4, #:upper16:.LANCHOR5
  71 00bc A23BC0EE 		vdiv.f64	d19, d16, d18
  72 00c0 0080A0E3 		mov	r8, #0
  73 00c4 671BF8EE 		vcvt.f64.u32	d17, s15
  74 00c8 D79044E3 		movt	r9, 16599
  75 00cc 001040E3 		movt	r1, #:upper16:.LANCHOR8
  76 00d0 0100A0E3 		mov	r0, #1
  77 00d4 F080C1E1 		strd	r8, [r1]
  78 00d8 005000E3 		movw	r5, #:lower16:.LANCHOR2
  79 00dc 000083E5 		str	r0, [r3]
  80 00e0 1D1CA0E3 		mov	r1, #7424
  81 00e4 A12BC0EE 		vdiv.f64	d18, d16, d17
  82 00e8 0830A003 		moveq	r3, #8
  83 00ec 00308605 		streq	r3, [r6]
  84 00f0 005040E3 		movt	r5, #:upper16:.LANCHOR2
  85 00f4 0000A0E3 		mov	r0, #0
  86 00f8 201144E3 		movt	r1, 16672
  87 00fc FF60A0E3 		mov	r6, #255
  88 0100 FF3100E3 		movw	r3, #511
  89 0104 FE6C4FE3 		movt	r6, 64766
  90 0108 FE3C4FE3 		movt	r3, 64766
  91 010c 004BC5ED 		vstr.64	d20, [r5]
  92 0110 F000C5E1 		strd	r0, [r5]
  93 0114 1010A0E3 		mov	r1, #16
  94 0118 00108CE5 		str	r1, [ip]
  95 011c FC0F0FE3 		movw	r0, #65532
  96 0120 FF1F08E3 		movw	r1, #36863
  97 0124 003BC4ED 		vstr.64	d19, [r4]
  98 0128 1A3BDF0D 		vldreq.64	d19, .L21+8
  99 012c 003BC4ED 		vstr.64	d19, [r4]
 100 0130 002BCEED 		vstr.64	d18, [lr]
 101 0134 192BDFED 		vldr.64	d18, .L21+16
 102 0138 002BCEED 		vstr.64	d18, [lr]
 103 013c CCEC0FE3 		movw	lr, #64716
 104 0140 BF2E46E1 		strh	r2, [r6, #-239]	@ movhi
 105 0144 FFEF4FE3 		movt	lr, 65535
 106 0148 BF2E56E1 		ldrh	r2, [r6, #-239]
 107 014c BFCF53E1 		ldrh	ip, [r3, #-255]
 108 0150 BB2F53E1 		ldrh	r2, [r3, #-251]
 109 0154 0C0000E0 		and	r0, r0, ip
 110 0158 0E2002E0 		and	r2, r2, lr
 111 015c BF0F43E1 		strh	r0, [r3, #-255]	@ movhi
 112 0160 332E82E3 		orr	r2, r2, #816
 113 0164 0000A0E3 		mov	r0, #0
 114 0168 022082E3 		orr	r2, r2, #2
 115 016c BB2F43E1 		strh	r2, [r3, #-251]	@ movhi
 116 0170 BF2F53E1 		ldrh	r2, [r3, #-255]
 117 0174 BB3F53E1 		ldrh	r3, [r3, #-251]
 118 0178 BF3E56E1 		ldrh	r3, [r6, #-239]
 119 017c 031001E0 		and	r1, r1, r3
 120 0180 BF1E46E1 		strh	r1, [r6, #-239]	@ movhi
 121 0184 BF3E56E1 		ldrh	r3, [r6, #-239]
 122 0188 F083BDE8 		pop	{r4, r5, r6, r7, r8, r9, pc}
 123              	.L22:
 124 018c 00F020E3 		.align	3
 125              	.L21:
 126 0190 00000000 		.word	0
 127 0194 001D3041 		.word	1093672192
 128 0198 00000000 		.word	0
 129 019c 001D0041 		.word	1090526464
 130 01a0 00000000 		.word	0
 131 01a4 001DF040 		.word	1089477888
 133              		.section	.text.R_CPG_UninitialiseHwIf,"ax",%progbits
 134              		.align	2
 135              		.global	R_CPG_UninitialiseHwIf
 136              		.syntax unified
 137              		.arm
 138              		.fpu neon
 140              	R_CPG_UninitialiseHwIf:
 141              		@ args = 0, pretend = 0, frame = 0
 142              		@ frame_needed = 0, uses_anonymous_args = 0
 143              		@ link register save eliminated.
 144 0000 0000A0E3 		mov	r0, #0
 145 0004 1EFF2FE1 		bx	lr
 147              		.section	.text.R_CPG_SetXtalClock,"ax",%progbits
 148              		.align	2
 149              		.global	R_CPG_SetXtalClock
 150              		.syntax unified
 151              		.arm
 152              		.fpu neon
 154              	R_CPG_SetXtalClock:
 155              		@ args = 0, pretend = 0, frame = 0
 156              		@ frame_needed = 0, uses_anonymous_args = 0
 157 0000 3C0BDFED 		vldr.64	d16, .L44
 158 0004 E00BB4EE 		vcmpe.f64	d0, d16
 159 0008 10FAF1EE 		vmrs	APSR_nzcv, FPSCR
 160 000c 030000BA 		blt	.L25
 161 0010 3A0BDFED 		vldr.64	d16, .L44+8
 162 0014 E00BB4EE 		vcmpe.f64	d0, d16
 163 0018 10FAF1EE 		vmrs	APSR_nzcv, FPSCR
 164 001c 2D00009A 		bls	.L43
 165              	.L25:
 166 0020 380BDFED 		vldr.64	d16, .L44+16
 167 0024 E00BB4EE 		vcmpe.f64	d0, d16
 168 0028 10FAF1EE 		vmrs	APSR_nzcv, FPSCR
 169 002c 2F0000BA 		blt	.L39
 170 0030 360BDFED 		vldr.64	d16, .L44+24
 171 0034 E00BB4EE 		vcmpe.f64	d0, d16
 172 0038 10FAF1EE 		vmrs	APSR_nzcv, FPSCR
 173 003c 2B00008A 		bhi	.L39
 174 0040 340BDFED 		vldr.64	d16, .L44+32
 175 0044 003000E3 		movw	r3, #:lower16:.LANCHOR1
 176 0048 003040E3 		movt	r3, #:upper16:.LANCHOR1
 177 004c 200B60EE 		vmul.f64	d16, d0, d16
 178 0050 000BC3ED 		vstr.64	d16, [r3]
 179              	.L28:
 180 0054 001000E3 		movw	r1, #:lower16:.LANCHOR3
 181 0058 002000E3 		movw	r2, #:lower16:.LANCHOR4
 182 005c 001040E3 		movt	r1, #:upper16:.LANCHOR3
 183 0060 002040E3 		movt	r2, #:upper16:.LANCHOR4
 184 0064 000091E5 		ldr	r0, [r1]
 185 0068 003000E3 		movw	r3, #:lower16:.LANCHOR6
 186 006c 10402DE9 		push	{r4, lr}
 187 0070 003040E3 		movt	r3, #:upper16:.LANCHOR6
 188 0074 004092E5 		ldr	r4, [r2]
 189 0078 001000E3 		movw	r1, #:lower16:.LANCHOR2
 190 007c 002000E3 		movw	r2, #:lower16:.LANCHOR5
 191 0080 00C000E3 		movw	ip, #:lower16:.LANCHOR8
 192 0084 00E093E5 		ldr	lr, [r3]
 193 0088 003000E3 		movw	r3, #:lower16:.LANCHOR7
 194 008c 900A07EE 		vmov	s15, r0	@ int
 195 0090 001040E3 		movt	r1, #:upper16:.LANCHOR2
 196 0094 673BF8EE 		vcvt.f64.u32	d19, s15
 197 0098 002040E3 		movt	r2, #:upper16:.LANCHOR5
 198 009c 904A07EE 		vmov	s15, r4	@ int
 199 00a0 003040E3 		movt	r3, #:upper16:.LANCHOR7
 200 00a4 672BF8EE 		vcvt.f64.u32	d18, s15
 201 00a8 00C040E3 		movt	ip, #:upper16:.LANCHOR8
 202 00ac 90EA07EE 		vmov	s15, lr	@ int
 203 00b0 0000A0E3 		mov	r0, #0
 204 00b4 671BF8EE 		vcvt.f64.u32	d17, s15
 205 00b8 A34BC0EE 		vdiv.f64	d20, d16, d19
 206 00bc A23BC0EE 		vdiv.f64	d19, d16, d18
 207 00c0 000B8CED 		vstr.64	d0, [ip]
 208 00c4 A12BC0EE 		vdiv.f64	d18, d16, d17
 209 00c8 004BC1ED 		vstr.64	d20, [r1]
 210 00cc 003BC2ED 		vstr.64	d19, [r2]
 211 00d0 002BC3ED 		vstr.64	d18, [r3]
 212 00d4 1080BDE8 		pop	{r4, pc}
 213              	.L43:
 214 00d8 100BDFED 		vldr.64	d16, .L44+40
 215 00dc 003000E3 		movw	r3, #:lower16:.LANCHOR1
 216 00e0 003040E3 		movt	r3, #:upper16:.LANCHOR1
 217 00e4 200B60EE 		vmul.f64	d16, d0, d16
 218 00e8 000BC3ED 		vstr.64	d16, [r3]
 219 00ec D8FFFFEA 		b	.L28
 220              	.L39:
 221 00f0 0000E0E3 		mvn	r0, #0
 222 00f4 1EFF2FE1 		bx	lr
 223              	.L45:
 224              		.align	3
 225              	.L44:
 226 00f8 00000000 		.word	0
 227 00fc 0088C340 		.word	1086556160
 228 0100 00000000 		.word	0
 229 0104 0070C740 		.word	1086812160
 230 0108 00000000 		.word	0
 231 010c 0088D340 		.word	1087604736
 232 0110 00000000 		.word	0
 233 0114 0070D740 		.word	1087860736
 234 0118 00000000 		.word	0
 235 011c 00004640 		.word	1078329344
 236 0120 00000000 		.word	0
 237 0124 00005640 		.word	1079377920
 239              		.section	.text.R_CPG_SetMainClock,"ax",%progbits
 240              		.align	2
 241              		.global	R_CPG_SetMainClock
 242              		.syntax unified
 243              		.arm
 244              		.fpu neon
 246              	R_CPG_SetMainClock:
 247              		@ args = 0, pretend = 0, frame = 0
 248              		@ frame_needed = 0, uses_anonymous_args = 0
 249              		@ link register save eliminated.
 250 0000 0030D0E5 		ldrb	r3, [r0]	@ zero_extendqisi2
 251 0004 000053E3 		cmp	r3, #0
 252 0008 0E00001A 		bne	.L52
 253 000c 020BD0ED 		vldr.64	d16, [r0, #8]
 254 0010 003000E3 		movw	r3, #:lower16:.LANCHOR1
 255 0014 003040E3 		movt	r3, #:upper16:.LANCHOR1
 256 0018 002BF4EE 		vmov.f64	d18, #1.25e-1
 257 001c 001BD3ED 		vldr.64	d17, [r3]
 258 0020 E23B70EE 		vsub.f64	d19, d16, d18
 259 0024 E31BF4EE 		vcmpe.f64	d17, d19
 260 0028 10FAF1EE 		vmrs	APSR_nzcv, FPSCR
 261 002c 050000DA 		ble	.L52
 262 0030 A20B70EE 		vadd.f64	d16, d16, d18
 263 0034 E01BF4EE 		vcmpe.f64	d17, d16
 264 0038 10FAF1EE 		vmrs	APSR_nzcv, FPSCR
 265 003c 0000E053 		mvnpl	r0, #0
 266 0040 0000A043 		movmi	r0, #0
 267 0044 1EFF2FE1 		bx	lr
 268              	.L52:
 269 0048 0000E0E3 		mvn	r0, #0
 270 004c 1EFF2FE1 		bx	lr
 272              		.section	.text.R_CPG_SetSubClockDividers,"ax",%progbits
 273              		.align	2
 274              		.global	R_CPG_SetSubClockDividers
 275              		.syntax unified
 276              		.arm
 277              		.fpu neon
 279              	R_CPG_SetSubClockDividers:
 280              		@ args = 0, pretend = 0, frame = 0
 281              		@ frame_needed = 0, uses_anonymous_args = 0
 282 0000 FF30A0E3 		mov	r3, #255
 283 0004 000051E3 		cmp	r1, #0
 284 0008 FE3C4FE3 		movt	r3, 64766
 285 000c BF2E53E1 		ldrh	r2, [r3, #-239]
 286 0010 7220FFE6 		uxth	r2, r2
 287 0014 3100000A 		beq	.L54
 288 0018 003000E3 		movw	r3, #:lower16:.LANCHOR1
 289 001c 010280E0 		add	r0, r0, r1, lsl #4
 290 0020 003040E3 		movt	r3, #:upper16:.LANCHOR1
 291 0024 DF4BDFED 		vldr.64	d20, .L137
 292 0028 003BD3ED 		vldr.64	d19, [r3]
 293 002c 380040E2 		sub	r0, r0, #56
 294 0030 DE7BDFED 		vldr.64	d23, .L137+8
 295 0034 DFBBDFED 		vldr.64	d27, .L137+16
 296 0038 E08BDFED 		vldr.64	d24, .L137+24
 297 003c E16BDFED 		vldr.64	d22, .L137+32
 298 0040 E29BDFED 		vldr.64	d25, .L137+40
 299 0044 E3ABDFED 		vldr.64	d26, .L137+48
 300 0048 002BFCEE 		vmov.f64	d18, #-1.25e-1
 301 004c 005BF4EE 		vmov.f64	d21, #1.25e-1
 302              	.L75:
 303 0050 0C1BD0ED 		vldr.64	d17, [r0, #48]
 304 0054 011041E2 		sub	r1, r1, #1
 305 0058 00F0D0F5 		pld	[r0]
 306 005c E21BF4EE 		vcmpe.f64	d17, d18
 307 0060 10FAF1EE 		vmrs	APSR_nzcv, FPSCR
 308 0064 040000DA 		ble	.L55
 309 0068 E51BF4EE 		vcmpe.f64	d17, d21
 310 006c 10FAF1EE 		vmrs	APSR_nzcv, FPSCR
 311 0070 0100005A 		bpl	.L55
 312              	.L133:
 313 0074 0000E0E3 		mvn	r0, #0
 314 0078 1EFF2FE1 		bx	lr
 315              	.L55:
 316 007c 2830D0E5 		ldrb	r3, [r0, #40]	@ zero_extendqisi2
 317 0080 A10BC3EE 		vdiv.f64	d16, d19, d17
 318 0084 000053E3 		cmp	r3, #0
 319 0088 5C00001A 		bne	.L135
 320 008c 0E1BF7EE 		vmov.f64	d17, #1.875e+0
 321 0090 E10BF4EE 		vcmpe.f64	d16, d17
 322 0094 10FAF1EE 		vmrs	APSR_nzcv, FPSCR
 323 0098 030000DA 		ble	.L58
 324 009c 011BF0EE 		vmov.f64	d17, #2.125e+0
 325 00a0 E10BF4EE 		vcmpe.f64	d16, d17
 326 00a4 10FAF1EE 		vmrs	APSR_nzcv, FPSCR
 327 00a8 0700004A 		bmi	.L60
 328              	.L58:
 329 00ac 0F1BF0EE 		vmov.f64	d17, #3.875e+0
 330 00b0 E10BF4EE 		vcmpe.f64	d16, d17
 331 00b4 10FAF1EE 		vmrs	APSR_nzcv, FPSCR
 332 00b8 650000DA 		ble	.L61
 333 00bc EA0BF4EE 		vcmpe.f64	d16, d26
 334 00c0 10FAF1EE 		vmrs	APSR_nzcv, FPSCR
 335 00c4 6200005A 		bpl	.L61
 336 00c8 013CA0E3 		mov	r3, #256
 337              	.L60:
 338 00cc 032CC2E3 		bic	r2, r2, #768
 339 00d0 022083E1 		orr	r2, r3, r2
 340              	.L64:
 341 00d4 000051E3 		cmp	r1, #0
 342 00d8 100040E2 		sub	r0, r0, #16
 343 00dc DBFFFF1A 		bne	.L75
 344              	.L54:
 345 00e0 331300E3 		movw	r1, #819
 346 00e4 120200E3 		movw	r0, #530
 347 00e8 013002E0 		and	r3, r2, r1
 348 00ec 000053E1 		cmp	r3, r0
 349 00f0 0500000A 		beq	.L76
 350 00f4 8000008A 		bhi	.L77
 351 00f8 120053E3 		cmp	r3, #18
 352 00fc 0200000A 		beq	.L76
 353 0100 121100E3 		movw	r1, #274
 354 0104 010053E1 		cmp	r3, r1
 355 0108 D9FFFF1A 		bne	.L133
 356              	.L76:
 357 010c 5234E1E7 		ubfx	r3, r2, #8, #2
 358 0110 04E02DE5 		str	lr, [sp, #-4]!
 359 0114 020053E3 		cmp	r3, #2
 360 0118 9500000A 		beq	.L79
 361 011c 030053E3 		cmp	r3, #3
 362 0120 9900000A 		beq	.L80
 363 0124 010053E3 		cmp	r3, #1
 364 0128 003000E3 		movw	r3, #:lower16:.LANCHOR3
 365 012c 0210A013 		movne	r1, #2
 366 0130 00304013 		movtne	r3, #:upper16:.LANCHOR3
 367 0134 003BF01E 		vmovne.f64	d19, #2.0e+0
 368 0138 0410A003 		moveq	r1, #4
 369 013c 003BF10E 		vmoveq.f64	d19, #4.0e+0
 370 0140 00304003 		movteq	r3, #:upper16:.LANCHOR3
 371 0144 001083E5 		str	r1, [r3]
 372              	.L82:
 373 0148 5232E1E7 		ubfx	r3, r2, #4, #2
 374 014c 020053E3 		cmp	r3, #2
 375 0150 8100000A 		beq	.L84
 376 0154 030053E3 		cmp	r3, #3
 377 0158 7900000A 		beq	.L85
 378 015c 010053E3 		cmp	r3, #1
 379 0160 003000E3 		movw	r3, #:lower16:.LANCHOR4
 380 0164 00304013 		movtne	r3, #:upper16:.LANCHOR4
 381 0168 0810A003 		moveq	r1, #8
 382 016c 00309315 		ldrne	r3, [r3]
 383 0170 00304003 		movteq	r3, #:upper16:.LANCHOR4
 384 0174 001BF20E 		vmoveq.f64	d17, #8.0e+0
 385 0178 00108305 		streq	r1, [r3]
 386 017c 903A071E 		vmovne	s15, r3	@ int
 387 0180 671BF81E 		vcvtne.f64.u32	d17, s15
 388              	.L87:
 389 0184 033002E2 		and	r3, r2, #3
 390 0188 020053E3 		cmp	r3, #2
 391 018c 6600000A 		beq	.L89
 392 0190 030053E3 		cmp	r3, #3
 393 0194 5E00000A 		beq	.L90
 394 0198 003000E3 		movw	r3, #:lower16:.LANCHOR6
 395 019c 003040E3 		movt	r3, #:upper16:.LANCHOR6
 396 01a0 003093E5 		ldr	r3, [r3]
 397 01a4 903A07EE 		vmov	s15, r3	@ int
 398 01a8 672BF8EE 		vcvt.f64.u32	d18, s15
 399              	.L91:
 400 01ac 003000E3 		movw	r3, #:lower16:.LANCHOR1
 401 01b0 00E000E3 		movw	lr, #:lower16:.LANCHOR2
 402 01b4 003040E3 		movt	r3, #:upper16:.LANCHOR1
 403 01b8 00C000E3 		movw	ip, #:lower16:.LANCHOR5
 404 01bc 000BD3ED 		vldr.64	d16, [r3]
 405 01c0 001000E3 		movw	r1, #:lower16:.LANCHOR7
 406 01c4 FF30A0E3 		mov	r3, #255
 407 01c8 00E040E3 		movt	lr, #:upper16:.LANCHOR2
 408 01cc 00C040E3 		movt	ip, #:upper16:.LANCHOR5
 409 01d0 001040E3 		movt	r1, #:upper16:.LANCHOR7
 410 01d4 FE3C4FE3 		movt	r3, 64766
 411 01d8 0000A0E3 		mov	r0, #0
 412 01dc A34BC0EE 		vdiv.f64	d20, d16, d19
 413 01e0 A13BC0EE 		vdiv.f64	d19, d16, d17
 414 01e4 A21BC0EE 		vdiv.f64	d17, d16, d18
 415 01e8 004BCEED 		vstr.64	d20, [lr]
 416 01ec 003BCCED 		vstr.64	d19, [ip]
 417 01f0 001BC1ED 		vstr.64	d17, [r1]
 418 01f4 BF2E43E1 		strh	r2, [r3, #-239]	@ movhi
 419 01f8 BF3E53E1 		ldrh	r3, [r3, #-239]
 420 01fc 04F09DE4 		ldr	pc, [sp], #4
 421              	.L135:
 422 0200 010053E3 		cmp	r3, #1
 423 0204 2000000A 		beq	.L136
 424 0208 020053E3 		cmp	r3, #2
 425 020c 98FFFF1A 		bne	.L133
 426 0210 E40BF4EE 		vcmpe.f64	d16, d20
 427 0214 10FAF1EE 		vmrs	APSR_nzcv, FPSCR
 428 0218 020000DA 		ble	.L71
 429 021c E80BF4EE 		vcmpe.f64	d16, d24
 430 0220 10FAF1EE 		vmrs	APSR_nzcv, FPSCR
 431 0224 0600004A 		bmi	.L73
 432              	.L71:
 433 0228 E70BF4EE 		vcmpe.f64	d16, d23
 434 022c 10FAF1EE 		vmrs	APSR_nzcv, FPSCR
 435 0230 8FFFFFDA 		ble	.L133
 436 0234 EB0BF4EE 		vcmpe.f64	d16, d27
 437 0238 10FAF1EE 		vmrs	APSR_nzcv, FPSCR
 438 023c 8CFFFF5A 		bpl	.L133
 439 0240 0330A0E3 		mov	r3, #3
 440              	.L73:
 441 0244 FCCF0FE3 		movw	ip, #65532
 442 0248 02C00CE0 		and	ip, ip, r2
 443 024c 03208CE1 		orr	r2, ip, r3
 444 0250 9FFFFFEA 		b	.L64
 445              	.L61:
 446 0254 E60BF4EE 		vcmpe.f64	d16, d22
 447 0258 10FAF1EE 		vmrs	APSR_nzcv, FPSCR
 448 025c 020000DA 		ble	.L62
 449 0260 E90BF4EE 		vcmpe.f64	d16, d25
 450 0264 10FAF1EE 		vmrs	APSR_nzcv, FPSCR
 451 0268 2100004A 		bmi	.L103
 452              	.L62:
 453 026c E40BF4EE 		vcmpe.f64	d16, d20
 454 0270 10FAF1EE 		vmrs	APSR_nzcv, FPSCR
 455 0274 7EFFFFDA 		ble	.L133
 456 0278 E80BF4EE 		vcmpe.f64	d16, d24
 457 027c 10FAF1EE 		vmrs	APSR_nzcv, FPSCR
 458 0280 7BFFFF5A 		bpl	.L133
 459 0284 033CA0E3 		mov	r3, #768
 460 0288 8FFFFFEA 		b	.L60
 461              	.L136:
 462 028c E60BF4EE 		vcmpe.f64	d16, d22
 463 0290 10FAF1EE 		vmrs	APSR_nzcv, FPSCR
 464 0294 070000DA 		ble	.L66
 465 0298 E90BF4EE 		vcmpe.f64	d16, d25
 466 029c 10FAF1EE 		vmrs	APSR_nzcv, FPSCR
 467 02a0 0400005A 		bpl	.L66
 468 02a4 10C0A0E3 		mov	ip, #16
 469              	.L68:
 470 02a8 CF3F0FE3 		movw	r3, #65487
 471 02ac 023003E0 		and	r3, r3, r2
 472 02b0 0C2083E1 		orr	r2, r3, ip
 473 02b4 86FFFFEA 		b	.L64
 474              	.L66:
 475 02b8 E40BF4EE 		vcmpe.f64	d16, d20
 476 02bc 10FAF1EE 		vmrs	APSR_nzcv, FPSCR
 477 02c0 030000DA 		ble	.L69
 478 02c4 E80BF4EE 		vcmpe.f64	d16, d24
 479 02c8 10FAF1EE 		vmrs	APSR_nzcv, FPSCR
 480 02cc 20C0A043 		movmi	ip, #32
 481 02d0 F4FFFF4A 		bmi	.L68
 482              	.L69:
 483 02d4 E70BF4EE 		vcmpe.f64	d16, d23
 484 02d8 10FAF1EE 		vmrs	APSR_nzcv, FPSCR
 485 02dc 64FFFFDA 		ble	.L133
 486 02e0 EB0BF4EE 		vcmpe.f64	d16, d27
 487 02e4 10FAF1EE 		vmrs	APSR_nzcv, FPSCR
 488 02e8 61FFFF5A 		bpl	.L133
 489 02ec 30C0A0E3 		mov	ip, #48
 490 02f0 ECFFFFEA 		b	.L68
 491              	.L103:
 492 02f4 023CA0E3 		mov	r3, #512
 493 02f8 73FFFFEA 		b	.L60
 494              	.L77:
 495 02fc 220300E3 		movw	r0, #802
 496 0300 000053E1 		cmp	r3, r0
 497 0304 80FFFF0A 		beq	.L76
 498 0308 010053E1 		cmp	r3, r1
 499 030c 7EFFFF0A 		beq	.L76
 500 0310 57FFFFEA 		b	.L133
 501              	.L90:
 502 0314 003000E3 		movw	r3, #:lower16:.LANCHOR6
 503 0318 2010A0E3 		mov	r1, #32
 504 031c 003040E3 		movt	r3, #:upper16:.LANCHOR6
 505 0320 2E2BDFED 		vldr.64	d18, .L137+56
 506 0324 001083E5 		str	r1, [r3]
 507 0328 9FFFFFEA 		b	.L91
 508              	.L89:
 509 032c 003000E3 		movw	r3, #:lower16:.LANCHOR6
 510 0330 1010A0E3 		mov	r1, #16
 511 0334 003040E3 		movt	r3, #:upper16:.LANCHOR6
 512 0338 002BF3EE 		vmov.f64	d18, #1.6e+1
 513 033c 001083E5 		str	r1, [r3]
 514 0340 99FFFFEA 		b	.L91
 515              	.L85:
 516 0344 003000E3 		movw	r3, #:lower16:.LANCHOR4
 517 0348 2010A0E3 		mov	r1, #32
 518 034c 003040E3 		movt	r3, #:upper16:.LANCHOR4
 519 0350 221BDFED 		vldr.64	d17, .L137+56
 520 0354 001083E5 		str	r1, [r3]
 521 0358 89FFFFEA 		b	.L87
 522              	.L84:
 523 035c 003000E3 		movw	r3, #:lower16:.LANCHOR4
 524 0360 1010A0E3 		mov	r1, #16
 525 0364 003040E3 		movt	r3, #:upper16:.LANCHOR4
 526 0368 001BF3EE 		vmov.f64	d17, #1.6e+1
 527 036c 001083E5 		str	r1, [r3]
 528 0370 83FFFFEA 		b	.L87
 529              	.L79:
 530 0374 003000E3 		movw	r3, #:lower16:.LANCHOR3
 531 0378 0810A0E3 		mov	r1, #8
 532 037c 003040E3 		movt	r3, #:upper16:.LANCHOR3
 533 0380 003BF2EE 		vmov.f64	d19, #8.0e+0
 534 0384 001083E5 		str	r1, [r3]
 535 0388 6EFFFFEA 		b	.L82
 536              	.L80:
 537 038c 003000E3 		movw	r3, #:lower16:.LANCHOR3
 538 0390 1010A0E3 		mov	r1, #16
 539 0394 003040E3 		movt	r3, #:upper16:.LANCHOR3
 540 0398 003BF3EE 		vmov.f64	d19, #1.6e+1
 541 039c 001083E5 		str	r1, [r3]
 542 03a0 68FFFFEA 		b	.L82
 543              	.L138:
 544 03a4 00F020E3 		.align	3
 545              	.L137:
 546 03a8 00000000 		.word	0
 547 03ac 00C02F40 		.word	1076871168
 548 03b0 00000000 		.word	0
 549 03b4 00E03F40 		.word	1077927936
 550 03b8 00000000 		.word	0
 551 03bc 00104040 		.word	1077940224
 552 03c0 00000000 		.word	0
 553 03c4 00203040 		.word	1076895744
 554 03c8 00000000 		.word	0
 555 03cc 00801F40 		.word	1075806208
 556 03d0 00000000 		.word	0
 557 03d4 00402040 		.word	1075855360
 558 03d8 00000000 		.word	0
 559 03dc 00801040 		.word	1074823168
 560 03e0 00000000 		.word	0
 561 03e4 00004040 		.word	1077936128
 563              		.section	.text.R_CPG_SetSubClockSource,"ax",%progbits
 564              		.align	2
 565              		.global	R_CPG_SetSubClockSource
 566              		.syntax unified
 567              		.arm
 568              		.fpu neon
 570              	R_CPG_SetSubClockSource:
 571              		@ args = 0, pretend = 0, frame = 0
 572              		@ frame_needed = 0, uses_anonymous_args = 0
 573              		@ link register save eliminated.
 574 0000 FF3100E3 		movw	r3, #511
 575 0004 000051E3 		cmp	r1, #0
 576 0008 FE3C4FE3 		movt	r3, 64766
 577 000c BF2F53E1 		ldrh	r2, [r3, #-255]
 578 0010 BBCF53E1 		ldrh	ip, [r3, #-251]
 579 0014 7220FFE6 		uxth	r2, r2
 580 0018 7CC0FFE6 		uxth	ip, ip
 581 001c 2B00000A 		beq	.L140
 582 0020 810080E0 		add	r0, r0, r1, lsl #1
 583 0024 0A0000EA 		b	.L156
 584              	.L167:
 585 0028 013050E5 		ldrb	r3, [r0, #-1]	@ zero_extendqisi2
 586 002c 000053E3 		cmp	r3, #0
 587 0030 2E00000A 		beq	.L166
 588 0034 010053E3 		cmp	r3, #1
 589 0038 5500001A 		bne	.L161
 590 003c FC3F0FE3 		movw	r3, #65532
 591 0040 023003E0 		and	r3, r3, r2
 592 0044 012083E3 		orr	r2, r3, #1
 593              	.L143:
 594 0048 000051E3 		cmp	r1, #0
 595 004c 020040E2 		sub	r0, r0, #2
 596 0050 1E00000A 		beq	.L140
 597              	.L156:
 598 0054 023050E5 		ldrb	r3, [r0, #-2]	@ zero_extendqisi2
 599 0058 011041E2 		sub	r1, r1, #1
 600 005c 000053E3 		cmp	r3, #0
 601 0060 F0FFFF0A 		beq	.L167
 602 0064 010053E3 		cmp	r3, #1
 603 0068 2400000A 		beq	.L168
 604 006c 020053E3 		cmp	r3, #2
 605 0070 3500000A 		beq	.L169
 606 0074 030053E3 		cmp	r3, #3
 607 0078 4500001A 		bne	.L161
 608 007c 013050E5 		ldrb	r3, [r0, #-1]	@ zero_extendqisi2
 609 0080 030053E3 		cmp	r3, #3
 610 0084 03C0CC03 		biceq	ip, ip, #3
 611 0088 0CC8A001 		lsleq	ip, ip, #16
 612 008c 2CC8A001 		lsreq	ip, ip, #16
 613 0090 ECFFFF0A 		beq	.L143
 614 0094 010053E3 		cmp	r3, #1
 615 0098 FC3F0F03 		movweq	r3, #65532
 616 009c 0C300300 		andeq	r3, r3, ip
 617 00a0 01C08303 		orreq	ip, r3, #1
 618 00a4 E7FFFF0A 		beq	.L143
 619 00a8 000053E3 		cmp	r3, #0
 620 00ac 3A00000A 		beq	.L170
 621 00b0 020053E3 		cmp	r3, #2
 622 00b4 3600001A 		bne	.L161
 623 00b8 FC3F0FE3 		movw	r3, #65532
 624 00bc 000051E3 		cmp	r1, #0
 625 00c0 0C3003E0 		and	r3, r3, ip
 626 00c4 020040E2 		sub	r0, r0, #2
 627 00c8 03C083E3 		orr	ip, r3, #3
 628 00cc E0FFFF1A 		bne	.L156
 629              	.L140:
 630 00d0 FF3100E3 		movw	r3, #511
 631 00d4 0000A0E3 		mov	r0, #0
 632 00d8 FE3C4FE3 		movt	r3, 64766
 633 00dc BF2F43E1 		strh	r2, [r3, #-255]	@ movhi
 634 00e0 BBCF43E1 		strh	ip, [r3, #-251]	@ movhi
 635 00e4 BF2F53E1 		ldrh	r2, [r3, #-255]
 636 00e8 BB3F53E1 		ldrh	r3, [r3, #-251]
 637 00ec 1EFF2FE1 		bx	lr
 638              	.L166:
 639 00f0 0320C2E3 		bic	r2, r2, #3
 640 00f4 0228A0E1 		lsl	r2, r2, #16
 641 00f8 2228A0E1 		lsr	r2, r2, #16
 642 00fc D1FFFFEA 		b	.L143
 643              	.L168:
 644 0100 013050E5 		ldrb	r3, [r0, #-1]	@ zero_extendqisi2
 645 0104 030053E3 		cmp	r3, #3
 646 0108 03CCCC03 		biceq	ip, ip, #768
 647 010c 0CC8A001 		lsleq	ip, ip, #16
 648 0110 2CC8A001 		lsreq	ip, ip, #16
 649 0114 CBFFFF0A 		beq	.L143
 650 0118 010053E3 		cmp	r3, #1
 651 011c FF3C0F03 		movweq	r3, #64767
 652 0120 0C300300 		andeq	r3, r3, ip
 653 0124 01CC8303 		orreq	ip, r3, #256
 654 0128 C6FFFF0A 		beq	.L143
 655 012c 000053E3 		cmp	r3, #0
 656 0130 2100000A 		beq	.L171
 657 0134 020053E3 		cmp	r3, #2
 658 0138 1500001A 		bne	.L161
 659 013c FF3C0FE3 		movw	r3, #64767
 660 0140 0C3003E0 		and	r3, r3, ip
 661 0144 03CC83E3 		orr	ip, r3, #768
 662 0148 BEFFFFEA 		b	.L143
 663              	.L169:
 664 014c 013050E5 		ldrb	r3, [r0, #-1]	@ zero_extendqisi2
 665 0150 030053E3 		cmp	r3, #3
 666 0154 30C0CC03 		biceq	ip, ip, #48
 667 0158 0CC8A001 		lsleq	ip, ip, #16
 668 015c 2CC8A001 		lsreq	ip, ip, #16
 669 0160 B8FFFF0A 		beq	.L143
 670 0164 010053E3 		cmp	r3, #1
 671 0168 CF3F0F03 		movweq	r3, #65487
 672 016c 0C300300 		andeq	r3, r3, ip
 673 0170 10C08303 		orreq	ip, r3, #16
 674 0174 B3FFFF0A 		beq	.L143
 675 0178 000053E3 		cmp	r3, #0
 676 017c 0A00000A 		beq	.L172
 677 0180 020053E3 		cmp	r3, #2
 678 0184 CF3F0F03 		movweq	r3, #65487
 679 0188 0C300300 		andeq	r3, r3, ip
 680 018c 30C08303 		orreq	ip, r3, #48
 681 0190 ACFFFF0A 		beq	.L143
 682              	.L161:
 683 0194 0000E0E3 		mvn	r0, #0
 684 0198 1EFF2FE1 		bx	lr
 685              	.L170:
 686 019c FC3F0FE3 		movw	r3, #65532
 687 01a0 0C3003E0 		and	r3, r3, ip
 688 01a4 02C083E3 		orr	ip, r3, #2
 689 01a8 A6FFFFEA 		b	.L143
 690              	.L172:
 691 01ac CF3F0FE3 		movw	r3, #65487
 692 01b0 0C3003E0 		and	r3, r3, ip
 693 01b4 20C083E3 		orr	ip, r3, #32
 694 01b8 A2FFFFEA 		b	.L143
 695              	.L171:
 696 01bc FF3C0FE3 		movw	r3, #64767
 697 01c0 0C3003E0 		and	r3, r3, ip
 698 01c4 02CC83E3 		orr	ip, r3, #512
 699 01c8 9EFFFFEA 		b	.L143
 701              		.section	.text.R_CPG_ConfigExtClockPin,"ax",%progbits
 702              		.align	2
 703              		.global	R_CPG_ConfigExtClockPin
 704              		.syntax unified
 705              		.arm
 706              		.fpu neon
 708              	R_CPG_ConfigExtClockPin:
 709              		@ args = 0, pretend = 0, frame = 0
 710              		@ frame_needed = 0, uses_anonymous_args = 0
 711              		@ link register save eliminated.
 712 0000 FF10A0E3 		mov	r1, #255
 713 0004 0020D0E5 		ldrb	r2, [r0]	@ zero_extendqisi2
 714 0008 FE1C4FE3 		movt	r1, 64766
 715 000c FF3F08E3 		movw	r3, #36863
 716 0010 BF1E51E1 		ldrh	r1, [r1, #-239]
 717 0014 013003E0 		and	r3, r3, r1
 718 0018 070052E3 		cmp	r2, #7
 719 001c 02F19F97 		ldrls	pc, [pc, r2, asl #2]
 720 0020 1A0000EA 		b	.L184
 721              	.L176:
 722 0024 60000000 		.word	.L175
 723 0028 68000000 		.word	.L177
 724 002c 70000000 		.word	.L178
 725 0030 78000000 		.word	.L179
 726 0034 48000000 		.word	.L180
 727 0038 80000000 		.word	.L181
 728 003c 88000000 		.word	.L182
 729 0040 44000000 		.word	.L183
 730              	.L183:
 731 0044 033A83E3 		orr	r3, r3, #12288
 732              	.L180:
 733 0048 FF20A0E3 		mov	r2, #255
 734 004c 0000A0E3 		mov	r0, #0
 735 0050 FE2C4FE3 		movt	r2, 64766
 736 0054 BF3E42E1 		strh	r3, [r2, #-239]	@ movhi
 737 0058 BF3E52E1 		ldrh	r3, [r2, #-239]
 738 005c 1EFF2FE1 		bx	lr
 739              	.L175:
 740 0060 013983E3 		orr	r3, r3, #16384
 741 0064 F7FFFFEA 		b	.L180
 742              	.L177:
 743 0068 053A83E3 		orr	r3, r3, #20480
 744 006c F5FFFFEA 		b	.L180
 745              	.L178:
 746 0070 063A83E3 		orr	r3, r3, #24576
 747 0074 F3FFFFEA 		b	.L180
 748              	.L179:
 749 0078 073A83E3 		orr	r3, r3, #28672
 750 007c F1FFFFEA 		b	.L180
 751              	.L181:
 752 0080 013A83E3 		orr	r3, r3, #4096
 753 0084 EFFFFFEA 		b	.L180
 754              	.L182:
 755 0088 023A83E3 		orr	r3, r3, #8192
 756 008c EDFFFFEA 		b	.L180
 757              	.L184:
 758 0090 0000E0E3 		mvn	r0, #0
 759 0094 1EFF2FE1 		bx	lr
 761              		.section	.text.R_CPG_GetClock,"ax",%progbits
 762              		.align	2
 763              		.global	R_CPG_GetClock
 764              		.syntax unified
 765              		.arm
 766              		.fpu neon
 768              	R_CPG_GetClock:
 769              		@ args = 0, pretend = 0, frame = 0
 770              		@ frame_needed = 0, uses_anonymous_args = 0
 771              		@ link register save eliminated.
 772 0000 000051E3 		cmp	r1, #0
 773 0004 3600000A 		beq	.L196
 774 0008 060050E3 		cmp	r0, #6
 775 000c 00F19F97 		ldrls	pc, [pc, r0, asl #2]
 776 0010 330000EA 		b	.L196
 777              	.L188:
 778 0014 30000000 		.word	.L194
 779 0018 68000000 		.word	.L189
 780 001c 80000000 		.word	.L190
 781 0020 B4000000 		.word	.L191
 782 0024 CC000000 		.word	.L192
 783 0028 48000000 		.word	.L193
 784 002c 30000000 		.word	.L194
 785              	.L194:
 786 0030 003000E3 		movw	r3, #:lower16:.LANCHOR8
 787 0034 0000A0E3 		mov	r0, #0
 788 0038 003040E3 		movt	r3, #:upper16:.LANCHOR8
 789 003c D020C3E1 		ldrd	r2, [r3]
 790 0040 F020C1E1 		strd	r2, [r1]
 791 0044 1EFF2FE1 		bx	lr
 792              	.L193:
 793 0048 003000E3 		movw	r3, #:lower16:.LANCHOR1
 794 004c 271BDFED 		vldr.64	d17, .L197
 795 0050 003040E3 		movt	r3, #:upper16:.LANCHOR1
 796 0054 0000A0E3 		mov	r0, #0
 797 0058 000BD3ED 		vldr.64	d16, [r3]
 798 005c A10B60EE 		vmul.f64	d16, d16, d17
 799 0060 000BC1ED 		vstr.64	d16, [r1]
 800 0064 1EFF2FE1 		bx	lr
 801              	.L189:
 802 0068 003000E3 		movw	r3, #:lower16:.LANCHOR2
 803 006c 0000A0E3 		mov	r0, #0
 804 0070 003040E3 		movt	r3, #:upper16:.LANCHOR2
 805 0074 D020C3E1 		ldrd	r2, [r3]
 806 0078 F020C1E1 		strd	r2, [r1]
 807 007c 1EFF2FE1 		bx	lr
 808              	.L190:
 809 0080 003000E3 		movw	r3, #:lower16:.LANCHOR4
 810 0084 002000E3 		movw	r2, #:lower16:.LANCHOR1
 811 0088 003040E3 		movt	r3, #:upper16:.LANCHOR4
 812 008c 002040E3 		movt	r2, #:upper16:.LANCHOR1
 813 0090 003093E5 		ldr	r3, [r3]
 814 0094 0000A0E3 		mov	r0, #0
 815 0098 000BD2ED 		vldr.64	d16, [r2]
 816 009c 903A07EE 		vmov	s15, r3	@ int
 817 00a0 A00B70EE 		vadd.f64	d16, d16, d16
 818 00a4 671BF8EE 		vcvt.f64.u32	d17, s15
 819 00a8 A12BC0EE 		vdiv.f64	d18, d16, d17
 820 00ac 002BC1ED 		vstr.64	d18, [r1]
 821 00b0 1EFF2FE1 		bx	lr
 822              	.L191:
 823 00b4 003000E3 		movw	r3, #:lower16:.LANCHOR5
 824 00b8 0000A0E3 		mov	r0, #0
 825 00bc 003040E3 		movt	r3, #:upper16:.LANCHOR5
 826 00c0 D020C3E1 		ldrd	r2, [r3]
 827 00c4 F020C1E1 		strd	r2, [r1]
 828 00c8 1EFF2FE1 		bx	lr
 829              	.L192:
 830 00cc 003000E3 		movw	r3, #:lower16:.LANCHOR7
 831 00d0 0000A0E3 		mov	r0, #0
 832 00d4 003040E3 		movt	r3, #:upper16:.LANCHOR7
 833 00d8 D020C3E1 		ldrd	r2, [r3]
 834 00dc F020C1E1 		strd	r2, [r1]
 835 00e0 1EFF2FE1 		bx	lr
 836              	.L196:
 837 00e4 0000E0E3 		mvn	r0, #0
 838 00e8 1EFF2FE1 		bx	lr
 839              	.L198:
 840 00ec 00F020E3 		.align	3
 841              	.L197:
 842 00f0 00000000 		.word	0
 843 00f4 0000A03F 		.word	1067450368
 845              		.section	.text.R_CPG_GetVersion,"ax",%progbits
 846              		.align	2
 847              		.global	R_CPG_GetVersion
 848              		.syntax unified
 849              		.arm
 850              		.fpu neon
 852              	R_CPG_GetVersion:
 853              		@ args = 0, pretend = 0, frame = 0
 854              		@ frame_needed = 0, uses_anonymous_args = 0
 855 0000 002000E3 		movw	r2, #:lower16:.LC0
 856 0004 04E02DE5 		str	lr, [sp, #-4]!
 857 0008 0030A0E1 		mov	r3, r0
 858 000c 0010A0E3 		mov	r1, #0
 859 0010 002040E3 		movt	r2, #:upper16:.LC0
 860 0014 01E0A0E3 		mov	lr, #1
 861 0018 05C0A0E3 		mov	ip, #5
 862 001c 142080E5 		str	r2, [r0, #20]
 863 0020 0100A0E1 		mov	r0, r1
 864 0024 BEE0C3E1 		strh	lr, [r3, #14]	@ movhi
 865 0028 BCC0C3E1 		strh	ip, [r3, #12]	@ movhi
 866 002c 101083E5 		str	r1, [r3, #16]
 867 0030 04F09DE4 		ldr	pc, [sp], #4
 869              		.section	.bss.gs_drv_cpg_is_initialized,"aw",%nobits
 870              		.align	2
 871              		.set	.LANCHOR0,. + 0
 874              	gs_drv_cpg_is_initialized:
 875 0000 00000000 		.space	4
 876              		.section	.data.gs_cpg_bclk_divisor,"aw",%progbits
 877              		.align	2
 878              		.set	.LANCHOR4,. + 0
 881              	gs_cpg_bclk_divisor:
 882 0000 08000000 		.word	8
 883              		.section	.data.gs_cpg_bclk_frequency_khz,"aw",%progbits
 884              		.align	3
 885              		.set	.LANCHOR5,. + 0
 888              	gs_cpg_bclk_frequency_khz:
 889 0000 00000000 		.word	0
 890 0004 001D0041 		.word	1090526464
 891              		.section	.data.gs_cpg_extal_frequency_khz,"aw",%progbits
 892              		.align	3
 893              		.set	.LANCHOR8,. + 0
 896              	gs_cpg_extal_frequency_khz:
 897 0000 00000000 		.word	0
 898 0004 0070D740 		.word	1087860736
 899              		.section	.data.gs_cpg_iclk_divisor,"aw",%progbits
 900              		.align	2
 901              		.set	.LANCHOR3,. + 0
 904              	gs_cpg_iclk_divisor:
 905 0000 02000000 		.word	2
 906              		.section	.data.gs_cpg_iclk_frequency_khz,"aw",%progbits
 907              		.align	3
 908              		.set	.LANCHOR2,. + 0
 911              	gs_cpg_iclk_frequency_khz:
 912 0000 00000000 		.word	0
 913 0004 001D2041 		.word	1092623616
 914              		.section	.data.gs_cpg_p1clk_divisor,"aw",%progbits
 915              		.align	2
 916              		.set	.LANCHOR6,. + 0
 919              	gs_cpg_p1clk_divisor:
 920 0000 10000000 		.word	16
 921              		.section	.data.gs_cpg_p1clk_frequency_khz,"aw",%progbits
 922              		.align	3
 923              		.set	.LANCHOR7,. + 0
 926              	gs_cpg_p1clk_frequency_khz:
 927 0000 00000000 		.word	0
 928 0004 001DF040 		.word	1089477888
 929              		.section	.data.gs_cpg_pll_frequency_khz,"aw",%progbits
 930              		.align	3
 931              		.set	.LANCHOR1,. + 0
 934              	gs_cpg_pll_frequency_khz:
 935 0000 00000000 		.word	0
 936 0004 001D3041 		.word	1093672192
 937              		.section	.rodata.R_CPG_GetVersion.str1.4,"aMS",%progbits,1
 938              		.align	2
 939              	.LC0:
 940 0000 4C4C4420 		.ascii	"LLD EBK_RZA2M CPG\000"
 940      45424B5F 
 940      525A4132 
 940      4D204350 
 940      4700
 941              		.ident	"GCC: (GNU Tools for ARM Embedded Processors 6-2017-q2-update) 6.3.1 20170620 (release) [AR
DEFINED SYMBOLS
                            *ABS*:00000000 r_cpg_lld_rza2m.c
C:\Users\a5050395\AppData\Local\Temp\ccwq0Rpa.s:14     .text.R_CPG_InitialiseHwIf:00000000 $a
C:\Users\a5050395\AppData\Local\Temp\ccwq0Rpa.s:20     .text.R_CPG_InitialiseHwIf:00000000 R_CPG_InitialiseHwIf
C:\Users\a5050395\AppData\Local\Temp\ccwq0Rpa.s:871    .bss.gs_drv_cpg_is_initialized:00000000 .LANCHOR0
C:\Users\a5050395\AppData\Local\Temp\ccwq0Rpa.s:901    .data.gs_cpg_iclk_divisor:00000000 .LANCHOR3
C:\Users\a5050395\AppData\Local\Temp\ccwq0Rpa.s:916    .data.gs_cpg_p1clk_divisor:00000000 .LANCHOR6
C:\Users\a5050395\AppData\Local\Temp\ccwq0Rpa.s:878    .data.gs_cpg_bclk_divisor:00000000 .LANCHOR4
C:\Users\a5050395\AppData\Local\Temp\ccwq0Rpa.s:931    .data.gs_cpg_pll_frequency_khz:00000000 .LANCHOR1
C:\Users\a5050395\AppData\Local\Temp\ccwq0Rpa.s:923    .data.gs_cpg_p1clk_frequency_khz:00000000 .LANCHOR7
C:\Users\a5050395\AppData\Local\Temp\ccwq0Rpa.s:885    .data.gs_cpg_bclk_frequency_khz:00000000 .LANCHOR5
C:\Users\a5050395\AppData\Local\Temp\ccwq0Rpa.s:893    .data.gs_cpg_extal_frequency_khz:00000000 .LANCHOR8
C:\Users\a5050395\AppData\Local\Temp\ccwq0Rpa.s:908    .data.gs_cpg_iclk_frequency_khz:00000000 .LANCHOR2
C:\Users\a5050395\AppData\Local\Temp\ccwq0Rpa.s:126    .text.R_CPG_InitialiseHwIf:00000190 $d
C:\Users\a5050395\AppData\Local\Temp\ccwq0Rpa.s:134    .text.R_CPG_UninitialiseHwIf:00000000 $a
C:\Users\a5050395\AppData\Local\Temp\ccwq0Rpa.s:140    .text.R_CPG_UninitialiseHwIf:00000000 R_CPG_UninitialiseHwIf
C:\Users\a5050395\AppData\Local\Temp\ccwq0Rpa.s:148    .text.R_CPG_SetXtalClock:00000000 $a
C:\Users\a5050395\AppData\Local\Temp\ccwq0Rpa.s:154    .text.R_CPG_SetXtalClock:00000000 R_CPG_SetXtalClock
C:\Users\a5050395\AppData\Local\Temp\ccwq0Rpa.s:226    .text.R_CPG_SetXtalClock:000000f8 $d
C:\Users\a5050395\AppData\Local\Temp\ccwq0Rpa.s:240    .text.R_CPG_SetMainClock:00000000 $a
C:\Users\a5050395\AppData\Local\Temp\ccwq0Rpa.s:246    .text.R_CPG_SetMainClock:00000000 R_CPG_SetMainClock
C:\Users\a5050395\AppData\Local\Temp\ccwq0Rpa.s:273    .text.R_CPG_SetSubClockDividers:00000000 $a
C:\Users\a5050395\AppData\Local\Temp\ccwq0Rpa.s:279    .text.R_CPG_SetSubClockDividers:00000000 R_CPG_SetSubClockDividers
C:\Users\a5050395\AppData\Local\Temp\ccwq0Rpa.s:546    .text.R_CPG_SetSubClockDividers:000003a8 $d
C:\Users\a5050395\AppData\Local\Temp\ccwq0Rpa.s:564    .text.R_CPG_SetSubClockSource:00000000 $a
C:\Users\a5050395\AppData\Local\Temp\ccwq0Rpa.s:570    .text.R_CPG_SetSubClockSource:00000000 R_CPG_SetSubClockSource
C:\Users\a5050395\AppData\Local\Temp\ccwq0Rpa.s:702    .text.R_CPG_ConfigExtClockPin:00000000 $a
C:\Users\a5050395\AppData\Local\Temp\ccwq0Rpa.s:708    .text.R_CPG_ConfigExtClockPin:00000000 R_CPG_ConfigExtClockPin
C:\Users\a5050395\AppData\Local\Temp\ccwq0Rpa.s:722    .text.R_CPG_ConfigExtClockPin:00000024 $d
C:\Users\a5050395\AppData\Local\Temp\ccwq0Rpa.s:731    .text.R_CPG_ConfigExtClockPin:00000044 $a
C:\Users\a5050395\AppData\Local\Temp\ccwq0Rpa.s:762    .text.R_CPG_GetClock:00000000 $a
C:\Users\a5050395\AppData\Local\Temp\ccwq0Rpa.s:768    .text.R_CPG_GetClock:00000000 R_CPG_GetClock
C:\Users\a5050395\AppData\Local\Temp\ccwq0Rpa.s:778    .text.R_CPG_GetClock:00000014 $d
C:\Users\a5050395\AppData\Local\Temp\ccwq0Rpa.s:786    .text.R_CPG_GetClock:00000030 $a
C:\Users\a5050395\AppData\Local\Temp\ccwq0Rpa.s:842    .text.R_CPG_GetClock:000000f0 $d
C:\Users\a5050395\AppData\Local\Temp\ccwq0Rpa.s:846    .text.R_CPG_GetVersion:00000000 $a
C:\Users\a5050395\AppData\Local\Temp\ccwq0Rpa.s:852    .text.R_CPG_GetVersion:00000000 R_CPG_GetVersion
C:\Users\a5050395\AppData\Local\Temp\ccwq0Rpa.s:939    .rodata.R_CPG_GetVersion.str1.4:00000000 .LC0
C:\Users\a5050395\AppData\Local\Temp\ccwq0Rpa.s:870    .bss.gs_drv_cpg_is_initialized:00000000 $d
C:\Users\a5050395\AppData\Local\Temp\ccwq0Rpa.s:874    .bss.gs_drv_cpg_is_initialized:00000000 gs_drv_cpg_is_initialized
C:\Users\a5050395\AppData\Local\Temp\ccwq0Rpa.s:877    .data.gs_cpg_bclk_divisor:00000000 $d
C:\Users\a5050395\AppData\Local\Temp\ccwq0Rpa.s:881    .data.gs_cpg_bclk_divisor:00000000 gs_cpg_bclk_divisor
C:\Users\a5050395\AppData\Local\Temp\ccwq0Rpa.s:884    .data.gs_cpg_bclk_frequency_khz:00000000 $d
C:\Users\a5050395\AppData\Local\Temp\ccwq0Rpa.s:888    .data.gs_cpg_bclk_frequency_khz:00000000 gs_cpg_bclk_frequency_khz
C:\Users\a5050395\AppData\Local\Temp\ccwq0Rpa.s:892    .data.gs_cpg_extal_frequency_khz:00000000 $d
C:\Users\a5050395\AppData\Local\Temp\ccwq0Rpa.s:896    .data.gs_cpg_extal_frequency_khz:00000000 gs_cpg_extal_frequency_khz
C:\Users\a5050395\AppData\Local\Temp\ccwq0Rpa.s:900    .data.gs_cpg_iclk_divisor:00000000 $d
C:\Users\a5050395\AppData\Local\Temp\ccwq0Rpa.s:904    .data.gs_cpg_iclk_divisor:00000000 gs_cpg_iclk_divisor
C:\Users\a5050395\AppData\Local\Temp\ccwq0Rpa.s:907    .data.gs_cpg_iclk_frequency_khz:00000000 $d
C:\Users\a5050395\AppData\Local\Temp\ccwq0Rpa.s:911    .data.gs_cpg_iclk_frequency_khz:00000000 gs_cpg_iclk_frequency_khz
C:\Users\a5050395\AppData\Local\Temp\ccwq0Rpa.s:915    .data.gs_cpg_p1clk_divisor:00000000 $d
C:\Users\a5050395\AppData\Local\Temp\ccwq0Rpa.s:919    .data.gs_cpg_p1clk_divisor:00000000 gs_cpg_p1clk_divisor
C:\Users\a5050395\AppData\Local\Temp\ccwq0Rpa.s:922    .data.gs_cpg_p1clk_frequency_khz:00000000 $d
C:\Users\a5050395\AppData\Local\Temp\ccwq0Rpa.s:926    .data.gs_cpg_p1clk_frequency_khz:00000000 gs_cpg_p1clk_frequency_khz
C:\Users\a5050395\AppData\Local\Temp\ccwq0Rpa.s:930    .data.gs_cpg_pll_frequency_khz:00000000 $d
C:\Users\a5050395\AppData\Local\Temp\ccwq0Rpa.s:934    .data.gs_cpg_pll_frequency_khz:00000000 gs_cpg_pll_frequency_khz
C:\Users\a5050395\AppData\Local\Temp\ccwq0Rpa.s:938    .rodata.R_CPG_GetVersion.str1.4:00000000 $d

NO UNDEFINED SYMBOLS
