   1              		.cpu cortex-a9
   2              		.eabi_attribute 28, 1
   3              		.eabi_attribute 20, 1
   4              		.eabi_attribute 21, 1
   5              		.eabi_attribute 23, 3
   6              		.eabi_attribute 24, 1
   7              		.eabi_attribute 25, 1
   8              		.eabi_attribute 26, 1
   9              		.eabi_attribute 30, 4
  10              		.eabi_attribute 34, 0
  11              		.eabi_attribute 18, 4
  12              		.file	"tensorflowlite_quantdt_dnn_compute.cc"
  13              		.section	.text._ZN6tflite18MicroErrorReporterD2Ev,"axG",%progbits,_ZN6tflite18MicroErrorReporterD5
  14              		.align	2
  15              		.weak	_ZN6tflite18MicroErrorReporterD2Ev
  16              		.syntax unified
  17              		.arm
  18              		.fpu neon
  20              	_ZN6tflite18MicroErrorReporterD2Ev:
  21              		.fnstart
  22              	.LFB6305:
  23              		@ args = 0, pretend = 0, frame = 0
  24              		@ frame_needed = 0, uses_anonymous_args = 0
  25              		@ link register save eliminated.
  26 0000 1EFF2FE1 		bx	lr
  27              		.cantunwind
  28              		.fnend
  30              		.weak	_ZN6tflite18MicroErrorReporterD1Ev
  31              		.set	_ZN6tflite18MicroErrorReporterD1Ev,_ZN6tflite18MicroErrorReporterD2Ev
  32              		.section	.text._ZN6tflite15MicroOpResolverILj5EED2Ev,"axG",%progbits,_ZN6tflite15MicroOpResolverIL
  33              		.align	2
  34              		.weak	_ZN6tflite15MicroOpResolverILj5EED2Ev
  35              		.syntax unified
  36              		.arm
  37              		.fpu neon
  39              	_ZN6tflite15MicroOpResolverILj5EED2Ev:
  40              		.fnstart
  41              	.LFB10340:
  42              		@ args = 0, pretend = 0, frame = 0
  43              		@ frame_needed = 0, uses_anonymous_args = 0
  44              		@ link register save eliminated.
  45 0000 1EFF2FE1 		bx	lr
  46              		.cantunwind
  47              		.fnend
  49              		.weak	_ZN6tflite15MicroOpResolverILj5EED1Ev
  50              		.set	_ZN6tflite15MicroOpResolverILj5EED1Ev,_ZN6tflite15MicroOpResolverILj5EED2Ev
  51              		.section	.text._ZNK6tflite15MicroOpResolverILj5EE6FindOpENS_15BuiltinOperatorEi,"axG",%progbits,_Z
  52              		.align	2
  53              		.weak	_ZNK6tflite15MicroOpResolverILj5EE6FindOpENS_15BuiltinOperatorEi
  54              		.syntax unified
  55              		.arm
  56              		.fpu neon
  58              	_ZNK6tflite15MicroOpResolverILj5EE6FindOpENS_15BuiltinOperatorEi:
  59              		.fnstart
  60              	.LFB10355:
  61              		@ args = 0, pretend = 0, frame = 0
  62              		@ frame_needed = 0, uses_anonymous_args = 0
  63 0000 10402DE9 		push	{r4, lr}
  64 0004 0030A0E1 		mov	r3, r0
  65 0008 A4E090E5 		ldr	lr, [r0, #164]
  66 000c 00C0A0E3 		mov	ip, #0
  67              	.L6:
  68 0010 0E005CE1 		cmp	ip, lr
  69 0014 0B00000A 		beq	.L7
  70 0018 184093E5 		ldr	r4, [r3, #24]
  71 001c 010054E1 		cmp	r4, r1
  72 0020 0500001A 		bne	.L5
  73 0024 204093E5 		ldr	r4, [r3, #32]
  74 0028 020054E1 		cmp	r4, r2
  75 002c 0200001A 		bne	.L5
  76 0030 8C0280E0 		add	r0, r0, ip, lsl #5
  77 0034 040080E2 		add	r0, r0, #4
  78 0038 1080BDE8 		pop	{r4, pc}
  79              	.L5:
  80 003c 01C08CE2 		add	ip, ip, #1
  81 0040 203083E2 		add	r3, r3, #32
  82 0044 F1FFFFEA 		b	.L6
  83              	.L7:
  84 0048 0000A0E3 		mov	r0, #0
  85 004c 1080BDE8 		pop	{r4, pc}
  86              		.cantunwind
  87              		.fnend
  89              		.section	.text._ZNK6tflite15MicroOpResolverILj5EE6FindOpEPKci,"axG",%progbits,_ZNK6tflite15MicroOp
  90              		.align	2
  91              		.weak	_ZNK6tflite15MicroOpResolverILj5EE6FindOpEPKci
  92              		.syntax unified
  93              		.arm
  94              		.fpu neon
  96              	_ZNK6tflite15MicroOpResolverILj5EE6FindOpEPKci:
  97              		.fnstart
  98              	.LFB10356:
  99              		@ args = 0, pretend = 0, frame = 0
 100              		@ frame_needed = 0, uses_anonymous_args = 0
 101 0000 F0472DE9 		push	{r4, r5, r6, r7, r8, r9, r10, lr}
 102 0004 0040A0E1 		mov	r4, r0
 103 0008 A47090E5 		ldr	r7, [r0, #164]
 104 000c 0180A0E1 		mov	r8, r1
 105 0010 0290A0E1 		mov	r9, r2
 106 0014 0050A0E1 		mov	r5, r0
 107 0018 0060A0E3 		mov	r6, #0
 108              	.L13:
 109 001c 070056E1 		cmp	r6, r7
 110 0020 1000000A 		beq	.L14
 111 0024 183095E5 		ldr	r3, [r5, #24]
 112 0028 200053E3 		cmp	r3, #32
 113 002c 0A00001A 		bne	.L12
 114 0030 0810A0E1 		mov	r1, r8
 115 0034 1C0095E5 		ldr	r0, [r5, #28]
 116 0038 FEFFFFEB 		bl	strcmp
 117 003c 000050E3 		cmp	r0, #0
 118 0040 0500001A 		bne	.L12
 119 0044 203095E5 		ldr	r3, [r5, #32]
 120 0048 090053E1 		cmp	r3, r9
 121 004c 0200001A 		bne	.L12
 122 0050 860284E0 		add	r0, r4, r6, lsl #5
 123 0054 040080E2 		add	r0, r0, #4
 124 0058 F087BDE8 		pop	{r4, r5, r6, r7, r8, r9, r10, pc}
 125              	.L12:
 126 005c 016086E2 		add	r6, r6, #1
 127 0060 205085E2 		add	r5, r5, #32
 128 0064 ECFFFFEA 		b	.L13
 129              	.L14:
 130 0068 0000A0E3 		mov	r0, #0
 131 006c F087BDE8 		pop	{r4, r5, r6, r7, r8, r9, r10, pc}
 132              		.cantunwind
 133              		.fnend
 135              		.section	.text._ZN6tflite15MicroOpResolverILj5EED0Ev,"axG",%progbits,_ZN6tflite15MicroOpResolverIL
 136              		.align	2
 137              		.weak	_ZN6tflite15MicroOpResolverILj5EED0Ev
 138              		.syntax unified
 139              		.arm
 140              		.fpu neon
 142              	_ZN6tflite15MicroOpResolverILj5EED0Ev:
 143              		.fnstart
 144              	.LFB10342:
 145              		@ args = 0, pretend = 0, frame = 0
 146              		@ frame_needed = 0, uses_anonymous_args = 0
 147 0000 10402DE9 		push	{r4, lr}
 148 0004 A810A0E3 		mov	r1, #168
 149 0008 0040A0E1 		mov	r4, r0
 150 000c FEFFFFEB 		bl	_ZdlPvj
 151 0010 0400A0E1 		mov	r0, r4
 152 0014 1080BDE8 		pop	{r4, pc}
 153              		.cantunwind
 154              		.fnend
 156              		.section	.text._ZN6tflite18MicroErrorReporterD0Ev,"axG",%progbits,_ZN6tflite18MicroErrorReporterD5
 157              		.align	2
 158              		.weak	_ZN6tflite18MicroErrorReporterD0Ev
 159              		.syntax unified
 160              		.arm
 161              		.fpu neon
 163              	_ZN6tflite18MicroErrorReporterD0Ev:
 164              		.fnstart
 165              	.LFB6307:
 166              		@ args = 0, pretend = 0, frame = 0
 167              		@ frame_needed = 0, uses_anonymous_args = 0
 168 0000 10402DE9 		push	{r4, lr}
 169 0004 0410A0E3 		mov	r1, #4
 170 0008 0040A0E1 		mov	r4, r0
 171 000c FEFFFFEB 		bl	_ZdlPvj
 172 0010 0400A0E1 		mov	r0, r4
 173 0014 1080BDE8 		pop	{r4, pc}
 174              		.cantunwind
 175              		.fnend
 177              		.section	.text._Z26tfl_quantdt_dnn_computePrePhS_,"ax",%progbits
 178              		.align	2
 179              		.global	_Z26tfl_quantdt_dnn_computePrePhS_
 180              		.syntax unified
 181              		.arm
 182              		.fpu neon
 184              	_Z26tfl_quantdt_dnn_computePrePhS_:
 185              		.fnstart
 186              	.LFB6678:
 187              		@ args = 0, pretend = 0, frame = 0
 188              		@ frame_needed = 0, uses_anonymous_args = 0
 189 0000 54309FE5 		ldr	r3, .L28
 190 0004 70402DE9 		push	{r4, r5, r6, lr}
 191              		.save {r4, r5, r6, lr}
 192 0008 0150A0E1 		mov	r5, r1
 193 000c 4C409FE5 		ldr	r4, .L28+4
 194 0010 003093E5 		ldr	r3, [r3]
 195 0014 040083E5 		str	r0, [r3, #4]
 196 0018 000094E5 		ldr	r0, [r4]
 197 001c FEFFFFEB 		bl	_ZN6tflite16MicroInterpreter6InvokeEv
 198 0020 000050E3 		cmp	r0, #0
 199 0024 0300000A 		beq	.L21
 200 0028 34309FE5 		ldr	r3, .L28+8
 201 002c 34109FE5 		ldr	r1, .L28+12
 202 0030 000093E5 		ldr	r0, [r3]
 203 0034 FEFFFFEB 		bl	_ZN6tflite13ErrorReporter6ReportEPKcz
 204              	.L21:
 205 0038 0010A0E3 		mov	r1, #0
 206 003c 000094E5 		ldr	r0, [r4]
 207 0040 FEFFFFEB 		bl	_ZN6tflite16MicroInterpreter6outputEj
 208 0044 001050E2 		subs	r1, r0, #0
 209 0048 2720A0E3 		mov	r2, #39
 210 004c 0500A0E1 		mov	r0, r5
 211 0050 04109115 		ldrne	r1, [r1, #4]
 212 0054 7040BDE8 		pop	{r4, r5, r6, lr}
 213 0058 FEFFFFEA 		b	memcpy
 214              	.L29:
 215              		.align	2
 216              	.L28:
 217 005c 00000000 		.word	.LANCHOR0
 218 0060 00000000 		.word	.LANCHOR1
 219 0064 00000000 		.word	.LANCHOR2
 220 0068 00000000 		.word	.LC0
 221              		.fnend
 223              		.section	.text._ZN6tflite15MicroOpResolverILj5EE10AddBuiltinENS_15BuiltinOperatorEP18TfLiteRegistr
 224              		.align	2
 225              		.weak	_ZN6tflite15MicroOpResolverILj5EE10AddBuiltinENS_15BuiltinOperatorEP18TfLiteRegistrationii
 226              		.syntax unified
 227              		.arm
 228              		.fpu neon
 230              	_ZN6tflite15MicroOpResolverILj5EE10AddBuiltinENS_15BuiltinOperatorEP18TfLiteRegistrationii:
 231              		.fnstart
 232              	.LFB8144:
 233              		@ args = 4, pretend = 0, frame = 0
 234              		@ frame_needed = 0, uses_anonymous_args = 0
 235 0000 F84F2DE9 		push	{r3, r4, r5, r6, r7, r8, r9, r10, fp, lr}
 236              		.save {r3, r4, r5, r6, r7, r8, r9, r10, fp, lr}
 237 0004 0050A0E1 		mov	r5, r0
 238 0008 28A09DE5 		ldr	r10, [sp, #40]
 239 000c 0170A0E1 		mov	r7, r1
 240 0010 0280A0E1 		mov	r8, r2
 241 0014 0340A0E1 		mov	r4, r3
 242 0018 88609FE5 		ldr	r6, .L35
 243 001c 88909FE5 		ldr	r9, .L35+4
 244              	.L33:
 245 0020 0A0054E1 		cmp	r4, r10
 246 0024 F88FBDC8 		popgt	{r3, r4, r5, r6, r7, r8, r9, r10, fp, pc}
 247 0028 A42095E5 		ldr	r2, [r5, #164]
 248 002c 0530A0E3 		mov	r3, #5
 249 0030 000096E5 		ldr	r0, [r6]
 250 0034 040052E3 		cmp	r2, #4
 251 0038 0600009A 		bls	.L32
 252 003c 6C109FE5 		ldr	r1, .L35+8
 253 0040 080090E5 		ldr	r0, [r0, #8]
 254 0044 FEFFFFEB 		bl	fprintf
 255 0048 003096E5 		ldr	r3, [r6]
 256 004c 080093E5 		ldr	r0, [r3, #8]
 257 0050 F84FBDE8 		pop	{r3, r4, r5, r6, r7, r8, r9, r10, fp, lr}
 258 0054 FEFFFFEA 		b	fflush
 259              	.L32:
 260 0058 0910A0E1 		mov	r1, r9
 261 005c 080090E5 		ldr	r0, [r0, #8]
 262 0060 FEFFFFEB 		bl	fprintf
 263 0064 003096E5 		ldr	r3, [r6]
 264 0068 080093E5 		ldr	r0, [r3, #8]
 265 006c FEFFFFEB 		bl	fflush
 266 0070 A4B095E5 		ldr	fp, [r5, #164]
 267 0074 08E0A0E1 		mov	lr, r8
 268 0078 01308BE2 		add	r3, fp, #1
 269 007c A43085E5 		str	r3, [r5, #164]
 270 0080 8BB285E0 		add	fp, r5, fp, lsl #5
 271 0084 0F00BEE8 		ldmia	lr!, {r0, r1, r2, r3}
 272 0088 04C08BE2 		add	ip, fp, #4
 273 008c 0F00ACE8 		stmia	ip!, {r0, r1, r2, r3}
 274 0090 0F009EE8 		ldm	lr, {r0, r1, r2, r3}
 275 0094 0F008CE8 		stm	ip, {r0, r1, r2, r3}
 276 0098 20408BE5 		str	r4, [fp, #32]
 277 009c 014084E2 		add	r4, r4, #1
 278 00a0 18708BE5 		str	r7, [fp, #24]
 279 00a4 DDFFFFEA 		b	.L33
 280              	.L36:
 281              		.align	2
 282              	.L35:
 283 00a8 00000000 		.word	_impure_ptr
 284 00ac 4E000000 		.word	.LC2
 285 00b0 00000000 		.word	.LC1
 286              		.fnend
 288              		.section	.text._Z24tfl_quantdt_dnn_setupPrev,"ax",%progbits
 289              		.align	2
 290              		.global	_Z24tfl_quantdt_dnn_setupPrev
 291              		.syntax unified
 292              		.arm
 293              		.fpu neon
 295              	_Z24tfl_quantdt_dnn_setupPrev:
 296              		.fnstart
 297              	.LFB6665:
 298              		@ args = 0, pretend = 0, frame = 0
 299              		@ frame_needed = 0, uses_anonymous_args = 0
 300 0000 F3412DE9 		push	{r0, r1, r4, r5, r6, r7, r8, lr}
 301              		.save {r4, r5, r6, r7, r8, lr}
 302              		.pad #8
 303 0004 58429FE5 		ldr	r4, .L65
 304 0008 0030D4E5 		ldrb	r3, [r4]	@ zero_extendqisi2
 305 000c 5BF07FF5 		dmb	ish
 306 0010 010013E3 		tst	r3, #1
 307 0014 0900001A 		bne	.L39
 308 0018 0400A0E1 		mov	r0, r4
 309 001c FEFFFFEB 		bl	__cxa_guard_acquire
 310 0020 000050E3 		cmp	r0, #0
 311 0024 0500000A 		beq	.L39
 312 0028 0400A0E1 		mov	r0, r4
 313 002c FEFFFFEB 		bl	__cxa_guard_release
 314 0030 30229FE5 		ldr	r2, .L65+4
 315 0034 30129FE5 		ldr	r1, .L65+8
 316 0038 30029FE5 		ldr	r0, .L65+12
 317 003c FEFFFFEB 		bl	__aeabi_atexit
 318              	.L39:
 319 0040 2C229FE5 		ldr	r2, .L65+16
 320 0044 2C529FE5 		ldr	r5, .L65+20
 321 0048 20029FE5 		ldr	r0, .L65+12
 322 004c 0110D2E5 		ldrb	r1, [r2, #1]	@ zero_extendqisi2
 323 0050 0030D2E5 		ldrb	r3, [r2]	@ zero_extendqisi2
 324 0054 20629FE5 		ldr	r6, .L65+24
 325 0058 000085E5 		str	r0, [r5]
 326 005c 013483E1 		orr	r3, r3, r1, lsl #8
 327 0060 0210D2E5 		ldrb	r1, [r2, #2]	@ zero_extendqisi2
 328 0064 013883E1 		orr	r3, r3, r1, lsl #16
 329 0068 0310D2E5 		ldrb	r1, [r2, #3]	@ zero_extendqisi2
 330 006c 013C83E1 		orr	r3, r3, r1, lsl #24
 331 0070 021083E0 		add	r1, r3, r2
 332 0074 023093E7 		ldr	r3, [r3, r2]
 333 0078 001086E5 		str	r1, [r6]
 334 007c 033041E0 		sub	r3, r1, r3
 335 0080 B020D3E1 		ldrh	r2, [r3]
 336 0084 040052E3 		cmp	r2, #4
 337 0088 0B0000DA 		ble	.L51
 338 008c B420D3E1 		ldrh	r2, [r3, #4]
 339 0090 000052E3 		cmp	r2, #0
 340 0094 0200000A 		beq	.L41
 341 0098 022091E7 		ldr	r2, [r1, r2]
 342 009c 030052E3 		cmp	r2, #3
 343 00a0 0700000A 		beq	.L42
 344              	.L41:
 345 00a4 0330A0E3 		mov	r3, #3
 346 00a8 D0119FE5 		ldr	r1, .L65+28
 347 00ac BC019FE5 		ldr	r0, .L65+12
 348 00b0 08D08DE2 		add	sp, sp, #8
 349              		@ sp needed
 350 00b4 F041BDE8 		pop	{r4, r5, r6, r7, r8, lr}
 351              	.LEHB0:
 352 00b8 FEFFFFEA 		b	_ZN6tflite13ErrorReporter6ReportEPKcz
 353              	.L51:
 354 00bc 0020A0E3 		mov	r2, #0
 355 00c0 F7FFFFEA 		b	.L41
 356              	.L42:
 357 00c4 B8819FE5 		ldr	r8, .L65+32
 358 00c8 B8119FE5 		ldr	r1, .L65+36
 359 00cc FEFFFFEB 		bl	_ZN6tflite13ErrorReporter6ReportEPKcz
 360 00d0 0030D8E5 		ldrb	r3, [r8]	@ zero_extendqisi2
 361 00d4 5BF07FF5 		dmb	ish
 362 00d8 AC719FE5 		ldr	r7, .L65+40
 363 00dc 014013E2 		ands	r4, r3, #1
 364 00e0 0C00001A 		bne	.L44
 365 00e4 0800A0E1 		mov	r0, r8
 366 00e8 FEFFFFEB 		bl	__cxa_guard_acquire
 367 00ec 000050E3 		cmp	r0, #0
 368 00f0 0800000A 		beq	.L44
 369 00f4 94319FE5 		ldr	r3, .L65+44
 370 00f8 0800A0E1 		mov	r0, r8
 371 00fc A44087E5 		str	r4, [r7, #164]
 372 0100 003087E5 		str	r3, [r7]
 373 0104 FEFFFFEB 		bl	__cxa_guard_release
 374 0108 58219FE5 		ldr	r2, .L65+4
 375 010c 0700A0E1 		mov	r0, r7
 376 0110 7C119FE5 		ldr	r1, .L65+48
 377 0114 FEFFFFEB 		bl	__aeabi_atexit
 378              	.L44:
 379 0118 0140A0E3 		mov	r4, #1
 380 011c FEFFFFEB 		bl	_ZN6tflite3ops5micro24Register_FULLY_CONNECTEDEv
 381 0120 0430A0E1 		mov	r3, r4
 382 0124 0020A0E1 		mov	r2, r0
 383 0128 0910A0E3 		mov	r1, #9
 384 012c 58019FE5 		ldr	r0, .L65+40
 385 0130 00408DE5 		str	r4, [sp]
 386 0134 FEFFFFEB 		bl	_ZN6tflite15MicroOpResolverILj5EE10AddBuiltinENS_15BuiltinOperatorEP18TfLiteRegistrationii
 387 0138 FEFFFFEB 		bl	_ZN6tflite3ops5micro16Register_SOFTMAXEv
 388 013c 0430A0E1 		mov	r3, r4
 389 0140 0020A0E1 		mov	r2, r0
 390 0144 1910A0E3 		mov	r1, #25
 391 0148 3C019FE5 		ldr	r0, .L65+40
 392 014c 00408DE5 		str	r4, [sp]
 393 0150 FEFFFFEB 		bl	_ZN6tflite15MicroOpResolverILj5EE10AddBuiltinENS_15BuiltinOperatorEP18TfLiteRegistrationii
 394 0154 FEFFFFEB 		bl	_ZN6tflite3ops5micro16Register_CONV_2DEv
 395 0158 0430A0E1 		mov	r3, r4
 396 015c 0020A0E1 		mov	r2, r0
 397 0160 0310A0E3 		mov	r1, #3
 398 0164 20019FE5 		ldr	r0, .L65+40
 399 0168 00408DE5 		str	r4, [sp]
 400 016c FEFFFFEB 		bl	_ZN6tflite15MicroOpResolverILj5EE10AddBuiltinENS_15BuiltinOperatorEP18TfLiteRegistrationii
 401 0170 FEFFFFEB 		bl	_ZN6tflite3ops5micro26Register_DEPTHWISE_CONV_2DEv
 402 0174 0430A0E1 		mov	r3, r4
 403 0178 0020A0E1 		mov	r2, r0
 404 017c 0410A0E3 		mov	r1, #4
 405 0180 04019FE5 		ldr	r0, .L65+40
 406 0184 00408DE5 		str	r4, [sp]
 407 0188 FEFFFFEB 		bl	_ZN6tflite15MicroOpResolverILj5EE10AddBuiltinENS_15BuiltinOperatorEP18TfLiteRegistrationii
 408 018c FEFFFFEB 		bl	_ZN6tflite3ops5micro24Register_AVERAGE_POOL_2DEv
 409 0190 0430A0E1 		mov	r3, r4
 410 0194 0020A0E1 		mov	r2, r0
 411 0198 00408DE5 		str	r4, [sp]
 412 019c 0410A0E1 		mov	r1, r4
 413 01a0 E4009FE5 		ldr	r0, .L65+40
 414 01a4 FEFFFFEB 		bl	_ZN6tflite15MicroOpResolverILj5EE10AddBuiltinENS_15BuiltinOperatorEP18TfLiteRegistrationii
 415              	.LEHE0:
 416 01a8 E8009FE5 		ldr	r0, .L65+52
 417 01ac 0030D0E5 		ldrb	r3, [r0]	@ zero_extendqisi2
 418 01b0 5BF07FF5 		dmb	ish
 419 01b4 010013E3 		tst	r3, #1
 420 01b8 0D00001A 		bne	.L47
 421 01bc FEFFFFEB 		bl	__cxa_guard_acquire
 422 01c0 000050E3 		cmp	r0, #0
 423 01c4 0A00000A 		beq	.L47
 424 01c8 003095E5 		ldr	r3, [r5]
 425 01cc B8209FE5 		ldr	r2, .L65+40
 426 01d0 C4009FE5 		ldr	r0, .L65+56
 427 01d4 04308DE5 		str	r3, [sp, #4]
 428 01d8 0A3BA0E3 		mov	r3, #10240
 429 01dc 00308DE5 		str	r3, [sp]
 430 01e0 B8309FE5 		ldr	r3, .L65+60
 431 01e4 001096E5 		ldr	r1, [r6]
 432              	.LEHB1:
 433 01e8 FEFFFFEB 		bl	_ZN6tflite16MicroInterpreterC1EPKNS_5ModelERKNS_10OpResolverEPhjPNS_13ErrorReporterE
 434              	.LEHE1:
 435 01ec A4009FE5 		ldr	r0, .L65+52
 436 01f0 FEFFFFEB 		bl	__cxa_guard_release
 437              	.L47:
 438 01f4 A0309FE5 		ldr	r3, .L65+56
 439 01f8 A4409FE5 		ldr	r4, .L65+64
 440 01fc A4109FE5 		ldr	r1, .L65+68
 441 0200 000095E5 		ldr	r0, [r5]
 442 0204 003084E5 		str	r3, [r4]
 443              	.LEHB2:
 444 0208 FEFFFFEB 		bl	_ZN6tflite13ErrorReporter6ReportEPKcz
 445 020c 000094E5 		ldr	r0, [r4]
 446 0210 FEFFFFEB 		bl	_ZN6tflite16MicroInterpreter15AllocateTensorsEv
 447 0214 006050E2 		subs	r6, r0, #0
 448 0218 0400000A 		beq	.L49
 449 021c 88109FE5 		ldr	r1, .L65+72
 450 0220 000095E5 		ldr	r0, [r5]
 451 0224 08D08DE2 		add	sp, sp, #8
 452              		@ sp needed
 453 0228 F041BDE8 		pop	{r4, r5, r6, r7, r8, lr}
 454 022c FEFFFFEA 		b	_ZN6tflite13ErrorReporter6ReportEPKcz
 455              	.L49:
 456 0230 78109FE5 		ldr	r1, .L65+76
 457 0234 000095E5 		ldr	r0, [r5]
 458 0238 FEFFFFEB 		bl	_ZN6tflite13ErrorReporter6ReportEPKcz
 459 023c 0610A0E1 		mov	r1, r6
 460 0240 000094E5 		ldr	r0, [r4]
 461 0244 FEFFFFEB 		bl	_ZN6tflite16MicroInterpreter5inputEj
 462 0248 64309FE5 		ldr	r3, .L65+80
 463 024c 000083E5 		str	r0, [r3]
 464 0250 08D08DE2 		add	sp, sp, #8
 465              		@ sp needed
 466 0254 F081BDE8 		pop	{r4, r5, r6, r7, r8, pc}
 467              	.L53:
 468 0258 38009FE5 		ldr	r0, .L65+52
 469 025c FEFFFFEB 		bl	__cxa_guard_abort
 470 0260 FEFFFFEB 		bl	__cxa_end_cleanup
 471              	.LEHE2:
 472              	.L66:
 473              		.align	2
 474              	.L65:
 475 0264 00000000 		.word	.LANCHOR3
 476 0268 00000000 		.word	__dso_handle
 477 026c 00000000 		.word	_ZN6tflite18MicroErrorReporterD1Ev
 478 0270 00000000 		.word	.LANCHOR4
 479 0274 00000000 		.word	g_number_plate_CNN_8int_quant_data
 480 0278 00000000 		.word	.LANCHOR2
 481 027c 00000000 		.word	.LANCHOR5
 482 0280 00000000 		.word	.LC3
 483 0284 00000000 		.word	.LANCHOR6
 484 0288 47000000 		.word	.LC4
 485 028c 00000000 		.word	.LANCHOR7
 486 0290 08000000 		.word	_ZTVN6tflite15MicroOpResolverILj5EEE+8
 487 0294 00000000 		.word	_ZN6tflite15MicroOpResolverILj5EED1Ev
 488 0298 00000000 		.word	.LANCHOR8
 489 029c 00000000 		.word	.LANCHOR10
 490 02a0 00000000 		.word	.LANCHOR9
 491 02a4 00000000 		.word	.LANCHOR1
 492 02a8 6D000000 		.word	.LC5
 493 02ac 89000000 		.word	.LC6
 494 02b0 A2000000 		.word	.LC7
 495 02b4 00000000 		.word	.LANCHOR0
 496              		.global	__gxx_personality_v0
 497              		.personality	__gxx_personality_v0
 498              		.handlerdata
 499              	.LLSDA6665:
 500 0008 FF       		.byte	0xff
 501 0009 FF       		.byte	0xff
 502 000a 01       		.byte	0x1
 503 000b 11       		.uleb128 .LLSDACSE6665-.LLSDACSB6665
 504              	.LLSDACSB6665:
 505 000c B801     		.uleb128 .LEHB0-.LFB6665
 506 000e F001     		.uleb128 .LEHE0-.LEHB0
 507 0010 00       		.uleb128 0
 508 0011 00       		.uleb128 0
 509 0012 E803     		.uleb128 .LEHB1-.LFB6665
 510 0014 04       		.uleb128 .LEHE1-.LEHB1
 511 0015 D804     		.uleb128 .L53-.LFB6665
 512 0017 00       		.uleb128 0
 513 0018 8804     		.uleb128 .LEHB2-.LFB6665
 514 001a 5C       		.uleb128 .LEHE2-.LEHB2
 515 001b 00       		.uleb128 0
 516 001c 00       		.uleb128 0
 517              	.LLSDACSE6665:
 518              		.section	.text._Z24tfl_quantdt_dnn_setupPrev
 519              		.fnend
 521              		.weak	_ZTSN6tflite10OpResolverE
 522              		.section	.rodata._ZTSN6tflite10OpResolverE,"aG",%progbits,_ZTSN6tflite10OpResolverE,comdat
 525              	_ZTSN6tflite10OpResolverE:
 526 0000 4E367466 		.ascii	"N6tflite10OpResolverE\000"
 526      6C697465 
 526      31304F70 
 526      5265736F 
 526      6C766572 
 527              		.weak	_ZTIN6tflite10OpResolverE
 528              		.section	.rodata._ZTIN6tflite10OpResolverE,"aG",%progbits,_ZTIN6tflite10OpResolverE,comdat
 529              		.align	2
 532              	_ZTIN6tflite10OpResolverE:
 533 0000 08000000 		.word	_ZTVN10__cxxabiv117__class_type_infoE+8
 534 0004 00000000 		.word	_ZTSN6tflite10OpResolverE
 535              		.weak	_ZTSN6tflite15MicroOpResolverILj5EEE
 536              		.section	.rodata._ZTSN6tflite15MicroOpResolverILj5EEE,"aG",%progbits,_ZTSN6tflite15MicroOpResolver
 539              	_ZTSN6tflite15MicroOpResolverILj5EEE:
 540 0000 4E367466 		.ascii	"N6tflite15MicroOpResolverILj5EEE\000"
 540      6C697465 
 540      31354D69 
 540      63726F4F 
 540      70526573 
 541              		.weak	_ZTIN6tflite15MicroOpResolverILj5EEE
 542              		.section	.rodata._ZTIN6tflite15MicroOpResolverILj5EEE,"aG",%progbits,_ZTIN6tflite15MicroOpResolver
 543              		.align	2
 546              	_ZTIN6tflite15MicroOpResolverILj5EEE:
 547 0000 08000000 		.word	_ZTVN10__cxxabiv120__si_class_type_infoE+8
 548 0004 00000000 		.word	_ZTSN6tflite15MicroOpResolverILj5EEE
 549 0008 00000000 		.word	_ZTIN6tflite10OpResolverE
 550              		.weak	_ZTVN6tflite15MicroOpResolverILj5EEE
 551              		.section	.rodata._ZTVN6tflite15MicroOpResolverILj5EEE,"aG",%progbits,_ZTVN6tflite15MicroOpResolver
 552              		.align	2
 555              	_ZTVN6tflite15MicroOpResolverILj5EEE:
 556 0000 00000000 		.word	0
 557 0004 00000000 		.word	_ZTIN6tflite15MicroOpResolverILj5EEE
 558 0008 00000000 		.word	_ZNK6tflite15MicroOpResolverILj5EE6FindOpENS_15BuiltinOperatorEi
 559 000c 00000000 		.word	_ZNK6tflite15MicroOpResolverILj5EE6FindOpEPKci
 560 0010 00000000 		.word	_ZN6tflite15MicroOpResolverILj5EED1Ev
 561 0014 00000000 		.word	_ZN6tflite15MicroOpResolverILj5EED0Ev
 562              		.weak	_ZN11flatbuffers25flatbuffer_version_stringE
 563              		.section	.bss._ZGVZ24tfl_quantdt_dnn_setupPrevE25micro_op_resolver_quantdt,"aw",%nobits
 564              		.align	2
 565              		.set	.LANCHOR6,. + 0
 568              	_ZGVZ24tfl_quantdt_dnn_setupPrevE25micro_op_resolver_quantdt:
 569 0000 00000000 		.space	4
 570              		.section	.bss._ZGVZ24tfl_quantdt_dnn_setupPrevE26static_interpreter_quantdt,"aw",%nobits
 571              		.align	2
 572              		.set	.LANCHOR8,. + 0
 575              	_ZGVZ24tfl_quantdt_dnn_setupPrevE26static_interpreter_quantdt:
 576 0000 00000000 		.space	4
 577              		.section	.bss._ZGVZ24tfl_quantdt_dnn_setupPrevE28micro_error_reporter_quantdt,"aw",%nobits
 578              		.align	2
 579              		.set	.LANCHOR3,. + 0
 582              	_ZGVZ24tfl_quantdt_dnn_setupPrevE28micro_error_reporter_quantdt:
 583 0000 00000000 		.space	4
 584              		.section	.bss._ZN12_GLOBAL__N_113input_quantdtE,"aw",%nobits
 585              		.align	2
 586              		.set	.LANCHOR0,. + 0
 589              	_ZN12_GLOBAL__N_113input_quantdtE:
 590 0000 00000000 		.space	4
 591              		.section	.bss._ZN12_GLOBAL__N_113model_quantdtE,"aw",%nobits
 592              		.align	2
 593              		.set	.LANCHOR5,. + 0
 596              	_ZN12_GLOBAL__N_113model_quantdtE:
 597 0000 00000000 		.space	4
 598              		.section	.bss._ZN12_GLOBAL__N_119interpreter_quantdtE,"aw",%nobits
 599              		.align	2
 600              		.set	.LANCHOR1,. + 0
 603              	_ZN12_GLOBAL__N_119interpreter_quantdtE:
 604 0000 00000000 		.space	4
 605              		.section	.bss._ZN12_GLOBAL__N_122error_reporter_quantdtE,"aw",%nobits
 606              		.align	2
 607              		.set	.LANCHOR2,. + 0
 610              	_ZN12_GLOBAL__N_122error_reporter_quantdtE:
 611 0000 00000000 		.space	4
 612              		.section	.bss._ZN12_GLOBAL__N_1L20tensor_arena_quantdtE,"aw",%nobits
 613              		.set	.LANCHOR9,. + 0
 616              	_ZN12_GLOBAL__N_1L20tensor_arena_quantdtE:
 617 0000 00000000 		.space	10240
 617      00000000 
 617      00000000 
 617      00000000 
 617      00000000 
 618              		.section	.bss._ZZ24tfl_quantdt_dnn_setupPrevE25micro_op_resolver_quantdt,"aw",%nobits
 619              		.align	2
 620              		.set	.LANCHOR7,. + 0
 623              	_ZZ24tfl_quantdt_dnn_setupPrevE25micro_op_resolver_quantdt:
 624 0000 00000000 		.space	168
 624      00000000 
 624      00000000 
 624      00000000 
 624      00000000 
 625              		.section	.bss._ZZ24tfl_quantdt_dnn_setupPrevE26static_interpreter_quantdt,"aw",%nobits
 626              		.align	2
 627              		.set	.LANCHOR10,. + 0
 630              	_ZZ24tfl_quantdt_dnn_setupPrevE26static_interpreter_quantdt:
 631 0000 00000000 		.space	144
 631      00000000 
 631      00000000 
 631      00000000 
 631      00000000 
 632              		.section	.data._ZN11flatbuffers25flatbuffer_version_stringE,"aw",%progbits
 633              		.align	2
 636              	_ZN11flatbuffers25flatbuffer_version_stringE:
 637 0000 00000000 		.word	.LC8
 638              		.section	.data._ZZ24tfl_quantdt_dnn_setupPrevE28micro_error_reporter_quantdt,"aw",%progbits
 639              		.align	2
 640              		.set	.LANCHOR4,. + 0
 643              	_ZZ24tfl_quantdt_dnn_setupPrevE28micro_error_reporter_quantdt:
 644 0000 08000000 		.word	_ZTVN6tflite18MicroErrorReporterE+8
 645              		.section	.rodata._Z24tfl_quantdt_dnn_setupPrev.str1.1,"aMS",%progbits,1
 646              	.LC3:
 647 0000 4D6F6465 		.ascii	"Model provided is schema version %d not equal to su"
 647      6C207072 
 647      6F766964 
 647      65642069 
 647      73207363 
 648 0033 70706F72 		.ascii	"pported version %d.\000"
 648      74656420 
 648      76657273 
 648      696F6E20 
 648      25642E00 
 649              	.LC4:
 650 0047 7175616E 		.ascii	"quantized model loaded without error.\000"
 650      74697A65 
 650      64206D6F 
 650      64656C20 
 650      6C6F6164 
 651              	.LC5:
 652 006d 20202073 		.ascii	"   start allocating tensors\000"
 652      74617274 
 652      20616C6C 
 652      6F636174 
 652      696E6720 
 653              	.LC6:
 654 0089 416C6C6F 		.ascii	"AllocateTensors() failed\000"
 654      63617465 
 654      54656E73 
 654      6F727328 
 654      29206661 
 655              	.LC7:
 656 00a2 20202074 		.ascii	"   tensors allocated without error\000"
 656      656E736F 
 656      72732061 
 656      6C6C6F63 
 656      61746564 
 657              		.section	.rodata._Z26tfl_quantdt_dnn_computePrePhS_.str1.1,"aMS",%progbits,1
 658              	.LC0:
 659 0000 496E766F 		.ascii	"Invoke failed.\000"
 659      6B652066 
 659      61696C65 
 659      642E00
 660              		.section	.rodata._ZN6tflite15MicroOpResolverILj5EE10AddBuiltinENS_15BuiltinOperatorEP18TfLiteRegis
 661              	.LC1:
 662 0000 4572726F 		.ascii	"Error: MicroOpResolver.AddBuiltin : registrations_l"
 662      723A204D 
 662      6963726F 
 662      4F705265 
 662      736F6C76 
 663 0033 656E5F20 		.ascii	"en_ (%d) >= tOpCount (%d)\012\000"
 663      28256429 
 663      203E3D20 
 663      744F7043 
 663      6F756E74 
 664              	.LC2:
 665 004e 20202020 		.ascii	"        MicroOpResolver.AddBuiltin : registrations_"
 665      20202020 
 665      4D696372 
 665      6F4F7052 
 665      65736F6C 
 666 0081 6C656E5F 		.ascii	"len_ (%d) < tOpCount (%d)\012\000"
 666      20282564 
 666      29203C20 
 666      744F7043 
 666      6F756E74 
 667              		.section	.rodata.str1.1,"aMS",%progbits,1
 668              	.LC8:
 669 0000 466C6174 		.ascii	"FlatBuffers 1.11.0\000"
 669      42756666 
 669      65727320 
 669      312E3131 
 669      2E3000
 670              		.hidden	__dso_handle
 671              		.ident	"GCC: (GNU Tools for ARM Embedded Processors 6-2017-q2-update) 6.3.1 20170620 (release) [AR
DEFINED SYMBOLS
                            *ABS*:00000000 tensorflowlite_quantdt_dnn_compute.cc
C:\Users\a5050395\AppData\Local\Temp\ccwJuqoN.s:14     .text._ZN6tflite18MicroErrorReporterD2Ev:00000000 $a
C:\Users\a5050395\AppData\Local\Temp\ccwJuqoN.s:20     .text._ZN6tflite18MicroErrorReporterD2Ev:00000000 _ZN6tflite18MicroErrorReporterD2Ev
.ARM.exidx.text._ZN6tflite18MicroErrorReporterD2Ev:00000000 $d
C:\Users\a5050395\AppData\Local\Temp\ccwJuqoN.s:20     .text._ZN6tflite18MicroErrorReporterD2Ev:00000000 _ZN6tflite18MicroErrorReporterD1Ev
C:\Users\a5050395\AppData\Local\Temp\ccwJuqoN.s:33     .text._ZN6tflite15MicroOpResolverILj5EED2Ev:00000000 $a
C:\Users\a5050395\AppData\Local\Temp\ccwJuqoN.s:39     .text._ZN6tflite15MicroOpResolverILj5EED2Ev:00000000 _ZN6tflite15MicroOpResolverILj5EED2Ev
.ARM.exidx.text._ZN6tflite15MicroOpResolverILj5EED2Ev:00000000 $d
C:\Users\a5050395\AppData\Local\Temp\ccwJuqoN.s:39     .text._ZN6tflite15MicroOpResolverILj5EED2Ev:00000000 _ZN6tflite15MicroOpResolverILj5EED1Ev
C:\Users\a5050395\AppData\Local\Temp\ccwJuqoN.s:52     .text._ZNK6tflite15MicroOpResolverILj5EE6FindOpENS_15BuiltinOperatorEi:00000000 $a
C:\Users\a5050395\AppData\Local\Temp\ccwJuqoN.s:58     .text._ZNK6tflite15MicroOpResolverILj5EE6FindOpENS_15BuiltinOperatorEi:00000000 _ZNK6tflite15MicroOpResolverILj5EE6FindOpENS_15BuiltinOperatorEi
.ARM.exidx.text._ZNK6tflite15MicroOpResolverILj5EE6FindOpENS_15BuiltinOperatorEi:00000000 $d
C:\Users\a5050395\AppData\Local\Temp\ccwJuqoN.s:90     .text._ZNK6tflite15MicroOpResolverILj5EE6FindOpEPKci:00000000 $a
C:\Users\a5050395\AppData\Local\Temp\ccwJuqoN.s:96     .text._ZNK6tflite15MicroOpResolverILj5EE6FindOpEPKci:00000000 _ZNK6tflite15MicroOpResolverILj5EE6FindOpEPKci
.ARM.exidx.text._ZNK6tflite15MicroOpResolverILj5EE6FindOpEPKci:00000000 $d
C:\Users\a5050395\AppData\Local\Temp\ccwJuqoN.s:136    .text._ZN6tflite15MicroOpResolverILj5EED0Ev:00000000 $a
C:\Users\a5050395\AppData\Local\Temp\ccwJuqoN.s:142    .text._ZN6tflite15MicroOpResolverILj5EED0Ev:00000000 _ZN6tflite15MicroOpResolverILj5EED0Ev
.ARM.exidx.text._ZN6tflite15MicroOpResolverILj5EED0Ev:00000000 $d
C:\Users\a5050395\AppData\Local\Temp\ccwJuqoN.s:157    .text._ZN6tflite18MicroErrorReporterD0Ev:00000000 $a
C:\Users\a5050395\AppData\Local\Temp\ccwJuqoN.s:163    .text._ZN6tflite18MicroErrorReporterD0Ev:00000000 _ZN6tflite18MicroErrorReporterD0Ev
.ARM.exidx.text._ZN6tflite18MicroErrorReporterD0Ev:00000000 $d
C:\Users\a5050395\AppData\Local\Temp\ccwJuqoN.s:178    .text._Z26tfl_quantdt_dnn_computePrePhS_:00000000 $a
C:\Users\a5050395\AppData\Local\Temp\ccwJuqoN.s:184    .text._Z26tfl_quantdt_dnn_computePrePhS_:00000000 _Z26tfl_quantdt_dnn_computePrePhS_
C:\Users\a5050395\AppData\Local\Temp\ccwJuqoN.s:217    .text._Z26tfl_quantdt_dnn_computePrePhS_:0000005c $d
.ARM.exidx.text._Z26tfl_quantdt_dnn_computePrePhS_:00000000 $d
C:\Users\a5050395\AppData\Local\Temp\ccwJuqoN.s:224    .text._ZN6tflite15MicroOpResolverILj5EE10AddBuiltinENS_15BuiltinOperatorEP18TfLiteRegistrationii:00000000 $a
C:\Users\a5050395\AppData\Local\Temp\ccwJuqoN.s:230    .text._ZN6tflite15MicroOpResolverILj5EE10AddBuiltinENS_15BuiltinOperatorEP18TfLiteRegistrationii:00000000 _ZN6tflite15MicroOpResolverILj5EE10AddBuiltinENS_15BuiltinOperatorEP18TfLiteRegistrationii
C:\Users\a5050395\AppData\Local\Temp\ccwJuqoN.s:283    .text._ZN6tflite15MicroOpResolverILj5EE10AddBuiltinENS_15BuiltinOperatorEP18TfLiteRegistrationii:000000a8 $d
.ARM.exidx.text._ZN6tflite15MicroOpResolverILj5EE10AddBuiltinENS_15BuiltinOperatorEP18TfLiteRegistrationii:00000000 $d
C:\Users\a5050395\AppData\Local\Temp\ccwJuqoN.s:289    .text._Z24tfl_quantdt_dnn_setupPrev:00000000 $a
C:\Users\a5050395\AppData\Local\Temp\ccwJuqoN.s:295    .text._Z24tfl_quantdt_dnn_setupPrev:00000000 _Z24tfl_quantdt_dnn_setupPrev
C:\Users\a5050395\AppData\Local\Temp\ccwJuqoN.s:475    .text._Z24tfl_quantdt_dnn_setupPrev:00000264 $d
C:\Users\a5050395\AppData\Local\Temp\ccwJuqoN.s:555    .rodata._ZTVN6tflite15MicroOpResolverILj5EEE:00000000 _ZTVN6tflite15MicroOpResolverILj5EEE
.ARM.extab.text._Z24tfl_quantdt_dnn_setupPrev:00000000 $d
.ARM.exidx.text._Z24tfl_quantdt_dnn_setupPrev:00000000 $d
C:\Users\a5050395\AppData\Local\Temp\ccwJuqoN.s:525    .rodata._ZTSN6tflite10OpResolverE:00000000 _ZTSN6tflite10OpResolverE
C:\Users\a5050395\AppData\Local\Temp\ccwJuqoN.s:532    .rodata._ZTIN6tflite10OpResolverE:00000000 _ZTIN6tflite10OpResolverE
C:\Users\a5050395\AppData\Local\Temp\ccwJuqoN.s:529    .rodata._ZTIN6tflite10OpResolverE:00000000 $d
C:\Users\a5050395\AppData\Local\Temp\ccwJuqoN.s:539    .rodata._ZTSN6tflite15MicroOpResolverILj5EEE:00000000 _ZTSN6tflite15MicroOpResolverILj5EEE
C:\Users\a5050395\AppData\Local\Temp\ccwJuqoN.s:546    .rodata._ZTIN6tflite15MicroOpResolverILj5EEE:00000000 _ZTIN6tflite15MicroOpResolverILj5EEE
C:\Users\a5050395\AppData\Local\Temp\ccwJuqoN.s:543    .rodata._ZTIN6tflite15MicroOpResolverILj5EEE:00000000 $d
C:\Users\a5050395\AppData\Local\Temp\ccwJuqoN.s:552    .rodata._ZTVN6tflite15MicroOpResolverILj5EEE:00000000 $d
C:\Users\a5050395\AppData\Local\Temp\ccwJuqoN.s:636    .data._ZN11flatbuffers25flatbuffer_version_stringE:00000000 _ZN11flatbuffers25flatbuffer_version_stringE
C:\Users\a5050395\AppData\Local\Temp\ccwJuqoN.s:564    .bss._ZGVZ24tfl_quantdt_dnn_setupPrevE25micro_op_resolver_quantdt:00000000 $d
C:\Users\a5050395\AppData\Local\Temp\ccwJuqoN.s:568    .bss._ZGVZ24tfl_quantdt_dnn_setupPrevE25micro_op_resolver_quantdt:00000000 _ZGVZ24tfl_quantdt_dnn_setupPrevE25micro_op_resolver_quantdt
C:\Users\a5050395\AppData\Local\Temp\ccwJuqoN.s:571    .bss._ZGVZ24tfl_quantdt_dnn_setupPrevE26static_interpreter_quantdt:00000000 $d
C:\Users\a5050395\AppData\Local\Temp\ccwJuqoN.s:575    .bss._ZGVZ24tfl_quantdt_dnn_setupPrevE26static_interpreter_quantdt:00000000 _ZGVZ24tfl_quantdt_dnn_setupPrevE26static_interpreter_quantdt
C:\Users\a5050395\AppData\Local\Temp\ccwJuqoN.s:578    .bss._ZGVZ24tfl_quantdt_dnn_setupPrevE28micro_error_reporter_quantdt:00000000 $d
C:\Users\a5050395\AppData\Local\Temp\ccwJuqoN.s:582    .bss._ZGVZ24tfl_quantdt_dnn_setupPrevE28micro_error_reporter_quantdt:00000000 _ZGVZ24tfl_quantdt_dnn_setupPrevE28micro_error_reporter_quantdt
C:\Users\a5050395\AppData\Local\Temp\ccwJuqoN.s:585    .bss._ZN12_GLOBAL__N_113input_quantdtE:00000000 $d
C:\Users\a5050395\AppData\Local\Temp\ccwJuqoN.s:589    .bss._ZN12_GLOBAL__N_113input_quantdtE:00000000 _ZN12_GLOBAL__N_113input_quantdtE
C:\Users\a5050395\AppData\Local\Temp\ccwJuqoN.s:592    .bss._ZN12_GLOBAL__N_113model_quantdtE:00000000 $d
C:\Users\a5050395\AppData\Local\Temp\ccwJuqoN.s:596    .bss._ZN12_GLOBAL__N_113model_quantdtE:00000000 _ZN12_GLOBAL__N_113model_quantdtE
C:\Users\a5050395\AppData\Local\Temp\ccwJuqoN.s:599    .bss._ZN12_GLOBAL__N_119interpreter_quantdtE:00000000 $d
C:\Users\a5050395\AppData\Local\Temp\ccwJuqoN.s:603    .bss._ZN12_GLOBAL__N_119interpreter_quantdtE:00000000 _ZN12_GLOBAL__N_119interpreter_quantdtE
C:\Users\a5050395\AppData\Local\Temp\ccwJuqoN.s:606    .bss._ZN12_GLOBAL__N_122error_reporter_quantdtE:00000000 $d
C:\Users\a5050395\AppData\Local\Temp\ccwJuqoN.s:610    .bss._ZN12_GLOBAL__N_122error_reporter_quantdtE:00000000 _ZN12_GLOBAL__N_122error_reporter_quantdtE
C:\Users\a5050395\AppData\Local\Temp\ccwJuqoN.s:616    .bss._ZN12_GLOBAL__N_1L20tensor_arena_quantdtE:00000000 _ZN12_GLOBAL__N_1L20tensor_arena_quantdtE
C:\Users\a5050395\AppData\Local\Temp\ccwJuqoN.s:617    .bss._ZN12_GLOBAL__N_1L20tensor_arena_quantdtE:00000000 $d
C:\Users\a5050395\AppData\Local\Temp\ccwJuqoN.s:619    .bss._ZZ24tfl_quantdt_dnn_setupPrevE25micro_op_resolver_quantdt:00000000 $d
C:\Users\a5050395\AppData\Local\Temp\ccwJuqoN.s:623    .bss._ZZ24tfl_quantdt_dnn_setupPrevE25micro_op_resolver_quantdt:00000000 _ZZ24tfl_quantdt_dnn_setupPrevE25micro_op_resolver_quantdt
C:\Users\a5050395\AppData\Local\Temp\ccwJuqoN.s:626    .bss._ZZ24tfl_quantdt_dnn_setupPrevE26static_interpreter_quantdt:00000000 $d
C:\Users\a5050395\AppData\Local\Temp\ccwJuqoN.s:630    .bss._ZZ24tfl_quantdt_dnn_setupPrevE26static_interpreter_quantdt:00000000 _ZZ24tfl_quantdt_dnn_setupPrevE26static_interpreter_quantdt
C:\Users\a5050395\AppData\Local\Temp\ccwJuqoN.s:633    .data._ZN11flatbuffers25flatbuffer_version_stringE:00000000 $d
C:\Users\a5050395\AppData\Local\Temp\ccwJuqoN.s:639    .data._ZZ24tfl_quantdt_dnn_setupPrevE28micro_error_reporter_quantdt:00000000 $d
C:\Users\a5050395\AppData\Local\Temp\ccwJuqoN.s:643    .data._ZZ24tfl_quantdt_dnn_setupPrevE28micro_error_reporter_quantdt:00000000 _ZZ24tfl_quantdt_dnn_setupPrevE28micro_error_reporter_quantdt
                           .group:00000000 _ZN6tflite18MicroErrorReporterD5Ev
                           .group:00000000 _ZN6tflite15MicroOpResolverILj5EED5Ev

UNDEFINED SYMBOLS
strcmp
_ZdlPvj
_ZN6tflite16MicroInterpreter6InvokeEv
_ZN6tflite13ErrorReporter6ReportEPKcz
_ZN6tflite16MicroInterpreter6outputEj
memcpy
__aeabi_unwind_cpp_pr0
fprintf
fflush
_impure_ptr
__cxa_guard_acquire
__cxa_guard_release
__aeabi_atexit
_ZN6tflite3ops5micro24Register_FULLY_CONNECTEDEv
_ZN6tflite3ops5micro16Register_SOFTMAXEv
_ZN6tflite3ops5micro16Register_CONV_2DEv
_ZN6tflite3ops5micro26Register_DEPTHWISE_CONV_2DEv
_ZN6tflite3ops5micro24Register_AVERAGE_POOL_2DEv
_ZN6tflite16MicroInterpreterC1EPKNS_5ModelERKNS_10OpResolverEPhjPNS_13ErrorReporterE
_ZN6tflite16MicroInterpreter15AllocateTensorsEv
_ZN6tflite16MicroInterpreter5inputEj
__cxa_guard_abort
__cxa_end_cleanup
__dso_handle
g_number_plate_CNN_8int_quant_data
__gxx_personality_v0
_ZTVN10__cxxabiv117__class_type_infoE
_ZTVN10__cxxabiv120__si_class_type_infoE
_ZTVN6tflite18MicroErrorReporterE
