   1              		.cpu cortex-a9
   2              		.eabi_attribute 28, 1
   3              		.eabi_attribute 20, 1
   4              		.eabi_attribute 21, 1
   5              		.eabi_attribute 23, 3
   6              		.eabi_attribute 24, 1
   7              		.eabi_attribute 25, 1
   8              		.eabi_attribute 26, 1
   9              		.eabi_attribute 30, 1
  10              		.eabi_attribute 34, 0
  11              		.eabi_attribute 18, 4
  12              		.file	"hyperbus_userconfig.c"
  13              		.text
  14              	.Ltext0:
  15              		.cfi_sections	.debug_frame
  16              		.section	.text.HyperBus_UserConfig,"ax",%progbits
  17              		.align	2
  18              		.weak	HyperBus_UserConfig
  19              		.syntax unified
  20              		.arm
  21              		.fpu neon
  23              	HyperBus_UserConfig:
  24              	.LFB0:
  25              		.file 1 "../src/renesas/hwsetup/hyperbus_setup/src/hyperbus_userconfig.c"
   1:../src/renesas/hwsetup/hyperbus_setup/src/hyperbus_userconfig.c **** /**************************************************************************************************
   2:../src/renesas/hwsetup/hyperbus_setup/src/hyperbus_userconfig.c ****  * DISCLAIMER
   3:../src/renesas/hwsetup/hyperbus_setup/src/hyperbus_userconfig.c ****  * This software is supplied by Renesas Electronics Corporation and is only intended for use with R
   4:../src/renesas/hwsetup/hyperbus_setup/src/hyperbus_userconfig.c ****  * other uses are authorized. This software is owned by Renesas Electronics Corporation and is prot
   5:../src/renesas/hwsetup/hyperbus_setup/src/hyperbus_userconfig.c ****  * applicable laws, including copyright laws.
   6:../src/renesas/hwsetup/hyperbus_setup/src/hyperbus_userconfig.c ****  * THIS SOFTWARE IS PROVIDED "AS IS" AND RENESAS MAKES NO WARRANTIES REGARDING
   7:../src/renesas/hwsetup/hyperbus_setup/src/hyperbus_userconfig.c ****  * THIS SOFTWARE, WHETHER EXPRESS, IMPLIED OR STATUTORY, INCLUDING BUT NOT LIMITED TO WARRANTIES OF
   8:../src/renesas/hwsetup/hyperbus_setup/src/hyperbus_userconfig.c ****  * FITNESS FOR A PARTICULAR PURPOSE AND NON-INFRINGEMENT. ALL SUCH WARRANTIES ARE EXPRESSLY DISCLAI
   9:../src/renesas/hwsetup/hyperbus_setup/src/hyperbus_userconfig.c ****  * EXTENT PERMITTED NOT PROHIBITED BY LAW, NEITHER RENESAS ELECTRONICS CORPORATION NOR ANY OF ITS A
  10:../src/renesas/hwsetup/hyperbus_setup/src/hyperbus_userconfig.c ****  * SHALL BE LIABLE FOR ANY DIRECT, INDIRECT, SPECIAL, INCIDENTAL OR CONSEQUENTIAL DAMAGES FOR ANY R
  11:../src/renesas/hwsetup/hyperbus_setup/src/hyperbus_userconfig.c ****  * THIS SOFTWARE, EVEN IF RENESAS OR ITS AFFILIATES HAVE BEEN ADVISED OF THE POSSIBILITY OF SUCH DA
  12:../src/renesas/hwsetup/hyperbus_setup/src/hyperbus_userconfig.c ****  * Renesas reserves the right, without notice, to make changes to this software and to discontinue 
  13:../src/renesas/hwsetup/hyperbus_setup/src/hyperbus_userconfig.c ****  * this software. By using this software, you agree to the additional terms and conditions found by
  14:../src/renesas/hwsetup/hyperbus_setup/src/hyperbus_userconfig.c ****  * following link:
  15:../src/renesas/hwsetup/hyperbus_setup/src/hyperbus_userconfig.c ****  * http://www.renesas.com/disclaimer
  16:../src/renesas/hwsetup/hyperbus_setup/src/hyperbus_userconfig.c ****  *
  17:../src/renesas/hwsetup/hyperbus_setup/src/hyperbus_userconfig.c ****  * Copyright (C) 2019 Renesas Electronics Corporation. All rights reserved.
  18:../src/renesas/hwsetup/hyperbus_setup/src/hyperbus_userconfig.c ****  **************************************************************************************************
  19:../src/renesas/hwsetup/hyperbus_setup/src/hyperbus_userconfig.c **** /**************************************************************************************************
  20:../src/renesas/hwsetup/hyperbus_setup/src/hyperbus_userconfig.c ****  * File Name    : hyperbus_userconfig.c
  21:../src/renesas/hwsetup/hyperbus_setup/src/hyperbus_userconfig.c ****  * Version      : 1.0
  22:../src/renesas/hwsetup/hyperbus_setup/src/hyperbus_userconfig.c ****  * Description  : User defined startup function example for RZ/A2M EVB board
  23:../src/renesas/hwsetup/hyperbus_setup/src/hyperbus_userconfig.c ****  **************************************************************************************************
  24:../src/renesas/hwsetup/hyperbus_setup/src/hyperbus_userconfig.c **** /**************************************************************************************************
  25:../src/renesas/hwsetup/hyperbus_setup/src/hyperbus_userconfig.c ****  * History : DD.MM.YYYY Version  Description
  26:../src/renesas/hwsetup/hyperbus_setup/src/hyperbus_userconfig.c ****  *         : 01.01.2019 1.00     First Release
  27:../src/renesas/hwsetup/hyperbus_setup/src/hyperbus_userconfig.c ****  **************************************************************************************************
  28:../src/renesas/hwsetup/hyperbus_setup/src/hyperbus_userconfig.c **** 
  29:../src/renesas/hwsetup/hyperbus_setup/src/hyperbus_userconfig.c **** /**************************************************************************************************
  30:../src/renesas/hwsetup/hyperbus_setup/src/hyperbus_userconfig.c ****  Includes   <System Includes> , "Project Includes"
  31:../src/renesas/hwsetup/hyperbus_setup/src/hyperbus_userconfig.c ****  **************************************************************************************************
  32:../src/renesas/hwsetup/hyperbus_setup/src/hyperbus_userconfig.c **** 
  33:../src/renesas/hwsetup/hyperbus_setup/src/hyperbus_userconfig.c **** #include "r_typedefs.h"
  34:../src/renesas/hwsetup/hyperbus_setup/src/hyperbus_userconfig.c **** 
  35:../src/renesas/hwsetup/hyperbus_setup/src/hyperbus_userconfig.c **** #include "r_startup_config.h"
  36:../src/renesas/hwsetup/hyperbus_setup/src/hyperbus_userconfig.c **** #include "r_hyperbus_lld_rza2m_api.h"
  37:../src/renesas/hwsetup/hyperbus_setup/src/hyperbus_userconfig.c **** #include "hyperbus_flash_rza2m.h"
  38:../src/renesas/hwsetup/hyperbus_setup/src/hyperbus_userconfig.c **** #include "hyperbus_ram_rza2m.h"
  39:../src/renesas/hwsetup/hyperbus_setup/src/hyperbus_userconfig.c **** 
  40:../src/renesas/hwsetup/hyperbus_setup/src/hyperbus_userconfig.c **** /**************************************************************************************************
  41:../src/renesas/hwsetup/hyperbus_setup/src/hyperbus_userconfig.c ****  Macro definitions
  42:../src/renesas/hwsetup/hyperbus_setup/src/hyperbus_userconfig.c ****  **************************************************************************************************
  43:../src/renesas/hwsetup/hyperbus_setup/src/hyperbus_userconfig.c **** 
  44:../src/renesas/hwsetup/hyperbus_setup/src/hyperbus_userconfig.c **** #define HYPERFLASH_VCR_USER_SETTING_VALUE (0x8e8b)
  45:../src/renesas/hwsetup/hyperbus_setup/src/hyperbus_userconfig.c **** #define HYPERRAM_CR0_USER_SETTING_VALUE (0x8f0f)
  46:../src/renesas/hwsetup/hyperbus_setup/src/hyperbus_userconfig.c **** 
  47:../src/renesas/hwsetup/hyperbus_setup/src/hyperbus_userconfig.c **** /**************************************************************************************************
  48:../src/renesas/hwsetup/hyperbus_setup/src/hyperbus_userconfig.c ****  Local Typedef definitions
  49:../src/renesas/hwsetup/hyperbus_setup/src/hyperbus_userconfig.c ****  **************************************************************************************************
  50:../src/renesas/hwsetup/hyperbus_setup/src/hyperbus_userconfig.c **** 
  51:../src/renesas/hwsetup/hyperbus_setup/src/hyperbus_userconfig.c **** /**************************************************************************************************
  52:../src/renesas/hwsetup/hyperbus_setup/src/hyperbus_userconfig.c ****  Exported global variables
  53:../src/renesas/hwsetup/hyperbus_setup/src/hyperbus_userconfig.c ****  **************************************************************************************************
  54:../src/renesas/hwsetup/hyperbus_setup/src/hyperbus_userconfig.c **** 
  55:../src/renesas/hwsetup/hyperbus_setup/src/hyperbus_userconfig.c **** /**************************************************************************************************
  56:../src/renesas/hwsetup/hyperbus_setup/src/hyperbus_userconfig.c ****  Private (static) variables and functions
  57:../src/renesas/hwsetup/hyperbus_setup/src/hyperbus_userconfig.c ****  **************************************************************************************************
  58:../src/renesas/hwsetup/hyperbus_setup/src/hyperbus_userconfig.c **** 
  59:../src/renesas/hwsetup/hyperbus_setup/src/hyperbus_userconfig.c **** /**************************************************************************************************
  60:../src/renesas/hwsetup/hyperbus_setup/src/hyperbus_userconfig.c ****  * Function Name: HyperBus_UserConfig
  61:../src/renesas/hwsetup/hyperbus_setup/src/hyperbus_userconfig.c ****  * Description  : User defined device initialisation routine for HyperBus
  62:../src/renesas/hwsetup/hyperbus_setup/src/hyperbus_userconfig.c ****  * Arguments    : p_cfg       : Pointer to the configuration table
  63:../src/renesas/hwsetup/hyperbus_setup/src/hyperbus_userconfig.c ****  * Return Value : DRV_SUCCESS   Successful operation.
  64:../src/renesas/hwsetup/hyperbus_setup/src/hyperbus_userconfig.c ****  *              : DRV_ERROR     Error condition occurs.
  65:../src/renesas/hwsetup/hyperbus_setup/src/hyperbus_userconfig.c ****  **************************************************************************************************
  66:../src/renesas/hwsetup/hyperbus_setup/src/hyperbus_userconfig.c **** int_t HyperBus_UserConfig(const st_hyperbus_cfg_t *p_cfg)
  67:../src/renesas/hwsetup/hyperbus_setup/src/hyperbus_userconfig.c **** {
  26              		.loc 1 67 0
  27              		.cfi_startproc
  28              		@ args = 0, pretend = 0, frame = 0
  29              		@ frame_needed = 0, uses_anonymous_args = 0
  30              	.LVL0:
  31 0000 10402DE9 		push	{r4, lr}
  32              		.cfi_def_cfa_offset 8
  33              		.cfi_offset 4, -8
  34              		.cfi_offset 14, -4
  35 0004 0040A0E1 		mov	r4, r0
  68:../src/renesas/hwsetup/hyperbus_setup/src/hyperbus_userconfig.c ****     uint16_t wdata;
  69:../src/renesas/hwsetup/hyperbus_setup/src/hyperbus_userconfig.c **** 
  70:../src/renesas/hwsetup/hyperbus_setup/src/hyperbus_userconfig.c ****     if (((0 == STARTUP_CFG_PROJECT_TYPE) && (HYPERBUS_INIT_AT_LOADER == p_cfg->init_flag0))
  71:../src/renesas/hwsetup/hyperbus_setup/src/hyperbus_userconfig.c ****     ||  ((1 == STARTUP_CFG_PROJECT_TYPE) && (HYPERBUS_INIT_AT_APP == p_cfg->init_flag0)))
  36              		.loc 1 71 0
  37 0008 0030D0E5 		ldrb	r3, [r0]	@ zero_extendqisi2
  70:../src/renesas/hwsetup/hyperbus_setup/src/hyperbus_userconfig.c ****     ||  ((1 == STARTUP_CFG_PROJECT_TYPE) && (HYPERBUS_INIT_AT_APP == p_cfg->init_flag0)))
  38              		.loc 1 70 0
  39 000c 020053E3 		cmp	r3, #2
  40 0010 0400000A 		beq	.L5
  41              	.LVL1:
  42              	.L2:
  72:../src/renesas/hwsetup/hyperbus_setup/src/hyperbus_userconfig.c ****     {
  73:../src/renesas/hwsetup/hyperbus_setup/src/hyperbus_userconfig.c ****         /* Set HYPERFLASH_VCR_USER_SETTING_VALUE to wdata without latency field */
  74:../src/renesas/hwsetup/hyperbus_setup/src/hyperbus_userconfig.c ****         wdata = HYPERFLASH_VCR_USER_SETTING_VALUE & 0xff0f;
  75:../src/renesas/hwsetup/hyperbus_setup/src/hyperbus_userconfig.c **** 
  76:../src/renesas/hwsetup/hyperbus_setup/src/hyperbus_userconfig.c ****         /* Modify latency field by configuration table */
  77:../src/renesas/hwsetup/hyperbus_setup/src/hyperbus_userconfig.c ****         wdata |= (uint16_t) ((p_cfg->operate_ltcy0) << 4);
  78:../src/renesas/hwsetup/hyperbus_setup/src/hyperbus_userconfig.c **** 
  79:../src/renesas/hwsetup/hyperbus_setup/src/hyperbus_userconfig.c ****         /* Write modified value to VCR */
  80:../src/renesas/hwsetup/hyperbus_setup/src/hyperbus_userconfig.c ****         HyperFlash_WriteVCR(0x30000000, wdata);
  81:../src/renesas/hwsetup/hyperbus_setup/src/hyperbus_userconfig.c ****     }
  82:../src/renesas/hwsetup/hyperbus_setup/src/hyperbus_userconfig.c **** 
  83:../src/renesas/hwsetup/hyperbus_setup/src/hyperbus_userconfig.c ****     if (((0 == STARTUP_CFG_PROJECT_TYPE) && (HYPERBUS_INIT_AT_LOADER == p_cfg->init_flag1))
  84:../src/renesas/hwsetup/hyperbus_setup/src/hyperbus_userconfig.c ****     ||  ((1 == STARTUP_CFG_PROJECT_TYPE) && (HYPERBUS_INIT_AT_APP == p_cfg->init_flag1)))
  43              		.loc 1 84 0
  44 0014 0B30D4E5 		ldrb	r3, [r4, #11]	@ zero_extendqisi2
  83:../src/renesas/hwsetup/hyperbus_setup/src/hyperbus_userconfig.c ****     ||  ((1 == STARTUP_CFG_PROJECT_TYPE) && (HYPERBUS_INIT_AT_APP == p_cfg->init_flag1)))
  45              		.loc 1 83 0
  46 0018 020053E3 		cmp	r3, #2
  47 001c 0900000A 		beq	.L6
  48              	.L3:
  85:../src/renesas/hwsetup/hyperbus_setup/src/hyperbus_userconfig.c ****     {
  86:../src/renesas/hwsetup/hyperbus_setup/src/hyperbus_userconfig.c ****         /* Set HYPERRAM_CR0_USER_SETTING_VALUE to wdata without latency field */
  87:../src/renesas/hwsetup/hyperbus_setup/src/hyperbus_userconfig.c ****         wdata = HYPERRAM_CR0_USER_SETTING_VALUE & 0xff0f;
  88:../src/renesas/hwsetup/hyperbus_setup/src/hyperbus_userconfig.c **** 
  89:../src/renesas/hwsetup/hyperbus_setup/src/hyperbus_userconfig.c ****         /* Modify latency field by configuration table */
  90:../src/renesas/hwsetup/hyperbus_setup/src/hyperbus_userconfig.c ****         wdata |= (uint16_t) ((p_cfg->operate_ltcy1) << 4);
  91:../src/renesas/hwsetup/hyperbus_setup/src/hyperbus_userconfig.c **** 
  92:../src/renesas/hwsetup/hyperbus_setup/src/hyperbus_userconfig.c ****         /* Write modified value to HypeRAM CR0 */
  93:../src/renesas/hwsetup/hyperbus_setup/src/hyperbus_userconfig.c ****         HyperRAM_WriteCR0(0x40000000, wdata);
  94:../src/renesas/hwsetup/hyperbus_setup/src/hyperbus_userconfig.c ****     }
  95:../src/renesas/hwsetup/hyperbus_setup/src/hyperbus_userconfig.c ****     return DRV_SUCCESS;
  96:../src/renesas/hwsetup/hyperbus_setup/src/hyperbus_userconfig.c **** }
  49              		.loc 1 96 0
  50 0020 0000A0E3 		mov	r0, #0
  51 0024 1080BDE8 		pop	{r4, pc}
  52              	.LVL2:
  53              	.L5:
  77:../src/renesas/hwsetup/hyperbus_setup/src/hyperbus_userconfig.c **** 
  54              		.loc 1 77 0
  55 0028 0A30D0E5 		ldrb	r3, [r0, #10]	@ zero_extendqisi2
  56 002c 0B1E08E3 		movw	r1, #36363
  57 0030 FF1F4FE3 		movt	r1, 65535
  58 0034 031281E1 		orr	r1, r1, r3, lsl #4
  59 0038 7110FFE6 		uxth	r1, r1
  60              	.LVL3:
  80:../src/renesas/hwsetup/hyperbus_setup/src/hyperbus_userconfig.c ****     }
  61              		.loc 1 80 0
  62 003c 0302A0E3 		mov	r0, #805306368
  63              	.LVL4:
  64 0040 FEFFFFEB 		bl	HyperFlash_WriteVCR
  65              	.LVL5:
  66 0044 F2FFFFEA 		b	.L2
  67              	.L6:
  68              	.LVL6:
  90:../src/renesas/hwsetup/hyperbus_setup/src/hyperbus_userconfig.c **** 
  69              		.loc 1 90 0
  70 0048 1620D4E5 		ldrb	r2, [r4, #22]	@ zero_extendqisi2
  71 004c 0F3F08E3 		movw	r3, #36623
  72 0050 FF3F4FE3 		movt	r3, 65535
  73 0054 023283E1 		orr	r3, r3, r2, lsl #4
  74              	.LVL7:
  93:../src/renesas/hwsetup/hyperbus_setup/src/hyperbus_userconfig.c ****     }
  75              		.loc 1 93 0
  76 0058 FF1F08E3 		movw	r1, #36863
  77 005c 031001E0 		and	r1, r1, r3
  78 0060 0101A0E3 		mov	r0, #1073741824
  79 0064 FEFFFFEB 		bl	HyperRAM_WriteCR0
  80              	.LVL8:
  81 0068 ECFFFFEA 		b	.L3
  82              		.cfi_endproc
  83              	.LFE0:
  85              		.text
  86              	.Letext0:
  87              		.file 2 "c:\\program files (x86)\\gnu tools arm embedded\\6 2017-q2-update\\arm-none-eabi\\include
  88              		.file 3 "c:\\program files (x86)\\gnu tools arm embedded\\6 2017-q2-update\\arm-none-eabi\\include
  89              		.file 4 "c:\\program files (x86)\\gnu tools arm embedded\\6 2017-q2-update\\arm-none-eabi\\include
  90              		.file 5 "c:\\program files (x86)\\gnu tools arm embedded\\6 2017-q2-update\\arm-none-eabi\\include
  91              		.file 6 "c:\\program files (x86)\\gnu tools arm embedded\\6 2017-q2-update\\lib\\gcc\\arm-none-eab
  92              		.file 7 "c:\\program files (x86)\\gnu tools arm embedded\\6 2017-q2-update\\arm-none-eabi\\include
  93              		.file 8 "c:\\program files (x86)\\gnu tools arm embedded\\6 2017-q2-update\\arm-none-eabi\\include
  94              		.file 9 "C:/Renesas/e2studio_2021_01_workspace_RZA2M_ANPR/ANPR_RZA2M_EBK/generate/system/inc/r_typ
  95              		.file 10 "C:/Renesas/e2studio_2021_01_workspace_RZA2M_ANPR/ANPR_RZA2M_EBK/generate/system/inc/driv
  96              		.file 11 "C:/Renesas/e2studio_2021_01_workspace_RZA2M_ANPR/ANPR_RZA2M_EBK/generate/sc_drivers/r_hy
  97              		.file 12 "C:/Renesas/e2studio_2021_01_workspace_RZA2M_ANPR/ANPR_RZA2M_EBK/src/renesas/hwsetup/hype
  98              		.file 13 "C:/Renesas/e2studio_2021_01_workspace_RZA2M_ANPR/ANPR_RZA2M_EBK/src/renesas/hwsetup/hype
DEFINED SYMBOLS
                            *ABS*:00000000 hyperbus_userconfig.c
C:\Users\a5050395\AppData\Local\Temp\ccNlG9nA.s:17     .text.HyperBus_UserConfig:00000000 $a
C:\Users\a5050395\AppData\Local\Temp\ccNlG9nA.s:23     .text.HyperBus_UserConfig:00000000 HyperBus_UserConfig
                     .debug_frame:00000010 $d
                           .group:00000000 wm4.0.14fc17be114e5a2cba0959c511ea2aaf
                           .group:00000000 wm4.stddef.h.39.a38874c8f8a57e66301090908ec2a69f
                           .group:00000000 wm4._newlib_version.h.4.3572908597b70d672d181fc7fc501c19
                           .group:00000000 wm4.features.h.33.d97f2d646536517df901beeb5b9993f5
                           .group:00000000 wm4._default_types.h.15.247e5cd201eca3442cbf5404108c4935
                           .group:00000000 wm4._intsup.h.10.cce27fed8484c08a33f522034c30d2b5
                           .group:00000000 wm4._stdint.h.10.c24fa3af3bc1706662bb5593a907e841
                           .group:00000000 wm4.stdint.h.23.d53047a68f4a85177f80b422d52785ed
                           .group:00000000 wm4.newlib.h.8.5f2124c7e712be65f83b91ff86a0b1c1
                           .group:00000000 wm4.config.h.219.65a553ab5bef5482f0d7880b0d33015e
                           .group:00000000 wm4._ansi.h.23.9f8fcfa20193763fcf364fb91705c94b
                           .group:00000000 wm4.lock.h.2.1461d1fff82dffe8bfddc23307f6484f
                           .group:00000000 wm4._types.h.125.5cf8a495f1f7ef36777ad868a1e32068
                           .group:00000000 wm4.stddef.h.161.5349cb105733e8777bfb0cf53c4e3f34
                           .group:00000000 wm4._types.h.183.c226d164ceca1f2ecb9ae9360c54a098
                           .group:00000000 wm4.reent.h.17.23b059516345f8f5abfa01ddc379570f
                           .group:00000000 wm4.cdefs.h.47.e658329a094974ebad41b40c60502de7
                           .group:00000000 wm4.math.h.13.adb102f7bd7860b1f241e149d6914a1e
                           .group:00000000 wm4.r_typedefs.h.38.e90d9de5300d9ae020e5db8c5af88b3e
                           .group:00000000 wm4.r_startup_config.h.28.41a2bd9676f9208cac4163ceb2eb9006
                           .group:00000000 wm4.driver.h.34.180df73e0731406f5e50150641059ede
                           .group:00000000 wm4.r_hyperbus_lld_rza2m_api.h.41.13ab59f15782195e75878b2639d8f401

UNDEFINED SYMBOLS
HyperFlash_WriteVCR
HyperRAM_WriteCR0
