   1              		.cpu cortex-a9
   2              		.eabi_attribute 28, 1
   3              		.eabi_attribute 20, 1
   4              		.eabi_attribute 21, 1
   5              		.eabi_attribute 23, 3
   6              		.eabi_attribute 24, 1
   7              		.eabi_attribute 25, 1
   8              		.eabi_attribute 26, 1
   9              		.eabi_attribute 30, 1
  10              		.eabi_attribute 34, 0
  11              		.eabi_attribute 18, 4
  12              		.file	"tensorflowlite_model_settings.cpp"
  13              		.text
  14              	.Ltext0:
  15              		.cfi_sections	.debug_frame
  16              		.global	CNN_result_int8
  17              		.global	CNN_result
  18              		.global	kCategoryLabels
  19              		.section	.bss.CNN_result,"aw",%nobits
  20              		.align	2
  23              	CNN_result:
  24 0000 00000000 		.space	156
  24      00000000 
  24      00000000 
  24      00000000 
  24      00000000 
  25              		.section	.bss.CNN_result_int8,"aw",%nobits
  26              		.align	2
  29              	CNN_result_int8:
  30 0000 00000000 		.space	39
  30      00000000 
  30      00000000 
  30      00000000 
  30      00000000 
  31              		.section	.data.kCategoryLabels,"aw",%progbits
  32              		.align	2
  35              	kCategoryLabels:
  36 0000 00000000 		.word	.LC0
  37 0004 04000000 		.word	.LC1
  38 0008 08000000 		.word	.LC2
  39 000c 0C000000 		.word	.LC3
  40 0010 10000000 		.word	.LC4
  41 0014 14000000 		.word	.LC5
  42 0018 18000000 		.word	.LC6
  43 001c 1C000000 		.word	.LC7
  44 0020 20000000 		.word	.LC8
  45 0024 24000000 		.word	.LC9
  46 0028 28000000 		.word	.LC10
  47 002c 2C000000 		.word	.LC11
  48 0030 30000000 		.word	.LC12
  49 0034 34000000 		.word	.LC13
  50 0038 38000000 		.word	.LC14
  51 003c 3C000000 		.word	.LC15
  52 0040 40000000 		.word	.LC16
  53 0044 44000000 		.word	.LC17
  54 0048 48000000 		.word	.LC18
  55 004c 4C000000 		.word	.LC19
  56 0050 50000000 		.word	.LC20
  57 0054 54000000 		.word	.LC21
  58 0058 58000000 		.word	.LC22
  59 005c 5C000000 		.word	.LC23
  60 0060 60000000 		.word	.LC24
  61 0064 64000000 		.word	.LC25
  62 0068 68000000 		.word	.LC26
  63 006c 6C000000 		.word	.LC27
  64 0070 70000000 		.word	.LC28
  65 0074 74000000 		.word	.LC29
  66 0078 78000000 		.word	.LC30
  67 007c 7C000000 		.word	.LC31
  68 0080 80000000 		.word	.LC32
  69 0084 84000000 		.word	.LC33
  70 0088 88000000 		.word	.LC34
  71 008c 8C000000 		.word	.LC35
  72 0090 90000000 		.word	.LC36
  73 0094 94000000 		.word	.LC37
  74 0098 98000000 		.word	.LC38
  75              		.section	.rodata.str1.4,"aMS",%progbits,1
  76              		.align	2
  77              	.LC0:
  78 0000 4100     		.ascii	"A\000"
  79 0002 0000     		.space	2
  80              	.LC1:
  81 0004 4200     		.ascii	"B\000"
  82 0006 0000     		.space	2
  83              	.LC2:
  84 0008 4300     		.ascii	"C\000"
  85 000a 0000     		.space	2
  86              	.LC3:
  87 000c 4400     		.ascii	"D\000"
  88 000e 0000     		.space	2
  89              	.LC4:
  90 0010 4500     		.ascii	"E\000"
  91 0012 0000     		.space	2
  92              	.LC5:
  93 0014 4600     		.ascii	"F\000"
  94 0016 0000     		.space	2
  95              	.LC6:
  96 0018 4700     		.ascii	"G\000"
  97 001a 0000     		.space	2
  98              	.LC7:
  99 001c 4800     		.ascii	"H\000"
 100 001e 0000     		.space	2
 101              	.LC8:
 102 0020 4900     		.ascii	"I\000"
 103 0022 0000     		.space	2
 104              	.LC9:
 105 0024 4A00     		.ascii	"J\000"
 106 0026 0000     		.space	2
 107              	.LC10:
 108 0028 4B00     		.ascii	"K\000"
 109 002a 0000     		.space	2
 110              	.LC11:
 111 002c 4C00     		.ascii	"L\000"
 112 002e 0000     		.space	2
 113              	.LC12:
 114 0030 4D00     		.ascii	"M\000"
 115 0032 0000     		.space	2
 116              	.LC13:
 117 0034 4E00     		.ascii	"N\000"
 118 0036 0000     		.space	2
 119              	.LC14:
 120 0038 4F00     		.ascii	"O\000"
 121 003a 0000     		.space	2
 122              	.LC15:
 123 003c 5000     		.ascii	"P\000"
 124 003e 0000     		.space	2
 125              	.LC16:
 126 0040 5100     		.ascii	"Q\000"
 127 0042 0000     		.space	2
 128              	.LC17:
 129 0044 5200     		.ascii	"R\000"
 130 0046 0000     		.space	2
 131              	.LC18:
 132 0048 5300     		.ascii	"S\000"
 133 004a 0000     		.space	2
 134              	.LC19:
 135 004c 5400     		.ascii	"T\000"
 136 004e 0000     		.space	2
 137              	.LC20:
 138 0050 5500     		.ascii	"U\000"
 139 0052 0000     		.space	2
 140              	.LC21:
 141 0054 5600     		.ascii	"V\000"
 142 0056 0000     		.space	2
 143              	.LC22:
 144 0058 5700     		.ascii	"W\000"
 145 005a 0000     		.space	2
 146              	.LC23:
 147 005c 5800     		.ascii	"X\000"
 148 005e 0000     		.space	2
 149              	.LC24:
 150 0060 5900     		.ascii	"Y\000"
 151 0062 0000     		.space	2
 152              	.LC25:
 153 0064 5A00     		.ascii	"Z\000"
 154 0066 0000     		.space	2
 155              	.LC26:
 156 0068 3000     		.ascii	"0\000"
 157 006a 0000     		.space	2
 158              	.LC27:
 159 006c 3100     		.ascii	"1\000"
 160 006e 0000     		.space	2
 161              	.LC28:
 162 0070 3200     		.ascii	"2\000"
 163 0072 0000     		.space	2
 164              	.LC29:
 165 0074 3300     		.ascii	"3\000"
 166 0076 0000     		.space	2
 167              	.LC30:
 168 0078 3400     		.ascii	"4\000"
 169 007a 0000     		.space	2
 170              	.LC31:
 171 007c 3500     		.ascii	"5\000"
 172 007e 0000     		.space	2
 173              	.LC32:
 174 0080 3600     		.ascii	"6\000"
 175 0082 0000     		.space	2
 176              	.LC33:
 177 0084 3700     		.ascii	"7\000"
 178 0086 0000     		.space	2
 179              	.LC34:
 180 0088 3800     		.ascii	"8\000"
 181 008a 0000     		.space	2
 182              	.LC35:
 183 008c 3900     		.ascii	"9\000"
 184 008e 0000     		.space	2
 185              	.LC36:
 186 0090 8000     		.ascii	"\200\000"
 187 0092 0000     		.space	2
 188              	.LC37:
 189 0094 8100     		.ascii	"\201\000"
 190 0096 0000     		.space	2
 191              	.LC38:
 192 0098 8200     		.ascii	"\202\000"
 193              		.text
 194              	.Letext0:
 195              		.file 1 "c:\\program files (x86)\\gnu tools arm embedded\\6 2017-q2-update\\arm-none-eabi\\include
 196              		.file 2 "c:\\program files (x86)\\gnu tools arm embedded\\6 2017-q2-update\\arm-none-eabi\\include
 197              		.file 3 "c:\\program files (x86)\\gnu tools arm embedded\\6 2017-q2-update\\arm-none-eabi\\include
 198              		.file 4 "c:\\program files (x86)\\gnu tools arm embedded\\6 2017-q2-update\\lib\\gcc\\arm-none-eab
 199              		.file 5 "c:\\program files (x86)\\gnu tools arm embedded\\6 2017-q2-update\\arm-none-eabi\\include
 200              		.file 6 "c:\\program files (x86)\\gnu tools arm embedded\\6 2017-q2-update\\arm-none-eabi\\include
 201              		.file 7 "c:\\program files (x86)\\gnu tools arm embedded\\6 2017-q2-update\\arm-none-eabi\\include
 202              		.file 8 "c:\\program files (x86)\\gnu tools arm embedded\\6 2017-q2-update\\arm-none-eabi\\include
 203              		.file 9 "c:\\program files (x86)\\gnu tools arm embedded\\6 2017-q2-update\\arm-none-eabi\\include
 204              		.file 10 "c:\\program files (x86)\\gnu tools arm embedded\\6 2017-q2-update\\arm-none-eabi\\includ
 205              		.file 11 "C:/Renesas/e2studio_2021_01_workspace_RZA2M_ANPR/ANPR_RZA2M_EBK/src/neural_networks/tens
 206              		.file 12 "C:/Renesas/e2studio_2021_01_workspace_RZA2M_ANPR/ANPR_RZA2M_EBK/src/neural_networks/tens
 207              		.file 13 "C:/Renesas/e2studio_2021_01_workspace_RZA2M_ANPR/ANPR_RZA2M_EBK/src/neural_networks/tens
 208              		.file 14 "../src/neural_networks/tensorflow_lite/tensorflowlite_model_settings.h"
 209              		.file 15 "../src/neural_networks/tensorflow_lite/tensorflowlite_model_settings.cpp"
 210              		.file 16 "<built-in>"
DEFINED SYMBOLS
                            *ABS*:00000000 tensorflowlite_model_settings.cpp
C:\Users\a5050395\AppData\Local\Temp\ccSFdFeA.s:29     .bss.CNN_result_int8:00000000 CNN_result_int8
C:\Users\a5050395\AppData\Local\Temp\ccSFdFeA.s:23     .bss.CNN_result:00000000 CNN_result
C:\Users\a5050395\AppData\Local\Temp\ccSFdFeA.s:35     .data.kCategoryLabels:00000000 kCategoryLabels
C:\Users\a5050395\AppData\Local\Temp\ccSFdFeA.s:20     .bss.CNN_result:00000000 $d
C:\Users\a5050395\AppData\Local\Temp\ccSFdFeA.s:26     .bss.CNN_result_int8:00000000 $d
C:\Users\a5050395\AppData\Local\Temp\ccSFdFeA.s:32     .data.kCategoryLabels:00000000 $d
C:\Users\a5050395\AppData\Local\Temp\ccSFdFeA.s:76     .rodata.str1.4:00000000 $d
                           .group:00000000 wm4.0.94ad444a790c92d5bddf79c4826237c2
                           .group:00000000 wm4._newlib_version.h.4.3572908597b70d672d181fc7fc501c19
                           .group:00000000 wm4.newlib.h.21.59901f4bf241ab46c63694665baa7297
                           .group:00000000 wm4.features.h.22.5cdadbb3efe495d1c9e38350b8c376c7
                           .group:00000000 wm4.config.h.219.65a553ab5bef5482f0d7880b0d33015e
                           .group:00000000 wm4._ansi.h.23.1ee1144430bedaab1a14c7b57a6c8384
                           .group:00000000 wm4.stdio.h.31.7c0e28c411445f3f9c5b11accf882760
                           .group:00000000 wm4._default_types.h.6.959254cf5f09734ea7516c89e8bb21bd
                           .group:00000000 wm4.stddef.h.187.422da5f95ac1285e95faf42258f23242
                           .group:00000000 wm4.cdefs.h.47.9bc8274c84fddbf05edd550eb0bf48cd
                           .group:00000000 wm4.stddef.h.39.f3921369feb94d56be5cea128eb7b96e
                           .group:00000000 wm4.stdarg.h.34.3a23a216c0c293b3d2ea2e89281481e6
                           .group:00000000 wm4.lock.h.2.1461d1fff82dffe8bfddc23307f6484f
                           .group:00000000 wm4._types.h.125.5cf8a495f1f7ef36777ad868a1e32068
                           .group:00000000 wm4.stddef.h.161.7e98c9c86da0ed2d27af2ef92af7d013
                           .group:00000000 wm4._types.h.183.c226d164ceca1f2ecb9ae9360c54a098
                           .group:00000000 wm4.reent.h.17.23b059516345f8f5abfa01ddc379570f
                           .group:00000000 wm4.types.h.40.e8c16e7ec36ba55f133d0616070e25fc
                           .group:00000000 wm4._stdint.h.10.c24fa3af3bc1706662bb5593a907e841
                           .group:00000000 wm4._endian.h.31.65a10590763c3dde1ac4a7f66d7d4891
                           .group:00000000 wm4.endian.h.9.49f3a4695c1b61e8a0808de3c4a106cb
                           .group:00000000 wm4._timeval.h.30.0e8bfd94e85db17dda3286ee81496fe6
                           .group:00000000 wm4.timespec.h.41.d855182eb0e690443ab8651bcedca6e1
                           .group:00000000 wm4.select.h.30.bbece7fa40993a78092dcc5805132560
                           .group:00000000 wm4.types.h.69.ed3eae3cf73030a737515151ebcab7a1
                           .group:00000000 wm4.stdio.h.2.4aa87247282eca6c8f36f9de33d8df1a
                           .group:00000000 wm4.stdio.h.81.8188691c2279eac7a223caa50f6694b9
                           .group:00000000 wm4.stdint.h.4.659be5aa44c4ab4eb7c7cc2b24d8ceee
                           .group:00000000 wm4._intsup.h.10.cce27fed8484c08a33f522034c30d2b5
                           .group:00000000 wm4.stdint.h.23.d53047a68f4a85177f80b422d52785ed
                           .group:00000000 wm4.cconfig.h.31.21483d26c3710eb58c7a44c20d82c775
                           .group:00000000 wm4.cpu_defines.h.31.54d44f9d3e7c42875c5a7fd49795eb93
                           .group:00000000 wm4.cconfig.h.515.5e729db314ae74226e291b4ae081e353
                           .group:00000000 wm4.cpp_type_traits.h.33.9f2bfd8c4471a9a299f6da3ec24c745c
                           .group:00000000 wm4.math.h.13.4f1ab8d1725735081bbdb9ebcf6dba66
                           .group:00000000 wm4.cmath.46.d6e5b776115d39075860ed881d18f087
                           .group:00000000 wm4.r_typedefs.h.38.3b32591f3a0a8fe6de76e7165a8c2779
                           .group:00000000 wm4.r_neural_networks.h.65.13950c0d3158ff7be0ccdcaa8b55e4af

NO UNDEFINED SYMBOLS
