   1              		.cpu cortex-a9
   2              		.eabi_attribute 28, 1
   3              		.eabi_attribute 20, 1
   4              		.eabi_attribute 21, 1
   5              		.eabi_attribute 23, 3
   6              		.eabi_attribute 24, 1
   7              		.eabi_attribute 25, 1
   8              		.eabi_attribute 26, 1
   9              		.eabi_attribute 30, 1
  10              		.eabi_attribute 34, 0
  11              		.eabi_attribute 18, 4
  12              		.file	"r_intc_lld_rza2m_handler.c"
  13              		.text
  14              	.Ltext0:
  15              		.cfi_sections	.debug_frame
  16              		.section	.text.INTC_Handler_Interrupt,"ax",%progbits
  17              		.align	2
  18              		.global	INTC_Handler_Interrupt
  19              		.syntax unified
  20              		.arm
  21              		.fpu neon
  23              	INTC_Handler_Interrupt:
  24              	.LFB3:
  25              		.file 1 "../generate/drivers/r_intc/src/lld/r_intc_lld_rza2m_handler.c"
   1:../generate/drivers/r_intc/src/lld/r_intc_lld_rza2m_handler.c **** /*******************************************************************************
   2:../generate/drivers/r_intc/src/lld/r_intc_lld_rza2m_handler.c **** * DISCLAIMER
   3:../generate/drivers/r_intc/src/lld/r_intc_lld_rza2m_handler.c **** * This software is supplied by Renesas Electronics Corporation and is only
   4:../generate/drivers/r_intc/src/lld/r_intc_lld_rza2m_handler.c **** * intended for use with Renesas products. No other uses are authorized. This
   5:../generate/drivers/r_intc/src/lld/r_intc_lld_rza2m_handler.c **** * software is owned by Renesas Electronics Corporation and is protected under
   6:../generate/drivers/r_intc/src/lld/r_intc_lld_rza2m_handler.c **** * all applicable laws, including copyright laws.
   7:../generate/drivers/r_intc/src/lld/r_intc_lld_rza2m_handler.c **** * THIS SOFTWARE IS PROVIDED "AS IS" AND RENESAS MAKES NO WARRANTIES REGARDING
   8:../generate/drivers/r_intc/src/lld/r_intc_lld_rza2m_handler.c **** * THIS SOFTWARE, WHETHER EXPRESS, IMPLIED OR STATUTORY, INCLUDING BUT NOT
   9:../generate/drivers/r_intc/src/lld/r_intc_lld_rza2m_handler.c **** * LIMITED TO WARRANTIES OF MERCHANTABILITY, FITNESS FOR A PARTICULAR PURPOSE
  10:../generate/drivers/r_intc/src/lld/r_intc_lld_rza2m_handler.c **** * AND NON-INFRINGEMENT. ALL SUCH WARRANTIES ARE EXPRESSLY DISCLAIMED.
  11:../generate/drivers/r_intc/src/lld/r_intc_lld_rza2m_handler.c **** * TO THE MAXIMUM EXTENT PERMITTED NOT PROHIBITED BY LAW, NEITHER RENESAS
  12:../generate/drivers/r_intc/src/lld/r_intc_lld_rza2m_handler.c **** * ELECTRONICS CORPORATION NOR ANY OF ITS AFFILIATED COMPANIES SHALL BE LIABLE
  13:../generate/drivers/r_intc/src/lld/r_intc_lld_rza2m_handler.c **** * FOR ANY DIRECT, INDIRECT, SPECIAL, INCIDENTAL OR CONSEQUENTIAL DAMAGES FOR
  14:../generate/drivers/r_intc/src/lld/r_intc_lld_rza2m_handler.c **** * ANY REASON RELATED TO THIS SOFTWARE, EVEN IF RENESAS OR ITS AFFILIATES HAVE
  15:../generate/drivers/r_intc/src/lld/r_intc_lld_rza2m_handler.c **** * BEEN ADVISED OF THE POSSIBILITY OF SUCH DAMAGES.
  16:../generate/drivers/r_intc/src/lld/r_intc_lld_rza2m_handler.c **** * Renesas reserves the right, without notice, to make changes to this software
  17:../generate/drivers/r_intc/src/lld/r_intc_lld_rza2m_handler.c **** * and to discontinue the availability of this software. By using this software,
  18:../generate/drivers/r_intc/src/lld/r_intc_lld_rza2m_handler.c **** * you agree to the additional terms and conditions found by accessing the
  19:../generate/drivers/r_intc/src/lld/r_intc_lld_rza2m_handler.c **** * following link:
  20:../generate/drivers/r_intc/src/lld/r_intc_lld_rza2m_handler.c **** * http://www.renesas.com/disclaimer
  21:../generate/drivers/r_intc/src/lld/r_intc_lld_rza2m_handler.c **** * Copyright (C) 2018 Renesas Electronics Corporation. All rights reserved.
  22:../generate/drivers/r_intc/src/lld/r_intc_lld_rza2m_handler.c **** *******************************************************************************/
  23:../generate/drivers/r_intc/src/lld/r_intc_lld_rza2m_handler.c **** /*******************************************************************************
  24:../generate/drivers/r_intc/src/lld/r_intc_lld_rza2m_handler.c **** * File Name   : r_intc_lld_rza2m_handler.c
  25:../generate/drivers/r_intc/src/lld/r_intc_lld_rza2m_handler.c **** * Description : INTC Low layer driver interrupt handler
  26:../generate/drivers/r_intc/src/lld/r_intc_lld_rza2m_handler.c **** *******************************************************************************/
  27:../generate/drivers/r_intc/src/lld/r_intc_lld_rza2m_handler.c **** 
  28:../generate/drivers/r_intc/src/lld/r_intc_lld_rza2m_handler.c **** /******************************************************************************
  29:../generate/drivers/r_intc/src/lld/r_intc_lld_rza2m_handler.c **** Includes   <System Includes> , "Project Includes"
  30:../generate/drivers/r_intc/src/lld/r_intc_lld_rza2m_handler.c **** ******************************************************************************/
  31:../generate/drivers/r_intc/src/lld/r_intc_lld_rza2m_handler.c **** #include "r_intc_drv_link.h"
  32:../generate/drivers/r_intc/src/lld/r_intc_lld_rza2m_handler.c **** #include "compiler_settings.h"
  33:../generate/drivers/r_intc/src/lld/r_intc_lld_rza2m_handler.c **** #include "iodefine.h"
  34:../generate/drivers/r_intc/src/lld/r_intc_lld_rza2m_handler.c **** #include "r_intc_lld_rza2m_handler.h"
  35:../generate/drivers/r_intc/src/lld/r_intc_lld_rza2m_handler.c **** 
  36:../generate/drivers/r_intc/src/lld/r_intc_lld_rza2m_handler.c **** /******************************************************************************
  37:../generate/drivers/r_intc/src/lld/r_intc_lld_rza2m_handler.c **** Typedef definitions
  38:../generate/drivers/r_intc/src/lld/r_intc_lld_rza2m_handler.c **** ******************************************************************************/
  39:../generate/drivers/r_intc/src/lld/r_intc_lld_rza2m_handler.c **** 
  40:../generate/drivers/r_intc/src/lld/r_intc_lld_rza2m_handler.c **** 
  41:../generate/drivers/r_intc/src/lld/r_intc_lld_rza2m_handler.c **** /******************************************************************************
  42:../generate/drivers/r_intc/src/lld/r_intc_lld_rza2m_handler.c **** Macro definitions
  43:../generate/drivers/r_intc/src/lld/r_intc_lld_rza2m_handler.c **** ******************************************************************************/
  44:../generate/drivers/r_intc/src/lld/r_intc_lld_rza2m_handler.c **** 
  45:../generate/drivers/r_intc/src/lld/r_intc_lld_rza2m_handler.c **** /******************************************************************************
  46:../generate/drivers/r_intc/src/lld/r_intc_lld_rza2m_handler.c **** Imported global variables and functions (from other files)
  47:../generate/drivers/r_intc/src/lld/r_intc_lld_rza2m_handler.c **** ******************************************************************************/
  48:../generate/drivers/r_intc/src/lld/r_intc_lld_rza2m_handler.c **** 
  49:../generate/drivers/r_intc/src/lld/r_intc_lld_rza2m_handler.c **** 
  50:../generate/drivers/r_intc/src/lld/r_intc_lld_rza2m_handler.c **** /******************************************************************************
  51:../generate/drivers/r_intc/src/lld/r_intc_lld_rza2m_handler.c **** Exported global variables and functions (to be accessed by other files)
  52:../generate/drivers/r_intc/src/lld/r_intc_lld_rza2m_handler.c **** ******************************************************************************/
  53:../generate/drivers/r_intc/src/lld/r_intc_lld_rza2m_handler.c **** 
  54:../generate/drivers/r_intc/src/lld/r_intc_lld_rza2m_handler.c **** 
  55:../generate/drivers/r_intc/src/lld/r_intc_lld_rza2m_handler.c **** /******************************************************************************
  56:../generate/drivers/r_intc/src/lld/r_intc_lld_rza2m_handler.c **** Private global variables and functions
  57:../generate/drivers/r_intc/src/lld/r_intc_lld_rza2m_handler.c **** ******************************************************************************/
  58:../generate/drivers/r_intc/src/lld/r_intc_lld_rza2m_handler.c **** 
  59:../generate/drivers/r_intc/src/lld/r_intc_lld_rza2m_handler.c **** 
  60:../generate/drivers/r_intc/src/lld/r_intc_lld_rza2m_handler.c **** /******************************************************************************
  61:../generate/drivers/r_intc/src/lld/r_intc_lld_rza2m_handler.c **** * Function Name: INTC_Handler_Interrupt
  62:../generate/drivers/r_intc/src/lld/r_intc_lld_rza2m_handler.c **** * Description  : This function is the INTC interrupt handler processing called
  63:../generate/drivers/r_intc/src/lld/r_intc_lld_rza2m_handler.c **** *              : by the irq_handler. Executes the handler processing which
  64:../generate/drivers/r_intc/src/lld/r_intc_lld_rza2m_handler.c **** *              : corresponds to the INTC interrupt source ID specified by the
  65:../generate/drivers/r_intc/src/lld/r_intc_lld_rza2m_handler.c **** *              : icciar by calling the Userdef_INTC_HandlerExe function. The IRQ
  66:../generate/drivers/r_intc/src/lld/r_intc_lld_rza2m_handler.c **** *              : multiple interrupts are enabled. The processing for unsupported
  67:../generate/drivers/r_intc/src/lld/r_intc_lld_rza2m_handler.c **** *              : interrupt ID is executed by calling intc_undefined_id function.
  68:../generate/drivers/r_intc/src/lld/r_intc_lld_rza2m_handler.c **** *              : In the interrupt handler processing, when the int_sense shows
  69:../generate/drivers/r_intc/src/lld/r_intc_lld_rza2m_handler.c **** *              : "INTC_LEVEL_SENSITIVE", clear the interrupt source because it
  70:../generate/drivers/r_intc/src/lld/r_intc_lld_rza2m_handler.c **** *              : means a level sense interrupt.
  71:../generate/drivers/r_intc/src/lld/r_intc_lld_rza2m_handler.c **** * Arguments    : uint32_t icciar : Interrupt ID (value of ICCIAR register)
  72:../generate/drivers/r_intc/src/lld/r_intc_lld_rza2m_handler.c **** * Return Value : none
  73:../generate/drivers/r_intc/src/lld/r_intc_lld_rza2m_handler.c **** ******************************************************************************/
  74:../generate/drivers/r_intc/src/lld/r_intc_lld_rza2m_handler.c **** void INTC_Handler_Interrupt(uint32_t icciar)
  75:../generate/drivers/r_intc/src/lld/r_intc_lld_rza2m_handler.c **** {
  26              		.loc 1 75 0
  27              		.cfi_startproc
  28              		@ args = 0, pretend = 0, frame = 0
  29              		@ frame_needed = 0, uses_anonymous_args = 0
  30              	.LVL0:
  31 0000 70402DE9 		push	{r4, r5, r6, lr}
  32              		.cfi_def_cfa_offset 16
  33              		.cfi_offset 4, -16
  34              		.cfi_offset 5, -12
  35              		.cfi_offset 6, -8
  36              		.cfi_offset 14, -4
  76:../generate/drivers/r_intc/src/lld/r_intc_lld_rza2m_handler.c ****     /* Stacks are restored by ASM with the top level to correspond to multiple interrupts */
  77:../generate/drivers/r_intc/src/lld/r_intc_lld_rza2m_handler.c ****     uint32_t mask;
  78:../generate/drivers/r_intc/src/lld/r_intc_lld_rza2m_handler.c ****     uint32_t int_sense;
  79:../generate/drivers/r_intc/src/lld/r_intc_lld_rza2m_handler.c ****     uint16_t int_id;
  80:../generate/drivers/r_intc/src/lld/r_intc_lld_rza2m_handler.c ****     uint32_t volatile * p_addr;
  81:../generate/drivers/r_intc/src/lld/r_intc_lld_rza2m_handler.c **** 
  82:../generate/drivers/r_intc/src/lld/r_intc_lld_rza2m_handler.c ****     /* Obtain interrupt ID */
  83:../generate/drivers/r_intc/src/lld/r_intc_lld_rza2m_handler.c ****     int_id = (uint16_t)(icciar & 0x000003FFuL);
  37              		.loc 1 83 0
  38 0004 7040FFE6 		uxth	r4, r0
  39 0008 5450E9E7 		ubfx	r5, r4, #0, #10
  40              	.LVL1:
  84:../generate/drivers/r_intc/src/lld/r_intc_lld_rza2m_handler.c **** 
  85:../generate/drivers/r_intc/src/lld/r_intc_lld_rza2m_handler.c ****     if (int_id >= INTC_GIC_ID_TOTAL)    /* In case of unsupported interrupt ID */
  41              		.loc 1 85 0
  42 000c 020C55E3 		cmp	r5, #512
  43 0010 1800002A 		bcs	.L9
  86:../generate/drivers/r_intc/src/lld/r_intc_lld_rza2m_handler.c ****     {
  87:../generate/drivers/r_intc/src/lld/r_intc_lld_rza2m_handler.c ****         Userdef_INTC_UndefId(int_id);
  88:../generate/drivers/r_intc/src/lld/r_intc_lld_rza2m_handler.c ****         return;
  89:../generate/drivers/r_intc/src/lld/r_intc_lld_rza2m_handler.c ****     }
  90:../generate/drivers/r_intc/src/lld/r_intc_lld_rza2m_handler.c **** 
  91:../generate/drivers/r_intc/src/lld/r_intc_lld_rza2m_handler.c ****     /* ==== Interrupt handler call ==== */
  92:../generate/drivers/r_intc/src/lld/r_intc_lld_rza2m_handler.c ****     __enable_irq();         /* IRQ interrupt enabled */
  44              		.loc 1 92 0
  45 0014 FEFFFFEB 		bl	__enable_irq
  46              	.LVL2:
  93:../generate/drivers/r_intc/src/lld/r_intc_lld_rza2m_handler.c **** 
  94:../generate/drivers/r_intc/src/lld/r_intc_lld_rza2m_handler.c ****     /* ICDICFRn has 16 sources in the 32 bits                                  */
  95:../generate/drivers/r_intc/src/lld/r_intc_lld_rza2m_handler.c ****     /* The n can be calculated by int_id / 16                                  */
  96:../generate/drivers/r_intc/src/lld/r_intc_lld_rza2m_handler.c ****     /* The upper 1 bit out of 2 bits for the bit field width is the target bit */
  97:../generate/drivers/r_intc/src/lld/r_intc_lld_rza2m_handler.c ****     /* The target bit can be calculated by ((int_id % 16) * 2) + 1             */
  98:../generate/drivers/r_intc/src/lld/r_intc_lld_rza2m_handler.c ****     p_addr = (volatile uint32_t *)&INTC.GICD_ICFGR0;
  99:../generate/drivers/r_intc/src/lld/r_intc_lld_rza2m_handler.c ****     mask = 1u << (((int_id % 16u) * 2u) + 1u);
  47              		.loc 1 99 0
  48 0018 0F4004E2 		and	r4, r4, #15
  49 001c 8440A0E1 		lsl	r4, r4, #1
  50 0020 014084E2 		add	r4, r4, #1
  51              	.LVL3:
 100:../generate/drivers/r_intc/src/lld/r_intc_lld_rza2m_handler.c ****     if (0 == ((*(p_addr + (int_id / 16u))) & mask))  /* In the case of level sense */
  52              		.loc 1 100 0
  53 0024 2522A0E1 		lsr	r2, r5, #4
  54 0028 073BA0E3 		mov	r3, #7168
  55 002c 22384EE3 		movt	r3, 59426
  56 0030 023193E7 		ldr	r3, [r3, r2, lsl #2]
  57 0034 0120A0E3 		mov	r2, #1
  58 0038 123413E0 		ands	r3, r3, r2, lsl r4
  59 003c 1000001A 		bne	.L7
 101:../generate/drivers/r_intc/src/lld/r_intc_lld_rza2m_handler.c ****     {
 102:../generate/drivers/r_intc/src/lld/r_intc_lld_rza2m_handler.c ****         int_sense = INT_SENSE_LEVEL;
  60              		.loc 1 102 0
  61 0040 0040A0E3 		mov	r4, #0
  62              	.LVL4:
  63              	.L4:
 103:../generate/drivers/r_intc/src/lld/r_intc_lld_rza2m_handler.c ****     }
 104:../generate/drivers/r_intc/src/lld/r_intc_lld_rza2m_handler.c ****     else                                        /* In the case of edge trigger */
 105:../generate/drivers/r_intc/src/lld/r_intc_lld_rza2m_handler.c ****     {
 106:../generate/drivers/r_intc/src/lld/r_intc_lld_rza2m_handler.c ****         int_sense = INT_SENSE_EDGE;
 107:../generate/drivers/r_intc/src/lld/r_intc_lld_rza2m_handler.c ****     }
 108:../generate/drivers/r_intc/src/lld/r_intc_lld_rza2m_handler.c **** 
 109:../generate/drivers/r_intc/src/lld/r_intc_lld_rza2m_handler.c ****     Userdef_INTC_Pre_Interrupt(int_id);         /* Call pre_interrupt handler */
  64              		.loc 1 109 0
  65 0044 0500A0E1 		mov	r0, r5
  66 0048 FEFFFFEB 		bl	Userdef_INTC_Pre_Interrupt
  67              	.LVL5:
 110:../generate/drivers/r_intc/src/lld/r_intc_lld_rza2m_handler.c ****     if(NULL != g_intc_func_table[int_id])
  68              		.loc 1 110 0
  69 004c 003000E3 		movw	r3, #:lower16:g_intc_func_table
  70 0050 003040E3 		movt	r3, #:upper16:g_intc_func_table
  71 0054 053193E7 		ldr	r3, [r3, r5, lsl #2]
  72 0058 000053E3 		cmp	r3, #0
  73 005c 0A00000A 		beq	.L5
 111:../generate/drivers/r_intc/src/lld/r_intc_lld_rza2m_handler.c ****     {
 112:../generate/drivers/r_intc/src/lld/r_intc_lld_rza2m_handler.c ****         g_intc_func_table[int_id](int_sense);     /* Call interrupt handler */
  74              		.loc 1 112 0
  75 0060 0400A0E1 		mov	r0, r4
  76 0064 33FF2FE1 		blx	r3
  77              	.LVL6:
  78              	.L6:
 113:../generate/drivers/r_intc/src/lld/r_intc_lld_rza2m_handler.c ****     }
 114:../generate/drivers/r_intc/src/lld/r_intc_lld_rza2m_handler.c ****     else
 115:../generate/drivers/r_intc/src/lld/r_intc_lld_rza2m_handler.c ****     {
 116:../generate/drivers/r_intc/src/lld/r_intc_lld_rza2m_handler.c ****         Userdef_INTC_UnregisteredID(int_id);    /* Call default handler */
 117:../generate/drivers/r_intc/src/lld/r_intc_lld_rza2m_handler.c ****     }
 118:../generate/drivers/r_intc/src/lld/r_intc_lld_rza2m_handler.c ****     Userdef_INTC_Post_Interrupt(int_id);        /* Call post_interrupt handler */
  79              		.loc 1 118 0
  80 0068 0500A0E1 		mov	r0, r5
  81 006c FEFFFFEB 		bl	Userdef_INTC_Post_Interrupt
  82              	.LVL7:
 119:../generate/drivers/r_intc/src/lld/r_intc_lld_rza2m_handler.c **** 
 120:../generate/drivers/r_intc/src/lld/r_intc_lld_rza2m_handler.c ****     __disable_irq();        /* IRQ interrupt disabled */
  83              		.loc 1 120 0
  84 0070 FEFFFFEB 		bl	__disable_irq
  85              	.LVL8:
  86 0074 7080BDE8 		pop	{r4, r5, r6, pc}
  87              	.LVL9:
  88              	.L9:
  87:../generate/drivers/r_intc/src/lld/r_intc_lld_rza2m_handler.c ****         return;
  89              		.loc 1 87 0
  90 0078 0500A0E1 		mov	r0, r5
  91              	.LVL10:
  92 007c FEFFFFEB 		bl	Userdef_INTC_UndefId
  93              	.LVL11:
  88:../generate/drivers/r_intc/src/lld/r_intc_lld_rza2m_handler.c ****     }
  94              		.loc 1 88 0
  95 0080 7080BDE8 		pop	{r4, r5, r6, pc}
  96              	.LVL12:
  97              	.L7:
 106:../generate/drivers/r_intc/src/lld/r_intc_lld_rza2m_handler.c ****     }
  98              		.loc 1 106 0
  99 0084 0140A0E3 		mov	r4, #1
 100              	.LVL13:
 101 0088 EDFFFFEA 		b	.L4
 102              	.LVL14:
 103              	.L5:
 116:../generate/drivers/r_intc/src/lld/r_intc_lld_rza2m_handler.c ****     }
 104              		.loc 1 116 0
 105 008c 0500A0E1 		mov	r0, r5
 106 0090 FEFFFFEB 		bl	Userdef_INTC_UnregisteredID
 107              	.LVL15:
 108 0094 F3FFFFEA 		b	.L6
 109              		.cfi_endproc
 110              	.LFE3:
 112              		.section	.text.NMI_Handler_Interrupt,"ax",%progbits
 113              		.align	2
 114              		.global	NMI_Handler_Interrupt
 115              		.syntax unified
 116              		.arm
 117              		.fpu neon
 119              	NMI_Handler_Interrupt:
 120              	.LFB4:
 121:../generate/drivers/r_intc/src/lld/r_intc_lld_rza2m_handler.c **** }
 122:../generate/drivers/r_intc/src/lld/r_intc_lld_rza2m_handler.c **** /******************************************************************************
 123:../generate/drivers/r_intc/src/lld/r_intc_lld_rza2m_handler.c ****  * End of function INTC_Handler_Interrupt
 124:../generate/drivers/r_intc/src/lld/r_intc_lld_rza2m_handler.c ****  ******************************************************************************/
 125:../generate/drivers/r_intc/src/lld/r_intc_lld_rza2m_handler.c **** 
 126:../generate/drivers/r_intc/src/lld/r_intc_lld_rza2m_handler.c **** /******************************************************************************
 127:../generate/drivers/r_intc/src/lld/r_intc_lld_rza2m_handler.c **** * Function Name: NMI_Handler_Interrupt
 128:../generate/drivers/r_intc/src/lld/r_intc_lld_rza2m_handler.c **** * Description  : This function is the NMI interrupt handler called by
 129:../generate/drivers/r_intc/src/lld/r_intc_lld_rza2m_handler.c **** *                irqfiq_handler.asm.
 130:../generate/drivers/r_intc/src/lld/r_intc_lld_rza2m_handler.c **** * Arguments    : none
 131:../generate/drivers/r_intc/src/lld/r_intc_lld_rza2m_handler.c **** * Return Value : none
 132:../generate/drivers/r_intc/src/lld/r_intc_lld_rza2m_handler.c **** ******************************************************************************/
 133:../generate/drivers/r_intc/src/lld/r_intc_lld_rza2m_handler.c **** void NMI_Handler_Interrupt(void)
 134:../generate/drivers/r_intc/src/lld/r_intc_lld_rza2m_handler.c **** {
 121              		.loc 1 134 0
 122              		.cfi_startproc
 123              		@ args = 0, pretend = 0, frame = 0
 124              		@ frame_needed = 0, uses_anonymous_args = 0
 125 0000 10402DE9 		push	{r4, lr}
 126              		.cfi_def_cfa_offset 8
 127              		.cfi_offset 4, -8
 128              		.cfi_offset 14, -4
 135:../generate/drivers/r_intc/src/lld/r_intc_lld_rza2m_handler.c ****     if(NULL != g_intc_func_table[INTC_VID_NMI])
 129              		.loc 1 135 0
 130 0004 003000E3 		movw	r3, #:lower16:g_intc_func_table
 131 0008 003040E3 		movt	r3, #:upper16:g_intc_func_table
 132 000c 003893E5 		ldr	r3, [r3, #2048]
 133 0010 000053E3 		cmp	r3, #0
 134 0014 0700000A 		beq	.L11
 136:../generate/drivers/r_intc/src/lld/r_intc_lld_rza2m_handler.c ****     {
 137:../generate/drivers/r_intc/src/lld/r_intc_lld_rza2m_handler.c ****         g_intc_func_table[INTC_VID_NMI](INT_SENSE_EDGE);     /* Call interrupt handler */
 135              		.loc 1 137 0
 136 0018 0100A0E3 		mov	r0, #1
 137 001c 33FF2FE1 		blx	r3
 138              	.LVL16:
 139              	.L12:
 138:../generate/drivers/r_intc/src/lld/r_intc_lld_rza2m_handler.c ****     }
 139:../generate/drivers/r_intc/src/lld/r_intc_lld_rza2m_handler.c ****     else
 140:../generate/drivers/r_intc/src/lld/r_intc_lld_rza2m_handler.c ****     {
 141:../generate/drivers/r_intc/src/lld/r_intc_lld_rza2m_handler.c ****         Userdef_INTC_UnregisteredID(INTC_VID_NMI);    /* Call default handler */
 142:../generate/drivers/r_intc/src/lld/r_intc_lld_rza2m_handler.c ****     }
 143:../generate/drivers/r_intc/src/lld/r_intc_lld_rza2m_handler.c **** 
 144:../generate/drivers/r_intc/src/lld/r_intc_lld_rza2m_handler.c ****     /* clear NMIF register */
 145:../generate/drivers/r_intc/src/lld/r_intc_lld_rza2m_handler.c ****     INTC.ICR0.BIT.NMIF = 0;
 140              		.loc 1 145 0
 141 0020 3E2BA0E3 		mov	r2, #63488
 142 0024 FE2C4FE3 		movt	r2, 64766
 143 0028 B030D2E1 		ldrh	r3, [r2]
 144 002c 9F30C1E7 		bfc	r3, #1, #1
 145 0030 B030C2E1 		strh	r3, [r2]	@ movhi
 146 0034 1080BDE8 		pop	{r4, pc}
 147              	.L11:
 141:../generate/drivers/r_intc/src/lld/r_intc_lld_rza2m_handler.c ****     }
 148              		.loc 1 141 0
 149 0038 020CA0E3 		mov	r0, #512
 150 003c FEFFFFEB 		bl	Userdef_INTC_UnregisteredID
 151              	.LVL17:
 152 0040 F6FFFFEA 		b	.L12
 153              		.cfi_endproc
 154              	.LFE4:
 156              		.text
 157              	.Letext0:
 158              		.file 2 "c:\\program files (x86)\\gnu tools arm embedded\\6 2017-q2-update\\arm-none-eabi\\include
 159              		.file 3 "c:\\program files (x86)\\gnu tools arm embedded\\6 2017-q2-update\\arm-none-eabi\\include
 160              		.file 4 "c:\\program files (x86)\\gnu tools arm embedded\\6 2017-q2-update\\arm-none-eabi\\include
 161              		.file 5 "c:\\program files (x86)\\gnu tools arm embedded\\6 2017-q2-update\\arm-none-eabi\\include
 162              		.file 6 "c:\\program files (x86)\\gnu tools arm embedded\\6 2017-q2-update\\lib\\gcc\\arm-none-eab
 163              		.file 7 "c:\\program files (x86)\\gnu tools arm embedded\\6 2017-q2-update\\arm-none-eabi\\include
 164              		.file 8 "c:\\program files (x86)\\gnu tools arm embedded\\6 2017-q2-update\\arm-none-eabi\\include
 165              		.file 9 "C:/Renesas/e2studio_2021_01_workspace_RZA2M_ANPR/ANPR_RZA2M_GR_MANGO/generate/system/inc/
 166              		.file 10 "C:/Renesas/e2studio_2021_01_workspace_RZA2M_ANPR/ANPR_RZA2M_GR_MANGO/generate/system/inc
 167              		.file 11 "C:/Renesas/e2studio_2021_01_workspace_RZA2M_ANPR/ANPR_RZA2M_GR_MANGO/generate/drivers/r_
 168              		.file 12 "C:/Renesas/e2studio_2021_01_workspace_RZA2M_ANPR/ANPR_RZA2M_GR_MANGO/generate/os_abstrac
 169              		.file 13 "C:/Renesas/e2studio_2021_01_workspace_RZA2M_ANPR/ANPR_RZA2M_GR_MANGO/generate/system/iod
 170              		.file 14 "C:/Renesas/e2studio_2021_01_workspace_RZA2M_ANPR/ANPR_RZA2M_GR_MANGO/generate/compiler/i
DEFINED SYMBOLS
                            *ABS*:00000000 r_intc_lld_rza2m_handler.c
C:\Users\a5050395\AppData\Local\Temp\ccCDDk0b.s:17     .text.INTC_Handler_Interrupt:00000000 $a
C:\Users\a5050395\AppData\Local\Temp\ccCDDk0b.s:23     .text.INTC_Handler_Interrupt:00000000 INTC_Handler_Interrupt
C:\Users\a5050395\AppData\Local\Temp\ccCDDk0b.s:113    .text.NMI_Handler_Interrupt:00000000 $a
C:\Users\a5050395\AppData\Local\Temp\ccCDDk0b.s:119    .text.NMI_Handler_Interrupt:00000000 NMI_Handler_Interrupt
                     .debug_frame:00000010 $d
                           .group:00000000 wm4.0.14fc17be114e5a2cba0959c511ea2aaf
                           .group:00000000 wm4.stddef.h.39.a38874c8f8a57e66301090908ec2a69f
                           .group:00000000 wm4._newlib_version.h.4.3572908597b70d672d181fc7fc501c19
                           .group:00000000 wm4.features.h.33.d97f2d646536517df901beeb5b9993f5
                           .group:00000000 wm4._default_types.h.15.247e5cd201eca3442cbf5404108c4935
                           .group:00000000 wm4._intsup.h.10.cce27fed8484c08a33f522034c30d2b5
                           .group:00000000 wm4._stdint.h.10.c24fa3af3bc1706662bb5593a907e841
                           .group:00000000 wm4.stdint.h.23.d53047a68f4a85177f80b422d52785ed
                           .group:00000000 wm4.newlib.h.8.5f2124c7e712be65f83b91ff86a0b1c1
                           .group:00000000 wm4.config.h.219.65a553ab5bef5482f0d7880b0d33015e
                           .group:00000000 wm4._ansi.h.23.9f8fcfa20193763fcf364fb91705c94b
                           .group:00000000 wm4.lock.h.2.1461d1fff82dffe8bfddc23307f6484f
                           .group:00000000 wm4._types.h.125.5cf8a495f1f7ef36777ad868a1e32068
                           .group:00000000 wm4.stddef.h.161.5349cb105733e8777bfb0cf53c4e3f34
                           .group:00000000 wm4._types.h.183.c226d164ceca1f2ecb9ae9360c54a098
                           .group:00000000 wm4.reent.h.17.23b059516345f8f5abfa01ddc379570f
                           .group:00000000 wm4.cdefs.h.47.e658329a094974ebad41b40c60502de7
                           .group:00000000 wm4.math.h.13.adb102f7bd7860b1f241e149d6914a1e
                           .group:00000000 wm4.r_typedefs.h.38.e90d9de5300d9ae020e5db8c5af88b3e
                           .group:00000000 wm4.driver.h.34.180df73e0731406f5e50150641059ede
                           .group:00000000 wm4.r_intc_lld_rza2m.h.35.148dee33e6a963828fdce2545668b517
                           .group:00000000 wm4.r_startup_config.h.28.41a2bd9676f9208cac4163ceb2eb9006
                           .group:00000000 wm4.r_compiler_abstraction_api.h.26.bb21b39b83806cb7bb8838b6f825dcff
                           .group:00000000 wm4.r_os_abstraction_api.h.53.c40489f97d2474c70b40d43822d1406c
                           .group:00000000 wm4.compiler_settings.h.55.412db3588640e7e83336e77c1cd11233
                           .group:00000000 wm4.adc_iodefine.h.29.14c6f50dce37432a7d004e4b1ce33da7
                           .group:00000000 wm4.bsc_iodefine.h.29.9281d1f3639266933964d6d0c2d42c4f
                           .group:00000000 wm4.ceu_iodefine.h.29.2a669d0b46fdde030a50db9e3c307fbf
                           .group:00000000 wm4.cpg_iodefine.h.29.d6fdc9cb4798723afd88b251d64c2ce2
                           .group:00000000 wm4.csi2link_iodefine.h.29.221c4531636a409f24d307b16341ada8
                           .group:00000000 wm4.dmac_iodefine.h.29.578fccc2cc1da886ec95a029bf874f01
                           .group:00000000 wm4.drpk_iodefine.h.29.580eb8588a2b2d43d2726fbe791e513f
                           .group:00000000 wm4.drw_iodefine.h.29.df30f4a4a34a79f6a86c4df91353dffe
                           .group:00000000 wm4.edmac_iodefine.h.29.33e8759349004a722f42f5429c1353f6
                           .group:00000000 wm4.eptpc_iodefine.h.29.74d8f9fab0f5549b56097fb9e937dde8
                           .group:00000000 wm4.etherc_iodefine.h.29.14602750383a574f1c21f994ad33a366
                           .group:00000000 wm4.gpio_iodefine.h.29.3d0b021c56839cee4ae5149903684e4b
                           .group:00000000 wm4.gpt_iodefine.h.29.557ead75d7b0585b898d3898b64c7f87
                           .group:00000000 wm4.hyper_iodefine.h.29.000caadbb74d881e97db55b39b432154
                           .group:00000000 wm4.imr_iodefine.h.29.77c022f017e711c4d51cc0145db1dad3
                           .group:00000000 wm4.intc_iodefine.h.29.b68f5799a35a7495d63b4cd458e1ba57
                           .group:00000000 wm4.irda_iodefine.h.29.37e67bd2005173d68a74d1cc937d8444
                           .group:00000000 wm4.jcu_iodefine.h.29.3aca452908962e7a7ccf26164751feda
                           .group:00000000 wm4.lvds_iodefine.h.29.c11cbe1900e5209c8dcc76c2336c16bc
                           .group:00000000 wm4.mtu_iodefine.h.29.5498fb974bb53caf05aa143c2deec781
                           .group:00000000 wm4.nandc_iodefine.h.29.e0b343306750f017ee86e169ad98efe9
                           .group:00000000 wm4.octa_iodefine.h.29.4cb0d62e4b9633e173858000dc1c626c
                           .group:00000000 wm4.ostm_iodefine.h.29.6914f7e330a1cf0008b34219adcdfed4
                           .group:00000000 wm4.pl_iodefine.h.29.abbb6d725aed990aa8343242bfe31416
                           .group:00000000 wm4.pmg_iodefine.h.29.8bcfbc4771a6f9b7dd4d6f504427219e
                           .group:00000000 wm4.poeg_iodefine.h.29.0d8e258d10986260cbc70cfb8c0ef273
                           .group:00000000 wm4.poe_iodefine.h.29.fe74e55e7b6b4afbe3596c74ba035e98
                           .group:00000000 wm4.prr_iodefine.h.29.c1f15576f7a27b9c83aa3b40f5b2f988
                           .group:00000000 wm4.ptpedmac_iodefine.h.29.cd24a93374ce35cebc41e26889d619ef
                           .group:00000000 wm4.rcanfd_iodefine.h.29.532dd48b82fcb61d63538aba4b6f1289
                           .group:00000000 wm4.rcan_iodefine.h.29.a47a89db1b35c12b54af48fa1956acba
                           .group:00000000 wm4.riic_iodefine.h.29.f96943d49800d297612c4af3bba5c943
                           .group:00000000 wm4.rspi_iodefine.h.29.7efa041fe34a7d27db66a7b337879dfe
                           .group:00000000 wm4.rtc_iodefine.h.29.6dc76be5ca3df69cecb5a81d06cc46b5
                           .group:00000000 wm4.scifa_iodefine.h.29.b04ccd664d71baaf31c75761c45b9c4d
                           .group:00000000 wm4.scim_iodefine.h.29.87d0760abf94446b00d826c797bf0ff2
                           .group:00000000 wm4.sdmmc_iodefine.h.29.e67e9815445e8057a3262d1566bea0db
                           .group:00000000 wm4.spdif_iodefine.h.29.59f5d70150fa200a4d8ee50be1ee34c8
                           .group:00000000 wm4.spibsc_iodefine.h.29.f4930f8b8da1140200204513a363c76f
                           .group:00000000 wm4.sprite_iodefine.h.29.55796d1fa083a2457fea4ece974a192e
                           .group:00000000 wm4.ssif_iodefine.h.29.054ec6d95f487f631f16aee39c85c47a
                           .group:00000000 wm4.usb_iodefine.h.29.6dc44ea388ba227e8fdcfb33c315887b
                           .group:00000000 wm4.vdc_iodefine.h.29.db282ded1f052d8567fbbd3b61ce8f7a
                           .group:00000000 wm4.vin_iodefine.h.29.9b392e5601347d53e64be3272934e170
                           .group:00000000 wm4.wdt_iodefine.h.29.ed07bb44b797072f8c28b41c64fdca30

UNDEFINED SYMBOLS
__enable_irq
Userdef_INTC_Pre_Interrupt
g_intc_func_table
Userdef_INTC_Post_Interrupt
__disable_irq
Userdef_INTC_UndefId
Userdef_INTC_UnregisteredID
