   1              		.cpu cortex-a9
   2              		.eabi_attribute 28, 1
   3              		.eabi_attribute 20, 1
   4              		.eabi_attribute 21, 1
   5              		.eabi_attribute 23, 3
   6              		.eabi_attribute 24, 1
   7              		.eabi_attribute 25, 1
   8              		.eabi_attribute 26, 1
   9              		.eabi_attribute 30, 2
  10              		.eabi_attribute 34, 0
  11              		.eabi_attribute 18, 4
  12              		.file	"schema_utils.cc"
  13              		.section	.text._ZN6tflite14GetBuiltinCodeEPKNS_12OperatorCodeE,"ax",%progbits
  14              		.align	2
  15              		.global	_ZN6tflite14GetBuiltinCodeEPKNS_12OperatorCodeE
  16              		.syntax unified
  17              		.arm
  18              		.fpu neon
  20              	_ZN6tflite14GetBuiltinCodeEPKNS_12OperatorCodeE:
  21              		.fnstart
  22              	.LFB6498:
  23              		@ args = 0, pretend = 0, frame = 0
  24              		@ frame_needed = 0, uses_anonymous_args = 0
  25 0000 000050E3 		cmp	r0, #0
  26 0004 1600000A 		beq	.L15
  27 0008 003090E5 		ldr	r3, [r0]
  28 000c 033040E0 		sub	r3, r0, r3
  29 0010 B020D3E1 		ldrh	r2, [r3]
  30 0014 0A0052E3 		cmp	r2, #10
  31 0018 0D0000DA 		ble	.L3
  32 001c BA20D3E1 		ldrh	r2, [r3, #10]
  33 0020 000052E3 		cmp	r2, #0
  34 0024 0210A001 		moveq	r1, r2
  35 0028 02109017 		ldrne	r1, [r0, r2]
  36 002c 7120EF16 		uxtbne	r2, r1
  37              	.L6:
  38 0030 B430D3E1 		ldrh	r3, [r3, #4]
  39 0034 000053E3 		cmp	r3, #0
  40 0038 0200A001 		moveq	r0, r2
  41 003c 0700000A 		beq	.L10
  42 0040 0300D0E7 		ldrb	r0, [r0, r3]	@ zero_extendqisi2
  43 0044 7110EFE6 		uxtb	r1, r1
  44 0048 010050E1 		cmp	r0, r1
  45 004c 0200A0D1 		movle	r0, r2
  46 0050 1EFF2FE1 		bx	lr
  47              	.L3:
  48 0054 040052E3 		cmp	r2, #4
  49 0058 0000A0D3 		movle	r0, #0
  50 005c 020000CA 		bgt	.L16
  51              	.L10:
  52 0060 1EFF2FE1 		bx	lr
  53              	.L15:
  54 0064 10402DE9 		push	{r4, lr}
  55              		.save {r4, lr}
  56 0068 FEFFFFEB 		bl	abort
  57              	.L16:
  58 006c 0010A0E3 		mov	r1, #0
  59 0070 0120A0E1 		mov	r2, r1
  60 0074 EDFFFFEA 		b	.L6
  61              		.fnend
  63              		.section	.text._ZN6tflite14GetBuiltinCodeEPKNS_13OperatorCodeTE,"ax",%progbits
  64              		.align	2
  65              		.global	_ZN6tflite14GetBuiltinCodeEPKNS_13OperatorCodeTE
  66              		.syntax unified
  67              		.arm
  68              		.fpu neon
  70              	_ZN6tflite14GetBuiltinCodeEPKNS_13OperatorCodeTE:
  71              		.fnstart
  72              	.LFB6499:
  73              		@ args = 0, pretend = 0, frame = 0
  74              		@ frame_needed = 0, uses_anonymous_args = 0
  75 0000 000050E3 		cmp	r0, #0
  76 0004 0400000A 		beq	.L23
  77 0008 0030D0E5 		ldrb	r3, [r0]	@ zero_extendqisi2
  78 000c 2000D0E5 		ldrb	r0, [r0, #32]	@ zero_extendqisi2
  79 0010 030050E1 		cmp	r0, r3
  80 0014 0300A0B1 		movlt	r0, r3
  81 0018 1EFF2FE1 		bx	lr
  82              	.L23:
  83 001c 10402DE9 		push	{r4, lr}
  84              		.save {r4, lr}
  85 0020 FEFFFFEB 		bl	abort
  86              		.fnend
  88              		.weak	_ZN11flatbuffers25flatbuffer_version_stringE
  89              		.section	.data._ZN11flatbuffers25flatbuffer_version_stringE,"aw",%progbits
  90              		.align	2
  93              	_ZN11flatbuffers25flatbuffer_version_stringE:
  94 0000 00000000 		.word	.LC0
  95              		.section	.rodata.str1.4,"aMS",%progbits,1
  96              		.align	2
  97              	.LC0:
  98 0000 466C6174 		.ascii	"FlatBuffers 1.12.0\000"
  98      42756666 
  98      65727320 
  98      312E3132 
  98      2E3000
  99              		.ident	"GCC: (GNU Tools for ARM Embedded Processors 6-2017-q2-update) 6.3.1 20170620 (release) [AR
DEFINED SYMBOLS
                            *ABS*:00000000 schema_utils.cc
C:\Users\a5050395\AppData\Local\Temp\ccObfVWZ.s:14     .text._ZN6tflite14GetBuiltinCodeEPKNS_12OperatorCodeE:00000000 $a
C:\Users\a5050395\AppData\Local\Temp\ccObfVWZ.s:20     .text._ZN6tflite14GetBuiltinCodeEPKNS_12OperatorCodeE:00000000 _ZN6tflite14GetBuiltinCodeEPKNS_12OperatorCodeE
.ARM.exidx.text._ZN6tflite14GetBuiltinCodeEPKNS_12OperatorCodeE:00000000 $d
C:\Users\a5050395\AppData\Local\Temp\ccObfVWZ.s:64     .text._ZN6tflite14GetBuiltinCodeEPKNS_13OperatorCodeTE:00000000 $a
C:\Users\a5050395\AppData\Local\Temp\ccObfVWZ.s:70     .text._ZN6tflite14GetBuiltinCodeEPKNS_13OperatorCodeTE:00000000 _ZN6tflite14GetBuiltinCodeEPKNS_13OperatorCodeTE
.ARM.exidx.text._ZN6tflite14GetBuiltinCodeEPKNS_13OperatorCodeTE:00000000 $d
C:\Users\a5050395\AppData\Local\Temp\ccObfVWZ.s:93     .data._ZN11flatbuffers25flatbuffer_version_stringE:00000000 _ZN11flatbuffers25flatbuffer_version_stringE
C:\Users\a5050395\AppData\Local\Temp\ccObfVWZ.s:90     .data._ZN11flatbuffers25flatbuffer_version_stringE:00000000 $d
C:\Users\a5050395\AppData\Local\Temp\ccObfVWZ.s:96     .rodata.str1.4:00000000 $d

UNDEFINED SYMBOLS
abort
__aeabi_unwind_cpp_pr0
