   1              		.cpu cortex-a9
   2              		.eabi_attribute 28, 1
   3              		.eabi_attribute 20, 1
   4              		.eabi_attribute 21, 1
   5              		.eabi_attribute 23, 3
   6              		.eabi_attribute 24, 1
   7              		.eabi_attribute 25, 1
   8              		.eabi_attribute 26, 1
   9              		.eabi_attribute 30, 2
  10              		.eabi_attribute 34, 0
  11              		.eabi_attribute 18, 4
  12              		.file	"r_ceu_driver.c"
  13              		.section	.text.R_CEU_Initialize,"ax",%progbits
  14              		.align	2
  15              		.global	R_CEU_Initialize
  16              		.syntax unified
  17              		.arm
  18              		.fpu neon
  20              	R_CEU_Initialize:
  21              		@ args = 0, pretend = 0, frame = 0
  22              		@ frame_needed = 0, uses_anonymous_args = 0
  23 0000 003050E2 		subs	r3, r0, #0
  24 0004 10402DE9 		push	{r4, lr}
  25 0008 0100000A 		beq	.L2
  26 000c 0100A0E1 		mov	r0, r1
  27 0010 33FF2FE1 		blx	r3
  28              	.L2:
  29 0014 000000E3 		movw	r0, #:lower16:.LANCHOR0
  30 0018 001000E3 		movw	r1, #:lower16:.LANCHOR1
  31 001c 003000E3 		movw	r3, #:lower16:.LANCHOR2
  32 0020 0020A0E3 		mov	r2, #0
  33 0024 000040E3 		movt	r0, #:upper16:.LANCHOR0
  34 0028 001040E3 		movt	r1, #:upper16:.LANCHOR1
  35 002c 003040E3 		movt	r3, #:upper16:.LANCHOR2
  36 0030 0020C0E5 		strb	r2, [r0]
  37 0034 0020C1E5 		strb	r2, [r1]
  38 0038 002083E5 		str	r2, [r3]
  39 003c 1080BDE8 		pop	{r4, pc}
  41              		.section	.text.R_CEU_Open,"ax",%progbits
  42              		.align	2
  43              		.global	R_CEU_Open
  44              		.syntax unified
  45              		.arm
  46              		.fpu neon
  48              	R_CEU_Open:
  49              		@ args = 0, pretend = 0, frame = 0
  50              		@ frame_needed = 0, uses_anonymous_args = 0
  51 0000 002050E2 		subs	r2, r0, #0
  52 0004 70402DE9 		push	{r4, r5, r6, lr}
  53 0008 0810D2E5 		ldrb	r1, [r2, #8]	@ zero_extendqisi2
  54 000c 2D00000A 		beq	.L10
  55 0010 010051E3 		cmp	r1, #1
  56 0014 7900009A 		bls	.L56
  57              	.L11:
  58 0018 B8C0D2E1 		ldrh	ip, [r2, #8]
  59 001c 00005CE3 		cmp	ip, #0
  60 0020 0E00001A 		bne	.L13
  61 0024 003092E5 		ldr	r3, [r2]
  62 0028 0C0093E5 		ldr	r0, [r3, #12]
  63 002c 070010E3 		tst	r0, #7
  64 0030 8400000A 		beq	.L57
  65              	.L34:
  66 0034 01E100E3 		movw	lr, #257
  67 0038 0100A0E3 		mov	r0, #1
  68 003c 0E005CE1 		cmp	ip, lr
  69 0040 1200001A 		bne	.L21
  70              	.L29:
  71 0044 0C3093E5 		ldr	r3, [r3, #12]
  72 0048 050C53E3 		cmp	r3, #1280
  73 004c 0100008A 		bhi	.L40
  74 0050 010013E3 		tst	r3, #1
  75 0054 0D00000A 		beq	.L21
  76              	.L40:
  77 0058 0100A0E3 		mov	r0, #1
  78 005c 7080BDE8 		pop	{r4, r5, r6, pc}
  79              	.L13:
  80 0060 01005CE3 		cmp	ip, #1
  81 0064 7B00001A 		bne	.L16
  82 0068 003092E5 		ldr	r3, [r2]
  83 006c 0C0093E5 		ldr	r0, [r3, #12]
  84 0070 030010E3 		tst	r0, #3
  85 0074 EEFFFF1A 		bne	.L34
  86 0078 0A0C50E3 		cmp	r0, #2560
  87 007c 0000A093 		movls	r0, #0
  88 0080 0100A083 		movhi	r0, #1
  89              	.L18:
  90 0084 01E100E3 		movw	lr, #257
  91 0088 0E005CE1 		cmp	ip, lr
  92 008c ECFFFF0A 		beq	.L29
  93              	.L21:
  94 0090 000050E3 		cmp	r0, #0
  95 0094 8E00001A 		bne	.L58
  96              	.L28:
  97 0098 000051E3 		cmp	r1, #0
  98 009c 0900001A 		bne	.L10
  99 00a0 043092E5 		ldr	r3, [r2, #4]
 100 00a4 000053E3 		cmp	r3, #0
 101 00a8 EAFFFF0A 		beq	.L40
 102 00ac 040093E5 		ldr	r0, [r3, #4]
 103 00b0 003093E5 		ldr	r3, [r3]
 104 00b4 030010E3 		tst	r0, #3
 105 00b8 033003E2 		and	r3, r3, #3
 106 00bc E5FFFF1A 		bne	.L40
 107 00c0 000053E3 		cmp	r3, #0
 108 00c4 E3FFFF1A 		bne	.L40
 109              	.L10:
 110 00c8 0F30D2E5 		ldrb	r3, [r2, #15]	@ zero_extendqisi2
 111 00cc 000000E3 		movw	r0, #:lower16:.LANCHOR0
 112 00d0 1040D2E5 		ldrb	r4, [r2, #16]	@ zero_extendqisi2
 113 00d4 000040E3 		movt	r0, #:upper16:.LANCHOR0
 114 00d8 0BE0D2E5 		ldrb	lr, [r2, #11]	@ zero_extendqisi2
 115 00dc 00C000E3 		movw	ip, #:lower16:.LANCHOR1
 116 00e0 0E50D2E5 		ldrb	r5, [r2, #14]	@ zero_extendqisi2
 117 00e4 020051E3 		cmp	r1, #2
 118 00e8 033DA0E1 		lsl	r3, r3, #26
 119 00ec 0010C0E5 		strb	r1, [r0]
 120 00f0 0000A0E3 		mov	r0, #0
 121 00f4 843D83E1 		orr	r3, r3, r4, lsl #27
 122 00f8 0D40D2E5 		ldrb	r4, [r2, #13]	@ zero_extendqisi2
 123 00fc 00C040E3 		movt	ip, #:upper16:.LANCHOR1
 124 0100 0E3083E1 		orr	r3, r3, lr
 125 0104 09E0D2E5 		ldrb	lr, [r2, #9]	@ zero_extendqisi2
 126 0108 853C83E1 		orr	r3, r3, r5, lsl #25
 127 010c 0C50D2E5 		ldrb	r5, [r2, #12]	@ zero_extendqisi2
 128 0110 21084EE3 		movt	r0, 59425
 129 0114 043C83E1 		orr	r3, r3, r4, lsl #24
 130 0118 0A40D2E5 		ldrb	r4, [r2, #10]	@ zero_extendqisi2
 131 011c 00E0CCE5 		strb	lr, [ip]
 132 0120 0E3683E1 		orr	r3, r3, lr, lsl #12
 133 0124 053483E1 		orr	r3, r3, r5, lsl #8
 134 0128 843083E1 		orr	r3, r3, r4, lsl #1
 135 012c 013283E1 		orr	r3, r3, r1, lsl #4
 136 0130 083080E5 		str	r3, [r0, #8]
 137 0134 2F00000A 		beq	.L26
 138 0138 003092E5 		ldr	r3, [r2]
 139 013c 000053E3 		cmp	r3, #0
 140 0140 0A00000A 		beq	.L24
 141 0144 006093E5 		ldr	r6, [r3]
 142 0148 005000E3 		movw	r5, #:lower16:.LANCHOR2
 143 014c 084093E5 		ldr	r4, [r3, #8]
 144 0150 005040E3 		movt	r5, #:upper16:.LANCHOR2
 145 0154 0CC093E5 		ldr	ip, [r3, #12]
 146 0158 064884E1 		orr	r4, r4, r6, lsl #16
 147 015c 00C085E5 		str	ip, [r5]
 148 0160 104080E5 		str	r4, [r0, #16]
 149 0164 044093E5 		ldr	r4, [r3, #4]
 150 0168 04C88CE1 		orr	ip, ip, r4, lsl #16
 151 016c 14C080E5 		str	ip, [r0, #20]
 152              	.L24:
 153 0170 000051E3 		cmp	r1, #0
 154 0174 4100001A 		bne	.L25
 155 0178 043092E5 		ldr	r3, [r2, #4]
 156 017c 001093E5 		ldr	r1, [r3]
 157 0180 040093E5 		ldr	r0, [r3, #4]
 158 0184 010880E1 		orr	r0, r0, r1, lsl #16
 159              	.L23:
 160 0188 0030A0E3 		mov	r3, #0
 161 018c 21384EE3 		movt	r3, 59425
 162 0190 0010A0E3 		mov	r1, #0
 163 0194 340083E5 		str	r0, [r3, #52]
 164 0198 0100A0E1 		mov	r0, r1
 165 019c 12C0D2E5 		ldrb	ip, [r2, #18]	@ zero_extendqisi2
 166 01a0 1140D2E5 		ldrb	r4, [r2, #17]	@ zero_extendqisi2
 167 01a4 13E0D2E5 		ldrb	lr, [r2, #19]	@ zero_extendqisi2
 168 01a8 8C20A0E1 		lsl	r2, ip, #1
 169 01ac 10C08EE3 		orr	ip, lr, #16
 170 01b0 042182E1 		orr	r2, r2, r4, lsl #2
 171 01b4 0C2082E1 		orr	r2, r2, ip
 172 01b8 642083E5 		str	r2, [r3, #100]
 173 01bc 0C1083E5 		str	r1, [r3, #12]
 174 01c0 041083E5 		str	r1, [r3, #4]
 175 01c4 181083E5 		str	r1, [r3, #24]
 176 01c8 281083E5 		str	r1, [r3, #40]
 177 01cc 301083E5 		str	r1, [r3, #48]
 178 01d0 441083E5 		str	r1, [r3, #68]
 179 01d4 481083E5 		str	r1, [r3, #72]
 180 01d8 901083E5 		str	r1, [r3, #144]
 181 01dc 941083E5 		str	r1, [r3, #148]
 182 01e0 981083E5 		str	r1, [r3, #152]
 183 01e4 9C1083E5 		str	r1, [r3, #156]
 184 01e8 4C1083E5 		str	r1, [r3, #76]
 185 01ec 601083E5 		str	r1, [r3, #96]
 186 01f0 5C1083E5 		str	r1, [r3, #92]
 187 01f4 7080BDE8 		pop	{r4, r5, r6, pc}
 188              	.L26:
 189 01f8 0000A0E3 		mov	r0, #0
 190 01fc E1FFFFEA 		b	.L23
 191              	.L56:
 192 0200 003092E5 		ldr	r3, [r2]
 193 0204 000053E3 		cmp	r3, #0
 194 0208 92FFFF0A 		beq	.L40
 195 020c 00C093E5 		ldr	ip, [r3]
 196 0210 080093E5 		ldr	r0, [r3, #8]
 197 0214 FFCECCE3 		bic	ip, ip, #4080
 198 0218 7F0DC0E3 		bic	r0, r0, #8128
 199 021c 0FC0CCE3 		bic	ip, ip, #15
 200 0220 3F00C0E3 		bic	r0, r0, #63
 201 0224 00005CE3 		cmp	ip, #0
 202 0228 00005003 		cmpeq	r0, #0
 203 022c 89FFFF1A 		bne	.L40
 204 0230 043093E5 		ldr	r3, [r3, #4]
 205 0234 030013E3 		tst	r3, #3
 206 0238 86FFFF1A 		bne	.L40
 207 023c 1E0D53E3 		cmp	r3, #1920
 208 0240 74FFFF9A 		bls	.L11
 209 0244 83FFFFEA 		b	.L40
 210              	.L57:
 211 0248 050B50E3 		cmp	r0, #5120
 212 024c 0000A093 		movls	r0, #0
 213 0250 0100A083 		movhi	r0, #1
 214 0254 8AFFFFEA 		b	.L18
 215              	.L16:
 216 0258 010C5CE3 		cmp	ip, #256
 217 025c 1600001A 		bne	.L19
 218 0260 003092E5 		ldr	r3, [r2]
 219 0264 0C3093E5 		ldr	r3, [r3, #12]
 220 0268 0A0C53E3 		cmp	r3, #2560
 221 026c 0000A093 		movls	r0, #0
 222 0270 0100A083 		movhi	r0, #1
 223 0274 030013E3 		tst	r3, #3
 224 0278 84FFFF0A 		beq	.L21
 225 027c 75FFFFEA 		b	.L40
 226              	.L25:
 227 0280 010051E3 		cmp	r1, #1
 228 0284 DBFFFF1A 		bne	.L26
 229 0288 00005EE3 		cmp	lr, #0
 230 028c 0500000A 		beq	.L59
 231 0290 01005EE3 		cmp	lr, #1
 232 0294 D7FFFF1A 		bne	.L26
 233 0298 041093E5 		ldr	r1, [r3, #4]
 234 029c 0C0093E5 		ldr	r0, [r3, #12]
 235 02a0 010880E1 		orr	r0, r0, r1, lsl #16
 236 02a4 B7FFFFEA 		b	.L23
 237              	.L59:
 238 02a8 0C0093E5 		ldr	r0, [r3, #12]
 239 02ac 043093E5 		ldr	r3, [r3, #4]
 240 02b0 A000A0E1 		lsr	r0, r0, #1
 241 02b4 030880E1 		orr	r0, r0, r3, lsl #16
 242 02b8 B2FFFFEA 		b	.L23
 243              	.L19:
 244 02bc 013100E3 		movw	r3, #257
 245 02c0 03005CE1 		cmp	ip, r3
 246 02c4 73FFFF1A 		bne	.L28
 247 02c8 003092E5 		ldr	r3, [r2]
 248 02cc 0000A0E3 		mov	r0, #0
 249 02d0 5BFFFFEA 		b	.L29
 250              	.L58:
 251 02d4 7080BDE8 		pop	{r4, r5, r6, pc}
 253              		.section	.text.R_CEU_Execute,"ax",%progbits
 254              		.align	2
 255              		.global	R_CEU_Execute
 256              		.syntax unified
 257              		.arm
 258              		.fpu neon
 260              	R_CEU_Execute:
 261              		@ args = 0, pretend = 0, frame = 0
 262              		@ frame_needed = 0, uses_anonymous_args = 0
 263 0000 00C000E3 		movw	ip, #:lower16:.LANCHOR0
 264 0004 F0412DE9 		push	{r4, r5, r6, r7, r8, lr}
 265 0008 00C040E3 		movt	ip, #:upper16:.LANCHOR0
 266 000c 00C0DCE5 		ldrb	ip, [ip]	@ zero_extendqisi2
 267 0010 00005CE3 		cmp	ip, #0
 268 0014 0A00001A 		bne	.L61
 269 0018 030010E3 		tst	r0, #3
 270 001c 01C0A013 		movne	ip, #1
 271 0020 2A00000A 		beq	.L90
 272              	.L62:
 273 0024 030011E3 		tst	r1, #3
 274 0028 FCEF01E3 		movw	lr, #8188
 275 002c 01C0A013 		movne	ip, #1
 276 0030 0E0052E1 		cmp	r2, lr
 277 0034 1F00009A 		bls	.L91
 278              	.L81:
 279 0038 01C0A0E3 		mov	ip, #1
 280              	.L64:
 281 003c 0C00A0E1 		mov	r0, ip
 282 0040 F081BDE8 		pop	{r4, r5, r6, r7, r8, pc}
 283              	.L61:
 284 0044 01005CE3 		cmp	ip, #1
 285 0048 2A00000A 		beq	.L92
 286 004c 02005CE3 		cmp	ip, #2
 287 0050 2300000A 		beq	.L93
 288              	.L65:
 289 0054 0060A0E3 		mov	r6, #0
 290 0058 0240A0E1 		mov	r4, r2
 291 005c 21684EE3 		movt	r6, 59425
 292 0060 0370A0E1 		mov	r7, r3
 293 0064 0150A0E1 		mov	r5, r1
 294 0068 FEFFFFEB 		bl	R_CEU_CPUVAddrToSysPAddr
 295 006c 0030A0E1 		mov	r3, r0
 296 0070 0500A0E1 		mov	r0, r5
 297 0074 3C3086E5 		str	r3, [r6, #60]
 298 0078 FEFFFFEB 		bl	R_CEU_CPUVAddrToSysPAddr
 299 007c 400086E5 		str	r0, [r6, #64]
 300 0080 010057E3 		cmp	r7, #1
 301 0084 384086E5 		str	r4, [r6, #56]
 302 0088 043096E5 		ldr	r3, [r6, #4]
 303 008c 01388303 		orreq	r3, r3, #65536
 304 0090 0138C313 		bicne	r3, r3, #65536
 305 0094 043086E5 		str	r3, [r6, #4]
 306 0098 0030A0E3 		mov	r3, #0
 307 009c 03C0A0E1 		mov	ip, r3
 308 00a0 21384EE3 		movt	r3, 59425
 309 00a4 002093E5 		ldr	r2, [r3]
 310 00a8 0C00A0E1 		mov	r0, ip
 311 00ac 012082E3 		orr	r2, r2, #1
 312 00b0 002083E5 		str	r2, [r3]
 313 00b4 F081BDE8 		pop	{r4, r5, r6, r7, r8, pc}
 314              	.L91:
 315 00b8 030012E3 		tst	r2, #3
 316 00bc DDFFFF1A 		bne	.L81
 317 00c0 00005CE3 		cmp	ip, #0
 318 00c4 E2FFFF0A 		beq	.L65
 319 00c8 0C00A0E1 		mov	r0, ip
 320 00cc F081BDE8 		pop	{r4, r5, r6, r7, r8, pc}
 321              	.L90:
 322 00d0 000051E3 		cmp	r1, #0
 323 00d4 00005013 		cmpne	r0, #0
 324 00d8 01C0A003 		moveq	ip, #1
 325 00dc 00C0A013 		movne	ip, #0
 326 00e0 CFFFFFEA 		b	.L62
 327              	.L93:
 328 00e4 1F0010E3 		tst	r0, #31
 329 00e8 D2FFFF1A 		bne	.L81
 330 00ec 000050E3 		cmp	r0, #0
 331 00f0 D0FFFF0A 		beq	.L81
 332 00f4 D6FFFFEA 		b	.L65
 333              	.L92:
 334 00f8 030010E3 		tst	r0, #3
 335 00fc 0CE0A011 		movne	lr, ip
 336 0100 00C000E3 		movw	ip, #:lower16:.LANCHOR1
 337 0104 00C040E3 		movt	ip, #:upper16:.LANCHOR1
 338 0108 10EF6F01 		clzeq	lr, r0
 339 010c 00C0DCE5 		ldrb	ip, [ip]	@ zero_extendqisi2
 340 0110 AEE2A001 		lsreq	lr, lr, #5
 341 0114 01005CE3 		cmp	ip, #1
 342 0118 0900000A 		beq	.L94
 343 011c 00005CE3 		cmp	ip, #0
 344 0120 0400001A 		bne	.L69
 345 0124 00C000E3 		movw	ip, #:lower16:.LANCHOR2
 346 0128 00C040E3 		movt	ip, #:upper16:.LANCHOR2
 347 012c 00C09CE5 		ldr	ip, [ip]
 348 0130 0C0052E1 		cmp	r2, ip
 349 0134 BFFFFF1A 		bne	.L81
 350              	.L69:
 351 0138 00005EE3 		cmp	lr, #0
 352 013c C4FFFF0A 		beq	.L65
 353 0140 BCFFFFEA 		b	.L81
 354              	.L94:
 355 0144 004000E3 		movw	r4, #:lower16:.LANCHOR2
 356 0148 004040E3 		movt	r4, #:upper16:.LANCHOR2
 357 014c 004094E5 		ldr	r4, [r4]
 358 0150 840052E1 		cmp	r2, r4, lsl #1
 359 0154 B8FFFF1A 		bne	.L64
 360 0158 F6FFFFEA 		b	.L69
 362              		.section	.text.R_CEU_Stop,"ax",%progbits
 363              		.align	2
 364              		.global	R_CEU_Stop
 365              		.syntax unified
 366              		.arm
 367              		.fpu neon
 369              	R_CEU_Stop:
 370              		@ args = 0, pretend = 0, frame = 0
 371              		@ frame_needed = 0, uses_anonymous_args = 0
 372              		@ link register save eliminated.
 373 0000 0030A0E3 		mov	r3, #0
 374 0004 0300A0E1 		mov	r0, r3
 375 0008 21384EE3 		movt	r3, 59425
 376 000c 002093E5 		ldr	r2, [r3]
 377 0010 0120C2E3 		bic	r2, r2, #1
 378 0014 002083E5 		str	r2, [r3]
 379 0018 1EFF2FE1 		bx	lr
 381              		.section	.text.R_CEU_Terminate,"ax",%progbits
 382              		.align	2
 383              		.global	R_CEU_Terminate
 384              		.syntax unified
 385              		.arm
 386              		.fpu neon
 388              	R_CEU_Terminate:
 389              		@ args = 0, pretend = 0, frame = 0
 390              		@ frame_needed = 0, uses_anonymous_args = 0
 391 0000 0030A0E3 		mov	r3, #0
 392 0004 01C8A0E3 		mov	ip, #65536
 393 0008 21384EE3 		movt	r3, 59425
 394 000c 0320A0E1 		mov	r2, r3
 395 0010 00C083E5 		str	ip, [r3]
 396              	.L97:
 397 0014 7C3092E5 		ldr	r3, [r2, #124]
 398 0018 010013E3 		tst	r3, #1
 399 001c FCFFFF1A 		bne	.L97
 400 0020 0020A0E3 		mov	r2, #0
 401 0024 21284EE3 		movt	r2, 59425
 402              	.L98:
 403 0028 003092E5 		ldr	r3, [r2]
 404 002c 010813E3 		tst	r3, #65536
 405 0030 FCFFFF1A 		bne	.L98
 406 0034 000050E3 		cmp	r0, #0
 407 0038 0500000A 		beq	.L106
 408 003c 0030A0E1 		mov	r3, r0
 409 0040 10402DE9 		push	{r4, lr}
 410 0044 0100A0E1 		mov	r0, r1
 411 0048 33FF2FE1 		blx	r3
 412 004c 0000A0E3 		mov	r0, #0
 413 0050 1080BDE8 		pop	{r4, pc}
 414              	.L106:
 415 0054 0000A0E3 		mov	r0, #0
 416 0058 1EFF2FE1 		bx	lr
 418              		.section	.text.R_CEU_InterruptEnable,"ax",%progbits
 419              		.align	2
 420              		.global	R_CEU_InterruptEnable
 421              		.syntax unified
 422              		.arm
 423              		.fpu neon
 425              	R_CEU_InterruptEnable:
 426              		@ args = 0, pretend = 0, frame = 0
 427              		@ frame_needed = 0, uses_anonymous_args = 0
 428              		@ link register save eliminated.
 429 0000 003000E3 		movw	r3, #:lower16:.LANCHOR3
 430 0004 0020A0E3 		mov	r2, #0
 431 0008 003040E3 		movt	r3, #:upper16:.LANCHOR3
 432 000c 21284EE3 		movt	r2, 59425
 433 0010 001083E5 		str	r1, [r3]
 434 0014 700082E5 		str	r0, [r2, #112]
 435 0018 1EFF2FE1 		bx	lr
 437              		.section	.text.R_CEU_InterruptDisable,"ax",%progbits
 438              		.align	2
 439              		.global	R_CEU_InterruptDisable
 440              		.syntax unified
 441              		.arm
 442              		.fpu neon
 444              	R_CEU_InterruptDisable:
 445              		@ args = 0, pretend = 0, frame = 0
 446              		@ frame_needed = 0, uses_anonymous_args = 0
 447              		@ link register save eliminated.
 448 0000 0020A0E3 		mov	r2, #0
 449 0004 003000E3 		movw	r3, #:lower16:.LANCHOR3
 450 0008 0210A0E1 		mov	r1, r2
 451 000c 003040E3 		movt	r3, #:upper16:.LANCHOR3
 452 0010 21284EE3 		movt	r2, 59425
 453 0014 001083E5 		str	r1, [r3]
 454 0018 701082E5 		str	r1, [r2, #112]
 455 001c 1EFF2FE1 		bx	lr
 457              		.section	.text.R_CEU_Isr,"ax",%progbits
 458              		.align	2
 459              		.global	R_CEU_Isr
 460              		.syntax unified
 461              		.arm
 462              		.fpu neon
 464              	R_CEU_Isr:
 465              		@ args = 0, pretend = 0, frame = 0
 466              		@ frame_needed = 0, uses_anonymous_args = 0
 467              		@ link register save eliminated.
 468 0000 0020A0E3 		mov	r2, #0
 469 0004 003000E3 		movw	r3, #:lower16:.LANCHOR3
 470 0008 21284EE3 		movt	r2, 59425
 471 000c 0010A0E3 		mov	r1, #0
 472 0010 003040E3 		movt	r3, #:upper16:.LANCHOR3
 473 0014 740092E5 		ldr	r0, [r2, #116]
 474 0018 741082E5 		str	r1, [r2, #116]
 475 001c 003093E5 		ldr	r3, [r3]
 476 0020 010053E1 		cmp	r3, r1
 477 0024 1EFF2F01 		bxeq	lr
 478 0028 13FF2FE1 		bx	r3	@ indirect register sibling call
 480              		.section	.bss.ceu_int_callback,"aw",%nobits
 481              		.align	2
 482              		.set	.LANCHOR3,. + 0
 485              	ceu_int_callback:
 486 0000 00000000 		.space	4
 487              		.section	.bss.gs_local_dtif,"aw",%nobits
 488              		.set	.LANCHOR1,. + 0
 491              	gs_local_dtif:
 492 0000 00       		.space	1
 493              		.section	.bss.gs_local_hwdth,"aw",%nobits
 494              		.align	2
 495              		.set	.LANCHOR2,. + 0
 498              	gs_local_hwdth:
 499 0000 00000000 		.space	4
 500              		.section	.bss.gs_local_jpg,"aw",%nobits
 501              		.set	.LANCHOR0,. + 0
 504              	gs_local_jpg:
 505 0000 00       		.space	1
 506              		.ident	"GCC: (GNU Tools for ARM Embedded Processors 6-2017-q2-update) 6.3.1 20170620 (release) [AR
DEFINED SYMBOLS
                            *ABS*:00000000 r_ceu_driver.c
C:\Users\a5050395\AppData\Local\Temp\ccOT3kuv.s:14     .text.R_CEU_Initialize:00000000 $a
C:\Users\a5050395\AppData\Local\Temp\ccOT3kuv.s:20     .text.R_CEU_Initialize:00000000 R_CEU_Initialize
C:\Users\a5050395\AppData\Local\Temp\ccOT3kuv.s:501    .bss.gs_local_jpg:00000000 .LANCHOR0
C:\Users\a5050395\AppData\Local\Temp\ccOT3kuv.s:488    .bss.gs_local_dtif:00000000 .LANCHOR1
C:\Users\a5050395\AppData\Local\Temp\ccOT3kuv.s:495    .bss.gs_local_hwdth:00000000 .LANCHOR2
C:\Users\a5050395\AppData\Local\Temp\ccOT3kuv.s:42     .text.R_CEU_Open:00000000 $a
C:\Users\a5050395\AppData\Local\Temp\ccOT3kuv.s:48     .text.R_CEU_Open:00000000 R_CEU_Open
C:\Users\a5050395\AppData\Local\Temp\ccOT3kuv.s:254    .text.R_CEU_Execute:00000000 $a
C:\Users\a5050395\AppData\Local\Temp\ccOT3kuv.s:260    .text.R_CEU_Execute:00000000 R_CEU_Execute
C:\Users\a5050395\AppData\Local\Temp\ccOT3kuv.s:363    .text.R_CEU_Stop:00000000 $a
C:\Users\a5050395\AppData\Local\Temp\ccOT3kuv.s:369    .text.R_CEU_Stop:00000000 R_CEU_Stop
C:\Users\a5050395\AppData\Local\Temp\ccOT3kuv.s:382    .text.R_CEU_Terminate:00000000 $a
C:\Users\a5050395\AppData\Local\Temp\ccOT3kuv.s:388    .text.R_CEU_Terminate:00000000 R_CEU_Terminate
C:\Users\a5050395\AppData\Local\Temp\ccOT3kuv.s:419    .text.R_CEU_InterruptEnable:00000000 $a
C:\Users\a5050395\AppData\Local\Temp\ccOT3kuv.s:425    .text.R_CEU_InterruptEnable:00000000 R_CEU_InterruptEnable
C:\Users\a5050395\AppData\Local\Temp\ccOT3kuv.s:482    .bss.ceu_int_callback:00000000 .LANCHOR3
C:\Users\a5050395\AppData\Local\Temp\ccOT3kuv.s:438    .text.R_CEU_InterruptDisable:00000000 $a
C:\Users\a5050395\AppData\Local\Temp\ccOT3kuv.s:444    .text.R_CEU_InterruptDisable:00000000 R_CEU_InterruptDisable
C:\Users\a5050395\AppData\Local\Temp\ccOT3kuv.s:458    .text.R_CEU_Isr:00000000 $a
C:\Users\a5050395\AppData\Local\Temp\ccOT3kuv.s:464    .text.R_CEU_Isr:00000000 R_CEU_Isr
C:\Users\a5050395\AppData\Local\Temp\ccOT3kuv.s:481    .bss.ceu_int_callback:00000000 $d
C:\Users\a5050395\AppData\Local\Temp\ccOT3kuv.s:485    .bss.ceu_int_callback:00000000 ceu_int_callback
C:\Users\a5050395\AppData\Local\Temp\ccOT3kuv.s:491    .bss.gs_local_dtif:00000000 gs_local_dtif
C:\Users\a5050395\AppData\Local\Temp\ccOT3kuv.s:492    .bss.gs_local_dtif:00000000 $d
C:\Users\a5050395\AppData\Local\Temp\ccOT3kuv.s:494    .bss.gs_local_hwdth:00000000 $d
C:\Users\a5050395\AppData\Local\Temp\ccOT3kuv.s:498    .bss.gs_local_hwdth:00000000 gs_local_hwdth
C:\Users\a5050395\AppData\Local\Temp\ccOT3kuv.s:504    .bss.gs_local_jpg:00000000 gs_local_jpg
C:\Users\a5050395\AppData\Local\Temp\ccOT3kuv.s:505    .bss.gs_local_jpg:00000000 $d

UNDEFINED SYMBOLS
R_CEU_CPUVAddrToSysPAddr
