   1              		.cpu cortex-a9
   2              		.eabi_attribute 28, 1
   3              		.eabi_attribute 20, 1
   4              		.eabi_attribute 21, 1
   5              		.eabi_attribute 23, 3
   6              		.eabi_attribute 24, 1
   7              		.eabi_attribute 25, 1
   8              		.eabi_attribute 26, 1
   9              		.eabi_attribute 30, 1
  10              		.eabi_attribute 34, 0
  11              		.eabi_attribute 18, 4
  12              		.file	"octabus_userconfig.c"
  13              		.text
  14              	.Ltext0:
  15              		.cfi_sections	.debug_frame
  16              		.section	.text.OctaBus_UserConfig,"ax",%progbits
  17              		.align	2
  18              		.weak	OctaBus_UserConfig
  19              		.syntax unified
  20              		.arm
  21              		.fpu neon
  23              	OctaBus_UserConfig:
  24              	.LFB0:
  25              		.file 1 "../src/renesas/hwsetup/octabus_setup/src/octabus_userconfig.c"
   1:../src/renesas/hwsetup/octabus_setup/src/octabus_userconfig.c **** /**************************************************************************************************
   2:../src/renesas/hwsetup/octabus_setup/src/octabus_userconfig.c ****  * DISCLAIMER
   3:../src/renesas/hwsetup/octabus_setup/src/octabus_userconfig.c ****  * This software is supplied by Renesas Electronics Corporation and is only intended for use with R
   4:../src/renesas/hwsetup/octabus_setup/src/octabus_userconfig.c ****  * other uses are authorized. This software is owned by Renesas Electronics Corporation and is prot
   5:../src/renesas/hwsetup/octabus_setup/src/octabus_userconfig.c ****  * applicable laws, including copyright laws.
   6:../src/renesas/hwsetup/octabus_setup/src/octabus_userconfig.c ****  * THIS SOFTWARE IS PROVIDED "AS IS" AND RENESAS MAKES NO WARRANTIES REGARDING
   7:../src/renesas/hwsetup/octabus_setup/src/octabus_userconfig.c ****  * THIS SOFTWARE, WHETHER EXPRESS, IMPLIED OR STATUTORY, INCLUDING BUT NOT LIMITED TO WARRANTIES OF
   8:../src/renesas/hwsetup/octabus_setup/src/octabus_userconfig.c ****  * FITNESS FOR A PARTICULAR PURPOSE AND NON-INFRINGEMENT. ALL SUCH WARRANTIES ARE EXPRESSLY DISCLAI
   9:../src/renesas/hwsetup/octabus_setup/src/octabus_userconfig.c ****  * EXTENT PERMITTED NOT PROHIBITED BY LAW, NEITHER RENESAS ELECTRONICS CORPORATION NOR ANY OF ITS A
  10:../src/renesas/hwsetup/octabus_setup/src/octabus_userconfig.c ****  * SHALL BE LIABLE FOR ANY DIRECT, INDIRECT, SPECIAL, INCIDENTAL OR CONSEQUENTIAL DAMAGES FOR ANY R
  11:../src/renesas/hwsetup/octabus_setup/src/octabus_userconfig.c ****  * THIS SOFTWARE, EVEN IF RENESAS OR ITS AFFILIATES HAVE BEEN ADVISED OF THE POSSIBILITY OF SUCH DA
  12:../src/renesas/hwsetup/octabus_setup/src/octabus_userconfig.c ****  * Renesas reserves the right, without notice, to make changes to this software and to discontinue 
  13:../src/renesas/hwsetup/octabus_setup/src/octabus_userconfig.c ****  * this software. By using this software, you agree to the additional terms and conditions found by
  14:../src/renesas/hwsetup/octabus_setup/src/octabus_userconfig.c ****  * following link:
  15:../src/renesas/hwsetup/octabus_setup/src/octabus_userconfig.c ****  * http://www.renesas.com/disclaimer
  16:../src/renesas/hwsetup/octabus_setup/src/octabus_userconfig.c ****  *
  17:../src/renesas/hwsetup/octabus_setup/src/octabus_userconfig.c ****  * Copyright (C) 2020 Renesas Electronics Corporation. All rights reserved.
  18:../src/renesas/hwsetup/octabus_setup/src/octabus_userconfig.c ****  **************************************************************************************************
  19:../src/renesas/hwsetup/octabus_setup/src/octabus_userconfig.c **** /**************************************************************************************************
  20:../src/renesas/hwsetup/octabus_setup/src/octabus_userconfig.c ****  * File Name    : octabus_userconfig.c
  21:../src/renesas/hwsetup/octabus_setup/src/octabus_userconfig.c ****  **************************************************************************************************
  22:../src/renesas/hwsetup/octabus_setup/src/octabus_userconfig.c **** 
  23:../src/renesas/hwsetup/octabus_setup/src/octabus_userconfig.c **** /**************************************************************************************************
  24:../src/renesas/hwsetup/octabus_setup/src/octabus_userconfig.c ****  Includes   <System Includes> , "Project Includes"
  25:../src/renesas/hwsetup/octabus_setup/src/octabus_userconfig.c ****  **************************************************************************************************
  26:../src/renesas/hwsetup/octabus_setup/src/octabus_userconfig.c **** 
  27:../src/renesas/hwsetup/octabus_setup/src/octabus_userconfig.c **** #include "r_typedefs.h"
  28:../src/renesas/hwsetup/octabus_setup/src/octabus_userconfig.c **** 
  29:../src/renesas/hwsetup/octabus_setup/src/octabus_userconfig.c **** #include "r_startup_config.h"
  30:../src/renesas/hwsetup/octabus_setup/src/octabus_userconfig.c **** #include "r_octabus_lld_rza2m_api.h"
  31:../src/renesas/hwsetup/octabus_setup/src/octabus_userconfig.c **** #include "octabus_ram_rza2m.h"
  32:../src/renesas/hwsetup/octabus_setup/src/octabus_userconfig.c **** 
  33:../src/renesas/hwsetup/octabus_setup/src/octabus_userconfig.c **** /**************************************************************************************************
  34:../src/renesas/hwsetup/octabus_setup/src/octabus_userconfig.c ****  Macro definitions
  35:../src/renesas/hwsetup/octabus_setup/src/octabus_userconfig.c ****  **************************************************************************************************
  36:../src/renesas/hwsetup/octabus_setup/src/octabus_userconfig.c **** 
  37:../src/renesas/hwsetup/octabus_setup/src/octabus_userconfig.c **** /**************************************************************************************************
  38:../src/renesas/hwsetup/octabus_setup/src/octabus_userconfig.c ****  Local Typedef definitions
  39:../src/renesas/hwsetup/octabus_setup/src/octabus_userconfig.c ****  **************************************************************************************************
  40:../src/renesas/hwsetup/octabus_setup/src/octabus_userconfig.c **** 
  41:../src/renesas/hwsetup/octabus_setup/src/octabus_userconfig.c **** /**************************************************************************************************
  42:../src/renesas/hwsetup/octabus_setup/src/octabus_userconfig.c ****  Exported global variables
  43:../src/renesas/hwsetup/octabus_setup/src/octabus_userconfig.c ****  **************************************************************************************************
  44:../src/renesas/hwsetup/octabus_setup/src/octabus_userconfig.c **** 
  45:../src/renesas/hwsetup/octabus_setup/src/octabus_userconfig.c **** /**************************************************************************************************
  46:../src/renesas/hwsetup/octabus_setup/src/octabus_userconfig.c ****  Private (static) variables and functions
  47:../src/renesas/hwsetup/octabus_setup/src/octabus_userconfig.c ****  **************************************************************************************************
  48:../src/renesas/hwsetup/octabus_setup/src/octabus_userconfig.c **** 
  49:../src/renesas/hwsetup/octabus_setup/src/octabus_userconfig.c **** /**************************************************************************************************
  50:../src/renesas/hwsetup/octabus_setup/src/octabus_userconfig.c ****  * Function Name: OctaBus_UserConfig
  51:../src/renesas/hwsetup/octabus_setup/src/octabus_userconfig.c ****  * Description  : User defined device initialisation routine for OctaBus
  52:../src/renesas/hwsetup/octabus_setup/src/octabus_userconfig.c ****  * Arguments    : p_cfg       : Pointer to the configuration table
  53:../src/renesas/hwsetup/octabus_setup/src/octabus_userconfig.c ****  * Return Value : DRV_SUCCESS   Successful operation.
  54:../src/renesas/hwsetup/octabus_setup/src/octabus_userconfig.c ****  * Precautions  : This function cannot be assigned to execute from OctaFlash or OctaRAM.
  55:../src/renesas/hwsetup/octabus_setup/src/octabus_userconfig.c ****  *              : This function must be assigned to an area other than OctaFlash or OctaRAM.
  56:../src/renesas/hwsetup/octabus_setup/src/octabus_userconfig.c ****  **************************************************************************************************
  57:../src/renesas/hwsetup/octabus_setup/src/octabus_userconfig.c **** int_t OctaBus_UserConfig(const st_octabus_cfg_t *p_cfg)
  58:../src/renesas/hwsetup/octabus_setup/src/octabus_userconfig.c **** {
  26              		.loc 1 58 0
  27              		.cfi_startproc
  28              		@ args = 0, pretend = 0, frame = 16
  29              		@ frame_needed = 0, uses_anonymous_args = 0
  30              	.LVL0:
  31 0000 04E02DE5 		str	lr, [sp, #-4]!
  32              		.cfi_def_cfa_offset 4
  33              		.cfi_offset 14, -4
  34 0004 14D04DE2 		sub	sp, sp, #20
  35              		.cfi_def_cfa_offset 24
  59:../src/renesas/hwsetup/octabus_setup/src/octabus_userconfig.c ****     /* p_cfg not used */
  60:../src/renesas/hwsetup/octabus_setup/src/octabus_userconfig.c ****     UNUSED_PARAM(p_cfg);
  61:../src/renesas/hwsetup/octabus_setup/src/octabus_userconfig.c **** 
  62:../src/renesas/hwsetup/octabus_setup/src/octabus_userconfig.c ****     st_octabus_configmode_t reg_config;
  63:../src/renesas/hwsetup/octabus_setup/src/octabus_userconfig.c ****     uint32_t mode_value;
  64:../src/renesas/hwsetup/octabus_setup/src/octabus_userconfig.c **** 
  65:../src/renesas/hwsetup/octabus_setup/src/octabus_userconfig.c ****     /* Set reg_config members for Mode Register Write */
  66:../src/renesas/hwsetup/octabus_setup/src/octabus_userconfig.c ****     reg_config.dcr_value  = 0x00004000;   /* Mode Register Write command(40h) */
  36              		.loc 1 66 0
  37 0008 0139A0E3 		mov	r3, #16384
  38 000c 00308DE5 		str	r3, [sp]
  67:../src/renesas/hwsetup/octabus_setup/src/octabus_userconfig.c ****     reg_config.dar_value  = 0x00040000;   /* RAM Mode Register Address */
  39              		.loc 1 67 0
  40 0010 0137A0E3 		mov	r3, #262144
  41 0014 04308DE5 		str	r3, [sp, #4]
  68:../src/renesas/hwsetup/octabus_setup/src/octabus_userconfig.c ****     reg_config.dcsr_value = 0x04A80002;   /* [28]    ACDA          = 0    : Register Access
  42              		.loc 1 68 0
  43 0018 0230A0E3 		mov	r3, #2
  44 001c A83440E3 		movt	r3, 1192
  45 0020 08308DE5 		str	r3, [sp, #8]
  69:../src/renesas/hwsetup/octabus_setup/src/octabus_userconfig.c ****                                              [27]    DOPI          = 0    : 1clock - 2byte
  70:../src/renesas/hwsetup/octabus_setup/src/octabus_userconfig.c ****                                              [26:24] ADLEN[2:0]    = 100  : Address Length 4byte
  71:../src/renesas/hwsetup/octabus_setup/src/octabus_userconfig.c ****                                              [23]    DAOR          = 1    : byte1, byte0, byte3, by
  72:../src/renesas/hwsetup/octabus_setup/src/octabus_userconfig.c ****                                              [22:20] CMDLEN[2:0]   = 010  : Command length 2byte
  73:../src/renesas/hwsetup/octabus_setup/src/octabus_userconfig.c ****                                              [19]    ACDV          = 1    : Target Device1
  74:../src/renesas/hwsetup/octabus_setup/src/octabus_userconfig.c ****                                              [15: 8] DMLEN[7:0]    = 0x00 : Dummy cycle Length 0 cl
  75:../src/renesas/hwsetup/octabus_setup/src/octabus_userconfig.c ****                                              [ 7: 0] DALEN[7:0]    = 10   : Data Length 2bytes */
  76:../src/renesas/hwsetup/octabus_setup/src/octabus_userconfig.c ****     reg_config.dcstr_value = 0x00002A00;  /* [15:14] DVSELLO[1:0]  = 00   : 1.5 clock cycles
  46              		.loc 1 76 0
  47 0024 2A3CA0E3 		mov	r3, #10752
  48 0028 0C308DE5 		str	r3, [sp, #12]
  49              	.LVL1:
  77:../src/renesas/hwsetup/octabus_setup/src/octabus_userconfig.c ****                                              [13:11] DVSELHI[2:0]  = 101  : 6.5 clock cycles
  78:../src/renesas/hwsetup/octabus_setup/src/octabus_userconfig.c ****                                              [10: 8] DVSELCMD[2:0] = 010  : 7 clock cycles */
  79:../src/renesas/hwsetup/octabus_setup/src/octabus_userconfig.c **** 
  80:../src/renesas/hwsetup/octabus_setup/src/octabus_userconfig.c ****     /* Set write data for Mode Register of OctaRAM */
  81:../src/renesas/hwsetup/octabus_setup/src/octabus_userconfig.c ****     mode_value = 0x0000F021;              /* [15]    Deep Power Down Enable = 1    : Normal Operati
  82:../src/renesas/hwsetup/octabus_setup/src/octabus_userconfig.c ****                                              [14:12] Drive Strength         = 111  : 25ohms 010  : 
  83:../src/renesas/hwsetup/octabus_setup/src/octabus_userconfig.c ****                                              [11:8]  Reserved               = 0000
  84:../src/renesas/hwsetup/octabus_setup/src/octabus_userconfig.c ****                                              [7:4]   Latency Code           = 0010 : 5 clocks
  85:../src/renesas/hwsetup/octabus_setup/src/octabus_userconfig.c ****                                              [3]     Latency Type           = 0    : Variable Laten
  86:../src/renesas/hwsetup/octabus_setup/src/octabus_userconfig.c ****                                              [2]     Burst Type             = 0    : Wrapped
  87:../src/renesas/hwsetup/octabus_setup/src/octabus_userconfig.c ****                                              [1:0]   Burst Length           = 01   : 64 bytes */
  88:../src/renesas/hwsetup/octabus_setup/src/octabus_userconfig.c **** 
  89:../src/renesas/hwsetup/octabus_setup/src/octabus_userconfig.c ****     /* Write to Mode register of OctaRAM */
  90:../src/renesas/hwsetup/octabus_setup/src/octabus_userconfig.c ****     R_OCTABUS_WriteConfigMode(&reg_config, mode_value);
  50              		.loc 1 90 0
  51 002c 21100FE3 		movw	r1, #61473
  52 0030 0D00A0E1 		mov	r0, sp
  53              	.LVL2:
  54 0034 FEFFFFEB 		bl	R_OCTABUS_WriteConfigMode
  55              	.LVL3:
  91:../src/renesas/hwsetup/octabus_setup/src/octabus_userconfig.c **** 
  92:../src/renesas/hwsetup/octabus_setup/src/octabus_userconfig.c ****     return DRV_SUCCESS;
  93:../src/renesas/hwsetup/octabus_setup/src/octabus_userconfig.c **** }
  56              		.loc 1 93 0
  57 0038 0000A0E3 		mov	r0, #0
  58 003c 14D08DE2 		add	sp, sp, #20
  59              		.cfi_def_cfa_offset 4
  60              		@ sp needed
  61 0040 04F09DE4 		ldr	pc, [sp], #4
  62              		.cfi_endproc
  63              	.LFE0:
  65              		.text
  66              	.Letext0:
  67              		.file 2 "c:\\program files (x86)\\gnu tools arm embedded\\6 2017-q2-update\\arm-none-eabi\\include
  68              		.file 3 "c:\\program files (x86)\\gnu tools arm embedded\\6 2017-q2-update\\arm-none-eabi\\include
  69              		.file 4 "c:\\program files (x86)\\gnu tools arm embedded\\6 2017-q2-update\\arm-none-eabi\\include
  70              		.file 5 "c:\\program files (x86)\\gnu tools arm embedded\\6 2017-q2-update\\arm-none-eabi\\include
  71              		.file 6 "c:\\program files (x86)\\gnu tools arm embedded\\6 2017-q2-update\\lib\\gcc\\arm-none-eab
  72              		.file 7 "c:\\program files (x86)\\gnu tools arm embedded\\6 2017-q2-update\\arm-none-eabi\\include
  73              		.file 8 "c:\\program files (x86)\\gnu tools arm embedded\\6 2017-q2-update\\arm-none-eabi\\include
  74              		.file 9 "C:/Renesas/e2studio_2021_01_workspace_RZA2M_ANPR/ANPR_RZA2M_GR_MANGO/generate/system/inc/
  75              		.file 10 "C:/Renesas/e2studio_2021_01_workspace_RZA2M_ANPR/ANPR_RZA2M_GR_MANGO/generate/system/inc
  76              		.file 11 "C:/Renesas/e2studio_2021_01_workspace_RZA2M_ANPR/ANPR_RZA2M_GR_MANGO/generate/sc_drivers
DEFINED SYMBOLS
                            *ABS*:00000000 octabus_userconfig.c
C:\Users\a5050395\AppData\Local\Temp\ccoa4Jkn.s:17     .text.OctaBus_UserConfig:00000000 $a
C:\Users\a5050395\AppData\Local\Temp\ccoa4Jkn.s:23     .text.OctaBus_UserConfig:00000000 OctaBus_UserConfig
                     .debug_frame:00000010 $d
                           .group:00000000 wm4.0.14fc17be114e5a2cba0959c511ea2aaf
                           .group:00000000 wm4.stddef.h.39.a38874c8f8a57e66301090908ec2a69f
                           .group:00000000 wm4._newlib_version.h.4.3572908597b70d672d181fc7fc501c19
                           .group:00000000 wm4.features.h.33.d97f2d646536517df901beeb5b9993f5
                           .group:00000000 wm4._default_types.h.15.247e5cd201eca3442cbf5404108c4935
                           .group:00000000 wm4._intsup.h.10.cce27fed8484c08a33f522034c30d2b5
                           .group:00000000 wm4._stdint.h.10.c24fa3af3bc1706662bb5593a907e841
                           .group:00000000 wm4.stdint.h.23.d53047a68f4a85177f80b422d52785ed
                           .group:00000000 wm4.newlib.h.8.5f2124c7e712be65f83b91ff86a0b1c1
                           .group:00000000 wm4.config.h.219.65a553ab5bef5482f0d7880b0d33015e
                           .group:00000000 wm4._ansi.h.23.9f8fcfa20193763fcf364fb91705c94b
                           .group:00000000 wm4.lock.h.2.1461d1fff82dffe8bfddc23307f6484f
                           .group:00000000 wm4._types.h.125.5cf8a495f1f7ef36777ad868a1e32068
                           .group:00000000 wm4.stddef.h.161.5349cb105733e8777bfb0cf53c4e3f34
                           .group:00000000 wm4._types.h.183.c226d164ceca1f2ecb9ae9360c54a098
                           .group:00000000 wm4.reent.h.17.23b059516345f8f5abfa01ddc379570f
                           .group:00000000 wm4.cdefs.h.47.e658329a094974ebad41b40c60502de7
                           .group:00000000 wm4.math.h.13.adb102f7bd7860b1f241e149d6914a1e
                           .group:00000000 wm4.r_typedefs.h.38.e90d9de5300d9ae020e5db8c5af88b3e
                           .group:00000000 wm4.r_startup_config.h.28.41a2bd9676f9208cac4163ceb2eb9006
                           .group:00000000 wm4.driver.h.34.180df73e0731406f5e50150641059ede
                           .group:00000000 wm4.r_octabus_lld_rza2m_api.h.35.7045aa3e27a76d5cc30f274f1c0fdb17

UNDEFINED SYMBOLS
R_OCTABUS_WriteConfigMode
