   1              		.cpu cortex-a9
   2              		.eabi_attribute 28, 1
   3              		.eabi_attribute 20, 1
   4              		.eabi_attribute 21, 1
   5              		.eabi_attribute 23, 3
   6              		.eabi_attribute 24, 1
   7              		.eabi_attribute 25, 1
   8              		.eabi_attribute 26, 1
   9              		.eabi_attribute 30, 2
  10              		.eabi_attribute 34, 0
  11              		.eabi_attribute 18, 4
  12              		.file	"cpuBoardLed.c"
  13              		.section	.text.initCpuBoardLed,"ax",%progbits
  14              		.align	2
  15              		.global	initCpuBoardLed
  16              		.syntax unified
  17              		.arm
  18              		.fpu neon
  20              	initCpuBoardLed:
  21              		@ args = 0, pretend = 0, frame = 0
  22              		@ frame_needed = 0, uses_anonymous_args = 0
  23 0000 000000E3 		movw	r0, #:lower16:.LC0
  24 0004 10402DE9 		push	{r4, lr}
  25 0008 0210A0E3 		mov	r1, #2
  26 000c 000040E3 		movt	r0, #:upper16:.LC0
  27 0010 FEFFFFEB 		bl	open
  28 0014 003000E3 		movw	r3, #:lower16:.LANCHOR0
  29 0018 000050E3 		cmp	r0, #0
  30 001c 003040E3 		movt	r3, #:upper16:.LANCHOR0
  31 0020 000083E5 		str	r0, [r3]
  32 0024 0D0000BA 		blt	.L6
  33 0028 003000E3 		movw	r3, #:lower16:.LANCHOR1
  34 002c 00C000E3 		movw	ip, #:lower16:.LANCHOR2
  35 0030 003040E3 		movt	r3, #:upper16:.LANCHOR1
  36 0034 00C040E3 		movt	ip, #:upper16:.LANCHOR2
  37 0038 04E0A0E3 		mov	lr, #4
  38 003c 0320A0E1 		mov	r2, r3
  39 0040 0210A0E3 		mov	r1, #2
  40 0044 005083E8 		stm	r3, {ip, lr}
  41 0048 FEFFFFEB 		bl	direct_control
  42 004c 000050E3 		cmp	r0, #0
  43 0050 1080BDA8 		popge	{r4, pc}
  44              	.L7:
  45              		.syntax divided
  46              	@ 47 "C:/Renesas/e2studio_2021_01_workspace_RZA2M_ANPR/ANPR_RZA2M_GR_MANGO/generate/compiler/inc/r_
  47 0054 00F020E3 		nop
  48              	@ 0 "" 2
  49              	@ 47 "C:/Renesas/e2studio_2021_01_workspace_RZA2M_ANPR/ANPR_RZA2M_GR_MANGO/generate/compiler/inc/r_
  50 0058 00F020E3 		nop
  51              	@ 0 "" 2
  52              		.arm
  53              		.syntax unified
  54 005c FCFFFFEA 		b	.L7
  55              	.L6:
  56              		.syntax divided
  57              	@ 47 "C:/Renesas/e2studio_2021_01_workspace_RZA2M_ANPR/ANPR_RZA2M_GR_MANGO/generate/compiler/inc/r_
  58 0060 00F020E3 		nop
  59              	@ 0 "" 2
  60              	@ 47 "C:/Renesas/e2studio_2021_01_workspace_RZA2M_ANPR/ANPR_RZA2M_GR_MANGO/generate/compiler/inc/r_
  61 0064 00F020E3 		nop
  62              	@ 0 "" 2
  63              		.arm
  64              		.syntax unified
  65 0068 FCFFFFEA 		b	.L6
  67              		.section	.text.cpuBoardLedGreen,"ax",%progbits
  68              		.align	2
  69              		.global	cpuBoardLedGreen
  70              		.syntax unified
  71              		.arm
  72              		.fpu neon
  74              	cpuBoardLedGreen:
  75              		@ args = 0, pretend = 0, frame = 0
  76              		@ frame_needed = 0, uses_anonymous_args = 0
  77              		@ link register save eliminated.
  78 0000 000050E3 		cmp	r0, #0
  79 0004 003000E3 		movw	r3, #:lower16:.LANCHOR0
  80 0008 0500001A 		bne	.L12
  81 000c 002000E3 		movw	r2, #:lower16:.LANCHOR4
  82 0010 003040E3 		movt	r3, #:upper16:.LANCHOR0
  83 0014 002040E3 		movt	r2, #:upper16:.LANCHOR4
  84 0018 000093E5 		ldr	r0, [r3]
  85 001c 0810A0E3 		mov	r1, #8
  86 0020 FEFFFFEA 		b	direct_control
  87              	.L12:
  88 0024 002000E3 		movw	r2, #:lower16:.LANCHOR3
  89 0028 003040E3 		movt	r3, #:upper16:.LANCHOR0
  90 002c 002040E3 		movt	r2, #:upper16:.LANCHOR3
  91 0030 000093E5 		ldr	r0, [r3]
  92 0034 0810A0E3 		mov	r1, #8
  93 0038 FEFFFFEA 		b	direct_control
  95              		.section	.text.cpuBoardLedYellow,"ax",%progbits
  96              		.align	2
  97              		.global	cpuBoardLedYellow
  98              		.syntax unified
  99              		.arm
 100              		.fpu neon
 102              	cpuBoardLedYellow:
 103              		@ args = 0, pretend = 0, frame = 0
 104              		@ frame_needed = 0, uses_anonymous_args = 0
 105              		@ link register save eliminated.
 106 0000 000050E3 		cmp	r0, #0
 107 0004 003000E3 		movw	r3, #:lower16:.LANCHOR0
 108 0008 0500001A 		bne	.L15
 109 000c 002000E3 		movw	r2, #:lower16:.LANCHOR6
 110 0010 003040E3 		movt	r3, #:upper16:.LANCHOR0
 111 0014 002040E3 		movt	r2, #:upper16:.LANCHOR6
 112 0018 000093E5 		ldr	r0, [r3]
 113 001c 0810A0E3 		mov	r1, #8
 114 0020 FEFFFFEA 		b	direct_control
 115              	.L15:
 116 0024 002000E3 		movw	r2, #:lower16:.LANCHOR5
 117 0028 003040E3 		movt	r3, #:upper16:.LANCHOR0
 118 002c 002040E3 		movt	r2, #:upper16:.LANCHOR5
 119 0030 000093E5 		ldr	r0, [r3]
 120 0034 0810A0E3 		mov	r1, #8
 121 0038 FEFFFFEA 		b	direct_control
 123              		.section	.text.cpuBoardLedOrange,"ax",%progbits
 124              		.align	2
 125              		.global	cpuBoardLedOrange
 126              		.syntax unified
 127              		.arm
 128              		.fpu neon
 130              	cpuBoardLedOrange:
 131              		@ args = 0, pretend = 0, frame = 0
 132              		@ frame_needed = 0, uses_anonymous_args = 0
 133              		@ link register save eliminated.
 134 0000 000050E3 		cmp	r0, #0
 135 0004 003000E3 		movw	r3, #:lower16:.LANCHOR0
 136 0008 0500001A 		bne	.L18
 137 000c 002000E3 		movw	r2, #:lower16:.LANCHOR8
 138 0010 003040E3 		movt	r3, #:upper16:.LANCHOR0
 139 0014 002040E3 		movt	r2, #:upper16:.LANCHOR8
 140 0018 000093E5 		ldr	r0, [r3]
 141 001c 0810A0E3 		mov	r1, #8
 142 0020 FEFFFFEA 		b	direct_control
 143              	.L18:
 144 0024 002000E3 		movw	r2, #:lower16:.LANCHOR7
 145 0028 003040E3 		movt	r3, #:upper16:.LANCHOR0
 146 002c 002040E3 		movt	r2, #:upper16:.LANCHOR7
 147 0030 000093E5 		ldr	r0, [r3]
 148 0034 0810A0E3 		mov	r1, #8
 149 0038 FEFFFFEA 		b	direct_control
 151              		.section	.text.cpuBoardLedRed,"ax",%progbits
 152              		.align	2
 153              		.global	cpuBoardLedRed
 154              		.syntax unified
 155              		.arm
 156              		.fpu neon
 158              	cpuBoardLedRed:
 159              		@ args = 0, pretend = 0, frame = 0
 160              		@ frame_needed = 0, uses_anonymous_args = 0
 161              		@ link register save eliminated.
 162 0000 000050E3 		cmp	r0, #0
 163 0004 003000E3 		movw	r3, #:lower16:.LANCHOR0
 164 0008 0500001A 		bne	.L21
 165 000c 002000E3 		movw	r2, #:lower16:.LANCHOR10
 166 0010 003040E3 		movt	r3, #:upper16:.LANCHOR0
 167 0014 002040E3 		movt	r2, #:upper16:.LANCHOR10
 168 0018 000093E5 		ldr	r0, [r3]
 169 001c 0810A0E3 		mov	r1, #8
 170 0020 FEFFFFEA 		b	direct_control
 171              	.L21:
 172 0024 002000E3 		movw	r2, #:lower16:.LANCHOR9
 173 0028 003040E3 		movt	r3, #:upper16:.LANCHOR0
 174 002c 002040E3 		movt	r2, #:upper16:.LANCHOR9
 175 0030 000093E5 		ldr	r0, [r3]
 176 0034 0810A0E3 		mov	r1, #8
 177 0038 FEFFFFEA 		b	direct_control
 179              		.section	.bss.pin_led,"aw",%nobits
 180              		.align	2
 181              		.set	.LANCHOR1,. + 0
 184              	pin_led:
 185 0000 00000000 		.space	12
 185      00000000 
 185      00000000 
 186              		.section	.bss.s_my_gpio_handle,"aw",%nobits
 187              		.align	2
 188              		.set	.LANCHOR0,. + 0
 191              	s_my_gpio_handle:
 192 0000 00000000 		.space	4
 193              		.section	.data.s_p01_off,"aw",%progbits
 194              		.align	2
 195              		.set	.LANCHOR4,. + 0
 198              	s_p01_off:
 199 0000 0100     		.short	1
 200 0002 01       		.byte	1
 201 0003 00       		.byte	0
 202              		.section	.data.s_p01_on,"aw",%progbits
 203              		.align	2
 204              		.set	.LANCHOR3,. + 0
 207              	s_p01_on:
 208 0000 0100     		.short	1
 209 0002 02       		.byte	2
 210 0003 00       		.byte	0
 211              		.section	.data.s_p03_off,"aw",%progbits
 212              		.align	2
 213              		.set	.LANCHOR6,. + 0
 216              	s_p03_off:
 217 0000 0300     		.short	3
 218 0002 01       		.byte	1
 219 0003 00       		.byte	0
 220              		.section	.data.s_p03_on,"aw",%progbits
 221              		.align	2
 222              		.set	.LANCHOR5,. + 0
 225              	s_p03_on:
 226 0000 0300     		.short	3
 227 0002 02       		.byte	2
 228 0003 00       		.byte	0
 229              		.section	.data.s_p05_off,"aw",%progbits
 230              		.align	2
 231              		.set	.LANCHOR8,. + 0
 234              	s_p05_off:
 235 0000 0500     		.short	5
 236 0002 01       		.byte	1
 237 0003 00       		.byte	0
 238              		.section	.data.s_p05_on,"aw",%progbits
 239              		.align	2
 240              		.set	.LANCHOR7,. + 0
 243              	s_p05_on:
 244 0000 0500     		.short	5
 245 0002 02       		.byte	2
 246 0003 00       		.byte	0
 247              		.section	.data.s_p82_off,"aw",%progbits
 248              		.align	2
 249              		.set	.LANCHOR10,. + 0
 252              	s_p82_off:
 253 0000 0208     		.short	2050
 254 0002 01       		.byte	1
 255 0003 00       		.byte	0
 256              		.section	.data.s_p82_on,"aw",%progbits
 257              		.align	2
 258              		.set	.LANCHOR9,. + 0
 261              	s_p82_on:
 262 0000 0208     		.short	2050
 263 0002 02       		.byte	2
 264 0003 00       		.byte	0
 265              		.section	.rodata.initCpuBoardLed.str1.4,"aMS",%progbits,1
 266              		.align	2
 267              	.LC0:
 268 0000 5C5C2E5C 		.ascii	"\\\\.\\gpio\000"
 268      6770696F 
 268      00
 269              		.section	.rodata.s_led_pin_list,"a",%progbits
 270              		.align	3
 271              		.set	.LANCHOR2,. + 0
 274              	s_led_pin_list:
 275 0000 0100     		.short	1
 276 0002 0300     		.short	3
 277 0004 0500     		.short	5
 278 0006 0208     		.short	2050
 279              		.ident	"GCC: (GNU Tools for ARM Embedded Processors 6-2017-q2-update) 6.3.1 20170620 (release) [AR
DEFINED SYMBOLS
                            *ABS*:00000000 cpuBoardLed.c
C:\Users\a5050395\AppData\Local\Temp\ccKkyWgQ.s:14     .text.initCpuBoardLed:00000000 $a
C:\Users\a5050395\AppData\Local\Temp\ccKkyWgQ.s:20     .text.initCpuBoardLed:00000000 initCpuBoardLed
C:\Users\a5050395\AppData\Local\Temp\ccKkyWgQ.s:267    .rodata.initCpuBoardLed.str1.4:00000000 .LC0
C:\Users\a5050395\AppData\Local\Temp\ccKkyWgQ.s:188    .bss.s_my_gpio_handle:00000000 .LANCHOR0
C:\Users\a5050395\AppData\Local\Temp\ccKkyWgQ.s:181    .bss.pin_led:00000000 .LANCHOR1
C:\Users\a5050395\AppData\Local\Temp\ccKkyWgQ.s:271    .rodata.s_led_pin_list:00000000 .LANCHOR2
C:\Users\a5050395\AppData\Local\Temp\ccKkyWgQ.s:68     .text.cpuBoardLedGreen:00000000 $a
C:\Users\a5050395\AppData\Local\Temp\ccKkyWgQ.s:74     .text.cpuBoardLedGreen:00000000 cpuBoardLedGreen
C:\Users\a5050395\AppData\Local\Temp\ccKkyWgQ.s:195    .data.s_p01_off:00000000 .LANCHOR4
C:\Users\a5050395\AppData\Local\Temp\ccKkyWgQ.s:204    .data.s_p01_on:00000000 .LANCHOR3
C:\Users\a5050395\AppData\Local\Temp\ccKkyWgQ.s:96     .text.cpuBoardLedYellow:00000000 $a
C:\Users\a5050395\AppData\Local\Temp\ccKkyWgQ.s:102    .text.cpuBoardLedYellow:00000000 cpuBoardLedYellow
C:\Users\a5050395\AppData\Local\Temp\ccKkyWgQ.s:213    .data.s_p03_off:00000000 .LANCHOR6
C:\Users\a5050395\AppData\Local\Temp\ccKkyWgQ.s:222    .data.s_p03_on:00000000 .LANCHOR5
C:\Users\a5050395\AppData\Local\Temp\ccKkyWgQ.s:124    .text.cpuBoardLedOrange:00000000 $a
C:\Users\a5050395\AppData\Local\Temp\ccKkyWgQ.s:130    .text.cpuBoardLedOrange:00000000 cpuBoardLedOrange
C:\Users\a5050395\AppData\Local\Temp\ccKkyWgQ.s:231    .data.s_p05_off:00000000 .LANCHOR8
C:\Users\a5050395\AppData\Local\Temp\ccKkyWgQ.s:240    .data.s_p05_on:00000000 .LANCHOR7
C:\Users\a5050395\AppData\Local\Temp\ccKkyWgQ.s:152    .text.cpuBoardLedRed:00000000 $a
C:\Users\a5050395\AppData\Local\Temp\ccKkyWgQ.s:158    .text.cpuBoardLedRed:00000000 cpuBoardLedRed
C:\Users\a5050395\AppData\Local\Temp\ccKkyWgQ.s:249    .data.s_p82_off:00000000 .LANCHOR10
C:\Users\a5050395\AppData\Local\Temp\ccKkyWgQ.s:258    .data.s_p82_on:00000000 .LANCHOR9
C:\Users\a5050395\AppData\Local\Temp\ccKkyWgQ.s:180    .bss.pin_led:00000000 $d
C:\Users\a5050395\AppData\Local\Temp\ccKkyWgQ.s:184    .bss.pin_led:00000000 pin_led
C:\Users\a5050395\AppData\Local\Temp\ccKkyWgQ.s:187    .bss.s_my_gpio_handle:00000000 $d
C:\Users\a5050395\AppData\Local\Temp\ccKkyWgQ.s:191    .bss.s_my_gpio_handle:00000000 s_my_gpio_handle
C:\Users\a5050395\AppData\Local\Temp\ccKkyWgQ.s:194    .data.s_p01_off:00000000 $d
C:\Users\a5050395\AppData\Local\Temp\ccKkyWgQ.s:198    .data.s_p01_off:00000000 s_p01_off
C:\Users\a5050395\AppData\Local\Temp\ccKkyWgQ.s:203    .data.s_p01_on:00000000 $d
C:\Users\a5050395\AppData\Local\Temp\ccKkyWgQ.s:207    .data.s_p01_on:00000000 s_p01_on
C:\Users\a5050395\AppData\Local\Temp\ccKkyWgQ.s:212    .data.s_p03_off:00000000 $d
C:\Users\a5050395\AppData\Local\Temp\ccKkyWgQ.s:216    .data.s_p03_off:00000000 s_p03_off
C:\Users\a5050395\AppData\Local\Temp\ccKkyWgQ.s:221    .data.s_p03_on:00000000 $d
C:\Users\a5050395\AppData\Local\Temp\ccKkyWgQ.s:225    .data.s_p03_on:00000000 s_p03_on
C:\Users\a5050395\AppData\Local\Temp\ccKkyWgQ.s:230    .data.s_p05_off:00000000 $d
C:\Users\a5050395\AppData\Local\Temp\ccKkyWgQ.s:234    .data.s_p05_off:00000000 s_p05_off
C:\Users\a5050395\AppData\Local\Temp\ccKkyWgQ.s:239    .data.s_p05_on:00000000 $d
C:\Users\a5050395\AppData\Local\Temp\ccKkyWgQ.s:243    .data.s_p05_on:00000000 s_p05_on
C:\Users\a5050395\AppData\Local\Temp\ccKkyWgQ.s:248    .data.s_p82_off:00000000 $d
C:\Users\a5050395\AppData\Local\Temp\ccKkyWgQ.s:252    .data.s_p82_off:00000000 s_p82_off
C:\Users\a5050395\AppData\Local\Temp\ccKkyWgQ.s:257    .data.s_p82_on:00000000 $d
C:\Users\a5050395\AppData\Local\Temp\ccKkyWgQ.s:261    .data.s_p82_on:00000000 s_p82_on
C:\Users\a5050395\AppData\Local\Temp\ccKkyWgQ.s:266    .rodata.initCpuBoardLed.str1.4:00000000 $d
C:\Users\a5050395\AppData\Local\Temp\ccKkyWgQ.s:270    .rodata.s_led_pin_list:00000000 $d
C:\Users\a5050395\AppData\Local\Temp\ccKkyWgQ.s:274    .rodata.s_led_pin_list:00000000 s_led_pin_list

UNDEFINED SYMBOLS
open
direct_control
