   1              		.cpu cortex-a9
   2              		.eabi_attribute 28, 1
   3              		.eabi_attribute 20, 1
   4              		.eabi_attribute 21, 1
   5              		.eabi_attribute 23, 3
   6              		.eabi_attribute 24, 1
   7              		.eabi_attribute 25, 1
   8              		.eabi_attribute 26, 1
   9              		.eabi_attribute 30, 4
  10              		.eabi_attribute 34, 0
  11              		.eabi_attribute 18, 4
  12              		.file	"op_resolver.cpp"
  13              		.section	.text._ZNK11flatbuffers5Table22GetOptionalFieldOffsetEt,"axG",%progbits,_ZNK11flatbuffers
  14              		.align	2
  15              		.weak	_ZNK11flatbuffers5Table22GetOptionalFieldOffsetEt
  16              		.syntax unified
  17              		.arm
  18              		.fpu neon
  20              	_ZNK11flatbuffers5Table22GetOptionalFieldOffsetEt:
  21              		.fnstart
  22              	.LFB3697:
  23              		@ args = 0, pretend = 0, frame = 0
  24              		@ frame_needed = 0, uses_anonymous_args = 0
  25              		@ link register save eliminated.
  26 0000 003090E5 		ldr	r3, [r0]
  27 0004 030040E0 		sub	r0, r0, r3
  28 0008 B030D0E1 		ldrh	r3, [r0]
  29 000c 030051E1 		cmp	r1, r3
  30 0010 B10090B1 		ldrhlt	r0, [r0, r1]
  31 0014 0000A0A3 		movge	r0, #0
  32 0018 1EFF2FE1 		bx	lr
  33              		.cantunwind
  34              		.fnend
  36              		.section	.text._ZN6tflite25GetRegistrationFromOpCodeEPKNS_12OperatorCodeERKNS_10OpResolverEPNS_13E
  37              		.align	2
  38              		.global	_ZN6tflite25GetRegistrationFromOpCodeEPKNS_12OperatorCodeERKNS_10OpResolverEPNS_13ErrorRep
  39              		.syntax unified
  40              		.arm
  41              		.fpu neon
  43              	_ZN6tflite25GetRegistrationFromOpCodeEPKNS_12OperatorCodeERKNS_10OpResolverEPNS_13ErrorReporterEPPK
  44              		.fnstart
  45              	.LFB6080:
  46              		@ args = 0, pretend = 0, frame = 0
  47              		@ frame_needed = 0, uses_anonymous_args = 0
  48 0000 F0472DE9 		push	{r4, r5, r6, r7, r8, r9, r10, lr}
  49              		.save {r4, r5, r6, r7, r8, r9, r10, lr}
  50 0004 0390A0E1 		mov	r9, r3
  51 0008 0030A0E3 		mov	r3, #0
  52 000c 0180A0E1 		mov	r8, r1
  53 0010 0410A0E3 		mov	r1, #4
  54 0014 0060A0E1 		mov	r6, r0
  55 0018 003089E5 		str	r3, [r9]
  56 001c 0270A0E1 		mov	r7, r2
  57 0020 FEFFFFEB 		bl	_ZNK11flatbuffers5Table22GetOptionalFieldOffsetEt
  58 0024 000050E3 		cmp	r0, #0
  59 0028 0810A0E3 		mov	r1, #8
  60 002c D0009611 		ldrsbne	r0, [r6, r0]
  61 0030 7040EFE6 		uxtb	r4, r0
  62 0034 0600A0E1 		mov	r0, r6
  63 0038 FEFFFFEB 		bl	_ZNK11flatbuffers5Table22GetOptionalFieldOffsetEt
  64 003c 000050E3 		cmp	r0, #0
  65 0040 00509617 		ldrne	r5, [r6, r0]
  66 0044 0150A003 		moveq	r5, #1
  67 0048 7D0054E3 		cmp	r4, #125
  68 004c 0500009A 		bls	.L7
  69 0050 0420A0E1 		mov	r2, r4
  70 0054 CC109FE5 		ldr	r1, .L21
  71 0058 0700A0E1 		mov	r0, r7
  72 005c FEFFFFEB 		bl	_ZN6tflite13ErrorReporter6ReportEPKcz
  73              	.L20:
  74 0060 0100A0E3 		mov	r0, #1
  75 0064 F087BDE8 		pop	{r4, r5, r6, r7, r8, r9, r10, pc}
  76              	.L7:
  77 0068 200054E3 		cmp	r4, #32
  78 006c 0F00000A 		beq	.L9
  79 0070 003098E5 		ldr	r3, [r8]
  80 0074 0520A0E1 		mov	r2, r5
  81 0078 0410A0E1 		mov	r1, r4
  82 007c 0800A0E1 		mov	r0, r8
  83 0080 003093E5 		ldr	r3, [r3]
  84 0084 33FF2FE1 		blx	r3
  85 0088 000050E3 		cmp	r0, #0
  86 008c 000089E5 		str	r0, [r9]
  87 0090 1C00001A 		bne	.L10
  88 0094 90209FE5 		ldr	r2, .L21+4
  89 0098 0530A0E1 		mov	r3, r5
  90 009c 8C109FE5 		ldr	r1, .L21+8
  91 00a0 0700A0E1 		mov	r0, r7
  92 00a4 042192E7 		ldr	r2, [r2, r4, lsl #2]
  93 00a8 FEFFFFEB 		bl	_ZN6tflite13ErrorReporter6ReportEPKcz
  94 00ac EBFFFFEA 		b	.L20
  95              	.L9:
  96 00b0 0610A0E3 		mov	r1, #6
  97 00b4 0600A0E1 		mov	r0, r6
  98 00b8 FEFFFFEB 		bl	_ZNK11flatbuffers5Table22GetOptionalFieldOffsetEt
  99 00bc 000050E3 		cmp	r0, #0
 100 00c0 001086E0 		add	r1, r6, r0
 101 00c4 0200000A 		beq	.L11
 102 00c8 003096E7 		ldr	r3, [r6, r0]
 103 00cc 031091E0 		adds	r1, r1, r3
 104 00d0 0300001A 		bne	.L12
 105              	.L11:
 106 00d4 58109FE5 		ldr	r1, .L21+12
 107 00d8 0700A0E1 		mov	r0, r7
 108 00dc FEFFFFEB 		bl	_ZN6tflite13ErrorReporter6ReportEPKcz
 109 00e0 DEFFFFEA 		b	.L20
 110              	.L12:
 111 00e4 003098E5 		ldr	r3, [r8]
 112 00e8 0520A0E1 		mov	r2, r5
 113 00ec 041081E2 		add	r1, r1, #4
 114 00f0 0800A0E1 		mov	r0, r8
 115 00f4 043093E5 		ldr	r3, [r3, #4]
 116 00f8 33FF2FE1 		blx	r3
 117 00fc 000050E3 		cmp	r0, #0
 118 0100 000089E5 		str	r0, [r9]
 119 0104 D5FFFF0A 		beq	.L20
 120              	.L10:
 121 0108 1C209FE5 		ldr	r2, .L21+4
 122 010c 0530A0E1 		mov	r3, r5
 123 0110 20109FE5 		ldr	r1, .L21+16
 124 0114 0700A0E1 		mov	r0, r7
 125 0118 042192E7 		ldr	r2, [r2, r4, lsl #2]
 126 011c FEFFFFEB 		bl	_ZN6tflite13ErrorReporter6ReportEPKcz
 127 0120 0000A0E3 		mov	r0, #0
 128 0124 F087BDE8 		pop	{r4, r5, r6, r7, r8, r9, r10, pc}
 129              	.L22:
 130              		.align	2
 131              	.L21:
 132 0128 00000000 		.word	.LC0
 133 012c 00000000 		.word	_ZZN6tflite24EnumNamesBuiltinOperatorEvE5names
 134 0130 54000000 		.word	.LC1
 135 0134 89000000 		.word	.LC2
 136 0138 C0000000 		.word	.LC3
 137              		.fnend
 139              		.weak	_ZZN6tflite24EnumNamesBuiltinOperatorEvE5names
 140              		.section	.rodata._ZZN6tflite24EnumNamesBuiltinOperatorEvE5names,"aG",%progbits,_ZZN6tflite24EnumNa
 141              		.align	2
 144              	_ZZN6tflite24EnumNamesBuiltinOperatorEvE5names:
 145 0000 00000000 		.word	.LC4
 146 0004 04000000 		.word	.LC5
 147 0008 14000000 		.word	.LC6
 148 000c 22000000 		.word	.LC7
 149 0010 2A000000 		.word	.LC8
 150 0014 3C000000 		.word	.LC9
 151 0018 4B000000 		.word	.LC10
 152 001c 56000000 		.word	.LC11
 153 0020 67000000 		.word	.LC12
 154 0024 6D000000 		.word	.LC13
 155 0028 7D000000 		.word	.LC14
 156 002c 8E000000 		.word	.LC15
 157 0030 9F000000 		.word	.LC16
 158 0034 AA000000 		.word	.LC17
 159 0038 C7000000 		.word	.LC18
 160 003c D0000000 		.word	.LC19
 161 0040 DF000000 		.word	.LC20
 162 0044 E4000000 		.word	.LC21
 163 0048 F0000000 		.word	.LC22
 164 004c F4000000 		.word	.LC23
 165 0050 F9000000 		.word	.LC24
 166 0054 06010000 		.word	.LC25
 167 0058 0C010000 		.word	.LC26
 168 005c 14010000 		.word	.LC27
 169 0060 24010000 		.word	.LC28
 170 0064 28010000 		.word	.LC29
 171 0068 30010000 		.word	.LC30
 172 006c 3F010000 		.word	.LC31
 173 0070 44010000 		.word	.LC32
 174 0074 49010000 		.word	.LC33
 175 0078 5B010000 		.word	.LC34
 176 007c 65010000 		.word	.LC35
 177 0080 6A010000 		.word	.LC36
 178 0084 71010000 		.word	.LC37
 179 0088 89010000 		.word	.LC38
 180 008c 8D010000 		.word	.LC39
 181 0090 A9010000 		.word	.LC40
 182 0094 B0010000 		.word	.LC41
 183 0098 C2010000 		.word	.LC42
 184 009c D4010000 		.word	.LC43
 185 00a0 DE010000 		.word	.LC44
 186 00a4 E3010000 		.word	.LC45
 187 00a8 E7010000 		.word	.LC46
 188 00ac EB010000 		.word	.LC47
 189 00b0 F3010000 		.word	.LC48
 190 00b4 10020000 		.word	.LC49
 191 00b8 1E020000 		.word	.LC50
 192 00bc 39020000 		.word	.LC51
 193 00c0 3D020000 		.word	.LC52
 194 00c4 45020000 		.word	.LC53
 195 00c8 4B020000 		.word	.LC54
 196 00cc 57020000 		.word	.LC55
 197 00d0 60020000 		.word	.LC56
 198 00d4 7C020000 		.word	.LC57
 199 00d8 81020000 		.word	.LC58
 200 00dc 87020000 		.word	.LC59
 201 00e0 8F020000 		.word	.LC60
 202 00e4 97020000 		.word	.LC61
 203 00e8 9F020000 		.word	.LC62
 204 00ec A4020000 		.word	.LC63
 205 00f0 A8020000 		.word	.LC64
 206 00f4 AE020000 		.word	.LC65
 207 00f8 B6020000 		.word	.LC66
 208 00fc C4020000 		.word	.LC67
 209 0100 CF020000 		.word	.LC68
 210 0104 D6020000 		.word	.LC69
 211 0108 DC020000 		.word	.LC70
 212 010c E0020000 		.word	.LC71
 213 0110 EF020000 		.word	.LC72
 214 0114 FF020000 		.word	.LC73
 215 0118 04030000 		.word	.LC74
 216 011c 10030000 		.word	.LC75
 217 0120 16030000 		.word	.LC76
 218 0124 20030000 		.word	.LC77
 219 0128 24030000 		.word	.LC78
 220 012c 28030000 		.word	.LC79
 221 0130 2D030000 		.word	.LC80
 222 0134 33030000 		.word	.LC81
 223 0138 39030000 		.word	.LC82
 224 013c 3D030000 		.word	.LC83
 225 0140 45030000 		.word	.LC84
 226 0144 50030000 		.word	.LC85
 227 0148 5C030000 		.word	.LC86
 228 014c 67030000 		.word	.LC87
 229 0150 6C030000 		.word	.LC88
 230 0154 77030000 		.word	.LC89
 231 0158 7F030000 		.word	.LC90
 232 015c 8B030000 		.word	.LC91
 233 0160 97030000 		.word	.LC92
 234 0164 9E030000 		.word	.LC93
 235 0168 A9030000 		.word	.LC94
 236 016c B3030000 		.word	.LC95
 237 0170 BE030000 		.word	.LC96
 238 0174 C5030000 		.word	.LC97
 239 0178 D0030000 		.word	.LC98
 240 017c D5030000 		.word	.LC99
 241 0180 DF030000 		.word	.LC100
 242 0184 E5030000 		.word	.LC101
 243 0188 FD030000 		.word	.LC102
 244 018c 08040000 		.word	.LC103
 245 0190 1B040000 		.word	.LC104
 246 0194 26040000 		.word	.LC105
 247 0198 2A040000 		.word	.LC106
 248 019c 32040000 		.word	.LC107
 249 01a0 39040000 		.word	.LC108
 250 01a4 3E040000 		.word	.LC109
 251 01a8 49040000 		.word	.LC110
 252 01ac 4F040000 		.word	.LC111
 253 01b0 59040000 		.word	.LC112
 254 01b4 5D040000 		.word	.LC113
 255 01b8 63040000 		.word	.LC114
 256 01bc 68040000 		.word	.LC115
 257 01c0 6C040000 		.word	.LC116
 258 01c4 7D040000 		.word	.LC117
 259 01c8 89040000 		.word	.LC118
 260 01cc 92040000 		.word	.LC119
 261 01d0 A2040000 		.word	.LC120
 262 01d4 A8040000 		.word	.LC121
 263 01d8 B3040000 		.word	.LC122
 264 01dc B6040000 		.word	.LC123
 265 01e0 BC040000 		.word	.LC124
 266 01e4 D3040000 		.word	.LC125
 267 01e8 EA040000 		.word	.LC126
 268 01ec F5040000 		.word	.LC127
 269 01f0 FF040000 		.word	.LC128
 270 01f4 07050000 		.word	.LC129
 271 01f8 00000000 		.word	0
 272              		.weak	_ZN11flatbuffers25flatbuffer_version_stringE
 273              		.section	.data._ZN11flatbuffers25flatbuffer_version_stringE,"aw",%progbits
 274              		.align	2
 277              	_ZN11flatbuffers25flatbuffer_version_stringE:
 278 0000 13050000 		.word	.LC130
 279              		.section	.rodata._ZN6tflite25GetRegistrationFromOpCodeEPKNS_12OperatorCodeERKNS_10OpResolverEPNS_1
 280              	.LC0:
 281 0000 4F702062 		.ascii	"Op builtin_code out of range: %d. Are you using old"
 281      75696C74 
 281      696E5F63 
 281      6F646520 
 281      6F757420 
 282 0033 2054464C 		.ascii	" TFLite binary with newer model?\000"
 282      69746520 
 282      62696E61 
 282      72792077 
 282      69746820 
 283              	.LC1:
 284 0054 4469646E 		.ascii	"Didn't find op for builtin opcode '%s' version '%d'"
 284      27742066 
 284      696E6420 
 284      6F702066 
 284      6F722062 
 285 0087 0A00     		.ascii	"\012\000"
 286              	.LC2:
 287 0089 4F706572 		.ascii	"Operator with CUSTOM builtin_code has no custom_cod"
 287      61746F72 
 287      20776974 
 287      68204355 
 287      53544F4D 
 288 00bc 652E0A00 		.ascii	"e.\012\000"
 289              	.LC3:
 290 00c0 20202020 		.ascii	"        -> found op for builtin opcode '%s' version"
 290      20202020 
 290      2D3E2066 
 290      6F756E64 
 290      206F7020 
 291 00f3 20272564 		.ascii	" '%d'\012\000"
 291      270A00
 292              		.section	.rodata.str1.1,"aMS",%progbits,1
 293              	.LC4:
 294 0000 41444400 		.ascii	"ADD\000"
 295              	.LC5:
 296 0004 41564552 		.ascii	"AVERAGE_POOL_2D\000"
 296      4147455F 
 296      504F4F4C 
 296      5F324400 
 297              	.LC6:
 298 0014 434F4E43 		.ascii	"CONCATENATION\000"
 298      4154454E 
 298      4154494F 
 298      4E00
 299              	.LC7:
 300 0022 434F4E56 		.ascii	"CONV_2D\000"
 300      5F324400 
 301              	.LC8:
 302 002a 44455054 		.ascii	"DEPTHWISE_CONV_2D\000"
 302      48574953 
 302      455F434F 
 302      4E565F32 
 302      4400
 303              	.LC9:
 304 003c 44455054 		.ascii	"DEPTH_TO_SPACE\000"
 304      485F544F 
 304      5F535041 
 304      434500
 305              	.LC10:
 306 004b 44455155 		.ascii	"DEQUANTIZE\000"
 306      414E5449 
 306      5A4500
 307              	.LC11:
 308 0056 454D4245 		.ascii	"EMBEDDING_LOOKUP\000"
 308      4444494E 
 308      475F4C4F 
 308      4F4B5550 
 308      00
 309              	.LC12:
 310 0067 464C4F4F 		.ascii	"FLOOR\000"
 310      5200
 311              	.LC13:
 312 006d 46554C4C 		.ascii	"FULLY_CONNECTED\000"
 312      595F434F 
 312      4E4E4543 
 312      54454400 
 313              	.LC14:
 314 007d 48415348 		.ascii	"HASHTABLE_LOOKUP\000"
 314      5441424C 
 314      455F4C4F 
 314      4F4B5550 
 314      00
 315              	.LC15:
 316 008e 4C325F4E 		.ascii	"L2_NORMALIZATION\000"
 316      4F524D41 
 316      4C495A41 
 316      54494F4E 
 316      00
 317              	.LC16:
 318 009f 4C325F50 		.ascii	"L2_POOL_2D\000"
 318      4F4F4C5F 
 318      324400
 319              	.LC17:
 320 00aa 4C4F4341 		.ascii	"LOCAL_RESPONSE_NORMALIZATION\000"
 320      4C5F5245 
 320      53504F4E 
 320      53455F4E 
 320      4F524D41 
 321              	.LC18:
 322 00c7 4C4F4749 		.ascii	"LOGISTIC\000"
 322      53544943 
 322      00
 323              	.LC19:
 324 00d0 4C53485F 		.ascii	"LSH_PROJECTION\000"
 324      50524F4A 
 324      45435449 
 324      4F4E00
 325              	.LC20:
 326 00df 4C53544D 		.ascii	"LSTM\000"
 326      00
 327              	.LC21:
 328 00e4 4D41585F 		.ascii	"MAX_POOL_2D\000"
 328      504F4F4C 
 328      5F324400 
 329              	.LC22:
 330 00f0 4D554C00 		.ascii	"MUL\000"
 331              	.LC23:
 332 00f4 52454C55 		.ascii	"RELU\000"
 332      00
 333              	.LC24:
 334 00f9 52454C55 		.ascii	"RELU_N1_TO_1\000"
 334      5F4E315F 
 334      544F5F31 
 334      00
 335              	.LC25:
 336 0106 52454C55 		.ascii	"RELU6\000"
 336      3600
 337              	.LC26:
 338 010c 52455348 		.ascii	"RESHAPE\000"
 338      41504500 
 339              	.LC27:
 340 0114 52455349 		.ascii	"RESIZE_BILINEAR\000"
 340      5A455F42 
 340      494C494E 
 340      45415200 
 341              	.LC28:
 342 0124 524E4E00 		.ascii	"RNN\000"
 343              	.LC29:
 344 0128 534F4654 		.ascii	"SOFTMAX\000"
 344      4D415800 
 345              	.LC30:
 346 0130 53504143 		.ascii	"SPACE_TO_DEPTH\000"
 346      455F544F 
 346      5F444550 
 346      544800
 347              	.LC31:
 348 013f 53564446 		.ascii	"SVDF\000"
 348      00
 349              	.LC32:
 350 0144 54414E48 		.ascii	"TANH\000"
 350      00
 351              	.LC33:
 352 0149 434F4E43 		.ascii	"CONCAT_EMBEDDINGS\000"
 352      41545F45 
 352      4D424544 
 352      44494E47 
 352      5300
 353              	.LC34:
 354 015b 534B4950 		.ascii	"SKIP_GRAM\000"
 354      5F475241 
 354      4D00
 355              	.LC35:
 356 0165 43414C4C 		.ascii	"CALL\000"
 356      00
 357              	.LC36:
 358 016a 43555354 		.ascii	"CUSTOM\000"
 358      4F4D00
 359              	.LC37:
 360 0171 454D4245 		.ascii	"EMBEDDING_LOOKUP_SPARSE\000"
 360      4444494E 
 360      475F4C4F 
 360      4F4B5550 
 360      5F535041 
 361              	.LC38:
 362 0189 50414400 		.ascii	"PAD\000"
 363              	.LC39:
 364 018d 554E4944 		.ascii	"UNIDIRECTIONAL_SEQUENCE_RNN\000"
 364      49524543 
 364      54494F4E 
 364      414C5F53 
 364      45515545 
 365              	.LC40:
 366 01a9 47415448 		.ascii	"GATHER\000"
 366      455200
 367              	.LC41:
 368 01b0 42415443 		.ascii	"BATCH_TO_SPACE_ND\000"
 368      485F544F 
 368      5F535041 
 368      43455F4E 
 368      4400
 369              	.LC42:
 370 01c2 53504143 		.ascii	"SPACE_TO_BATCH_ND\000"
 370      455F544F 
 370      5F424154 
 370      43485F4E 
 370      4400
 371              	.LC43:
 372 01d4 5452414E 		.ascii	"TRANSPOSE\000"
 372      53504F53 
 372      4500
 373              	.LC44:
 374 01de 4D45414E 		.ascii	"MEAN\000"
 374      00
 375              	.LC45:
 376 01e3 53554200 		.ascii	"SUB\000"
 377              	.LC46:
 378 01e7 44495600 		.ascii	"DIV\000"
 379              	.LC47:
 380 01eb 53515545 		.ascii	"SQUEEZE\000"
 380      455A4500 
 381              	.LC48:
 382 01f3 554E4944 		.ascii	"UNIDIRECTIONAL_SEQUENCE_LSTM\000"
 382      49524543 
 382      54494F4E 
 382      414C5F53 
 382      45515545 
 383              	.LC49:
 384 0210 53545249 		.ascii	"STRIDED_SLICE\000"
 384      4445445F 
 384      534C4943 
 384      4500
 385              	.LC50:
 386 021e 42494449 		.ascii	"BIDIRECTIONAL_SEQUENCE_RNN\000"
 386      52454354 
 386      494F4E41 
 386      4C5F5345 
 386      5155454E 
 387              	.LC51:
 388 0239 45585000 		.ascii	"EXP\000"
 389              	.LC52:
 390 023d 544F504B 		.ascii	"TOPK_V2\000"
 390      5F563200 
 391              	.LC53:
 392 0245 53504C49 		.ascii	"SPLIT\000"
 392      5400
 393              	.LC54:
 394 024b 4C4F475F 		.ascii	"LOG_SOFTMAX\000"
 394      534F4654 
 394      4D415800 
 395              	.LC55:
 396 0257 44454C45 		.ascii	"DELEGATE\000"
 396      47415445 
 396      00
 397              	.LC56:
 398 0260 42494449 		.ascii	"BIDIRECTIONAL_SEQUENCE_LSTM\000"
 398      52454354 
 398      494F4E41 
 398      4C5F5345 
 398      5155454E 
 399              	.LC57:
 400 027c 43415354 		.ascii	"CAST\000"
 400      00
 401              	.LC58:
 402 0281 5052454C 		.ascii	"PRELU\000"
 402      5500
 403              	.LC59:
 404 0287 4D415849 		.ascii	"MAXIMUM\000"
 404      4D554D00 
 405              	.LC60:
 406 028f 4152475F 		.ascii	"ARG_MAX\000"
 406      4D415800 
 407              	.LC61:
 408 0297 4D494E49 		.ascii	"MINIMUM\000"
 408      4D554D00 
 409              	.LC62:
 410 029f 4C455353 		.ascii	"LESS\000"
 410      00
 411              	.LC63:
 412 02a4 4E454700 		.ascii	"NEG\000"
 413              	.LC64:
 414 02a8 50414456 		.ascii	"PADV2\000"
 414      3200
 415              	.LC65:
 416 02ae 47524541 		.ascii	"GREATER\000"
 416      54455200 
 417              	.LC66:
 418 02b6 47524541 		.ascii	"GREATER_EQUAL\000"
 418      5445525F 
 418      45515541 
 418      4C00
 419              	.LC67:
 420 02c4 4C455353 		.ascii	"LESS_EQUAL\000"
 420      5F455155 
 420      414C00
 421              	.LC68:
 422 02cf 53454C45 		.ascii	"SELECT\000"
 422      435400
 423              	.LC69:
 424 02d6 534C4943 		.ascii	"SLICE\000"
 424      4500
 425              	.LC70:
 426 02dc 53494E00 		.ascii	"SIN\000"
 427              	.LC71:
 428 02e0 5452414E 		.ascii	"TRANSPOSE_CONV\000"
 428      53504F53 
 428      455F434F 
 428      4E5600
 429              	.LC72:
 430 02ef 53504152 		.ascii	"SPARSE_TO_DENSE\000"
 430      53455F54 
 430      4F5F4445 
 430      4E534500 
 431              	.LC73:
 432 02ff 54494C45 		.ascii	"TILE\000"
 432      00
 433              	.LC74:
 434 0304 45585041 		.ascii	"EXPAND_DIMS\000"
 434      4E445F44 
 434      494D5300 
 435              	.LC75:
 436 0310 45515541 		.ascii	"EQUAL\000"
 436      4C00
 437              	.LC76:
 438 0316 4E4F545F 		.ascii	"NOT_EQUAL\000"
 438      45515541 
 438      4C00
 439              	.LC77:
 440 0320 4C4F4700 		.ascii	"LOG\000"
 441              	.LC78:
 442 0324 53554D00 		.ascii	"SUM\000"
 443              	.LC79:
 444 0328 53515254 		.ascii	"SQRT\000"
 444      00
 445              	.LC80:
 446 032d 52535152 		.ascii	"RSQRT\000"
 446      5400
 447              	.LC81:
 448 0333 53484150 		.ascii	"SHAPE\000"
 448      4500
 449              	.LC82:
 450 0339 504F5700 		.ascii	"POW\000"
 451              	.LC83:
 452 033d 4152475F 		.ascii	"ARG_MIN\000"
 452      4D494E00 
 453              	.LC84:
 454 0345 46414B45 		.ascii	"FAKE_QUANT\000"
 454      5F515541 
 454      4E5400
 455              	.LC85:
 456 0350 52454455 		.ascii	"REDUCE_PROD\000"
 456      43455F50 
 456      524F4400 
 457              	.LC86:
 458 035c 52454455 		.ascii	"REDUCE_MAX\000"
 458      43455F4D 
 458      415800
 459              	.LC87:
 460 0367 5041434B 		.ascii	"PACK\000"
 460      00
 461              	.LC88:
 462 036c 4C4F4749 		.ascii	"LOGICAL_OR\000"
 462      43414C5F 
 462      4F5200
 463              	.LC89:
 464 0377 4F4E455F 		.ascii	"ONE_HOT\000"
 464      484F5400 
 465              	.LC90:
 466 037f 4C4F4749 		.ascii	"LOGICAL_AND\000"
 466      43414C5F 
 466      414E4400 
 467              	.LC91:
 468 038b 4C4F4749 		.ascii	"LOGICAL_NOT\000"
 468      43414C5F 
 468      4E4F5400 
 469              	.LC92:
 470 0397 554E5041 		.ascii	"UNPACK\000"
 470      434B00
 471              	.LC93:
 472 039e 52454455 		.ascii	"REDUCE_MIN\000"
 472      43455F4D 
 472      494E00
 473              	.LC94:
 474 03a9 464C4F4F 		.ascii	"FLOOR_DIV\000"
 474      525F4449 
 474      5600
 475              	.LC95:
 476 03b3 52454455 		.ascii	"REDUCE_ANY\000"
 476      43455F41 
 476      4E5900
 477              	.LC96:
 478 03be 53515541 		.ascii	"SQUARE\000"
 478      524500
 479              	.LC97:
 480 03c5 5A45524F 		.ascii	"ZEROS_LIKE\000"
 480      535F4C49 
 480      4B4500
 481              	.LC98:
 482 03d0 46494C4C 		.ascii	"FILL\000"
 482      00
 483              	.LC99:
 484 03d5 464C4F4F 		.ascii	"FLOOR_MOD\000"
 484      525F4D4F 
 484      4400
 485              	.LC100:
 486 03df 52414E47 		.ascii	"RANGE\000"
 486      4500
 487              	.LC101:
 488 03e5 52455349 		.ascii	"RESIZE_NEAREST_NEIGHBOR\000"
 488      5A455F4E 
 488      45415245 
 488      53545F4E 
 488      45494748 
 489              	.LC102:
 490 03fd 4C45414B 		.ascii	"LEAKY_RELU\000"
 490      595F5245 
 490      4C5500
 491              	.LC103:
 492 0408 53515541 		.ascii	"SQUARED_DIFFERENCE\000"
 492      5245445F 
 492      44494646 
 492      4552454E 
 492      434500
 493              	.LC104:
 494 041b 4D495252 		.ascii	"MIRROR_PAD\000"
 494      4F525F50 
 494      414400
 495              	.LC105:
 496 0426 41425300 		.ascii	"ABS\000"
 497              	.LC106:
 498 042a 53504C49 		.ascii	"SPLIT_V\000"
 498      545F5600 
 499              	.LC107:
 500 0432 554E4951 		.ascii	"UNIQUE\000"
 500      554500
 501              	.LC108:
 502 0439 4345494C 		.ascii	"CEIL\000"
 502      00
 503              	.LC109:
 504 043e 52455645 		.ascii	"REVERSE_V2\000"
 504      5253455F 
 504      563200
 505              	.LC110:
 506 0449 4144445F 		.ascii	"ADD_N\000"
 506      4E00
 507              	.LC111:
 508 044f 47415448 		.ascii	"GATHER_ND\000"
 508      45525F4E 
 508      4400
 509              	.LC112:
 510 0459 434F5300 		.ascii	"COS\000"
 511              	.LC113:
 512 045d 57484552 		.ascii	"WHERE\000"
 512      4500
 513              	.LC114:
 514 0463 52414E4B 		.ascii	"RANK\000"
 514      00
 515              	.LC115:
 516 0468 454C5500 		.ascii	"ELU\000"
 517              	.LC116:
 518 046c 52455645 		.ascii	"REVERSE_SEQUENCE\000"
 518      5253455F 
 518      53455155 
 518      454E4345 
 518      00
 519              	.LC117:
 520 047d 4D415452 		.ascii	"MATRIX_DIAG\000"
 520      49585F44 
 520      49414700 
 521              	.LC118:
 522 0489 5155414E 		.ascii	"QUANTIZE\000"
 522      54495A45 
 522      00
 523              	.LC119:
 524 0492 4D415452 		.ascii	"MATRIX_SET_DIAG\000"
 524      49585F53 
 524      45545F44 
 524      49414700 
 525              	.LC120:
 526 04a2 524F554E 		.ascii	"ROUND\000"
 526      4400
 527              	.LC121:
 528 04a8 48415244 		.ascii	"HARD_SWISH\000"
 528      5F535749 
 528      534800
 529              	.LC122:
 530 04b3 494600   		.ascii	"IF\000"
 531              	.LC123:
 532 04b6 5748494C 		.ascii	"WHILE\000"
 532      4500
 533              	.LC124:
 534 04bc 4E4F4E5F 		.ascii	"NON_MAX_SUPPRESSION_V4\000"
 534      4D41585F 
 534      53555050 
 534      52455353 
 534      494F4E5F 
 535              	.LC125:
 536 04d3 4E4F4E5F 		.ascii	"NON_MAX_SUPPRESSION_V5\000"
 536      4D41585F 
 536      53555050 
 536      52455353 
 536      494F4E5F 
 537              	.LC126:
 538 04ea 53434154 		.ascii	"SCATTER_ND\000"
 538      5445525F 
 538      4E4400
 539              	.LC127:
 540 04f5 53454C45 		.ascii	"SELECT_V2\000"
 540      43545F56 
 540      3200
 541              	.LC128:
 542 04ff 44454E53 		.ascii	"DENSIFY\000"
 542      49465900 
 543              	.LC129:
 544 0507 5345474D 		.ascii	"SEGMENT_SUM\000"
 544      454E545F 
 544      53554D00 
 545              	.LC130:
 546 0513 466C6174 		.ascii	"FlatBuffers 1.11.0\000"
 546      42756666 
 546      65727320 
 546      312E3131 
 546      2E3000
 547              		.ident	"GCC: (GNU Tools for ARM Embedded Processors 6-2017-q2-update) 6.3.1 20170620 (release) [AR
DEFINED SYMBOLS
                            *ABS*:00000000 op_resolver.cpp
C:\Users\a5050395\AppData\Local\Temp\ccfx08bd.s:14     .text._ZNK11flatbuffers5Table22GetOptionalFieldOffsetEt:00000000 $a
C:\Users\a5050395\AppData\Local\Temp\ccfx08bd.s:20     .text._ZNK11flatbuffers5Table22GetOptionalFieldOffsetEt:00000000 _ZNK11flatbuffers5Table22GetOptionalFieldOffsetEt
.ARM.exidx.text._ZNK11flatbuffers5Table22GetOptionalFieldOffsetEt:00000000 $d
C:\Users\a5050395\AppData\Local\Temp\ccfx08bd.s:37     .text._ZN6tflite25GetRegistrationFromOpCodeEPKNS_12OperatorCodeERKNS_10OpResolverEPNS_13ErrorReporterEPPK18TfLiteRegistration:00000000 $a
C:\Users\a5050395\AppData\Local\Temp\ccfx08bd.s:43     .text._ZN6tflite25GetRegistrationFromOpCodeEPKNS_12OperatorCodeERKNS_10OpResolverEPNS_13ErrorReporterEPPK18TfLiteRegistration:00000000 _ZN6tflite25GetRegistrationFromOpCodeEPKNS_12OperatorCodeERKNS_10OpResolverEPNS_13ErrorReporterEPPK18TfLiteRegistration
C:\Users\a5050395\AppData\Local\Temp\ccfx08bd.s:132    .text._ZN6tflite25GetRegistrationFromOpCodeEPKNS_12OperatorCodeERKNS_10OpResolverEPNS_13ErrorReporterEPPK18TfLiteRegistration:00000128 $d
C:\Users\a5050395\AppData\Local\Temp\ccfx08bd.s:144    .rodata._ZZN6tflite24EnumNamesBuiltinOperatorEvE5names:00000000 _ZZN6tflite24EnumNamesBuiltinOperatorEvE5names
.ARM.exidx.text._ZN6tflite25GetRegistrationFromOpCodeEPKNS_12OperatorCodeERKNS_10OpResolverEPNS_13ErrorReporterEPPK18TfLiteRegistration:00000000 $d
C:\Users\a5050395\AppData\Local\Temp\ccfx08bd.s:141    .rodata._ZZN6tflite24EnumNamesBuiltinOperatorEvE5names:00000000 $d
C:\Users\a5050395\AppData\Local\Temp\ccfx08bd.s:277    .data._ZN11flatbuffers25flatbuffer_version_stringE:00000000 _ZN11flatbuffers25flatbuffer_version_stringE
C:\Users\a5050395\AppData\Local\Temp\ccfx08bd.s:274    .data._ZN11flatbuffers25flatbuffer_version_stringE:00000000 $d

UNDEFINED SYMBOLS
_ZN6tflite13ErrorReporter6ReportEPKcz
__aeabi_unwind_cpp_pr0
