   1              		.cpu cortex-a9
   2              		.eabi_attribute 28, 1
   3              		.eabi_attribute 20, 1
   4              		.eabi_attribute 21, 1
   5              		.eabi_attribute 23, 3
   6              		.eabi_attribute 24, 1
   7              		.eabi_attribute 25, 1
   8              		.eabi_attribute 26, 1
   9              		.eabi_attribute 30, 4
  10              		.eabi_attribute 34, 0
  11              		.eabi_attribute 18, 4
  12              		.file	"tensor_utils.cpp"
  13              		.section	.text._ZN6tflite19ResetVariableTensorEP12TfLiteTensor,"ax",%progbits
  14              		.align	2
  15              		.global	_ZN6tflite19ResetVariableTensorEP12TfLiteTensor
  16              		.syntax unified
  17              		.arm
  18              		.fpu neon
  20              	_ZN6tflite19ResetVariableTensorEP12TfLiteTensor:
  21              		.fnstart
  22              	.LFB0:
  23              		@ args = 0, pretend = 0, frame = 0
  24              		@ frame_needed = 0, uses_anonymous_args = 0
  25 0000 2D30D0E5 		ldrb	r3, [r0, #45]	@ zero_extendqisi2
  26 0004 000053E3 		cmp	r3, #0
  27 0008 0D00000A 		beq	.L10
  28 000c 0030D0E5 		ldrb	r3, [r0]	@ zero_extendqisi2
  29 0010 04E02DE5 		str	lr, [sp, #-4]!
  30 0014 04C090E5 		ldr	ip, [r0, #4]
  31 0018 090053E3 		cmp	r3, #9
  32 001c 10109005 		ldreq	r1, [r0, #16]
  33 0020 0010A013 		movne	r1, #0
  34 0024 0C30A0E1 		mov	r3, ip
  35              	.L4:
  36 0028 18E090E5 		ldr	lr, [r0, #24]
  37 002c 0C2043E0 		sub	r2, r3, ip
  38 0030 02005EE1 		cmp	lr, r2
  39 0034 0110C384 		strbhi	r1, [r3], #1
  40 0038 FAFFFF8A 		bhi	.L4
  41              	.L2:
  42 003c 0000A0E3 		mov	r0, #0
  43 0040 04F09DE4 		ldr	pc, [sp], #4
  44              	.L10:
  45 0044 0000A0E3 		mov	r0, #0
  46 0048 1EFF2FE1 		bx	lr
  47              		.cantunwind
  48              		.fnend
  50              		.ident	"GCC: (GNU Tools for ARM Embedded Processors 6-2017-q2-update) 6.3.1 20170620 (release) [AR
DEFINED SYMBOLS
                            *ABS*:00000000 tensor_utils.cpp
C:\Users\a5050395\AppData\Local\Temp\ccLxlyB2.s:14     .text._ZN6tflite19ResetVariableTensorEP12TfLiteTensor:00000000 $a
C:\Users\a5050395\AppData\Local\Temp\ccLxlyB2.s:20     .text._ZN6tflite19ResetVariableTensorEP12TfLiteTensor:00000000 _ZN6tflite19ResetVariableTensorEP12TfLiteTensor
.ARM.exidx.text._ZN6tflite19ResetVariableTensorEP12TfLiteTensor:00000000 $d

NO UNDEFINED SYMBOLS
