   1              		.cpu cortex-a9
   2              		.eabi_attribute 28, 1
   3              		.eabi_attribute 20, 1
   4              		.eabi_attribute 21, 1
   5              		.eabi_attribute 23, 3
   6              		.eabi_attribute 24, 1
   7              		.eabi_attribute 25, 1
   8              		.eabi_attribute 26, 1
   9              		.eabi_attribute 30, 2
  10              		.eabi_attribute 34, 0
  11              		.eabi_attribute 18, 4
  12              		.file	"ethosu.cc"
  13              		.section	.text._ZN6tflite15Register_ETHOSUEv,"ax",%progbits
  14              		.align	2
  15              		.global	_ZN6tflite15Register_ETHOSUEv
  16              		.syntax unified
  17              		.arm
  18              		.fpu neon
  20              	_ZN6tflite15Register_ETHOSUEv:
  21              		.fnstart
  22              	.LFB0:
  23              		@ args = 0, pretend = 0, frame = 0
  24              		@ frame_needed = 0, uses_anonymous_args = 0
  25              		@ link register save eliminated.
  26 0000 0000A0E3 		mov	r0, #0
  27 0004 1EFF2FE1 		bx	lr
  28              		.cantunwind
  29              		.fnend
  31              		.section	.text._ZN6tflite16GetString_ETHOSUEv,"ax",%progbits
  32              		.align	2
  33              		.global	_ZN6tflite16GetString_ETHOSUEv
  34              		.syntax unified
  35              		.arm
  36              		.fpu neon
  38              	_ZN6tflite16GetString_ETHOSUEv:
  39              		.fnstart
  40              	.LFB1:
  41              		@ args = 0, pretend = 0, frame = 0
  42              		@ frame_needed = 0, uses_anonymous_args = 0
  43              		@ link register save eliminated.
  44 0000 000000E3 		movw	r0, #:lower16:.LC0
  45 0004 000040E3 		movt	r0, #:upper16:.LC0
  46 0008 1EFF2FE1 		bx	lr
  47              		.cantunwind
  48              		.fnend
  50              		.section	.rodata._ZN6tflite16GetString_ETHOSUEv.str1.4,"aMS",%progbits,1
  51              		.align	2
  52              	.LC0:
  53 0000 00       		.ascii	"\000"
  54              		.ident	"GCC: (GNU Tools for ARM Embedded Processors 6-2017-q2-update) 6.3.1 20170620 (release) [AR
DEFINED SYMBOLS
                            *ABS*:00000000 ethosu.cc
C:\Users\a5050395\AppData\Local\Temp\ccNihURv.s:14     .text._ZN6tflite15Register_ETHOSUEv:00000000 $a
C:\Users\a5050395\AppData\Local\Temp\ccNihURv.s:20     .text._ZN6tflite15Register_ETHOSUEv:00000000 _ZN6tflite15Register_ETHOSUEv
.ARM.exidx.text._ZN6tflite15Register_ETHOSUEv:00000000 $d
C:\Users\a5050395\AppData\Local\Temp\ccNihURv.s:32     .text._ZN6tflite16GetString_ETHOSUEv:00000000 $a
C:\Users\a5050395\AppData\Local\Temp\ccNihURv.s:38     .text._ZN6tflite16GetString_ETHOSUEv:00000000 _ZN6tflite16GetString_ETHOSUEv
C:\Users\a5050395\AppData\Local\Temp\ccNihURv.s:52     .rodata._ZN6tflite16GetString_ETHOSUEv.str1.4:00000000 .LC0
.ARM.exidx.text._ZN6tflite16GetString_ETHOSUEv:00000000 $d
C:\Users\a5050395\AppData\Local\Temp\ccNihURv.s:51     .rodata._ZN6tflite16GetString_ETHOSUEv.str1.4:00000000 $d

NO UNDEFINED SYMBOLS
