   1              		.cpu cortex-a9
   2              		.eabi_attribute 28, 1
   3              		.eabi_attribute 20, 1
   4              		.eabi_attribute 21, 1
   5              		.eabi_attribute 23, 3
   6              		.eabi_attribute 24, 1
   7              		.eabi_attribute 25, 1
   8              		.eabi_attribute 26, 1
   9              		.eabi_attribute 30, 2
  10              		.eabi_attribute 34, 0
  11              		.eabi_attribute 18, 4
  12              		.file	"floor_div.cc"
  13              		.section	.text._ZN6tflite12_GLOBAL__N_14InitEP13TfLiteContextPKcj,"ax",%progbits
  14              		.align	2
  15              		.syntax unified
  16              		.arm
  17              		.fpu neon
  19              	_ZN6tflite12_GLOBAL__N_14InitEP13TfLiteContextPKcj:
  20              		.fnstart
  21              	.LFB4240:
  22              		@ args = 0, pretend = 0, frame = 0
  23              		@ frame_needed = 0, uses_anonymous_args = 0
  24              		@ link register save eliminated.
  25 0000 0000A0E3 		mov	r0, #0
  26 0004 1EFF2FE1 		bx	lr
  27              		.cantunwind
  28              		.fnend
  30              		.section	.text._ZN6tflite12_GLOBAL__N_17PrepareEP13TfLiteContextP10TfLiteNode,"ax",%progbits
  31              		.align	2
  32              		.syntax unified
  33              		.arm
  34              		.fpu neon
  36              	_ZN6tflite12_GLOBAL__N_17PrepareEP13TfLiteContextP10TfLiteNode:
  37              		.fnstart
  38              	.LFB4241:
  39              		@ args = 0, pretend = 0, frame = 16
  40              		@ frame_needed = 0, uses_anonymous_args = 0
  41 0000 002091E5 		ldr	r2, [r1]
  42 0004 002092E5 		ldr	r2, [r2]
  43 0008 020052E3 		cmp	r2, #2
  44 000c 0100000A 		beq	.L11
  45 0010 0100A0E3 		mov	r0, #1
  46 0014 1EFF2FE1 		bx	lr
  47              	.L11:
  48 0018 042091E5 		ldr	r2, [r1, #4]
  49 001c 70402DE9 		push	{r4, r5, r6, lr}
  50              		.save {r4, r5, r6, lr}
  51 0020 0140A0E1 		mov	r4, r1
  52              		.pad #16
  53 0024 10D04DE2 		sub	sp, sp, #16
  54 0028 006092E5 		ldr	r6, [r2]
  55 002c 010056E3 		cmp	r6, #1
  56 0030 0200000A 		beq	.L12
  57              	.L5:
  58 0034 0100A0E3 		mov	r0, #1
  59              	.L4:
  60 0038 10D08DE2 		add	sp, sp, #16
  61              		@ sp needed
  62 003c 7080BDE8 		pop	{r4, r5, r6, pc}
  63              	.L12:
  64 0040 04308DE2 		add	r3, sp, #4
  65 0044 0020A0E3 		mov	r2, #0
  66 0048 0050A0E1 		mov	r5, r0
  67 004c FEFFFFEB 		bl	_ZN6tflite12GetInputSafeEPK13TfLiteContextPK10TfLiteNodeiPPK12TfLiteTensor
  68 0050 000050E3 		cmp	r0, #0
  69 0054 F7FFFF1A 		bne	.L4
  70 0058 0620A0E1 		mov	r2, r6
  71 005c 08308DE2 		add	r3, sp, #8
  72 0060 0410A0E1 		mov	r1, r4
  73 0064 0500A0E1 		mov	r0, r5
  74 0068 FEFFFFEB 		bl	_ZN6tflite12GetInputSafeEPK13TfLiteContextPK10TfLiteNodeiPPK12TfLiteTensor
  75 006c 000050E3 		cmp	r0, #0
  76 0070 F0FFFF1A 		bne	.L4
  77 0074 0020A0E1 		mov	r2, r0
  78 0078 0410A0E1 		mov	r1, r4
  79 007c 0500A0E1 		mov	r0, r5
  80 0080 0C308DE2 		add	r3, sp, #12
  81 0084 FEFFFFEB 		bl	_ZN6tflite13GetOutputSafeEPK13TfLiteContextPK10TfLiteNodeiPP12TfLiteTensor
  82 0088 000050E3 		cmp	r0, #0
  83 008c E9FFFF1A 		bne	.L4
  84 0090 0C009DE9 		ldmib	sp, {r2, r3}
  85 0094 0020D2E5 		ldrb	r2, [r2]	@ zero_extendqisi2
  86 0098 0030D3E5 		ldrb	r3, [r3]	@ zero_extendqisi2
  87 009c 020053E1 		cmp	r3, r2
  88 00a0 E3FFFF1A 		bne	.L5
  89 00a4 0C209DE5 		ldr	r2, [sp, #12]
  90 00a8 0000D2E5 		ldrb	r0, [r2]	@ zero_extendqisi2
  91 00ac 030050E0 		subs	r0, r0, r3
  92 00b0 0100A013 		movne	r0, #1
  93 00b4 DFFFFFEA 		b	.L4
  94              		.fnend
  96              		.section	.text._ZN6tflite12_GLOBAL__N_112EvalFloorDivIfEE12TfLiteStatusP13TfLiteContextPK16TfLiteE
  97              		.align	2
  98              		.syntax unified
  99              		.arm
 100              		.fpu neon
 102              	_ZN6tflite12_GLOBAL__N_112EvalFloorDivIfEE12TfLiteStatusP13TfLiteContextPK16TfLiteEvalTensorS7_PS5_
 103              		.fnstart
 104              	.LFB4745:
 105              		@ args = 0, pretend = 0, frame = 344
 106              		@ frame_needed = 0, uses_anonymous_args = 0
 107 0000 F04F2DE9 		push	{r4, r5, r6, r7, r8, r9, r10, fp, lr}
 108              		.save {r4, r5, r6, r7, r8, r9, r10, fp, lr}
 109 0004 006051E2 		subs	r6, r1, #0
 110              		.pad #348
 111 0008 57DF4DE2 		sub	sp, sp, #348
 112 000c 5F04000A 		beq	.L368
 113 0010 007096E5 		ldr	r7, [r6]
 114 0014 0080A0E1 		mov	r8, r0
 115 0018 02A0A0E1 		mov	r10, r2
 116 001c 0040A0E3 		mov	r4, #0
 117 0020 4C708DE5 		str	r7, [sp, #76]
 118 0024 0750A0E1 		mov	r5, r7
 119 0028 040000EA 		b	.L17
 120              	.L369:
 121 002c 017AF5EC 		vldmia.32	r5!, {s15}
 122 0030 407AF5EE 		vcmp.f32	s15, #0
 123 0034 10FAF1EE 		vmrs	APSR_nzcv, FPSCR
 124 0038 EA01000A 		beq	.L192
 125 003c 014084E2 		add	r4, r4, #1
 126              	.L17:
 127 0040 040096E5 		ldr	r0, [r6, #4]
 128              	.LEHB0:
 129 0044 FEFFFFEB 		bl	_ZN6tflite12ElementCountERK14TfLiteIntArray
 130 0048 040050E1 		cmp	r0, r4
 131 004c F6FFFFCA 		bgt	.L369
 132 0050 0610A0E1 		mov	r1, r6
 133 0054 0800A0E1 		mov	r0, r8
 134 0058 FEFFFFEB 		bl	_ZN6tflite5micro14HaveSameShapesEPK16TfLiteEvalTensorS3_
 135 005c 000050E3 		cmp	r0, #0
 136 0060 0810A0E1 		mov	r1, r8
 137 0064 2700001A 		bne	.L18
 138 0068 B8008DE2 		add	r0, sp, #184
 139 006c FEFFFFEB 		bl	_ZN6tflite5micro14GetTensorShapeEPK16TfLiteEvalTensor
 140              	.LEHE0:
 141 0070 000058E3 		cmp	r8, #0
 142 0074 4404000A 		beq	.L370
 143 0078 0610A0E1 		mov	r1, r6
 144 007c A0008DE2 		add	r0, sp, #160
 145 0080 005098E5 		ldr	r5, [r8]
 146              	.LEHB1:
 147 0084 FEFFFFEB 		bl	_ZN6tflite5micro14GetTensorShapeEPK16TfLiteEvalTensor
 148              	.LEHE1:
 149 0088 0A10A0E1 		mov	r1, r10
 150 008c 88008DE2 		add	r0, sp, #136
 151              	.LEHB2:
 152 0090 FEFFFFEB 		bl	_ZN6tflite5micro14GetTensorShapeEPK16TfLiteEvalTensor
 153              	.LEHE2:
 154 0094 B8609DE5 		ldr	r6, [sp, #184]
 155 0098 00005AE3 		cmp	r10, #0
 156 009c 00A09A15 		ldrne	r10, [r10]
 157 00a0 040056E3 		cmp	r6, #4
 158 00a4 360400CA 		bgt	.L371
 159 00a8 A0409DE5 		ldr	r4, [sp, #160]
 160 00ac 040054E3 		cmp	r4, #4
 161 00b0 340400CA 		bgt	.L372
 162 00b4 88209DE5 		ldr	r2, [sp, #136]
 163 00b8 040052E3 		cmp	r2, #4
 164 00bc 200400CA 		bgt	.L373
 165 00c0 040072E2 		rsbs	r0, r2, #4
 166 00c4 0430A0E3 		mov	r3, #4
 167 00c8 D0308DE5 		str	r3, [sp, #208]
 168 00cc 3801000A 		beq	.L27
 169 00d0 010050E3 		cmp	r0, #1
 170 00d4 0130A0E3 		mov	r3, #1
 171 00d8 D4308DE5 		str	r3, [sp, #212]
 172 00dc 3401000A 		beq	.L27
 173 00e0 020050E3 		cmp	r0, #2
 174 00e4 D8308DE5 		str	r3, [sp, #216]
 175 00e8 3101000A 		beq	.L27
 176 00ec 030050E3 		cmp	r0, #3
 177 00f0 DC308DE5 		str	r3, [sp, #220]
 178 00f4 2E01000A 		beq	.L27
 179 00f8 040050E3 		cmp	r0, #4
 180 00fc E0308DE5 		str	r3, [sp, #224]
 181 0100 2B01000A 		beq	.L27
 182              	.LEHB3:
 183 0104 FEFFFFEB 		bl	abort
 184              	.LEHE3:
 185              	.L18:
 186 0108 4E0F8DE2 		add	r0, sp, #312
 187              	.LEHB4:
 188 010c FEFFFFEB 		bl	_ZN6tflite5micro14GetTensorShapeEPK16TfLiteEvalTensor
 189              	.LEHE4:
 190 0110 000058E3 		cmp	r8, #0
 191 0114 1204000A 		beq	.L374
 192 0118 003098E5 		ldr	r3, [r8]
 193 011c 0610A0E1 		mov	r1, r6
 194 0120 460F8DE2 		add	r0, sp, #280
 195 0124 04308DE5 		str	r3, [sp, #4]
 196              	.LEHB5:
 197 0128 FEFFFFEB 		bl	_ZN6tflite5micro14GetTensorShapeEPK16TfLiteEvalTensor
 198              	.LEHE5:
 199 012c 0A10A0E1 		mov	r1, r10
 200 0130 010C8DE2 		add	r0, sp, #256
 201              	.LEHB6:
 202 0134 FEFFFFEB 		bl	_ZN6tflite5micro14GetTensorShapeEPK16TfLiteEvalTensor
 203              	.LEHE6:
 204 0138 00005AE3 		cmp	r10, #0
 205 013c 38B19DE5 		ldr	fp, [sp, #312]
 206 0140 00309A15 		ldrne	r3, [r10]
 207 0144 18419DE5 		ldr	r4, [sp, #280]
 208 0148 08A08D05 		streq	r10, [sp, #8]
 209 014c 08308D15 		strne	r3, [sp, #8]
 210 0150 04005BE1 		cmp	fp, r4
 211 0154 0704001A 		bne	.L125
 212 0158 00005BE3 		cmp	fp, #0
 213 015c C00100DA 		ble	.L126
 214 0160 05005BE3 		cmp	fp, #5
 215 0164 3C019DE5 		ldr	r0, [sp, #316]
 216 0168 1C119DE5 		ldr	r1, [sp, #284]
 217 016c B00100CA 		bgt	.L128
 218 0170 00005BE3 		cmp	fp, #0
 219 0174 E20300DA 		ble	.L129
 220 0178 010050E1 		cmp	r0, r1
 221 017c CA03001A 		bne	.L130
 222 0180 01005BE3 		cmp	fp, #1
 223 0184 1900000A 		beq	.L131
 224 0188 40119DE5 		ldr	r1, [sp, #320]
 225 018c 20319DE5 		ldr	r3, [sp, #288]
 226 0190 030051E1 		cmp	r1, r3
 227 0194 C403001A 		bne	.L130
 228 0198 02005BE3 		cmp	fp, #2
 229 019c 1300000A 		beq	.L131
 230 01a0 44119DE5 		ldr	r1, [sp, #324]
 231 01a4 24319DE5 		ldr	r3, [sp, #292]
 232 01a8 030051E1 		cmp	r1, r3
 233 01ac BE03001A 		bne	.L130
 234 01b0 03005BE3 		cmp	fp, #3
 235 01b4 0D00000A 		beq	.L131
 236 01b8 030054E3 		cmp	r4, #3
 237 01bc 48119DE5 		ldr	r1, [sp, #328]
 238 01c0 CF03000A 		beq	.L129
 239 01c4 28319DE5 		ldr	r3, [sp, #296]
 240 01c8 030051E1 		cmp	r1, r3
 241 01cc B603001A 		bne	.L130
 242 01d0 04005BE3 		cmp	fp, #4
 243 01d4 0500000A 		beq	.L131
 244 01d8 040054E3 		cmp	r4, #4
 245 01dc 4C319DE5 		ldr	r3, [sp, #332]
 246 01e0 C703000A 		beq	.L129
 247 01e4 2C119DE5 		ldr	r1, [sp, #300]
 248 01e8 030051E1 		cmp	r1, r3
 249 01ec AE03001A 		bne	.L130
 250              	.L131:
 251 01f0 00319DE5 		ldr	r3, [sp, #256]
 252 01f4 03005BE1 		cmp	fp, r3
 253 01f8 C303001A 		bne	.L135
 254              	.L137:
 255 01fc 05005BE3 		cmp	fp, #5
 256 0200 04119DE5 		ldr	r1, [sp, #260]
 257 0204 B60200CA 		bgt	.L138
 258 0208 010050E1 		cmp	r0, r1
 259 020c BD03001A 		bne	.L139
 260 0210 01005BE3 		cmp	fp, #1
 261 0214 150000DA 		ble	.L140
 262 0218 40119DE5 		ldr	r1, [sp, #320]
 263 021c 08319DE5 		ldr	r3, [sp, #264]
 264 0220 030051E1 		cmp	r1, r3
 265 0224 B703001A 		bne	.L139
 266 0228 02005BE3 		cmp	fp, #2
 267 022c 1100000A 		beq	.L301
 268 0230 44119DE5 		ldr	r1, [sp, #324]
 269 0234 0C319DE5 		ldr	r3, [sp, #268]
 270 0238 030051E1 		cmp	r1, r3
 271 023c B103001A 		bne	.L139
 272 0240 03005BE3 		cmp	fp, #3
 273 0244 0B00000A 		beq	.L301
 274 0248 48119DE5 		ldr	r1, [sp, #328]
 275 024c 10319DE5 		ldr	r3, [sp, #272]
 276 0250 030051E1 		cmp	r1, r3
 277 0254 AB03001A 		bne	.L139
 278 0258 04005BE3 		cmp	fp, #4
 279 025c 0500000A 		beq	.L301
 280 0260 14119DE5 		ldr	r1, [sp, #276]
 281 0264 4C319DE5 		ldr	r3, [sp, #332]
 282 0268 030051E1 		cmp	r1, r3
 283 026c A503001A 		bne	.L139
 284              	.L140:
 285 0270 00005BE3 		cmp	fp, #0
 286 0274 350300DA 		ble	.L202
 287              	.L301:
 288 0278 4F0F8DE2 		add	r0, sp, #316
 289              	.L145:
 290 027c 5031A0E7 		sbfx	r3, r0, #2, #1
 291 0280 033003E2 		and	r3, r3, #3
 292 0284 0B0053E1 		cmp	r3, fp
 293 0288 0B30A021 		movcs	r3, fp
 294 028c 08005BE3 		cmp	fp, #8
 295 0290 0B30A0D1 		movle	r3, fp
 296 0294 A00200CA 		bgt	.L375
 297              	.L150:
 298 0298 010053E3 		cmp	r3, #1
 299 029c 008090E5 		ldr	r8, [r0]
 300 02a0 7601000A 		beq	.L211
 301 02a4 041090E5 		ldr	r1, [r0, #4]
 302 02a8 020053E3 		cmp	r3, #2
 303 02ac 910808E0 		mul	r8, r1, r8
 304 02b0 7201000A 		beq	.L211
 305 02b4 081090E5 		ldr	r1, [r0, #8]
 306 02b8 030053E3 		cmp	r3, #3
 307 02bc 910808E0 		mul	r8, r1, r8
 308 02c0 6E01000A 		beq	.L211
 309 02c4 0C1090E5 		ldr	r1, [r0, #12]
 310 02c8 040053E3 		cmp	r3, #4
 311 02cc 910808E0 		mul	r8, r1, r8
 312 02d0 6A01000A 		beq	.L211
 313 02d4 101090E5 		ldr	r1, [r0, #16]
 314 02d8 050053E3 		cmp	r3, #5
 315 02dc 910808E0 		mul	r8, r1, r8
 316 02e0 6601000A 		beq	.L211
 317 02e4 141090E5 		ldr	r1, [r0, #20]
 318 02e8 060053E3 		cmp	r3, #6
 319 02ec 910808E0 		mul	r8, r1, r8
 320 02f0 6201000A 		beq	.L211
 321 02f4 181090E5 		ldr	r1, [r0, #24]
 322 02f8 070053E3 		cmp	r3, #7
 323 02fc 910808E0 		mul	r8, r1, r8
 324 0300 5E01000A 		beq	.L211
 325 0304 1C1090E5 		ldr	r1, [r0, #28]
 326 0308 08C0A0E3 		mov	ip, #8
 327 030c 910808E0 		mul	r8, r1, r8
 328              	.L152:
 329 0310 03005BE1 		cmp	fp, r3
 330 0314 2800000A 		beq	.L153
 331              	.L151:
 332 0318 03404BE0 		sub	r4, fp, r3
 333 031c 01E04BE2 		sub	lr, fp, #1
 334 0320 041044E2 		sub	r1, r4, #4
 335 0324 03E04EE0 		sub	lr, lr, r3
 336 0328 2111A0E1 		lsr	r1, r1, #2
 337 032c 02005EE3 		cmp	lr, #2
 338 0330 011081E2 		add	r1, r1, #1
 339 0334 0151A0E1 		lsl	r5, r1, #2
 340 0338 1200009A 		bls	.L154
 341 033c 033180E0 		add	r3, r0, r3, lsl #2
 342 0340 5100C0F2 		vmov.i32	q8, #1  @ v4si
 343 0344 00E0A0E3 		mov	lr, #0
 344              	.L156:
 345 0348 01E08EE2 		add	lr, lr, #1
 346 034c DF2A63F4 		vld1.64	{d18-d19}, [r3:64]
 347 0350 0E0051E1 		cmp	r1, lr
 348 0354 103083E2 		add	r3, r3, #16
 349 0358 F20960F2 		vmul.i32	q8, q8, q9
 350 035c F9FFFF8A 		bhi	.L156
 351 0360 050054E1 		cmp	r4, r5
 352 0364 05C08CE0 		add	ip, ip, r5
 353 0368 5020C0F2 		vmov.i32	q9, #0  @ v4si
 354 036c E248F0F2 		vext.32	q10, q8, q9, #2
 355 0370 F40960F2 		vmul.i32	q8, q8, q10
 356 0374 E224F0F2 		vext.32	q9, q8, q9, #1
 357 0378 F20960F2 		vmul.i32	q8, q8, q9
 358 037c 903B10EE 		vmov.32	r3, d16[0]
 359 0380 930808E0 		mul	r8, r3, r8
 360 0384 0C00000A 		beq	.L153
 361              	.L154:
 362 0388 0C1190E7 		ldr	r1, [r0, ip, lsl #2]
 363 038c 01308CE2 		add	r3, ip, #1
 364 0390 03005BE1 		cmp	fp, r3
 365 0394 0C31A0E1 		lsl	r3, ip, #2
 366 0398 910808E0 		mul	r8, r1, r8
 367 039c 060000DA 		ble	.L153
 368 03a0 030080E0 		add	r0, r0, r3
 369 03a4 02308CE2 		add	r3, ip, #2
 370 03a8 041090E5 		ldr	r1, [r0, #4]
 371 03ac 03005BE1 		cmp	fp, r3
 372 03b0 910808E0 		mul	r8, r1, r8
 373 03b4 083090C5 		ldrgt	r3, [r0, #8]
 374 03b8 930808C0 		mulgt	r8, r3, r8
 375              	.L153:
 376 03bc 000058E3 		cmp	r8, #0
 377 03c0 640000DA 		ble	.L161
 378 03c4 080058E3 		cmp	r8, #8
 379 03c8 5A0300DA 		ble	.L212
 380 03cc 093048E2 		sub	r3, r8, #9
 381 03d0 04209DE5 		ldr	r2, [sp, #4]
 382 03d4 0730C3E3 		bic	r3, r3, #7
 383 03d8 185087E2 		add	r5, r7, #24
 384 03dc 08A083E2 		add	r10, r3, #8
 385 03e0 08309DE5 		ldr	r3, [sp, #8]
 386 03e4 186082E2 		add	r6, r2, #24
 387 03e8 0090A0E3 		mov	r9, #0
 388 03ec 184083E2 		add	r4, r3, #24
 389              	.L160:
 390 03f0 067A55ED 		vldr.32	s15, [r5, #-24]
 391 03f4 089089E2 		add	r9, r9, #8
 392 03f8 060A16ED 		vldr.32	s0, [r6, #-24]
 393 03fc 00F0D6F5 		pld	[r6]
 394 0400 206086E2 		add	r6, r6, #32
 395 0404 00F0D5F5 		pld	[r5]
 396 0408 205085E2 		add	r5, r5, #32
 397 040c E70AF7EE 		vcvt.f64.f32	d16, s15
 398 0410 C00AB7EE 		vcvt.f64.f32	d0, s0
 399 0414 00F0D4F5 		pld	[r4]
 400 0418 204084E2 		add	r4, r4, #32
 401 041c 200B80EE 		vdiv.f64	d0, d0, d16
 402 0420 FEFFFFEB 		bl	floor
 403 0424 C00BB7EE 		vcvt.f32.f64	s0, d0
 404 0428 0E0A04ED 		vstr.32	s0, [r4, #-56]
 405 042c 0D7A55ED 		vldr.32	s15, [r5, #-52]
 406 0430 0D0A16ED 		vldr.32	s0, [r6, #-52]
 407 0434 E70AF7EE 		vcvt.f64.f32	d16, s15
 408 0438 C00AB7EE 		vcvt.f64.f32	d0, s0
 409 043c 200B80EE 		vdiv.f64	d0, d0, d16
 410 0440 FEFFFFEB 		bl	floor
 411 0444 C00BB7EE 		vcvt.f32.f64	s0, d0
 412 0448 0D0A04ED 		vstr.32	s0, [r4, #-52]
 413 044c 0C7A55ED 		vldr.32	s15, [r5, #-48]
 414 0450 0C0A16ED 		vldr.32	s0, [r6, #-48]
 415 0454 E70AF7EE 		vcvt.f64.f32	d16, s15
 416 0458 C00AB7EE 		vcvt.f64.f32	d0, s0
 417 045c 200B80EE 		vdiv.f64	d0, d0, d16
 418 0460 FEFFFFEB 		bl	floor
 419 0464 C00BB7EE 		vcvt.f32.f64	s0, d0
 420 0468 0C0A04ED 		vstr.32	s0, [r4, #-48]
 421 046c 0B7A55ED 		vldr.32	s15, [r5, #-44]
 422 0470 0B0A16ED 		vldr.32	s0, [r6, #-44]
 423 0474 E70AF7EE 		vcvt.f64.f32	d16, s15
 424 0478 C00AB7EE 		vcvt.f64.f32	d0, s0
 425 047c 200B80EE 		vdiv.f64	d0, d0, d16
 426 0480 FEFFFFEB 		bl	floor
 427 0484 C00BB7EE 		vcvt.f32.f64	s0, d0
 428 0488 0B0A04ED 		vstr.32	s0, [r4, #-44]
 429 048c 0A7A55ED 		vldr.32	s15, [r5, #-40]
 430 0490 0A0A16ED 		vldr.32	s0, [r6, #-40]
 431 0494 E70AF7EE 		vcvt.f64.f32	d16, s15
 432 0498 C00AB7EE 		vcvt.f64.f32	d0, s0
 433 049c 200B80EE 		vdiv.f64	d0, d0, d16
 434 04a0 FEFFFFEB 		bl	floor
 435 04a4 C00BB7EE 		vcvt.f32.f64	s0, d0
 436 04a8 0A0A04ED 		vstr.32	s0, [r4, #-40]
 437 04ac 097A55ED 		vldr.32	s15, [r5, #-36]
 438 04b0 090A16ED 		vldr.32	s0, [r6, #-36]
 439 04b4 E70AF7EE 		vcvt.f64.f32	d16, s15
 440 04b8 C00AB7EE 		vcvt.f64.f32	d0, s0
 441 04bc 200B80EE 		vdiv.f64	d0, d0, d16
 442 04c0 FEFFFFEB 		bl	floor
 443 04c4 C00BB7EE 		vcvt.f32.f64	s0, d0
 444 04c8 090A04ED 		vstr.32	s0, [r4, #-36]
 445 04cc 087A55ED 		vldr.32	s15, [r5, #-32]
 446 04d0 080A16ED 		vldr.32	s0, [r6, #-32]
 447 04d4 E70AF7EE 		vcvt.f64.f32	d16, s15
 448 04d8 C00AB7EE 		vcvt.f64.f32	d0, s0
 449 04dc 200B80EE 		vdiv.f64	d0, d0, d16
 450 04e0 FEFFFFEB 		bl	floor
 451 04e4 C00BB7EE 		vcvt.f32.f64	s0, d0
 452 04e8 080A04ED 		vstr.32	s0, [r4, #-32]
 453 04ec 077A55ED 		vldr.32	s15, [r5, #-28]
 454 04f0 070A16ED 		vldr.32	s0, [r6, #-28]
 455 04f4 E70AF7EE 		vcvt.f64.f32	d16, s15
 456 04f8 C00AB7EE 		vcvt.f64.f32	d0, s0
 457 04fc 200B80EE 		vdiv.f64	d0, d0, d16
 458 0500 FEFFFFEB 		bl	floor
 459 0504 C00BB7EE 		vcvt.f32.f64	s0, d0
 460 0508 0A0059E1 		cmp	r9, r10
 461 050c 070A04ED 		vstr.32	s0, [r4, #-28]
 462 0510 B6FFFF1A 		bne	.L160
 463              	.L146:
 464 0514 04309DE5 		ldr	r3, [sp, #4]
 465 0518 0911A0E1 		lsl	r1, r9, #2
 466 051c 017087E0 		add	r7, r7, r1
 467 0520 014083E0 		add	r4, r3, r1
 468 0524 08309DE5 		ldr	r3, [sp, #8]
 469 0528 01A083E0 		add	r10, r3, r1
 470              	.L162:
 471 052c 017AF7EC 		vldmia.32	r7!, {s15}
 472 0530 019089E2 		add	r9, r9, #1
 473 0534 010AB4EC 		vldmia.32	r4!, {s0}
 474 0538 E70AF7EE 		vcvt.f64.f32	d16, s15
 475 053c C00AB7EE 		vcvt.f64.f32	d0, s0
 476 0540 200B80EE 		vdiv.f64	d0, d0, d16
 477 0544 FEFFFFEB 		bl	floor
 478 0548 C00BB7EE 		vcvt.f32.f64	s0, d0
 479 054c 080059E1 		cmp	r9, r8
 480 0550 010AAAEC 		vstmia.32	r10!, {s0}
 481 0554 F4FFFFBA 		blt	.L162
 482              	.L161:
 483 0558 05005BE3 		cmp	fp, #5
 484 055c 0A0000DA 		ble	.L164
 485 0560 04019DE5 		ldr	r0, [sp, #260]
 486 0564 000050E3 		cmp	r0, #0
 487 0568 0300000A 		beq	.L179
 488 056c FEFFFFEB 		bl	_ZdaPv
 489 0570 18319DE5 		ldr	r3, [sp, #280]
 490 0574 050053E3 		cmp	r3, #5
 491 0578 030000DA 		ble	.L164
 492              	.L179:
 493 057c 1C019DE5 		ldr	r0, [sp, #284]
 494 0580 000050E3 		cmp	r0, #0
 495 0584 0000000A 		beq	.L164
 496 0588 FEFFFFEB 		bl	_ZdaPv
 497              	.L164:
 498 058c 38319DE5 		ldr	r3, [sp, #312]
 499 0590 050053E3 		cmp	r3, #5
 500 0594 030000DA 		ble	.L165
 501 0598 3C019DE5 		ldr	r0, [sp, #316]
 502 059c 000050E3 		cmp	r0, #0
 503 05a0 0000000A 		beq	.L165
 504              	.L362:
 505 05a4 FEFFFFEB 		bl	_ZdaPv
 506              	.L165:
 507 05a8 0000A0E3 		mov	r0, #0
 508 05ac 57DF8DE2 		add	sp, sp, #348
 509              		@ sp needed
 510 05b0 F08FBDE8 		pop	{r4, r5, r6, r7, r8, r9, r10, fp, pc}
 511              	.L27:
 512 05b4 D4308DE2 		add	r3, sp, #212
 513 05b8 0221A0E1 		lsl	r2, r2, #2
 514 05bc 000183E0 		add	r0, r3, r0, lsl #2
 515 05c0 8C108DE2 		add	r1, sp, #140
 516 05c4 FEFFFFEB 		bl	memcpy
 517 05c8 040076E2 		rsbs	r0, r6, #4
 518 05cc 0430A0E3 		mov	r3, #4
 519 05d0 E8308DE5 		str	r3, [sp, #232]
 520 05d4 0D00000A 		beq	.L25
 521 05d8 010050E3 		cmp	r0, #1
 522 05dc 0130A0E3 		mov	r3, #1
 523 05e0 EC308DE5 		str	r3, [sp, #236]
 524 05e4 0900000A 		beq	.L25
 525 05e8 020050E3 		cmp	r0, #2
 526 05ec F0308DE5 		str	r3, [sp, #240]
 527 05f0 0600000A 		beq	.L25
 528 05f4 030050E3 		cmp	r0, #3
 529 05f8 F4308DE5 		str	r3, [sp, #244]
 530 05fc 0300000A 		beq	.L25
 531 0600 040050E3 		cmp	r0, #4
 532 0604 F8308DE5 		str	r3, [sp, #248]
 533 0608 0000000A 		beq	.L25
 534              	.LEHB7:
 535 060c FEFFFFEB 		bl	abort
 536              	.LEHE7:
 537              	.L25:
 538 0610 EC308DE2 		add	r3, sp, #236
 539 0614 0621A0E1 		lsl	r2, r6, #2
 540 0618 000183E0 		add	r0, r3, r0, lsl #2
 541 061c BC108DE2 		add	r1, sp, #188
 542 0620 FEFFFFEB 		bl	memcpy
 543 0624 040074E2 		rsbs	r0, r4, #4
 544 0628 0430A0E3 		mov	r3, #4
 545 062c 00318DE5 		str	r3, [sp, #256]
 546 0630 0D00000A 		beq	.L29
 547 0634 010050E3 		cmp	r0, #1
 548 0638 0130A0E3 		mov	r3, #1
 549 063c 04318DE5 		str	r3, [sp, #260]
 550 0640 0900000A 		beq	.L29
 551 0644 020050E3 		cmp	r0, #2
 552 0648 08318DE5 		str	r3, [sp, #264]
 553 064c 0600000A 		beq	.L29
 554 0650 030050E3 		cmp	r0, #3
 555 0654 0C318DE5 		str	r3, [sp, #268]
 556 0658 0300000A 		beq	.L29
 557 065c 040050E3 		cmp	r0, #4
 558 0660 10318DE5 		str	r3, [sp, #272]
 559 0664 0000000A 		beq	.L29
 560              	.LEHB8:
 561 0668 FEFFFFEB 		bl	abort
 562              	.LEHE8:
 563              	.L29:
 564 066c 413F8DE2 		add	r3, sp, #260
 565 0670 0421A0E1 		lsl	r2, r4, #2
 566 0674 000183E0 		add	r0, r3, r0, lsl #2
 567 0678 A4108DE2 		add	r1, sp, #164
 568 067c FEFFFFEB 		bl	memcpy
 569 0680 E8409DE5 		ldr	r4, [sp, #232]
 570 0684 EC309DE5 		ldr	r3, [sp, #236]
 571 0688 050054E3 		cmp	r4, #5
 572 068c 580000CA 		bgt	.L376
 573 0690 030054E3 		cmp	r4, #3
 574 0694 9D0200DA 		ble	.L39
 575 0698 F8109DE5 		ldr	r1, [sp, #248]
 576 069c 01E0A0E3 		mov	lr, #1
 577 06a0 F4C09DE5 		ldr	ip, [sp, #244]
 578 06a4 F0209DE5 		ldr	r2, [sp, #240]
 579 06a8 18318DE5 		str	r3, [sp, #280]
 580 06ac 24118DE5 		str	r1, [sp, #292]
 581 06b0 9C0100E0 		mul	r0, ip, r1
 582 06b4 1C218DE5 		str	r2, [sp, #284]
 583 06b8 30118DE5 		str	r1, [sp, #304]
 584 06bc 20C18DE5 		str	ip, [sp, #288]
 585 06c0 34E18DE5 		str	lr, [sp, #308]
 586 06c4 920002E0 		mul	r2, r2, r0
 587 06c8 2C018DE5 		str	r0, [sp, #300]
 588 06cc 28218DE5 		str	r2, [sp, #296]
 589              	.L40:
 590 06d0 00619DE5 		ldr	r6, [sp, #256]
 591 06d4 04019DE5 		ldr	r0, [sp, #260]
 592 06d8 050056E3 		cmp	r6, #5
 593 06dc 690000CA 		bgt	.L41
 594 06e0 030056E3 		cmp	r6, #3
 595 06e4 A10200DA 		ble	.L42
 596 06e8 10219DE5 		ldr	r2, [sp, #272]
 597 06ec 0170A0E3 		mov	r7, #1
 598 06f0 0C119DE5 		ldr	r1, [sp, #268]
 599 06f4 050054E3 		cmp	r4, #5
 600 06f8 08C19DE5 		ldr	ip, [sp, #264]
 601 06fc 54718DE5 		str	r7, [sp, #340]
 602 0700 38018DE5 		str	r0, [sp, #312]
 603 0704 91020EE0 		mul	lr, r1, r2
 604 0708 44218DE5 		str	r2, [sp, #324]
 605 070c 50218DE5 		str	r2, [sp, #336]
 606 0710 40118DE5 		str	r1, [sp, #320]
 607 0714 3CC18DE5 		str	ip, [sp, #316]
 608 0718 9C0E07E0 		mul	r7, ip, lr
 609 071c 4CE18DE5 		str	lr, [sp, #332]
 610 0720 48718DE5 		str	r7, [sp, #328]
 611 0724 810100CA 		bgt	.L377
 612 0728 000054E3 		cmp	r4, #0
 613 072c 8E0200DA 		ble	.L47
 614 0730 030050E1 		cmp	r0, r3
 615 0734 0600000A 		beq	.L48
 616 0738 010053E3 		cmp	r3, #1
 617 073c D501000A 		beq	.L49
 618 0740 010050E3 		cmp	r0, #1
 619 0744 7F02001A 		bne	.L50
 620 0748 0000A0E3 		mov	r0, #0
 621 074c 38318DE5 		str	r3, [sp, #312]
 622 0750 48018DE5 		str	r0, [sp, #328]
 623              	.L48:
 624 0754 010054E3 		cmp	r4, #1
 625 0758 8302000A 		beq	.L47
 626 075c F0309DE5 		ldr	r3, [sp, #240]
 627 0760 03005CE1 		cmp	ip, r3
 628 0764 0600000A 		beq	.L52
 629 0768 010053E3 		cmp	r3, #1
 630 076c C501000A 		beq	.L51
 631 0770 01005CE3 		cmp	ip, #1
 632 0774 7302001A 		bne	.L50
 633 0778 0000A0E3 		mov	r0, #0
 634 077c 3C318DE5 		str	r3, [sp, #316]
 635 0780 4C018DE5 		str	r0, [sp, #332]
 636              	.L52:
 637 0784 020054E3 		cmp	r4, #2
 638 0788 7702000A 		beq	.L47
 639 078c F4309DE5 		ldr	r3, [sp, #244]
 640 0790 030051E1 		cmp	r1, r3
 641 0794 0600000A 		beq	.L54
 642 0798 010053E3 		cmp	r3, #1
 643 079c B501000A 		beq	.L53
 644 07a0 010051E3 		cmp	r1, #1
 645 07a4 6702001A 		bne	.L50
 646 07a8 0010A0E3 		mov	r1, #0
 647 07ac 40318DE5 		str	r3, [sp, #320]
 648 07b0 50118DE5 		str	r1, [sp, #336]
 649              	.L54:
 650 07b4 030054E3 		cmp	r4, #3
 651 07b8 6B02000A 		beq	.L47
 652 07bc F8309DE5 		ldr	r3, [sp, #248]
 653 07c0 030052E1 		cmp	r2, r3
 654 07c4 8200000A 		beq	.L177
 655              	.L364:
 656 07c8 010053E3 		cmp	r3, #1
 657 07cc DB01000A 		beq	.L65
 658 07d0 010052E3 		cmp	r2, #1
 659 07d4 5B02001A 		bne	.L50
 660 07d8 0020A0E3 		mov	r2, #0
 661 07dc 44318DE5 		str	r3, [sp, #324]
 662 07e0 54218DE5 		str	r2, [sp, #340]
 663 07e4 7A0000EA 		b	.L177
 664              	.L192:
 665 07e8 0100A0E3 		mov	r0, #1
 666 07ec 57DF8DE2 		add	sp, sp, #348
 667              		@ sp needed
 668 07f0 F08FBDE8 		pop	{r4, r5, r6, r7, r8, r9, r10, fp, pc}
 669              	.L376:
 670 07f4 080093E5 		ldr	r0, [r3, #8]
 671 07f8 01C0A0E3 		mov	ip, #1
 672 07fc 0C2093E5 		ldr	r2, [r3, #12]
 673 0800 041093E5 		ldr	r1, [r3, #4]
 674 0804 20018DE5 		str	r0, [sp, #288]
 675 0808 24218DE5 		str	r2, [sp, #292]
 676 080c 30218DE5 		str	r2, [sp, #304]
 677 0810 900202E0 		mul	r2, r0, r2
 678 0814 000093E5 		ldr	r0, [r3]
 679 0818 1C118DE5 		str	r1, [sp, #284]
 680 081c 34C18DE5 		str	ip, [sp, #308]
 681 0820 910201E0 		mul	r1, r1, r2
 682 0824 2C218DE5 		str	r2, [sp, #300]
 683 0828 18018DE5 		str	r0, [sp, #280]
 684 082c 28118DE5 		str	r1, [sp, #296]
 685 0830 A6FFFFEA 		b	.L40
 686              	.L128:
 687 0834 040040E2 		sub	r0, r0, #4
 688 0838 041041E2 		sub	r1, r1, #4
 689 083c 0030A0E3 		mov	r3, #0
 690              	.L134:
 691 0840 040053E1 		cmp	r3, r4
 692 0844 04C0B0E5 		ldr	ip, [r0, #4]!
 693 0848 2D0200AA 		bge	.L129
 694 084c 0420B1E5 		ldr	r2, [r1, #4]!
 695 0850 02005CE1 		cmp	ip, r2
 696 0854 1402001A 		bne	.L130
 697 0858 013083E2 		add	r3, r3, #1
 698 085c 03005BE1 		cmp	fp, r3
 699 0860 F6FFFF1A 		bne	.L134
 700              	.L126:
 701 0864 00319DE5 		ldr	r3, [sp, #256]
 702 0868 03005BE1 		cmp	fp, r3
 703 086c 2602001A 		bne	.L135
 704 0870 00005BE3 		cmp	fp, #0
 705 0874 350200DA 		ble	.L136
 706 0878 3C019DE5 		ldr	r0, [sp, #316]
 707 087c 5EFEFFEA 		b	.L137
 708              	.L211:
 709 0880 03C0A0E1 		mov	ip, r3
 710 0884 A1FEFFEA 		b	.L152
 711              	.L41:
 712 0888 08C090E5 		ldr	ip, [r0, #8]
 713 088c 050054E3 		cmp	r4, #5
 714 0890 0C2090E5 		ldr	r2, [r0, #12]
 715 0894 01E0A0E3 		mov	lr, #1
 716 0898 041090E5 		ldr	r1, [r0, #4]
 717 089c 40C18DE5 		str	ip, [sp, #320]
 718 08a0 44218DE5 		str	r2, [sp, #324]
 719 08a4 50218DE5 		str	r2, [sp, #336]
 720 08a8 9C0202E0 		mul	r2, ip, r2
 721 08ac 00C090E5 		ldr	ip, [r0]
 722 08b0 3C118DE5 		str	r1, [sp, #316]
 723 08b4 54E18DE5 		str	lr, [sp, #340]
 724 08b8 910201E0 		mul	r1, r1, r2
 725 08bc 4C218DE5 		str	r2, [sp, #332]
 726 08c0 38C18DE5 		str	ip, [sp, #312]
 727 08c4 48118DE5 		str	r1, [sp, #328]
 728 08c8 760100CA 		bgt	.L378
 729 08cc 000054E3 		cmp	r4, #0
 730 08d0 250200DA 		ble	.L47
 731 08d4 002090E5 		ldr	r2, [r0]
 732 08d8 020053E1 		cmp	r3, r2
 733 08dc 0900000A 		beq	.L66
 734 08e0 010053E3 		cmp	r3, #1
 735 08e4 0030A003 		moveq	r3, #0
 736 08e8 18218D05 		streq	r2, [sp, #280]
 737 08ec 28318D05 		streq	r3, [sp, #296]
 738 08f0 0400000A 		beq	.L66
 739 08f4 010052E3 		cmp	r2, #1
 740 08f8 1202001A 		bne	.L50
 741 08fc 0020A0E3 		mov	r2, #0
 742 0900 38318DE5 		str	r3, [sp, #312]
 743 0904 48218DE5 		str	r2, [sp, #328]
 744              	.L66:
 745 0908 010054E3 		cmp	r4, #1
 746 090c 1602000A 		beq	.L47
 747 0910 F0309DE5 		ldr	r3, [sp, #240]
 748 0914 042090E5 		ldr	r2, [r0, #4]
 749 0918 030052E1 		cmp	r2, r3
 750 091c 0900000A 		beq	.L69
 751 0920 010053E3 		cmp	r3, #1
 752 0924 0030A003 		moveq	r3, #0
 753 0928 1C218D05 		streq	r2, [sp, #284]
 754 092c 2C318D05 		streq	r3, [sp, #300]
 755 0930 0400000A 		beq	.L69
 756 0934 010052E3 		cmp	r2, #1
 757 0938 0202001A 		bne	.L50
 758 093c 0020A0E3 		mov	r2, #0
 759 0940 3C318DE5 		str	r3, [sp, #316]
 760 0944 4C218DE5 		str	r2, [sp, #332]
 761              	.L69:
 762 0948 020054E3 		cmp	r4, #2
 763 094c 0602000A 		beq	.L47
 764 0950 F4309DE5 		ldr	r3, [sp, #244]
 765 0954 082090E5 		ldr	r2, [r0, #8]
 766 0958 030052E1 		cmp	r2, r3
 767 095c 0900000A 		beq	.L71
 768 0960 010053E3 		cmp	r3, #1
 769 0964 0030A003 		moveq	r3, #0
 770 0968 20218D05 		streq	r2, [sp, #288]
 771 096c 30318D05 		streq	r3, [sp, #304]
 772 0970 0400000A 		beq	.L71
 773 0974 010052E3 		cmp	r2, #1
 774 0978 F201001A 		bne	.L50
 775 097c 0020A0E3 		mov	r2, #0
 776 0980 40318DE5 		str	r3, [sp, #320]
 777 0984 50218DE5 		str	r2, [sp, #336]
 778              	.L71:
 779 0988 030054E3 		cmp	r4, #3
 780 098c F601000A 		beq	.L47
 781 0990 F8309DE5 		ldr	r3, [sp, #248]
 782 0994 0C2090E5 		ldr	r2, [r0, #12]
 783 0998 030052E1 		cmp	r2, r3
 784 099c 0900000A 		beq	.L74
 785              	.L81:
 786 09a0 010053E3 		cmp	r3, #1
 787 09a4 0030A003 		moveq	r3, #0
 788 09a8 24218D05 		streq	r2, [sp, #292]
 789 09ac 34318D05 		streq	r3, [sp, #308]
 790 09b0 0400000A 		beq	.L74
 791 09b4 010052E3 		cmp	r2, #1
 792 09b8 0020A003 		moveq	r2, #0
 793 09bc 44318D05 		streq	r3, [sp, #324]
 794 09c0 54218D05 		streq	r2, [sp, #340]
 795 09c4 DF01001A 		bne	.L50
 796              	.L74:
 797 09c8 000050E3 		cmp	r0, #0
 798 09cc 0000000A 		beq	.L177
 799 09d0 FEFFFFEB 		bl	_ZdaPv
 800              	.L177:
 801 09d4 050054E3 		cmp	r4, #5
 802 09d8 030000DA 		ble	.L85
 803 09dc EC009DE5 		ldr	r0, [sp, #236]
 804 09e0 000050E3 		cmp	r0, #0
 805 09e4 0000000A 		beq	.L85
 806 09e8 FEFFFFEB 		bl	_ZdaPv
 807              	.L85:
 808 09ec D0309DE5 		ldr	r3, [sp, #208]
 809 09f0 000053E3 		cmp	r3, #0
 810 09f4 08308DE5 		str	r3, [sp, #8]
 811 09f8 D30100DA 		ble	.L86
 812 09fc D8309DE5 		ldr	r3, [sp, #216]
 813 0a00 0080A0E3 		mov	r8, #0
 814 0a04 E0909DE5 		ldr	r9, [sp, #224]
 815 0a08 28119DE5 		ldr	r1, [sp, #296]
 816 0a0c 03C0A0E1 		mov	ip, r3
 817 0a10 10308DE5 		str	r3, [sp, #16]
 818 0a14 DC309DE5 		ldr	r3, [sp, #220]
 819 0a18 48E19DE5 		ldr	lr, [sp, #328]
 820 0a1c 2C419DE5 		ldr	r4, [sp, #300]
 821 0a20 0300A0E1 		mov	r0, r3
 822 0a24 0C308DE5 		str	r3, [sp, #12]
 823 0a28 34319DE5 		ldr	r3, [sp, #308]
 824 0a2c 900C02E0 		mul	r2, r0, ip
 825 0a30 09C1A0E1 		lsl	ip, r9, #2
 826 0a34 68508DE5 		str	r5, [sp, #104]
 827 0a38 4C519DE5 		ldr	r5, [sp, #332]
 828 0a3c 990000E0 		mul	r0, r9, r0
 829 0a40 58C08DE5 		str	ip, [sp, #88]
 830 0a44 83C083E0 		add	ip, r3, r3, lsl #1
 831 0a48 0331A0E1 		lsl	r3, r3, #2
 832 0a4c 6CA08DE5 		str	r10, [sp, #108]
 833 0a50 0221A0E1 		lsl	r2, r2, #2
 834 0a54 34308DE5 		str	r3, [sp, #52]
 835 0a58 0CC1A0E1 		lsl	ip, ip, #2
 836 0a5c D4309DE5 		ldr	r3, [sp, #212]
 837 0a60 990202E0 		mul	r2, r9, r2
 838 0a64 30A19DE5 		ldr	r10, [sp, #304]
 839 0a68 50719DE5 		ldr	r7, [sp, #336]
 840 0a6c 04308DE5 		str	r3, [sp, #4]
 841 0a70 0131A0E1 		lsl	r3, r1, #2
 842 0a74 54619DE5 		ldr	r6, [sp, #340]
 843 0a78 7C308DE5 		str	r3, [sp, #124]
 844 0a7c 0E31A0E1 		lsl	r3, lr, #2
 845 0a80 84208DE5 		str	r2, [sp, #132]
 846 0a84 0021A0E1 		lsl	r2, r0, #2
 847 0a88 80308DE5 		str	r3, [sp, #128]
 848 0a8c 0431A0E1 		lsl	r3, r4, #2
 849 0a90 3CC08DE5 		str	ip, [sp, #60]
 850 0a94 70308DE5 		str	r3, [sp, #112]
 851 0a98 0531A0E1 		lsl	r3, r5, #2
 852 0a9c 78208DE5 		str	r2, [sp, #120]
 853 0aa0 74308DE5 		str	r3, [sp, #116]
 854 0aa4 0A31A0E1 		lsl	r3, r10, #2
 855 0aa8 50308DE5 		str	r3, [sp, #80]
 856 0aac 0731A0E1 		lsl	r3, r7, #2
 857 0ab0 54308DE5 		str	r3, [sp, #84]
 858 0ab4 0631A0E1 		lsl	r3, r6, #2
 859 0ab8 38308DE5 		str	r3, [sp, #56]
 860 0abc 18319DE5 		ldr	r3, [sp, #280]
 861 0ac0 14308DE5 		str	r3, [sp, #20]
 862 0ac4 1C319DE5 		ldr	r3, [sp, #284]
 863 0ac8 18308DE5 		str	r3, [sp, #24]
 864 0acc 20319DE5 		ldr	r3, [sp, #288]
 865 0ad0 1C308DE5 		str	r3, [sp, #28]
 866 0ad4 24319DE5 		ldr	r3, [sp, #292]
 867 0ad8 20308DE5 		str	r3, [sp, #32]
 868 0adc 38319DE5 		ldr	r3, [sp, #312]
 869 0ae0 24308DE5 		str	r3, [sp, #36]
 870 0ae4 3C319DE5 		ldr	r3, [sp, #316]
 871 0ae8 28308DE5 		str	r3, [sp, #40]
 872 0aec 40319DE5 		ldr	r3, [sp, #320]
 873 0af0 2C308DE5 		str	r3, [sp, #44]
 874 0af4 44319DE5 		ldr	r3, [sp, #324]
 875 0af8 30308DE5 		str	r3, [sp, #48]
 876              	.L87:
 877 0afc 08309DE5 		ldr	r3, [sp, #8]
 878 0b00 050053E3 		cmp	r3, #5
 879 0b04 04309DE5 		ldr	r3, [sp, #4]
 880 0b08 003093C5 		ldrgt	r3, [r3]
 881 0b0c 080053E1 		cmp	r3, r8
 882 0b10 08309DE5 		ldr	r3, [sp, #8]
 883 0b14 480100DA 		ble	.L93
 884 0b18 010053E3 		cmp	r3, #1
 885 0b1c 7C01000A 		beq	.L379
 886 0b20 6C309DE5 		ldr	r3, [sp, #108]
 887 0b24 00B0A0E3 		mov	fp, #0
 888 0b28 64308DE5 		str	r3, [sp, #100]
 889 0b2c 4C309DE5 		ldr	r3, [sp, #76]
 890 0b30 60308DE5 		str	r3, [sp, #96]
 891 0b34 68309DE5 		ldr	r3, [sp, #104]
 892 0b38 5C308DE5 		str	r3, [sp, #92]
 893              	.L94:
 894 0b3c 08309DE5 		ldr	r3, [sp, #8]
 895 0b40 050053E3 		cmp	r3, #5
 896 0b44 04309DC5 		ldrgt	r3, [sp, #4]
 897 0b48 10309DD5 		ldrle	r3, [sp, #16]
 898 0b4c 043093C5 		ldrgt	r3, [r3, #4]
 899 0b50 0B0053E1 		cmp	r3, fp
 900 0b54 2A0100DA 		ble	.L96
 901 0b58 08309DE5 		ldr	r3, [sp, #8]
 902 0b5c 020053E3 		cmp	r3, #2
 903 0b60 7601000A 		beq	.L380
 904 0b64 64309DE5 		ldr	r3, [sp, #100]
 905 0b68 0060A0E3 		mov	r6, #0
 906 0b6c 48308DE5 		str	r3, [sp, #72]
 907 0b70 60309DE5 		ldr	r3, [sp, #96]
 908 0b74 44308DE5 		str	r3, [sp, #68]
 909 0b78 5C309DE5 		ldr	r3, [sp, #92]
 910 0b7c 40308DE5 		str	r3, [sp, #64]
 911              	.L97:
 912 0b80 08309DE5 		ldr	r3, [sp, #8]
 913 0b84 050053E3 		cmp	r3, #5
 914 0b88 04309DC5 		ldrgt	r3, [sp, #4]
 915 0b8c 0C309DD5 		ldrle	r3, [sp, #12]
 916 0b90 083093C5 		ldrgt	r3, [r3, #8]
 917 0b94 060053E1 		cmp	r3, r6
 918 0b98 FB0000DA 		ble	.L99
 919 0b9c 08309DE5 		ldr	r3, [sp, #8]
 920 0ba0 030053E3 		cmp	r3, #3
 921 0ba4 0901000A 		beq	.L381
 922 0ba8 050053E3 		cmp	r3, #5
 923 0bac 40508DE2 		add	r5, sp, #64
 924 0bb0 A00495E8 		ldm	r5, {r5, r7, r10}
 925 0bb4 0040A0E3 		mov	r4, #0
 926 0bb8 350000DA 		ble	.L200
 927 0bbc 450000EA 		b	.L382
 928              	.L396:
 929 0bc0 08309DE5 		ldr	r3, [sp, #8]
 930 0bc4 040053E3 		cmp	r3, #4
 931 0bc8 FD00001A 		bne	.L383
 932 0bcc 04309DE5 		ldr	r3, [sp, #4]
 933 0bd0 080053E1 		cmp	r3, r8
 934 0bd4 EB0000DA 		ble	.L384
 935 0bd8 10309DE5 		ldr	r3, [sp, #16]
 936 0bdc 0B0053E1 		cmp	r3, fp
 937 0be0 E70000DA 		ble	.L385
 938 0be4 0C309DE5 		ldr	r3, [sp, #12]
 939 0be8 060053E1 		cmp	r3, r6
 940 0bec E30000DA 		ble	.L386
 941 0bf0 040059E1 		cmp	r9, r4
 942 0bf4 E00000DA 		ble	.L387
 943 0bf8 14309DE5 		ldr	r3, [sp, #20]
 944 0bfc 080053E1 		cmp	r3, r8
 945 0c00 DC0000DA 		ble	.L388
 946 0c04 18309DE5 		ldr	r3, [sp, #24]
 947 0c08 0B0053E1 		cmp	r3, fp
 948 0c0c D80000DA 		ble	.L389
 949 0c10 1C309DE5 		ldr	r3, [sp, #28]
 950 0c14 060053E1 		cmp	r3, r6
 951 0c18 D20000DA 		ble	.L390
 952 0c1c 20309DE5 		ldr	r3, [sp, #32]
 953 0c20 040053E1 		cmp	r3, r4
 954 0c24 CE0000DA 		ble	.L391
 955 0c28 24309DE5 		ldr	r3, [sp, #36]
 956 0c2c 080053E1 		cmp	r3, r8
 957 0c30 CA0000DA 		ble	.L392
 958 0c34 28309DE5 		ldr	r3, [sp, #40]
 959 0c38 0B0053E1 		cmp	r3, fp
 960 0c3c C60000DA 		ble	.L393
 961 0c40 2C309DE5 		ldr	r3, [sp, #44]
 962 0c44 060053E1 		cmp	r3, r6
 963 0c48 C80000DA 		ble	.L394
 964 0c4c 30309DE5 		ldr	r3, [sp, #48]
 965 0c50 040053E1 		cmp	r3, r4
 966 0c54 C40000DA 		ble	.L395
 967 0c58 007AD7ED 		vldr.32	s15, [r7]
 968 0c5c 014084E2 		add	r4, r4, #1
 969 0c60 000A95ED 		vldr.32	s0, [r5]
 970 0c64 38309DE5 		ldr	r3, [sp, #56]
 971 0c68 E70AF7EE 		vcvt.f64.f32	d16, s15
 972 0c6c 037087E0 		add	r7, r7, r3
 973 0c70 3C309DE5 		ldr	r3, [sp, #60]
 974 0c74 C00AB7EE 		vcvt.f64.f32	d0, s0
 975 0c78 05F0D3F7 		pld	[r3, r5]
 976 0c7c 34309DE5 		ldr	r3, [sp, #52]
 977 0c80 200B80EE 		vdiv.f64	d0, d0, d16
 978 0c84 035085E0 		add	r5, r5, r3
 979 0c88 FEFFFFEB 		bl	floor
 980 0c8c C00BB7EE 		vcvt.f32.f64	s0, d0
 981 0c90 010AAAEC 		vstmia.32	r10!, {s0}
 982              	.L200:
 983 0c94 09C0A0E1 		mov	ip, r9
 984              	.L101:
 985 0c98 04005CE1 		cmp	ip, r4
 986 0c9c C7FFFFCA 		bgt	.L396
 987 0ca0 40309DE5 		ldr	r3, [sp, #64]
 988 0ca4 016086E2 		add	r6, r6, #1
 989 0ca8 50209DE5 		ldr	r2, [sp, #80]
 990 0cac 023083E0 		add	r3, r3, r2
 991 0cb0 54209DE5 		ldr	r2, [sp, #84]
 992 0cb4 40308DE5 		str	r3, [sp, #64]
 993 0cb8 44309DE5 		ldr	r3, [sp, #68]
 994 0cbc 023083E0 		add	r3, r3, r2
 995 0cc0 58209DE5 		ldr	r2, [sp, #88]
 996 0cc4 44308DE5 		str	r3, [sp, #68]
 997 0cc8 48309DE5 		ldr	r3, [sp, #72]
 998 0ccc 023083E0 		add	r3, r3, r2
 999 0cd0 48308DE5 		str	r3, [sp, #72]
 1000 0cd4 A9FFFFEA 		b	.L97
 1001              	.L382:
 1002 0cd8 04309DE5 		ldr	r3, [sp, #4]
 1003 0cdc 0CC093E5 		ldr	ip, [r3, #12]
 1004 0ce0 ECFFFFEA 		b	.L101
 1005              	.L138:
 1006 0ce4 041041E2 		sub	r1, r1, #4
 1007 0ce8 04C040E2 		sub	ip, r0, #4
 1008 0cec 0030A0E3 		mov	r3, #0
 1009 0cf0 050000EA 		b	.L144
 1010              	.L141:
 1011 0cf4 0420B1E5 		ldr	r2, [r1, #4]!
 1012 0cf8 02005EE1 		cmp	lr, r2
 1013 0cfc 0101001A 		bne	.L139
 1014 0d00 013083E2 		add	r3, r3, #1
 1015 0d04 03005BE1 		cmp	fp, r3
 1016 0d08 5BFDFF0A 		beq	.L145
 1017              	.L144:
 1018 0d0c 0B0053E1 		cmp	r3, fp
 1019 0d10 04E0BCE5 		ldr	lr, [ip, #4]!
 1020 0d14 F6FFFF1A 		bne	.L141
 1021              	.LEHB9:
 1022 0d18 FEFFFFEB 		bl	abort
 1023              	.LEHE9:
 1024              	.L375:
 1025 0d1c 000053E3 		cmp	r3, #0
 1026 0d20 0180A003 		moveq	r8, #1
 1027 0d24 03C0A001 		moveq	ip, r3
 1028 0d28 7AFDFF0A 		beq	.L151
 1029 0d2c 59FDFFEA 		b	.L150
 1030              	.L377:
 1031 0d30 00E093E5 		ldr	lr, [r3]
 1032 0d34 00005EE1 		cmp	lr, r0
 1033 0d38 0900000A 		beq	.L58
 1034 0d3c 01005EE3 		cmp	lr, #1
 1035 0d40 00E0A003 		moveq	lr, #0
 1036 0d44 18018D05 		streq	r0, [sp, #280]
 1037 0d48 28E18D05 		streq	lr, [sp, #296]
 1038 0d4c 0400000A 		beq	.L58
 1039 0d50 010050E3 		cmp	r0, #1
 1040 0d54 FB00001A 		bne	.L50
 1041 0d58 0000A0E3 		mov	r0, #0
 1042 0d5c 38E18DE5 		str	lr, [sp, #312]
 1043 0d60 48018DE5 		str	r0, [sp, #328]
 1044              	.L58:
 1045 0d64 040093E5 		ldr	r0, [r3, #4]
 1046 0d68 0C0050E1 		cmp	r0, ip
 1047 0d6c 0900000A 		beq	.L60
 1048 0d70 010050E3 		cmp	r0, #1
 1049 0d74 0000A003 		moveq	r0, #0
 1050 0d78 1CC18D05 		streq	ip, [sp, #284]
 1051 0d7c 2C018D05 		streq	r0, [sp, #300]
 1052 0d80 0400000A 		beq	.L60
 1053 0d84 01005CE3 		cmp	ip, #1
 1054 0d88 EE00001A 		bne	.L50
 1055 0d8c 00C0A0E3 		mov	ip, #0
 1056 0d90 3C018DE5 		str	r0, [sp, #316]
 1057 0d94 4CC18DE5 		str	ip, [sp, #332]
 1058              	.L60:
 1059 0d98 080093E5 		ldr	r0, [r3, #8]
 1060 0d9c 010050E1 		cmp	r0, r1
 1061 0da0 0900000A 		beq	.L62
 1062 0da4 010050E3 		cmp	r0, #1
 1063 0da8 0000A003 		moveq	r0, #0
 1064 0dac 20118D05 		streq	r1, [sp, #288]
 1065 0db0 30018D05 		streq	r0, [sp, #304]
 1066 0db4 0400000A 		beq	.L62
 1067 0db8 010051E3 		cmp	r1, #1
 1068 0dbc E100001A 		bne	.L50
 1069 0dc0 0010A0E3 		mov	r1, #0
 1070 0dc4 40018DE5 		str	r0, [sp, #320]
 1071 0dc8 50118DE5 		str	r1, [sp, #336]
 1072              	.L62:
 1073 0dcc 0C3093E5 		ldr	r3, [r3, #12]
 1074 0dd0 030052E1 		cmp	r2, r3
 1075 0dd4 7BFEFF1A 		bne	.L364
 1076 0dd8 FDFEFFEA 		b	.L177
 1077              	.L218:
 1078              	.L120:
 1079 0ddc 88309DE5 		ldr	r3, [sp, #136]
 1080 0de0 050053E3 		cmp	r3, #5
 1081 0de4 030000DA 		ble	.L167
 1082 0de8 8C009DE5 		ldr	r0, [sp, #140]
 1083 0dec 000050E3 		cmp	r0, #0
 1084 0df0 0000000A 		beq	.L167
 1085 0df4 FEFFFFEB 		bl	_ZdaPv
 1086              	.L167:
 1087 0df8 A0309DE5 		ldr	r3, [sp, #160]
 1088 0dfc 050053E3 		cmp	r3, #5
 1089 0e00 030000DA 		ble	.L169
 1090 0e04 A4009DE5 		ldr	r0, [sp, #164]
 1091 0e08 000050E3 		cmp	r0, #0
 1092 0e0c 0000000A 		beq	.L169
 1093 0e10 FEFFFFEB 		bl	_ZdaPv
 1094              	.L169:
 1095 0e14 B8309DE5 		ldr	r3, [sp, #184]
 1096 0e18 050053E3 		cmp	r3, #5
 1097 0e1c 030000DA 		ble	.L176
 1098 0e20 BC009DE5 		ldr	r0, [sp, #188]
 1099 0e24 000050E3 		cmp	r0, #0
 1100 0e28 0000000A 		beq	.L176
 1101              	.L363:
 1102 0e2c FEFFFFEB 		bl	_ZdaPv
 1103              	.L176:
 1104              	.LEHB10:
 1105 0e30 FEFFFFEB 		bl	__cxa_end_cleanup
 1106              	.LEHE10:
 1107              	.L220:
 1108              	.L91:
 1109 0e34 D0309DE5 		ldr	r3, [sp, #208]
 1110 0e38 08308DE5 		str	r3, [sp, #8]
 1111              	.L32:
 1112 0e3c 050053E3 		cmp	r3, #5
 1113 0e40 E5FFFFDA 		ble	.L120
 1114 0e44 D4009DE5 		ldr	r0, [sp, #212]
 1115 0e48 000050E3 		cmp	r0, #0
 1116 0e4c E2FFFF0A 		beq	.L120
 1117 0e50 FEFFFFEB 		bl	_ZdaPv
 1118 0e54 E0FFFFEA 		b	.L120
 1119              	.L221:
 1120 0e58 E8409DE5 		ldr	r4, [sp, #232]
 1121              	.L37:
 1122 0e5c 050054E3 		cmp	r4, #5
 1123 0e60 F3FFFFDA 		ble	.L91
 1124 0e64 EC009DE5 		ldr	r0, [sp, #236]
 1125 0e68 000050E3 		cmp	r0, #0
 1126 0e6c F0FFFF0A 		beq	.L91
 1127 0e70 FEFFFFEB 		bl	_ZdaPv
 1128 0e74 EEFFFFEA 		b	.L91
 1129              	.L53:
 1130 0e78 0030A0E3 		mov	r3, #0
 1131 0e7c 20118DE5 		str	r1, [sp, #288]
 1132 0e80 30318DE5 		str	r3, [sp, #304]
 1133 0e84 4AFEFFEA 		b	.L54
 1134              	.L51:
 1135 0e88 0030A0E3 		mov	r3, #0
 1136 0e8c 1CC18DE5 		str	ip, [sp, #284]
 1137 0e90 2C318DE5 		str	r3, [sp, #300]
 1138 0e94 3AFEFFEA 		b	.L52
 1139              	.L49:
 1140 0e98 0030A0E3 		mov	r3, #0
 1141 0e9c 18018DE5 		str	r0, [sp, #280]
 1142 0ea0 28318DE5 		str	r3, [sp, #296]
 1143 0ea4 2AFEFFEA 		b	.L48
 1144              	.L378:
 1145 0ea8 001093E5 		ldr	r1, [r3]
 1146 0eac 002090E5 		ldr	r2, [r0]
 1147 0eb0 020051E1 		cmp	r1, r2
 1148 0eb4 0600000A 		beq	.L75
 1149 0eb8 010051E3 		cmp	r1, #1
 1150 0ebc 4400000A 		beq	.L76
 1151 0ec0 010052E3 		cmp	r2, #1
 1152 0ec4 9F00001A 		bne	.L50
 1153 0ec8 0020A0E3 		mov	r2, #0
 1154 0ecc 38118DE5 		str	r1, [sp, #312]
 1155 0ed0 48218DE5 		str	r2, [sp, #328]
 1156              	.L75:
 1157 0ed4 041093E5 		ldr	r1, [r3, #4]
 1158 0ed8 042090E5 		ldr	r2, [r0, #4]
 1159 0edc 020051E1 		cmp	r1, r2
 1160 0ee0 0600000A 		beq	.L77
 1161 0ee4 010051E3 		cmp	r1, #1
 1162 0ee8 3D00000A 		beq	.L78
 1163 0eec 010052E3 		cmp	r2, #1
 1164 0ef0 9400001A 		bne	.L50
 1165 0ef4 0020A0E3 		mov	r2, #0
 1166 0ef8 3C118DE5 		str	r1, [sp, #316]
 1167 0efc 4C218DE5 		str	r2, [sp, #332]
 1168              	.L77:
 1169 0f00 081093E5 		ldr	r1, [r3, #8]
 1170 0f04 082090E5 		ldr	r2, [r0, #8]
 1171 0f08 020051E1 		cmp	r1, r2
 1172 0f0c 0600000A 		beq	.L79
 1173 0f10 010051E3 		cmp	r1, #1
 1174 0f14 3600000A 		beq	.L80
 1175 0f18 010052E3 		cmp	r2, #1
 1176 0f1c 8900001A 		bne	.L50
 1177 0f20 0020A0E3 		mov	r2, #0
 1178 0f24 40118DE5 		str	r1, [sp, #320]
 1179 0f28 50218DE5 		str	r2, [sp, #336]
 1180              	.L79:
 1181 0f2c 0C3093E5 		ldr	r3, [r3, #12]
 1182 0f30 0C2090E5 		ldr	r2, [r0, #12]
 1183 0f34 020053E1 		cmp	r3, r2
 1184 0f38 98FEFF1A 		bne	.L81
 1185 0f3c A1FEFFEA 		b	.L74
 1186              	.L65:
 1187 0f40 0030A0E3 		mov	r3, #0
 1188 0f44 24218DE5 		str	r2, [sp, #292]
 1189 0f48 34318DE5 		str	r3, [sp, #308]
 1190 0f4c A0FEFFEA 		b	.L177
 1191              	.L202:
 1192 0f50 0180A0E3 		mov	r8, #1
 1193 0f54 0090A0E3 		mov	r9, #0
 1194 0f58 6DFDFFEA 		b	.L146
 1195              	.L393:
 1196              	.LEHB11:
 1197 0f5c FEFFFFEB 		bl	abort
 1198              	.L392:
 1199 0f60 FEFFFFEB 		bl	abort
 1200              	.L391:
 1201 0f64 FEFFFFEB 		bl	abort
 1202              	.L390:
 1203 0f68 FEFFFFEB 		bl	abort
 1204              	.L395:
 1205 0f6c FEFFFFEB 		bl	abort
 1206              	.L394:
 1207 0f70 FEFFFFEB 		bl	abort
 1208              	.L389:
 1209 0f74 FEFFFFEB 		bl	abort
 1210              	.L388:
 1211 0f78 FEFFFFEB 		bl	abort
 1212              	.L387:
 1213 0f7c FEFFFFEB 		bl	abort
 1214              	.L386:
 1215 0f80 FEFFFFEB 		bl	abort
 1216              	.L385:
 1217 0f84 FEFFFFEB 		bl	abort
 1218              	.L384:
 1219 0f88 FEFFFFEB 		bl	abort
 1220              	.LEHE11:
 1221              	.L99:
 1222 0f8c 5C309DE5 		ldr	r3, [sp, #92]
 1223 0f90 01B08BE2 		add	fp, fp, #1
 1224 0f94 70209DE5 		ldr	r2, [sp, #112]
 1225 0f98 023083E0 		add	r3, r3, r2
 1226 0f9c 74209DE5 		ldr	r2, [sp, #116]
 1227 0fa0 5C308DE5 		str	r3, [sp, #92]
 1228 0fa4 60309DE5 		ldr	r3, [sp, #96]
 1229 0fa8 023083E0 		add	r3, r3, r2
 1230 0fac 78209DE5 		ldr	r2, [sp, #120]
 1231 0fb0 60308DE5 		str	r3, [sp, #96]
 1232 0fb4 64309DE5 		ldr	r3, [sp, #100]
 1233 0fb8 023083E0 		add	r3, r3, r2
 1234 0fbc 64308DE5 		str	r3, [sp, #100]
 1235 0fc0 DDFEFFEA 		b	.L94
 1236              	.L383:
 1237              	.LEHB12:
 1238 0fc4 FEFFFFEB 		bl	abort
 1239              	.LEHE12:
 1240              	.L223:
 1241 0fc8 08309DE5 		ldr	r3, [sp, #8]
 1242 0fcc 9AFFFFEA 		b	.L32
 1243              	.L381:
 1244              	.LEHB13:
 1245 0fd0 FEFFFFEB 		bl	abort
 1246              	.LEHE13:
 1247              	.L76:
 1248 0fd4 0010A0E3 		mov	r1, #0
 1249 0fd8 18218DE5 		str	r2, [sp, #280]
 1250 0fdc 28118DE5 		str	r1, [sp, #296]
 1251 0fe0 BBFFFFEA 		b	.L75
 1252              	.L78:
 1253 0fe4 0010A0E3 		mov	r1, #0
 1254 0fe8 1C218DE5 		str	r2, [sp, #284]
 1255 0fec 2C118DE5 		str	r1, [sp, #300]
 1256 0ff0 C2FFFFEA 		b	.L77
 1257              	.L80:
 1258 0ff4 0010A0E3 		mov	r1, #0
 1259 0ff8 20218DE5 		str	r2, [sp, #288]
 1260 0ffc 30118DE5 		str	r1, [sp, #304]
 1261 1000 C9FFFFEA 		b	.L79
 1262              	.L96:
 1263 1004 68309DE5 		ldr	r3, [sp, #104]
 1264 1008 018088E2 		add	r8, r8, #1
 1265 100c 7C209DE5 		ldr	r2, [sp, #124]
 1266 1010 023083E0 		add	r3, r3, r2
 1267 1014 80209DE5 		ldr	r2, [sp, #128]
 1268 1018 68308DE5 		str	r3, [sp, #104]
 1269 101c 4C309DE5 		ldr	r3, [sp, #76]
 1270 1020 023083E0 		add	r3, r3, r2
 1271 1024 84209DE5 		ldr	r2, [sp, #132]
 1272 1028 4C308DE5 		str	r3, [sp, #76]
 1273 102c 6C309DE5 		ldr	r3, [sp, #108]
 1274 1030 023083E0 		add	r3, r3, r2
 1275 1034 6C308DE5 		str	r3, [sp, #108]
 1276 1038 AFFEFFEA 		b	.L87
 1277              	.L93:
 1278 103c 050053E3 		cmp	r3, #5
 1279 1040 040000DA 		ble	.L116
 1280 1044 04309DE5 		ldr	r3, [sp, #4]
 1281 1048 000053E3 		cmp	r3, #0
 1282 104c 0100000A 		beq	.L116
 1283 1050 0300A0E1 		mov	r0, r3
 1284 1054 FEFFFFEB 		bl	_ZdaPv
 1285              	.L116:
 1286 1058 88309DE5 		ldr	r3, [sp, #136]
 1287 105c 050053E3 		cmp	r3, #5
 1288 1060 030000DA 		ble	.L118
 1289 1064 8C009DE5 		ldr	r0, [sp, #140]
 1290 1068 000050E3 		cmp	r0, #0
 1291 106c 0000000A 		beq	.L118
 1292 1070 FEFFFFEB 		bl	_ZdaPv
 1293              	.L118:
 1294 1074 A0309DE5 		ldr	r3, [sp, #160]
 1295 1078 050053E3 		cmp	r3, #5
 1296 107c 030000DA 		ble	.L121
 1297 1080 A4009DE5 		ldr	r0, [sp, #164]
 1298 1084 000050E3 		cmp	r0, #0
 1299 1088 0000000A 		beq	.L121
 1300 108c FEFFFFEB 		bl	_ZdaPv
 1301              	.L121:
 1302 1090 B8309DE5 		ldr	r3, [sp, #184]
 1303 1094 050053E3 		cmp	r3, #5
 1304 1098 42FDFFDA 		ble	.L165
 1305 109c BC009DE5 		ldr	r0, [sp, #188]
 1306 10a0 000050E3 		cmp	r0, #0
 1307 10a4 3EFDFF1A 		bne	.L362
 1308 10a8 3EFDFFEA 		b	.L165
 1309              	.L130:
 1310              	.LEHB14:
 1311 10ac FEFFFFEB 		bl	abort
 1312              	.L215:
 1313 10b0 00319DE5 		ldr	r3, [sp, #256]
 1314 10b4 050053E3 		cmp	r3, #5
 1315 10b8 030000DA 		ble	.L173
 1316 10bc 04019DE5 		ldr	r0, [sp, #260]
 1317 10c0 000050E3 		cmp	r0, #0
 1318 10c4 0000000A 		beq	.L173
 1319 10c8 FEFFFFEB 		bl	_ZdaPv
 1320              	.L173:
 1321 10cc 18319DE5 		ldr	r3, [sp, #280]
 1322 10d0 050053E3 		cmp	r3, #5
 1323 10d4 030000DA 		ble	.L175
 1324 10d8 1C019DE5 		ldr	r0, [sp, #284]
 1325 10dc 000050E3 		cmp	r0, #0
 1326 10e0 0000000A 		beq	.L175
 1327 10e4 FEFFFFEB 		bl	_ZdaPv
 1328              	.L175:
 1329 10e8 38319DE5 		ldr	r3, [sp, #312]
 1330 10ec 050053E3 		cmp	r3, #5
 1331 10f0 4EFFFFDA 		ble	.L176
 1332 10f4 3C019DE5 		ldr	r0, [sp, #316]
 1333 10f8 000050E3 		cmp	r0, #0
 1334 10fc 4AFFFF1A 		bne	.L363
 1335 1100 4AFFFFEA 		b	.L176
 1336              	.L129:
 1337 1104 FEFFFFEB 		bl	abort
 1338              	.L139:
 1339 1108 FEFFFFEB 		bl	abort
 1340              	.L135:
 1341 110c FEFFFFEB 		bl	abort
 1342              	.LEHE14:
 1343              	.L39:
 1344              	.LEHB15:
 1345 1110 FEFFFFEB 		bl	abort
 1346              	.LEHE15:
 1347              	.L379:
 1348              	.LEHB16:
 1349 1114 FEFFFFEB 		bl	abort
 1350              	.L222:
 1351 1118 00619DE5 		ldr	r6, [sp, #256]
 1352              	.L89:
 1353 111c 050056E3 		cmp	r6, #5
 1354 1120 4DFFFFDA 		ble	.L37
 1355 1124 04019DE5 		ldr	r0, [sp, #260]
 1356 1128 000050E3 		cmp	r0, #0
 1357 112c 4AFFFF0A 		beq	.L37
 1358 1130 FEFFFFEB 		bl	_ZdaPv
 1359 1134 48FFFFEA 		b	.L37
 1360              	.L212:
 1361 1138 0090A0E3 		mov	r9, #0
 1362 113c F4FCFFEA 		b	.L146
 1363              	.L380:
 1364 1140 FEFFFFEB 		bl	abort
 1365              	.L373:
 1366 1144 FEFFFFEB 		bl	abort
 1367              	.LEHE16:
 1368              	.L50:
 1369              	.LEHB17:
 1370 1148 FEFFFFEB 		bl	abort
 1371              	.LEHE17:
 1372              	.L86:
 1373              	.LEHB18:
 1374 114c FEFFFFEB 		bl	abort
 1375              	.LEHE18:
 1376              	.L136:
 1377 1150 05005BE3 		cmp	fp, #5
 1378 1154 45FCFFDA 		ble	.L140
 1379 1158 3C019DE5 		ldr	r0, [sp, #316]
 1380 115c 46FCFFEA 		b	.L145
 1381              	.L219:
 1382 1160 EDFFFFEA 		b	.L89
 1383              	.L374:
 1384              	.LEHB19:
 1385 1164 FEFFFFEB 		bl	abort
 1386              	.LEHE19:
 1387              	.L213:
 1388 1168 DEFFFFEA 		b	.L175
 1389              	.L47:
 1390              	.LEHB20:
 1391 116c FEFFFFEB 		bl	abort
 1392              	.L42:
 1393 1170 FEFFFFEB 		bl	abort
 1394              	.LEHE20:
 1395              	.L214:
 1396 1174 D4FFFFEA 		b	.L173
 1397              	.L125:
 1398              	.LEHB21:
 1399 1178 FEFFFFEB 		bl	abort
 1400              	.LEHE21:
 1401              	.L216:
 1402 117c 24FFFFEA 		b	.L169
 1403              	.L217:
 1404 1180 1CFFFFEA 		b	.L167
 1405              	.L371:
 1406              	.LEHB22:
 1407 1184 FEFFFFEB 		bl	abort
 1408              	.L372:
 1409 1188 FEFFFFEB 		bl	abort
 1410              	.LEHE22:
 1411              	.L370:
 1412              	.LEHB23:
 1413 118c FEFFFFEB 		bl	abort
 1414              	.LEHE23:
 1415              	.L368:
 1416              	.LEHB24:
 1417 1190 FEFFFFEB 		bl	abort
 1418              	.LEHE24:
 1419              		.global	__gxx_personality_v0
 1420              		.personality	__gxx_personality_v0
 1421              		.handlerdata
 1422              	.LLSDA4745:
 1423 0008 FF       		.byte	0xff
 1424 0009 FF       		.byte	0xff
 1425 000a 01       		.byte	0x1
 1426 000b 9101     		.uleb128 .LLSDACSE4745-.LLSDACSB4745
 1427              	.LLSDACSB4745:
 1428 000d 44       		.uleb128 .LEHB0-.LFB4745
 1429 000e 2C       		.uleb128 .LEHE0-.LEHB0
 1430 000f 00       		.uleb128 0
 1431 0010 00       		.uleb128 0
 1432 0011 8401     		.uleb128 .LEHB1-.LFB4745
 1433 0013 04       		.uleb128 .LEHE1-.LEHB1
 1434 0014 FC22     		.uleb128 .L216-.LFB4745
 1435 0016 00       		.uleb128 0
 1436 0017 9001     		.uleb128 .LEHB2-.LFB4745
 1437 0019 04       		.uleb128 .LEHE2-.LEHB2
 1438 001a 8023     		.uleb128 .L217-.LFB4745
 1439 001c 00       		.uleb128 0
 1440 001d 8402     		.uleb128 .LEHB3-.LFB4745
 1441 001f 04       		.uleb128 .LEHE3-.LEHB3
 1442 0020 DC1B     		.uleb128 .L218-.LFB4745
 1443 0022 00       		.uleb128 0
 1444 0023 8C02     		.uleb128 .LEHB4-.LFB4745
 1445 0025 04       		.uleb128 .LEHE4-.LEHB4
 1446 0026 00       		.uleb128 0
 1447 0027 00       		.uleb128 0
 1448 0028 A802     		.uleb128 .LEHB5-.LFB4745
 1449 002a 04       		.uleb128 .LEHE5-.LEHB5
 1450 002b E822     		.uleb128 .L213-.LFB4745
 1451 002d 00       		.uleb128 0
 1452 002e B402     		.uleb128 .LEHB6-.LFB4745
 1453 0030 04       		.uleb128 .LEHE6-.LEHB6
 1454 0031 F422     		.uleb128 .L214-.LFB4745
 1455 0033 00       		.uleb128 0
 1456 0034 8C0C     		.uleb128 .LEHB7-.LFB4745
 1457 0036 04       		.uleb128 .LEHE7-.LEHB7
 1458 0037 B41C     		.uleb128 .L220-.LFB4745
 1459 0039 00       		.uleb128 0
 1460 003a E80C     		.uleb128 .LEHB8-.LFB4745
 1461 003c 04       		.uleb128 .LEHE8-.LEHB8
 1462 003d D81C     		.uleb128 .L221-.LFB4745
 1463 003f 00       		.uleb128 0
 1464 0040 981A     		.uleb128 .LEHB9-.LFB4745
 1465 0042 04       		.uleb128 .LEHE9-.LEHB9
 1466 0043 B021     		.uleb128 .L215-.LFB4745
 1467 0045 00       		.uleb128 0
 1468 0046 B01C     		.uleb128 .LEHB10-.LFB4745
 1469 0048 04       		.uleb128 .LEHE10-.LEHB10
 1470 0049 00       		.uleb128 0
 1471 004a 00       		.uleb128 0
 1472 004b DC1E     		.uleb128 .LEHB11-.LFB4745
 1473 004d 30       		.uleb128 .LEHE11-.LEHB11
 1474 004e DC1B     		.uleb128 .L218-.LFB4745
 1475 0050 00       		.uleb128 0
 1476 0051 C41F     		.uleb128 .LEHB12-.LFB4745
 1477 0053 04       		.uleb128 .LEHE12-.LEHB12
 1478 0054 C81F     		.uleb128 .L223-.LFB4745
 1479 0056 00       		.uleb128 0
 1480 0057 D01F     		.uleb128 .LEHB13-.LFB4745
 1481 0059 04       		.uleb128 .LEHE13-.LEHB13
 1482 005a DC1B     		.uleb128 .L218-.LFB4745
 1483 005c 00       		.uleb128 0
 1484 005d AC21     		.uleb128 .LEHB14-.LFB4745
 1485 005f 64       		.uleb128 .LEHE14-.LEHB14
 1486 0060 B021     		.uleb128 .L215-.LFB4745
 1487 0062 00       		.uleb128 0
 1488 0063 9022     		.uleb128 .LEHB15-.LFB4745
 1489 0065 04       		.uleb128 .LEHE15-.LEHB15
 1490 0066 9822     		.uleb128 .L222-.LFB4745
 1491 0068 00       		.uleb128 0
 1492 0069 9422     		.uleb128 .LEHB16-.LFB4745
 1493 006b 34       		.uleb128 .LEHE16-.LEHB16
 1494 006c DC1B     		.uleb128 .L218-.LFB4745
 1495 006e 00       		.uleb128 0
 1496 006f C822     		.uleb128 .LEHB17-.LFB4745
 1497 0071 04       		.uleb128 .LEHE17-.LEHB17
 1498 0072 E022     		.uleb128 .L219-.LFB4745
 1499 0074 00       		.uleb128 0
 1500 0075 CC22     		.uleb128 .LEHB18-.LFB4745
 1501 0077 04       		.uleb128 .LEHE18-.LEHB18
 1502 0078 DC1B     		.uleb128 .L218-.LFB4745
 1503 007a 00       		.uleb128 0
 1504 007b E422     		.uleb128 .LEHB19-.LFB4745
 1505 007d 04       		.uleb128 .LEHE19-.LEHB19
 1506 007e E822     		.uleb128 .L213-.LFB4745
 1507 0080 00       		.uleb128 0
 1508 0081 EC22     		.uleb128 .LEHB20-.LFB4745
 1509 0083 08       		.uleb128 .LEHE20-.LEHB20
 1510 0084 E022     		.uleb128 .L219-.LFB4745
 1511 0086 00       		.uleb128 0
 1512 0087 F822     		.uleb128 .LEHB21-.LFB4745
 1513 0089 04       		.uleb128 .LEHE21-.LEHB21
 1514 008a B021     		.uleb128 .L215-.LFB4745
 1515 008c 00       		.uleb128 0
 1516 008d 8423     		.uleb128 .LEHB22-.LFB4745
 1517 008f 08       		.uleb128 .LEHE22-.LEHB22
 1518 0090 DC1B     		.uleb128 .L218-.LFB4745
 1519 0092 00       		.uleb128 0
 1520 0093 8C23     		.uleb128 .LEHB23-.LFB4745
 1521 0095 04       		.uleb128 .LEHE23-.LEHB23
 1522 0096 FC22     		.uleb128 .L216-.LFB4745
 1523 0098 00       		.uleb128 0
 1524 0099 9023     		.uleb128 .LEHB24-.LFB4745
 1525 009b 04       		.uleb128 .LEHE24-.LEHB24
 1526 009c 00       		.uleb128 0
 1527 009d 00       		.uleb128 0
 1528              	.LLSDACSE4745:
 1529              		.section	.text._ZN6tflite12_GLOBAL__N_112EvalFloorDivIfEE12TfLiteStatusP13TfLiteContextPK16TfLiteE
 1530              		.fnend
 1532              		.section	.text._ZN6tflite12_GLOBAL__N_14EvalEP13TfLiteContextP10TfLiteNode,"ax",%progbits
 1533              		.align	2
 1534              		.syntax unified
 1535              		.arm
 1536              		.fpu neon
 1538              	_ZN6tflite12_GLOBAL__N_14EvalEP13TfLiteContextP10TfLiteNode:
 1539              		.fnstart
 1540              	.LFB4243:
 1541              		@ args = 0, pretend = 0, frame = 0
 1542              		@ frame_needed = 0, uses_anonymous_args = 0
 1543 0000 F0412DE9 		push	{r4, r5, r6, r7, r8, lr}
 1544              		.save {r4, r5, r6, r7, r8, lr}
 1545 0004 004050E2 		subs	r4, r0, #0
 1546 0008 1C00000A 		beq	.L399
 1547 000c 000051E3 		cmp	r1, #0
 1548 0010 0150A0E1 		mov	r5, r1
 1549 0014 1900000A 		beq	.L399
 1550 0018 002091E5 		ldr	r2, [r1]
 1551 001c 543094E5 		ldr	r3, [r4, #84]
 1552 0020 041092E5 		ldr	r1, [r2, #4]
 1553 0024 33FF2FE1 		blx	r3
 1554 0028 002095E5 		ldr	r2, [r5]
 1555 002c 0060A0E1 		mov	r6, r0
 1556 0030 543094E5 		ldr	r3, [r4, #84]
 1557 0034 0400A0E1 		mov	r0, r4
 1558 0038 081092E5 		ldr	r1, [r2, #8]
 1559 003c 33FF2FE1 		blx	r3
 1560 0040 042095E5 		ldr	r2, [r5, #4]
 1561 0044 0070A0E1 		mov	r7, r0
 1562 0048 543094E5 		ldr	r3, [r4, #84]
 1563 004c 0400A0E1 		mov	r0, r4
 1564 0050 041092E5 		ldr	r1, [r2, #4]
 1565 0054 33FF2FE1 		blx	r3
 1566 0058 0830D6E5 		ldrb	r3, [r6, #8]	@ zero_extendqisi2
 1567 005c 010053E3 		cmp	r3, #1
 1568 0060 0100000A 		beq	.L407
 1569 0064 0100A0E3 		mov	r0, #1
 1570 0068 F081BDE8 		pop	{r4, r5, r6, r7, r8, pc}
 1571              	.L407:
 1572 006c 0020A0E1 		mov	r2, r0
 1573 0070 0710A0E1 		mov	r1, r7
 1574 0074 0600A0E1 		mov	r0, r6
 1575 0078 F041BDE8 		pop	{r4, r5, r6, r7, r8, lr}
 1576 007c FEFFFFEA 		b	_ZN6tflite12_GLOBAL__N_112EvalFloorDivIfEE12TfLiteStatusP13TfLiteContextPK16TfLiteEvalTensorS7_P
 1577              	.L399:
 1578 0080 FEFFFFEB 		bl	abort
 1579              		.fnend
 1581              		.section	.text._ZN6tflite18Register_FLOOR_DIVEv,"ax",%progbits
 1582              		.align	2
 1583              		.global	_ZN6tflite18Register_FLOOR_DIVEv
 1584              		.syntax unified
 1585              		.arm
 1586              		.fpu neon
 1588              	_ZN6tflite18Register_FLOOR_DIVEv:
 1589              		.fnstart
 1590              	.LFB4244:
 1591              		@ args = 0, pretend = 0, frame = 0
 1592              		@ frame_needed = 0, uses_anonymous_args = 0
 1593 0000 00C000E3 		movw	ip, #:lower16:.LANCHOR0
 1594 0004 10402DE9 		push	{r4, lr}
 1595 0008 00C040E3 		movt	ip, #:upper16:.LANCHOR0
 1596 000c 0040A0E1 		mov	r4, r0
 1597 0010 00E0A0E1 		mov	lr, r0
 1598 0014 0F00BCE8 		ldmia	ip!, {r0, r1, r2, r3}
 1599 0018 0F00AEE8 		stmia	lr!, {r0, r1, r2, r3}
 1600 001c 0F009CE8 		ldm	ip, {r0, r1, r2, r3}
 1601 0020 0F008EE8 		stm	lr, {r0, r1, r2, r3}
 1602 0024 0400A0E1 		mov	r0, r4
 1603 0028 1080BDE8 		pop	{r4, pc}
 1604              		.cantunwind
 1605              		.fnend
 1607              		.section	.rodata
 1608              		.align	2
 1609              		.set	.LANCHOR0,. + 0
 1610              	.LC0:
 1611 0000 00000000 		.word	_ZN6tflite12_GLOBAL__N_14InitEP13TfLiteContextPKcj
 1612 0004 00000000 		.word	0
 1613 0008 00000000 		.word	_ZN6tflite12_GLOBAL__N_17PrepareEP13TfLiteContextP10TfLiteNode
 1614 000c 00000000 		.word	_ZN6tflite12_GLOBAL__N_14EvalEP13TfLiteContextP10TfLiteNode
 1615 0010 00000000 		.word	0
 1616 0014 00000000 		.word	0
 1617 0018 00000000 		.word	0
 1618 001c 00000000 		.word	0
 1619              		.ident	"GCC: (GNU Tools for ARM Embedded Processors 6-2017-q2-update) 6.3.1 20170620 (release) [AR
DEFINED SYMBOLS
                            *ABS*:00000000 floor_div.cc
C:\Users\a5050395\AppData\Local\Temp\cceaoPqZ.s:14     .text._ZN6tflite12_GLOBAL__N_14InitEP13TfLiteContextPKcj:00000000 $a
C:\Users\a5050395\AppData\Local\Temp\cceaoPqZ.s:19     .text._ZN6tflite12_GLOBAL__N_14InitEP13TfLiteContextPKcj:00000000 _ZN6tflite12_GLOBAL__N_14InitEP13TfLiteContextPKcj
.ARM.exidx.text._ZN6tflite12_GLOBAL__N_14InitEP13TfLiteContextPKcj:00000000 $d
C:\Users\a5050395\AppData\Local\Temp\cceaoPqZ.s:31     .text._ZN6tflite12_GLOBAL__N_17PrepareEP13TfLiteContextP10TfLiteNode:00000000 $a
C:\Users\a5050395\AppData\Local\Temp\cceaoPqZ.s:36     .text._ZN6tflite12_GLOBAL__N_17PrepareEP13TfLiteContextP10TfLiteNode:00000000 _ZN6tflite12_GLOBAL__N_17PrepareEP13TfLiteContextP10TfLiteNode
.ARM.exidx.text._ZN6tflite12_GLOBAL__N_17PrepareEP13TfLiteContextP10TfLiteNode:00000000 $d
C:\Users\a5050395\AppData\Local\Temp\cceaoPqZ.s:97     .text._ZN6tflite12_GLOBAL__N_112EvalFloorDivIfEE12TfLiteStatusP13TfLiteContextPK16TfLiteEvalTensorS7_PS5_.isra.6:00000000 $a
C:\Users\a5050395\AppData\Local\Temp\cceaoPqZ.s:102    .text._ZN6tflite12_GLOBAL__N_112EvalFloorDivIfEE12TfLiteStatusP13TfLiteContextPK16TfLiteEvalTensorS7_PS5_.isra.6:00000000 _ZN6tflite12_GLOBAL__N_112EvalFloorDivIfEE12TfLiteStatusP13TfLiteContextPK16TfLiteEvalTensorS7_PS5_.isra.6
.ARM.extab.text._ZN6tflite12_GLOBAL__N_112EvalFloorDivIfEE12TfLiteStatusP13TfLiteContextPK16TfLiteEvalTensorS7_PS5_.isra.6:00000000 $d
.ARM.exidx.text._ZN6tflite12_GLOBAL__N_112EvalFloorDivIfEE12TfLiteStatusP13TfLiteContextPK16TfLiteEvalTensorS7_PS5_.isra.6:00000000 $d
C:\Users\a5050395\AppData\Local\Temp\cceaoPqZ.s:1533   .text._ZN6tflite12_GLOBAL__N_14EvalEP13TfLiteContextP10TfLiteNode:00000000 $a
C:\Users\a5050395\AppData\Local\Temp\cceaoPqZ.s:1538   .text._ZN6tflite12_GLOBAL__N_14EvalEP13TfLiteContextP10TfLiteNode:00000000 _ZN6tflite12_GLOBAL__N_14EvalEP13TfLiteContextP10TfLiteNode
.ARM.exidx.text._ZN6tflite12_GLOBAL__N_14EvalEP13TfLiteContextP10TfLiteNode:00000000 $d
C:\Users\a5050395\AppData\Local\Temp\cceaoPqZ.s:1582   .text._ZN6tflite18Register_FLOOR_DIVEv:00000000 $a
C:\Users\a5050395\AppData\Local\Temp\cceaoPqZ.s:1588   .text._ZN6tflite18Register_FLOOR_DIVEv:00000000 _ZN6tflite18Register_FLOOR_DIVEv
C:\Users\a5050395\AppData\Local\Temp\cceaoPqZ.s:1609   .rodata:00000000 .LANCHOR0
.ARM.exidx.text._ZN6tflite18Register_FLOOR_DIVEv:00000000 $d
C:\Users\a5050395\AppData\Local\Temp\cceaoPqZ.s:1608   .rodata:00000000 $d

UNDEFINED SYMBOLS
_ZN6tflite12GetInputSafeEPK13TfLiteContextPK10TfLiteNodeiPPK12TfLiteTensor
_ZN6tflite13GetOutputSafeEPK13TfLiteContextPK10TfLiteNodeiPP12TfLiteTensor
__aeabi_unwind_cpp_pr0
_ZN6tflite12ElementCountERK14TfLiteIntArray
_ZN6tflite5micro14HaveSameShapesEPK16TfLiteEvalTensorS3_
_ZN6tflite5micro14GetTensorShapeEPK16TfLiteEvalTensor
abort
floor
_ZdaPv
memcpy
__cxa_end_cleanup
__gxx_personality_v0
