   1              		.cpu cortex-a9
   2              		.eabi_attribute 28, 1
   3              		.eabi_attribute 20, 1
   4              		.eabi_attribute 21, 1
   5              		.eabi_attribute 23, 3
   6              		.eabi_attribute 24, 1
   7              		.eabi_attribute 25, 1
   8              		.eabi_attribute 26, 1
   9              		.eabi_attribute 30, 2
  10              		.eabi_attribute 34, 0
  11              		.eabi_attribute 18, 4
  12              		.file	"kernel_runner.cc"
  13              		.section	.text._ZN6tflite5micro12KernelRunner9GetTensorEPK13TfLiteContexti,"ax",%progbits
  14              		.align	2
  15              		.global	_ZN6tflite5micro12KernelRunner9GetTensorEPK13TfLiteContexti
  16              		.syntax unified
  17              		.arm
  18              		.fpu neon
  20              	_ZN6tflite5micro12KernelRunner9GetTensorEPK13TfLiteContexti:
  21              		.fnstart
  22              	.LFB7046:
  23              		@ args = 0, pretend = 0, frame = 0
  24              		@ frame_needed = 0, uses_anonymous_args = 0
  25 0000 000050E3 		cmp	r0, #0
  26 0004 0500000A 		beq	.L3
  27 0008 0C3090E5 		ldr	r3, [r0, #12]
  28 000c 000053E3 		cmp	r3, #0
  29 0010 0200000A 		beq	.L3
  30 0014 080093E5 		ldr	r0, [r3, #8]
  31 0018 010380E0 		add	r0, r0, r1, lsl #6
  32 001c 1EFF2FE1 		bx	lr
  33              	.L3:
  34 0020 10402DE9 		push	{r4, lr}
  35              		.save {r4, lr}
  36 0024 FEFFFFEB 		bl	abort
  37              		.fnend
  39              		.section	.text._ZN6tflite5micro12KernelRunner13GetEvalTensorEPK13TfLiteContexti,"ax",%progbits
  40              		.align	2
  41              		.global	_ZN6tflite5micro12KernelRunner13GetEvalTensorEPK13TfLiteContexti
  42              		.syntax unified
  43              		.arm
  44              		.fpu neon
  46              	_ZN6tflite5micro12KernelRunner13GetEvalTensorEPK13TfLiteContexti:
  47              		.fnstart
  48              	.LFB7047:
  49              		@ args = 0, pretend = 0, frame = 0
  50              		@ frame_needed = 0, uses_anonymous_args = 0
  51 0000 000050E3 		cmp	r0, #0
  52 0004 70402DE9 		push	{r4, r5, r6, lr}
  53              		.save {r4, r5, r6, lr}
  54 0008 1400000A 		beq	.L12
  55 000c 0C4090E5 		ldr	r4, [r0, #12]
  56 0010 000054E3 		cmp	r4, #0
  57 0014 1100000A 		beq	.L12
  58 0018 000094E5 		ldr	r0, [r4]
  59 001c 0150A0E1 		mov	r5, r1
  60 0020 0420A0E3 		mov	r2, #4
  61 0024 0C10A0E3 		mov	r1, #12
  62 0028 003090E5 		ldr	r3, [r0]
  63 002c 103093E5 		ldr	r3, [r3, #16]
  64 0030 33FF2FE1 		blx	r3
  65 0034 003050E2 		subs	r3, r0, #0
  66 0038 0800000A 		beq	.L12
  67 003c 081094E5 		ldr	r1, [r4, #8]
  68 0040 05E3D1E7 		ldrb	lr, [r1, r5, lsl #6]	@ zero_extendqisi2
  69 0044 051381E0 		add	r1, r1, r5, lsl #6
  70 0048 04C091E5 		ldr	ip, [r1, #4]
  71 004c 082091E5 		ldr	r2, [r1, #8]
  72 0050 08E0C3E5 		strb	lr, [r3, #8]
  73 0054 00C083E5 		str	ip, [r3]
  74 0058 042083E5 		str	r2, [r3, #4]
  75 005c 7080BDE8 		pop	{r4, r5, r6, pc}
  76              	.L12:
  77 0060 FEFFFFEB 		bl	abort
  78              		.fnend
  80              		.section	.text._ZN6tflite5micro12KernelRunner24AllocatePersistentBufferEP13TfLiteContextj,"ax",%pr
  81              		.align	2
  82              		.global	_ZN6tflite5micro12KernelRunner24AllocatePersistentBufferEP13TfLiteContextj
  83              		.syntax unified
  84              		.arm
  85              		.fpu neon
  87              	_ZN6tflite5micro12KernelRunner24AllocatePersistentBufferEP13TfLiteContextj:
  88              		.fnstart
  89              	.LFB7048:
  90              		@ args = 0, pretend = 0, frame = 0
  91              		@ frame_needed = 0, uses_anonymous_args = 0
  92 0000 000050E3 		cmp	r0, #0
  93 0004 0700000A 		beq	.L22
  94 0008 0C3090E5 		ldr	r3, [r0, #12]
  95 000c 000053E3 		cmp	r3, #0
  96 0010 0400000A 		beq	.L22
  97 0014 000093E5 		ldr	r0, [r3]
  98 0018 1020A0E3 		mov	r2, #16
  99 001c 003090E5 		ldr	r3, [r0]
 100 0020 0C3093E5 		ldr	r3, [r3, #12]
 101 0024 13FF2FE1 		bx	r3
 102              	.L22:
 103 0028 10402DE9 		push	{r4, lr}
 104              		.save {r4, lr}
 105 002c FEFFFFEB 		bl	abort
 106              		.fnend
 108              		.section	.text._ZN6tflite5micro12KernelRunner27RequestScratchBufferInArenaEP13TfLiteContextjPi,"ax
 109              		.align	2
 110              		.global	_ZN6tflite5micro12KernelRunner27RequestScratchBufferInArenaEP13TfLiteContextjPi
 111              		.syntax unified
 112              		.arm
 113              		.fpu neon
 115              	_ZN6tflite5micro12KernelRunner27RequestScratchBufferInArenaEP13TfLiteContextjPi:
 116              		.fnstart
 117              	.LFB7049:
 118              		@ args = 0, pretend = 0, frame = 0
 119              		@ frame_needed = 0, uses_anonymous_args = 0
 120 0000 000050E3 		cmp	r0, #0
 121 0004 70402DE9 		push	{r4, r5, r6, lr}
 122              		.save {r4, r5, r6, lr}
 123 0008 1B00000A 		beq	.L30
 124 000c 000052E3 		cmp	r2, #0
 125 0010 0260A0E1 		mov	r6, r2
 126 0014 1800000A 		beq	.L30
 127 0018 0C4090E5 		ldr	r4, [r0, #12]
 128 001c 000054E3 		cmp	r4, #0
 129 0020 1500000A 		beq	.L30
 130 0024 E45094E5 		ldr	r5, [r4, #228]
 131 0028 0C0055E3 		cmp	r5, #12
 132 002c 1000000A 		beq	.L32
 133 0030 000094E5 		ldr	r0, [r4]
 134 0034 1020A0E3 		mov	r2, #16
 135 0038 3A5085E2 		add	r5, r5, #58
 136 003c 003090E5 		ldr	r3, [r0]
 137 0040 0C3093E5 		ldr	r3, [r3, #12]
 138 0044 33FF2FE1 		blx	r3
 139 0048 E43094E5 		ldr	r3, [r4, #228]
 140 004c 050184E7 		str	r0, [r4, r5, lsl #2]
 141 0050 3A2083E2 		add	r2, r3, #58
 142 0054 022194E7 		ldr	r2, [r4, r2, lsl #2]
 143 0058 000052E3 		cmp	r2, #0
 144 005c 0600000A 		beq	.L30
 145 0060 012083E2 		add	r2, r3, #1
 146 0064 0000A0E3 		mov	r0, #0
 147 0068 E42084E5 		str	r2, [r4, #228]
 148 006c 003086E5 		str	r3, [r6]
 149 0070 7080BDE8 		pop	{r4, r5, r6, pc}
 150              	.L32:
 151 0074 0100A0E3 		mov	r0, #1
 152 0078 7080BDE8 		pop	{r4, r5, r6, pc}
 153              	.L30:
 154 007c FEFFFFEB 		bl	abort
 155              		.fnend
 157              		.section	.text._ZN6tflite5micro12KernelRunner16GetScratchBufferEP13TfLiteContexti,"ax",%progbits
 158              		.align	2
 159              		.global	_ZN6tflite5micro12KernelRunner16GetScratchBufferEP13TfLiteContexti
 160              		.syntax unified
 161              		.arm
 162              		.fpu neon
 164              	_ZN6tflite5micro12KernelRunner16GetScratchBufferEP13TfLiteContexti:
 165              		.fnstart
 166              	.LFB7050:
 167              		@ args = 0, pretend = 0, frame = 0
 168              		@ frame_needed = 0, uses_anonymous_args = 0
 169 0000 000050E3 		cmp	r0, #0
 170 0004 0A00000A 		beq	.L45
 171 0008 0C3090E5 		ldr	r3, [r0, #12]
 172 000c 000053E3 		cmp	r3, #0
 173 0010 0700000A 		beq	.L45
 174 0014 E42093E5 		ldr	r2, [r3, #228]
 175 0018 0C0052E3 		cmp	r2, #12
 176 001c 040000CA 		bgt	.L45
 177 0020 010052E1 		cmp	r2, r1
 178 0024 3A1081C2 		addgt	r1, r1, #58
 179 0028 0000A0D3 		movle	r0, #0
 180 002c 010193C7 		ldrgt	r0, [r3, r1, lsl #2]
 181 0030 1EFF2FE1 		bx	lr
 182              	.L45:
 183 0034 10402DE9 		push	{r4, lr}
 184              		.save {r4, lr}
 185 0038 FEFFFFEB 		bl	abort
 186              		.fnend
 188              		.section	.text._ZN6tflite5micro12KernelRunner8GetGraphEP13TfLiteContextPP14TfLiteIntArray,"ax",%pr
 189              		.align	2
 190              		.global	_ZN6tflite5micro12KernelRunner8GetGraphEP13TfLiteContextPP14TfLiteIntArray
 191              		.syntax unified
 192              		.arm
 193              		.fpu neon
 195              	_ZN6tflite5micro12KernelRunner8GetGraphEP13TfLiteContextPP14TfLiteIntArray:
 196              		.fnstart
 197              	.LFB7052:
 198              		@ args = 0, pretend = 0, frame = 0
 199              		@ frame_needed = 0, uses_anonymous_args = 0
 200 0000 000050E3 		cmp	r0, #0
 201 0004 0600000A 		beq	.L55
 202 0008 0C3090E5 		ldr	r3, [r0, #12]
 203 000c 000053E3 		cmp	r3, #0
 204 0010 0300000A 		beq	.L55
 205 0014 0C3083E2 		add	r3, r3, #12
 206 0018 0000A0E3 		mov	r0, #0
 207 001c 003081E5 		str	r3, [r1]
 208 0020 1EFF2FE1 		bx	lr
 209              	.L55:
 210 0024 10402DE9 		push	{r4, lr}
 211              		.save {r4, lr}
 212 0028 FEFFFFEB 		bl	abort
 213              		.fnend
 215              		.section	.text._ZN6tflite5micro12KernelRunner13ReportOpErrorEP13TfLiteContextPKcz,"ax",%progbits
 216              		.align	2
 217              		.global	_ZN6tflite5micro12KernelRunner13ReportOpErrorEP13TfLiteContextPKcz
 218              		.syntax unified
 219              		.arm
 220              		.fpu neon
 222              	_ZN6tflite5micro12KernelRunner13ReportOpErrorEP13TfLiteContextPKcz:
 223              		.fnstart
 224              	.LFB7051:
 225              		@ args = 4, pretend = 12, frame = 8
 226              		@ frame_needed = 0, uses_anonymous_args = 1
 227 0000 0E002DE9 		push	{r1, r2, r3}
 228              		.save {r1, r2, r3}
 229 0004 04E02DE5 		str	lr, [sp, #-4]!
 230              		.save {lr}
 231              		.pad #8
 232 0008 08D04DE2 		sub	sp, sp, #8
 233 000c 10308DE2 		add	r3, sp, #16
 234 0010 04308DE5 		str	r3, [sp, #4]
 235 0014 FEFFFFEB 		bl	_ZN6tflite21GetMicroErrorReporterEv
 236 0018 003090E5 		ldr	r3, [r0]
 237 001c 0C109DE5 		ldr	r1, [sp, #12]
 238 0020 04209DE5 		ldr	r2, [sp, #4]
 239 0024 083093E5 		ldr	r3, [r3, #8]
 240 0028 33FF2FE1 		blx	r3
 241 002c 08D08DE2 		add	sp, sp, #8
 242              		@ sp needed
 243 0030 04E09DE4 		ldr	lr, [sp], #4
 244 0034 0CD08DE2 		add	sp, sp, #12
 245 0038 1EFF2FE1 		bx	lr
 246              		.fnend
 248              		.section	.text._ZN6tflite5micro12KernelRunnerC2ERK18TfLiteRegistrationP12TfLiteTensoriP14TfLiteInt
 249              		.align	2
 250              		.global	_ZN6tflite5micro12KernelRunnerC2ERK18TfLiteRegistrationP12TfLiteTensoriP14TfLiteIntArrayS8
 251              		.syntax unified
 252              		.arm
 253              		.fpu neon
 255              	_ZN6tflite5micro12KernelRunnerC2ERK18TfLiteRegistrationP12TfLiteTensoriP14TfLiteIntArrayS8_Pv:
 256              		.fnstart
 257              	.LFB7042:
 258              		@ args = 12, pretend = 0, frame = 0
 259              		@ frame_needed = 0, uses_anonymous_args = 0
 260 0000 F0472DE9 		push	{r4, r5, r6, r7, r8, r9, r10, lr}
 261              		.save {r4, r5, r6, r7, r8, r9, r10, lr}
 262 0004 0040A0E1 		mov	r4, r0
 263 0008 0190A0E1 		mov	r9, r1
 264 000c 0280A0E1 		mov	r8, r2
 265 0010 24609DE5 		ldr	r6, [sp, #36]
 266 0014 20709DE5 		ldr	r7, [sp, #32]
 267 0018 28509DE5 		ldr	r5, [sp, #40]
 268 001c FEFFFFEB 		bl	_ZN6tflite21GetMicroErrorReporterEv
 269 0020 001000E3 		movw	r1, #:lower16:.LANCHOR0
 270 0024 102702E3 		movw	r2, #10000
 271 0028 001040E3 		movt	r1, #:upper16:.LANCHOR0
 272 002c FEFFFFEB 		bl	_ZN6tflite21SimpleMemoryAllocator6CreateEPNS_13ErrorReporterEPhj
 273 0030 0030A0E1 		mov	r3, r0
 274 0034 049084E5 		str	r9, [r4, #4]
 275 0038 0310A0E1 		mov	r1, r3
 276 003c 003084E5 		str	r3, [r4]
 277 0040 088084E5 		str	r8, [r4, #8]
 278 0044 0C0084E2 		add	r0, r4, #12
 279 0048 FEFFFFEB 		bl	_ZN6tflite14MockMicroGraphC1EPNS_21SimpleMemoryAllocatorE
 280 004c 640084E2 		add	r0, r4, #100
 281 0050 5820A0E3 		mov	r2, #88
 282 0054 0010A0E3 		mov	r1, #0
 283 0058 009000E3 		movw	r9, #:lower16:_ZN6tflite5micro12KernelRunner13ReportOpErrorEP13TfLiteContextPKcz
 284 005c FEFFFFEB 		bl	memset
 285 0060 BC0084E2 		add	r0, r4, #188
 286 0064 2820A0E3 		mov	r2, #40
 287 0068 0010A0E3 		mov	r1, #0
 288 006c 008000E3 		movw	r8, #:lower16:_ZN6tflite5micro12KernelRunner9GetTensorEPK13TfLiteContexti
 289 0070 FEFFFFEB 		bl	memset
 290 0074 00E000E3 		movw	lr, #:lower16:_ZN6tflite5micro12KernelRunner13GetEvalTensorEPK13TfLiteContexti
 291 0078 00C000E3 		movw	ip, #:lower16:_ZN6tflite5micro12KernelRunner24AllocatePersistentBufferEP13TfLiteContextj
 292 007c 001000E3 		movw	r1, #:lower16:_ZN6tflite5micro12KernelRunner27RequestScratchBufferInArenaEP13TfLiteContextjPi
 293 0080 002000E3 		movw	r2, #:lower16:_ZN6tflite5micro12KernelRunner16GetScratchBufferEP13TfLiteContexti
 294 0084 003000E3 		movw	r3, #:lower16:_ZN6tflite5micro12KernelRunner8GetGraphEP13TfLiteContextPP14TfLiteIntArray
 295 0088 009040E3 		movt	r9, #:upper16:_ZN6tflite5micro12KernelRunner13ReportOpErrorEP13TfLiteContextPKcz
 296 008c 008040E3 		movt	r8, #:upper16:_ZN6tflite5micro12KernelRunner9GetTensorEPK13TfLiteContexti
 297 0090 00E040E3 		movt	lr, #:upper16:_ZN6tflite5micro12KernelRunner13GetEvalTensorEPK13TfLiteContexti
 298 0094 00C040E3 		movt	ip, #:upper16:_ZN6tflite5micro12KernelRunner24AllocatePersistentBufferEP13TfLiteContextj
 299 0098 001040E3 		movt	r1, #:upper16:_ZN6tflite5micro12KernelRunner27RequestScratchBufferInArenaEP13TfLiteContextjPi
 300 009c 002040E3 		movt	r2, #:upper16:_ZN6tflite5micro12KernelRunner16GetScratchBufferEP13TfLiteContexti
 301 00a0 003040E3 		movt	r3, #:upper16:_ZN6tflite5micro12KernelRunner8GetGraphEP13TfLiteContextPP14TfLiteIntArray
 302 00a4 C06084E5 		str	r6, [r4, #192]
 303 00a8 0060A0E3 		mov	r6, #0
 304 00ac 704084E5 		str	r4, [r4, #112]
 305 00b0 0400A0E1 		mov	r0, r4
 306 00b4 BC7084E5 		str	r7, [r4, #188]
 307 00b8 D05084E5 		str	r5, [r4, #208]
 308 00bc E46084E5 		str	r6, [r4, #228]
 309 00c0 789084E5 		str	r9, [r4, #120]
 310 00c4 B48084E5 		str	r8, [r4, #180]
 311 00c8 B8E084E5 		str	lr, [r4, #184]
 312 00cc 9CC084E5 		str	ip, [r4, #156]
 313 00d0 A41084E5 		str	r1, [r4, #164]
 314 00d4 A82084E5 		str	r2, [r4, #168]
 315 00d8 683084E5 		str	r3, [r4, #104]
 316 00dc F087BDE8 		pop	{r4, r5, r6, r7, r8, r9, r10, pc}
 317              		.fnend
 319              		.global	_ZN6tflite5micro12KernelRunnerC1ERK18TfLiteRegistrationP12TfLiteTensoriP14TfLiteIntArrayS8
 320              		.set	_ZN6tflite5micro12KernelRunnerC1ERK18TfLiteRegistrationP12TfLiteTensoriP14TfLiteIntArrayS8_Pv
 321              		.section	.text._ZN6tflite5micro12KernelRunner14InitAndPrepareEPKcj,"ax",%progbits
 322              		.align	2
 323              		.global	_ZN6tflite5micro12KernelRunner14InitAndPrepareEPKcj
 324              		.syntax unified
 325              		.arm
 326              		.fpu neon
 328              	_ZN6tflite5micro12KernelRunner14InitAndPrepareEPKcj:
 329              		.fnstart
 330              	.LFB7044:
 331              		@ args = 0, pretend = 0, frame = 0
 332              		@ frame_needed = 0, uses_anonymous_args = 0
 333 0000 043090E5 		ldr	r3, [r0, #4]
 334 0004 70402DE9 		push	{r4, r5, r6, lr}
 335              		.save {r4, r5, r6, lr}
 336 0008 0040A0E1 		mov	r4, r0
 337 000c 005093E5 		ldr	r5, [r3]
 338 0010 000055E3 		cmp	r5, #0
 339 0014 0300000A 		beq	.L66
 340 0018 640080E2 		add	r0, r0, #100
 341 001c 35FF2FE1 		blx	r5
 342 0020 043094E5 		ldr	r3, [r4, #4]
 343 0024 CC0084E5 		str	r0, [r4, #204]
 344              	.L66:
 345 0028 083093E5 		ldr	r3, [r3, #8]
 346 002c 000053E3 		cmp	r3, #0
 347 0030 0300000A 		beq	.L67
 348 0034 BC1084E2 		add	r1, r4, #188
 349 0038 640084E2 		add	r0, r4, #100
 350 003c 7040BDE8 		pop	{r4, r5, r6, lr}
 351 0040 13FF2FE1 		bx	r3
 352              	.L67:
 353 0044 0300A0E1 		mov	r0, r3
 354 0048 7080BDE8 		pop	{r4, r5, r6, pc}
 355              		.fnend
 357              		.section	.text._ZN6tflite5micro12KernelRunner6InvokeEv,"ax",%progbits
 358              		.align	2
 359              		.global	_ZN6tflite5micro12KernelRunner6InvokeEv
 360              		.syntax unified
 361              		.arm
 362              		.fpu neon
 364              	_ZN6tflite5micro12KernelRunner6InvokeEv:
 365              		.fnstart
 366              	.LFB7045:
 367              		@ args = 0, pretend = 0, frame = 0
 368              		@ frame_needed = 0, uses_anonymous_args = 0
 369              		@ link register save eliminated.
 370 0000 043090E5 		ldr	r3, [r0, #4]
 371 0004 0C3093E5 		ldr	r3, [r3, #12]
 372 0008 000053E3 		cmp	r3, #0
 373 000c 0200000A 		beq	.L73
 374 0010 BC1080E2 		add	r1, r0, #188
 375 0014 640080E2 		add	r0, r0, #100
 376 0018 13FF2FE1 		bx	r3
 377              	.L73:
 378 001c 0100A0E3 		mov	r0, #1
 379 0020 1EFF2FE1 		bx	lr
 380              		.cantunwind
 381              		.fnend
 383              		.global	_ZN6tflite5micro12KernelRunner20kKernelRunnerBuffer_E
 384              		.global	_ZN6tflite5micro12KernelRunner24kKernelRunnerBufferSize_E
 385              		.global	_ZN6tflite5micro12KernelRunner19kNumScratchBuffers_E
 386              		.weak	_ZN11flatbuffers25flatbuffer_version_stringE
 387              		.section	.bss._ZN6tflite5micro12KernelRunner20kKernelRunnerBuffer_E,"aw",%nobits
 388              		.align	3
 389              		.set	.LANCHOR0,. + 0
 392              	_ZN6tflite5micro12KernelRunner20kKernelRunnerBuffer_E:
 393 0000 00000000 		.space	10000
 393      00000000 
 393      00000000 
 393      00000000 
 393      00000000 
 394              		.section	.data._ZN11flatbuffers25flatbuffer_version_stringE,"aw",%progbits
 395              		.align	2
 398              	_ZN11flatbuffers25flatbuffer_version_stringE:
 399 0000 00000000 		.word	.LC0
 400              		.section	.rodata._ZN6tflite5micro12KernelRunner19kNumScratchBuffers_E,"a",%progbits
 401              		.align	2
 404              	_ZN6tflite5micro12KernelRunner19kNumScratchBuffers_E:
 405 0000 0C000000 		.word	12
 406              		.section	.rodata._ZN6tflite5micro12KernelRunner24kKernelRunnerBufferSize_E,"a",%progbits
 407              		.align	2
 410              	_ZN6tflite5micro12KernelRunner24kKernelRunnerBufferSize_E:
 411 0000 10270000 		.word	10000
 412              		.section	.rodata.str1.4,"aMS",%progbits,1
 413              		.align	2
 414              	.LC0:
 415 0000 466C6174 		.ascii	"FlatBuffers 1.12.0\000"
 415      42756666 
 415      65727320 
 415      312E3132 
 415      2E3000
 416              		.ident	"GCC: (GNU Tools for ARM Embedded Processors 6-2017-q2-update) 6.3.1 20170620 (release) [AR
DEFINED SYMBOLS
                            *ABS*:00000000 kernel_runner.cc
C:\Users\a5050395\AppData\Local\Temp\ccYxTYhQ.s:14     .text._ZN6tflite5micro12KernelRunner9GetTensorEPK13TfLiteContexti:00000000 $a
C:\Users\a5050395\AppData\Local\Temp\ccYxTYhQ.s:20     .text._ZN6tflite5micro12KernelRunner9GetTensorEPK13TfLiteContexti:00000000 _ZN6tflite5micro12KernelRunner9GetTensorEPK13TfLiteContexti
.ARM.exidx.text._ZN6tflite5micro12KernelRunner9GetTensorEPK13TfLiteContexti:00000000 $d
C:\Users\a5050395\AppData\Local\Temp\ccYxTYhQ.s:40     .text._ZN6tflite5micro12KernelRunner13GetEvalTensorEPK13TfLiteContexti:00000000 $a
C:\Users\a5050395\AppData\Local\Temp\ccYxTYhQ.s:46     .text._ZN6tflite5micro12KernelRunner13GetEvalTensorEPK13TfLiteContexti:00000000 _ZN6tflite5micro12KernelRunner13GetEvalTensorEPK13TfLiteContexti
.ARM.exidx.text._ZN6tflite5micro12KernelRunner13GetEvalTensorEPK13TfLiteContexti:00000000 $d
C:\Users\a5050395\AppData\Local\Temp\ccYxTYhQ.s:81     .text._ZN6tflite5micro12KernelRunner24AllocatePersistentBufferEP13TfLiteContextj:00000000 $a
C:\Users\a5050395\AppData\Local\Temp\ccYxTYhQ.s:87     .text._ZN6tflite5micro12KernelRunner24AllocatePersistentBufferEP13TfLiteContextj:00000000 _ZN6tflite5micro12KernelRunner24AllocatePersistentBufferEP13TfLiteContextj
.ARM.exidx.text._ZN6tflite5micro12KernelRunner24AllocatePersistentBufferEP13TfLiteContextj:00000000 $d
C:\Users\a5050395\AppData\Local\Temp\ccYxTYhQ.s:109    .text._ZN6tflite5micro12KernelRunner27RequestScratchBufferInArenaEP13TfLiteContextjPi:00000000 $a
C:\Users\a5050395\AppData\Local\Temp\ccYxTYhQ.s:115    .text._ZN6tflite5micro12KernelRunner27RequestScratchBufferInArenaEP13TfLiteContextjPi:00000000 _ZN6tflite5micro12KernelRunner27RequestScratchBufferInArenaEP13TfLiteContextjPi
.ARM.exidx.text._ZN6tflite5micro12KernelRunner27RequestScratchBufferInArenaEP13TfLiteContextjPi:00000000 $d
C:\Users\a5050395\AppData\Local\Temp\ccYxTYhQ.s:158    .text._ZN6tflite5micro12KernelRunner16GetScratchBufferEP13TfLiteContexti:00000000 $a
C:\Users\a5050395\AppData\Local\Temp\ccYxTYhQ.s:164    .text._ZN6tflite5micro12KernelRunner16GetScratchBufferEP13TfLiteContexti:00000000 _ZN6tflite5micro12KernelRunner16GetScratchBufferEP13TfLiteContexti
.ARM.exidx.text._ZN6tflite5micro12KernelRunner16GetScratchBufferEP13TfLiteContexti:00000000 $d
C:\Users\a5050395\AppData\Local\Temp\ccYxTYhQ.s:189    .text._ZN6tflite5micro12KernelRunner8GetGraphEP13TfLiteContextPP14TfLiteIntArray:00000000 $a
C:\Users\a5050395\AppData\Local\Temp\ccYxTYhQ.s:195    .text._ZN6tflite5micro12KernelRunner8GetGraphEP13TfLiteContextPP14TfLiteIntArray:00000000 _ZN6tflite5micro12KernelRunner8GetGraphEP13TfLiteContextPP14TfLiteIntArray
.ARM.exidx.text._ZN6tflite5micro12KernelRunner8GetGraphEP13TfLiteContextPP14TfLiteIntArray:00000000 $d
C:\Users\a5050395\AppData\Local\Temp\ccYxTYhQ.s:216    .text._ZN6tflite5micro12KernelRunner13ReportOpErrorEP13TfLiteContextPKcz:00000000 $a
C:\Users\a5050395\AppData\Local\Temp\ccYxTYhQ.s:222    .text._ZN6tflite5micro12KernelRunner13ReportOpErrorEP13TfLiteContextPKcz:00000000 _ZN6tflite5micro12KernelRunner13ReportOpErrorEP13TfLiteContextPKcz
.ARM.extab.text._ZN6tflite5micro12KernelRunner13ReportOpErrorEP13TfLiteContextPKcz:00000000 $d
.ARM.exidx.text._ZN6tflite5micro12KernelRunner13ReportOpErrorEP13TfLiteContextPKcz:00000000 $d
C:\Users\a5050395\AppData\Local\Temp\ccYxTYhQ.s:249    .text._ZN6tflite5micro12KernelRunnerC2ERK18TfLiteRegistrationP12TfLiteTensoriP14TfLiteIntArrayS8_Pv:00000000 $a
C:\Users\a5050395\AppData\Local\Temp\ccYxTYhQ.s:255    .text._ZN6tflite5micro12KernelRunnerC2ERK18TfLiteRegistrationP12TfLiteTensoriP14TfLiteIntArrayS8_Pv:00000000 _ZN6tflite5micro12KernelRunnerC2ERK18TfLiteRegistrationP12TfLiteTensoriP14TfLiteIntArrayS8_Pv
C:\Users\a5050395\AppData\Local\Temp\ccYxTYhQ.s:389    .bss._ZN6tflite5micro12KernelRunner20kKernelRunnerBuffer_E:00000000 .LANCHOR0
.ARM.exidx.text._ZN6tflite5micro12KernelRunnerC2ERK18TfLiteRegistrationP12TfLiteTensoriP14TfLiteIntArrayS8_Pv:00000000 $d
C:\Users\a5050395\AppData\Local\Temp\ccYxTYhQ.s:255    .text._ZN6tflite5micro12KernelRunnerC2ERK18TfLiteRegistrationP12TfLiteTensoriP14TfLiteIntArrayS8_Pv:00000000 _ZN6tflite5micro12KernelRunnerC1ERK18TfLiteRegistrationP12TfLiteTensoriP14TfLiteIntArrayS8_Pv
C:\Users\a5050395\AppData\Local\Temp\ccYxTYhQ.s:322    .text._ZN6tflite5micro12KernelRunner14InitAndPrepareEPKcj:00000000 $a
C:\Users\a5050395\AppData\Local\Temp\ccYxTYhQ.s:328    .text._ZN6tflite5micro12KernelRunner14InitAndPrepareEPKcj:00000000 _ZN6tflite5micro12KernelRunner14InitAndPrepareEPKcj
.ARM.exidx.text._ZN6tflite5micro12KernelRunner14InitAndPrepareEPKcj:00000000 $d
C:\Users\a5050395\AppData\Local\Temp\ccYxTYhQ.s:358    .text._ZN6tflite5micro12KernelRunner6InvokeEv:00000000 $a
C:\Users\a5050395\AppData\Local\Temp\ccYxTYhQ.s:364    .text._ZN6tflite5micro12KernelRunner6InvokeEv:00000000 _ZN6tflite5micro12KernelRunner6InvokeEv
.ARM.exidx.text._ZN6tflite5micro12KernelRunner6InvokeEv:00000000 $d
C:\Users\a5050395\AppData\Local\Temp\ccYxTYhQ.s:392    .bss._ZN6tflite5micro12KernelRunner20kKernelRunnerBuffer_E:00000000 _ZN6tflite5micro12KernelRunner20kKernelRunnerBuffer_E
C:\Users\a5050395\AppData\Local\Temp\ccYxTYhQ.s:410    .rodata._ZN6tflite5micro12KernelRunner24kKernelRunnerBufferSize_E:00000000 _ZN6tflite5micro12KernelRunner24kKernelRunnerBufferSize_E
C:\Users\a5050395\AppData\Local\Temp\ccYxTYhQ.s:404    .rodata._ZN6tflite5micro12KernelRunner19kNumScratchBuffers_E:00000000 _ZN6tflite5micro12KernelRunner19kNumScratchBuffers_E
C:\Users\a5050395\AppData\Local\Temp\ccYxTYhQ.s:398    .data._ZN11flatbuffers25flatbuffer_version_stringE:00000000 _ZN11flatbuffers25flatbuffer_version_stringE
C:\Users\a5050395\AppData\Local\Temp\ccYxTYhQ.s:388    .bss._ZN6tflite5micro12KernelRunner20kKernelRunnerBuffer_E:00000000 $d
C:\Users\a5050395\AppData\Local\Temp\ccYxTYhQ.s:395    .data._ZN11flatbuffers25flatbuffer_version_stringE:00000000 $d
C:\Users\a5050395\AppData\Local\Temp\ccYxTYhQ.s:401    .rodata._ZN6tflite5micro12KernelRunner19kNumScratchBuffers_E:00000000 $d
C:\Users\a5050395\AppData\Local\Temp\ccYxTYhQ.s:407    .rodata._ZN6tflite5micro12KernelRunner24kKernelRunnerBufferSize_E:00000000 $d
C:\Users\a5050395\AppData\Local\Temp\ccYxTYhQ.s:413    .rodata.str1.4:00000000 $d

UNDEFINED SYMBOLS
abort
__aeabi_unwind_cpp_pr0
_ZN6tflite21GetMicroErrorReporterEv
__aeabi_unwind_cpp_pr1
_ZN6tflite21SimpleMemoryAllocator6CreateEPNS_13ErrorReporterEPhj
_ZN6tflite14MockMicroGraphC1EPNS_21SimpleMemoryAllocatorE
memset
