   1              		.cpu cortex-a9
   2              		.eabi_attribute 28, 1
   3              		.eabi_attribute 20, 1
   4              		.eabi_attribute 21, 1
   5              		.eabi_attribute 23, 3
   6              		.eabi_attribute 24, 1
   7              		.eabi_attribute 25, 1
   8              		.eabi_attribute 26, 1
   9              		.eabi_attribute 30, 2
  10              		.eabi_attribute 34, 0
  11              		.eabi_attribute 18, 4
  12              		.file	"op_resolver.cc"
  13              		.section	.text._ZN6tflite25GetRegistrationFromOpCodeEPKNS_12OperatorCodeERKNS_10OpResolverEPNS_13E
  14              		.align	2
  15              		.global	_ZN6tflite25GetRegistrationFromOpCodeEPKNS_12OperatorCodeERKNS_10OpResolverEPNS_13ErrorRep
  16              		.syntax unified
  17              		.arm
  18              		.fpu neon
  20              	_ZN6tflite25GetRegistrationFromOpCodeEPKNS_12OperatorCodeERKNS_10OpResolverEPNS_13ErrorReporterEPPK
  21              		.fnstart
  22              	.LFB6508:
  23              		@ args = 0, pretend = 0, frame = 0
  24              		@ frame_needed = 0, uses_anonymous_args = 0
  25 0000 70402DE9 		push	{r4, r5, r6, lr}
  26              		.save {r4, r5, r6, lr}
  27 0004 0350A0E1 		mov	r5, r3
  28 0008 0030A0E3 		mov	r3, #0
  29 000c 0040A0E1 		mov	r4, r0
  30 0010 0160A0E1 		mov	r6, r1
  31 0014 003085E5 		str	r3, [r5]
  32 0018 FEFFFFEB 		bl	_ZN6tflite14GetBuiltinCodeEPKNS_12OperatorCodeE
  33 001c 003094E5 		ldr	r3, [r4]
  34 0020 033044E0 		sub	r3, r4, r3
  35 0024 B010D3E1 		ldrh	r1, [r3]
  36 0028 080051E3 		cmp	r1, #8
  37 002c 150000DA 		ble	.L6
  38 0030 B820D3E1 		ldrh	r2, [r3, #8]
  39 0034 000052E3 		cmp	r2, #0
  40 0038 1200000A 		beq	.L6
  41 003c 022094E7 		ldr	r2, [r4, r2]
  42              	.L2:
  43 0040 900050E3 		cmp	r0, #144
  44 0044 0D0000CA 		bgt	.L10
  45 0048 200050E3 		cmp	r0, #32
  46 004c 0900000A 		beq	.L4
  47 0050 003096E5 		ldr	r3, [r6]
  48 0054 0010A0E1 		mov	r1, r0
  49 0058 0600A0E1 		mov	r0, r6
  50 005c 003093E5 		ldr	r3, [r3]
  51 0060 33FF2FE1 		blx	r3
  52 0064 0030A0E1 		mov	r3, r0
  53 0068 100F6FE1 		clz	r0, r0
  54 006c 003085E5 		str	r3, [r5]
  55 0070 A002A0E1 		lsr	r0, r0, #5
  56 0074 7080BDE8 		pop	{r4, r5, r6, pc}
  57              	.L4:
  58 0078 060051E3 		cmp	r1, #6
  59 007c 030000CA 		bgt	.L13
  60              	.L10:
  61 0080 0100A0E3 		mov	r0, #1
  62 0084 7080BDE8 		pop	{r4, r5, r6, pc}
  63              	.L6:
  64 0088 0120A0E3 		mov	r2, #1
  65 008c EBFFFFEA 		b	.L2
  66              	.L13:
  67 0090 B630D3E1 		ldrh	r3, [r3, #6]
  68 0094 000053E3 		cmp	r3, #0
  69 0098 031084E0 		add	r1, r4, r3
  70 009c F7FFFF0A 		beq	.L10
  71 00a0 033094E7 		ldr	r3, [r4, r3]
  72 00a4 031091E0 		adds	r1, r1, r3
  73 00a8 F4FFFF0A 		beq	.L10
  74 00ac 003096E5 		ldr	r3, [r6]
  75 00b0 041081E2 		add	r1, r1, #4
  76 00b4 0600A0E1 		mov	r0, r6
  77 00b8 043093E5 		ldr	r3, [r3, #4]
  78 00bc 33FF2FE1 		blx	r3
  79 00c0 0030A0E1 		mov	r3, r0
  80 00c4 100F6FE1 		clz	r0, r0
  81 00c8 003085E5 		str	r3, [r5]
  82 00cc A002A0E1 		lsr	r0, r0, #5
  83 00d0 7080BDE8 		pop	{r4, r5, r6, pc}
  84              		.fnend
  86              		.weak	_ZN11flatbuffers25flatbuffer_version_stringE
  87              		.section	.data._ZN11flatbuffers25flatbuffer_version_stringE,"aw",%progbits
  88              		.align	2
  91              	_ZN11flatbuffers25flatbuffer_version_stringE:
  92 0000 00000000 		.word	.LC0
  93              		.section	.rodata.str1.4,"aMS",%progbits,1
  94              		.align	2
  95              	.LC0:
  96 0000 466C6174 		.ascii	"FlatBuffers 1.12.0\000"
  96      42756666 
  96      65727320 
  96      312E3132 
  96      2E3000
  97              		.ident	"GCC: (GNU Tools for ARM Embedded Processors 6-2017-q2-update) 6.3.1 20170620 (release) [AR
DEFINED SYMBOLS
                            *ABS*:00000000 op_resolver.cc
C:\Users\a5050395\AppData\Local\Temp\ccgwrgBQ.s:14     .text._ZN6tflite25GetRegistrationFromOpCodeEPKNS_12OperatorCodeERKNS_10OpResolverEPNS_13ErrorReporterEPPK18TfLiteRegistration:00000000 $a
C:\Users\a5050395\AppData\Local\Temp\ccgwrgBQ.s:20     .text._ZN6tflite25GetRegistrationFromOpCodeEPKNS_12OperatorCodeERKNS_10OpResolverEPNS_13ErrorReporterEPPK18TfLiteRegistration:00000000 _ZN6tflite25GetRegistrationFromOpCodeEPKNS_12OperatorCodeERKNS_10OpResolverEPNS_13ErrorReporterEPPK18TfLiteRegistration
.ARM.exidx.text._ZN6tflite25GetRegistrationFromOpCodeEPKNS_12OperatorCodeERKNS_10OpResolverEPNS_13ErrorReporterEPPK18TfLiteRegistration:00000000 $d
C:\Users\a5050395\AppData\Local\Temp\ccgwrgBQ.s:91     .data._ZN11flatbuffers25flatbuffer_version_stringE:00000000 _ZN11flatbuffers25flatbuffer_version_stringE
C:\Users\a5050395\AppData\Local\Temp\ccgwrgBQ.s:88     .data._ZN11flatbuffers25flatbuffer_version_stringE:00000000 $d
C:\Users\a5050395\AppData\Local\Temp\ccgwrgBQ.s:94     .rodata.str1.4:00000000 $d

UNDEFINED SYMBOLS
_ZN6tflite14GetBuiltinCodeEPKNS_12OperatorCodeE
__aeabi_unwind_cpp_pr0
