   1              		.cpu cortex-a9
   2              		.eabi_attribute 28, 1
   3              		.eabi_attribute 20, 1
   4              		.eabi_attribute 21, 1
   5              		.eabi_attribute 23, 3
   6              		.eabi_attribute 24, 1
   7              		.eabi_attribute 25, 1
   8              		.eabi_attribute 26, 1
   9              		.eabi_attribute 30, 2
  10              		.eabi_attribute 34, 0
  11              		.eabi_attribute 18, 4
  12              		.file	"micro_time.cc"
  13              		.section	.text._ZN6tflite16ticks_per_secondEv,"ax",%progbits
  14              		.align	2
  15              		.global	_ZN6tflite16ticks_per_secondEv
  16              		.syntax unified
  17              		.arm
  18              		.fpu neon
  20              	_ZN6tflite16ticks_per_secondEv:
  21              		.fnstart
  22              	.LFB4:
  23              		@ args = 0, pretend = 0, frame = 0
  24              		@ frame_needed = 0, uses_anonymous_args = 0
  25              		@ link register save eliminated.
  26 0000 0000A0E3 		mov	r0, #0
  27 0004 1EFF2FE1 		bx	lr
  28              		.cantunwind
  29              		.fnend
  31              		.section	.text._ZN6tflite19GetCurrentTimeTicksEv,"ax",%progbits
  32              		.align	2
  33              		.global	_ZN6tflite19GetCurrentTimeTicksEv
  34              		.syntax unified
  35              		.arm
  36              		.fpu neon
  38              	_ZN6tflite19GetCurrentTimeTicksEv:
  39              		.fnstart
  40              	.LFB2:
  41              		@ args = 0, pretend = 0, frame = 0
  42              		@ frame_needed = 0, uses_anonymous_args = 0
  43              		@ link register save eliminated.
  44 0000 0000A0E3 		mov	r0, #0
  45 0004 1EFF2FE1 		bx	lr
  46              		.cantunwind
  47              		.fnend
  49              		.ident	"GCC: (GNU Tools for ARM Embedded Processors 6-2017-q2-update) 6.3.1 20170620 (release) [AR
DEFINED SYMBOLS
                            *ABS*:00000000 micro_time.cc
C:\Users\a5050395\AppData\Local\Temp\ccveSJWO.s:14     .text._ZN6tflite16ticks_per_secondEv:00000000 $a
C:\Users\a5050395\AppData\Local\Temp\ccveSJWO.s:20     .text._ZN6tflite16ticks_per_secondEv:00000000 _ZN6tflite16ticks_per_secondEv
.ARM.exidx.text._ZN6tflite16ticks_per_secondEv:00000000 $d
C:\Users\a5050395\AppData\Local\Temp\ccveSJWO.s:32     .text._ZN6tflite19GetCurrentTimeTicksEv:00000000 $a
C:\Users\a5050395\AppData\Local\Temp\ccveSJWO.s:38     .text._ZN6tflite19GetCurrentTimeTicksEv:00000000 _ZN6tflite19GetCurrentTimeTicksEv
.ARM.exidx.text._ZN6tflite19GetCurrentTimeTicksEv:00000000 $d

NO UNDEFINED SYMBOLS
