   1              		.cpu cortex-a9
   2              		.eabi_attribute 28, 1
   3              		.eabi_attribute 20, 1
   4              		.eabi_attribute 21, 1
   5              		.eabi_attribute 23, 3
   6              		.eabi_attribute 24, 1
   7              		.eabi_attribute 25, 1
   8              		.eabi_attribute 26, 1
   9              		.eabi_attribute 30, 2
  10              		.eabi_attribute 34, 0
  11              		.eabi_attribute 18, 4
  12              		.file	"micro_interpreter.cc"
  13              		.section	.text._ZN6tflite16MicroInterpreter24AllocatePersistentBufferEP13TfLiteContextj,"ax",%prog
  14              		.align	2
  15              		.global	_ZN6tflite16MicroInterpreter24AllocatePersistentBufferEP13TfLiteContextj
  16              		.syntax unified
  17              		.arm
  18              		.fpu neon
  20              	_ZN6tflite16MicroInterpreter24AllocatePersistentBufferEP13TfLiteContextj:
  21              		.fnstart
  22              	.LFB6750:
  23              		@ args = 0, pretend = 0, frame = 0
  24              		@ frame_needed = 0, uses_anonymous_args = 0
  25              		@ link register save eliminated.
  26 0000 0C3090E5 		ldr	r3, [r0, #12]
  27 0004 640093E5 		ldr	r0, [r3, #100]
  28 0008 003090E5 		ldr	r3, [r0]
  29 000c 0C3093E5 		ldr	r3, [r3, #12]
  30 0010 13FF2FE1 		bx	r3
  31              		.cantunwind
  32              		.fnend
  34              		.section	.text._ZN6tflite16MicroInterpreter16GetScratchBufferEP13TfLiteContexti,"ax",%progbits
  35              		.align	2
  36              		.global	_ZN6tflite16MicroInterpreter16GetScratchBufferEP13TfLiteContexti
  37              		.syntax unified
  38              		.arm
  39              		.fpu neon
  41              	_ZN6tflite16MicroInterpreter16GetScratchBufferEP13TfLiteContexti:
  42              		.fnstart
  43              	.LFB6752:
  44              		@ args = 0, pretend = 0, frame = 0
  45              		@ frame_needed = 0, uses_anonymous_args = 0
  46              		@ link register save eliminated.
  47 0000 0C3090E5 		ldr	r3, [r0, #12]
  48 0004 883093E5 		ldr	r3, [r3, #136]
  49 0008 010193E7 		ldr	r0, [r3, r1, lsl #2]
  50 000c 1EFF2FE1 		bx	lr
  51              		.cantunwind
  52              		.fnend
  54              		.section	.text._ZN6tflite16MicroInterpreter13ReportOpErrorEP13TfLiteContextPKcz,"ax",%progbits
  55              		.align	2
  56              		.global	_ZN6tflite16MicroInterpreter13ReportOpErrorEP13TfLiteContextPKcz
  57              		.syntax unified
  58              		.arm
  59              		.fpu neon
  61              	_ZN6tflite16MicroInterpreter13ReportOpErrorEP13TfLiteContextPKcz:
  62              		.fnstart
  63              	.LFB6753:
  64              		@ args = 4, pretend = 12, frame = 0
  65              		@ frame_needed = 0, uses_anonymous_args = 1
  66              		@ link register save eliminated.
  67 0000 0E002DE9 		push	{r1, r2, r3}
  68 0004 0CD08DE2 		add	sp, sp, #12
  69 0008 1EFF2FE1 		bx	lr
  70              		.cantunwind
  71              		.fnend
  73              		.section	.text._ZN6tflite16MicroInterpreter9GetTensorEPK13TfLiteContexti,"ax",%progbits
  74              		.align	2
  75              		.global	_ZN6tflite16MicroInterpreter9GetTensorEPK13TfLiteContexti
  76              		.syntax unified
  77              		.arm
  78              		.fpu neon
  80              	_ZN6tflite16MicroInterpreter9GetTensorEPK13TfLiteContexti:
  81              		.fnstart
  82              	.LFB6754:
  83              		@ args = 0, pretend = 0, frame = 0
  84              		@ frame_needed = 0, uses_anonymous_args = 0
  85 0000 0CC090E5 		ldr	ip, [r0, #12]
  86 0004 0130A0E1 		mov	r3, r1
  87 0008 10402DE9 		push	{r4, lr}
  88              		.save {r4, lr}
  89              		.pad #8
  90 000c 08D04DE2 		sub	sp, sp, #8
  91 0010 64009CE5 		ldr	r0, [ip, #100]
  92 0014 78209CE5 		ldr	r2, [ip, #120]
  93 0018 00109CE5 		ldr	r1, [ip]
  94 001c 00E090E5 		ldr	lr, [r0]
  95 0020 7CC09CE5 		ldr	ip, [ip, #124]
  96 0024 00C08DE5 		str	ip, [sp]
  97 0028 04409EE5 		ldr	r4, [lr, #4]
  98 002c 34FF2FE1 		blx	r4
  99 0030 08D08DE2 		add	sp, sp, #8
 100              		@ sp needed
 101 0034 1080BDE8 		pop	{r4, pc}
 102              		.fnend
 104              		.section	.text._ZN6tflite16MicroInterpreter13GetEvalTensorEPK13TfLiteContexti,"ax",%progbits
 105              		.align	2
 106              		.global	_ZN6tflite16MicroInterpreter13GetEvalTensorEPK13TfLiteContexti
 107              		.syntax unified
 108              		.arm
 109              		.fpu neon
 111              	_ZN6tflite16MicroInterpreter13GetEvalTensorEPK13TfLiteContexti:
 112              		.fnstart
 113              	.LFB6755:
 114              		@ args = 0, pretend = 0, frame = 0
 115              		@ frame_needed = 0, uses_anonymous_args = 0
 116              		@ link register save eliminated.
 117 0000 0C2090E5 		ldr	r2, [r0, #12]
 118 0004 811081E0 		add	r1, r1, r1, lsl #1
 119 0008 7C0092E5 		ldr	r0, [r2, #124]
 120 000c 783092E5 		ldr	r3, [r2, #120]
 121 0010 803183E0 		add	r3, r3, r0, lsl #3
 122 0014 040093E5 		ldr	r0, [r3, #4]
 123 0018 010180E0 		add	r0, r0, r1, lsl #2
 124 001c 1EFF2FE1 		bx	lr
 125              		.cantunwind
 126              		.fnend
 128              		.section	.text._ZN6tflite16MicroInterpreter8GetGraphEP13TfLiteContextPP14TfLiteIntArray,"ax",%prog
 129              		.align	2
 130              		.global	_ZN6tflite16MicroInterpreter8GetGraphEP13TfLiteContextPP14TfLiteIntArray
 131              		.syntax unified
 132              		.arm
 133              		.fpu neon
 135              	_ZN6tflite16MicroInterpreter8GetGraphEP13TfLiteContextPP14TfLiteIntArray:
 136              		.fnstart
 137              	.LFB6756:
 138              		@ args = 0, pretend = 0, frame = 0
 139              		@ frame_needed = 0, uses_anonymous_args = 0
 140              		@ link register save eliminated.
 141 0000 0C3090E5 		ldr	r3, [r0, #12]
 142 0004 0000A0E3 		mov	r0, #0
 143 0008 683083E2 		add	r3, r3, #104
 144 000c 003081E5 		str	r3, [r1]
 145 0010 1EFF2FE1 		bx	lr
 146              		.cantunwind
 147              		.fnend
 149              		.section	.text._ZN6tflite16MicroInterpreter27RequestScratchBufferInArenaEP13TfLiteContextjPi,"ax",
 150              		.align	2
 151              		.global	_ZN6tflite16MicroInterpreter27RequestScratchBufferInArenaEP13TfLiteContextjPi
 152              		.syntax unified
 153              		.arm
 154              		.fpu neon
 156              	_ZN6tflite16MicroInterpreter27RequestScratchBufferInArenaEP13TfLiteContextjPi:
 157              		.fnstart
 158              	.LFB6751:
 159              		@ args = 0, pretend = 0, frame = 0
 160              		@ frame_needed = 0, uses_anonymous_args = 0
 161              		@ link register save eliminated.
 162 0000 0CC090E5 		ldr	ip, [r0, #12]
 163 0004 0230A0E1 		mov	r3, r2
 164 0008 64009CE5 		ldr	r0, [ip, #100]
 165 000c 7C209CE5 		ldr	r2, [ip, #124]
 166 0010 FEFFFFEA 		b	_ZN6tflite14MicroAllocator27RequestScratchBufferInArenaEjiPi
 167              		.cantunwind
 168              		.fnend
 170              		.section	.text.unlikely._ZNK6tflite16MicroInterpreter12outputs_sizeEv.isra.5.part.6,"ax",%progbits
 171              		.align	2
 172              		.syntax unified
 173              		.arm
 174              		.fpu neon
 176              	_ZNK6tflite16MicroInterpreter12outputs_sizeEv.isra.5.part.6:
 177              		.fnstart
 178              	.LFB11223:
 179              		@ args = 0, pretend = 0, frame = 0
 180              		@ frame_needed = 0, uses_anonymous_args = 0
 181 0000 003000E3 		movw	r3, #:lower16:.LC0
 182 0004 002000E3 		movw	r2, #:lower16:.LANCHOR0
 183 0008 000000E3 		movw	r0, #:lower16:.LC1
 184 000c 10402DE9 		push	{r4, lr}
 185              		.save {r4, lr}
 186 0010 003040E3 		movt	r3, #:upper16:.LC0
 187 0014 002040E3 		movt	r2, #:upper16:.LANCHOR0
 188 0018 000040E3 		movt	r0, #:upper16:.LC1
 189 001c 061100E3 		movw	r1, #262
 190 0020 FEFFFFEB 		bl	__assert_func
 191              		.fnend
 193              		.set	_ZNK6tflite16MicroInterpreter11inputs_sizeEv.isra.2.part.3,_ZNK6tflite16MicroInterpreter12out
 194              		.section	.text._ZN6tflite16MicroInterpreterC2EPKNS_5ModelERKNS_15MicroOpResolverEPhjPNS_13ErrorRep
 195              		.align	2
 196              		.global	_ZN6tflite16MicroInterpreterC2EPKNS_5ModelERKNS_15MicroOpResolverEPhjPNS_13ErrorReporterEP
 197              		.syntax unified
 198              		.arm
 199              		.fpu neon
 201              	_ZN6tflite16MicroInterpreterC2EPKNS_5ModelERKNS_15MicroOpResolverEPhjPNS_13ErrorReporterEPNS_13Micr
 202              		.fnstart
 203              	.LFB6735:
 204              		@ args = 12, pretend = 0, frame = 0
 205              		@ frame_needed = 0, uses_anonymous_args = 0
 206 0000 F0472DE9 		push	{r4, r5, r6, r7, r8, r9, r10, lr}
 207              		.save {r4, r5, r6, r7, r8, r9, r10, lr}
 208 0004 0040A0E1 		mov	r4, r0
 209 0008 24809DE5 		ldr	r8, [sp, #36]
 210 000c 0C7080E2 		add	r7, r0, #12
 211 0010 0390A0E1 		mov	r9, r3
 212 0014 0150A0E1 		mov	r5, r1
 213 0018 042080E5 		str	r2, [r0, #4]
 214 001c 0700A0E1 		mov	r0, r7
 215 0020 001084E5 		str	r1, [r4]
 216 0024 5820A0E3 		mov	r2, #88
 217 0028 088084E5 		str	r8, [r4, #8]
 218 002c 0010A0E3 		mov	r1, #0
 219 0030 28609DE5 		ldr	r6, [sp, #40]
 220 0034 FEFFFFEB 		bl	memset
 221 0038 0820A0E1 		mov	r2, r8
 222 003c 20109DE5 		ldr	r1, [sp, #32]
 223 0040 0900A0E1 		mov	r0, r9
 224 0044 FEFFFFEB 		bl	_ZN6tflite14MicroAllocator6CreateEPhjPNS_13ErrorReporterE
 225 0048 0030A0E1 		mov	r3, r0
 226 004c 0710A0E1 		mov	r1, r7
 227 0050 0520A0E1 		mov	r2, r5
 228 0054 643084E5 		str	r3, [r4, #100]
 229 0058 680084E2 		add	r0, r4, #104
 230 005c FEFFFFEB 		bl	_ZN6tflite10MicroGraphC1EP13TfLiteContextPKNS_5ModelEPNS_14MicroAllocatorE
 231 0060 00C000E3 		movw	ip, #:lower16:_ZN6tflite16MicroInterpreter13ReportOpErrorEP13TfLiteContextPKcz
 232 0064 001000E3 		movw	r1, #:lower16:_ZN6tflite16MicroInterpreter9GetTensorEPK13TfLiteContexti
 233 0068 002000E3 		movw	r2, #:lower16:_ZN6tflite16MicroInterpreter13GetEvalTensorEPK13TfLiteContexti
 234 006c 0030A0E3 		mov	r3, #0
 235 0070 00C040E3 		movt	ip, #:upper16:_ZN6tflite16MicroInterpreter13ReportOpErrorEP13TfLiteContextPKcz
 236 0074 001040E3 		movt	r1, #:upper16:_ZN6tflite16MicroInterpreter9GetTensorEPK13TfLiteContexti
 237 0078 002040E3 		movt	r2, #:upper16:_ZN6tflite16MicroInterpreter13GetEvalTensorEPK13TfLiteContexti
 238 007c 184084E5 		str	r4, [r4, #24]
 239 0080 406084E5 		str	r6, [r4, #64]
 240 0084 0400A0E1 		mov	r0, r4
 241 0088 20C084E5 		str	ip, [r4, #32]
 242 008c 5C1084E5 		str	r1, [r4, #92]
 243 0090 602084E5 		str	r2, [r4, #96]
 244 0094 8430C4E5 		strb	r3, [r4, #132]
 245 0098 883084E5 		str	r3, [r4, #136]
 246 009c 8C3084E5 		str	r3, [r4, #140]
 247 00a0 903084E5 		str	r3, [r4, #144]
 248 00a4 8530C4E5 		strb	r3, [r4, #133]
 249 00a8 F087BDE8 		pop	{r4, r5, r6, r7, r8, r9, r10, pc}
 250              		.fnend
 252              		.global	_ZN6tflite16MicroInterpreterC1EPKNS_5ModelERKNS_15MicroOpResolverEPhjPNS_13ErrorReporterEP
 253              		.set	_ZN6tflite16MicroInterpreterC1EPKNS_5ModelERKNS_15MicroOpResolverEPhjPNS_13ErrorReporterEPNS_
 254              		.section	.text._ZN6tflite16MicroInterpreterC2EPKNS_5ModelERKNS_15MicroOpResolverEPNS_14MicroAlloca
 255              		.align	2
 256              		.global	_ZN6tflite16MicroInterpreterC2EPKNS_5ModelERKNS_15MicroOpResolverEPNS_14MicroAllocatorEPNS
 257              		.syntax unified
 258              		.arm
 259              		.fpu neon
 261              	_ZN6tflite16MicroInterpreterC2EPKNS_5ModelERKNS_15MicroOpResolverEPNS_14MicroAllocatorEPNS_13ErrorR
 262              		.fnstart
 263              	.LFB6738:
 264              		@ args = 8, pretend = 0, frame = 0
 265              		@ frame_needed = 0, uses_anonymous_args = 0
 266 0000 F0412DE9 		push	{r4, r5, r6, r7, r8, lr}
 267              		.save {r4, r5, r6, r7, r8, lr}
 268 0004 0040A0E1 		mov	r4, r0
 269 0008 18C09DE5 		ldr	ip, [sp, #24]
 270 000c 0C8080E2 		add	r8, r0, #12
 271 0010 0360A0E1 		mov	r6, r3
 272 0014 0150A0E1 		mov	r5, r1
 273 0018 042080E5 		str	r2, [r0, #4]
 274 001c 0800A0E1 		mov	r0, r8
 275 0020 08C084E5 		str	ip, [r4, #8]
 276 0024 5820A0E3 		mov	r2, #88
 277 0028 001084E5 		str	r1, [r4]
 278 002c 0010A0E3 		mov	r1, #0
 279 0030 1C709DE5 		ldr	r7, [sp, #28]
 280 0034 FEFFFFEB 		bl	memset
 281 0038 0810A0E1 		mov	r1, r8
 282 003c 0630A0E1 		mov	r3, r6
 283 0040 0520A0E1 		mov	r2, r5
 284 0044 646084E5 		str	r6, [r4, #100]
 285 0048 680084E2 		add	r0, r4, #104
 286 004c FEFFFFEB 		bl	_ZN6tflite10MicroGraphC1EP13TfLiteContextPKNS_5ModelEPNS_14MicroAllocatorE
 287 0050 00C000E3 		movw	ip, #:lower16:_ZN6tflite16MicroInterpreter13ReportOpErrorEP13TfLiteContextPKcz
 288 0054 001000E3 		movw	r1, #:lower16:_ZN6tflite16MicroInterpreter9GetTensorEPK13TfLiteContexti
 289 0058 002000E3 		movw	r2, #:lower16:_ZN6tflite16MicroInterpreter13GetEvalTensorEPK13TfLiteContexti
 290 005c 0030A0E3 		mov	r3, #0
 291 0060 00C040E3 		movt	ip, #:upper16:_ZN6tflite16MicroInterpreter13ReportOpErrorEP13TfLiteContextPKcz
 292 0064 001040E3 		movt	r1, #:upper16:_ZN6tflite16MicroInterpreter9GetTensorEPK13TfLiteContexti
 293 0068 002040E3 		movt	r2, #:upper16:_ZN6tflite16MicroInterpreter13GetEvalTensorEPK13TfLiteContexti
 294 006c 184084E5 		str	r4, [r4, #24]
 295 0070 407084E5 		str	r7, [r4, #64]
 296 0074 0400A0E1 		mov	r0, r4
 297 0078 20C084E5 		str	ip, [r4, #32]
 298 007c 5C1084E5 		str	r1, [r4, #92]
 299 0080 602084E5 		str	r2, [r4, #96]
 300 0084 8430C4E5 		strb	r3, [r4, #132]
 301 0088 883084E5 		str	r3, [r4, #136]
 302 008c 8C3084E5 		str	r3, [r4, #140]
 303 0090 903084E5 		str	r3, [r4, #144]
 304 0094 8530C4E5 		strb	r3, [r4, #133]
 305 0098 F081BDE8 		pop	{r4, r5, r6, r7, r8, pc}
 306              		.fnend
 308              		.global	_ZN6tflite16MicroInterpreterC1EPKNS_5ModelERKNS_15MicroOpResolverEPNS_14MicroAllocatorEPNS
 309              		.set	_ZN6tflite16MicroInterpreterC1EPKNS_5ModelERKNS_15MicroOpResolverEPNS_14MicroAllocatorEPNS_13
 310              		.section	.text._ZN6tflite16MicroInterpreter4InitEPNS_13MicroProfilerE,"ax",%progbits
 311              		.align	2
 312              		.global	_ZN6tflite16MicroInterpreter4InitEPNS_13MicroProfilerE
 313              		.syntax unified
 314              		.arm
 315              		.fpu neon
 317              	_ZN6tflite16MicroInterpreter4InitEPNS_13MicroProfilerE:
 318              		.fnstart
 319              	.LFB6743:
 320              		@ args = 0, pretend = 0, frame = 0
 321              		@ frame_needed = 0, uses_anonymous_args = 0
 322 0000 00C000E3 		movw	ip, #:lower16:_ZN6tflite16MicroInterpreter13ReportOpErrorEP13TfLiteContextPKcz
 323 0004 002000E3 		movw	r2, #:lower16:_ZN6tflite16MicroInterpreter9GetTensorEPK13TfLiteContexti
 324 0008 003000E3 		movw	r3, #:lower16:_ZN6tflite16MicroInterpreter13GetEvalTensorEPK13TfLiteContexti
 325 000c 04E02DE5 		str	lr, [sp, #-4]!
 326 0010 00C040E3 		movt	ip, #:upper16:_ZN6tflite16MicroInterpreter13ReportOpErrorEP13TfLiteContextPKcz
 327 0014 002040E3 		movt	r2, #:upper16:_ZN6tflite16MicroInterpreter9GetTensorEPK13TfLiteContexti
 328 0018 003040E3 		movt	r3, #:upper16:_ZN6tflite16MicroInterpreter13GetEvalTensorEPK13TfLiteContexti
 329 001c 00E0A0E3 		mov	lr, #0
 330 0020 180080E5 		str	r0, [r0, #24]
 331 0024 401080E5 		str	r1, [r0, #64]
 332 0028 20C080E5 		str	ip, [r0, #32]
 333 002c 5C2080E5 		str	r2, [r0, #92]
 334 0030 603080E5 		str	r3, [r0, #96]
 335 0034 85E0C0E5 		strb	lr, [r0, #133]
 336 0038 04F09DE4 		ldr	pc, [sp], #4
 337              		.cantunwind
 338              		.fnend
 340              		.section	.text._ZN6tflite16MicroInterpreter5inputEj,"ax",%progbits
 341              		.align	2
 342              		.global	_ZN6tflite16MicroInterpreter5inputEj
 343              		.syntax unified
 344              		.arm
 345              		.fpu neon
 347              	_ZN6tflite16MicroInterpreter5inputEj:
 348              		.fnstart
 349              	.LFB6747:
 350              		@ args = 0, pretend = 0, frame = 0
 351              		@ frame_needed = 0, uses_anonymous_args = 0
 352 0000 002090E5 		ldr	r2, [r0]
 353 0004 003092E5 		ldr	r3, [r2]
 354 0008 033042E0 		sub	r3, r2, r3
 355 000c B0C0D3E1 		ldrh	ip, [r3]
 356 0010 08005CE3 		cmp	ip, #8
 357 0014 1E0000DA 		ble	.L19
 358 0018 B8C0D3E1 		ldrh	ip, [r3, #8]
 359 001c 00005CE3 		cmp	ip, #0
 360 0020 0C3082E0 		add	r3, r2, ip
 361 0024 1A00000A 		beq	.L19
 362 0028 0C2092E7 		ldr	r2, [r2, ip]
 363 002c 02C093E7 		ldr	ip, [r3, r2]
 364 0030 023083E0 		add	r3, r3, r2
 365 0034 00005CE3 		cmp	ip, #0
 366 0038 1800000A 		beq	.L34
 367 003c 04C093E5 		ldr	ip, [r3, #4]
 368 0040 043083E2 		add	r3, r3, #4
 369 0044 0C2093E7 		ldr	r2, [r3, ip]
 370 0048 0C3083E0 		add	r3, r3, ip
 371 004c 022043E0 		sub	r2, r3, r2
 372 0050 B0C0D2E1 		ldrh	ip, [r2]
 373 0054 06005CE3 		cmp	ip, #6
 374 0058 0A0000DA 		ble	.L21
 375 005c B620D2E1 		ldrh	r2, [r2, #6]
 376 0060 000052E3 		cmp	r2, #0
 377 0064 02C083E0 		add	ip, r3, r2
 378 0068 0600000A 		beq	.L21
 379 006c 023093E7 		ldr	r3, [r3, r2]
 380 0070 03309CE7 		ldr	r3, [ip, r3]
 381 0074 030051E1 		cmp	r1, r3
 382 0078 8C309035 		ldrcc	r3, [r0, #140]
 383 007c 0000A023 		movcs	r0, #0
 384 0080 01019337 		ldrcc	r0, [r3, r1, lsl #2]
 385 0084 1EFF2FE1 		bx	lr
 386              	.L21:
 387 0088 0030A0E3 		mov	r3, #0
 388 008c 003093E5 		ldr	r3, [r3]
 389 0090 F000F0E7 		.inst	0xe7f000f0
 390              	.L19:
 391 0094 0030A0E3 		mov	r3, #0
 392 0098 003093E5 		ldr	r3, [r3]
 393 009c F000F0E7 		.inst	0xe7f000f0
 394              	.L34:
 395 00a0 10402DE9 		push	{r4, lr}
 396              		.save {r4, lr}
 397 00a4 FEFFFFEB 		bl	_ZNK6tflite16MicroInterpreter11inputs_sizeEv.isra.2.part.3
 398              		.fnend
 400              		.section	.text._ZN6tflite16MicroInterpreter6outputEj,"ax",%progbits
 401              		.align	2
 402              		.global	_ZN6tflite16MicroInterpreter6outputEj
 403              		.syntax unified
 404              		.arm
 405              		.fpu neon
 407              	_ZN6tflite16MicroInterpreter6outputEj:
 408              		.fnstart
 409              	.LFB6748:
 410              		@ args = 0, pretend = 0, frame = 0
 411              		@ frame_needed = 0, uses_anonymous_args = 0
 412 0000 002090E5 		ldr	r2, [r0]
 413 0004 003092E5 		ldr	r3, [r2]
 414 0008 033042E0 		sub	r3, r2, r3
 415 000c B0C0D3E1 		ldrh	ip, [r3]
 416 0010 08005CE3 		cmp	ip, #8
 417 0014 1E0000DA 		ble	.L36
 418 0018 B8C0D3E1 		ldrh	ip, [r3, #8]
 419 001c 00005CE3 		cmp	ip, #0
 420 0020 0C3082E0 		add	r3, r2, ip
 421 0024 1A00000A 		beq	.L36
 422 0028 0C2092E7 		ldr	r2, [r2, ip]
 423 002c 02C093E7 		ldr	ip, [r3, r2]
 424 0030 023083E0 		add	r3, r3, r2
 425 0034 00005CE3 		cmp	ip, #0
 426 0038 1800000A 		beq	.L50
 427 003c 04C093E5 		ldr	ip, [r3, #4]
 428 0040 043083E2 		add	r3, r3, #4
 429 0044 0C2093E7 		ldr	r2, [r3, ip]
 430 0048 0C3083E0 		add	r3, r3, ip
 431 004c 022043E0 		sub	r2, r3, r2
 432 0050 B0C0D2E1 		ldrh	ip, [r2]
 433 0054 08005CE3 		cmp	ip, #8
 434 0058 0A0000DA 		ble	.L38
 435 005c B820D2E1 		ldrh	r2, [r2, #8]
 436 0060 000052E3 		cmp	r2, #0
 437 0064 02C083E0 		add	ip, r3, r2
 438 0068 0600000A 		beq	.L38
 439 006c 023093E7 		ldr	r3, [r3, r2]
 440 0070 03309CE7 		ldr	r3, [ip, r3]
 441 0074 030051E1 		cmp	r1, r3
 442 0078 90309035 		ldrcc	r3, [r0, #144]
 443 007c 0000A023 		movcs	r0, #0
 444 0080 01019337 		ldrcc	r0, [r3, r1, lsl #2]
 445 0084 1EFF2FE1 		bx	lr
 446              	.L38:
 447 0088 0030A0E3 		mov	r3, #0
 448 008c 003093E5 		ldr	r3, [r3]
 449 0090 F000F0E7 		.inst	0xe7f000f0
 450              	.L36:
 451 0094 0030A0E3 		mov	r3, #0
 452 0098 003093E5 		ldr	r3, [r3]
 453 009c F000F0E7 		.inst	0xe7f000f0
 454              	.L50:
 455 00a0 10402DE9 		push	{r4, lr}
 456              		.save {r4, lr}
 457 00a4 FEFFFFEB 		bl	_ZNK6tflite16MicroInterpreter12outputs_sizeEv.isra.5.part.6
 458              		.fnend
 460              		.section	.text._ZN6tflite16MicroInterpreterD2Ev,"ax",%progbits
 461              		.align	2
 462              		.global	_ZN6tflite16MicroInterpreterD2Ev
 463              		.syntax unified
 464              		.arm
 465              		.fpu neon
 467              	_ZN6tflite16MicroInterpreterD2Ev:
 468              		.fnstart
 469              	.LFB6741:
 470              		@ args = 0, pretend = 0, frame = 0
 471              		@ frame_needed = 0, uses_anonymous_args = 0
 472 0000 783090E5 		ldr	r3, [r0, #120]
 473 0004 70402DE9 		push	{r4, r5, r6, lr}
 474              		.save {r4, r5, r6, lr}
 475 0008 0040A0E1 		mov	r4, r0
 476 000c 685080E2 		add	r5, r0, #104
 477 0010 000053E3 		cmp	r3, #0
 478 0014 0100000A 		beq	.L53
 479 0018 0500A0E1 		mov	r0, r5
 480 001c FEFFFFEB 		bl	_ZN6tflite10MicroGraph13FreeSubgraphsEv
 481              	.L53:
 482 0020 0500A0E1 		mov	r0, r5
 483 0024 FEFFFFEB 		bl	_ZN6tflite10MicroGraphD1Ev
 484 0028 0400A0E1 		mov	r0, r4
 485 002c 7080BDE8 		pop	{r4, r5, r6, pc}
 486              		.global	__gxx_personality_v0
 487              		.personality	__gxx_personality_v0
 488              		.handlerdata
 489              	.LLSDA6741:
 490 0008 FF       		.byte	0xff
 491 0009 FF       		.byte	0xff
 492 000a 01       		.byte	0x1
 493 000b 00       		.uleb128 .LLSDACSE6741-.LLSDACSB6741
 494              	.LLSDACSB6741:
 495              	.LLSDACSE6741:
 496              		.section	.text._ZN6tflite16MicroInterpreterD2Ev
 497              		.fnend
 499              		.global	_ZN6tflite16MicroInterpreterD1Ev
 500              		.set	_ZN6tflite16MicroInterpreterD1Ev,_ZN6tflite16MicroInterpreterD2Ev
 501              		.section	.text._ZN6tflite16MicroInterpreter44PrepareNodeAndRegistrationDataFromFlatbufferEv,"ax",%
 502              		.align	2
 503              		.global	_ZN6tflite16MicroInterpreter44PrepareNodeAndRegistrationDataFromFlatbufferEv
 504              		.syntax unified
 505              		.arm
 506              		.fpu neon
 508              	_ZN6tflite16MicroInterpreter44PrepareNodeAndRegistrationDataFromFlatbufferEv:
 509              		.fnstart
 510              	.LFB6744:
 511              		@ args = 0, pretend = 0, frame = 48
 512              		@ frame_needed = 0, uses_anonymous_args = 0
 513 0000 F04F2DE9 		push	{r4, r5, r6, r7, r8, r9, r10, fp, lr}
 514              		.save {r4, r5, r6, r7, r8, r9, r10, fp, lr}
 515 0004 0030A0E3 		mov	r3, #0
 516              		.pad #52
 517 0008 34D04DE2 		sub	sp, sp, #52
 518 000c 00B0A0E1 		mov	fp, r0
 519 0010 18308DE5 		str	r3, [sp, #24]
 520 0014 683080E2 		add	r3, r0, #104
 521 0018 0300A0E1 		mov	r0, r3
 522 001c 1C308DE5 		str	r3, [sp, #28]
 523              	.L73:
 524 0020 FEFFFFEB 		bl	_ZN6tflite10MicroGraph12NumSubgraphsEv
 525 0024 18C09DE5 		ldr	ip, [sp, #24]
 526 0028 00005CE1 		cmp	ip, r0
 527 002c CF0000AA 		bge	.L75
 528 0030 00309BE5 		ldr	r3, [fp]
 529 0034 002093E5 		ldr	r2, [r3]
 530 0038 022043E0 		sub	r2, r3, r2
 531 003c B010D2E1 		ldrh	r1, [r2]
 532 0040 080051E3 		cmp	r1, #8
 533 0044 9F0000DA 		ble	.L61
 534 0048 B810D2E1 		ldrh	r1, [r2, #8]
 535 004c 000051E3 		cmp	r1, #0
 536 0050 018083E0 		add	r8, r3, r1
 537 0054 9B00000A 		beq	.L61
 538 0058 011093E7 		ldr	r1, [r3, r1]
 539 005c 010098E7 		ldr	r0, [r8, r1]
 540 0060 018088E0 		add	r8, r8, r1
 541 0064 00005CE1 		cmp	ip, r0
 542 0068 C300002A 		bcs	.L108
 543 006c 048088E2 		add	r8, r8, #4
 544 0070 0C1198E7 		ldr	r1, [r8, ip, lsl #2]
 545 0074 0C8188E0 		add	r8, r8, ip, lsl #2
 546 0078 018098E0 		adds	r8, r8, r1
 547 007c BD00000A 		beq	.L109
 548 0080 B620D2E1 		ldrh	r2, [r2, #6]
 549 0084 0060A0E3 		mov	r6, #0
 550 0088 64009BE5 		ldr	r0, [fp, #100]
 551 008c 06A0A0E1 		mov	r10, r6
 552 0090 000052E3 		cmp	r2, #0
 553 0094 021083E0 		add	r1, r3, r2
 554 0098 02309317 		ldrne	r3, [r3, r2]
 555 009c 0C208D05 		streq	r2, [sp, #12]
 556 00a0 03308110 		addne	r3, r1, r3
 557 00a4 0C308D15 		strne	r3, [sp, #12]
 558 00a8 8C31A0E1 		lsl	r3, ip, #3
 559 00ac 04308DE5 		str	r3, [sp, #4]
 560 00b0 0C309DE5 		ldr	r3, [sp, #12]
 561 00b4 043083E2 		add	r3, r3, #4
 562 00b8 10308DE5 		str	r3, [sp, #16]
 563 00bc FEFFFFEB 		bl	_ZN6tflite14MicroAllocator23GetBuiltinDataAllocatorEv
 564 00c0 14008DE5 		str	r0, [sp, #20]
 565 00c4 7A0000EA 		b	.L72
 566              	.L111:
 567 00c8 BA30D3E1 		ldrh	r3, [r3, #10]
 568 00cc 000053E3 		cmp	r3, #0
 569 00d0 034088E0 		add	r4, r8, r3
 570 00d4 7B00000A 		beq	.L61
 571 00d8 033098E7 		ldr	r3, [r8, r3]
 572 00dc 032094E7 		ldr	r2, [r4, r3]
 573 00e0 034084E0 		add	r4, r4, r3
 574 00e4 02005AE1 		cmp	r10, r2
 575 00e8 9900002A 		bcs	.L62
 576 00ec 044084E2 		add	r4, r4, #4
 577 00f0 0A7194E7 		ldr	r7, [r4, r10, lsl #2]
 578 00f4 0A4184E0 		add	r4, r4, r10, lsl #2
 579 00f8 073094E7 		ldr	r3, [r4, r7]
 580 00fc 075084E0 		add	r5, r4, r7
 581 0100 033045E0 		sub	r3, r5, r3
 582 0104 B020D3E1 		ldrh	r2, [r3]
 583 0108 040052E3 		cmp	r2, #4
 584 010c 0030A0D3 		movle	r3, #0
 585 0110 020000DA 		ble	.L63
 586 0114 B430D3E1 		ldrh	r3, [r3, #4]
 587 0118 000053E3 		cmp	r3, #0
 588 011c 03309517 		ldrne	r3, [r5, r3]
 589              	.L63:
 590 0120 0C209DE5 		ldr	r2, [sp, #12]
 591 0124 002092E5 		ldr	r2, [r2]
 592 0128 030052E1 		cmp	r2, r3
 593 012c 8400009A 		bls	.L64
 594 0130 10209DE5 		ldr	r2, [sp, #16]
 595 0134 78C09BE5 		ldr	ip, [fp, #120]
 596 0138 04909DE5 		ldr	r9, [sp, #4]
 597 013c 031192E7 		ldr	r1, [r2, r3, lsl #2]
 598 0140 030182E0 		add	r0, r2, r3, lsl #2
 599 0144 08209BE5 		ldr	r2, [fp, #8]
 600 0148 09309CE7 		ldr	r3, [ip, r9]
 601 014c 010080E0 		add	r0, r0, r1
 602 0150 04109BE5 		ldr	r1, [fp, #4]
 603 0154 063083E0 		add	r3, r3, r6
 604 0158 283083E2 		add	r3, r3, #40
 605 015c FEFFFFEB 		bl	_ZN6tflite25GetRegistrationFromOpCodeEPKNS_12OperatorCodeERKNS_10OpResolverEPNS_13ErrorReporter
 606 0160 000050E3 		cmp	r0, #0
 607 0164 0010A0E1 		mov	r1, r0
 608 0168 6F00001A 		bne	.L89
 609 016c 78309BE5 		ldr	r3, [fp, #120]
 610 0170 093093E7 		ldr	r3, [r3, r9]
 611 0174 063083E0 		add	r3, r3, r6
 612 0178 283093E5 		ldr	r3, [r3, #40]
 613 017c 000053E3 		cmp	r3, #0
 614 0180 6F00000A 		beq	.L64
 615 0184 1410D3E5 		ldrb	r1, [r3, #20]	@ zero_extendqisi2
 616 0188 073094E7 		ldr	r3, [r4, r7]
 617 018c 24008DE5 		str	r0, [sp, #36]
 618 0190 200051E3 		cmp	r1, #32
 619 0194 033045E0 		sub	r3, r5, r3
 620 0198 B020D3E1 		ldrh	r2, [r3]
 621 019c 4C00000A 		beq	.L110
 622 01a0 0E0052E3 		cmp	r2, #14
 623 01a4 060000DA 		ble	.L69
 624 01a8 BE30D3E1 		ldrh	r3, [r3, #14]
 625 01ac 000053E3 		cmp	r3, #0
 626 01b0 032085E0 		add	r2, r5, r3
 627 01b4 0200000A 		beq	.L69
 628 01b8 033095E7 		ldr	r3, [r5, r3]
 629 01bc 030072E1 		cmn	r2, r3
 630 01c0 5F00001A 		bne	.L64
 631              	.L69:
 632 01c4 04009BE5 		ldr	r0, [fp, #4]
 633 01c8 003090E5 		ldr	r3, [r0]
 634 01cc 203093E5 		ldr	r3, [r3, #32]
 635 01d0 33FF2FE1 		blx	r3
 636 01d4 009050E2 		subs	r9, r0, #0
 637 01d8 5900000A 		beq	.L64
 638 01dc 24308DE2 		add	r3, sp, #36
 639 01e0 14209DE5 		ldr	r2, [sp, #20]
 640 01e4 08109BE5 		ldr	r1, [fp, #8]
 641 01e8 0500A0E1 		mov	r0, r5
 642 01ec 39FF2FE1 		blx	r9
 643 01f0 000050E3 		cmp	r0, #0
 644 01f4 5B00001A 		bne	.L82
 645 01f8 073094E7 		ldr	r3, [r4, r7]
 646 01fc 033045E0 		sub	r3, r5, r3
 647 0200 B020D3E1 		ldrh	r2, [r3]
 648              	.L67:
 649 0204 060052E3 		cmp	r2, #6
 650 0208 0090A0E3 		mov	r9, #0
 651 020c 64009BE5 		ldr	r0, [fp, #100]
 652 0210 0910A0D1 		movle	r1, r9
 653 0214 08908DE5 		str	r9, [sp, #8]
 654 0218 3A0000CA 		bgt	.L74
 655 021c 28208DE2 		add	r2, sp, #40
 656 0220 FEFFFFEB 		bl	_ZN6tflite14MicroAllocator33FlatBufferVectorToTfLiteTypeArrayEPKN11flatbuffers6VectorIlEEPP14Tf
 657 0224 001050E2 		subs	r1, r0, #0
 658 0228 3F00001A 		bne	.L89
 659              	.L112:
 660 022c 073094E7 		ldr	r3, [r4, r7]
 661 0230 64009BE5 		ldr	r0, [fp, #100]
 662 0234 033045E0 		sub	r3, r5, r3
 663 0238 B020D3E1 		ldrh	r2, [r3]
 664 023c 080052E3 		cmp	r2, #8
 665 0240 040000DA 		ble	.L71
 666 0244 B810D3E1 		ldrh	r1, [r3, #8]
 667 0248 000051E3 		cmp	r1, #0
 668 024c 013085E0 		add	r3, r5, r1
 669 0250 01109517 		ldrne	r1, [r5, r1]
 670 0254 01108310 		addne	r1, r3, r1
 671              	.L71:
 672 0258 2C208DE2 		add	r2, sp, #44
 673 025c 2C5086E2 		add	r5, r6, #44
 674 0260 FEFFFFEB 		bl	_ZN6tflite14MicroAllocator33FlatBufferVectorToTfLiteTypeArrayEPKN11flatbuffers6VectorIlEEPP14Tf
 675 0264 001050E2 		subs	r1, r0, #0
 676 0268 2F00001A 		bne	.L89
 677 026c 78309BE5 		ldr	r3, [fp, #120]
 678 0270 2820A0E3 		mov	r2, #40
 679 0274 04009DE5 		ldr	r0, [sp, #4]
 680 0278 01A08AE2 		add	r10, r10, #1
 681 027c 007093E7 		ldr	r7, [r3, r0]
 682 0280 064087E0 		add	r4, r7, r6
 683 0284 0400A0E1 		mov	r0, r4
 684 0288 FEFFFFEB 		bl	memset
 685 028c 28109DE5 		ldr	r1, [sp, #40]
 686 0290 2C209DE5 		ldr	r2, [sp, #44]
 687 0294 24309DE5 		ldr	r3, [sp, #36]
 688 0298 061087E7 		str	r1, [r7, r6]
 689 029c 0560A0E1 		mov	r6, r5
 690 02a0 08109DE5 		ldr	r1, [sp, #8]
 691 02a4 1C9084E5 		str	r9, [r4, #28]
 692 02a8 042084E5 		str	r2, [r4, #4]
 693 02ac 181084E5 		str	r1, [r4, #24]
 694 02b0 143084E5 		str	r3, [r4, #20]
 695              	.L72:
 696 02b4 003098E5 		ldr	r3, [r8]
 697 02b8 033048E0 		sub	r3, r8, r3
 698 02bc B020D3E1 		ldrh	r2, [r3]
 699 02c0 0A0052E3 		cmp	r2, #10
 700 02c4 7FFFFFCA 		bgt	.L111
 701              	.L61:
 702 02c8 0030A0E3 		mov	r3, #0
 703 02cc 003093E5 		ldr	r3, [r3]
 704 02d0 F000F0E7 		.inst	0xe7f000f0
 705              	.L110:
 706 02d4 0E0052E3 		cmp	r2, #14
 707 02d8 C9FFFFDA 		ble	.L67
 708 02dc BE90D3E1 		ldrh	r9, [r3, #14]
 709 02e0 000059E3 		cmp	r9, #0
 710 02e4 091085E0 		add	r1, r5, r9
 711 02e8 1300000A 		beq	.L107
 712 02ec 092095E7 		ldr	r2, [r5, r9]
 713 02f0 020091E0 		adds	r0, r1, r2
 714 02f4 0F00000A 		beq	.L81
 715 02f8 029091E7 		ldr	r9, [r1, r2]
 716 02fc 042080E2 		add	r2, r0, #4
 717 0300 08208DE5 		str	r2, [sp, #8]
 718              	.L68:
 719 0304 64009BE5 		ldr	r0, [fp, #100]
 720              	.L74:
 721 0308 B610D3E1 		ldrh	r1, [r3, #6]
 722 030c 28208DE2 		add	r2, sp, #40
 723 0310 000051E3 		cmp	r1, #0
 724 0314 013085E0 		add	r3, r5, r1
 725 0318 01109517 		ldrne	r1, [r5, r1]
 726 031c 01108310 		addne	r1, r3, r1
 727 0320 FEFFFFEB 		bl	_ZN6tflite14MicroAllocator33FlatBufferVectorToTfLiteTypeArrayEPKN11flatbuffers6VectorIlEEPP14Tf
 728 0324 001050E2 		subs	r1, r0, #0
 729 0328 BFFFFF0A 		beq	.L112
 730              	.L89:
 731 032c 0100A0E1 		mov	r0, r1
 732 0330 34D08DE2 		add	sp, sp, #52
 733              		@ sp needed
 734 0334 F08FBDE8 		pop	{r4, r5, r6, r7, r8, r9, r10, fp, pc}
 735              	.L81:
 736 0338 0090A0E1 		mov	r9, r0
 737              	.L107:
 738 033c 08908DE5 		str	r9, [sp, #8]
 739 0340 EFFFFFEA 		b	.L68
 740              	.L64:
 741 0344 0110A0E3 		mov	r1, #1
 742 0348 0100A0E1 		mov	r0, r1
 743 034c 34D08DE2 		add	sp, sp, #52
 744              		@ sp needed
 745 0350 F08FBDE8 		pop	{r4, r5, r6, r7, r8, r9, r10, fp, pc}
 746              	.L62:
 747 0354 18309DE5 		ldr	r3, [sp, #24]
 748 0358 1C009DE5 		ldr	r0, [sp, #28]
 749 035c 013083E2 		add	r3, r3, #1
 750 0360 18308DE5 		str	r3, [sp, #24]
 751 0364 2DFFFFEA 		b	.L73
 752              	.L82:
 753 0368 0010A0E1 		mov	r1, r0
 754 036c EEFFFFEA 		b	.L89
 755              	.L75:
 756 0370 0010A0E3 		mov	r1, #0
 757 0374 ECFFFFEA 		b	.L89
 758              	.L109:
 759 0378 FEFFFFEB 		bl	abort
 760              	.L108:
 761 037c 003000E3 		movw	r3, #:lower16:.LC0
 762 0380 002000E3 		movw	r2, #:lower16:.LANCHOR0
 763 0384 000000E3 		movw	r0, #:lower16:.LC1
 764 0388 003040E3 		movt	r3, #:upper16:.LC0
 765 038c 002040E3 		movt	r2, #:upper16:.LANCHOR0
 766 0390 000040E3 		movt	r0, #:upper16:.LC1
 767 0394 061100E3 		movw	r1, #262
 768 0398 FEFFFFEB 		bl	__assert_func
 769              		.fnend
 771              		.section	.text._ZN6tflite16MicroInterpreter20ResetVariableTensorsEv,"ax",%progbits
 772              		.align	2
 773              		.global	_ZN6tflite16MicroInterpreter20ResetVariableTensorsEv
 774              		.syntax unified
 775              		.arm
 776              		.fpu neon
 778              	_ZN6tflite16MicroInterpreter20ResetVariableTensorsEv:
 779              		.fnstart
 780              	.LFB6749:
 781              		@ args = 0, pretend = 0, frame = 0
 782              		@ frame_needed = 0, uses_anonymous_args = 0
 783              		@ link register save eliminated.
 784 0000 680080E2 		add	r0, r0, #104
 785 0004 FEFFFFEA 		b	_ZN6tflite10MicroGraph20ResetVariableTensorsEv
 786              		.cantunwind
 787              		.fnend
 789              		.section	.text._ZN6tflite16MicroInterpreter15AllocateTensorsEv,"ax",%progbits
 790              		.align	2
 791              		.global	_ZN6tflite16MicroInterpreter15AllocateTensorsEv
 792              		.syntax unified
 793              		.arm
 794              		.fpu neon
 796              	_ZN6tflite16MicroInterpreter15AllocateTensorsEv:
 797              		.fnstart
 798              	.LFB6745:
 799              		@ args = 0, pretend = 0, frame = 0
 800              		@ frame_needed = 0, uses_anonymous_args = 0
 801 0000 F0432DE9 		push	{r4, r5, r6, r7, r8, r9, lr}
 802              		.save {r4, r5, r6, r7, r8, r9, lr}
 803 0004 0040A0E1 		mov	r4, r0
 804 0008 001090E5 		ldr	r1, [r0]
 805              		.pad #12
 806 000c 0CD04DE2 		sub	sp, sp, #12
 807 0010 640090E5 		ldr	r0, [r0, #100]
 808 0014 FEFFFFEB 		bl	_ZN6tflite14MicroAllocator20StartModelAllocationEPKNS_5ModelE
 809 0018 001050E2 		subs	r1, r0, #0
 810 001c 0150A003 		moveq	r5, #1
 811 0020 8550C405 		strbeq	r5, [r4, #133]
 812 0024 0600000A 		beq	.L134
 813 0028 687084E2 		add	r7, r4, #104
 814 002c 0700A0E1 		mov	r0, r7
 815 0030 FEFFFFEB 		bl	_ZN6tflite10MicroGraph22SetSubgraphAllocationsEPNS_19SubgraphAllocationsE
 816 0034 0400A0E1 		mov	r0, r4
 817 0038 FEFFFFEB 		bl	_ZN6tflite16MicroInterpreter44PrepareNodeAndRegistrationDataFromFlatbufferEv
 818 003c 005050E2 		subs	r5, r0, #0
 819 0040 0200000A 		beq	.L173
 820              	.L134:
 821 0044 0500A0E1 		mov	r0, r5
 822 0048 0CD08DE2 		add	sp, sp, #12
 823              		@ sp needed
 824 004c F083BDE8 		pop	{r4, r5, r6, r7, r8, r9, pc}
 825              	.L173:
 826 0050 002000E3 		movw	r2, #:lower16:_ZN6tflite16MicroInterpreter24AllocatePersistentBufferEP13TfLiteContextj
 827 0054 003000E3 		movw	r3, #:lower16:_ZN6tflite16MicroInterpreter8GetGraphEP13TfLiteContextPP14TfLiteIntArray
 828 0058 002040E3 		movt	r2, #:upper16:_ZN6tflite16MicroInterpreter24AllocatePersistentBufferEP13TfLiteContextj
 829 005c 003040E3 		movt	r3, #:upper16:_ZN6tflite16MicroInterpreter8GetGraphEP13TfLiteContextPP14TfLiteIntArray
 830 0060 442084E5 		str	r2, [r4, #68]
 831 0064 0700A0E1 		mov	r0, r7
 832 0068 4C5084E5 		str	r5, [r4, #76]
 833 006c 505084E5 		str	r5, [r4, #80]
 834 0070 103084E5 		str	r3, [r4, #16]
 835 0074 FEFFFFEB 		bl	_ZN6tflite10MicroGraph13InitSubgraphsEv
 836 0078 003000E3 		movw	r3, #:lower16:_ZN6tflite16MicroInterpreter27RequestScratchBufferInArenaEP13TfLiteContextjPi
 837 007c 0700A0E1 		mov	r0, r7
 838 0080 003040E3 		movt	r3, #:upper16:_ZN6tflite16MicroInterpreter27RequestScratchBufferInArenaEP13TfLiteContextjPi
 839 0084 4C3084E5 		str	r3, [r4, #76]
 840 0088 FEFFFFEB 		bl	_ZN6tflite10MicroGraph16PrepareSubgraphsEv
 841 008c 003000E3 		movw	r3, #:lower16:_ZN6tflite16MicroInterpreter16GetScratchBufferEP13TfLiteContexti
 842 0090 445084E5 		str	r5, [r4, #68]
 843 0094 003040E3 		movt	r3, #:upper16:_ZN6tflite16MicroInterpreter16GetScratchBufferEP13TfLiteContexti
 844 0098 4C5084E5 		str	r5, [r4, #76]
 845 009c 503084E5 		str	r3, [r4, #80]
 846 00a0 883084E2 		add	r3, r4, #136
 847 00a4 782094E5 		ldr	r2, [r4, #120]
 848 00a8 001094E5 		ldr	r1, [r4]
 849 00ac 640094E5 		ldr	r0, [r4, #100]
 850 00b0 FEFFFFEB 		bl	_ZN6tflite14MicroAllocator21FinishModelAllocationEPKNS_5ModelEPNS_19SubgraphAllocationsEPPNS_19
 851 00b4 005050E2 		subs	r5, r0, #0
 852 00b8 E1FFFF1A 		bne	.L134
 853 00bc 002094E5 		ldr	r2, [r4]
 854 00c0 640094E5 		ldr	r0, [r4, #100]
 855 00c4 003092E5 		ldr	r3, [r2]
 856 00c8 00C090E5 		ldr	ip, [r0]
 857 00cc 033042E0 		sub	r3, r2, r3
 858 00d0 B010D3E1 		ldrh	r1, [r3]
 859 00d4 0C609CE5 		ldr	r6, [ip, #12]
 860 00d8 080051E3 		cmp	r1, #8
 861 00dc 4C0000DA 		ble	.L130
 862 00e0 B810D3E1 		ldrh	r1, [r3, #8]
 863 00e4 000051E3 		cmp	r1, #0
 864 00e8 013082E0 		add	r3, r2, r1
 865 00ec 4800000A 		beq	.L130
 866 00f0 012092E7 		ldr	r2, [r2, r1]
 867 00f4 021093E7 		ldr	r1, [r3, r2]
 868 00f8 023083E0 		add	r3, r3, r2
 869 00fc 000051E3 		cmp	r1, #0
 870 0100 9200000A 		beq	.L123
 871 0104 041093E5 		ldr	r1, [r3, #4]
 872 0108 043083E2 		add	r3, r3, #4
 873 010c 012093E7 		ldr	r2, [r3, r1]
 874 0110 013083E0 		add	r3, r3, r1
 875 0114 022043E0 		sub	r2, r3, r2
 876 0118 B010D2E1 		ldrh	r1, [r2]
 877 011c 060051E3 		cmp	r1, #6
 878 0120 3B0000DA 		ble	.L130
 879 0124 B620D2E1 		ldrh	r2, [r2, #6]
 880 0128 000052E3 		cmp	r2, #0
 881 012c 021083E0 		add	r1, r3, r2
 882 0130 3700000A 		beq	.L130
 883 0134 023093E7 		ldr	r3, [r3, r2]
 884 0138 031091E7 		ldr	r1, [r1, r3]
 885 013c 0111A0E1 		lsl	r1, r1, #2
 886 0140 36FF2FE1 		blx	r6
 887 0144 000050E3 		cmp	r0, #0
 888 0148 8C0084E5 		str	r0, [r4, #140]
 889 014c 3300000A 		beq	.L120
 890 0150 0060A0E1 		mov	r6, r0
 891 0154 0580A0E1 		mov	r8, r5
 892 0158 270000EA 		b	.L121
 893              	.L174:
 894 015c B820D3E1 		ldrh	r2, [r3, #8]
 895 0160 000052E3 		cmp	r2, #0
 896 0164 023081E0 		add	r3, r1, r2
 897 0168 2900000A 		beq	.L130
 898 016c 022091E7 		ldr	r2, [r1, r2]
 899 0170 020093E7 		ldr	r0, [r3, r2]
 900 0174 023083E0 		add	r3, r3, r2
 901 0178 000050E3 		cmp	r0, #0
 902 017c 7300000A 		beq	.L123
 903 0180 042093E5 		ldr	r2, [r3, #4]
 904 0184 043083E2 		add	r3, r3, #4
 905 0188 02C093E7 		ldr	ip, [r3, r2]
 906 018c 023083E0 		add	r3, r3, r2
 907 0190 0CC043E0 		sub	ip, r3, ip
 908 0194 B090DCE1 		ldrh	r9, [ip]
 909 0198 060059E3 		cmp	r9, #6
 910 019c 1C0000DA 		ble	.L130
 911 01a0 B600DCE1 		ldrh	r0, [ip, #6]
 912 01a4 000050E3 		cmp	r0, #0
 913 01a8 002083E0 		add	r2, r3, r0
 914 01ac 1800000A 		beq	.L130
 915 01b0 000093E7 		ldr	r0, [r3, r0]
 916 01b4 00E092E7 		ldr	lr, [r2, r0]
 917 01b8 002082E0 		add	r2, r2, r0
 918 01bc 640094E5 		ldr	r0, [r4, #100]
 919 01c0 0E0055E1 		cmp	r5, lr
 920 01c4 1700002A 		bcs	.L125
 921 01c8 00C090E5 		ldr	ip, [r0]
 922 01cc 053182E0 		add	r3, r2, r5, lsl #2
 923 01d0 782094E5 		ldr	r2, [r4, #120]
 924 01d4 043093E5 		ldr	r3, [r3, #4]
 925 01d8 00808DE5 		str	r8, [sp]
 926 01dc 00909CE5 		ldr	r9, [ip]
 927 01e0 39FF2FE1 		blx	r9
 928 01e4 050186E7 		str	r0, [r6, r5, lsl #2]
 929 01e8 8C6094E5 		ldr	r6, [r4, #140]
 930 01ec 053196E7 		ldr	r3, [r6, r5, lsl #2]
 931 01f0 000053E3 		cmp	r3, #0
 932 01f4 0900000A 		beq	.L120
 933 01f8 015085E2 		add	r5, r5, #1
 934              	.L121:
 935 01fc 001094E5 		ldr	r1, [r4]
 936 0200 003091E5 		ldr	r3, [r1]
 937 0204 033041E0 		sub	r3, r1, r3
 938 0208 B020D3E1 		ldrh	r2, [r3]
 939 020c 080052E3 		cmp	r2, #8
 940 0210 D1FFFFCA 		bgt	.L174
 941              	.L130:
 942 0214 0030A0E3 		mov	r3, #0
 943 0218 003093E5 		ldr	r3, [r3]
 944 021c F000F0E7 		.inst	0xe7f000f0
 945              	.L120:
 946 0220 0150A0E3 		mov	r5, #1
 947 0224 86FFFFEA 		b	.L134
 948              	.L125:
 949 0228 002090E5 		ldr	r2, [r0]
 950 022c 080059E3 		cmp	r9, #8
 951 0230 0C5092E5 		ldr	r5, [r2, #12]
 952 0234 F6FFFFDA 		ble	.L130
 953 0238 B820DCE1 		ldrh	r2, [ip, #8]
 954 023c 000052E3 		cmp	r2, #0
 955 0240 021083E0 		add	r1, r3, r2
 956 0244 F2FFFF0A 		beq	.L130
 957 0248 023093E7 		ldr	r3, [r3, r2]
 958 024c 031091E7 		ldr	r1, [r1, r3]
 959 0250 0111A0E1 		lsl	r1, r1, #2
 960 0254 35FF2FE1 		blx	r5
 961 0258 000050E3 		cmp	r0, #0
 962 025c 900084E5 		str	r0, [r4, #144]
 963 0260 EEFFFF0A 		beq	.L120
 964 0264 0050A0E3 		mov	r5, #0
 965 0268 0060A0E1 		mov	r6, r0
 966 026c 0580A0E1 		mov	r8, r5
 967 0270 270000EA 		b	.L132
 968              	.L175:
 969 0274 B820D3E1 		ldrh	r2, [r3, #8]
 970 0278 000052E3 		cmp	r2, #0
 971 027c 023081E0 		add	r3, r1, r2
 972 0280 E3FFFF0A 		beq	.L130
 973 0284 022091E7 		ldr	r2, [r1, r2]
 974 0288 020093E7 		ldr	r0, [r3, r2]
 975 028c 023083E0 		add	r3, r3, r2
 976 0290 000050E3 		cmp	r0, #0
 977 0294 2E00000A 		beq	.L129
 978 0298 040093E5 		ldr	r0, [r3, #4]
 979 029c 043083E2 		add	r3, r3, #4
 980 02a0 002093E7 		ldr	r2, [r3, r0]
 981 02a4 003083E0 		add	r3, r3, r0
 982 02a8 022043E0 		sub	r2, r3, r2
 983 02ac B000D2E1 		ldrh	r0, [r2]
 984 02b0 080050E3 		cmp	r0, #8
 985 02b4 D6FFFFDA 		ble	.L130
 986 02b8 B800D2E1 		ldrh	r0, [r2, #8]
 987 02bc 000050E3 		cmp	r0, #0
 988 02c0 002083E0 		add	r2, r3, r0
 989 02c4 D2FFFF0A 		beq	.L130
 990 02c8 003093E7 		ldr	r3, [r3, r0]
 991 02cc 030092E7 		ldr	r0, [r2, r3]
 992 02d0 032082E0 		add	r2, r2, r3
 993 02d4 000055E1 		cmp	r5, r0
 994 02d8 1600002A 		bcs	.L131
 995 02dc 640094E5 		ldr	r0, [r4, #100]
 996 02e0 053182E0 		add	r3, r2, r5, lsl #2
 997 02e4 782094E5 		ldr	r2, [r4, #120]
 998 02e8 043093E5 		ldr	r3, [r3, #4]
 999 02ec 00C090E5 		ldr	ip, [r0]
 1000 02f0 00808DE5 		str	r8, [sp]
 1001 02f4 00909CE5 		ldr	r9, [ip]
 1002 02f8 39FF2FE1 		blx	r9
 1003 02fc 050186E7 		str	r0, [r6, r5, lsl #2]
 1004 0300 906094E5 		ldr	r6, [r4, #144]
 1005 0304 053196E7 		ldr	r3, [r6, r5, lsl #2]
 1006 0308 000053E3 		cmp	r3, #0
 1007 030c C3FFFF0A 		beq	.L120
 1008 0310 015085E2 		add	r5, r5, #1
 1009              	.L132:
 1010 0314 001094E5 		ldr	r1, [r4]
 1011 0318 003091E5 		ldr	r3, [r1]
 1012 031c 033041E0 		sub	r3, r1, r3
 1013 0320 B020D3E1 		ldrh	r2, [r3]
 1014 0324 080052E3 		cmp	r2, #8
 1015 0328 D1FFFFCA 		bgt	.L175
 1016 032c 0030A0E3 		mov	r3, #0
 1017 0330 003093E5 		ldr	r3, [r3]
 1018 0334 F000F0E7 		.inst	0xe7f000f0
 1019              	.L131:
 1020 0338 0700A0E1 		mov	r0, r7
 1021 033c FEFFFFEB 		bl	_ZN6tflite10MicroGraph20ResetVariableTensorsEv
 1022 0340 005050E2 		subs	r5, r0, #0
 1023 0344 0130A003 		moveq	r3, #1
 1024 0348 8430C405 		strbeq	r3, [r4, #132]
 1025 034c 3CFFFFEA 		b	.L134
 1026              	.L123:
 1027 0350 FEFFFFEB 		bl	_ZNK6tflite16MicroInterpreter11inputs_sizeEv.isra.2.part.3
 1028              	.L129:
 1029 0354 FEFFFFEB 		bl	_ZNK6tflite16MicroInterpreter12outputs_sizeEv.isra.5.part.6
 1030              		.fnend
 1032              		.section	.text._ZN6tflite16MicroInterpreter6InvokeEv,"ax",%progbits
 1033              		.align	2
 1034              		.global	_ZN6tflite16MicroInterpreter6InvokeEv
 1035              		.syntax unified
 1036              		.arm
 1037              		.fpu neon
 1039              	_ZN6tflite16MicroInterpreter6InvokeEv:
 1040              		.fnstart
 1041              	.LFB6746:
 1042              		@ args = 0, pretend = 0, frame = 0
 1043              		@ frame_needed = 0, uses_anonymous_args = 0
 1044 0000 8520D0E5 		ldrb	r2, [r0, #133]	@ zero_extendqisi2
 1045 0004 000052E3 		cmp	r2, #0
 1046 0008 0B00001A 		bne	.L180
 1047 000c 8430D0E5 		ldrb	r3, [r0, #132]	@ zero_extendqisi2
 1048 0010 10402DE9 		push	{r4, lr}
 1049              		.save {r4, lr}
 1050 0014 0040A0E1 		mov	r4, r0
 1051 0018 000053E3 		cmp	r3, #0
 1052 001c 0200001A 		bne	.L179
 1053 0020 FEFFFFEB 		bl	_ZN6tflite16MicroInterpreter15AllocateTensorsEv
 1054 0024 000050E3 		cmp	r0, #0
 1055 0028 0500001A 		bne	.L188
 1056              	.L179:
 1057 002c 680084E2 		add	r0, r4, #104
 1058 0030 0010A0E3 		mov	r1, #0
 1059 0034 1040BDE8 		pop	{r4, lr}
 1060 0038 FEFFFFEA 		b	_ZN6tflite10MicroGraph14InvokeSubgraphEi
 1061              	.L180:
 1062 003c 0100A0E3 		mov	r0, #1
 1063 0040 1EFF2FE1 		bx	lr
 1064              	.L188:
 1065 0044 1080BDE8 		pop	{r4, pc}
 1066              		.fnend
 1068              		.weak	_ZN11flatbuffers25flatbuffer_version_stringE
 1069              		.section	.data._ZN11flatbuffers25flatbuffer_version_stringE,"aw",%progbits
 1070              		.align	2
 1073              	_ZN11flatbuffers25flatbuffer_version_stringE:
 1074 0000 00000000 		.word	.LC2
 1075              		.section	.rodata._ZNK6tflite16MicroInterpreter12outputs_sizeEv.isra.5.part.6.str1.4,"aMS",%progbit
 1076              		.align	2
 1077              	.LC0:
 1078 0000 69203C20 		.ascii	"i < size()\000"
 1078      73697A65 
 1078      282900
 1079 000b 00       		.space	1
 1080              	.LC1:
 1081 000c 433A2F52 		.ascii	"C:/Renesas/e2studio_2021_01_workspace_RZA2M_ANPR/AN"
 1081      656E6573 
 1081      61732F65 
 1081      32737475 
 1081      64696F5F 
 1082 003f 50525F52 		.ascii	"PR_RZA2M_GR_MANGO/src/tensorflow_lite/third_party/f"
 1082      5A41324D 
 1082      5F47525F 
 1082      4D414E47 
 1082      4F2F7372 
 1083 0072 6C617462 		.ascii	"latbuffers/include/flatbuffers/flatbuffers.h\000"
 1083      75666665 
 1083      72732F69 
 1083      6E636C75 
 1083      64652F66 
 1084              		.section	.rodata._ZZNK11flatbuffers6VectorINS_6OffsetIN6tflite8SubGraphEEEE3GetEmE19__PRETTY_FUNCT
 1085              		.align	3
 1086              		.set	.LANCHOR0,. + 0
 1089              	_ZZNK11flatbuffers6VectorINS_6OffsetIN6tflite8SubGraphEEEE3GetEmE19__PRETTY_FUNCTION__:
 1090 0000 666C6174 		.ascii	"flatbuffers::Vector<T>::return_type flatbuffers::Ve"
 1090      62756666 
 1090      6572733A 
 1090      3A566563 
 1090      746F723C 
 1091 0033 63746F72 		.ascii	"ctor<T>::Get(flatbuffers::uoffset_t) const [with T "
 1091      3C543E3A 
 1091      3A476574 
 1091      28666C61 
 1091      74627566 
 1092 0066 3D20666C 		.ascii	"= flatbuffers::Offset<tflite::SubGraph>; flatbuffer"
 1092      61746275 
 1092      66666572 
 1092      733A3A4F 
 1092      66667365 
 1093 0099 733A3A56 		.ascii	"s::Vector<T>::return_type = const tflite::SubGraph*"
 1093      6563746F 
 1093      723C543E 
 1093      3A3A7265 
 1093      7475726E 
 1094 00cc 3B20666C 		.ascii	"; flatbuffers::uoffset_t = long unsigned int]\000"
 1094      61746275 
 1094      66666572 
 1094      733A3A75 
 1094      6F666673 
 1095              		.section	.rodata.str1.4,"aMS",%progbits,1
 1096              		.align	2
 1097              	.LC2:
 1098 0000 466C6174 		.ascii	"FlatBuffers 1.12.0\000"
 1098      42756666 
 1098      65727320 
 1098      312E3132 
 1098      2E3000
 1099              		.ident	"GCC: (GNU Tools for ARM Embedded Processors 6-2017-q2-update) 6.3.1 20170620 (release) [AR
DEFINED SYMBOLS
                            *ABS*:00000000 micro_interpreter.cc
C:\Users\a5050395\AppData\Local\Temp\ccsrKuF8.s:14     .text._ZN6tflite16MicroInterpreter24AllocatePersistentBufferEP13TfLiteContextj:00000000 $a
C:\Users\a5050395\AppData\Local\Temp\ccsrKuF8.s:20     .text._ZN6tflite16MicroInterpreter24AllocatePersistentBufferEP13TfLiteContextj:00000000 _ZN6tflite16MicroInterpreter24AllocatePersistentBufferEP13TfLiteContextj
.ARM.exidx.text._ZN6tflite16MicroInterpreter24AllocatePersistentBufferEP13TfLiteContextj:00000000 $d
C:\Users\a5050395\AppData\Local\Temp\ccsrKuF8.s:35     .text._ZN6tflite16MicroInterpreter16GetScratchBufferEP13TfLiteContexti:00000000 $a
C:\Users\a5050395\AppData\Local\Temp\ccsrKuF8.s:41     .text._ZN6tflite16MicroInterpreter16GetScratchBufferEP13TfLiteContexti:00000000 _ZN6tflite16MicroInterpreter16GetScratchBufferEP13TfLiteContexti
.ARM.exidx.text._ZN6tflite16MicroInterpreter16GetScratchBufferEP13TfLiteContexti:00000000 $d
C:\Users\a5050395\AppData\Local\Temp\ccsrKuF8.s:55     .text._ZN6tflite16MicroInterpreter13ReportOpErrorEP13TfLiteContextPKcz:00000000 $a
C:\Users\a5050395\AppData\Local\Temp\ccsrKuF8.s:61     .text._ZN6tflite16MicroInterpreter13ReportOpErrorEP13TfLiteContextPKcz:00000000 _ZN6tflite16MicroInterpreter13ReportOpErrorEP13TfLiteContextPKcz
.ARM.exidx.text._ZN6tflite16MicroInterpreter13ReportOpErrorEP13TfLiteContextPKcz:00000000 $d
C:\Users\a5050395\AppData\Local\Temp\ccsrKuF8.s:74     .text._ZN6tflite16MicroInterpreter9GetTensorEPK13TfLiteContexti:00000000 $a
C:\Users\a5050395\AppData\Local\Temp\ccsrKuF8.s:80     .text._ZN6tflite16MicroInterpreter9GetTensorEPK13TfLiteContexti:00000000 _ZN6tflite16MicroInterpreter9GetTensorEPK13TfLiteContexti
.ARM.exidx.text._ZN6tflite16MicroInterpreter9GetTensorEPK13TfLiteContexti:00000000 $d
C:\Users\a5050395\AppData\Local\Temp\ccsrKuF8.s:105    .text._ZN6tflite16MicroInterpreter13GetEvalTensorEPK13TfLiteContexti:00000000 $a
C:\Users\a5050395\AppData\Local\Temp\ccsrKuF8.s:111    .text._ZN6tflite16MicroInterpreter13GetEvalTensorEPK13TfLiteContexti:00000000 _ZN6tflite16MicroInterpreter13GetEvalTensorEPK13TfLiteContexti
.ARM.exidx.text._ZN6tflite16MicroInterpreter13GetEvalTensorEPK13TfLiteContexti:00000000 $d
C:\Users\a5050395\AppData\Local\Temp\ccsrKuF8.s:129    .text._ZN6tflite16MicroInterpreter8GetGraphEP13TfLiteContextPP14TfLiteIntArray:00000000 $a
C:\Users\a5050395\AppData\Local\Temp\ccsrKuF8.s:135    .text._ZN6tflite16MicroInterpreter8GetGraphEP13TfLiteContextPP14TfLiteIntArray:00000000 _ZN6tflite16MicroInterpreter8GetGraphEP13TfLiteContextPP14TfLiteIntArray
.ARM.exidx.text._ZN6tflite16MicroInterpreter8GetGraphEP13TfLiteContextPP14TfLiteIntArray:00000000 $d
C:\Users\a5050395\AppData\Local\Temp\ccsrKuF8.s:150    .text._ZN6tflite16MicroInterpreter27RequestScratchBufferInArenaEP13TfLiteContextjPi:00000000 $a
C:\Users\a5050395\AppData\Local\Temp\ccsrKuF8.s:156    .text._ZN6tflite16MicroInterpreter27RequestScratchBufferInArenaEP13TfLiteContextjPi:00000000 _ZN6tflite16MicroInterpreter27RequestScratchBufferInArenaEP13TfLiteContextjPi
.ARM.exidx.text._ZN6tflite16MicroInterpreter27RequestScratchBufferInArenaEP13TfLiteContextjPi:00000000 $d
C:\Users\a5050395\AppData\Local\Temp\ccsrKuF8.s:171    .text.unlikely._ZNK6tflite16MicroInterpreter12outputs_sizeEv.isra.5.part.6:00000000 $a
C:\Users\a5050395\AppData\Local\Temp\ccsrKuF8.s:176    .text.unlikely._ZNK6tflite16MicroInterpreter12outputs_sizeEv.isra.5.part.6:00000000 _ZNK6tflite16MicroInterpreter12outputs_sizeEv.isra.5.part.6
C:\Users\a5050395\AppData\Local\Temp\ccsrKuF8.s:1077   .rodata._ZNK6tflite16MicroInterpreter12outputs_sizeEv.isra.5.part.6.str1.4:00000000 .LC0
C:\Users\a5050395\AppData\Local\Temp\ccsrKuF8.s:1086   .rodata._ZZNK11flatbuffers6VectorINS_6OffsetIN6tflite8SubGraphEEEE3GetEmE19__PRETTY_FUNCTION__:00000000 .LANCHOR0
C:\Users\a5050395\AppData\Local\Temp\ccsrKuF8.s:1080   .rodata._ZNK6tflite16MicroInterpreter12outputs_sizeEv.isra.5.part.6.str1.4:0000000c .LC1
.ARM.exidx.text.unlikely._ZNK6tflite16MicroInterpreter12outputs_sizeEv.isra.5.part.6:00000000 $d
C:\Users\a5050395\AppData\Local\Temp\ccsrKuF8.s:176    .text.unlikely._ZNK6tflite16MicroInterpreter12outputs_sizeEv.isra.5.part.6:00000000 _ZNK6tflite16MicroInterpreter11inputs_sizeEv.isra.2.part.3
C:\Users\a5050395\AppData\Local\Temp\ccsrKuF8.s:195    .text._ZN6tflite16MicroInterpreterC2EPKNS_5ModelERKNS_15MicroOpResolverEPhjPNS_13ErrorReporterEPNS_13MicroProfilerE:00000000 $a
C:\Users\a5050395\AppData\Local\Temp\ccsrKuF8.s:201    .text._ZN6tflite16MicroInterpreterC2EPKNS_5ModelERKNS_15MicroOpResolverEPhjPNS_13ErrorReporterEPNS_13MicroProfilerE:00000000 _ZN6tflite16MicroInterpreterC2EPKNS_5ModelERKNS_15MicroOpResolverEPhjPNS_13ErrorReporterEPNS_13MicroProfilerE
.ARM.exidx.text._ZN6tflite16MicroInterpreterC2EPKNS_5ModelERKNS_15MicroOpResolverEPhjPNS_13ErrorReporterEPNS_13MicroProfilerE:00000000 $d
C:\Users\a5050395\AppData\Local\Temp\ccsrKuF8.s:201    .text._ZN6tflite16MicroInterpreterC2EPKNS_5ModelERKNS_15MicroOpResolverEPhjPNS_13ErrorReporterEPNS_13MicroProfilerE:00000000 _ZN6tflite16MicroInterpreterC1EPKNS_5ModelERKNS_15MicroOpResolverEPhjPNS_13ErrorReporterEPNS_13MicroProfilerE
C:\Users\a5050395\AppData\Local\Temp\ccsrKuF8.s:255    .text._ZN6tflite16MicroInterpreterC2EPKNS_5ModelERKNS_15MicroOpResolverEPNS_14MicroAllocatorEPNS_13ErrorReporterEPNS_13MicroProfilerE:00000000 $a
C:\Users\a5050395\AppData\Local\Temp\ccsrKuF8.s:261    .text._ZN6tflite16MicroInterpreterC2EPKNS_5ModelERKNS_15MicroOpResolverEPNS_14MicroAllocatorEPNS_13ErrorReporterEPNS_13MicroProfilerE:00000000 _ZN6tflite16MicroInterpreterC2EPKNS_5ModelERKNS_15MicroOpResolverEPNS_14MicroAllocatorEPNS_13ErrorReporterEPNS_13MicroProfilerE
.ARM.exidx.text._ZN6tflite16MicroInterpreterC2EPKNS_5ModelERKNS_15MicroOpResolverEPNS_14MicroAllocatorEPNS_13ErrorReporterEPNS_13MicroProfilerE:00000000 $d
C:\Users\a5050395\AppData\Local\Temp\ccsrKuF8.s:261    .text._ZN6tflite16MicroInterpreterC2EPKNS_5ModelERKNS_15MicroOpResolverEPNS_14MicroAllocatorEPNS_13ErrorReporterEPNS_13MicroProfilerE:00000000 _ZN6tflite16MicroInterpreterC1EPKNS_5ModelERKNS_15MicroOpResolverEPNS_14MicroAllocatorEPNS_13ErrorReporterEPNS_13MicroProfilerE
C:\Users\a5050395\AppData\Local\Temp\ccsrKuF8.s:311    .text._ZN6tflite16MicroInterpreter4InitEPNS_13MicroProfilerE:00000000 $a
C:\Users\a5050395\AppData\Local\Temp\ccsrKuF8.s:317    .text._ZN6tflite16MicroInterpreter4InitEPNS_13MicroProfilerE:00000000 _ZN6tflite16MicroInterpreter4InitEPNS_13MicroProfilerE
.ARM.exidx.text._ZN6tflite16MicroInterpreter4InitEPNS_13MicroProfilerE:00000000 $d
C:\Users\a5050395\AppData\Local\Temp\ccsrKuF8.s:341    .text._ZN6tflite16MicroInterpreter5inputEj:00000000 $a
C:\Users\a5050395\AppData\Local\Temp\ccsrKuF8.s:347    .text._ZN6tflite16MicroInterpreter5inputEj:00000000 _ZN6tflite16MicroInterpreter5inputEj
.ARM.exidx.text._ZN6tflite16MicroInterpreter5inputEj:00000000 $d
C:\Users\a5050395\AppData\Local\Temp\ccsrKuF8.s:401    .text._ZN6tflite16MicroInterpreter6outputEj:00000000 $a
C:\Users\a5050395\AppData\Local\Temp\ccsrKuF8.s:407    .text._ZN6tflite16MicroInterpreter6outputEj:00000000 _ZN6tflite16MicroInterpreter6outputEj
.ARM.exidx.text._ZN6tflite16MicroInterpreter6outputEj:00000000 $d
C:\Users\a5050395\AppData\Local\Temp\ccsrKuF8.s:461    .text._ZN6tflite16MicroInterpreterD2Ev:00000000 $a
C:\Users\a5050395\AppData\Local\Temp\ccsrKuF8.s:467    .text._ZN6tflite16MicroInterpreterD2Ev:00000000 _ZN6tflite16MicroInterpreterD2Ev
.ARM.extab.text._ZN6tflite16MicroInterpreterD2Ev:00000000 $d
.ARM.exidx.text._ZN6tflite16MicroInterpreterD2Ev:00000000 $d
C:\Users\a5050395\AppData\Local\Temp\ccsrKuF8.s:467    .text._ZN6tflite16MicroInterpreterD2Ev:00000000 _ZN6tflite16MicroInterpreterD1Ev
C:\Users\a5050395\AppData\Local\Temp\ccsrKuF8.s:502    .text._ZN6tflite16MicroInterpreter44PrepareNodeAndRegistrationDataFromFlatbufferEv:00000000 $a
C:\Users\a5050395\AppData\Local\Temp\ccsrKuF8.s:508    .text._ZN6tflite16MicroInterpreter44PrepareNodeAndRegistrationDataFromFlatbufferEv:00000000 _ZN6tflite16MicroInterpreter44PrepareNodeAndRegistrationDataFromFlatbufferEv
.ARM.exidx.text._ZN6tflite16MicroInterpreter44PrepareNodeAndRegistrationDataFromFlatbufferEv:00000000 $d
C:\Users\a5050395\AppData\Local\Temp\ccsrKuF8.s:772    .text._ZN6tflite16MicroInterpreter20ResetVariableTensorsEv:00000000 $a
C:\Users\a5050395\AppData\Local\Temp\ccsrKuF8.s:778    .text._ZN6tflite16MicroInterpreter20ResetVariableTensorsEv:00000000 _ZN6tflite16MicroInterpreter20ResetVariableTensorsEv
.ARM.exidx.text._ZN6tflite16MicroInterpreter20ResetVariableTensorsEv:00000000 $d
C:\Users\a5050395\AppData\Local\Temp\ccsrKuF8.s:790    .text._ZN6tflite16MicroInterpreter15AllocateTensorsEv:00000000 $a
C:\Users\a5050395\AppData\Local\Temp\ccsrKuF8.s:796    .text._ZN6tflite16MicroInterpreter15AllocateTensorsEv:00000000 _ZN6tflite16MicroInterpreter15AllocateTensorsEv
.ARM.exidx.text._ZN6tflite16MicroInterpreter15AllocateTensorsEv:00000000 $d
C:\Users\a5050395\AppData\Local\Temp\ccsrKuF8.s:1033   .text._ZN6tflite16MicroInterpreter6InvokeEv:00000000 $a
C:\Users\a5050395\AppData\Local\Temp\ccsrKuF8.s:1039   .text._ZN6tflite16MicroInterpreter6InvokeEv:00000000 _ZN6tflite16MicroInterpreter6InvokeEv
.ARM.exidx.text._ZN6tflite16MicroInterpreter6InvokeEv:00000000 $d
C:\Users\a5050395\AppData\Local\Temp\ccsrKuF8.s:1073   .data._ZN11flatbuffers25flatbuffer_version_stringE:00000000 _ZN11flatbuffers25flatbuffer_version_stringE
C:\Users\a5050395\AppData\Local\Temp\ccsrKuF8.s:1070   .data._ZN11flatbuffers25flatbuffer_version_stringE:00000000 $d
C:\Users\a5050395\AppData\Local\Temp\ccsrKuF8.s:1076   .rodata._ZNK6tflite16MicroInterpreter12outputs_sizeEv.isra.5.part.6.str1.4:00000000 $d
C:\Users\a5050395\AppData\Local\Temp\ccsrKuF8.s:1085   .rodata._ZZNK11flatbuffers6VectorINS_6OffsetIN6tflite8SubGraphEEEE3GetEmE19__PRETTY_FUNCTION__:00000000 $d
C:\Users\a5050395\AppData\Local\Temp\ccsrKuF8.s:1089   .rodata._ZZNK11flatbuffers6VectorINS_6OffsetIN6tflite8SubGraphEEEE3GetEmE19__PRETTY_FUNCTION__:00000000 _ZZNK11flatbuffers6VectorINS_6OffsetIN6tflite8SubGraphEEEE3GetEmE19__PRETTY_FUNCTION__
C:\Users\a5050395\AppData\Local\Temp\ccsrKuF8.s:1096   .rodata.str1.4:00000000 $d

UNDEFINED SYMBOLS
__aeabi_unwind_cpp_pr0
_ZN6tflite14MicroAllocator27RequestScratchBufferInArenaEjiPi
__assert_func
memset
_ZN6tflite14MicroAllocator6CreateEPhjPNS_13ErrorReporterE
_ZN6tflite10MicroGraphC1EP13TfLiteContextPKNS_5ModelEPNS_14MicroAllocatorE
_ZN6tflite10MicroGraph13FreeSubgraphsEv
_ZN6tflite10MicroGraphD1Ev
__gxx_personality_v0
_ZN6tflite10MicroGraph12NumSubgraphsEv
_ZN6tflite14MicroAllocator23GetBuiltinDataAllocatorEv
_ZN6tflite25GetRegistrationFromOpCodeEPKNS_12OperatorCodeERKNS_10OpResolverEPNS_13ErrorReporterEPPK18TfLiteRegistration
_ZN6tflite14MicroAllocator33FlatBufferVectorToTfLiteTypeArrayEPKN11flatbuffers6VectorIlEEPP14TfLiteIntArray
abort
_ZN6tflite10MicroGraph20ResetVariableTensorsEv
_ZN6tflite14MicroAllocator20StartModelAllocationEPKNS_5ModelE
_ZN6tflite10MicroGraph22SetSubgraphAllocationsEPNS_19SubgraphAllocationsE
_ZN6tflite10MicroGraph13InitSubgraphsEv
_ZN6tflite10MicroGraph16PrepareSubgraphsEv
_ZN6tflite14MicroAllocator21FinishModelAllocationEPKNS_5ModelEPNS_19SubgraphAllocationsEPPNS_19ScratchBufferHandleE
_ZN6tflite10MicroGraph14InvokeSubgraphEi
