   1              		.cpu cortex-a9
   2              		.eabi_attribute 28, 1
   3              		.eabi_attribute 20, 1
   4              		.eabi_attribute 21, 1
   5              		.eabi_attribute 23, 3
   6              		.eabi_attribute 24, 1
   7              		.eabi_attribute 25, 1
   8              		.eabi_attribute 26, 1
   9              		.eabi_attribute 30, 2
  10              		.eabi_attribute 34, 0
  11              		.eabi_attribute 18, 4
  12              		.file	"recording_micro_allocator.cc"
  13              		.section	.text._ZN6tflite23RecordingMicroAllocatorD2Ev,"axG",%progbits,_ZN6tflite23RecordingMicroA
  14              		.align	2
  15              		.weak	_ZN6tflite23RecordingMicroAllocatorD2Ev
  16              		.syntax unified
  17              		.arm
  18              		.fpu neon
  20              	_ZN6tflite23RecordingMicroAllocatorD2Ev:
  21              		.fnstart
  22              	.LFB10984:
  23              		@ args = 0, pretend = 0, frame = 0
  24              		@ frame_needed = 0, uses_anonymous_args = 0
  25 0000 14309FE5 		ldr	r3, .L3
  26 0004 10402DE9 		push	{r4, lr}
  27 0008 0040A0E1 		mov	r4, r0
  28 000c 003080E5 		str	r3, [r0]
  29 0010 FEFFFFEB 		bl	_ZN6tflite14MicroAllocatorD2Ev
  30 0014 0400A0E1 		mov	r0, r4
  31 0018 1080BDE8 		pop	{r4, pc}
  32              	.L4:
  33              		.align	2
  34              	.L3:
  35 001c 08000000 		.word	.LANCHOR0+8
  36              		.cantunwind
  37              		.fnend
  39              		.weak	_ZN6tflite23RecordingMicroAllocatorD1Ev
  40              		.set	_ZN6tflite23RecordingMicroAllocatorD1Ev,_ZN6tflite23RecordingMicroAllocatorD2Ev
  41              		.section	.text._ZN6tflite23RecordingMicroAllocatorD0Ev,"axG",%progbits,_ZN6tflite23RecordingMicroA
  42              		.align	2
  43              		.weak	_ZN6tflite23RecordingMicroAllocatorD0Ev
  44              		.syntax unified
  45              		.arm
  46              		.fpu neon
  48              	_ZN6tflite23RecordingMicroAllocatorD0Ev:
  49              		.fnstart
  50              	.LFB10986:
  51              		@ args = 0, pretend = 0, frame = 0
  52              		@ frame_needed = 0, uses_anonymous_args = 0
  53 0000 20309FE5 		ldr	r3, .L7
  54 0004 10402DE9 		push	{r4, lr}
  55 0008 0040A0E1 		mov	r4, r0
  56 000c 003080E5 		str	r3, [r0]
  57 0010 FEFFFFEB 		bl	_ZN6tflite14MicroAllocatorD2Ev
  58 0014 0400A0E1 		mov	r0, r4
  59 0018 7410A0E3 		mov	r1, #116
  60 001c FEFFFFEB 		bl	_ZdlPvj
  61 0020 0400A0E1 		mov	r0, r4
  62 0024 1080BDE8 		pop	{r4, pc}
  63              	.L8:
  64              		.align	2
  65              	.L7:
  66 0028 08000000 		.word	.LANCHOR0+8
  67              		.cantunwind
  68              		.fnend
  70              		.section	.text._ZN6tflite23RecordingMicroAllocatorC2EPNS_30RecordingSimpleMemoryAllocatorEPNS_13Er
  71              		.align	2
  72              		.global	_ZN6tflite23RecordingMicroAllocatorC2EPNS_30RecordingSimpleMemoryAllocatorEPNS_13ErrorRepo
  73              		.syntax unified
  74              		.arm
  75              		.fpu neon
  77              	_ZN6tflite23RecordingMicroAllocatorC2EPNS_30RecordingSimpleMemoryAllocatorEPNS_13ErrorReporterE:
  78              		.fnstart
  79              	.LFB6600:
  80              		@ args = 0, pretend = 0, frame = 0
  81              		@ frame_needed = 0, uses_anonymous_args = 0
  82 0000 F0412DE9 		push	{r4, r5, r6, r7, r8, lr}
  83              		.save {r4, r5, r6, r7, r8, lr}
  84 0004 0040A0E1 		mov	r4, r0
  85 0008 0170A0E1 		mov	r7, r1
  86 000c 206084E2 		add	r6, r4, #32
  87 0010 385084E2 		add	r5, r4, #56
  88 0014 FEFFFFEB 		bl	_ZN6tflite14MicroAllocatorC2EPNS_21SimpleMemoryAllocatorEPNS_13ErrorReporterE
  89 0018 68209FE5 		ldr	r2, .L11
  90 001c 0030A0E3 		mov	r3, #0
  91 0020 44E084E2 		add	lr, r4, #68
  92 0024 1C7084E5 		str	r7, [r4, #28]
  93 0028 203084E5 		str	r3, [r4, #32]
  94 002c 0400A0E1 		mov	r0, r4
  95 0030 002084E5 		str	r2, [r4]
  96 0034 243084E5 		str	r3, [r4, #36]
  97 0038 283084E5 		str	r3, [r4, #40]
  98 003c 2C3084E5 		str	r3, [r4, #44]
  99 0040 303084E5 		str	r3, [r4, #48]
 100 0044 343084E5 		str	r3, [r4, #52]
 101 0048 383084E5 		str	r3, [r4, #56]
 102 004c 3C3084E5 		str	r3, [r4, #60]
 103 0050 403084E5 		str	r3, [r4, #64]
 104 0054 443084E5 		str	r3, [r4, #68]
 105 0058 483084E5 		str	r3, [r4, #72]
 106 005c 4C3084E5 		str	r3, [r4, #76]
 107 0060 503084E5 		str	r3, [r4, #80]
 108 0064 543084E5 		str	r3, [r4, #84]
 109 0068 583084E5 		str	r3, [r4, #88]
 110 006c 5C3084E5 		str	r3, [r4, #92]
 111 0070 603084E5 		str	r3, [r4, #96]
 112 0074 643084E5 		str	r3, [r4, #100]
 113 0078 683084E5 		str	r3, [r4, #104]
 114 007c 6C3084E5 		str	r3, [r4, #108]
 115 0080 703084E5 		str	r3, [r4, #112]
 116 0084 F081BDE8 		pop	{r4, r5, r6, r7, r8, pc}
 117              	.L12:
 118              		.align	2
 119              	.L11:
 120 0088 08000000 		.word	.LANCHOR0+8
 121              		.fnend
 123              		.global	_ZN6tflite23RecordingMicroAllocatorC1EPNS_30RecordingSimpleMemoryAllocatorEPNS_13ErrorRepo
 124              		.set	_ZN6tflite23RecordingMicroAllocatorC1EPNS_30RecordingSimpleMemoryAllocatorEPNS_13ErrorReporte
 125              		.section	.text._ZN6tflite23RecordingMicroAllocator6CreateEPhjPNS_13ErrorReporterE,"ax",%progbits
 126              		.align	2
 127              		.global	_ZN6tflite23RecordingMicroAllocator6CreateEPhjPNS_13ErrorReporterE
 128              		.syntax unified
 129              		.arm
 130              		.fpu neon
 132              	_ZN6tflite23RecordingMicroAllocator6CreateEPhjPNS_13ErrorReporterE:
 133              		.fnstart
 134              	.LFB6602:
 135              		@ args = 0, pretend = 0, frame = 0
 136              		@ frame_needed = 0, uses_anonymous_args = 0
 137 0000 F0412DE9 		push	{r4, r5, r6, r7, r8, lr}
 138              		.save {r4, r5, r6, r7, r8, lr}
 139 0004 005052E2 		subs	r5, r2, #0
 140 0008 2D00000A 		beq	.L15
 141 000c 0120A0E1 		mov	r2, r1
 142 0010 0010A0E1 		mov	r1, r0
 143 0014 0500A0E1 		mov	r0, r5
 144 0018 FEFFFFEB 		bl	_ZN6tflite30RecordingSimpleMemoryAllocator6CreateEPNS_13ErrorReporterEPhj
 145 001c 007050E2 		subs	r7, r0, #0
 146 0020 2700000A 		beq	.L15
 147 0024 003097E5 		ldr	r3, [r7]
 148 0028 0420A0E3 		mov	r2, #4
 149 002c 7410A0E3 		mov	r1, #116
 150 0030 0C3093E5 		ldr	r3, [r3, #12]
 151 0034 33FF2FE1 		blx	r3
 152 0038 004050E2 		subs	r4, r0, #0
 153 003c 1E00000A 		beq	.L16
 154 0040 0520A0E1 		mov	r2, r5
 155 0044 0710A0E1 		mov	r1, r7
 156 0048 FEFFFFEB 		bl	_ZN6tflite14MicroAllocatorC2EPNS_21SimpleMemoryAllocatorEPNS_13ErrorReporterE
 157 004c 74209FE5 		ldr	r2, .L25
 158 0050 206084E2 		add	r6, r4, #32
 159 0054 2C5084E2 		add	r5, r4, #44
 160 0058 38E084E2 		add	lr, r4, #56
 161 005c 0030A0E3 		mov	r3, #0
 162 0060 1C7084E5 		str	r7, [r4, #28]
 163 0064 002084E5 		str	r2, [r4]
 164 0068 203084E5 		str	r3, [r4, #32]
 165 006c 243084E5 		str	r3, [r4, #36]
 166 0070 283084E5 		str	r3, [r4, #40]
 167 0074 2C3084E5 		str	r3, [r4, #44]
 168 0078 303084E5 		str	r3, [r4, #48]
 169 007c 343084E5 		str	r3, [r4, #52]
 170 0080 383084E5 		str	r3, [r4, #56]
 171 0084 3C3084E5 		str	r3, [r4, #60]
 172 0088 403084E5 		str	r3, [r4, #64]
 173 008c 443084E5 		str	r3, [r4, #68]
 174 0090 483084E5 		str	r3, [r4, #72]
 175 0094 4C3084E5 		str	r3, [r4, #76]
 176 0098 503084E5 		str	r3, [r4, #80]
 177 009c 543084E5 		str	r3, [r4, #84]
 178 00a0 583084E5 		str	r3, [r4, #88]
 179 00a4 5C3084E5 		str	r3, [r4, #92]
 180 00a8 603084E5 		str	r3, [r4, #96]
 181 00ac 643084E5 		str	r3, [r4, #100]
 182 00b0 683084E5 		str	r3, [r4, #104]
 183 00b4 6C3084E5 		str	r3, [r4, #108]
 184 00b8 703084E5 		str	r3, [r4, #112]
 185              	.L16:
 186 00bc 0400A0E1 		mov	r0, r4
 187 00c0 F081BDE8 		pop	{r4, r5, r6, r7, r8, pc}
 188              	.L15:
 189 00c4 FEFFFFEB 		bl	abort
 190              	.L26:
 191              		.align	2
 192              	.L25:
 193 00c8 08000000 		.word	.LANCHOR0+8
 194              		.fnend
 196              		.section	.text._ZNK6tflite23RecordingMicroAllocator21GetRecordedAllocationENS_22RecordedAllocation
 197              		.align	2
 198              		.global	_ZNK6tflite23RecordingMicroAllocator21GetRecordedAllocationENS_22RecordedAllocationTypeE
 199              		.syntax unified
 200              		.arm
 201              		.fpu neon
 203              	_ZNK6tflite23RecordingMicroAllocator21GetRecordedAllocationENS_22RecordedAllocationTypeE:
 204              		.fnstart
 205              	.LFB6603:
 206              		@ args = 0, pretend = 0, frame = 0
 207              		@ frame_needed = 0, uses_anonymous_args = 0
 208              		@ link register save eliminated.
 209 0000 0030A0E1 		mov	r3, r0
 210 0004 060052E3 		cmp	r2, #6
 211 0008 02F19F97 		ldrls	pc, [pc, r2, asl #2]
 212 000c 290000EA 		b	.L28
 213              	.L30:
 214 0010 40000000 		.word	.L29
 215 0014 54000000 		.word	.L31
 216 0018 68000000 		.word	.L32
 217 001c 7C000000 		.word	.L33
 218 0020 90000000 		.word	.L34
 219 0024 A4000000 		.word	.L35
 220 0028 2C000000 		.word	.L36
 221              	.L36:
 222 002c 681081E2 		add	r1, r1, #104
 223 0030 070091E8 		ldm	r1, {r0, r1, r2}
 224 0034 070083E8 		stm	r3, {r0, r1, r2}
 225 0038 0300A0E1 		mov	r0, r3
 226 003c 1EFF2FE1 		bx	lr
 227              	.L29:
 228 0040 201081E2 		add	r1, r1, #32
 229 0044 070091E8 		ldm	r1, {r0, r1, r2}
 230 0048 070083E8 		stm	r3, {r0, r1, r2}
 231 004c 0300A0E1 		mov	r0, r3
 232 0050 1EFF2FE1 		bx	lr
 233              	.L31:
 234 0054 2C1081E2 		add	r1, r1, #44
 235 0058 070091E8 		ldm	r1, {r0, r1, r2}
 236 005c 070083E8 		stm	r3, {r0, r1, r2}
 237 0060 0300A0E1 		mov	r0, r3
 238 0064 1EFF2FE1 		bx	lr
 239              	.L32:
 240 0068 381081E2 		add	r1, r1, #56
 241 006c 070091E8 		ldm	r1, {r0, r1, r2}
 242 0070 070083E8 		stm	r3, {r0, r1, r2}
 243 0074 0300A0E1 		mov	r0, r3
 244 0078 1EFF2FE1 		bx	lr
 245              	.L33:
 246 007c 441081E2 		add	r1, r1, #68
 247 0080 070091E8 		ldm	r1, {r0, r1, r2}
 248 0084 070083E8 		stm	r3, {r0, r1, r2}
 249 0088 0300A0E1 		mov	r0, r3
 250 008c 1EFF2FE1 		bx	lr
 251              	.L34:
 252 0090 501081E2 		add	r1, r1, #80
 253 0094 070091E8 		ldm	r1, {r0, r1, r2}
 254 0098 070083E8 		stm	r3, {r0, r1, r2}
 255 009c 0300A0E1 		mov	r0, r3
 256 00a0 1EFF2FE1 		bx	lr
 257              	.L35:
 258 00a4 5C1081E2 		add	r1, r1, #92
 259 00a8 070091E8 		ldm	r1, {r0, r1, r2}
 260 00ac 070083E8 		stm	r3, {r0, r1, r2}
 261 00b0 0300A0E1 		mov	r0, r3
 262 00b4 1EFF2FE1 		bx	lr
 263              	.L28:
 264 00b8 0020A0E3 		mov	r2, #0
 265 00bc 002080E5 		str	r2, [r0]
 266 00c0 042080E5 		str	r2, [r0, #4]
 267 00c4 082080E5 		str	r2, [r0, #8]
 268 00c8 0300A0E1 		mov	r0, r3
 269 00cc 1EFF2FE1 		bx	lr
 270              		.cantunwind
 271              		.fnend
 273              		.section	.text._ZNK6tflite23RecordingMicroAllocator24GetSimpleMemoryAllocatorEv,"ax",%progbits
 274              		.align	2
 275              		.global	_ZNK6tflite23RecordingMicroAllocator24GetSimpleMemoryAllocatorEv
 276              		.syntax unified
 277              		.arm
 278              		.fpu neon
 280              	_ZNK6tflite23RecordingMicroAllocator24GetSimpleMemoryAllocatorEv:
 281              		.fnstart
 282              	.LFB6604:
 283              		@ args = 0, pretend = 0, frame = 0
 284              		@ frame_needed = 0, uses_anonymous_args = 0
 285              		@ link register save eliminated.
 286 0000 1C0090E5 		ldr	r0, [r0, #28]
 287 0004 1EFF2FE1 		bx	lr
 288              		.cantunwind
 289              		.fnend
 291              		.section	.text._ZNK6tflite23RecordingMicroAllocator16PrintAllocationsEv,"ax",%progbits
 292              		.align	2
 293              		.global	_ZNK6tflite23RecordingMicroAllocator16PrintAllocationsEv
 294              		.syntax unified
 295              		.arm
 296              		.fpu neon
 298              	_ZNK6tflite23RecordingMicroAllocator16PrintAllocationsEv:
 299              		.fnstart
 300              	.LFB6605:
 301              		@ args = 0, pretend = 0, frame = 0
 302              		@ frame_needed = 0, uses_anonymous_args = 0
 303              		@ link register save eliminated.
 304 0000 1EFF2FE1 		bx	lr
 305              		.cantunwind
 306              		.fnend
 308              		.section	.text._ZNK6tflite23RecordingMicroAllocator23PrintRecordedAllocationENS_22RecordedAllocati
 309              		.align	2
 310              		.global	_ZNK6tflite23RecordingMicroAllocator23PrintRecordedAllocationENS_22RecordedAllocationTypeE
 311              		.syntax unified
 312              		.arm
 313              		.fpu neon
 315              	_ZNK6tflite23RecordingMicroAllocator23PrintRecordedAllocationENS_22RecordedAllocationTypeEPKcS3_:
 316              		.fnstart
 317              	.LFB6607:
 318              		@ args = 0, pretend = 0, frame = 0
 319              		@ frame_needed = 0, uses_anonymous_args = 0
 320              		@ link register save eliminated.
 321 0000 1EFF2FE1 		bx	lr
 322              		.cantunwind
 323              		.fnend
 325              		.section	.text._ZNK6tflite23RecordingMicroAllocator23SnapshotAllocationUsageEv,"ax",%progbits
 326              		.align	2
 327              		.global	_ZNK6tflite23RecordingMicroAllocator23SnapshotAllocationUsageEv
 328              		.syntax unified
 329              		.arm
 330              		.fpu neon
 332              	_ZNK6tflite23RecordingMicroAllocator23SnapshotAllocationUsageEv:
 333              		.fnstart
 334              	.LFB6613:
 335              		@ args = 0, pretend = 0, frame = 0
 336              		@ frame_needed = 0, uses_anonymous_args = 0
 337 0000 70402DE9 		push	{r4, r5, r6, lr}
 338              		.save {r4, r5, r6, lr}
 339 0004 0150A0E1 		mov	r5, r1
 340 0008 0040A0E1 		mov	r4, r0
 341 000c 1C0091E5 		ldr	r0, [r1, #28]
 342 0010 FEFFFFEB 		bl	_ZNK6tflite30RecordingSimpleMemoryAllocator17GetRequestedBytesEv
 343 0014 000084E5 		str	r0, [r4]
 344 0018 1C0095E5 		ldr	r0, [r5, #28]
 345 001c FEFFFFEB 		bl	_ZNK6tflite30RecordingSimpleMemoryAllocator12GetUsedBytesEv
 346 0020 040084E5 		str	r0, [r4, #4]
 347 0024 1C0095E5 		ldr	r0, [r5, #28]
 348 0028 FEFFFFEB 		bl	_ZNK6tflite30RecordingSimpleMemoryAllocator17GetAllocatedCountEv
 349 002c 080084E5 		str	r0, [r4, #8]
 350 0030 0400A0E1 		mov	r0, r4
 351 0034 7080BDE8 		pop	{r4, r5, r6, pc}
 352              		.fnend
 354              		.section	.text._ZN6tflite23RecordingMicroAllocator21RecordAllocationUsageERKNS_18RecordedAllocatio
 355              		.align	2
 356              		.global	_ZN6tflite23RecordingMicroAllocator21RecordAllocationUsageERKNS_18RecordedAllocationERS1_
 357              		.syntax unified
 358              		.arm
 359              		.fpu neon
 361              	_ZN6tflite23RecordingMicroAllocator21RecordAllocationUsageERKNS_18RecordedAllocationERS1_:
 362              		.fnstart
 363              	.LFB6614:
 364              		@ args = 0, pretend = 0, frame = 0
 365              		@ frame_needed = 0, uses_anonymous_args = 0
 366 0000 70402DE9 		push	{r4, r5, r6, lr}
 367              		.save {r4, r5, r6, lr}
 368 0004 0240A0E1 		mov	r4, r2
 369 0008 0150A0E1 		mov	r5, r1
 370 000c 0060A0E1 		mov	r6, r0
 371 0010 1C0090E5 		ldr	r0, [r0, #28]
 372 0014 FEFFFFEB 		bl	_ZNK6tflite30RecordingSimpleMemoryAllocator17GetRequestedBytesEv
 373 0018 002095E5 		ldr	r2, [r5]
 374 001c 003094E5 		ldr	r3, [r4]
 375 0020 023043E0 		sub	r3, r3, r2
 376 0024 003083E0 		add	r3, r3, r0
 377 0028 1C0096E5 		ldr	r0, [r6, #28]
 378 002c 003084E5 		str	r3, [r4]
 379 0030 FEFFFFEB 		bl	_ZNK6tflite30RecordingSimpleMemoryAllocator12GetUsedBytesEv
 380 0034 042095E5 		ldr	r2, [r5, #4]
 381 0038 043094E5 		ldr	r3, [r4, #4]
 382 003c 023043E0 		sub	r3, r3, r2
 383 0040 003083E0 		add	r3, r3, r0
 384 0044 1C0096E5 		ldr	r0, [r6, #28]
 385 0048 043084E5 		str	r3, [r4, #4]
 386 004c FEFFFFEB 		bl	_ZNK6tflite30RecordingSimpleMemoryAllocator17GetAllocatedCountEv
 387 0050 082095E5 		ldr	r2, [r5, #8]
 388 0054 083094E5 		ldr	r3, [r4, #8]
 389 0058 023043E0 		sub	r3, r3, r2
 390 005c 000083E0 		add	r0, r3, r0
 391 0060 080084E5 		str	r0, [r4, #8]
 392 0064 7080BDE8 		pop	{r4, r5, r6, pc}
 393              		.fnend
 395              		.section	.text._ZN6tflite23RecordingMicroAllocator24AllocatePersistentBufferEj,"ax",%progbits
 396              		.align	2
 397              		.global	_ZN6tflite23RecordingMicroAllocator24AllocatePersistentBufferEj
 398              		.syntax unified
 399              		.arm
 400              		.fpu neon
 402              	_ZN6tflite23RecordingMicroAllocator24AllocatePersistentBufferEj:
 403              		.fnstart
 404              	.LFB6606:
 405              		@ args = 0, pretend = 0, frame = 0
 406              		@ frame_needed = 0, uses_anonymous_args = 0
 407 0000 F0412DE9 		push	{r4, r5, r6, r7, r8, lr}
 408              		.save {r4, r5, r6, r7, r8, lr}
 409 0004 0040A0E1 		mov	r4, r0
 410 0008 1C0090E5 		ldr	r0, [r0, #28]
 411 000c 0160A0E1 		mov	r6, r1
 412 0010 FEFFFFEB 		bl	_ZNK6tflite30RecordingSimpleMemoryAllocator17GetRequestedBytesEv
 413 0014 0080A0E1 		mov	r8, r0
 414 0018 1C0094E5 		ldr	r0, [r4, #28]
 415 001c FEFFFFEB 		bl	_ZNK6tflite30RecordingSimpleMemoryAllocator12GetUsedBytesEv
 416 0020 0070A0E1 		mov	r7, r0
 417 0024 1C0094E5 		ldr	r0, [r4, #28]
 418 0028 FEFFFFEB 		bl	_ZNK6tflite30RecordingSimpleMemoryAllocator17GetAllocatedCountEv
 419 002c 0610A0E1 		mov	r1, r6
 420 0030 0050A0E1 		mov	r5, r0
 421 0034 0400A0E1 		mov	r0, r4
 422 0038 FEFFFFEB 		bl	_ZN6tflite14MicroAllocator24AllocatePersistentBufferEj
 423 003c 0060A0E1 		mov	r6, r0
 424 0040 1C0094E5 		ldr	r0, [r4, #28]
 425 0044 FEFFFFEB 		bl	_ZNK6tflite30RecordingSimpleMemoryAllocator17GetRequestedBytesEv
 426 0048 441094E5 		ldr	r1, [r4, #68]
 427 004c 011080E0 		add	r1, r0, r1
 428 0050 1C0094E5 		ldr	r0, [r4, #28]
 429 0054 081041E0 		sub	r1, r1, r8
 430 0058 441084E5 		str	r1, [r4, #68]
 431 005c FEFFFFEB 		bl	_ZNK6tflite30RecordingSimpleMemoryAllocator12GetUsedBytesEv
 432 0060 482094E5 		ldr	r2, [r4, #72]
 433 0064 022080E0 		add	r2, r0, r2
 434 0068 1C0094E5 		ldr	r0, [r4, #28]
 435 006c 072042E0 		sub	r2, r2, r7
 436 0070 482084E5 		str	r2, [r4, #72]
 437 0074 FEFFFFEB 		bl	_ZNK6tflite30RecordingSimpleMemoryAllocator17GetAllocatedCountEv
 438 0078 4C3094E5 		ldr	r3, [r4, #76]
 439 007c 033080E0 		add	r3, r0, r3
 440 0080 0600A0E1 		mov	r0, r6
 441 0084 053043E0 		sub	r3, r3, r5
 442 0088 4C3084E5 		str	r3, [r4, #76]
 443 008c F081BDE8 		pop	{r4, r5, r6, r7, r8, pc}
 444              		.fnend
 446              		.section	.text._ZN6tflite23RecordingMicroAllocator28AllocateNodeAndRegistrationsEPKNS_5ModelEPNS_1
 447              		.align	2
 448              		.global	_ZN6tflite23RecordingMicroAllocator28AllocateNodeAndRegistrationsEPKNS_5ModelEPNS_19Subgra
 449              		.syntax unified
 450              		.arm
 451              		.fpu neon
 453              	_ZN6tflite23RecordingMicroAllocator28AllocateNodeAndRegistrationsEPKNS_5ModelEPNS_19SubgraphAllocat
 454              		.fnstart
 455              	.LFB6608:
 456              		@ args = 0, pretend = 0, frame = 0
 457              		@ frame_needed = 0, uses_anonymous_args = 0
 458 0000 F0472DE9 		push	{r4, r5, r6, r7, r8, r9, r10, lr}
 459              		.save {r4, r5, r6, r7, r8, r9, r10, lr}
 460 0004 0040A0E1 		mov	r4, r0
 461 0008 1C0090E5 		ldr	r0, [r0, #28]
 462 000c 0190A0E1 		mov	r9, r1
 463 0010 0280A0E1 		mov	r8, r2
 464 0014 00A0A0E3 		mov	r10, #0
 465 0018 FEFFFFEB 		bl	_ZNK6tflite30RecordingSimpleMemoryAllocator17GetRequestedBytesEv
 466 001c 0070A0E1 		mov	r7, r0
 467 0020 1C0094E5 		ldr	r0, [r4, #28]
 468 0024 FEFFFFEB 		bl	_ZNK6tflite30RecordingSimpleMemoryAllocator12GetUsedBytesEv
 469 0028 0060A0E1 		mov	r6, r0
 470 002c 1C0094E5 		ldr	r0, [r4, #28]
 471 0030 FEFFFFEB 		bl	_ZNK6tflite30RecordingSimpleMemoryAllocator17GetAllocatedCountEv
 472 0034 0820A0E1 		mov	r2, r8
 473 0038 0910A0E1 		mov	r1, r9
 474 003c 0050A0E1 		mov	r5, r0
 475 0040 0400A0E1 		mov	r0, r4
 476 0044 FEFFFFEB 		bl	_ZN6tflite14MicroAllocator28AllocateNodeAndRegistrationsEPKNS_5ModelEPNS_19SubgraphAllocationsE
 477 0048 002099E5 		ldr	r2, [r9]
 478 004c 0080A0E1 		mov	r8, r0
 479 0050 022049E0 		sub	r2, r9, r2
 480 0054 B010D2E1 		ldrh	r1, [r2]
 481 0058 3A0000EA 		b	.L53
 482              	.L66:
 483 005c B830D2E1 		ldrh	r3, [r2, #8]
 484 0060 000053E3 		cmp	r3, #0
 485 0064 032089E0 		add	r2, r9, r3
 486 0068 3800000A 		beq	.L52
 487 006c 033099E7 		ldr	r3, [r9, r3]
 488 0070 033092E7 		ldr	r3, [r2, r3]
 489 0074 03005AE1 		cmp	r10, r3
 490 0078 3700002A 		bcs	.L54
 491 007c 1C0094E5 		ldr	r0, [r4, #28]
 492 0080 FEFFFFEB 		bl	_ZNK6tflite30RecordingSimpleMemoryAllocator17GetRequestedBytesEv
 493 0084 5C3094E5 		ldr	r3, [r4, #92]
 494 0088 073043E0 		sub	r3, r3, r7
 495 008c 003083E0 		add	r3, r3, r0
 496 0090 1C0094E5 		ldr	r0, [r4, #28]
 497 0094 5C3084E5 		str	r3, [r4, #92]
 498 0098 FEFFFFEB 		bl	_ZNK6tflite30RecordingSimpleMemoryAllocator12GetUsedBytesEv
 499 009c 603094E5 		ldr	r3, [r4, #96]
 500 00a0 063043E0 		sub	r3, r3, r6
 501 00a4 003083E0 		add	r3, r3, r0
 502 00a8 1C0094E5 		ldr	r0, [r4, #28]
 503 00ac 603084E5 		str	r3, [r4, #96]
 504 00b0 FEFFFFEB 		bl	_ZNK6tflite30RecordingSimpleMemoryAllocator17GetAllocatedCountEv
 505 00b4 002099E5 		ldr	r2, [r9]
 506 00b8 643094E5 		ldr	r3, [r4, #100]
 507 00bc 022049E0 		sub	r2, r9, r2
 508 00c0 B010D2E1 		ldrh	r1, [r2]
 509 00c4 053043E0 		sub	r3, r3, r5
 510 00c8 000083E0 		add	r0, r3, r0
 511 00cc 640084E5 		str	r0, [r4, #100]
 512 00d0 080051E3 		cmp	r1, #8
 513 00d4 1D0000DA 		ble	.L52
 514 00d8 B8C0D2E1 		ldrh	ip, [r2, #8]
 515 00dc 00005CE3 		cmp	ip, #0
 516 00e0 0C3089E0 		add	r3, r9, ip
 517 00e4 1900000A 		beq	.L52
 518 00e8 0CC099E7 		ldr	ip, [r9, ip]
 519 00ec 0CE093E7 		ldr	lr, [r3, ip]
 520 00f0 0C3083E0 		add	r3, r3, ip
 521 00f4 0E005AE1 		cmp	r10, lr
 522 00f8 1900002A 		bcs	.L65
 523 00fc 043083E2 		add	r3, r3, #4
 524 0100 0AE193E7 		ldr	lr, [r3, r10, lsl #2]
 525 0104 0A3183E0 		add	r3, r3, r10, lsl #2
 526 0108 0EC093E7 		ldr	ip, [r3, lr]
 527 010c 0E3083E0 		add	r3, r3, lr
 528 0110 0CC043E0 		sub	ip, r3, ip
 529 0114 B0E0DCE1 		ldrh	lr, [ip]
 530 0118 0A005EE3 		cmp	lr, #10
 531 011c 0B0000DA 		ble	.L52
 532 0120 BAC0DCE1 		ldrh	ip, [ip, #10]
 533 0124 00005CE3 		cmp	ip, #0
 534 0128 0CE083E0 		add	lr, r3, ip
 535 012c 0700000A 		beq	.L52
 536 0130 0C3093E7 		ldr	r3, [r3, ip]
 537 0134 01A08AE2 		add	r10, r10, #1
 538 0138 03309EE7 		ldr	r3, [lr, r3]
 539 013c 013043E2 		sub	r3, r3, #1
 540 0140 000083E0 		add	r0, r3, r0
 541 0144 640084E5 		str	r0, [r4, #100]
 542              	.L53:
 543 0148 080051E3 		cmp	r1, #8
 544 014c C2FFFFCA 		bgt	.L66
 545              	.L52:
 546 0150 0030A0E3 		mov	r3, #0
 547 0154 003093E5 		ldr	r3, [r3]
 548 0158 F000F0E7 		.inst	0xe7f000f0
 549              	.L54:
 550 015c 0800A0E1 		mov	r0, r8
 551 0160 F087BDE8 		pop	{r4, r5, r6, r7, r8, r9, r10, pc}
 552              	.L65:
 553 0164 003000E3 		movw	r3, #:lower16:.LC0
 554 0168 002000E3 		movw	r2, #:lower16:.LANCHOR1
 555 016c 000000E3 		movw	r0, #:lower16:.LC1
 556 0170 003040E3 		movt	r3, #:upper16:.LC0
 557 0174 002040E3 		movt	r2, #:upper16:.LANCHOR1
 558 0178 000040E3 		movt	r0, #:upper16:.LC1
 559 017c 061100E3 		movw	r1, #262
 560 0180 FEFFFFEB 		bl	__assert_func
 561              		.fnend
 563              		.section	.text._ZN6tflite23RecordingMicroAllocator25AllocateTfLiteEvalTensorsEPKNS_5ModelEPNS_19Su
 564              		.align	2
 565              		.global	_ZN6tflite23RecordingMicroAllocator25AllocateTfLiteEvalTensorsEPKNS_5ModelEPNS_19SubgraphA
 566              		.syntax unified
 567              		.arm
 568              		.fpu neon
 570              	_ZN6tflite23RecordingMicroAllocator25AllocateTfLiteEvalTensorsEPKNS_5ModelEPNS_19SubgraphAllocation
 571              		.fnstart
 572              	.LFB6609:
 573              		@ args = 0, pretend = 0, frame = 0
 574              		@ frame_needed = 0, uses_anonymous_args = 0
 575 0000 F0472DE9 		push	{r4, r5, r6, r7, r8, r9, r10, lr}
 576              		.save {r4, r5, r6, r7, r8, r9, r10, lr}
 577 0004 0040A0E1 		mov	r4, r0
 578 0008 1C0090E5 		ldr	r0, [r0, #28]
 579 000c 0190A0E1 		mov	r9, r1
 580 0010 0280A0E1 		mov	r8, r2
 581 0014 00A0A0E3 		mov	r10, #0
 582 0018 FEFFFFEB 		bl	_ZNK6tflite30RecordingSimpleMemoryAllocator17GetRequestedBytesEv
 583 001c 0070A0E1 		mov	r7, r0
 584 0020 1C0094E5 		ldr	r0, [r4, #28]
 585 0024 FEFFFFEB 		bl	_ZNK6tflite30RecordingSimpleMemoryAllocator12GetUsedBytesEv
 586 0028 0060A0E1 		mov	r6, r0
 587 002c 1C0094E5 		ldr	r0, [r4, #28]
 588 0030 FEFFFFEB 		bl	_ZNK6tflite30RecordingSimpleMemoryAllocator17GetAllocatedCountEv
 589 0034 0820A0E1 		mov	r2, r8
 590 0038 0910A0E1 		mov	r1, r9
 591 003c 0050A0E1 		mov	r5, r0
 592 0040 0400A0E1 		mov	r0, r4
 593 0044 FEFFFFEB 		bl	_ZN6tflite14MicroAllocator25AllocateTfLiteEvalTensorsEPKNS_5ModelEPNS_19SubgraphAllocationsE
 594 0048 002099E5 		ldr	r2, [r9]
 595 004c 0080A0E1 		mov	r8, r0
 596 0050 022049E0 		sub	r2, r9, r2
 597 0054 B010D2E1 		ldrh	r1, [r2]
 598 0058 3A0000EA 		b	.L73
 599              	.L86:
 600 005c B830D2E1 		ldrh	r3, [r2, #8]
 601 0060 000053E3 		cmp	r3, #0
 602 0064 032089E0 		add	r2, r9, r3
 603 0068 3800000A 		beq	.L72
 604 006c 033099E7 		ldr	r3, [r9, r3]
 605 0070 033092E7 		ldr	r3, [r2, r3]
 606 0074 03005AE1 		cmp	r10, r3
 607 0078 3700002A 		bcs	.L74
 608 007c 1C0094E5 		ldr	r0, [r4, #28]
 609 0080 FEFFFFEB 		bl	_ZNK6tflite30RecordingSimpleMemoryAllocator17GetRequestedBytesEv
 610 0084 203094E5 		ldr	r3, [r4, #32]
 611 0088 073043E0 		sub	r3, r3, r7
 612 008c 003083E0 		add	r3, r3, r0
 613 0090 1C0094E5 		ldr	r0, [r4, #28]
 614 0094 203084E5 		str	r3, [r4, #32]
 615 0098 FEFFFFEB 		bl	_ZNK6tflite30RecordingSimpleMemoryAllocator12GetUsedBytesEv
 616 009c 243094E5 		ldr	r3, [r4, #36]
 617 00a0 063043E0 		sub	r3, r3, r6
 618 00a4 003083E0 		add	r3, r3, r0
 619 00a8 1C0094E5 		ldr	r0, [r4, #28]
 620 00ac 243084E5 		str	r3, [r4, #36]
 621 00b0 FEFFFFEB 		bl	_ZNK6tflite30RecordingSimpleMemoryAllocator17GetAllocatedCountEv
 622 00b4 002099E5 		ldr	r2, [r9]
 623 00b8 283094E5 		ldr	r3, [r4, #40]
 624 00bc 022049E0 		sub	r2, r9, r2
 625 00c0 B010D2E1 		ldrh	r1, [r2]
 626 00c4 053043E0 		sub	r3, r3, r5
 627 00c8 000083E0 		add	r0, r3, r0
 628 00cc 280084E5 		str	r0, [r4, #40]
 629 00d0 080051E3 		cmp	r1, #8
 630 00d4 1D0000DA 		ble	.L72
 631 00d8 B8C0D2E1 		ldrh	ip, [r2, #8]
 632 00dc 00005CE3 		cmp	ip, #0
 633 00e0 0C3089E0 		add	r3, r9, ip
 634 00e4 1900000A 		beq	.L72
 635 00e8 0CC099E7 		ldr	ip, [r9, ip]
 636 00ec 0CE093E7 		ldr	lr, [r3, ip]
 637 00f0 0C3083E0 		add	r3, r3, ip
 638 00f4 0E005AE1 		cmp	r10, lr
 639 00f8 1900002A 		bcs	.L85
 640 00fc 043083E2 		add	r3, r3, #4
 641 0100 0AE193E7 		ldr	lr, [r3, r10, lsl #2]
 642 0104 0A3183E0 		add	r3, r3, r10, lsl #2
 643 0108 0EC093E7 		ldr	ip, [r3, lr]
 644 010c 0E3083E0 		add	r3, r3, lr
 645 0110 0CC043E0 		sub	ip, r3, ip
 646 0114 B0E0DCE1 		ldrh	lr, [ip]
 647 0118 04005EE3 		cmp	lr, #4
 648 011c 0B0000DA 		ble	.L72
 649 0120 B4C0DCE1 		ldrh	ip, [ip, #4]
 650 0124 00005CE3 		cmp	ip, #0
 651 0128 0CE083E0 		add	lr, r3, ip
 652 012c 0700000A 		beq	.L72
 653 0130 0C3093E7 		ldr	r3, [r3, ip]
 654 0134 01A08AE2 		add	r10, r10, #1
 655 0138 03309EE7 		ldr	r3, [lr, r3]
 656 013c 013043E2 		sub	r3, r3, #1
 657 0140 000083E0 		add	r0, r3, r0
 658 0144 280084E5 		str	r0, [r4, #40]
 659              	.L73:
 660 0148 080051E3 		cmp	r1, #8
 661 014c C2FFFFCA 		bgt	.L86
 662              	.L72:
 663 0150 0030A0E3 		mov	r3, #0
 664 0154 003093E5 		ldr	r3, [r3]
 665 0158 F000F0E7 		.inst	0xe7f000f0
 666              	.L74:
 667 015c 0800A0E1 		mov	r0, r8
 668 0160 F087BDE8 		pop	{r4, r5, r6, r7, r8, r9, r10, pc}
 669              	.L85:
 670 0164 003000E3 		movw	r3, #:lower16:.LC0
 671 0168 002000E3 		movw	r2, #:lower16:.LANCHOR1
 672 016c 000000E3 		movw	r0, #:lower16:.LC1
 673 0170 003040E3 		movt	r3, #:upper16:.LC0
 674 0174 002040E3 		movt	r2, #:upper16:.LANCHOR1
 675 0178 000040E3 		movt	r0, #:upper16:.LC1
 676 017c 061100E3 		movw	r1, #262
 677 0180 FEFFFFEB 		bl	__assert_func
 678              		.fnend
 680              		.section	.text._ZN6tflite23RecordingMicroAllocator17AllocateVariablesEPKNS_8SubGraphEP16TfLiteEval
 681              		.align	2
 682              		.global	_ZN6tflite23RecordingMicroAllocator17AllocateVariablesEPKNS_8SubGraphEP16TfLiteEvalTensor
 683              		.syntax unified
 684              		.arm
 685              		.fpu neon
 687              	_ZN6tflite23RecordingMicroAllocator17AllocateVariablesEPKNS_8SubGraphEP16TfLiteEvalTensor:
 688              		.fnstart
 689              	.LFB6610:
 690              		@ args = 0, pretend = 0, frame = 0
 691              		@ frame_needed = 0, uses_anonymous_args = 0
 692 0000 F0472DE9 		push	{r4, r5, r6, r7, r8, r9, r10, lr}
 693              		.save {r4, r5, r6, r7, r8, r9, r10, lr}
 694 0004 0040A0E1 		mov	r4, r0
 695 0008 1C0090E5 		ldr	r0, [r0, #28]
 696 000c 0160A0E1 		mov	r6, r1
 697 0010 0290A0E1 		mov	r9, r2
 698 0014 FEFFFFEB 		bl	_ZNK6tflite30RecordingSimpleMemoryAllocator17GetRequestedBytesEv
 699 0018 0080A0E1 		mov	r8, r0
 700 001c 1C0094E5 		ldr	r0, [r4, #28]
 701 0020 FEFFFFEB 		bl	_ZNK6tflite30RecordingSimpleMemoryAllocator12GetUsedBytesEv
 702 0024 0070A0E1 		mov	r7, r0
 703 0028 1C0094E5 		ldr	r0, [r4, #28]
 704 002c FEFFFFEB 		bl	_ZNK6tflite30RecordingSimpleMemoryAllocator17GetAllocatedCountEv
 705 0030 0610A0E1 		mov	r1, r6
 706 0034 0920A0E1 		mov	r2, r9
 707 0038 0050A0E1 		mov	r5, r0
 708 003c 0400A0E1 		mov	r0, r4
 709 0040 FEFFFFEB 		bl	_ZN6tflite14MicroAllocator17AllocateVariablesEPKNS_8SubGraphEP16TfLiteEvalTensor
 710 0044 0060A0E1 		mov	r6, r0
 711 0048 1C0094E5 		ldr	r0, [r4, #28]
 712 004c FEFFFFEB 		bl	_ZNK6tflite30RecordingSimpleMemoryAllocator17GetRequestedBytesEv
 713 0050 502094E5 		ldr	r2, [r4, #80]
 714 0054 022080E0 		add	r2, r0, r2
 715 0058 1C0094E5 		ldr	r0, [r4, #28]
 716 005c 082042E0 		sub	r2, r2, r8
 717 0060 502084E5 		str	r2, [r4, #80]
 718 0064 FEFFFFEB 		bl	_ZNK6tflite30RecordingSimpleMemoryAllocator12GetUsedBytesEv
 719 0068 542094E5 		ldr	r2, [r4, #84]
 720 006c 022080E0 		add	r2, r0, r2
 721 0070 1C0094E5 		ldr	r0, [r4, #28]
 722 0074 072042E0 		sub	r2, r2, r7
 723 0078 542084E5 		str	r2, [r4, #84]
 724 007c FEFFFFEB 		bl	_ZNK6tflite30RecordingSimpleMemoryAllocator17GetAllocatedCountEv
 725 0080 583094E5 		ldr	r3, [r4, #88]
 726 0084 033080E0 		add	r3, r0, r3
 727 0088 0600A0E1 		mov	r0, r6
 728 008c 053043E0 		sub	r3, r3, r5
 729 0090 583084E5 		str	r3, [r4, #88]
 730 0094 F087BDE8 		pop	{r4, r5, r6, r7, r8, r9, r10, pc}
 731              		.fnend
 733              		.section	.text._ZN6tflite23RecordingMicroAllocator38AllocatePersistentTfLiteTensorInternalEv,"ax",
 734              		.align	2
 735              		.global	_ZN6tflite23RecordingMicroAllocator38AllocatePersistentTfLiteTensorInternalEv
 736              		.syntax unified
 737              		.arm
 738              		.fpu neon
 740              	_ZN6tflite23RecordingMicroAllocator38AllocatePersistentTfLiteTensorInternalEv:
 741              		.fnstart
 742              	.LFB6611:
 743              		@ args = 0, pretend = 0, frame = 0
 744              		@ frame_needed = 0, uses_anonymous_args = 0
 745 0000 F0412DE9 		push	{r4, r5, r6, r7, r8, lr}
 746              		.save {r4, r5, r6, r7, r8, lr}
 747 0004 0040A0E1 		mov	r4, r0
 748 0008 1C0090E5 		ldr	r0, [r0, #28]
 749 000c FEFFFFEB 		bl	_ZNK6tflite30RecordingSimpleMemoryAllocator17GetRequestedBytesEv
 750 0010 0080A0E1 		mov	r8, r0
 751 0014 1C0094E5 		ldr	r0, [r4, #28]
 752 0018 FEFFFFEB 		bl	_ZNK6tflite30RecordingSimpleMemoryAllocator12GetUsedBytesEv
 753 001c 0070A0E1 		mov	r7, r0
 754 0020 1C0094E5 		ldr	r0, [r4, #28]
 755 0024 FEFFFFEB 		bl	_ZNK6tflite30RecordingSimpleMemoryAllocator17GetAllocatedCountEv
 756 0028 0050A0E1 		mov	r5, r0
 757 002c 0400A0E1 		mov	r0, r4
 758 0030 FEFFFFEB 		bl	_ZN6tflite14MicroAllocator38AllocatePersistentTfLiteTensorInternalEv
 759 0034 0060A0E1 		mov	r6, r0
 760 0038 1C0094E5 		ldr	r0, [r4, #28]
 761 003c FEFFFFEB 		bl	_ZNK6tflite30RecordingSimpleMemoryAllocator17GetRequestedBytesEv
 762 0040 2C1094E5 		ldr	r1, [r4, #44]
 763 0044 011080E0 		add	r1, r0, r1
 764 0048 1C0094E5 		ldr	r0, [r4, #28]
 765 004c 081041E0 		sub	r1, r1, r8
 766 0050 2C1084E5 		str	r1, [r4, #44]
 767 0054 FEFFFFEB 		bl	_ZNK6tflite30RecordingSimpleMemoryAllocator12GetUsedBytesEv
 768 0058 302094E5 		ldr	r2, [r4, #48]
 769 005c 022080E0 		add	r2, r0, r2
 770 0060 1C0094E5 		ldr	r0, [r4, #28]
 771 0064 072042E0 		sub	r2, r2, r7
 772 0068 302084E5 		str	r2, [r4, #48]
 773 006c FEFFFFEB 		bl	_ZNK6tflite30RecordingSimpleMemoryAllocator17GetAllocatedCountEv
 774 0070 343094E5 		ldr	r3, [r4, #52]
 775 0074 033080E0 		add	r3, r0, r3
 776 0078 0600A0E1 		mov	r0, r6
 777 007c 053043E0 		sub	r3, r3, r5
 778 0080 343084E5 		str	r3, [r4, #52]
 779 0084 F081BDE8 		pop	{r4, r5, r6, r7, r8, pc}
 780              		.fnend
 782              		.section	.text._ZN6tflite23RecordingMicroAllocator34PopulateTfLiteTensorFromFlatbufferEPKNS_5Model
 783              		.align	2
 784              		.global	_ZN6tflite23RecordingMicroAllocator34PopulateTfLiteTensorFromFlatbufferEPKNS_5ModelEP12TfL
 785              		.syntax unified
 786              		.arm
 787              		.fpu neon
 789              	_ZN6tflite23RecordingMicroAllocator34PopulateTfLiteTensorFromFlatbufferEPKNS_5ModelEP12TfLiteTensor
 790              		.fnstart
 791              	.LFB6612:
 792              		@ args = 8, pretend = 0, frame = 0
 793              		@ frame_needed = 0, uses_anonymous_args = 0
 794 0000 F04F2DE9 		push	{r4, r5, r6, r7, r8, r9, r10, fp, lr}
 795              		.save {r4, r5, r6, r7, r8, r9, r10, fp, lr}
 796 0004 0040A0E1 		mov	r4, r0
 797              		.pad #12
 798 0008 0CD04DE2 		sub	sp, sp, #12
 799 000c 1C0090E5 		ldr	r0, [r0, #28]
 800 0010 0290A0E1 		mov	r9, r2
 801 0014 0160A0E1 		mov	r6, r1
 802 0018 03B0A0E1 		mov	fp, r3
 803 001c 34A0DDE5 		ldrb	r10, [sp, #52]	@ zero_extendqisi2
 804 0020 FEFFFFEB 		bl	_ZNK6tflite30RecordingSimpleMemoryAllocator17GetRequestedBytesEv
 805 0024 0080A0E1 		mov	r8, r0
 806 0028 1C0094E5 		ldr	r0, [r4, #28]
 807 002c FEFFFFEB 		bl	_ZNK6tflite30RecordingSimpleMemoryAllocator12GetUsedBytesEv
 808 0030 0070A0E1 		mov	r7, r0
 809 0034 1C0094E5 		ldr	r0, [r4, #28]
 810 0038 FEFFFFEB 		bl	_ZNK6tflite30RecordingSimpleMemoryAllocator17GetAllocatedCountEv
 811 003c 30209DE5 		ldr	r2, [sp, #48]
 812 0040 0610A0E1 		mov	r1, r6
 813 0044 0B30A0E1 		mov	r3, fp
 814 0048 0050A0E1 		mov	r5, r0
 815 004c 04A08DE5 		str	r10, [sp, #4]
 816 0050 0400A0E1 		mov	r0, r4
 817 0054 00208DE5 		str	r2, [sp]
 818 0058 0920A0E1 		mov	r2, r9
 819 005c FEFFFFEB 		bl	_ZN6tflite14MicroAllocator34PopulateTfLiteTensorFromFlatbufferEPKNS_5ModelEP12TfLiteTensoriib
 820 0060 0060A0E1 		mov	r6, r0
 821 0064 1C0094E5 		ldr	r0, [r4, #28]
 822 0068 FEFFFFEB 		bl	_ZNK6tflite30RecordingSimpleMemoryAllocator17GetRequestedBytesEv
 823 006c 383094E5 		ldr	r3, [r4, #56]
 824 0070 033080E0 		add	r3, r0, r3
 825 0074 1C0094E5 		ldr	r0, [r4, #28]
 826 0078 083043E0 		sub	r3, r3, r8
 827 007c 383084E5 		str	r3, [r4, #56]
 828 0080 FEFFFFEB 		bl	_ZNK6tflite30RecordingSimpleMemoryAllocator12GetUsedBytesEv
 829 0084 3C3094E5 		ldr	r3, [r4, #60]
 830 0088 033080E0 		add	r3, r0, r3
 831 008c 1C0094E5 		ldr	r0, [r4, #28]
 832 0090 073043E0 		sub	r3, r3, r7
 833 0094 3C3084E5 		str	r3, [r4, #60]
 834 0098 FEFFFFEB 		bl	_ZNK6tflite30RecordingSimpleMemoryAllocator17GetAllocatedCountEv
 835 009c 403094E5 		ldr	r3, [r4, #64]
 836 00a0 033080E0 		add	r3, r0, r3
 837 00a4 0600A0E1 		mov	r0, r6
 838 00a8 053043E0 		sub	r3, r3, r5
 839 00ac 403084E5 		str	r3, [r4, #64]
 840 00b0 0CD08DE2 		add	sp, sp, #12
 841              		@ sp needed
 842 00b4 F08FBDE8 		pop	{r4, r5, r6, r7, r8, r9, r10, fp, pc}
 843              		.fnend
 845              		.global	_ZTSN6tflite23RecordingMicroAllocatorE
 846              		.global	_ZTIN6tflite23RecordingMicroAllocatorE
 847              		.global	_ZTVN6tflite23RecordingMicroAllocatorE
 848              		.weak	_ZN11flatbuffers25flatbuffer_version_stringE
 849              		.section	.data._ZN11flatbuffers25flatbuffer_version_stringE,"aw",%progbits
 850              		.align	2
 853              	_ZN11flatbuffers25flatbuffer_version_stringE:
 854 0000 00000000 		.word	.LC2
 855              		.section	.rodata._ZN6tflite23RecordingMicroAllocator28AllocateNodeAndRegistrationsEPKNS_5ModelEPNS
 856              		.align	2
 857              	.LC0:
 858 0000 69203C20 		.ascii	"i < size()\000"
 858      73697A65 
 858      282900
 859 000b 00       		.space	1
 860              	.LC1:
 861 000c 433A2F52 		.ascii	"C:/Renesas/e2studio_2021_01_workspace_RZA2M_ANPR/AN"
 861      656E6573 
 861      61732F65 
 861      32737475 
 861      64696F5F 
 862 003f 50525F52 		.ascii	"PR_RZA2M_GR_MANGO/src/tensorflow_lite/third_party/f"
 862      5A41324D 
 862      5F47525F 
 862      4D414E47 
 862      4F2F7372 
 863 0072 6C617462 		.ascii	"latbuffers/include/flatbuffers/flatbuffers.h\000"
 863      75666665 
 863      72732F69 
 863      6E636C75 
 863      64652F66 
 864              		.section	.rodata._ZTIN6tflite23RecordingMicroAllocatorE,"a",%progbits
 865              		.align	2
 868              	_ZTIN6tflite23RecordingMicroAllocatorE:
 869 0000 08000000 		.word	_ZTVN10__cxxabiv120__si_class_type_infoE+8
 870 0004 00000000 		.word	_ZTSN6tflite23RecordingMicroAllocatorE
 871 0008 00000000 		.word	_ZTIN6tflite14MicroAllocatorE
 872              		.section	.rodata._ZTSN6tflite23RecordingMicroAllocatorE,"a",%progbits
 873              		.align	3
 876              	_ZTSN6tflite23RecordingMicroAllocatorE:
 877 0000 4E367466 		.ascii	"N6tflite23RecordingMicroAllocatorE\000"
 877      6C697465 
 877      32335265 
 877      636F7264 
 877      696E674D 
 878              		.section	.rodata._ZTVN6tflite23RecordingMicroAllocatorE,"a",%progbits
 879              		.align	3
 880              		.set	.LANCHOR0,. + 0
 883              	_ZTVN6tflite23RecordingMicroAllocatorE:
 884 0000 00000000 		.word	0
 885 0004 00000000 		.word	_ZTIN6tflite23RecordingMicroAllocatorE
 886 0008 00000000 		.word	_ZN6tflite14MicroAllocator30AllocatePersistentTfLiteTensorEPKNS_5ModelEPKNS_19SubgraphAlloca
 887 000c 00000000 		.word	_ZN6tflite14MicroAllocator24AllocateTempTfLiteTensorEPKNS_5ModelEPKNS_19SubgraphAllocationsE
 888 0010 00000000 		.word	_ZN6tflite14MicroAllocator20ResetTempAllocationsEv
 889 0014 00000000 		.word	_ZN6tflite23RecordingMicroAllocator24AllocatePersistentBufferEj
 890 0018 00000000 		.word	_ZN6tflite23RecordingMicroAllocatorD1Ev
 891 001c 00000000 		.word	_ZN6tflite23RecordingMicroAllocatorD0Ev
 892 0020 00000000 		.word	_ZN6tflite23RecordingMicroAllocator28AllocateNodeAndRegistrationsEPKNS_5ModelEPNS_19Subgraph
 893 0024 00000000 		.word	_ZN6tflite23RecordingMicroAllocator25AllocateTfLiteEvalTensorsEPKNS_5ModelEPNS_19SubgraphAll
 894 0028 00000000 		.word	_ZN6tflite23RecordingMicroAllocator17AllocateVariablesEPKNS_8SubGraphEP16TfLiteEvalTensor
 895 002c 00000000 		.word	_ZN6tflite23RecordingMicroAllocator38AllocatePersistentTfLiteTensorInternalEv
 896 0030 00000000 		.word	_ZN6tflite23RecordingMicroAllocator34PopulateTfLiteTensorFromFlatbufferEPKNS_5ModelEP12TfLit
 897 0034 00000000 		.word	_ZN6tflite14MicroAllocator22CommitStaticMemoryPlanEPKNS_5ModelEP16TfLiteEvalTensorPNS_19Scra
 898 0038 00000000 		.word	_ZN6tflite14MicroAllocator28AllocateScratchBufferHandlesEPPNS_19ScratchBufferHandleEj
 899              		.section	.rodata._ZZNK11flatbuffers6VectorINS_6OffsetIN6tflite8SubGraphEEEE3GetEmE19__PRETTY_FUNCT
 900              		.align	3
 901              		.set	.LANCHOR1,. + 0
 904              	_ZZNK11flatbuffers6VectorINS_6OffsetIN6tflite8SubGraphEEEE3GetEmE19__PRETTY_FUNCTION__:
 905 0000 666C6174 		.ascii	"flatbuffers::Vector<T>::return_type flatbuffers::Ve"
 905      62756666 
 905      6572733A 
 905      3A566563 
 905      746F723C 
 906 0033 63746F72 		.ascii	"ctor<T>::Get(flatbuffers::uoffset_t) const [with T "
 906      3C543E3A 
 906      3A476574 
 906      28666C61 
 906      74627566 
 907 0066 3D20666C 		.ascii	"= flatbuffers::Offset<tflite::SubGraph>; flatbuffer"
 907      61746275 
 907      66666572 
 907      733A3A4F 
 907      66667365 
 908 0099 733A3A56 		.ascii	"s::Vector<T>::return_type = const tflite::SubGraph*"
 908      6563746F 
 908      723C543E 
 908      3A3A7265 
 908      7475726E 
 909 00cc 3B20666C 		.ascii	"; flatbuffers::uoffset_t = long unsigned int]\000"
 909      61746275 
 909      66666572 
 909      733A3A75 
 909      6F666673 
 910              		.section	.rodata.str1.4,"aMS",%progbits,1
 911              		.align	2
 912              	.LC2:
 913 0000 466C6174 		.ascii	"FlatBuffers 1.12.0\000"
 913      42756666 
 913      65727320 
 913      312E3132 
 913      2E3000
 914              		.ident	"GCC: (GNU Tools for ARM Embedded Processors 6-2017-q2-update) 6.3.1 20170620 (release) [AR
DEFINED SYMBOLS
                            *ABS*:00000000 recording_micro_allocator.cc
C:\Users\a5050395\AppData\Local\Temp\ccsAAsGQ.s:14     .text._ZN6tflite23RecordingMicroAllocatorD2Ev:00000000 $a
C:\Users\a5050395\AppData\Local\Temp\ccsAAsGQ.s:20     .text._ZN6tflite23RecordingMicroAllocatorD2Ev:00000000 _ZN6tflite23RecordingMicroAllocatorD2Ev
C:\Users\a5050395\AppData\Local\Temp\ccsAAsGQ.s:35     .text._ZN6tflite23RecordingMicroAllocatorD2Ev:0000001c $d
.ARM.exidx.text._ZN6tflite23RecordingMicroAllocatorD2Ev:00000000 $d
C:\Users\a5050395\AppData\Local\Temp\ccsAAsGQ.s:20     .text._ZN6tflite23RecordingMicroAllocatorD2Ev:00000000 _ZN6tflite23RecordingMicroAllocatorD1Ev
C:\Users\a5050395\AppData\Local\Temp\ccsAAsGQ.s:42     .text._ZN6tflite23RecordingMicroAllocatorD0Ev:00000000 $a
C:\Users\a5050395\AppData\Local\Temp\ccsAAsGQ.s:48     .text._ZN6tflite23RecordingMicroAllocatorD0Ev:00000000 _ZN6tflite23RecordingMicroAllocatorD0Ev
C:\Users\a5050395\AppData\Local\Temp\ccsAAsGQ.s:66     .text._ZN6tflite23RecordingMicroAllocatorD0Ev:00000028 $d
.ARM.exidx.text._ZN6tflite23RecordingMicroAllocatorD0Ev:00000000 $d
C:\Users\a5050395\AppData\Local\Temp\ccsAAsGQ.s:71     .text._ZN6tflite23RecordingMicroAllocatorC2EPNS_30RecordingSimpleMemoryAllocatorEPNS_13ErrorReporterE:00000000 $a
C:\Users\a5050395\AppData\Local\Temp\ccsAAsGQ.s:77     .text._ZN6tflite23RecordingMicroAllocatorC2EPNS_30RecordingSimpleMemoryAllocatorEPNS_13ErrorReporterE:00000000 _ZN6tflite23RecordingMicroAllocatorC2EPNS_30RecordingSimpleMemoryAllocatorEPNS_13ErrorReporterE
C:\Users\a5050395\AppData\Local\Temp\ccsAAsGQ.s:120    .text._ZN6tflite23RecordingMicroAllocatorC2EPNS_30RecordingSimpleMemoryAllocatorEPNS_13ErrorReporterE:00000088 $d
.ARM.exidx.text._ZN6tflite23RecordingMicroAllocatorC2EPNS_30RecordingSimpleMemoryAllocatorEPNS_13ErrorReporterE:00000000 $d
C:\Users\a5050395\AppData\Local\Temp\ccsAAsGQ.s:77     .text._ZN6tflite23RecordingMicroAllocatorC2EPNS_30RecordingSimpleMemoryAllocatorEPNS_13ErrorReporterE:00000000 _ZN6tflite23RecordingMicroAllocatorC1EPNS_30RecordingSimpleMemoryAllocatorEPNS_13ErrorReporterE
C:\Users\a5050395\AppData\Local\Temp\ccsAAsGQ.s:126    .text._ZN6tflite23RecordingMicroAllocator6CreateEPhjPNS_13ErrorReporterE:00000000 $a
C:\Users\a5050395\AppData\Local\Temp\ccsAAsGQ.s:132    .text._ZN6tflite23RecordingMicroAllocator6CreateEPhjPNS_13ErrorReporterE:00000000 _ZN6tflite23RecordingMicroAllocator6CreateEPhjPNS_13ErrorReporterE
C:\Users\a5050395\AppData\Local\Temp\ccsAAsGQ.s:193    .text._ZN6tflite23RecordingMicroAllocator6CreateEPhjPNS_13ErrorReporterE:000000c8 $d
.ARM.exidx.text._ZN6tflite23RecordingMicroAllocator6CreateEPhjPNS_13ErrorReporterE:00000000 $d
C:\Users\a5050395\AppData\Local\Temp\ccsAAsGQ.s:197    .text._ZNK6tflite23RecordingMicroAllocator21GetRecordedAllocationENS_22RecordedAllocationTypeE:00000000 $a
C:\Users\a5050395\AppData\Local\Temp\ccsAAsGQ.s:203    .text._ZNK6tflite23RecordingMicroAllocator21GetRecordedAllocationENS_22RecordedAllocationTypeE:00000000 _ZNK6tflite23RecordingMicroAllocator21GetRecordedAllocationENS_22RecordedAllocationTypeE
C:\Users\a5050395\AppData\Local\Temp\ccsAAsGQ.s:214    .text._ZNK6tflite23RecordingMicroAllocator21GetRecordedAllocationENS_22RecordedAllocationTypeE:00000010 $d
C:\Users\a5050395\AppData\Local\Temp\ccsAAsGQ.s:222    .text._ZNK6tflite23RecordingMicroAllocator21GetRecordedAllocationENS_22RecordedAllocationTypeE:0000002c $a
.ARM.exidx.text._ZNK6tflite23RecordingMicroAllocator21GetRecordedAllocationENS_22RecordedAllocationTypeE:00000000 $d
C:\Users\a5050395\AppData\Local\Temp\ccsAAsGQ.s:274    .text._ZNK6tflite23RecordingMicroAllocator24GetSimpleMemoryAllocatorEv:00000000 $a
C:\Users\a5050395\AppData\Local\Temp\ccsAAsGQ.s:280    .text._ZNK6tflite23RecordingMicroAllocator24GetSimpleMemoryAllocatorEv:00000000 _ZNK6tflite23RecordingMicroAllocator24GetSimpleMemoryAllocatorEv
.ARM.exidx.text._ZNK6tflite23RecordingMicroAllocator24GetSimpleMemoryAllocatorEv:00000000 $d
C:\Users\a5050395\AppData\Local\Temp\ccsAAsGQ.s:292    .text._ZNK6tflite23RecordingMicroAllocator16PrintAllocationsEv:00000000 $a
C:\Users\a5050395\AppData\Local\Temp\ccsAAsGQ.s:298    .text._ZNK6tflite23RecordingMicroAllocator16PrintAllocationsEv:00000000 _ZNK6tflite23RecordingMicroAllocator16PrintAllocationsEv
.ARM.exidx.text._ZNK6tflite23RecordingMicroAllocator16PrintAllocationsEv:00000000 $d
C:\Users\a5050395\AppData\Local\Temp\ccsAAsGQ.s:309    .text._ZNK6tflite23RecordingMicroAllocator23PrintRecordedAllocationENS_22RecordedAllocationTypeEPKcS3_:00000000 $a
C:\Users\a5050395\AppData\Local\Temp\ccsAAsGQ.s:315    .text._ZNK6tflite23RecordingMicroAllocator23PrintRecordedAllocationENS_22RecordedAllocationTypeEPKcS3_:00000000 _ZNK6tflite23RecordingMicroAllocator23PrintRecordedAllocationENS_22RecordedAllocationTypeEPKcS3_
.ARM.exidx.text._ZNK6tflite23RecordingMicroAllocator23PrintRecordedAllocationENS_22RecordedAllocationTypeEPKcS3_:00000000 $d
C:\Users\a5050395\AppData\Local\Temp\ccsAAsGQ.s:326    .text._ZNK6tflite23RecordingMicroAllocator23SnapshotAllocationUsageEv:00000000 $a
C:\Users\a5050395\AppData\Local\Temp\ccsAAsGQ.s:332    .text._ZNK6tflite23RecordingMicroAllocator23SnapshotAllocationUsageEv:00000000 _ZNK6tflite23RecordingMicroAllocator23SnapshotAllocationUsageEv
.ARM.exidx.text._ZNK6tflite23RecordingMicroAllocator23SnapshotAllocationUsageEv:00000000 $d
C:\Users\a5050395\AppData\Local\Temp\ccsAAsGQ.s:355    .text._ZN6tflite23RecordingMicroAllocator21RecordAllocationUsageERKNS_18RecordedAllocationERS1_:00000000 $a
C:\Users\a5050395\AppData\Local\Temp\ccsAAsGQ.s:361    .text._ZN6tflite23RecordingMicroAllocator21RecordAllocationUsageERKNS_18RecordedAllocationERS1_:00000000 _ZN6tflite23RecordingMicroAllocator21RecordAllocationUsageERKNS_18RecordedAllocationERS1_
.ARM.exidx.text._ZN6tflite23RecordingMicroAllocator21RecordAllocationUsageERKNS_18RecordedAllocationERS1_:00000000 $d
C:\Users\a5050395\AppData\Local\Temp\ccsAAsGQ.s:396    .text._ZN6tflite23RecordingMicroAllocator24AllocatePersistentBufferEj:00000000 $a
C:\Users\a5050395\AppData\Local\Temp\ccsAAsGQ.s:402    .text._ZN6tflite23RecordingMicroAllocator24AllocatePersistentBufferEj:00000000 _ZN6tflite23RecordingMicroAllocator24AllocatePersistentBufferEj
.ARM.exidx.text._ZN6tflite23RecordingMicroAllocator24AllocatePersistentBufferEj:00000000 $d
C:\Users\a5050395\AppData\Local\Temp\ccsAAsGQ.s:447    .text._ZN6tflite23RecordingMicroAllocator28AllocateNodeAndRegistrationsEPKNS_5ModelEPNS_19SubgraphAllocationsE:00000000 $a
C:\Users\a5050395\AppData\Local\Temp\ccsAAsGQ.s:453    .text._ZN6tflite23RecordingMicroAllocator28AllocateNodeAndRegistrationsEPKNS_5ModelEPNS_19SubgraphAllocationsE:00000000 _ZN6tflite23RecordingMicroAllocator28AllocateNodeAndRegistrationsEPKNS_5ModelEPNS_19SubgraphAllocationsE
C:\Users\a5050395\AppData\Local\Temp\ccsAAsGQ.s:857    .rodata._ZN6tflite23RecordingMicroAllocator28AllocateNodeAndRegistrationsEPKNS_5ModelEPNS_19SubgraphAllocationsE.str1.4:00000000 .LC0
C:\Users\a5050395\AppData\Local\Temp\ccsAAsGQ.s:901    .rodata._ZZNK11flatbuffers6VectorINS_6OffsetIN6tflite8SubGraphEEEE3GetEmE19__PRETTY_FUNCTION__:00000000 .LANCHOR1
C:\Users\a5050395\AppData\Local\Temp\ccsAAsGQ.s:860    .rodata._ZN6tflite23RecordingMicroAllocator28AllocateNodeAndRegistrationsEPKNS_5ModelEPNS_19SubgraphAllocationsE.str1.4:0000000c .LC1
.ARM.exidx.text._ZN6tflite23RecordingMicroAllocator28AllocateNodeAndRegistrationsEPKNS_5ModelEPNS_19SubgraphAllocationsE:00000000 $d
C:\Users\a5050395\AppData\Local\Temp\ccsAAsGQ.s:564    .text._ZN6tflite23RecordingMicroAllocator25AllocateTfLiteEvalTensorsEPKNS_5ModelEPNS_19SubgraphAllocationsE:00000000 $a
C:\Users\a5050395\AppData\Local\Temp\ccsAAsGQ.s:570    .text._ZN6tflite23RecordingMicroAllocator25AllocateTfLiteEvalTensorsEPKNS_5ModelEPNS_19SubgraphAllocationsE:00000000 _ZN6tflite23RecordingMicroAllocator25AllocateTfLiteEvalTensorsEPKNS_5ModelEPNS_19SubgraphAllocationsE
.ARM.exidx.text._ZN6tflite23RecordingMicroAllocator25AllocateTfLiteEvalTensorsEPKNS_5ModelEPNS_19SubgraphAllocationsE:00000000 $d
C:\Users\a5050395\AppData\Local\Temp\ccsAAsGQ.s:681    .text._ZN6tflite23RecordingMicroAllocator17AllocateVariablesEPKNS_8SubGraphEP16TfLiteEvalTensor:00000000 $a
C:\Users\a5050395\AppData\Local\Temp\ccsAAsGQ.s:687    .text._ZN6tflite23RecordingMicroAllocator17AllocateVariablesEPKNS_8SubGraphEP16TfLiteEvalTensor:00000000 _ZN6tflite23RecordingMicroAllocator17AllocateVariablesEPKNS_8SubGraphEP16TfLiteEvalTensor
.ARM.exidx.text._ZN6tflite23RecordingMicroAllocator17AllocateVariablesEPKNS_8SubGraphEP16TfLiteEvalTensor:00000000 $d
C:\Users\a5050395\AppData\Local\Temp\ccsAAsGQ.s:734    .text._ZN6tflite23RecordingMicroAllocator38AllocatePersistentTfLiteTensorInternalEv:00000000 $a
C:\Users\a5050395\AppData\Local\Temp\ccsAAsGQ.s:740    .text._ZN6tflite23RecordingMicroAllocator38AllocatePersistentTfLiteTensorInternalEv:00000000 _ZN6tflite23RecordingMicroAllocator38AllocatePersistentTfLiteTensorInternalEv
.ARM.exidx.text._ZN6tflite23RecordingMicroAllocator38AllocatePersistentTfLiteTensorInternalEv:00000000 $d
C:\Users\a5050395\AppData\Local\Temp\ccsAAsGQ.s:783    .text._ZN6tflite23RecordingMicroAllocator34PopulateTfLiteTensorFromFlatbufferEPKNS_5ModelEP12TfLiteTensoriib:00000000 $a
C:\Users\a5050395\AppData\Local\Temp\ccsAAsGQ.s:789    .text._ZN6tflite23RecordingMicroAllocator34PopulateTfLiteTensorFromFlatbufferEPKNS_5ModelEP12TfLiteTensoriib:00000000 _ZN6tflite23RecordingMicroAllocator34PopulateTfLiteTensorFromFlatbufferEPKNS_5ModelEP12TfLiteTensoriib
.ARM.exidx.text._ZN6tflite23RecordingMicroAllocator34PopulateTfLiteTensorFromFlatbufferEPKNS_5ModelEP12TfLiteTensoriib:00000000 $d
C:\Users\a5050395\AppData\Local\Temp\ccsAAsGQ.s:876    .rodata._ZTSN6tflite23RecordingMicroAllocatorE:00000000 _ZTSN6tflite23RecordingMicroAllocatorE
C:\Users\a5050395\AppData\Local\Temp\ccsAAsGQ.s:868    .rodata._ZTIN6tflite23RecordingMicroAllocatorE:00000000 _ZTIN6tflite23RecordingMicroAllocatorE
C:\Users\a5050395\AppData\Local\Temp\ccsAAsGQ.s:883    .rodata._ZTVN6tflite23RecordingMicroAllocatorE:00000000 _ZTVN6tflite23RecordingMicroAllocatorE
C:\Users\a5050395\AppData\Local\Temp\ccsAAsGQ.s:853    .data._ZN11flatbuffers25flatbuffer_version_stringE:00000000 _ZN11flatbuffers25flatbuffer_version_stringE
C:\Users\a5050395\AppData\Local\Temp\ccsAAsGQ.s:850    .data._ZN11flatbuffers25flatbuffer_version_stringE:00000000 $d
C:\Users\a5050395\AppData\Local\Temp\ccsAAsGQ.s:856    .rodata._ZN6tflite23RecordingMicroAllocator28AllocateNodeAndRegistrationsEPKNS_5ModelEPNS_19SubgraphAllocationsE.str1.4:00000000 $d
C:\Users\a5050395\AppData\Local\Temp\ccsAAsGQ.s:865    .rodata._ZTIN6tflite23RecordingMicroAllocatorE:00000000 $d
C:\Users\a5050395\AppData\Local\Temp\ccsAAsGQ.s:873    .rodata._ZTSN6tflite23RecordingMicroAllocatorE:00000000 $d
C:\Users\a5050395\AppData\Local\Temp\ccsAAsGQ.s:879    .rodata._ZTVN6tflite23RecordingMicroAllocatorE:00000000 $d
C:\Users\a5050395\AppData\Local\Temp\ccsAAsGQ.s:900    .rodata._ZZNK11flatbuffers6VectorINS_6OffsetIN6tflite8SubGraphEEEE3GetEmE19__PRETTY_FUNCTION__:00000000 $d
C:\Users\a5050395\AppData\Local\Temp\ccsAAsGQ.s:904    .rodata._ZZNK11flatbuffers6VectorINS_6OffsetIN6tflite8SubGraphEEEE3GetEmE19__PRETTY_FUNCTION__:00000000 _ZZNK11flatbuffers6VectorINS_6OffsetIN6tflite8SubGraphEEEE3GetEmE19__PRETTY_FUNCTION__
C:\Users\a5050395\AppData\Local\Temp\ccsAAsGQ.s:911    .rodata.str1.4:00000000 $d
                           .group:00000000 _ZN6tflite23RecordingMicroAllocatorD5Ev

UNDEFINED SYMBOLS
_ZN6tflite14MicroAllocatorD2Ev
_ZdlPvj
_ZN6tflite14MicroAllocatorC2EPNS_21SimpleMemoryAllocatorEPNS_13ErrorReporterE
__aeabi_unwind_cpp_pr0
_ZN6tflite30RecordingSimpleMemoryAllocator6CreateEPNS_13ErrorReporterEPhj
abort
_ZNK6tflite30RecordingSimpleMemoryAllocator17GetRequestedBytesEv
_ZNK6tflite30RecordingSimpleMemoryAllocator12GetUsedBytesEv
_ZNK6tflite30RecordingSimpleMemoryAllocator17GetAllocatedCountEv
_ZN6tflite14MicroAllocator24AllocatePersistentBufferEj
_ZN6tflite14MicroAllocator28AllocateNodeAndRegistrationsEPKNS_5ModelEPNS_19SubgraphAllocationsE
__assert_func
_ZN6tflite14MicroAllocator25AllocateTfLiteEvalTensorsEPKNS_5ModelEPNS_19SubgraphAllocationsE
_ZN6tflite14MicroAllocator17AllocateVariablesEPKNS_8SubGraphEP16TfLiteEvalTensor
_ZN6tflite14MicroAllocator38AllocatePersistentTfLiteTensorInternalEv
_ZN6tflite14MicroAllocator34PopulateTfLiteTensorFromFlatbufferEPKNS_5ModelEP12TfLiteTensoriib
_ZTVN10__cxxabiv120__si_class_type_infoE
_ZTIN6tflite14MicroAllocatorE
_ZN6tflite14MicroAllocator30AllocatePersistentTfLiteTensorEPKNS_5ModelEPKNS_19SubgraphAllocationsEii
_ZN6tflite14MicroAllocator24AllocateTempTfLiteTensorEPKNS_5ModelEPKNS_19SubgraphAllocationsEii
_ZN6tflite14MicroAllocator20ResetTempAllocationsEv
_ZN6tflite14MicroAllocator22CommitStaticMemoryPlanEPKNS_5ModelEP16TfLiteEvalTensorPNS_19ScratchBufferHandleEi
_ZN6tflite14MicroAllocator28AllocateScratchBufferHandlesEPPNS_19ScratchBufferHandleEj
