   1              		.cpu cortex-a9
   2              		.eabi_attribute 28, 1
   3              		.eabi_attribute 20, 1
   4              		.eabi_attribute 21, 1
   5              		.eabi_attribute 23, 3
   6              		.eabi_attribute 24, 1
   7              		.eabi_attribute 25, 1
   8              		.eabi_attribute 26, 1
   9              		.eabi_attribute 30, 2
  10              		.eabi_attribute 34, 0
  11              		.eabi_attribute 18, 4
  12              		.file	"system_setup.cc"
  13              		.section	.text._ZN6tflite16InitializeTargetEv,"ax",%progbits
  14              		.align	2
  15              		.global	_ZN6tflite16InitializeTargetEv
  16              		.syntax unified
  17              		.arm
  18              		.fpu neon
  20              	_ZN6tflite16InitializeTargetEv:
  21              		.fnstart
  22              	.LFB0:
  23              		@ args = 0, pretend = 0, frame = 0
  24              		@ frame_needed = 0, uses_anonymous_args = 0
  25              		@ link register save eliminated.
  26 0000 1EFF2FE1 		bx	lr
  27              		.cantunwind
  28              		.fnend
  30              		.ident	"GCC: (GNU Tools for ARM Embedded Processors 6-2017-q2-update) 6.3.1 20170620 (release) [AR
DEFINED SYMBOLS
                            *ABS*:00000000 system_setup.cc
C:\Users\a5050395\AppData\Local\Temp\ccaPrxZw.s:14     .text._ZN6tflite16InitializeTargetEv:00000000 $a
C:\Users\a5050395\AppData\Local\Temp\ccaPrxZw.s:20     .text._ZN6tflite16InitializeTargetEv:00000000 _ZN6tflite16InitializeTargetEv
.ARM.exidx.text._ZN6tflite16InitializeTargetEv:00000000 $d

NO UNDEFINED SYMBOLS
