   1              		.cpu cortex-a9
   2              		.eabi_attribute 28, 1
   3              		.eabi_attribute 20, 1
   4              		.eabi_attribute 21, 1
   5              		.eabi_attribute 23, 3
   6              		.eabi_attribute 24, 1
   7              		.eabi_attribute 25, 1
   8              		.eabi_attribute 26, 1
   9              		.eabi_attribute 30, 4
  10              		.eabi_attribute 34, 0
  11              		.eabi_attribute 18, 4
  12              		.file	"common.c"
  13              		.section	.text.TfLiteIntArrayGetSizeInBytes,"ax",%progbits
  14              		.align	2
  15              		.global	TfLiteIntArrayGetSizeInBytes
  16              		.syntax unified
  17              		.arm
  18              		.fpu neon
  20              	TfLiteIntArrayGetSizeInBytes:
  21              		@ args = 0, pretend = 0, frame = 0
  22              		@ frame_needed = 0, uses_anonymous_args = 0
  23              		@ link register save eliminated.
  24 0000 010080E2 		add	r0, r0, #1
  25 0004 0001A0E1 		lsl	r0, r0, #2
  26 0008 1EFF2FE1 		bx	lr
  28              		.section	.text.TfLiteIntArrayEqualsArray,"ax",%progbits
  29              		.align	2
  30              		.global	TfLiteIntArrayEqualsArray
  31              		.syntax unified
  32              		.arm
  33              		.fpu neon
  35              	TfLiteIntArrayEqualsArray:
  36              		@ args = 0, pretend = 0, frame = 0
  37              		@ frame_needed = 0, uses_anonymous_args = 0
  38 0000 000050E3 		cmp	r0, #0
  39 0004 0200001A 		bne	.L3
  40 0008 110F6FE1 		clz	r0, r1
  41 000c A002A0E1 		lsr	r0, r0, #5
  42 0010 1EFF2FE1 		bx	lr
  43              	.L3:
  44 0014 003090E5 		ldr	r3, [r0]
  45 0018 030051E1 		cmp	r1, r3
  46 001c 04008002 		addeq	r0, r0, #4
  47 0020 0030A003 		moveq	r3, #0
  48 0024 0300000A 		beq	.L11
  49 0028 0000A0E3 		mov	r0, #0
  50 002c 1EFF2FE1 		bx	lr
  51              	.L8:
  52 0030 0000A0E3 		mov	r0, #0
  53 0034 04F09DE4 		ldr	pc, [sp], #4
  54              	.L11:
  55 0038 010053E1 		cmp	r3, r1
  56 003c 010000BA 		blt	.L13
  57 0040 0100A0E3 		mov	r0, #1
  58 0044 1EFF2FE1 		bx	lr
  59              	.L13:
  60 0048 04E02DE5 		str	lr, [sp, #-4]!
  61              	.L6:
  62 004c 04E090E4 		ldr	lr, [r0], #4
  63 0050 03C192E7 		ldr	ip, [r2, r3, lsl #2]
  64 0054 0C005EE1 		cmp	lr, ip
  65 0058 F4FFFF1A 		bne	.L8
  66 005c 013083E2 		add	r3, r3, #1
  67 0060 010053E1 		cmp	r3, r1
  68 0064 F8FFFFBA 		blt	.L6
  69 0068 0100A0E3 		mov	r0, #1
  70 006c 04F09DE4 		ldr	pc, [sp], #4
  72              		.section	.text.TfLiteIntArrayEqual,"ax",%progbits
  73              		.align	2
  74              		.global	TfLiteIntArrayEqual
  75              		.syntax unified
  76              		.arm
  77              		.fpu neon
  79              	TfLiteIntArrayEqual:
  80              		@ args = 0, pretend = 0, frame = 0
  81              		@ frame_needed = 0, uses_anonymous_args = 0
  82              		@ link register save eliminated.
  83 0000 010050E1 		cmp	r0, r1
  84 0004 0500000A 		beq	.L16
  85 0008 000051E3 		cmp	r1, #0
  86 000c 00005013 		cmpne	r0, #0
  87 0010 0400000A 		beq	.L17
  88 0014 042081E2 		add	r2, r1, #4
  89 0018 001091E5 		ldr	r1, [r1]
  90 001c FEFFFFEA 		b	TfLiteIntArrayEqualsArray
  91              	.L16:
  92 0020 0100A0E3 		mov	r0, #1
  93 0024 1EFF2FE1 		bx	lr
  94              	.L17:
  95 0028 0000A0E3 		mov	r0, #0
  96 002c 1EFF2FE1 		bx	lr
  98              		.section	.text.TfLiteIntArrayCreate,"ax",%progbits
  99              		.align	2
 100              		.global	TfLiteIntArrayCreate
 101              		.syntax unified
 102              		.arm
 103              		.fpu neon
 105              	TfLiteIntArrayCreate:
 106              		@ args = 0, pretend = 0, frame = 0
 107              		@ frame_needed = 0, uses_anonymous_args = 0
 108 0000 10402DE9 		push	{r4, lr}
 109 0004 0040A0E1 		mov	r4, r0
 110 0008 010080E2 		add	r0, r0, #1
 111 000c 0001A0E1 		lsl	r0, r0, #2
 112 0010 FEFFFFEB 		bl	malloc
 113 0014 004080E5 		str	r4, [r0]
 114 0018 1080BDE8 		pop	{r4, pc}
 116              		.section	.text.TfLiteIntArrayCopy,"ax",%progbits
 117              		.align	2
 118              		.global	TfLiteIntArrayCopy
 119              		.syntax unified
 120              		.arm
 121              		.fpu neon
 123              	TfLiteIntArrayCopy:
 124              		@ args = 0, pretend = 0, frame = 0
 125              		@ frame_needed = 0, uses_anonymous_args = 0
 126 0000 70402DE9 		push	{r4, r5, r6, lr}
 127 0004 004050E2 		subs	r4, r0, #0
 128 0008 0900000A 		beq	.L20
 129 000c 000094E5 		ldr	r0, [r4]
 130 0010 0450A0E1 		mov	r5, r4
 131 0014 FEFFFFEB 		bl	TfLiteIntArrayCreate
 132 0018 004050E2 		subs	r4, r0, #0
 133 001c 0400000A 		beq	.L20
 134 0020 0510A0E1 		mov	r1, r5
 135 0024 040084E2 		add	r0, r4, #4
 136 0028 042091E4 		ldr	r2, [r1], #4
 137 002c 0221A0E1 		lsl	r2, r2, #2
 138 0030 FEFFFFEB 		bl	memcpy
 139              	.L20:
 140 0034 0400A0E1 		mov	r0, r4
 141 0038 7080BDE8 		pop	{r4, r5, r6, pc}
 143              		.section	.text.TfLiteIntArrayFree,"ax",%progbits
 144              		.align	2
 145              		.global	TfLiteIntArrayFree
 146              		.syntax unified
 147              		.arm
 148              		.fpu neon
 150              	TfLiteIntArrayFree:
 151              		@ args = 0, pretend = 0, frame = 0
 152              		@ frame_needed = 0, uses_anonymous_args = 0
 153              		@ link register save eliminated.
 154 0000 FEFFFFEA 		b	free
 156              		.section	.text.TfLiteFloatArrayGetSizeInBytes,"ax",%progbits
 157              		.align	2
 158              		.global	TfLiteFloatArrayGetSizeInBytes
 159              		.syntax unified
 160              		.arm
 161              		.fpu neon
 163              	TfLiteFloatArrayGetSizeInBytes:
 164              		@ args = 0, pretend = 0, frame = 0
 165              		@ frame_needed = 0, uses_anonymous_args = 0
 166              		@ link register save eliminated.
 167 0000 010080E2 		add	r0, r0, #1
 168 0004 0001A0E1 		lsl	r0, r0, #2
 169 0008 1EFF2FE1 		bx	lr
 171              		.section	.text.TfLiteFloatArrayCreate,"ax",%progbits
 172              		.align	2
 173              		.global	TfLiteFloatArrayCreate
 174              		.syntax unified
 175              		.arm
 176              		.fpu neon
 178              	TfLiteFloatArrayCreate:
 179              		@ args = 0, pretend = 0, frame = 0
 180              		@ frame_needed = 0, uses_anonymous_args = 0
 181 0000 10402DE9 		push	{r4, lr}
 182 0004 0040A0E1 		mov	r4, r0
 183 0008 010080E2 		add	r0, r0, #1
 184 000c 0001A0E1 		lsl	r0, r0, #2
 185 0010 FEFFFFEB 		bl	malloc
 186 0014 004080E5 		str	r4, [r0]
 187 0018 1080BDE8 		pop	{r4, pc}
 189              		.section	.text.TfLiteFloatArrayFree,"ax",%progbits
 190              		.align	2
 191              		.global	TfLiteFloatArrayFree
 192              		.syntax unified
 193              		.arm
 194              		.fpu neon
 196              	TfLiteFloatArrayFree:
 197              		@ args = 0, pretend = 0, frame = 0
 198              		@ frame_needed = 0, uses_anonymous_args = 0
 199              		@ link register save eliminated.
 200 0000 FEFFFFEA 		b	free
 202              		.section	.text.TfLiteTensorDataFree,"ax",%progbits
 203              		.align	2
 204              		.global	TfLiteTensorDataFree
 205              		.syntax unified
 206              		.arm
 207              		.fpu neon
 209              	TfLiteTensorDataFree:
 210              		@ args = 0, pretend = 0, frame = 0
 211              		@ frame_needed = 0, uses_anonymous_args = 0
 212 0000 1430D0E5 		ldrb	r3, [r0, #20]	@ zero_extendqisi2
 213 0004 10402DE9 		push	{r4, lr}
 214 0008 0040A0E1 		mov	r4, r0
 215 000c 040053E3 		cmp	r3, #4
 216 0010 0100001A 		bne	.L33
 217 0014 040090E5 		ldr	r0, [r0, #4]
 218 0018 FEFFFFEB 		bl	free
 219              	.L33:
 220 001c 0030A0E3 		mov	r3, #0
 221 0020 043084E5 		str	r3, [r4, #4]
 222 0024 1080BDE8 		pop	{r4, pc}
 224              		.section	.text.TfLiteQuantizationFree,"ax",%progbits
 225              		.align	2
 226              		.global	TfLiteQuantizationFree
 227              		.syntax unified
 228              		.arm
 229              		.fpu neon
 231              	TfLiteQuantizationFree:
 232              		@ args = 0, pretend = 0, frame = 0
 233              		@ frame_needed = 0, uses_anonymous_args = 0
 234 0000 0030D0E5 		ldrb	r3, [r0]	@ zero_extendqisi2
 235 0004 70402DE9 		push	{r4, r5, r6, lr}
 236 0008 0040A0E1 		mov	r4, r0
 237 000c 010053E3 		cmp	r3, #1
 238 0010 0C00001A 		bne	.L36
 239 0014 045090E5 		ldr	r5, [r0, #4]
 240 0018 000095E5 		ldr	r0, [r5]
 241 001c 000050E3 		cmp	r0, #0
 242 0020 0200000A 		beq	.L37
 243 0024 FEFFFFEB 		bl	free
 244 0028 0030A0E3 		mov	r3, #0
 245 002c 003085E5 		str	r3, [r5]
 246              	.L37:
 247 0030 040095E5 		ldr	r0, [r5, #4]
 248 0034 000050E3 		cmp	r0, #0
 249 0038 0000000A 		beq	.L38
 250 003c FEFFFFEB 		bl	free
 251              	.L38:
 252 0040 0500A0E1 		mov	r0, r5
 253 0044 FEFFFFEB 		bl	free
 254              	.L36:
 255 0048 0030A0E3 		mov	r3, #0
 256 004c 043084E5 		str	r3, [r4, #4]
 257 0050 0030C4E5 		strb	r3, [r4]
 258 0054 7080BDE8 		pop	{r4, r5, r6, pc}
 260              		.section	.text.TfLiteSparsityFree,"ax",%progbits
 261              		.align	2
 262              		.global	TfLiteSparsityFree
 263              		.syntax unified
 264              		.arm
 265              		.fpu neon
 267              	TfLiteSparsityFree:
 268              		@ args = 0, pretend = 0, frame = 0
 269              		@ frame_needed = 0, uses_anonymous_args = 0
 270 0000 70402DE9 		push	{r4, r5, r6, lr}
 271 0004 004050E2 		subs	r4, r0, #0
 272 0008 7080BD08 		popeq	{r4, r5, r6, pc}
 273 000c 000094E5 		ldr	r0, [r4]
 274 0010 000050E3 		cmp	r0, #0
 275 0014 0200000A 		beq	.L48
 276 0018 FEFFFFEB 		bl	free
 277 001c 0030A0E3 		mov	r3, #0
 278 0020 003084E5 		str	r3, [r4]
 279              	.L48:
 280 0024 040094E5 		ldr	r0, [r4, #4]
 281 0028 000050E3 		cmp	r0, #0
 282 002c 0200000A 		beq	.L49
 283 0030 FEFFFFEB 		bl	free
 284 0034 0030A0E3 		mov	r3, #0
 285 0038 043084E5 		str	r3, [r4, #4]
 286              	.L49:
 287 003c 083094E5 		ldr	r3, [r4, #8]
 288 0040 000053E3 		cmp	r3, #0
 289 0044 0050A013 		movne	r5, #0
 290 0048 0D00001A 		bne	.L51
 291              	.L50:
 292 004c 0400A0E1 		mov	r0, r4
 293 0050 7040BDE8 		pop	{r4, r5, r6, lr}
 294 0054 FEFFFFEA 		b	free
 295              	.L53:
 296 0058 082094E5 		ldr	r2, [r4, #8]
 297 005c 053282E0 		add	r3, r2, r5, lsl #4
 298 0060 0522D2E7 		ldrb	r2, [r2, r5, lsl #4]	@ zero_extendqisi2
 299 0064 010052E3 		cmp	r2, #1
 300 0068 0400001A 		bne	.L52
 301 006c 0C6093E5 		ldr	r6, [r3, #12]
 302 0070 080093E5 		ldr	r0, [r3, #8]
 303 0074 FEFFFFEB 		bl	free
 304 0078 0600A0E1 		mov	r0, r6
 305 007c FEFFFFEB 		bl	free
 306              	.L52:
 307 0080 015085E2 		add	r5, r5, #1
 308              	.L51:
 309 0084 0C3094E5 		ldr	r3, [r4, #12]
 310 0088 030055E1 		cmp	r5, r3
 311 008c F1FFFFBA 		blt	.L53
 312 0090 080094E5 		ldr	r0, [r4, #8]
 313 0094 FEFFFFEB 		bl	free
 314 0098 EBFFFFEA 		b	.L50
 316              		.section	.text.TfLiteTensorFree,"ax",%progbits
 317              		.align	2
 318              		.global	TfLiteTensorFree
 319              		.syntax unified
 320              		.arm
 321              		.fpu neon
 323              	TfLiteTensorFree:
 324              		@ args = 0, pretend = 0, frame = 0
 325              		@ frame_needed = 0, uses_anonymous_args = 0
 326 0000 70402DE9 		push	{r4, r5, r6, lr}
 327 0004 0040A0E1 		mov	r4, r0
 328 0008 FEFFFFEB 		bl	TfLiteTensorDataFree
 329 000c 080094E5 		ldr	r0, [r4, #8]
 330 0010 000050E3 		cmp	r0, #0
 331 0014 0000000A 		beq	.L65
 332 0018 FEFFFFEB 		bl	free
 333              	.L65:
 334 001c 3C0094E5 		ldr	r0, [r4, #60]
 335 0020 0050A0E3 		mov	r5, #0
 336 0024 085084E5 		str	r5, [r4, #8]
 337 0028 050050E1 		cmp	r0, r5
 338 002c 0000000A 		beq	.L66
 339 0030 FEFFFFEB 		bl	free
 340              	.L66:
 341 0034 300084E2 		add	r0, r4, #48
 342 0038 3C5084E5 		str	r5, [r4, #60]
 343 003c FEFFFFEB 		bl	TfLiteQuantizationFree
 344 0040 380094E5 		ldr	r0, [r4, #56]
 345 0044 FEFFFFEB 		bl	TfLiteSparsityFree
 346 0048 385084E5 		str	r5, [r4, #56]
 347 004c 7080BDE8 		pop	{r4, r5, r6, pc}
 349              		.section	.text.TfLiteTensorReset,"ax",%progbits
 350              		.align	2
 351              		.global	TfLiteTensorReset
 352              		.syntax unified
 353              		.arm
 354              		.fpu neon
 356              	TfLiteTensorReset:
 357              		@ args = 36, pretend = 8, frame = 0
 358              		@ frame_needed = 0, uses_anonymous_args = 0
 359 0000 08D04DE2 		sub	sp, sp, #8
 360 0004 F0412DE9 		push	{r4, r5, r6, r7, r8, lr}
 361 0008 0070A0E1 		mov	r7, r0
 362 000c 38409DE5 		ldr	r4, [sp, #56]
 363 0010 0160A0E1 		mov	r6, r1
 364 0014 0250A0E1 		mov	r5, r2
 365 0018 1C308DE5 		str	r3, [sp, #28]
 366 001c 0400A0E1 		mov	r0, r4
 367 0020 FEFFFFEB 		bl	TfLiteTensorFree
 368 0024 1C208DE2 		add	r2, sp, #28
 369 0028 0C3084E2 		add	r3, r4, #12
 370 002c 030092E8 		ldm	r2, {r0, r1}
 371 0030 0070C4E5 		strb	r7, [r4]
 372 0034 206084E5 		str	r6, [r4, #32]
 373 0038 085084E5 		str	r5, [r4, #8]
 374 003c 030083E8 		stm	r3, {r0, r1}
 375 0040 24309DE5 		ldr	r3, [sp, #36]
 376 0044 043084E5 		str	r3, [r4, #4]
 377 0048 28309DE5 		ldr	r3, [sp, #40]
 378 004c 183084E5 		str	r3, [r4, #24]
 379 0050 2C30DDE5 		ldrb	r3, [sp, #44]	@ zero_extendqisi2
 380 0054 1430C4E5 		strb	r3, [r4, #20]
 381 0058 30309DE5 		ldr	r3, [sp, #48]
 382 005c 1C3084E5 		str	r3, [r4, #28]
 383 0060 3430DDE5 		ldrb	r3, [sp, #52]	@ zero_extendqisi2
 384 0064 2D30C4E5 		strb	r3, [r4, #45]
 385 0068 0030A0E3 		mov	r3, #0
 386 006c 3030C4E5 		strb	r3, [r4, #48]
 387 0070 343084E5 		str	r3, [r4, #52]
 388 0074 F041BDE8 		pop	{r4, r5, r6, r7, r8, lr}
 389 0078 08D08DE2 		add	sp, sp, #8
 390 007c 1EFF2FE1 		bx	lr
 392              		.section	.text.TfLiteTensorRealloc,"ax",%progbits
 393              		.align	2
 394              		.global	TfLiteTensorRealloc
 395              		.syntax unified
 396              		.arm
 397              		.fpu neon
 399              	TfLiteTensorRealloc:
 400              		@ args = 0, pretend = 0, frame = 0
 401              		@ frame_needed = 0, uses_anonymous_args = 0
 402 0000 1430D1E5 		ldrb	r3, [r1, #20]	@ zero_extendqisi2
 403 0004 040053E3 		cmp	r3, #4
 404 0008 1EFF2F11 		bxne	lr
 405 000c 70402DE9 		push	{r4, r5, r6, lr}
 406 0010 0050A0E1 		mov	r5, r0
 407 0014 043091E5 		ldr	r3, [r1, #4]
 408 0018 0140A0E1 		mov	r4, r1
 409 001c 000053E3 		cmp	r3, #0
 410 0020 0300001A 		bne	.L78
 411 0024 FEFFFFEB 		bl	malloc
 412              	.L84:
 413 0028 040084E5 		str	r0, [r4, #4]
 414              	.L79:
 415 002c 185084E5 		str	r5, [r4, #24]
 416 0030 7080BDE8 		pop	{r4, r5, r6, pc}
 417              	.L78:
 418 0034 182091E5 		ldr	r2, [r1, #24]
 419 0038 020050E1 		cmp	r0, r2
 420 003c FAFFFF9A 		bls	.L79
 421 0040 0010A0E1 		mov	r1, r0
 422 0044 0300A0E1 		mov	r0, r3
 423 0048 FEFFFFEB 		bl	realloc
 424 004c F5FFFFEA 		b	.L84
 426              		.section	.text.TfLiteTypeGetName,"ax",%progbits
 427              		.align	2
 428              		.global	TfLiteTypeGetName
 429              		.syntax unified
 430              		.arm
 431              		.fpu neon
 433              	TfLiteTypeGetName:
 434              		@ args = 0, pretend = 0, frame = 0
 435              		@ frame_needed = 0, uses_anonymous_args = 0
 436              		@ link register save eliminated.
 437 0000 0A0050E3 		cmp	r0, #10
 438 0004 08309F95 		ldrls	r3, .L88
 439 0008 00019397 		ldrls	r0, [r3, r0, lsl #2]
 440 000c 04009F85 		ldrhi	r0, .L88+4
 441 0010 1EFF2FE1 		bx	lr
 442              	.L89:
 443              		.align	2
 444              	.L88:
 445 0014 00000000 		.word	.LANCHOR0
 446 0018 00000000 		.word	.LC0
 448              		.section	.text.TfLiteDelegateCreate,"ax",%progbits
 449              		.align	2
 450              		.global	TfLiteDelegateCreate
 451              		.syntax unified
 452              		.arm
 453              		.fpu neon
 455              	TfLiteDelegateCreate:
 456              		@ args = 0, pretend = 0, frame = 0
 457              		@ frame_needed = 0, uses_anonymous_args = 0
 458 0000 10402DE9 		push	{r4, lr}
 459 0004 2020A0E3 		mov	r2, #32
 460 0008 0040A0E1 		mov	r4, r0
 461 000c 0010A0E3 		mov	r1, #0
 462 0010 FEFFFFEB 		bl	memset
 463 0014 0400A0E1 		mov	r0, r4
 464 0018 1080BDE8 		pop	{r4, pc}
 466              		.section	.rodata.CSWTCH.23,"a",%progbits
 467              		.align	2
 468              		.set	.LANCHOR0,. + 0
 471              	CSWTCH.23:
 472 0000 00000000 		.word	.LC1
 473 0004 07000000 		.word	.LC2
 474 0008 0F000000 		.word	.LC3
 475 000c 15000000 		.word	.LC4
 476 0010 1B000000 		.word	.LC5
 477 0014 21000000 		.word	.LC6
 478 0018 28000000 		.word	.LC7
 479 001c 2D000000 		.word	.LC8
 480 0020 33000000 		.word	.LC9
 481 0024 3D000000 		.word	.LC10
 482 0028 42000000 		.word	.LC11
 483              		.section	.rodata.TfLiteTypeGetName.str1.1,"aMS",%progbits,1
 484              	.LC0:
 485 0000 556E6B6E 		.ascii	"Unknown type\000"
 485      6F776E20 
 485      74797065 
 485      00
 486              		.section	.rodata.str1.1,"aMS",%progbits,1
 487              	.LC1:
 488 0000 4E4F5459 		.ascii	"NOTYPE\000"
 488      504500
 489              	.LC2:
 490 0007 464C4F41 		.ascii	"FLOAT32\000"
 490      54333200 
 491              	.LC3:
 492 000f 494E5433 		.ascii	"INT32\000"
 492      3200
 493              	.LC4:
 494 0015 55494E54 		.ascii	"UINT8\000"
 494      3800
 495              	.LC5:
 496 001b 494E5436 		.ascii	"INT64\000"
 496      3400
 497              	.LC6:
 498 0021 53545249 		.ascii	"STRING\000"
 498      4E4700
 499              	.LC7:
 500 0028 424F4F4C 		.ascii	"BOOL\000"
 500      00
 501              	.LC8:
 502 002d 494E5431 		.ascii	"INT16\000"
 502      3600
 503              	.LC9:
 504 0033 434F4D50 		.ascii	"COMPLEX64\000"
 504      4C455836 
 504      3400
 505              	.LC10:
 506 003d 494E5438 		.ascii	"INT8\000"
 506      00
 507              	.LC11:
 508 0042 464C4F41 		.ascii	"FLOAT16\000"
 508      54313600 
 509              		.ident	"GCC: (GNU Tools for ARM Embedded Processors 6-2017-q2-update) 6.3.1 20170620 (release) [AR
DEFINED SYMBOLS
                            *ABS*:00000000 common.c
C:\Users\a5050395\AppData\Local\Temp\cciyaPIx.s:14     .text.TfLiteIntArrayGetSizeInBytes:00000000 $a
C:\Users\a5050395\AppData\Local\Temp\cciyaPIx.s:20     .text.TfLiteIntArrayGetSizeInBytes:00000000 TfLiteIntArrayGetSizeInBytes
C:\Users\a5050395\AppData\Local\Temp\cciyaPIx.s:29     .text.TfLiteIntArrayEqualsArray:00000000 $a
C:\Users\a5050395\AppData\Local\Temp\cciyaPIx.s:35     .text.TfLiteIntArrayEqualsArray:00000000 TfLiteIntArrayEqualsArray
C:\Users\a5050395\AppData\Local\Temp\cciyaPIx.s:73     .text.TfLiteIntArrayEqual:00000000 $a
C:\Users\a5050395\AppData\Local\Temp\cciyaPIx.s:79     .text.TfLiteIntArrayEqual:00000000 TfLiteIntArrayEqual
C:\Users\a5050395\AppData\Local\Temp\cciyaPIx.s:99     .text.TfLiteIntArrayCreate:00000000 $a
C:\Users\a5050395\AppData\Local\Temp\cciyaPIx.s:105    .text.TfLiteIntArrayCreate:00000000 TfLiteIntArrayCreate
C:\Users\a5050395\AppData\Local\Temp\cciyaPIx.s:117    .text.TfLiteIntArrayCopy:00000000 $a
C:\Users\a5050395\AppData\Local\Temp\cciyaPIx.s:123    .text.TfLiteIntArrayCopy:00000000 TfLiteIntArrayCopy
C:\Users\a5050395\AppData\Local\Temp\cciyaPIx.s:144    .text.TfLiteIntArrayFree:00000000 $a
C:\Users\a5050395\AppData\Local\Temp\cciyaPIx.s:150    .text.TfLiteIntArrayFree:00000000 TfLiteIntArrayFree
C:\Users\a5050395\AppData\Local\Temp\cciyaPIx.s:157    .text.TfLiteFloatArrayGetSizeInBytes:00000000 $a
C:\Users\a5050395\AppData\Local\Temp\cciyaPIx.s:163    .text.TfLiteFloatArrayGetSizeInBytes:00000000 TfLiteFloatArrayGetSizeInBytes
C:\Users\a5050395\AppData\Local\Temp\cciyaPIx.s:172    .text.TfLiteFloatArrayCreate:00000000 $a
C:\Users\a5050395\AppData\Local\Temp\cciyaPIx.s:178    .text.TfLiteFloatArrayCreate:00000000 TfLiteFloatArrayCreate
C:\Users\a5050395\AppData\Local\Temp\cciyaPIx.s:190    .text.TfLiteFloatArrayFree:00000000 $a
C:\Users\a5050395\AppData\Local\Temp\cciyaPIx.s:196    .text.TfLiteFloatArrayFree:00000000 TfLiteFloatArrayFree
C:\Users\a5050395\AppData\Local\Temp\cciyaPIx.s:203    .text.TfLiteTensorDataFree:00000000 $a
C:\Users\a5050395\AppData\Local\Temp\cciyaPIx.s:209    .text.TfLiteTensorDataFree:00000000 TfLiteTensorDataFree
C:\Users\a5050395\AppData\Local\Temp\cciyaPIx.s:225    .text.TfLiteQuantizationFree:00000000 $a
C:\Users\a5050395\AppData\Local\Temp\cciyaPIx.s:231    .text.TfLiteQuantizationFree:00000000 TfLiteQuantizationFree
C:\Users\a5050395\AppData\Local\Temp\cciyaPIx.s:261    .text.TfLiteSparsityFree:00000000 $a
C:\Users\a5050395\AppData\Local\Temp\cciyaPIx.s:267    .text.TfLiteSparsityFree:00000000 TfLiteSparsityFree
C:\Users\a5050395\AppData\Local\Temp\cciyaPIx.s:317    .text.TfLiteTensorFree:00000000 $a
C:\Users\a5050395\AppData\Local\Temp\cciyaPIx.s:323    .text.TfLiteTensorFree:00000000 TfLiteTensorFree
C:\Users\a5050395\AppData\Local\Temp\cciyaPIx.s:350    .text.TfLiteTensorReset:00000000 $a
C:\Users\a5050395\AppData\Local\Temp\cciyaPIx.s:356    .text.TfLiteTensorReset:00000000 TfLiteTensorReset
C:\Users\a5050395\AppData\Local\Temp\cciyaPIx.s:393    .text.TfLiteTensorRealloc:00000000 $a
C:\Users\a5050395\AppData\Local\Temp\cciyaPIx.s:399    .text.TfLiteTensorRealloc:00000000 TfLiteTensorRealloc
C:\Users\a5050395\AppData\Local\Temp\cciyaPIx.s:427    .text.TfLiteTypeGetName:00000000 $a
C:\Users\a5050395\AppData\Local\Temp\cciyaPIx.s:433    .text.TfLiteTypeGetName:00000000 TfLiteTypeGetName
C:\Users\a5050395\AppData\Local\Temp\cciyaPIx.s:445    .text.TfLiteTypeGetName:00000014 $d
C:\Users\a5050395\AppData\Local\Temp\cciyaPIx.s:449    .text.TfLiteDelegateCreate:00000000 $a
C:\Users\a5050395\AppData\Local\Temp\cciyaPIx.s:455    .text.TfLiteDelegateCreate:00000000 TfLiteDelegateCreate
C:\Users\a5050395\AppData\Local\Temp\cciyaPIx.s:467    .rodata.CSWTCH.23:00000000 $d
C:\Users\a5050395\AppData\Local\Temp\cciyaPIx.s:471    .rodata.CSWTCH.23:00000000 CSWTCH.23

UNDEFINED SYMBOLS
malloc
memcpy
free
realloc
memset
