   1              		.cpu cortex-a9
   2              		.eabi_attribute 28, 1
   3              		.eabi_attribute 20, 1
   4              		.eabi_attribute 21, 1
   5              		.eabi_attribute 23, 3
   6              		.eabi_attribute 24, 1
   7              		.eabi_attribute 25, 1
   8              		.eabi_attribute 26, 1
   9              		.eabi_attribute 30, 2
  10              		.eabi_attribute 34, 0
  11              		.eabi_attribute 18, 4
  12              		.file	"system_setup.cpp"
  13              		.text
  14              	.Ltext0:
  15              		.cfi_sections	.debug_frame
  16              		.section	.text._ZN6tflite16InitializeTargetEv,"ax",%progbits
  17              		.align	2
  18              		.global	_ZN6tflite16InitializeTargetEv
  19              		.syntax unified
  20              		.arm
  21              		.fpu neon
  23              	_ZN6tflite16InitializeTargetEv:
  24              		.fnstart
  25              	.LFB0:
  26              		.file 1 "../src/tensorflow_lite/src/tensorflow/lite/micro/system_setup.cpp"
   1:../src/tensorflow_lite/src/tensorflow/lite/micro/system_setup.cpp **** /* Copyright 2021 The TensorFlow Authors. All Rights Reserved.
   2:../src/tensorflow_lite/src/tensorflow/lite/micro/system_setup.cpp **** 
   3:../src/tensorflow_lite/src/tensorflow/lite/micro/system_setup.cpp **** Licensed under the Apache License, Version 2.0 (the "License");
   4:../src/tensorflow_lite/src/tensorflow/lite/micro/system_setup.cpp **** you may not use this file except in compliance with the License.
   5:../src/tensorflow_lite/src/tensorflow/lite/micro/system_setup.cpp **** You may obtain a copy of the License at
   6:../src/tensorflow_lite/src/tensorflow/lite/micro/system_setup.cpp **** 
   7:../src/tensorflow_lite/src/tensorflow/lite/micro/system_setup.cpp ****     http://www.apache.org/licenses/LICENSE-2.0
   8:../src/tensorflow_lite/src/tensorflow/lite/micro/system_setup.cpp **** 
   9:../src/tensorflow_lite/src/tensorflow/lite/micro/system_setup.cpp **** Unless required by applicable law or agreed to in writing, software
  10:../src/tensorflow_lite/src/tensorflow/lite/micro/system_setup.cpp **** distributed under the License is distributed on an "AS IS" BASIS,
  11:../src/tensorflow_lite/src/tensorflow/lite/micro/system_setup.cpp **** WITHOUT WARRANTIES OR CONDITIONS OF ANY KIND, either express or implied.
  12:../src/tensorflow_lite/src/tensorflow/lite/micro/system_setup.cpp **** See the License for the specific language governing permissions and
  13:../src/tensorflow_lite/src/tensorflow/lite/micro/system_setup.cpp **** limitations under the License.
  14:../src/tensorflow_lite/src/tensorflow/lite/micro/system_setup.cpp **** ==============================================================================*/
  15:../src/tensorflow_lite/src/tensorflow/lite/micro/system_setup.cpp **** 
  16:../src/tensorflow_lite/src/tensorflow/lite/micro/system_setup.cpp **** #include "tensorflow/lite/micro/system_setup.h"
  17:../src/tensorflow_lite/src/tensorflow/lite/micro/system_setup.cpp **** 
  18:../src/tensorflow_lite/src/tensorflow/lite/micro/system_setup.cpp **** namespace tflite {
  19:../src/tensorflow_lite/src/tensorflow/lite/micro/system_setup.cpp **** 
  20:../src/tensorflow_lite/src/tensorflow/lite/micro/system_setup.cpp **** // To add an equivalent function for your own platform, create your own
  21:../src/tensorflow_lite/src/tensorflow/lite/micro/system_setup.cpp **** // implementation file, and place it in a subfolder named after the target. See
  22:../src/tensorflow_lite/src/tensorflow/lite/micro/system_setup.cpp **** // tensorflow/lite/micro/debug_log.cc for a similar example.
  23:../src/tensorflow_lite/src/tensorflow/lite/micro/system_setup.cpp **** void InitializeTarget() {}
  27              		.loc 1 23 0
  28              		.cfi_startproc
  29              		@ args = 0, pretend = 0, frame = 0
  30              		@ frame_needed = 0, uses_anonymous_args = 0
  31              		@ link register save eliminated.
  32 0000 1EFF2FE1 		bx	lr
  33              		.cfi_endproc
  34              	.LFE0:
  35              		.cantunwind
  36              		.fnend
  38              		.text
  39              	.Letext0:
  40              		.file 2 "C:/Renesas/e2studio_2021_01_workspace_RZA2M_ANPR/ANPR_RZA2M_RDK/src/tensorflow_lite/src/t
DEFINED SYMBOLS
                            *ABS*:00000000 system_setup.cpp
C:\Users\a5050395\AppData\Local\Temp\ccPbdNUP.s:17     .text._ZN6tflite16InitializeTargetEv:00000000 $a
C:\Users\a5050395\AppData\Local\Temp\ccPbdNUP.s:23     .text._ZN6tflite16InitializeTargetEv:00000000 _ZN6tflite16InitializeTargetEv
.ARM.exidx.text._ZN6tflite16InitializeTargetEv:00000000 $d
                     .debug_frame:00000010 $d
                           .group:00000000 wm4.0.3e1481985cce1e923928453d8be0a65b

NO UNDEFINED SYMBOLS
