   1              		.cpu cortex-a9
   2              		.eabi_attribute 28, 1
   3              		.eabi_attribute 20, 1
   4              		.eabi_attribute 21, 1
   5              		.eabi_attribute 23, 3
   6              		.eabi_attribute 24, 1
   7              		.eabi_attribute 25, 1
   8              		.eabi_attribute 26, 1
   9              		.eabi_attribute 30, 2
  10              		.eabi_attribute 34, 0
  11              		.eabi_attribute 18, 4
  12              		.file	"ceu_userdef.c"
  13              		.section	.text.R_CEU_CPUVAddrToSysPAddr,"ax",%progbits
  14              		.align	2
  15              		.global	R_CEU_CPUVAddrToSysPAddr
  16              		.syntax unified
  17              		.arm
  18              		.fpu neon
  20              	R_CEU_CPUVAddrToSysPAddr:
  21              		@ args = 0, pretend = 0, frame = 8
  22              		@ frame_needed = 0, uses_anonymous_args = 0
  23 0000 10402DE9 		push	{r4, lr}
  24 0004 08D04DE2 		sub	sp, sp, #8
  25 0008 0040A0E3 		mov	r4, #0
  26 000c 08108DE2 		add	r1, sp, #8
  27 0010 044021E5 		str	r4, [r1, #-4]!
  28 0014 FEFFFFEB 		bl	R_MMU_VAtoPA
  29 0018 040050E1 		cmp	r0, r4
  30 001c 04009D05 		ldreq	r0, [sp, #4]
  31 0020 0400A011 		movne	r0, r4
  32 0024 08D08DE2 		add	sp, sp, #8
  33              		@ sp needed
  34 0028 1080BDE8 		pop	{r4, pc}
  36              		.section	.text.R_CEU_OnInitialize,"ax",%progbits
  37              		.align	2
  38              		.global	R_CEU_OnInitialize
  39              		.syntax unified
  40              		.arm
  41              		.fpu neon
  43              	R_CEU_OnInitialize:
  44              		@ args = 0, pretend = 0, frame = 8
  45              		@ frame_needed = 0, uses_anonymous_args = 0
  46 0000 FF30A0E3 		mov	r3, #255
  47 0004 04E02DE5 		str	lr, [sp, #-4]!
  48 0008 FE3C4FE3 		movt	r3, 64766
  49 000c 0CD04DE2 		sub	sp, sp, #12
  50 0010 0320A0E1 		mov	r2, r3
  51 0014 2913D3E5 		ldrb	r1, [r3, #809]	@ zero_extendqisi2
  52 0018 BF1001E2 		and	r1, r1, #191
  53 001c 2913C3E5 		strb	r1, [r3, #809]
  54 0020 2913D3E5 		ldrb	r1, [r3, #809]	@ zero_extendqisi2
  55 0024 7110EFE6 		uxtb	r1, r1
  56 0028 0710CDE5 		strb	r1, [sp, #7]
  57 002c CF1053E5 		ldrb	r1, [r3, #-207]	@ zero_extendqisi2
  58 0030 FE1001E2 		and	r1, r1, #254
  59 0034 CF1043E5 		strb	r1, [r3, #-207]
  60              	.L7:
  61 0038 BF3052E5 		ldrb	r3, [r2, #-191]	@ zero_extendqisi2
  62 003c 010013E3 		tst	r3, #1
  63 0040 FCFFFF1A 		bne	.L7
  64 0044 001000E3 		movw	r1, #:lower16:R_CEU_Isr
  65 0048 7A0100E3 		movw	r0, #378
  66 004c 001040E3 		movt	r1, #:upper16:R_CEU_Isr
  67 0050 FEFFFFEB 		bl	R_INTC_RegistIntFunc
  68 0054 000050E3 		cmp	r0, #0
  69 0058 0100000A 		beq	.L13
  70              	.L6:
  71 005c 0CD08DE2 		add	sp, sp, #12
  72              		@ sp needed
  73 0060 04F09DE4 		ldr	pc, [sp], #4
  74              	.L13:
  75 0064 0510A0E3 		mov	r1, #5
  76 0068 7A0100E3 		movw	r0, #378
  77 006c FEFFFFEB 		bl	R_INTC_SetPriority
  78 0070 000050E3 		cmp	r0, #0
  79 0074 F8FFFF1A 		bne	.L6
  80 0078 7A0100E3 		movw	r0, #378
  81 007c FEFFFFEB 		bl	R_INTC_Enable
  82 0080 0CD08DE2 		add	sp, sp, #12
  83              		@ sp needed
  84 0084 04F09DE4 		ldr	pc, [sp], #4
  86              		.section	.text.R_CEU_OnFinalize,"ax",%progbits
  87              		.align	2
  88              		.global	R_CEU_OnFinalize
  89              		.syntax unified
  90              		.arm
  91              		.fpu neon
  93              	R_CEU_OnFinalize:
  94              		@ args = 0, pretend = 0, frame = 8
  95              		@ frame_needed = 0, uses_anonymous_args = 0
  96              		@ link register save eliminated.
  97 0000 FF30A0E3 		mov	r3, #255
  98 0004 08D04DE2 		sub	sp, sp, #8
  99 0008 FE3C4FE3 		movt	r3, 64766
 100 000c CF1053E5 		ldrb	r1, [r3, #-207]	@ zero_extendqisi2
 101 0010 0320A0E1 		mov	r2, r3
 102 0014 011081E3 		orr	r1, r1, #1
 103 0018 CF1043E5 		strb	r1, [r3, #-207]
 104              	.L15:
 105 001c BF3052E5 		ldrb	r3, [r2, #-191]	@ zero_extendqisi2
 106 0020 010013E3 		tst	r3, #1
 107 0024 FCFFFF0A 		beq	.L15
 108 0028 2933D2E5 		ldrb	r3, [r2, #809]	@ zero_extendqisi2
 109 002c 403083E3 		orr	r3, r3, #64
 110 0030 2933C2E5 		strb	r3, [r2, #809]
 111 0034 2933D2E5 		ldrb	r3, [r2, #809]	@ zero_extendqisi2
 112 0038 7330EFE6 		uxtb	r3, r3
 113 003c 0730CDE5 		strb	r3, [sp, #7]
 114 0040 08D08DE2 		add	sp, sp, #8
 115              		@ sp needed
 116 0044 1EFF2FE1 		bx	lr
 118              		.ident	"GCC: (GNU Tools for ARM Embedded Processors 6-2017-q2-update) 6.3.1 20170620 (release) [AR
DEFINED SYMBOLS
                            *ABS*:00000000 ceu_userdef.c
C:\Users\a5050395\AppData\Local\Temp\ccbbXQck.s:14     .text.R_CEU_CPUVAddrToSysPAddr:00000000 $a
C:\Users\a5050395\AppData\Local\Temp\ccbbXQck.s:20     .text.R_CEU_CPUVAddrToSysPAddr:00000000 R_CEU_CPUVAddrToSysPAddr
C:\Users\a5050395\AppData\Local\Temp\ccbbXQck.s:37     .text.R_CEU_OnInitialize:00000000 $a
C:\Users\a5050395\AppData\Local\Temp\ccbbXQck.s:43     .text.R_CEU_OnInitialize:00000000 R_CEU_OnInitialize
C:\Users\a5050395\AppData\Local\Temp\ccbbXQck.s:87     .text.R_CEU_OnFinalize:00000000 $a
C:\Users\a5050395\AppData\Local\Temp\ccbbXQck.s:93     .text.R_CEU_OnFinalize:00000000 R_CEU_OnFinalize

UNDEFINED SYMBOLS
R_MMU_VAtoPA
R_CEU_Isr
R_INTC_RegistIntFunc
R_INTC_SetPriority
R_INTC_Enable
