   1              		.cpu cortex-a9
   2              		.eabi_attribute 28, 1
   3              		.eabi_attribute 20, 1
   4              		.eabi_attribute 21, 1
   5              		.eabi_attribute 23, 3
   6              		.eabi_attribute 24, 1
   7              		.eabi_attribute 25, 1
   8              		.eabi_attribute 26, 1
   9              		.eabi_attribute 30, 2
  10              		.eabi_attribute 34, 0
  11              		.eabi_attribute 18, 4
  12              		.file	"arm_concatenation_s8_y.c"
  13              		.text
  14              	.Ltext0:
  15              		.cfi_sections	.debug_frame
  16              		.section	.text.arm_concatenation_s8_y,"ax",%progbits
  17              		.align	2
  18              		.global	arm_concatenation_s8_y
  19              		.syntax unified
  20              		.arm
  21              		.fpu neon
  23              	arm_concatenation_s8_y:
  24              	.LFB87:
  25              		.file 1 "../src/tensorflow_lite/src/tensorflow/lite/micro/tools/make/downloads/cmsis/CMSIS/NN/Sour
   1:../src/tensorflow_lite/src/tensorflow/lite/micro/tools/make/downloads/cmsis/CMSIS/NN/Source/ConcatenationFunctions/arm_concatenation_s8_y.c **** /*
   2:../src/tensorflow_lite/src/tensorflow/lite/micro/tools/make/downloads/cmsis/CMSIS/NN/Source/ConcatenationFunctions/arm_concatenation_s8_y.c ****  * Copyright (C) 2010-2019 Arm Limited or its affiliates. All rights reserved.
   3:../src/tensorflow_lite/src/tensorflow/lite/micro/tools/make/downloads/cmsis/CMSIS/NN/Source/ConcatenationFunctions/arm_concatenation_s8_y.c ****  *
   4:../src/tensorflow_lite/src/tensorflow/lite/micro/tools/make/downloads/cmsis/CMSIS/NN/Source/ConcatenationFunctions/arm_concatenation_s8_y.c ****  * SPDX-License-Identifier: Apache-2.0
   5:../src/tensorflow_lite/src/tensorflow/lite/micro/tools/make/downloads/cmsis/CMSIS/NN/Source/ConcatenationFunctions/arm_concatenation_s8_y.c ****  *
   6:../src/tensorflow_lite/src/tensorflow/lite/micro/tools/make/downloads/cmsis/CMSIS/NN/Source/ConcatenationFunctions/arm_concatenation_s8_y.c ****  * Licensed under the Apache License, Version 2.0 (the License); you may
   7:../src/tensorflow_lite/src/tensorflow/lite/micro/tools/make/downloads/cmsis/CMSIS/NN/Source/ConcatenationFunctions/arm_concatenation_s8_y.c ****  * not use this file except in compliance with the License.
   8:../src/tensorflow_lite/src/tensorflow/lite/micro/tools/make/downloads/cmsis/CMSIS/NN/Source/ConcatenationFunctions/arm_concatenation_s8_y.c ****  * You may obtain a copy of the License at
   9:../src/tensorflow_lite/src/tensorflow/lite/micro/tools/make/downloads/cmsis/CMSIS/NN/Source/ConcatenationFunctions/arm_concatenation_s8_y.c ****  *
  10:../src/tensorflow_lite/src/tensorflow/lite/micro/tools/make/downloads/cmsis/CMSIS/NN/Source/ConcatenationFunctions/arm_concatenation_s8_y.c ****  * www.apache.org/licenses/LICENSE-2.0
  11:../src/tensorflow_lite/src/tensorflow/lite/micro/tools/make/downloads/cmsis/CMSIS/NN/Source/ConcatenationFunctions/arm_concatenation_s8_y.c ****  *
  12:../src/tensorflow_lite/src/tensorflow/lite/micro/tools/make/downloads/cmsis/CMSIS/NN/Source/ConcatenationFunctions/arm_concatenation_s8_y.c ****  * Unless required by applicable law or agreed to in writing, software
  13:../src/tensorflow_lite/src/tensorflow/lite/micro/tools/make/downloads/cmsis/CMSIS/NN/Source/ConcatenationFunctions/arm_concatenation_s8_y.c ****  * distributed under the License is distributed on an AS IS BASIS, WITHOUT
  14:../src/tensorflow_lite/src/tensorflow/lite/micro/tools/make/downloads/cmsis/CMSIS/NN/Source/ConcatenationFunctions/arm_concatenation_s8_y.c ****  * WARRANTIES OR CONDITIONS OF ANY KIND, either express or implied.
  15:../src/tensorflow_lite/src/tensorflow/lite/micro/tools/make/downloads/cmsis/CMSIS/NN/Source/ConcatenationFunctions/arm_concatenation_s8_y.c ****  * See the License for the specific language governing permissions and
  16:../src/tensorflow_lite/src/tensorflow/lite/micro/tools/make/downloads/cmsis/CMSIS/NN/Source/ConcatenationFunctions/arm_concatenation_s8_y.c ****  * limitations under the License.
  17:../src/tensorflow_lite/src/tensorflow/lite/micro/tools/make/downloads/cmsis/CMSIS/NN/Source/ConcatenationFunctions/arm_concatenation_s8_y.c ****  */
  18:../src/tensorflow_lite/src/tensorflow/lite/micro/tools/make/downloads/cmsis/CMSIS/NN/Source/ConcatenationFunctions/arm_concatenation_s8_y.c **** 
  19:../src/tensorflow_lite/src/tensorflow/lite/micro/tools/make/downloads/cmsis/CMSIS/NN/Source/ConcatenationFunctions/arm_concatenation_s8_y.c **** /* ----------------------------------------------------------------------
  20:../src/tensorflow_lite/src/tensorflow/lite/micro/tools/make/downloads/cmsis/CMSIS/NN/Source/ConcatenationFunctions/arm_concatenation_s8_y.c ****  * Project:      CMSIS NN Library
  21:../src/tensorflow_lite/src/tensorflow/lite/micro/tools/make/downloads/cmsis/CMSIS/NN/Source/ConcatenationFunctions/arm_concatenation_s8_y.c ****  * Title:        arm_concatenation_s8_y.c
  22:../src/tensorflow_lite/src/tensorflow/lite/micro/tools/make/downloads/cmsis/CMSIS/NN/Source/ConcatenationFunctions/arm_concatenation_s8_y.c ****  * Description:  s8 version of concatenation along the Y axis
  23:../src/tensorflow_lite/src/tensorflow/lite/micro/tools/make/downloads/cmsis/CMSIS/NN/Source/ConcatenationFunctions/arm_concatenation_s8_y.c ****  *
  24:../src/tensorflow_lite/src/tensorflow/lite/micro/tools/make/downloads/cmsis/CMSIS/NN/Source/ConcatenationFunctions/arm_concatenation_s8_y.c ****  * $Date:        October 2019
  25:../src/tensorflow_lite/src/tensorflow/lite/micro/tools/make/downloads/cmsis/CMSIS/NN/Source/ConcatenationFunctions/arm_concatenation_s8_y.c ****  * $Revision:    V.1.0.0
  26:../src/tensorflow_lite/src/tensorflow/lite/micro/tools/make/downloads/cmsis/CMSIS/NN/Source/ConcatenationFunctions/arm_concatenation_s8_y.c ****  *
  27:../src/tensorflow_lite/src/tensorflow/lite/micro/tools/make/downloads/cmsis/CMSIS/NN/Source/ConcatenationFunctions/arm_concatenation_s8_y.c ****  * Target Processor:  Cortex-M cores
  28:../src/tensorflow_lite/src/tensorflow/lite/micro/tools/make/downloads/cmsis/CMSIS/NN/Source/ConcatenationFunctions/arm_concatenation_s8_y.c ****  *
  29:../src/tensorflow_lite/src/tensorflow/lite/micro/tools/make/downloads/cmsis/CMSIS/NN/Source/ConcatenationFunctions/arm_concatenation_s8_y.c ****  * -------------------------------------------------------------------- */
  30:../src/tensorflow_lite/src/tensorflow/lite/micro/tools/make/downloads/cmsis/CMSIS/NN/Source/ConcatenationFunctions/arm_concatenation_s8_y.c **** 
  31:../src/tensorflow_lite/src/tensorflow/lite/micro/tools/make/downloads/cmsis/CMSIS/NN/Source/ConcatenationFunctions/arm_concatenation_s8_y.c **** #include "tensorflow/lite/micro/tools/make/downloads/cmsis/CMSIS/NN/Include/arm_nnfunctions.h"
  32:../src/tensorflow_lite/src/tensorflow/lite/micro/tools/make/downloads/cmsis/CMSIS/NN/Source/ConcatenationFunctions/arm_concatenation_s8_y.c **** 
  33:../src/tensorflow_lite/src/tensorflow/lite/micro/tools/make/downloads/cmsis/CMSIS/NN/Source/ConcatenationFunctions/arm_concatenation_s8_y.c **** /**
  34:../src/tensorflow_lite/src/tensorflow/lite/micro/tools/make/downloads/cmsis/CMSIS/NN/Source/ConcatenationFunctions/arm_concatenation_s8_y.c ****  *  @ingroup groupNN
  35:../src/tensorflow_lite/src/tensorflow/lite/micro/tools/make/downloads/cmsis/CMSIS/NN/Source/ConcatenationFunctions/arm_concatenation_s8_y.c ****  */
  36:../src/tensorflow_lite/src/tensorflow/lite/micro/tools/make/downloads/cmsis/CMSIS/NN/Source/ConcatenationFunctions/arm_concatenation_s8_y.c **** 
  37:../src/tensorflow_lite/src/tensorflow/lite/micro/tools/make/downloads/cmsis/CMSIS/NN/Source/ConcatenationFunctions/arm_concatenation_s8_y.c **** /**
  38:../src/tensorflow_lite/src/tensorflow/lite/micro/tools/make/downloads/cmsis/CMSIS/NN/Source/ConcatenationFunctions/arm_concatenation_s8_y.c ****  * @addtogroup Concatenation
  39:../src/tensorflow_lite/src/tensorflow/lite/micro/tools/make/downloads/cmsis/CMSIS/NN/Source/ConcatenationFunctions/arm_concatenation_s8_y.c ****  * @{
  40:../src/tensorflow_lite/src/tensorflow/lite/micro/tools/make/downloads/cmsis/CMSIS/NN/Source/ConcatenationFunctions/arm_concatenation_s8_y.c ****  */
  41:../src/tensorflow_lite/src/tensorflow/lite/micro/tools/make/downloads/cmsis/CMSIS/NN/Source/ConcatenationFunctions/arm_concatenation_s8_y.c **** 
  42:../src/tensorflow_lite/src/tensorflow/lite/micro/tools/make/downloads/cmsis/CMSIS/NN/Source/ConcatenationFunctions/arm_concatenation_s8_y.c **** /*
  43:../src/tensorflow_lite/src/tensorflow/lite/micro/tools/make/downloads/cmsis/CMSIS/NN/Source/ConcatenationFunctions/arm_concatenation_s8_y.c ****  *  s8 version of concatenation along the Y axis
  44:../src/tensorflow_lite/src/tensorflow/lite/micro/tools/make/downloads/cmsis/CMSIS/NN/Source/ConcatenationFunctions/arm_concatenation_s8_y.c ****  *
  45:../src/tensorflow_lite/src/tensorflow/lite/micro/tools/make/downloads/cmsis/CMSIS/NN/Source/ConcatenationFunctions/arm_concatenation_s8_y.c ****  * Refer to header file for details.
  46:../src/tensorflow_lite/src/tensorflow/lite/micro/tools/make/downloads/cmsis/CMSIS/NN/Source/ConcatenationFunctions/arm_concatenation_s8_y.c ****  *
  47:../src/tensorflow_lite/src/tensorflow/lite/micro/tools/make/downloads/cmsis/CMSIS/NN/Source/ConcatenationFunctions/arm_concatenation_s8_y.c ****  */
  48:../src/tensorflow_lite/src/tensorflow/lite/micro/tools/make/downloads/cmsis/CMSIS/NN/Source/ConcatenationFunctions/arm_concatenation_s8_y.c **** void arm_concatenation_s8_y(const int8_t *input,
  49:../src/tensorflow_lite/src/tensorflow/lite/micro/tools/make/downloads/cmsis/CMSIS/NN/Source/ConcatenationFunctions/arm_concatenation_s8_y.c ****                             const uint16_t input_x,
  50:../src/tensorflow_lite/src/tensorflow/lite/micro/tools/make/downloads/cmsis/CMSIS/NN/Source/ConcatenationFunctions/arm_concatenation_s8_y.c ****                             const uint16_t input_y,
  51:../src/tensorflow_lite/src/tensorflow/lite/micro/tools/make/downloads/cmsis/CMSIS/NN/Source/ConcatenationFunctions/arm_concatenation_s8_y.c ****                             const uint16_t input_z,
  52:../src/tensorflow_lite/src/tensorflow/lite/micro/tools/make/downloads/cmsis/CMSIS/NN/Source/ConcatenationFunctions/arm_concatenation_s8_y.c ****                             const uint16_t input_w,
  53:../src/tensorflow_lite/src/tensorflow/lite/micro/tools/make/downloads/cmsis/CMSIS/NN/Source/ConcatenationFunctions/arm_concatenation_s8_y.c ****                             int8_t *output,
  54:../src/tensorflow_lite/src/tensorflow/lite/micro/tools/make/downloads/cmsis/CMSIS/NN/Source/ConcatenationFunctions/arm_concatenation_s8_y.c ****                             const uint16_t output_y,
  55:../src/tensorflow_lite/src/tensorflow/lite/micro/tools/make/downloads/cmsis/CMSIS/NN/Source/ConcatenationFunctions/arm_concatenation_s8_y.c ****                             const uint32_t offset_y)
  56:../src/tensorflow_lite/src/tensorflow/lite/micro/tools/make/downloads/cmsis/CMSIS/NN/Source/ConcatenationFunctions/arm_concatenation_s8_y.c **** {
  26              		.loc 1 56 0
  27              		.cfi_startproc
  28              		@ args = 16, pretend = 0, frame = 0
  29              		@ frame_needed = 0, uses_anonymous_args = 0
  30              	.LVL0:
  31 0000 F0412DE9 		push	{r4, r5, r6, r7, r8, lr}
  32              		.cfi_def_cfa_offset 24
  33              		.cfi_offset 4, -24
  34              		.cfi_offset 5, -20
  35              		.cfi_offset 6, -16
  36              		.cfi_offset 7, -12
  37              		.cfi_offset 8, -8
  38              		.cfi_offset 14, -4
  57:../src/tensorflow_lite/src/tensorflow/lite/micro/tools/make/downloads/cmsis/CMSIS/NN/Source/ConcatenationFunctions/arm_concatenation_s8_y.c ****     const uint32_t num_iterations = input_z * input_w;
  58:../src/tensorflow_lite/src/tensorflow/lite/micro/tools/make/downloads/cmsis/CMSIS/NN/Source/ConcatenationFunctions/arm_concatenation_s8_y.c ****     const uint32_t input_copy_size = input_x * input_y;
  39              		.loc 1 58 0
  40 0004 910206E0 		mul	r6, r1, r2
  56:../src/tensorflow_lite/src/tensorflow/lite/micro/tools/make/downloads/cmsis/CMSIS/NN/Source/ConcatenationFunctions/arm_concatenation_s8_y.c ****     const uint32_t num_iterations = input_z * input_w;
  41              		.loc 1 56 0
  42 0008 B881DDE1 		ldrh	r8, [sp, #24]
  43 000c 1CC09DE5 		ldr	ip, [sp, #28]
  44 0010 24209DE5 		ldr	r2, [sp, #36]
  45              	.LVL1:
  57:../src/tensorflow_lite/src/tensorflow/lite/micro/tools/make/downloads/cmsis/CMSIS/NN/Source/ConcatenationFunctions/arm_concatenation_s8_y.c ****     const uint32_t num_iterations = input_z * input_w;
  46              		.loc 1 57 0
  47 0014 980308E0 		mul	r8, r8, r3
  48              	.LVL2:
  56:../src/tensorflow_lite/src/tensorflow/lite/micro/tools/make/downloads/cmsis/CMSIS/NN/Source/ConcatenationFunctions/arm_concatenation_s8_y.c ****     const uint32_t num_iterations = input_z * input_w;
  49              		.loc 1 56 0
  50 0018 B072DDE1 		ldrh	r7, [sp, #32]
  59:../src/tensorflow_lite/src/tensorflow/lite/micro/tools/make/downloads/cmsis/CMSIS/NN/Source/ConcatenationFunctions/arm_concatenation_s8_y.c ****     const uint32_t output_stride = input_x * output_y;
  60:../src/tensorflow_lite/src/tensorflow/lite/micro/tools/make/downloads/cmsis/CMSIS/NN/Source/ConcatenationFunctions/arm_concatenation_s8_y.c **** 
  61:../src/tensorflow_lite/src/tensorflow/lite/micro/tools/make/downloads/cmsis/CMSIS/NN/Source/ConcatenationFunctions/arm_concatenation_s8_y.c ****     output += offset_y * input_x;
  51              		.loc 1 61 0
  52 001c 92C123E0 		mla	r3, r2, r1, ip
  53              	.LVL3:
  62:../src/tensorflow_lite/src/tensorflow/lite/micro/tools/make/downloads/cmsis/CMSIS/NN/Source/ConcatenationFunctions/arm_concatenation_s8_y.c ****     uint32_t i;
  63:../src/tensorflow_lite/src/tensorflow/lite/micro/tools/make/downloads/cmsis/CMSIS/NN/Source/ConcatenationFunctions/arm_concatenation_s8_y.c **** 
  64:../src/tensorflow_lite/src/tensorflow/lite/micro/tools/make/downloads/cmsis/CMSIS/NN/Source/ConcatenationFunctions/arm_concatenation_s8_y.c ****     // Copy per tile
  65:../src/tensorflow_lite/src/tensorflow/lite/micro/tools/make/downloads/cmsis/CMSIS/NN/Source/ConcatenationFunctions/arm_concatenation_s8_y.c ****     for (i = 0; i < num_iterations; ++i)
  54              		.loc 1 65 0
  55 0020 000058E3 		cmp	r8, #0
  59:../src/tensorflow_lite/src/tensorflow/lite/micro/tools/make/downloads/cmsis/CMSIS/NN/Source/ConcatenationFunctions/arm_concatenation_s8_y.c ****     const uint32_t output_stride = input_x * output_y;
  56              		.loc 1 59 0
  57 0024 910707E0 		mul	r7, r1, r7
  58              	.LVL4:
  59              		.loc 1 65 0
  60 0028 F081BD08 		popeq	{r4, r5, r6, r7, r8, pc}
  61 002c 0040A0E1 		mov	r4, r0
  62 0030 0050A0E3 		mov	r5, #0
  63              	.LVL5:
  64              	.L2:
  66:../src/tensorflow_lite/src/tensorflow/lite/micro/tools/make/downloads/cmsis/CMSIS/NN/Source/ConcatenationFunctions/arm_concatenation_s8_y.c ****     {
  67:../src/tensorflow_lite/src/tensorflow/lite/micro/tools/make/downloads/cmsis/CMSIS/NN/Source/ConcatenationFunctions/arm_concatenation_s8_y.c ****         memcpy(output, input, input_copy_size);
  65              		.loc 1 67 0 discriminator 3
  66 0034 0410A0E1 		mov	r1, r4
  67 0038 0300A0E1 		mov	r0, r3
  65:../src/tensorflow_lite/src/tensorflow/lite/micro/tools/make/downloads/cmsis/CMSIS/NN/Source/ConcatenationFunctions/arm_concatenation_s8_y.c ****     {
  68              		.loc 1 65 0 discriminator 3
  69 003c 015085E2 		add	r5, r5, #1
  70              	.LVL6:
  71              		.loc 1 67 0 discriminator 3
  72 0040 0620A0E1 		mov	r2, r6
  73 0044 FEFFFFEB 		bl	memcpy
  74              	.LVL7:
  65:../src/tensorflow_lite/src/tensorflow/lite/micro/tools/make/downloads/cmsis/CMSIS/NN/Source/ConcatenationFunctions/arm_concatenation_s8_y.c ****     {
  75              		.loc 1 65 0 discriminator 3
  76 0048 050058E1 		cmp	r8, r5
  68:../src/tensorflow_lite/src/tensorflow/lite/micro/tools/make/downloads/cmsis/CMSIS/NN/Source/ConcatenationFunctions/arm_concatenation_s8_y.c ****         input += input_copy_size;
  77              		.loc 1 68 0 discriminator 3
  78 004c 064084E0 		add	r4, r4, r6
  79              	.LVL8:
  69:../src/tensorflow_lite/src/tensorflow/lite/micro/tools/make/downloads/cmsis/CMSIS/NN/Source/ConcatenationFunctions/arm_concatenation_s8_y.c ****         output += output_stride;
  80              		.loc 1 69 0 discriminator 3
  81 0050 073080E0 		add	r3, r0, r7
  82              	.LVL9:
  65:../src/tensorflow_lite/src/tensorflow/lite/micro/tools/make/downloads/cmsis/CMSIS/NN/Source/ConcatenationFunctions/arm_concatenation_s8_y.c ****     {
  83              		.loc 1 65 0 discriminator 3
  84 0054 F6FFFF1A 		bne	.L2
  85 0058 F081BDE8 		pop	{r4, r5, r6, r7, r8, pc}
  86              		.cfi_endproc
  87              	.LFE87:
  89              		.text
  90              	.Letext0:
  91              		.file 2 "c:\\program files (x86)\\gnu tools arm embedded\\6 2017-q2-update\\arm-none-eabi\\include
  92              		.file 3 "c:\\program files (x86)\\gnu tools arm embedded\\6 2017-q2-update\\arm-none-eabi\\include
  93              		.file 4 "c:\\program files (x86)\\gnu tools arm embedded\\6 2017-q2-update\\arm-none-eabi\\include
  94              		.file 5 "c:\\program files (x86)\\gnu tools arm embedded\\6 2017-q2-update\\arm-none-eabi\\include
  95              		.file 6 "c:\\program files (x86)\\gnu tools arm embedded\\6 2017-q2-update\\lib\\gcc\\arm-none-eab
  96              		.file 7 "c:\\program files (x86)\\gnu tools arm embedded\\6 2017-q2-update\\arm-none-eabi\\include
  97              		.file 8 "c:\\program files (x86)\\gnu tools arm embedded\\6 2017-q2-update\\arm-none-eabi\\include
DEFINED SYMBOLS
                            *ABS*:00000000 arm_concatenation_s8_y.c
C:\Users\a5050395\AppData\Local\Temp\cctlhcVD.s:17     .text.arm_concatenation_s8_y:00000000 $a
C:\Users\a5050395\AppData\Local\Temp\cctlhcVD.s:23     .text.arm_concatenation_s8_y:00000000 arm_concatenation_s8_y
                     .debug_frame:00000010 $d
                           .group:00000000 wm4.0.14fc17be114e5a2cba0959c511ea2aaf
                           .group:00000000 wm4._newlib_version.h.4.3572908597b70d672d181fc7fc501c19
                           .group:00000000 wm4.features.h.33.d97f2d646536517df901beeb5b9993f5
                           .group:00000000 wm4._default_types.h.15.247e5cd201eca3442cbf5404108c4935
                           .group:00000000 wm4._intsup.h.10.cce27fed8484c08a33f522034c30d2b5
                           .group:00000000 wm4._stdint.h.10.c24fa3af3bc1706662bb5593a907e841
                           .group:00000000 wm4.stdint.h.23.d53047a68f4a85177f80b422d52785ed
                           .group:00000000 wm4.cmsis_gcc.h.26.655f712673b916caa265318637e2486e
                           .group:00000000 wm4.newlib.h.8.5f2124c7e712be65f83b91ff86a0b1c1
                           .group:00000000 wm4.config.h.219.65a553ab5bef5482f0d7880b0d33015e
                           .group:00000000 wm4._ansi.h.23.9f8fcfa20193763fcf364fb91705c94b
                           .group:00000000 wm4.stddef.h.39.a38874c8f8a57e66301090908ec2a69f
                           .group:00000000 wm4.lock.h.2.1461d1fff82dffe8bfddc23307f6484f
                           .group:00000000 wm4._types.h.125.5cf8a495f1f7ef36777ad868a1e32068
                           .group:00000000 wm4.stddef.h.161.5349cb105733e8777bfb0cf53c4e3f34
                           .group:00000000 wm4._types.h.183.c226d164ceca1f2ecb9ae9360c54a098
                           .group:00000000 wm4.reent.h.17.23b059516345f8f5abfa01ddc379570f
                           .group:00000000 wm4.cdefs.h.47.d73db5548e6cd3f3a18dfe23cae782ff
                           .group:00000000 wm4.string.h.15.dab3980bf35408a4c507182805e2de3a
                           .group:00000000 wm4.stddef.h.161.19e15733342b50ead2919490b095303e
                           .group:00000000 wm4.math.h.13.adb102f7bd7860b1f241e149d6914a1e
                           .group:00000000 wm4.float.h.29.7c5e49023a42045f22b7df4a7e6b3db2
                           .group:00000000 wm4.limits.h.2.a76e572559edc4d4305b1cf624158ea8
                           .group:00000000 wm4.limits.h.60.56a1ae353e2028a24298ec6463b8b593
                           .group:00000000 wm4.arm_math_types.h.86.d234ffd9523de96a34ed4dd0f785756f

UNDEFINED SYMBOLS
memcpy
