   1              		.cpu cortex-a9
   2              		.eabi_attribute 28, 1
   3              		.eabi_attribute 20, 1
   4              		.eabi_attribute 21, 1
   5              		.eabi_attribute 23, 3
   6              		.eabi_attribute 24, 1
   7              		.eabi_attribute 25, 1
   8              		.eabi_attribute 26, 1
   9              		.eabi_attribute 30, 2
  10              		.eabi_attribute 34, 0
  11              		.eabi_attribute 18, 4
  12              		.file	"r_spea_register.c"
  13              		.section	.text.SPEA_set_offset,"ax",%progbits
  14              		.align	2
  15              		.global	SPEA_set_offset
  16              		.syntax unified
  17              		.arm
  18              		.fpu neon
  20              	SPEA_set_offset:
  21              		@ args = 0, pretend = 0, frame = 0
  22              		@ frame_needed = 0, uses_anonymous_args = 0
  23              		@ link register save eliminated.
  24 0000 00C091E5 		ldr	ip, [r1]
  25 0004 002000E3 		movw	r2, #:lower16:.LANCHOR0
  26 0008 041091E5 		ldr	r1, [r1, #4]
  27 000c 003000E3 		movw	r3, #:lower16:.LANCHOR1
  28 0010 002040E3 		movt	r2, #:upper16:.LANCHOR0
  29 0014 003040E3 		movt	r3, #:upper16:.LANCHOR1
  30 0018 00C182E7 		str	ip, [r2, r0, lsl #2]
  31 001c 001183E7 		str	r1, [r3, r0, lsl #2]
  32 0020 1EFF2FE1 		bx	lr
  34              		.section	.text.SPEA_get_offset,"ax",%progbits
  35              		.align	2
  36              		.global	SPEA_get_offset
  37              		.syntax unified
  38              		.arm
  39              		.fpu neon
  41              	SPEA_get_offset:
  42              		@ args = 0, pretend = 0, frame = 0
  43              		@ frame_needed = 0, uses_anonymous_args = 0
  44              		@ link register save eliminated.
  45 0000 002000E3 		movw	r2, #:lower16:.LANCHOR0
  46 0004 003000E3 		movw	r3, #:lower16:.LANCHOR1
  47 0008 002040E3 		movt	r2, #:upper16:.LANCHOR0
  48 000c 003040E3 		movt	r3, #:upper16:.LANCHOR1
  49 0010 002192E7 		ldr	r2, [r2, r0, lsl #2]
  50 0014 003193E7 		ldr	r3, [r3, r0, lsl #2]
  51 0018 0C0081E8 		stm	r1, {r2, r3}
  52 001c 1EFF2FE1 		bx	lr
  54              		.section	.text.SPEA_SetWindow,"ax",%progbits
  55              		.align	2
  56              		.global	SPEA_SetWindow
  57              		.syntax unified
  58              		.arm
  59              		.fpu neon
  61              	SPEA_SetWindow:
  62              		@ args = 8, pretend = 0, frame = 8
  63              		@ frame_needed = 0, uses_anonymous_args = 0
  64 0000 F0432DE9 		push	{r4, r5, r6, r7, r8, r9, lr}
  65 0004 0CD04DE2 		sub	sp, sp, #12
  66 0008 2CC09DE5 		ldr	ip, [sp, #44]
  67 000c 0040A0E1 		mov	r4, r0
  68 0010 0150A0E1 		mov	r5, r1
  69 0014 0260A0E1 		mov	r6, r2
  70 0018 0370A0E1 		mov	r7, r3
  71 001c 28809DE5 		ldr	r8, [sp, #40]
  72 0020 00005CE3 		cmp	ip, #0
  73 0024 0900000A 		beq	.L5
  74 0028 801080E0 		add	r1, r0, r0, lsl #1
  75 002c 852085E0 		add	r2, r5, r5, lsl #1
  76 0030 0113A0E1 		lsl	r1, r1, #6
  77 0034 003000E3 		movw	r3, #:lower16:spea_regaddr_unit_ctr
  78 0038 003040E3 		movt	r3, #:upper16:spea_regaddr_unit_ctr
  79 003c 022181E0 		add	r2, r1, r2, lsl #2
  80 0040 0C00A0E1 		mov	r0, ip
  81 0044 029093E7 		ldr	r9, [r3, r2]
  82 0048 FEFFFFEB 		bl	R_SPEA_CPUVAddrToSysPAddr
  83 004c 000089E5 		str	r0, [r9]
  84              	.L5:
  85 0050 000058E3 		cmp	r8, #0
  86 0054 1500000A 		beq	.L6
  87 0058 003000E3 		movw	r3, #:lower16:.LANCHOR0
  88 005c 001000E3 		movw	r1, #:lower16:.LANCHOR1
  89 0060 003040E3 		movt	r3, #:upper16:.LANCHOR0
  90 0064 001040E3 		movt	r1, #:upper16:.LANCHOR1
  91 0068 04E193E7 		ldr	lr, [r3, r4, lsl #2]
  92 006c 840084E0 		add	r0, r4, r4, lsl #1
  93 0070 003098E5 		ldr	r3, [r8]
  94 0074 042098E5 		ldr	r2, [r8, #4]
  95 0078 00C3A0E1 		lsl	ip, r0, #6
  96 007c 041191E7 		ldr	r1, [r1, r4, lsl #2]
  97 0080 850085E0 		add	r0, r5, r5, lsl #1
  98 0084 0E3083E0 		add	r3, r3, lr
  99 0088 00018CE0 		add	r0, ip, r0, lsl #2
 100 008c 012082E0 		add	r2, r2, r1
 101 0090 032882E1 		orr	r2, r2, r3, lsl #16
 102 0094 003000E3 		movw	r3, #:lower16:spea_regaddr_unit_ctr
 103 0098 003040E3 		movt	r3, #:upper16:spea_regaddr_unit_ctr
 104 009c 04208DE5 		str	r2, [sp, #4]
 105 00a0 000083E0 		add	r0, r3, r0
 106 00a4 04209DE5 		ldr	r2, [sp, #4]
 107 00a8 083090E5 		ldr	r3, [r0, #8]
 108 00ac 002083E5 		str	r2, [r3]
 109              	.L6:
 110 00b0 000057E3 		cmp	r7, #0
 111 00b4 0D00000A 		beq	.L7
 112 00b8 00C097E5 		ldr	ip, [r7]
 113 00bc 840084E0 		add	r0, r4, r4, lsl #1
 114 00c0 041097E5 		ldr	r1, [r7, #4]
 115 00c4 853085E0 		add	r3, r5, r5, lsl #1
 116 00c8 0003A0E1 		lsl	r0, r0, #6
 117 00cc 002000E3 		movw	r2, #:lower16:spea_regaddr_unit_ctr
 118 00d0 002040E3 		movt	r2, #:upper16:spea_regaddr_unit_ctr
 119 00d4 033180E0 		add	r3, r0, r3, lsl #2
 120 00d8 0C1881E1 		orr	r1, r1, ip, lsl #16
 121 00dc 033082E0 		add	r3, r2, r3
 122 00e0 04108DE5 		str	r1, [sp, #4]
 123 00e4 043093E5 		ldr	r3, [r3, #4]
 124 00e8 04209DE5 		ldr	r2, [sp, #4]
 125 00ec 002083E5 		str	r2, [r3]
 126              	.L7:
 127 00f0 010056E3 		cmp	r6, #1
 128 00f4 003000E3 		movw	r3, #:lower16:spea_regaddr_unit_enable_ctrl
 129 00f8 00304013 		movtne	r3, #:upper16:spea_regaddr_unit_enable_ctrl
 130 00fc 00304003 		movteq	r3, #:upper16:spea_regaddr_unit_enable_ctrl
 131 0100 84418310 		addne	r4, r3, r4, lsl #3
 132 0104 84319307 		ldreq	r3, [r3, r4, lsl #3]
 133 0108 0120A013 		movne	r2, #1
 134 010c 04309415 		ldrne	r3, [r4, #4]
 135 0110 00209305 		ldreq	r2, [r3]
 136 0114 00109315 		ldrne	r1, [r3]
 137 0118 16558201 		orreq	r5, r2, r6, lsl r5
 138 011c 12558111 		orrne	r5, r1, r2, lsl r5
 139 0120 005083E5 		str	r5, [r3]
 140 0124 0CD08DE2 		add	sp, sp, #12
 141              		@ sp needed
 142 0128 F083BDE8 		pop	{r4, r5, r6, r7, r8, r9, pc}
 144              		.section	.text.SPEA_WindowUpdate,"ax",%progbits
 145              		.align	2
 146              		.global	SPEA_WindowUpdate
 147              		.syntax unified
 148              		.arm
 149              		.fpu neon
 151              	SPEA_WindowUpdate:
 152              		@ args = 0, pretend = 0, frame = 0
 153              		@ frame_needed = 0, uses_anonymous_args = 0
 154              		@ link register save eliminated.
 155 0000 002000E3 		movw	r2, #:lower16:spea_regaddr_unit_update_ctrl
 156 0004 003000E3 		movw	r3, #:lower16:spea_regaddr_img_synthesizer
 157 0008 002040E3 		movt	r2, #:upper16:spea_regaddr_unit_update_ctrl
 158 000c 003040E3 		movt	r3, #:upper16:spea_regaddr_img_synthesizer
 159 0010 001192E7 		ldr	r1, [r2, r0, lsl #2]
 160 0014 1120A0E3 		mov	r2, #17
 161 0018 803193E7 		ldr	r3, [r3, r0, lsl #3]
 162 001c 0100A0E3 		mov	r0, #1
 163 0020 000081E5 		str	r0, [r1]
 164 0024 002083E5 		str	r2, [r3]
 165 0028 1EFF2FE1 		bx	lr
 167              		.section	.text.SPEA_WindowOffset,"ax",%progbits
 168              		.align	2
 169              		.global	SPEA_WindowOffset
 170              		.syntax unified
 171              		.arm
 172              		.fpu neon
 174              	SPEA_WindowOffset:
 175              		@ args = 0, pretend = 0, frame = 8
 176              		@ frame_needed = 0, uses_anonymous_args = 0
 177 0000 01C1A0E1 		lsl	ip, r1, #2
 178 0004 003000E3 		movw	r3, #:lower16:spea_regaddr_img_synthesizer
 179 0008 003040E3 		movt	r3, #:upper16:spea_regaddr_img_synthesizer
 180 000c 82C68CE0 		add	ip, ip, r2, lsl #13
 181 0010 10402DE9 		push	{r4, lr}
 182 0014 803183E0 		add	r3, r3, r0, lsl #3
 183 0018 08D04DE2 		sub	sp, sp, #8
 184 001c 03C28CE2 		add	ip, ip, #805306368
 185 0020 04C08DE5 		str	ip, [sp, #4]
 186 0024 00E000E3 		movw	lr, #:lower16:.LANCHOR0
 187 0028 043093E5 		ldr	r3, [r3, #4]
 188 002c 00C000E3 		movw	ip, #:lower16:.LANCHOR1
 189 0030 04409DE5 		ldr	r4, [sp, #4]
 190 0034 00E040E3 		movt	lr, #:upper16:.LANCHOR0
 191 0038 00C040E3 		movt	ip, #:upper16:.LANCHOR1
 192 003c 00118EE7 		str	r1, [lr, r0, lsl #2]
 193 0040 00218CE7 		str	r2, [ip, r0, lsl #2]
 194 0044 004083E5 		str	r4, [r3]
 195 0048 08D08DE2 		add	sp, sp, #8
 196              		@ sp needed
 197 004c 1080BDE8 		pop	{r4, pc}
 199              		.section	.text.RLE_SetWindow,"ax",%progbits
 200              		.align	2
 201              		.global	RLE_SetWindow
 202              		.syntax unified
 203              		.arm
 204              		.fpu neon
 206              	RLE_SetWindow:
 207              		@ args = 0, pretend = 0, frame = 8
 208              		@ frame_needed = 0, uses_anonymous_args = 0
 209 0000 000052E3 		cmp	r2, #0
 210 0004 70402DE9 		push	{r4, r5, r6, lr}
 211 0008 0050A0E1 		mov	r5, r0
 212 000c 08D04DE2 		sub	sp, sp, #8
 213 0010 0140A0E1 		mov	r4, r1
 214 0014 2A00000A 		beq	.L33
 215 0018 0200A0E1 		mov	r0, r2
 216 001c FEFFFFEB 		bl	R_SPEA_CPUVAddrToSysPAddr
 217 0020 003000E3 		movw	r3, #:lower16:rle_regaddr
 218 0024 04008DE5 		str	r0, [sp, #4]
 219 0028 003040E3 		movt	r3, #:upper16:rle_regaddr
 220 002c 04009DE5 		ldr	r0, [sp, #4]
 221 0030 041093E5 		ldr	r1, [r3, #4]
 222 0034 002000E3 		movw	r2, #:lower16:rle_regaddr_img_synthesizer
 223 0038 08E093E5 		ldr	lr, [r3, #8]
 224 003c 002040E3 		movt	r2, #:upper16:rle_regaddr_img_synthesizer
 225 0040 08C092E5 		ldr	ip, [r2, #8]
 226 0044 000081E5 		str	r0, [r1]
 227 0048 0200A0E3 		mov	r0, #2
 228 004c 04609DE5 		ldr	r6, [sp, #4]
 229 0050 0C1093E5 		ldr	r1, [r3, #12]
 230 0054 00608EE5 		str	r6, [lr]
 231 0058 04E09DE5 		ldr	lr, [sp, #4]
 232 005c 00E08CE5 		str	lr, [ip]
 233 0060 000081E5 		str	r0, [r1]
 234              	.L22:
 235 0064 000054E3 		cmp	r4, #0
 236 0068 0600000A 		beq	.L23
 237 006c 00C094E5 		ldr	ip, [r4]
 238 0070 041094E5 		ldr	r1, [r4, #4]
 239 0074 140093E5 		ldr	r0, [r3, #20]
 240 0078 0C1281E1 		orr	r1, r1, ip, lsl #4
 241 007c 00108DE5 		str	r1, [sp]
 242 0080 00109DE5 		ldr	r1, [sp]
 243 0084 001080E5 		str	r1, [r0]
 244              	.L23:
 245 0088 001093E5 		ldr	r1, [r3]
 246 008c 010055E3 		cmp	r5, #1
 247 0090 042092E5 		ldr	r2, [r2, #4]
 248 0094 003091E5 		ldr	r3, [r1]
 249 0098 01308303 		orreq	r3, r3, #1
 250 009c 0130C313 		bicne	r3, r3, #1
 251 00a0 00308105 		streq	r3, [r1]
 252 00a4 00308115 		strne	r3, [r1]
 253 00a8 00309205 		ldreq	r3, [r2]
 254 00ac 00309215 		ldrne	r3, [r2]
 255 00b0 01308303 		orreq	r3, r3, #1
 256 00b4 0130C313 		bicne	r3, r3, #1
 257 00b8 003082E5 		str	r3, [r2]
 258 00bc 08D08DE2 		add	sp, sp, #8
 259              		@ sp needed
 260 00c0 7080BDE8 		pop	{r4, r5, r6, pc}
 261              	.L33:
 262 00c4 003000E3 		movw	r3, #:lower16:rle_regaddr
 263 00c8 002000E3 		movw	r2, #:lower16:rle_regaddr_img_synthesizer
 264 00cc 003040E3 		movt	r3, #:upper16:rle_regaddr
 265 00d0 002040E3 		movt	r2, #:upper16:rle_regaddr_img_synthesizer
 266 00d4 E2FFFFEA 		b	.L22
 268              		.section	.text.RLE_WindowUpdate,"ax",%progbits
 269              		.align	2
 270              		.global	RLE_WindowUpdate
 271              		.syntax unified
 272              		.arm
 273              		.fpu neon
 275              	RLE_WindowUpdate:
 276              		@ args = 0, pretend = 0, frame = 0
 277              		@ frame_needed = 0, uses_anonymous_args = 0
 278 0000 002000E3 		movw	r2, #:lower16:rle_regaddr
 279 0004 003000E3 		movw	r3, #:lower16:rle_regaddr_img_synthesizer
 280 0008 002040E3 		movt	r2, #:upper16:rle_regaddr
 281 000c 003040E3 		movt	r3, #:upper16:rle_regaddr_img_synthesizer
 282 0010 10C092E5 		ldr	ip, [r2, #16]
 283 0014 1100A0E3 		mov	r0, #17
 284 0018 001093E5 		ldr	r1, [r3]
 285 001c 1020A0E3 		mov	r2, #16
 286 0020 0C3093E5 		ldr	r3, [r3, #12]
 287 0024 04E02DE5 		str	lr, [sp, #-4]!
 288 0028 01E0A0E3 		mov	lr, #1
 289 002c 00E08CE5 		str	lr, [ip]
 290 0030 000081E5 		str	r0, [r1]
 291 0034 002083E5 		str	r2, [r3]
 292 0038 04F09DE4 		ldr	pc, [sp], #4
 294              		.section	.bss.g_offset_x,"aw",%nobits
 295              		.align	3
 296              		.set	.LANCHOR0,. + 0
 299              	g_offset_x:
 300 0000 00000000 		.space	8
 300      00000000 
 301              		.section	.bss.g_offset_y,"aw",%nobits
 302              		.align	3
 303              		.set	.LANCHOR1,. + 0
 306              	g_offset_y:
 307 0000 00000000 		.space	8
 307      00000000 
 308              		.ident	"GCC: (GNU Tools for ARM Embedded Processors 6-2017-q2-update) 6.3.1 20170620 (release) [AR
DEFINED SYMBOLS
                            *ABS*:00000000 r_spea_register.c
C:\Users\a5050395\AppData\Local\Temp\cc5wVGp1.s:14     .text.SPEA_set_offset:00000000 $a
C:\Users\a5050395\AppData\Local\Temp\cc5wVGp1.s:20     .text.SPEA_set_offset:00000000 SPEA_set_offset
C:\Users\a5050395\AppData\Local\Temp\cc5wVGp1.s:296    .bss.g_offset_x:00000000 .LANCHOR0
C:\Users\a5050395\AppData\Local\Temp\cc5wVGp1.s:303    .bss.g_offset_y:00000000 .LANCHOR1
C:\Users\a5050395\AppData\Local\Temp\cc5wVGp1.s:35     .text.SPEA_get_offset:00000000 $a
C:\Users\a5050395\AppData\Local\Temp\cc5wVGp1.s:41     .text.SPEA_get_offset:00000000 SPEA_get_offset
C:\Users\a5050395\AppData\Local\Temp\cc5wVGp1.s:55     .text.SPEA_SetWindow:00000000 $a
C:\Users\a5050395\AppData\Local\Temp\cc5wVGp1.s:61     .text.SPEA_SetWindow:00000000 SPEA_SetWindow
C:\Users\a5050395\AppData\Local\Temp\cc5wVGp1.s:145    .text.SPEA_WindowUpdate:00000000 $a
C:\Users\a5050395\AppData\Local\Temp\cc5wVGp1.s:151    .text.SPEA_WindowUpdate:00000000 SPEA_WindowUpdate
C:\Users\a5050395\AppData\Local\Temp\cc5wVGp1.s:168    .text.SPEA_WindowOffset:00000000 $a
C:\Users\a5050395\AppData\Local\Temp\cc5wVGp1.s:174    .text.SPEA_WindowOffset:00000000 SPEA_WindowOffset
C:\Users\a5050395\AppData\Local\Temp\cc5wVGp1.s:200    .text.RLE_SetWindow:00000000 $a
C:\Users\a5050395\AppData\Local\Temp\cc5wVGp1.s:206    .text.RLE_SetWindow:00000000 RLE_SetWindow
C:\Users\a5050395\AppData\Local\Temp\cc5wVGp1.s:269    .text.RLE_WindowUpdate:00000000 $a
C:\Users\a5050395\AppData\Local\Temp\cc5wVGp1.s:275    .text.RLE_WindowUpdate:00000000 RLE_WindowUpdate
C:\Users\a5050395\AppData\Local\Temp\cc5wVGp1.s:295    .bss.g_offset_x:00000000 $d
C:\Users\a5050395\AppData\Local\Temp\cc5wVGp1.s:299    .bss.g_offset_x:00000000 g_offset_x
C:\Users\a5050395\AppData\Local\Temp\cc5wVGp1.s:302    .bss.g_offset_y:00000000 $d
C:\Users\a5050395\AppData\Local\Temp\cc5wVGp1.s:306    .bss.g_offset_y:00000000 g_offset_y

UNDEFINED SYMBOLS
spea_regaddr_unit_ctr
R_SPEA_CPUVAddrToSysPAddr
spea_regaddr_unit_enable_ctrl
spea_regaddr_unit_update_ctrl
spea_regaddr_img_synthesizer
rle_regaddr
rle_regaddr_img_synthesizer
