   1              		.cpu cortex-a9
   2              		.eabi_attribute 28, 1
   3              		.eabi_attribute 20, 1
   4              		.eabi_attribute 21, 1
   5              		.eabi_attribute 23, 3
   6              		.eabi_attribute 24, 1
   7              		.eabi_attribute 25, 1
   8              		.eabi_attribute 26, 1
   9              		.eabi_attribute 30, 2
  10              		.eabi_attribute 34, 0
  11              		.eabi_attribute 18, 4
  12              		.file	"init.c"
  13              		.section	.text.__libc_init_array,"ax",%progbits
  14              		.align	2
  15              		.global	__libc_init_array
  16              		.syntax unified
  17              		.arm
  18              		.fpu neon
  20              	__libc_init_array:
  21              		@ args = 0, pretend = 0, frame = 0
  22              		@ frame_needed = 0, uses_anonymous_args = 0
  23 0000 F0472DE9 		push	{r4, r5, r6, r7, r8, r9, r10, lr}
  24 0004 007000E3 		movw	r7, #:lower16:__preinit_array_end
  25 0008 006000E3 		movw	r6, #:lower16:__preinit_array_start
  26 000c 007040E3 		movt	r7, #:upper16:__preinit_array_end
  27 0010 006040E3 		movt	r6, #:upper16:__preinit_array_start
  28 0014 067047E0 		sub	r7, r7, r6
  29 0018 4771B0E1 		asrs	r7, r7, #2
  30 001c 2100000A 		beq	.L8
  31 0020 080057E3 		cmp	r7, #8
  32 0024 079047E2 		sub	r9, r7, #7
  33 0028 4800009A 		bls	.L12
  34 002c 2C4086E2 		add	r4, r6, #44
  35 0030 0080A0E3 		mov	r8, #0
  36              	.L6:
  37 0034 2C3014E5 		ldr	r3, [r4, #-44]
  38 0038 085088E2 		add	r5, r8, #8
  39 003c 00F0D4F5 		pld	[r4]
  40 0040 204084E2 		add	r4, r4, #32
  41 0044 33FF2FE1 		blx	r3
  42 0048 483014E5 		ldr	r3, [r4, #-72]
  43 004c 33FF2FE1 		blx	r3
  44 0050 443014E5 		ldr	r3, [r4, #-68]
  45 0054 33FF2FE1 		blx	r3
  46 0058 403014E5 		ldr	r3, [r4, #-64]
  47 005c 33FF2FE1 		blx	r3
  48 0060 3C3014E5 		ldr	r3, [r4, #-60]
  49 0064 33FF2FE1 		blx	r3
  50 0068 383014E5 		ldr	r3, [r4, #-56]
  51 006c 33FF2FE1 		blx	r3
  52 0070 343014E5 		ldr	r3, [r4, #-52]
  53 0074 33FF2FE1 		blx	r3
  54 0078 303014E5 		ldr	r3, [r4, #-48]
  55 007c 33FF2FE1 		blx	r3
  56 0080 093088E2 		add	r3, r8, #9
  57 0084 0580A0E1 		mov	r8, r5
  58 0088 030059E1 		cmp	r9, r3
  59 008c E8FFFF8A 		bhi	.L6
  60              	.L5:
  61 0090 056186E0 		add	r6, r6, r5, lsl #2
  62              	.L7:
  63 0094 015085E2 		add	r5, r5, #1
  64 0098 043096E4 		ldr	r3, [r6], #4
  65 009c 33FF2FE1 		blx	r3
  66 00a0 050057E1 		cmp	r7, r5
  67 00a4 FAFFFF8A 		bhi	.L7
  68              	.L8:
  69 00a8 007000E3 		movw	r7, #:lower16:__init_array_end
  70 00ac 006000E3 		movw	r6, #:lower16:__init_array_start
  71 00b0 007040E3 		movt	r7, #:upper16:__init_array_end
  72 00b4 006040E3 		movt	r6, #:upper16:__init_array_start
  73 00b8 067047E0 		sub	r7, r7, r6
  74 00bc 4771B0E1 		asrs	r7, r7, #2
  75 00c0 2600000A 		beq	.L20
  76 00c4 080057E3 		cmp	r7, #8
  77 00c8 079047E2 		sub	r9, r7, #7
  78 00cc 2100009A 		bls	.L13
  79 00d0 2C4086E2 		add	r4, r6, #44
  80 00d4 0080A0E3 		mov	r8, #0
  81              	.L10:
  82 00d8 2C3014E5 		ldr	r3, [r4, #-44]
  83 00dc 085088E2 		add	r5, r8, #8
  84 00e0 00F0D4F5 		pld	[r4]
  85 00e4 204084E2 		add	r4, r4, #32
  86 00e8 33FF2FE1 		blx	r3
  87 00ec 483014E5 		ldr	r3, [r4, #-72]
  88 00f0 33FF2FE1 		blx	r3
  89 00f4 443014E5 		ldr	r3, [r4, #-68]
  90 00f8 33FF2FE1 		blx	r3
  91 00fc 403014E5 		ldr	r3, [r4, #-64]
  92 0100 33FF2FE1 		blx	r3
  93 0104 3C3014E5 		ldr	r3, [r4, #-60]
  94 0108 33FF2FE1 		blx	r3
  95 010c 383014E5 		ldr	r3, [r4, #-56]
  96 0110 33FF2FE1 		blx	r3
  97 0114 343014E5 		ldr	r3, [r4, #-52]
  98 0118 33FF2FE1 		blx	r3
  99 011c 303014E5 		ldr	r3, [r4, #-48]
 100 0120 33FF2FE1 		blx	r3
 101 0124 093088E2 		add	r3, r8, #9
 102 0128 0580A0E1 		mov	r8, r5
 103 012c 030059E1 		cmp	r9, r3
 104 0130 E8FFFF8A 		bhi	.L10
 105              	.L9:
 106 0134 056186E0 		add	r6, r6, r5, lsl #2
 107              	.L11:
 108 0138 015085E2 		add	r5, r5, #1
 109 013c 043096E4 		ldr	r3, [r6], #4
 110 0140 33FF2FE1 		blx	r3
 111 0144 050057E1 		cmp	r7, r5
 112 0148 FAFFFF8A 		bhi	.L11
 113 014c F087BDE8 		pop	{r4, r5, r6, r7, r8, r9, r10, pc}
 114              	.L12:
 115 0150 0050A0E3 		mov	r5, #0
 116 0154 CDFFFFEA 		b	.L5
 117              	.L13:
 118 0158 0050A0E3 		mov	r5, #0
 119 015c F4FFFFEA 		b	.L9
 120              	.L20:
 121 0160 F087BDE8 		pop	{r4, r5, r6, r7, r8, r9, r10, pc}
 123              		.weak	__init_array_start
 124              		.weak	__init_array_end
 125              		.weak	__preinit_array_start
 126              		.weak	__preinit_array_end
 127              		.ident	"GCC: (GNU Tools for ARM Embedded Processors 6-2017-q2-update) 6.3.1 20170620 (release) [AR
DEFINED SYMBOLS
                            *ABS*:00000000 init.c
C:\Users\a5050395\AppData\Local\Temp\cc6cfWqc.s:14     .text.__libc_init_array:00000000 $a
C:\Users\a5050395\AppData\Local\Temp\cc6cfWqc.s:20     .text.__libc_init_array:00000000 __libc_init_array

UNDEFINED SYMBOLS
__preinit_array_end
__preinit_array_start
__init_array_end
__init_array_start
