   1              		.cpu cortex-a9
   2              		.eabi_attribute 28, 1
   3              		.eabi_attribute 20, 1
   4              		.eabi_attribute 21, 1
   5              		.eabi_attribute 23, 3
   6              		.eabi_attribute 24, 1
   7              		.eabi_attribute 25, 1
   8              		.eabi_attribute 26, 1
   9              		.eabi_attribute 30, 2
  10              		.eabi_attribute 34, 0
  11              		.eabi_attribute 18, 4
  12              		.file	"greedy_memory_planner.cc"
  13              		.section	.text._ZN6tflite19GreedyMemoryPlannerD2Ev,"ax",%progbits
  14              		.align	2
  15              		.global	_ZN6tflite19GreedyMemoryPlannerD2Ev
  16              		.syntax unified
  17              		.arm
  18              		.fpu neon
  20              	_ZN6tflite19GreedyMemoryPlannerD2Ev:
  21              		.fnstart
  22              	.LFB22:
  23              		@ args = 0, pretend = 0, frame = 0
  24              		@ frame_needed = 0, uses_anonymous_args = 0
  25              		@ link register save eliminated.
  26 0000 1EFF2FE1 		bx	lr
  27              		.cantunwind
  28              		.fnend
  30              		.global	_ZN6tflite19GreedyMemoryPlannerD1Ev
  31              		.set	_ZN6tflite19GreedyMemoryPlannerD1Ev,_ZN6tflite19GreedyMemoryPlannerD2Ev
  32              		.section	.text._ZN6tflite19GreedyMemoryPlanner9AddBufferEPNS_13ErrorReporterEiii,"ax",%progbits
  33              		.align	2
  34              		.global	_ZN6tflite19GreedyMemoryPlanner9AddBufferEPNS_13ErrorReporterEiii
  35              		.syntax unified
  36              		.arm
  37              		.fpu neon
  39              	_ZN6tflite19GreedyMemoryPlanner9AddBufferEPNS_13ErrorReporterEiii:
  40              		.fnstart
  41              	.LFB25:
  42              		@ args = 4, pretend = 0, frame = 0
  43              		@ frame_needed = 0, uses_anonymous_args = 0
  44 0000 70402DE9 		push	{r4, r5, r6, lr}
  45 0004 0010A0E1 		mov	r1, r0
  46 0008 014090E9 		ldmib	r0, {r0, lr}
  47 000c 00005EE1 		cmp	lr, r0
  48 0010 0D0000AA 		bge	.L4
  49 0014 0CC091E5 		ldr	ip, [r1, #12]
  50 0018 01508EE2 		add	r5, lr, #1
  51 001c 0060E0E3 		mvn	r6, #0
  52 0020 0140A0E3 		mov	r4, #1
  53 0024 0000A0E3 		mov	r0, #0
  54 0028 0E228CE7 		str	r2, [ip, lr, lsl #4]
  55 002c 0E228CE0 		add	r2, ip, lr, lsl #4
  56 0030 083082E5 		str	r3, [r2, #8]
  57 0034 10309DE5 		ldr	r3, [sp, #16]
  58 0038 046082E5 		str	r6, [r2, #4]
  59 003c 0C3082E5 		str	r3, [r2, #12]
  60 0040 085081E5 		str	r5, [r1, #8]
  61 0044 2840C1E5 		strb	r4, [r1, #40]
  62 0048 7080BDE8 		pop	{r4, r5, r6, pc}
  63              	.L4:
  64 004c 0100A0E3 		mov	r0, #1
  65 0050 7080BDE8 		pop	{r4, r5, r6, pc}
  66              		.cantunwind
  67              		.fnend
  69              		.section	.text._ZN6tflite19GreedyMemoryPlanner14GetBufferCountEv,"ax",%progbits
  70              		.align	2
  71              		.global	_ZN6tflite19GreedyMemoryPlanner14GetBufferCountEv
  72              		.syntax unified
  73              		.arm
  74              		.fpu neon
  76              	_ZN6tflite19GreedyMemoryPlanner14GetBufferCountEv:
  77              		.fnstart
  78              	.LFB32:
  79              		@ args = 0, pretend = 0, frame = 0
  80              		@ frame_needed = 0, uses_anonymous_args = 0
  81              		@ link register save eliminated.
  82 0000 080090E5 		ldr	r0, [r0, #8]
  83 0004 1EFF2FE1 		bx	lr
  84              		.cantunwind
  85              		.fnend
  87              		.section	.text._ZN6tflite19GreedyMemoryPlannerD0Ev,"ax",%progbits
  88              		.align	2
  89              		.global	_ZN6tflite19GreedyMemoryPlannerD0Ev
  90              		.syntax unified
  91              		.arm
  92              		.fpu neon
  94              	_ZN6tflite19GreedyMemoryPlannerD0Ev:
  95              		.fnstart
  96              	.LFB24:
  97              		@ args = 0, pretend = 0, frame = 0
  98              		@ frame_needed = 0, uses_anonymous_args = 0
  99 0000 10402DE9 		push	{r4, lr}
 100 0004 2C10A0E3 		mov	r1, #44
 101 0008 0040A0E1 		mov	r4, r0
 102 000c FEFFFFEB 		bl	_ZdlPvj
 103 0010 0400A0E1 		mov	r0, r4
 104 0014 1080BDE8 		pop	{r4, pc}
 105              		.cantunwind
 106              		.fnend
 108              		.section	.text._ZN6tflite19GreedyMemoryPlanner24CalculateOffsetsIfNeededEv.part.0,"ax",%progbits
 109              		.align	2
 110              		.syntax unified
 111              		.arm
 112              		.fpu neon
 114              	_ZN6tflite19GreedyMemoryPlanner24CalculateOffsetsIfNeededEv.part.0:
 115              		.fnstart
 116              	.LFB35:
 117              		@ args = 0, pretend = 0, frame = 8
 118              		@ frame_needed = 0, uses_anonymous_args = 0
 119 0000 F04F2DE9 		push	{r4, r5, r6, r7, r8, r9, r10, fp, lr}
 120 0004 0CD04DE2 		sub	sp, sp, #12
 121 0008 086090E5 		ldr	r6, [r0, #8]
 122 000c 000056E3 		cmp	r6, #0
 123 0010 7300000A 		beq	.L10
 124 0014 0010A0E3 		mov	r1, #0
 125 0018 2810C0E5 		strb	r1, [r0, #40]
 126 001c B50000DA 		ble	.L60
 127 0020 243090E5 		ldr	r3, [r0, #36]
 128 0024 0CE090E5 		ldr	lr, [r0, #12]
 129 0028 107090E5 		ldr	r7, [r0, #16]
 130 002c 149090E5 		ldr	r9, [r0, #20]
 131 0030 0340A0E1 		mov	r4, r3
 132 0034 04308DE5 		str	r3, [sp, #4]
 133 0038 0E20A0E1 		mov	r2, lr
 134 003c 0130A0E1 		mov	r3, r1
 135              	.L14:
 136 0040 04C092E5 		ldr	ip, [r2, #4]
 137 0044 01007CE3 		cmn	ip, #1
 138 0048 6700000A 		beq	.L61
 139 004c 03C29EE7 		ldr	ip, [lr, r3, lsl #4]
 140 0050 102082E2 		add	r2, r2, #16
 141 0054 01C187E7 		str	ip, [r7, r1, lsl #2]
 142 0058 013189E7 		str	r3, [r9, r1, lsl #2]
 143 005c 013083E2 		add	r3, r3, #1
 144 0060 0CC012E5 		ldr	ip, [r2, #-12]
 145 0064 011081E2 		add	r1, r1, #1
 146 0068 04C084E4 		str	ip, [r4], #4
 147 006c 085090E5 		ldr	r5, [r0, #8]
 148 0070 030055E1 		cmp	r5, r3
 149 0074 F1FFFFCA 		bgt	.L14
 150              	.L16:
 151 0078 0181A0E1 		lsl	r8, r1, #2
 152              	.L13:
 153 007c 015045E0 		sub	r5, r5, r1
 154 0080 087087E0 		add	r7, r7, r8
 155 0084 074145E2 		sub	r4, r5, #-1073741823
 156 0088 044187E0 		add	r4, r7, r4, lsl #2
 157 008c 088089E0 		add	r8, r9, r8
 158              	.L23:
 159 0090 010055E3 		cmp	r5, #1
 160 0094 110000DA 		ble	.L24
 161 0098 0730A0E1 		mov	r3, r7
 162 009c 0820A0E1 		mov	r2, r8
 163 00a0 0060A0E3 		mov	r6, #0
 164              	.L22:
 165 00a4 021093E8 		ldm	r3, {r1, ip}
 166 00a8 0C0051E1 		cmp	r1, ip
 167 00ac 050000AA 		bge	.L21
 168 00b0 00C083E5 		str	ip, [r3]
 169 00b4 0160A0E3 		mov	r6, #1
 170 00b8 041083E5 		str	r1, [r3, #4]
 171 00bc 00C092E5 		ldr	ip, [r2]
 172 00c0 041092E5 		ldr	r1, [r2, #4]
 173 00c4 021082E8 		stm	r2, {r1, ip}
 174              	.L21:
 175 00c8 043083E2 		add	r3, r3, #4
 176 00cc 042082E2 		add	r2, r2, #4
 177 00d0 030054E1 		cmp	r4, r3
 178 00d4 F2FFFF1A 		bne	.L22
 179 00d8 000056E3 		cmp	r6, #0
 180 00dc EBFFFF1A 		bne	.L23
 181              	.L24:
 182 00e0 18C090E5 		ldr	ip, [r0, #24]
 183 00e4 0110A0E3 		mov	r1, #1
 184 00e8 0030E0E3 		mvn	r3, #0
 185 00ec 0020A0E3 		mov	r2, #0
 186 00f0 1C1080E5 		str	r1, [r0, #28]
 187 00f4 202080E5 		str	r2, [r0, #32]
 188 00f8 08308CE5 		str	r3, [ip, #8]
 189 00fc 003099E5 		ldr	r3, [r9]
 190 0100 04308CE5 		str	r3, [ip, #4]
 191 0104 03128EE0 		add	r1, lr, r3, lsl #4
 192 0108 041091E5 		ldr	r1, [r1, #4]
 193 010c 010071E3 		cmn	r1, #1
 194 0110 7400000A 		beq	.L62
 195 0114 04209DE5 		ldr	r2, [sp, #4]
 196 0118 031192E7 		ldr	r1, [r2, r3, lsl #2]
 197              	.L25:
 198 011c 083090E5 		ldr	r3, [r0, #8]
 199 0120 00108CE5 		str	r1, [ip]
 200 0124 010053E3 		cmp	r3, #1
 201 0128 2D0000DA 		ble	.L10
 202 012c 00C08DE5 		str	ip, [sp]
 203 0130 01B0A0E3 		mov	fp, #1
 204 0134 070000EA 		b	.L41
 205              	.L64:
 206 0138 203090E5 		ldr	r3, [r0, #32]
 207 013c 00408DE5 		str	r4, [sp]
 208 0140 083084E5 		str	r3, [r4, #8]
 209 0144 206080E5 		str	r6, [r0, #32]
 210              	.L38:
 211 0148 083090E5 		ldr	r3, [r0, #8]
 212 014c 01B08BE2 		add	fp, fp, #1
 213 0150 0B0053E1 		cmp	r3, fp
 214 0154 220000DA 		ble	.L10
 215              	.L41:
 216 0158 0470B9E5 		ldr	r7, [r9, #4]!
 217 015c 07328EE0 		add	r3, lr, r7, lsl #4
 218 0160 045093E5 		ldr	r5, [r3, #4]
 219 0164 010075E3 		cmn	r5, #1
 220 0168 2A00000A 		beq	.L63
 221              	.L27:
 222 016c 04309DE5 		ldr	r3, [sp, #4]
 223 0170 075183E7 		str	r5, [r3, r7, lsl #2]
 224 0174 1C6090E5 		ldr	r6, [r0, #28]
 225 0178 00309DE5 		ldr	r3, [sp]
 226 017c 012086E2 		add	r2, r6, #1
 227 0180 864086E0 		add	r4, r6, r6, lsl #1
 228 0184 04518CE7 		str	r5, [ip, r4, lsl #2]
 229 0188 04418CE0 		add	r4, ip, r4, lsl #2
 230 018c 003093E5 		ldr	r3, [r3]
 231 0190 047084E5 		str	r7, [r4, #4]
 232 0194 1C2080E5 		str	r2, [r0, #28]
 233 0198 030055E1 		cmp	r5, r3
 234 019c E5FFFFBA 		blt	.L64
 235 01a0 00109DE5 		ldr	r1, [sp]
 236 01a4 040000EA 		b	.L40
 237              	.L39:
 238 01a8 03719CE7 		ldr	r7, [ip, r3, lsl #2]
 239 01ac 03318CE0 		add	r3, ip, r3, lsl #2
 240 01b0 070055E1 		cmp	r5, r7
 241 01b4 480000BA 		blt	.L65
 242 01b8 0310A0E1 		mov	r1, r3
 243              	.L40:
 244 01bc 082091E5 		ldr	r2, [r1, #8]
 245 01c0 010072E3 		cmn	r2, #1
 246 01c4 823082E0 		add	r3, r2, r2, lsl #1
 247 01c8 F6FFFF1A 		bne	.L39
 248 01cc 083090E5 		ldr	r3, [r0, #8]
 249 01d0 01B08BE2 		add	fp, fp, #1
 250 01d4 086081E5 		str	r6, [r1, #8]
 251 01d8 082084E5 		str	r2, [r4, #8]
 252 01dc 0B0053E1 		cmp	r3, fp
 253 01e0 DCFFFFCA 		bgt	.L41
 254              	.L10:
 255 01e4 0CD08DE2 		add	sp, sp, #12
 256              		@ sp needed
 257 01e8 F08FBDE8 		pop	{r4, r5, r6, r7, r8, r9, r10, fp, pc}
 258              	.L61:
 259 01ec 03529EE7 		ldr	r5, [lr, r3, lsl #4]
 260 01f0 016046E2 		sub	r6, r6, #1
 261 01f4 102082E2 		add	r2, r2, #16
 262 01f8 065187E7 		str	r5, [r7, r6, lsl #2]
 263 01fc 063189E7 		str	r3, [r9, r6, lsl #2]
 264 0200 013083E2 		add	r3, r3, #1
 265 0204 04C084E4 		str	ip, [r4], #4
 266 0208 085090E5 		ldr	r5, [r0, #8]
 267 020c 030055E1 		cmp	r5, r3
 268 0210 8AFFFFCA 		bgt	.L14
 269 0214 97FFFFEA 		b	.L16
 270              	.L63:
 271 0218 0060A0E3 		mov	r6, #0
 272 021c 07A29EE7 		ldr	r10, [lr, r7, lsl #4]
 273 0220 000056E3 		cmp	r6, #0
 274 0224 088093E5 		ldr	r8, [r3, #8]
 275 0228 0650A0E1 		mov	r5, r6
 276 022c 0C4093E5 		ldr	r4, [r3, #12]
 277 0230 2100000A 		beq	.L66
 278              	.L28:
 279 0234 083096E5 		ldr	r3, [r6, #8]
 280 0238 010073E3 		cmn	r3, #1
 281 023c 2400000A 		beq	.L44
 282 0240 833083E0 		add	r3, r3, r3, lsl #1
 283 0244 030000EA 		b	.L57
 284              	.L31:
 285 0248 083093E5 		ldr	r3, [r3, #8]
 286 024c 010073E3 		cmn	r3, #1
 287 0250 833083E0 		add	r3, r3, r3, lsl #1
 288 0254 1C00000A 		beq	.L67
 289              	.L57:
 290 0258 03318CE0 		add	r3, ip, r3, lsl #2
 291              	.L34:
 292 025c 042093E5 		ldr	r2, [r3, #4]
 293 0260 02228EE0 		add	r2, lr, r2, lsl #4
 294 0264 081092E5 		ldr	r1, [r2, #8]
 295 0268 010054E1 		cmp	r4, r1
 296 026c F5FFFFBA 		blt	.L31
 297 0270 0C2092E5 		ldr	r2, [r2, #12]
 298 0274 020058E1 		cmp	r8, r2
 299 0278 F2FFFFCA 		bgt	.L31
 300 027c 000056E3 		cmp	r6, #0
 301 0280 0600000A 		beq	.L35
 302              	.L30:
 303 0284 060096E8 		ldm	r6, {r1, r2}
 304 0288 02229EE7 		ldr	r2, [lr, r2, lsl #4]
 305 028c 012082E0 		add	r2, r2, r1
 306 0290 020055E1 		cmp	r5, r2
 307 0294 0250A0B1 		movlt	r5, r2
 308 0298 000053E3 		cmp	r3, #0
 309 029c B2FFFF0A 		beq	.L27
 310              	.L35:
 311 02a0 002093E5 		ldr	r2, [r3]
 312 02a4 0360A0E1 		mov	r6, r3
 313 02a8 053042E0 		sub	r3, r2, r5
 314 02ac 03005AE1 		cmp	r10, r3
 315 02b0 ADFFFFDA 		ble	.L27
 316 02b4 000056E3 		cmp	r6, #0
 317 02b8 DDFFFF1A 		bne	.L28
 318              	.L66:
 319 02bc 203090E5 		ldr	r3, [r0, #32]
 320 02c0 833083E0 		add	r3, r3, r3, lsl #1
 321 02c4 03318CE0 		add	r3, ip, r3, lsl #2
 322 02c8 E3FFFFEA 		b	.L34
 323              	.L67:
 324 02cc 000056E3 		cmp	r6, #0
 325 02d0 A5FFFF0A 		beq	.L27
 326              	.L44:
 327 02d4 0030A0E3 		mov	r3, #0
 328 02d8 E9FFFFEA 		b	.L30
 329              	.L65:
 330 02dc 082084E5 		str	r2, [r4, #8]
 331 02e0 086081E5 		str	r6, [r1, #8]
 332 02e4 97FFFFEA 		b	.L38
 333              	.L62:
 334 02e8 04409DE5 		ldr	r4, [sp, #4]
 335 02ec 0210A0E1 		mov	r1, r2
 336 02f0 032184E7 		str	r2, [r4, r3, lsl #2]
 337 02f4 88FFFFEA 		b	.L25
 338              	.L60:
 339 02f8 243090E5 		ldr	r3, [r0, #36]
 340 02fc 0180A0E1 		mov	r8, r1
 341 0300 0650A0E1 		mov	r5, r6
 342 0304 107090E5 		ldr	r7, [r0, #16]
 343 0308 149090E5 		ldr	r9, [r0, #20]
 344 030c 0CE090E5 		ldr	lr, [r0, #12]
 345 0310 04308DE5 		str	r3, [sp, #4]
 346 0314 58FFFFEA 		b	.L13
 347              		.cantunwind
 348              		.fnend
 350              		.section	.text._ZN6tflite19GreedyMemoryPlanner20GetMaximumMemorySizeEv,"ax",%progbits
 351              		.align	2
 352              		.global	_ZN6tflite19GreedyMemoryPlanner20GetMaximumMemorySizeEv
 353              		.syntax unified
 354              		.arm
 355              		.fpu neon
 357              	_ZN6tflite19GreedyMemoryPlanner20GetMaximumMemorySizeEv:
 358              		.fnstart
 359              	.LFB30:
 360              		@ args = 0, pretend = 0, frame = 0
 361              		@ frame_needed = 0, uses_anonymous_args = 0
 362 0000 2830D0E5 		ldrb	r3, [r0, #40]	@ zero_extendqisi2
 363 0004 10402DE9 		push	{r4, lr}
 364 0008 0040A0E1 		mov	r4, r0
 365 000c 000053E3 		cmp	r3, #0
 366 0010 1E00001A 		bne	.L86
 367              	.L69:
 368 0014 080094E5 		ldr	r0, [r4, #8]
 369 0018 000050E3 		cmp	r0, #0
 370 001c 1080BD08 		popeq	{r4, pc}
 371 0020 202094E5 		ldr	r2, [r4, #32]
 372 0024 181094E5 		ldr	r1, [r4, #24]
 373 0028 822082E0 		add	r2, r2, r2, lsl #1
 374 002c 0221A0E1 		lsl	r2, r2, #2
 375 0030 020091E0 		adds	r0, r1, r2
 376 0034 1080BD08 		popeq	{r4, pc}
 377 0038 0C4094E5 		ldr	r4, [r4, #12]
 378 003c 04C090E5 		ldr	ip, [r0, #4]
 379 0040 083090E5 		ldr	r3, [r0, #8]
 380 0044 022091E7 		ldr	r2, [r1, r2]
 381 0048 0C0294E7 		ldr	r0, [r4, ip, lsl #4]
 382 004c 010073E3 		cmn	r3, #1
 383 0050 020080E0 		add	r0, r0, r2
 384 0054 0900001A 		bne	.L72
 385 0058 0E0000EA 		b	.L87
 386              	.L73:
 387 005c 04209CE5 		ldr	r2, [ip, #4]
 388 0060 03E191E7 		ldr	lr, [r1, r3, lsl #2]
 389 0064 08309CE5 		ldr	r3, [ip, #8]
 390 0068 022294E7 		ldr	r2, [r4, r2, lsl #4]
 391 006c 0E2082E0 		add	r2, r2, lr
 392 0070 020050E1 		cmp	r0, r2
 393 0074 0200A031 		movcc	r0, r2
 394 0078 010073E3 		cmn	r3, #1
 395 007c 1080BD08 		popeq	{r4, pc}
 396              	.L72:
 397 0080 833083E0 		add	r3, r3, r3, lsl #1
 398 0084 03C191E0 		adds	ip, r1, r3, lsl #2
 399 0088 F3FFFF1A 		bne	.L73
 400 008c 1080BDE8 		pop	{r4, pc}
 401              	.L86:
 402 0090 FEFFFFEB 		bl	_ZN6tflite19GreedyMemoryPlanner24CalculateOffsetsIfNeededEv.part.0
 403 0094 DEFFFFEA 		b	.L69
 404              	.L87:
 405 0098 1080BDE8 		pop	{r4, pc}
 406              		.cantunwind
 407              		.fnend
 409              		.section	.text._ZN6tflite19GreedyMemoryPlanner18GetOffsetForBufferEPNS_13ErrorReporterEiPi,"ax",%p
 410              		.align	2
 411              		.global	_ZN6tflite19GreedyMemoryPlanner18GetOffsetForBufferEPNS_13ErrorReporterEiPi
 412              		.syntax unified
 413              		.arm
 414              		.fpu neon
 416              	_ZN6tflite19GreedyMemoryPlanner18GetOffsetForBufferEPNS_13ErrorReporterEiPi:
 417              		.fnstart
 418              	.LFB33:
 419              		@ args = 0, pretend = 0, frame = 0
 420              		@ frame_needed = 0, uses_anonymous_args = 0
 421 0000 70402DE9 		push	{r4, r5, r6, lr}
 422 0004 0240A0E1 		mov	r4, r2
 423 0008 2820D0E5 		ldrb	r2, [r0, #40]	@ zero_extendqisi2
 424 000c 0050A0E1 		mov	r5, r0
 425 0010 0360A0E1 		mov	r6, r3
 426 0014 000052E3 		cmp	r2, #0
 427 0018 0B00001A 		bne	.L97
 428              	.L89:
 429 001c 000054E3 		cmp	r4, #0
 430 0020 070000BA 		blt	.L92
 431 0024 082095E5 		ldr	r2, [r5, #8]
 432 0028 020054E1 		cmp	r4, r2
 433 002c 040000AA 		bge	.L92
 434 0030 243095E5 		ldr	r3, [r5, #36]
 435 0034 0000A0E3 		mov	r0, #0
 436 0038 043193E7 		ldr	r3, [r3, r4, lsl #2]
 437 003c 003086E5 		str	r3, [r6]
 438 0040 7080BDE8 		pop	{r4, r5, r6, pc}
 439              	.L92:
 440 0044 0100A0E3 		mov	r0, #1
 441 0048 7080BDE8 		pop	{r4, r5, r6, pc}
 442              	.L97:
 443 004c FEFFFFEB 		bl	_ZN6tflite19GreedyMemoryPlanner24CalculateOffsetsIfNeededEv.part.0
 444 0050 F1FFFFEA 		b	.L89
 445              		.cantunwind
 446              		.fnend
 448              		.section	.text._ZN6tflite18ReverseSortInPlaceEPiS0_i,"ax",%progbits
 449              		.align	2
 450              		.global	_ZN6tflite18ReverseSortInPlaceEPiS0_i
 451              		.syntax unified
 452              		.arm
 453              		.fpu neon
 455              	_ZN6tflite18ReverseSortInPlaceEPiS0_i:
 456              		.fnstart
 457              	.LFB17:
 458              		@ args = 0, pretend = 0, frame = 0
 459              		@ frame_needed = 0, uses_anonymous_args = 0
 460 0000 70402DE9 		push	{r4, r5, r6, lr}
 461 0004 075142E2 		sub	r5, r2, #-1073741823
 462 0008 055180E0 		add	r5, r0, r5, lsl #2
 463              	.L102:
 464 000c 010052E3 		cmp	r2, #1
 465 0010 7080BDD8 		pople	{r4, r5, r6, pc}
 466 0014 0030A0E1 		mov	r3, r0
 467 0018 01C0A0E1 		mov	ip, r1
 468 001c 0060A0E3 		mov	r6, #0
 469              	.L101:
 470 0020 00E093E5 		ldr	lr, [r3]
 471 0024 044093E5 		ldr	r4, [r3, #4]
 472 0028 04005EE1 		cmp	lr, r4
 473 002c 050000AA 		bge	.L100
 474 0030 004083E5 		str	r4, [r3]
 475 0034 0160A0E3 		mov	r6, #1
 476 0038 04E083E5 		str	lr, [r3, #4]
 477 003c 10409CE8 		ldm	ip, {r4, lr}
 478 0040 04408CE5 		str	r4, [ip, #4]
 479 0044 00E08CE5 		str	lr, [ip]
 480              	.L100:
 481 0048 043083E2 		add	r3, r3, #4
 482 004c 04C08CE2 		add	ip, ip, #4
 483 0050 050053E1 		cmp	r3, r5
 484 0054 F1FFFF1A 		bne	.L101
 485 0058 000056E3 		cmp	r6, #0
 486 005c EAFFFF1A 		bne	.L102
 487 0060 7080BDE8 		pop	{r4, r5, r6, pc}
 488              		.cantunwind
 489              		.fnend
 491              		.section	.text._ZN6tflite19GreedyMemoryPlannerC2EPhi,"ax",%progbits
 492              		.align	2
 493              		.global	_ZN6tflite19GreedyMemoryPlannerC2EPhi
 494              		.syntax unified
 495              		.arm
 496              		.fpu neon
 498              	_ZN6tflite19GreedyMemoryPlannerC2EPhi:
 499              		.fnstart
 500              	.LFB19:
 501              		@ args = 0, pretend = 0, frame = 0
 502              		@ frame_needed = 0, uses_anonymous_args = 0
 503 0000 30402DE9 		push	{r4, r5, lr}
 504 0004 CD4C0CE3 		movw	r4, #52429
 505 0008 CC4C4CE3 		movt	r4, 52428
 506 000c 00C0A0E3 		mov	ip, #0
 507 0010 924485E0 		umull	r4, r5, r2, r4
 508 0014 0120A0E3 		mov	r2, #1
 509 0018 08C080E5 		str	ip, [r0, #8]
 510 001c 3CE09FE5 		ldr	lr, .L109
 511 0020 0C1080E5 		str	r1, [r0, #12]
 512 0024 2820C0E5 		strb	r2, [r0, #40]
 513 0028 A5C2A0E1 		lsr	ip, r5, #5
 514 002c 00E080E5 		str	lr, [r0]
 515 0030 0C1281E0 		add	r1, r1, ip, lsl #4
 516 0034 0C21A0E1 		lsl	r2, ip, #2
 517 0038 8CE08CE0 		add	lr, ip, ip, lsl #1
 518 003c 04C080E5 		str	ip, [r0, #4]
 519 0040 02C081E0 		add	ip, r1, r2
 520 0044 101080E5 		str	r1, [r0, #16]
 521 0048 02208CE0 		add	r2, ip, r2
 522 004c 14C080E5 		str	ip, [r0, #20]
 523 0050 0E1182E0 		add	r1, r2, lr, lsl #2
 524 0054 182080E5 		str	r2, [r0, #24]
 525 0058 241080E5 		str	r1, [r0, #36]
 526 005c 3080BDE8 		pop	{r4, r5, pc}
 527              	.L110:
 528              		.align	2
 529              	.L109:
 530 0060 08000000 		.word	.LANCHOR0+8
 531              		.cantunwind
 532              		.fnend
 534              		.global	_ZN6tflite19GreedyMemoryPlannerC1EPhi
 535              		.set	_ZN6tflite19GreedyMemoryPlannerC1EPhi,_ZN6tflite19GreedyMemoryPlannerC2EPhi
 536              		.section	.text._ZN6tflite19GreedyMemoryPlanner9AddBufferEPNS_13ErrorReporterEiiii,"ax",%progbits
 537              		.align	2
 538              		.global	_ZN6tflite19GreedyMemoryPlanner9AddBufferEPNS_13ErrorReporterEiiii
 539              		.syntax unified
 540              		.arm
 541              		.fpu neon
 543              	_ZN6tflite19GreedyMemoryPlanner9AddBufferEPNS_13ErrorReporterEiiii:
 544              		.fnstart
 545              	.LFB26:
 546              		@ args = 8, pretend = 0, frame = 0
 547              		@ frame_needed = 0, uses_anonymous_args = 0
 548 0000 F0432DE9 		push	{r4, r5, r6, r7, r8, r9, lr}
 549              		.save {r4, r5, r6, r7, r8, r9, lr}
 550 0004 00E000E3 		movw	lr, #:lower16:_ZN6tflite19GreedyMemoryPlanner9AddBufferEPNS_13ErrorReporterEiii
 551 0008 005090E5 		ldr	r5, [r0]
 552 000c 00E040E3 		movt	lr, #:upper16:_ZN6tflite19GreedyMemoryPlanner9AddBufferEPNS_13ErrorReporterEiii
 553              		.pad #12
 554 0010 0CD04DE2 		sub	sp, sp, #12
 555 0014 084090E5 		ldr	r4, [r0, #8]
 556 0018 087095E5 		ldr	r7, [r5, #8]
 557 001c 0C6090E5 		ldr	r6, [r0, #12]
 558 0020 0E0057E1 		cmp	r7, lr
 559 0024 045286E0 		add	r5, r6, r4, lsl #4
 560 0028 1100001A 		bne	.L112
 561 002c 0380A0E1 		mov	r8, r3
 562 0030 043090E5 		ldr	r3, [r0, #4]
 563 0034 030054E1 		cmp	r4, r3
 564 0038 120000AA 		bge	.L116
 565 003c 28109DE5 		ldr	r1, [sp, #40]
 566 0040 0290A0E1 		mov	r9, r2
 567 0044 0130A0E3 		mov	r3, #1
 568 0048 012084E2 		add	r2, r4, #1
 569 004c 049286E7 		str	r9, [r6, r4, lsl #4]
 570 0050 088085E5 		str	r8, [r5, #8]
 571 0054 0C1085E5 		str	r1, [r5, #12]
 572 0058 082080E5 		str	r2, [r0, #8]
 573 005c 2830C0E5 		strb	r3, [r0, #40]
 574              	.L115:
 575 0060 2C309DE5 		ldr	r3, [sp, #44]
 576 0064 0000A0E3 		mov	r0, #0
 577 0068 043085E5 		str	r3, [r5, #4]
 578 006c 0CD08DE2 		add	sp, sp, #12
 579              		@ sp needed
 580 0070 F083BDE8 		pop	{r4, r5, r6, r7, r8, r9, pc}
 581              	.L112:
 582 0074 28C09DE5 		ldr	ip, [sp, #40]
 583 0078 00C08DE5 		str	ip, [sp]
 584 007c 37FF2FE1 		blx	r7
 585 0080 000050E3 		cmp	r0, #0
 586 0084 F5FFFF0A 		beq	.L115
 587              	.L116:
 588 0088 0100A0E3 		mov	r0, #1
 589 008c 0CD08DE2 		add	sp, sp, #12
 590              		@ sp needed
 591 0090 F083BDE8 		pop	{r4, r5, r6, r7, r8, r9, pc}
 592              		.fnend
 594              		.section	.text._ZNK6tflite19GreedyMemoryPlanner22DoesEntryOverlapInTimeEPKNS0_9ListEntryEii,"ax",%
 595              		.align	2
 596              		.global	_ZNK6tflite19GreedyMemoryPlanner22DoesEntryOverlapInTimeEPKNS0_9ListEntryEii
 597              		.syntax unified
 598              		.arm
 599              		.fpu neon
 601              	_ZNK6tflite19GreedyMemoryPlanner22DoesEntryOverlapInTimeEPKNS0_9ListEntryEii:
 602              		.fnstart
 603              	.LFB27:
 604              		@ args = 0, pretend = 0, frame = 0
 605              		@ frame_needed = 0, uses_anonymous_args = 0
 606              		@ link register save eliminated.
 607 0000 04C091E5 		ldr	ip, [r1, #4]
 608 0004 0C1090E5 		ldr	r1, [r0, #12]
 609 0008 0C1281E0 		add	r1, r1, ip, lsl #4
 610 000c 080091E5 		ldr	r0, [r1, #8]
 611 0010 030050E1 		cmp	r0, r3
 612 0014 040000CA 		bgt	.L120
 613 0018 0C0091E5 		ldr	r0, [r1, #12]
 614 001c 020050E1 		cmp	r0, r2
 615 0020 0000A0B3 		movlt	r0, #0
 616 0024 0100A0A3 		movge	r0, #1
 617 0028 1EFF2FE1 		bx	lr
 618              	.L120:
 619 002c 0000A0E3 		mov	r0, #0
 620 0030 1EFF2FE1 		bx	lr
 621              		.cantunwind
 622              		.fnend
 624              		.section	.text._ZN6tflite19GreedyMemoryPlanner30NextSimultaneouslyActiveBufferEPKNS0_9ListEntryEii
 625              		.align	2
 626              		.global	_ZN6tflite19GreedyMemoryPlanner30NextSimultaneouslyActiveBufferEPKNS0_9ListEntryEii
 627              		.syntax unified
 628              		.arm
 629              		.fpu neon
 631              	_ZN6tflite19GreedyMemoryPlanner30NextSimultaneouslyActiveBufferEPKNS0_9ListEntryEii:
 632              		.fnstart
 633              	.LFB28:
 634              		@ args = 0, pretend = 0, frame = 0
 635              		@ frame_needed = 0, uses_anonymous_args = 0
 636 0000 000051E3 		cmp	r1, #0
 637 0004 10402DE9 		push	{r4, lr}
 638 0008 00C0A0E1 		mov	ip, r0
 639 000c 1A00000A 		beq	.L130
 640 0010 081091E5 		ldr	r1, [r1, #8]
 641 0014 010071E3 		cmn	r1, #1
 642 0018 1500000A 		beq	.L128
 643 001c 184090E5 		ldr	r4, [r0, #24]
 644 0020 811081E0 		add	r1, r1, r1, lsl #1
 645 0024 010184E0 		add	r0, r4, r1, lsl #2
 646              	.L123:
 647 0028 0CE09CE5 		ldr	lr, [ip, #12]
 648 002c 040000EA 		b	.L126
 649              	.L125:
 650 0030 080090E5 		ldr	r0, [r0, #8]
 651 0034 010070E3 		cmn	r0, #1
 652 0038 800080E0 		add	r0, r0, r0, lsl #1
 653 003c 0C00000A 		beq	.L128
 654              	.L131:
 655 0040 000184E0 		add	r0, r4, r0, lsl #2
 656              	.L126:
 657 0044 041090E5 		ldr	r1, [r0, #4]
 658 0048 01128EE0 		add	r1, lr, r1, lsl #4
 659 004c 08C091E5 		ldr	ip, [r1, #8]
 660 0050 0C0053E1 		cmp	r3, ip
 661 0054 F5FFFFBA 		blt	.L125
 662 0058 0C1091E5 		ldr	r1, [r1, #12]
 663 005c 010052E1 		cmp	r2, r1
 664 0060 1080BDD8 		pople	{r4, pc}
 665 0064 080090E5 		ldr	r0, [r0, #8]
 666 0068 010070E3 		cmn	r0, #1
 667 006c 800080E0 		add	r0, r0, r0, lsl #1
 668 0070 F2FFFF1A 		bne	.L131
 669              	.L128:
 670 0074 0000A0E3 		mov	r0, #0
 671 0078 1080BDE8 		pop	{r4, pc}
 672              	.L130:
 673 007c 201090E5 		ldr	r1, [r0, #32]
 674 0080 184090E5 		ldr	r4, [r0, #24]
 675 0084 811081E0 		add	r1, r1, r1, lsl #1
 676 0088 010184E0 		add	r0, r4, r1, lsl #2
 677 008c E5FFFFEA 		b	.L123
 678              		.cantunwind
 679              		.fnend
 681              		.section	.text._ZN6tflite19GreedyMemoryPlanner24CalculateOffsetsIfNeededEv,"ax",%progbits
 682              		.align	2
 683              		.global	_ZN6tflite19GreedyMemoryPlanner24CalculateOffsetsIfNeededEv
 684              		.syntax unified
 685              		.arm
 686              		.fpu neon
 688              	_ZN6tflite19GreedyMemoryPlanner24CalculateOffsetsIfNeededEv:
 689              		.fnstart
 690              	.LFB29:
 691              		@ args = 0, pretend = 0, frame = 0
 692              		@ frame_needed = 0, uses_anonymous_args = 0
 693              		@ link register save eliminated.
 694 0000 2830D0E5 		ldrb	r3, [r0, #40]	@ zero_extendqisi2
 695 0004 000053E3 		cmp	r3, #0
 696 0008 1EFF2F01 		bxeq	lr
 697 000c FEFFFFEA 		b	_ZN6tflite19GreedyMemoryPlanner24CalculateOffsetsIfNeededEv.part.0
 698              		.cantunwind
 699              		.fnend
 701              		.section	.text._ZN6tflite19GreedyMemoryPlanner15PrintMemoryPlanEv,"ax",%progbits
 702              		.align	2
 703              		.global	_ZN6tflite19GreedyMemoryPlanner15PrintMemoryPlanEv
 704              		.syntax unified
 705              		.arm
 706              		.fpu neon
 708              	_ZN6tflite19GreedyMemoryPlanner15PrintMemoryPlanEv:
 709              		.fnstart
 710              	.LFB31:
 711              		@ args = 0, pretend = 0, frame = 0
 712              		@ frame_needed = 0, uses_anonymous_args = 0
 713              		@ link register save eliminated.
 714 0000 2830D0E5 		ldrb	r3, [r0, #40]	@ zero_extendqisi2
 715 0004 000053E3 		cmp	r3, #0
 716 0008 1EFF2F01 		bxeq	lr
 717 000c FEFFFFEA 		b	_ZN6tflite19GreedyMemoryPlanner24CalculateOffsetsIfNeededEv.part.0
 718              		.cantunwind
 719              		.fnend
 721              		.section	.text._ZN6tflite19GreedyMemoryPlanner19DoAnyBuffersOverlapEPNS_13ErrorReporterE,"ax",%pro
 722              		.align	2
 723              		.global	_ZN6tflite19GreedyMemoryPlanner19DoAnyBuffersOverlapEPNS_13ErrorReporterE
 724              		.syntax unified
 725              		.arm
 726              		.fpu neon
 728              	_ZN6tflite19GreedyMemoryPlanner19DoAnyBuffersOverlapEPNS_13ErrorReporterE:
 729              		.fnstart
 730              	.LFB34:
 731              		@ args = 0, pretend = 0, frame = 8
 732              		@ frame_needed = 0, uses_anonymous_args = 0
 733 0000 2830D0E5 		ldrb	r3, [r0, #40]	@ zero_extendqisi2
 734 0004 F04F2DE9 		push	{r4, r5, r6, r7, r8, r9, r10, fp, lr}
 735 0008 0060A0E1 		mov	r6, r0
 736 000c 0CD04DE2 		sub	sp, sp, #12
 737 0010 000053E3 		cmp	r3, #0
 738 0014 3300001A 		bne	.L150
 739 0018 085096E5 		ldr	r5, [r6, #8]
 740 001c 000055E3 		cmp	r5, #0
 741 0020 340000DA 		ble	.L142
 742              	.L151:
 743 0024 0C3096E5 		ldr	r3, [r6, #12]
 744 0028 0040A0E3 		mov	r4, #0
 745 002c 248096E5 		ldr	r8, [r6, #36]
 746 0030 0400A0E1 		mov	r0, r4
 747 0034 04308DE5 		str	r3, [sp, #4]
 748 0038 6CB083E2 		add	fp, r3, #108
 749 003c 043048E2 		sub	r3, r8, #4
 750 0040 00308DE5 		str	r3, [sp]
 751              	.L141:
 752 0044 00309DE5 		ldr	r3, [sp]
 753 0048 00C0A0E3 		mov	ip, #0
 754 004c 6C901BE5 		ldr	r9, [fp, #-108]
 755 0050 04E09DE5 		ldr	lr, [sp, #4]
 756 0054 04A0B3E5 		ldr	r10, [r3, #4]!
 757 0058 00F0DBF5 		pld	[fp]
 758 005c 64701BE5 		ldr	r7, [fp, #-100]
 759 0060 60601BE5 		ldr	r6, [fp, #-96]
 760 0064 09908AE0 		add	r9, r10, r9
 761 0068 00308DE5 		str	r3, [sp]
 762              	.L140:
 763 006c 0C0054E1 		cmp	r4, ip
 764 0070 1200000A 		beq	.L139
 765 0074 08309EE5 		ldr	r3, [lr, #8]
 766 0078 0C109EE5 		ldr	r1, [lr, #12]
 767 007c 0C2198E7 		ldr	r2, [r8, ip, lsl #2]
 768 0080 030056E1 		cmp	r6, r3
 769 0084 0030A0A3 		movge	r3, #0
 770 0088 0130A0B3 		movlt	r3, #1
 771 008c 010057E1 		cmp	r7, r1
 772 0090 013083C3 		orrgt	r3, r3, #1
 773 0094 00109EE5 		ldr	r1, [lr]
 774 0098 000053E3 		cmp	r3, #0
 775 009c 011082E0 		add	r1, r2, r1
 776 00a0 0600001A 		bne	.L139
 777 00a4 020059E1 		cmp	r9, r2
 778 00a8 0020A0C3 		movgt	r2, #0
 779 00ac 0120A0D3 		movle	r2, #1
 780 00b0 01005AE1 		cmp	r10, r1
 781 00b4 012082A3 		orrge	r2, r2, #1
 782 00b8 000052E3 		cmp	r2, #0
 783 00bc 0100A003 		moveq	r0, #1
 784              	.L139:
 785 00c0 01C08CE2 		add	ip, ip, #1
 786 00c4 10E08EE2 		add	lr, lr, #16
 787 00c8 05005CE1 		cmp	ip, r5
 788 00cc E6FFFF1A 		bne	.L140
 789 00d0 014084E2 		add	r4, r4, #1
 790 00d4 10B08BE2 		add	fp, fp, #16
 791 00d8 040055E1 		cmp	r5, r4
 792 00dc D8FFFF1A 		bne	.L141
 793 00e0 0CD08DE2 		add	sp, sp, #12
 794              		@ sp needed
 795 00e4 F08FBDE8 		pop	{r4, r5, r6, r7, r8, r9, r10, fp, pc}
 796              	.L150:
 797 00e8 FEFFFFEB 		bl	_ZN6tflite19GreedyMemoryPlanner24CalculateOffsetsIfNeededEv.part.0
 798 00ec 085096E5 		ldr	r5, [r6, #8]
 799 00f0 000055E3 		cmp	r5, #0
 800 00f4 CAFFFFCA 		bgt	.L151
 801              	.L142:
 802 00f8 0000A0E3 		mov	r0, #0
 803 00fc 0CD08DE2 		add	sp, sp, #12
 804              		@ sp needed
 805 0100 F08FBDE8 		pop	{r4, r5, r6, r7, r8, r9, r10, fp, pc}
 806              		.cantunwind
 807              		.fnend
 809              		.weak	_ZTSN6tflite13MemoryPlannerE
 810              		.section	.rodata._ZTSN6tflite13MemoryPlannerE,"aG",%progbits,_ZTSN6tflite13MemoryPlannerE,comdat
 811              		.align	2
 814              	_ZTSN6tflite13MemoryPlannerE:
 815 0000 4E367466 		.ascii	"N6tflite13MemoryPlannerE\000"
 815      6C697465 
 815      31334D65 
 815      6D6F7279 
 815      506C616E 
 816              		.weak	_ZTIN6tflite13MemoryPlannerE
 817              		.section	.rodata._ZTIN6tflite13MemoryPlannerE,"aG",%progbits,_ZTIN6tflite13MemoryPlannerE,comdat
 818              		.align	2
 821              	_ZTIN6tflite13MemoryPlannerE:
 822 0000 08000000 		.word	_ZTVN10__cxxabiv117__class_type_infoE+8
 823 0004 00000000 		.word	_ZTSN6tflite13MemoryPlannerE
 824              		.global	_ZTSN6tflite19GreedyMemoryPlannerE
 825              		.global	_ZTIN6tflite19GreedyMemoryPlannerE
 826              		.global	_ZTVN6tflite19GreedyMemoryPlannerE
 827              		.section	.rodata._ZTIN6tflite19GreedyMemoryPlannerE,"a",%progbits
 828              		.align	2
 831              	_ZTIN6tflite19GreedyMemoryPlannerE:
 832 0000 08000000 		.word	_ZTVN10__cxxabiv120__si_class_type_infoE+8
 833 0004 00000000 		.word	_ZTSN6tflite19GreedyMemoryPlannerE
 834 0008 00000000 		.word	_ZTIN6tflite13MemoryPlannerE
 835              		.section	.rodata._ZTSN6tflite19GreedyMemoryPlannerE,"a",%progbits
 836              		.align	3
 839              	_ZTSN6tflite19GreedyMemoryPlannerE:
 840 0000 4E367466 		.ascii	"N6tflite19GreedyMemoryPlannerE\000"
 840      6C697465 
 840      31394772 
 840      65656479 
 840      4D656D6F 
 841              		.section	.rodata._ZTVN6tflite19GreedyMemoryPlannerE,"a",%progbits
 842              		.align	3
 843              		.set	.LANCHOR0,. + 0
 846              	_ZTVN6tflite19GreedyMemoryPlannerE:
 847 0000 00000000 		.word	0
 848 0004 00000000 		.word	_ZTIN6tflite19GreedyMemoryPlannerE
 849 0008 00000000 		.word	_ZN6tflite19GreedyMemoryPlannerD1Ev
 850 000c 00000000 		.word	_ZN6tflite19GreedyMemoryPlannerD0Ev
 851 0010 00000000 		.word	_ZN6tflite19GreedyMemoryPlanner9AddBufferEPNS_13ErrorReporterEiii
 852 0014 00000000 		.word	_ZN6tflite19GreedyMemoryPlanner20GetMaximumMemorySizeEv
 853 0018 00000000 		.word	_ZN6tflite19GreedyMemoryPlanner14GetBufferCountEv
 854 001c 00000000 		.word	_ZN6tflite19GreedyMemoryPlanner18GetOffsetForBufferEPNS_13ErrorReporterEiPi
 855              		.ident	"GCC: (GNU Tools for ARM Embedded Processors 6-2017-q2-update) 6.3.1 20170620 (release) [AR
DEFINED SYMBOLS
                            *ABS*:00000000 greedy_memory_planner.cc
C:\Users\a5050395\AppData\Local\Temp\ccw8ICwq.s:14     .text._ZN6tflite19GreedyMemoryPlannerD2Ev:00000000 $a
C:\Users\a5050395\AppData\Local\Temp\ccw8ICwq.s:20     .text._ZN6tflite19GreedyMemoryPlannerD2Ev:00000000 _ZN6tflite19GreedyMemoryPlannerD2Ev
.ARM.exidx.text._ZN6tflite19GreedyMemoryPlannerD2Ev:00000000 $d
C:\Users\a5050395\AppData\Local\Temp\ccw8ICwq.s:20     .text._ZN6tflite19GreedyMemoryPlannerD2Ev:00000000 _ZN6tflite19GreedyMemoryPlannerD1Ev
C:\Users\a5050395\AppData\Local\Temp\ccw8ICwq.s:33     .text._ZN6tflite19GreedyMemoryPlanner9AddBufferEPNS_13ErrorReporterEiii:00000000 $a
C:\Users\a5050395\AppData\Local\Temp\ccw8ICwq.s:39     .text._ZN6tflite19GreedyMemoryPlanner9AddBufferEPNS_13ErrorReporterEiii:00000000 _ZN6tflite19GreedyMemoryPlanner9AddBufferEPNS_13ErrorReporterEiii
.ARM.exidx.text._ZN6tflite19GreedyMemoryPlanner9AddBufferEPNS_13ErrorReporterEiii:00000000 $d
C:\Users\a5050395\AppData\Local\Temp\ccw8ICwq.s:70     .text._ZN6tflite19GreedyMemoryPlanner14GetBufferCountEv:00000000 $a
C:\Users\a5050395\AppData\Local\Temp\ccw8ICwq.s:76     .text._ZN6tflite19GreedyMemoryPlanner14GetBufferCountEv:00000000 _ZN6tflite19GreedyMemoryPlanner14GetBufferCountEv
.ARM.exidx.text._ZN6tflite19GreedyMemoryPlanner14GetBufferCountEv:00000000 $d
C:\Users\a5050395\AppData\Local\Temp\ccw8ICwq.s:88     .text._ZN6tflite19GreedyMemoryPlannerD0Ev:00000000 $a
C:\Users\a5050395\AppData\Local\Temp\ccw8ICwq.s:94     .text._ZN6tflite19GreedyMemoryPlannerD0Ev:00000000 _ZN6tflite19GreedyMemoryPlannerD0Ev
.ARM.exidx.text._ZN6tflite19GreedyMemoryPlannerD0Ev:00000000 $d
C:\Users\a5050395\AppData\Local\Temp\ccw8ICwq.s:109    .text._ZN6tflite19GreedyMemoryPlanner24CalculateOffsetsIfNeededEv.part.0:00000000 $a
C:\Users\a5050395\AppData\Local\Temp\ccw8ICwq.s:114    .text._ZN6tflite19GreedyMemoryPlanner24CalculateOffsetsIfNeededEv.part.0:00000000 _ZN6tflite19GreedyMemoryPlanner24CalculateOffsetsIfNeededEv.part.0
.ARM.exidx.text._ZN6tflite19GreedyMemoryPlanner24CalculateOffsetsIfNeededEv.part.0:00000000 $d
C:\Users\a5050395\AppData\Local\Temp\ccw8ICwq.s:351    .text._ZN6tflite19GreedyMemoryPlanner20GetMaximumMemorySizeEv:00000000 $a
C:\Users\a5050395\AppData\Local\Temp\ccw8ICwq.s:357    .text._ZN6tflite19GreedyMemoryPlanner20GetMaximumMemorySizeEv:00000000 _ZN6tflite19GreedyMemoryPlanner20GetMaximumMemorySizeEv
.ARM.exidx.text._ZN6tflite19GreedyMemoryPlanner20GetMaximumMemorySizeEv:00000000 $d
C:\Users\a5050395\AppData\Local\Temp\ccw8ICwq.s:410    .text._ZN6tflite19GreedyMemoryPlanner18GetOffsetForBufferEPNS_13ErrorReporterEiPi:00000000 $a
C:\Users\a5050395\AppData\Local\Temp\ccw8ICwq.s:416    .text._ZN6tflite19GreedyMemoryPlanner18GetOffsetForBufferEPNS_13ErrorReporterEiPi:00000000 _ZN6tflite19GreedyMemoryPlanner18GetOffsetForBufferEPNS_13ErrorReporterEiPi
.ARM.exidx.text._ZN6tflite19GreedyMemoryPlanner18GetOffsetForBufferEPNS_13ErrorReporterEiPi:00000000 $d
C:\Users\a5050395\AppData\Local\Temp\ccw8ICwq.s:449    .text._ZN6tflite18ReverseSortInPlaceEPiS0_i:00000000 $a
C:\Users\a5050395\AppData\Local\Temp\ccw8ICwq.s:455    .text._ZN6tflite18ReverseSortInPlaceEPiS0_i:00000000 _ZN6tflite18ReverseSortInPlaceEPiS0_i
.ARM.exidx.text._ZN6tflite18ReverseSortInPlaceEPiS0_i:00000000 $d
C:\Users\a5050395\AppData\Local\Temp\ccw8ICwq.s:492    .text._ZN6tflite19GreedyMemoryPlannerC2EPhi:00000000 $a
C:\Users\a5050395\AppData\Local\Temp\ccw8ICwq.s:498    .text._ZN6tflite19GreedyMemoryPlannerC2EPhi:00000000 _ZN6tflite19GreedyMemoryPlannerC2EPhi
C:\Users\a5050395\AppData\Local\Temp\ccw8ICwq.s:530    .text._ZN6tflite19GreedyMemoryPlannerC2EPhi:00000060 $d
.ARM.exidx.text._ZN6tflite19GreedyMemoryPlannerC2EPhi:00000000 $d
C:\Users\a5050395\AppData\Local\Temp\ccw8ICwq.s:498    .text._ZN6tflite19GreedyMemoryPlannerC2EPhi:00000000 _ZN6tflite19GreedyMemoryPlannerC1EPhi
C:\Users\a5050395\AppData\Local\Temp\ccw8ICwq.s:537    .text._ZN6tflite19GreedyMemoryPlanner9AddBufferEPNS_13ErrorReporterEiiii:00000000 $a
C:\Users\a5050395\AppData\Local\Temp\ccw8ICwq.s:543    .text._ZN6tflite19GreedyMemoryPlanner9AddBufferEPNS_13ErrorReporterEiiii:00000000 _ZN6tflite19GreedyMemoryPlanner9AddBufferEPNS_13ErrorReporterEiiii
.ARM.exidx.text._ZN6tflite19GreedyMemoryPlanner9AddBufferEPNS_13ErrorReporterEiiii:00000000 $d
C:\Users\a5050395\AppData\Local\Temp\ccw8ICwq.s:595    .text._ZNK6tflite19GreedyMemoryPlanner22DoesEntryOverlapInTimeEPKNS0_9ListEntryEii:00000000 $a
C:\Users\a5050395\AppData\Local\Temp\ccw8ICwq.s:601    .text._ZNK6tflite19GreedyMemoryPlanner22DoesEntryOverlapInTimeEPKNS0_9ListEntryEii:00000000 _ZNK6tflite19GreedyMemoryPlanner22DoesEntryOverlapInTimeEPKNS0_9ListEntryEii
.ARM.exidx.text._ZNK6tflite19GreedyMemoryPlanner22DoesEntryOverlapInTimeEPKNS0_9ListEntryEii:00000000 $d
C:\Users\a5050395\AppData\Local\Temp\ccw8ICwq.s:625    .text._ZN6tflite19GreedyMemoryPlanner30NextSimultaneouslyActiveBufferEPKNS0_9ListEntryEii:00000000 $a
C:\Users\a5050395\AppData\Local\Temp\ccw8ICwq.s:631    .text._ZN6tflite19GreedyMemoryPlanner30NextSimultaneouslyActiveBufferEPKNS0_9ListEntryEii:00000000 _ZN6tflite19GreedyMemoryPlanner30NextSimultaneouslyActiveBufferEPKNS0_9ListEntryEii
.ARM.exidx.text._ZN6tflite19GreedyMemoryPlanner30NextSimultaneouslyActiveBufferEPKNS0_9ListEntryEii:00000000 $d
C:\Users\a5050395\AppData\Local\Temp\ccw8ICwq.s:682    .text._ZN6tflite19GreedyMemoryPlanner24CalculateOffsetsIfNeededEv:00000000 $a
C:\Users\a5050395\AppData\Local\Temp\ccw8ICwq.s:688    .text._ZN6tflite19GreedyMemoryPlanner24CalculateOffsetsIfNeededEv:00000000 _ZN6tflite19GreedyMemoryPlanner24CalculateOffsetsIfNeededEv
.ARM.exidx.text._ZN6tflite19GreedyMemoryPlanner24CalculateOffsetsIfNeededEv:00000000 $d
C:\Users\a5050395\AppData\Local\Temp\ccw8ICwq.s:702    .text._ZN6tflite19GreedyMemoryPlanner15PrintMemoryPlanEv:00000000 $a
C:\Users\a5050395\AppData\Local\Temp\ccw8ICwq.s:708    .text._ZN6tflite19GreedyMemoryPlanner15PrintMemoryPlanEv:00000000 _ZN6tflite19GreedyMemoryPlanner15PrintMemoryPlanEv
.ARM.exidx.text._ZN6tflite19GreedyMemoryPlanner15PrintMemoryPlanEv:00000000 $d
C:\Users\a5050395\AppData\Local\Temp\ccw8ICwq.s:722    .text._ZN6tflite19GreedyMemoryPlanner19DoAnyBuffersOverlapEPNS_13ErrorReporterE:00000000 $a
C:\Users\a5050395\AppData\Local\Temp\ccw8ICwq.s:728    .text._ZN6tflite19GreedyMemoryPlanner19DoAnyBuffersOverlapEPNS_13ErrorReporterE:00000000 _ZN6tflite19GreedyMemoryPlanner19DoAnyBuffersOverlapEPNS_13ErrorReporterE
.ARM.exidx.text._ZN6tflite19GreedyMemoryPlanner19DoAnyBuffersOverlapEPNS_13ErrorReporterE:00000000 $d
C:\Users\a5050395\AppData\Local\Temp\ccw8ICwq.s:814    .rodata._ZTSN6tflite13MemoryPlannerE:00000000 _ZTSN6tflite13MemoryPlannerE
C:\Users\a5050395\AppData\Local\Temp\ccw8ICwq.s:811    .rodata._ZTSN6tflite13MemoryPlannerE:00000000 $d
C:\Users\a5050395\AppData\Local\Temp\ccw8ICwq.s:821    .rodata._ZTIN6tflite13MemoryPlannerE:00000000 _ZTIN6tflite13MemoryPlannerE
C:\Users\a5050395\AppData\Local\Temp\ccw8ICwq.s:818    .rodata._ZTIN6tflite13MemoryPlannerE:00000000 $d
C:\Users\a5050395\AppData\Local\Temp\ccw8ICwq.s:839    .rodata._ZTSN6tflite19GreedyMemoryPlannerE:00000000 _ZTSN6tflite19GreedyMemoryPlannerE
C:\Users\a5050395\AppData\Local\Temp\ccw8ICwq.s:831    .rodata._ZTIN6tflite19GreedyMemoryPlannerE:00000000 _ZTIN6tflite19GreedyMemoryPlannerE
C:\Users\a5050395\AppData\Local\Temp\ccw8ICwq.s:846    .rodata._ZTVN6tflite19GreedyMemoryPlannerE:00000000 _ZTVN6tflite19GreedyMemoryPlannerE
C:\Users\a5050395\AppData\Local\Temp\ccw8ICwq.s:828    .rodata._ZTIN6tflite19GreedyMemoryPlannerE:00000000 $d
C:\Users\a5050395\AppData\Local\Temp\ccw8ICwq.s:836    .rodata._ZTSN6tflite19GreedyMemoryPlannerE:00000000 $d
C:\Users\a5050395\AppData\Local\Temp\ccw8ICwq.s:842    .rodata._ZTVN6tflite19GreedyMemoryPlannerE:00000000 $d

UNDEFINED SYMBOLS
_ZdlPvj
__aeabi_unwind_cpp_pr0
_ZTVN10__cxxabiv117__class_type_infoE
_ZTVN10__cxxabiv120__si_class_type_infoE
