   1              		.cpu cortex-a9
   2              		.eabi_attribute 28, 1
   3              		.eabi_attribute 20, 1
   4              		.eabi_attribute 21, 1
   5              		.eabi_attribute 23, 3
   6              		.eabi_attribute 24, 1
   7              		.eabi_attribute 25, 1
   8              		.eabi_attribute 26, 1
   9              		.eabi_attribute 30, 2
  10              		.eabi_attribute 34, 0
  11              		.eabi_attribute 18, 4
  12              		.file	"depthwise_conv.cc"
  13              		.section	.text._ZN6tflite12_GLOBAL__N_14InitEP13TfLiteContextPKcj,"ax",%progbits
  14              		.align	2
  15              		.syntax unified
  16              		.arm
  17              		.fpu neon
  19              	_ZN6tflite12_GLOBAL__N_14InitEP13TfLiteContextPKcj:
  20              		.fnstart
  21              	.LFB4182:
  22              		@ args = 0, pretend = 0, frame = 0
  23              		@ frame_needed = 0, uses_anonymous_args = 0
  24 0000 383090E5 		ldr	r3, [r0, #56]
  25 0004 000053E3 		cmp	r3, #0
  26 0008 0100000A 		beq	.L7
  27 000c 3410A0E3 		mov	r1, #52
  28 0010 13FF2FE1 		bx	r3
  29              	.L7:
  30 0014 10402DE9 		push	{r4, lr}
  31              		.save {r4, lr}
  32 0018 FEFFFFEB 		bl	abort
  33              		.fnend
  35              		.section	.text._ZN6tflite12_GLOBAL__N_14EvalEP13TfLiteContextP10TfLiteNode,"ax",%progbits
  36              		.align	2
  37              		.syntax unified
  38              		.arm
  39              		.fpu neon
  41              	_ZN6tflite12_GLOBAL__N_14EvalEP13TfLiteContextP10TfLiteNode:
  42              		.fnstart
  43              	.LFB4183:
  44              		@ args = 0, pretend = 0, frame = 360
  45              		@ frame_needed = 0, uses_anonymous_args = 0
  46 0000 F04F2DE9 		push	{r4, r5, r6, r7, r8, r9, r10, fp, lr}
  47              		.save {r4, r5, r6, r7, r8, r9, r10, fp, lr}
  48              		.pad #364
  49 0004 5BDF4DE2 		sub	sp, sp, #364
  50 0008 109091E5 		ldr	r9, [r1, #16]
  51 000c 000059E3 		cmp	r9, #0
  52 0010 3605000A 		beq	.L10
  53 0014 14A091E5 		ldr	r10, [r1, #20]
  54 0018 0170A0E1 		mov	r7, r1
  55 001c 00005AE3 		cmp	r10, #0
  56 0020 3205000A 		beq	.L10
  57 0024 003000E3 		movw	r3, #:lower16:_ZN6tflite26kDepthwiseConvOutputTensorE
  58 0028 000050E3 		cmp	r0, #0
  59 002c 003040E3 		movt	r3, #:upper16:_ZN6tflite26kDepthwiseConvOutputTensorE
  60 0030 0040A0E1 		mov	r4, r0
  61 0034 001093E5 		ldr	r1, [r3]
  62 0038 2C05000A 		beq	.L10
  63 003c 043097E5 		ldr	r3, [r7, #4]
  64 0040 542090E5 		ldr	r2, [r0, #84]
  65 0044 013183E0 		add	r3, r3, r1, lsl #2
  66 0048 041093E5 		ldr	r1, [r3, #4]
  67              	.LEHB0:
  68 004c 32FF2FE1 		blx	r2
  69 0050 002000E3 		movw	r2, #:lower16:_ZN6tflite25kDepthwiseConvInputTensorE
  70 0054 003097E5 		ldr	r3, [r7]
  71 0058 002040E3 		movt	r2, #:upper16:_ZN6tflite25kDepthwiseConvInputTensorE
  72 005c 545094E5 		ldr	r5, [r4, #84]
  73 0060 002092E5 		ldr	r2, [r2]
  74 0064 0060A0E1 		mov	r6, r0
  75 0068 0400A0E1 		mov	r0, r4
  76 006c 023183E0 		add	r3, r3, r2, lsl #2
  77 0070 041093E5 		ldr	r1, [r3, #4]
  78 0074 35FF2FE1 		blx	r5
  79 0078 002000E3 		movw	r2, #:lower16:_ZN6tflite27kDepthwiseConvWeightsTensorE
  80 007c 003097E5 		ldr	r3, [r7]
  81 0080 002040E3 		movt	r2, #:upper16:_ZN6tflite27kDepthwiseConvWeightsTensorE
  82 0084 545094E5 		ldr	r5, [r4, #84]
  83 0088 002092E5 		ldr	r2, [r2]
  84 008c 0080A0E1 		mov	r8, r0
  85 0090 0400A0E1 		mov	r0, r4
  86 0094 023183E0 		add	r3, r3, r2, lsl #2
  87 0098 041093E5 		ldr	r1, [r3, #4]
  88 009c 35FF2FE1 		blx	r5
  89 00a0 003097E5 		ldr	r3, [r7]
  90 00a4 0050A0E1 		mov	r5, r0
  91 00a8 002093E5 		ldr	r2, [r3]
  92 00ac 030052E3 		cmp	r2, #3
  93 00b0 0040A013 		movne	r4, #0
  94 00b4 2E04000A 		beq	.L376
  95              	.L11:
  96 00b8 0830D8E5 		ldrb	r3, [r8, #8]	@ zero_extendqisi2
  97 00bc 010053E3 		cmp	r3, #1
  98 00c0 1D02000A 		beq	.L182
  99 00c4 090053E3 		cmp	r3, #9
 100 00c8 1802001A 		bne	.L377
 101 00cc 0A10A0E1 		mov	r1, r10
 102 00d0 0920A0E1 		mov	r2, r9
 103 00d4 4A0F8DE2 		add	r0, sp, #296
 104 00d8 FEFFFFEB 		bl	_ZN6tflite28DepthwiseConvParamsQuantizedERK25TfLiteDepthwiseConvParamsRKNS_10OpDataConvE
 105 00dc 243099E5 		ldr	r3, [r9, #36]
 106 00e0 0810A0E1 		mov	r1, r8
 107 00e4 C8008DE2 		add	r0, sp, #200
 108 00e8 AC308DE5 		str	r3, [sp, #172]
 109 00ec 283099E5 		ldr	r3, [r9, #40]
 110 00f0 B0308DE5 		str	r3, [sp, #176]
 111 00f4 FEFFFFEB 		bl	_ZN6tflite5micro14GetTensorShapeEPK16TfLiteEvalTensor
 112              	.LEHE0:
 113 00f8 003098E5 		ldr	r3, [r8]
 114 00fc 0510A0E1 		mov	r1, r5
 115 0100 E0008DE2 		add	r0, sp, #224
 116 0104 78308DE5 		str	r3, [sp, #120]
 117              	.LEHB1:
 118 0108 FEFFFFEB 		bl	_ZN6tflite5micro14GetTensorShapeEPK16TfLiteEvalTensor
 119              	.LEHE1:
 120 010c 000055E3 		cmp	r5, #0
 121 0110 F804000A 		beq	.L378
 122 0114 003095E5 		ldr	r3, [r5]
 123 0118 0410A0E1 		mov	r1, r4
 124 011c F8008DE2 		add	r0, sp, #248
 125 0120 7C308DE5 		str	r3, [sp, #124]
 126              	.LEHB2:
 127 0124 FEFFFFEB 		bl	_ZN6tflite5micro14GetTensorShapeEPK16TfLiteEvalTensor
 128              	.LEHE2:
 129 0128 000054E3 		cmp	r4, #0
 130 012c F704000A 		beq	.L379
 131 0130 003094E5 		ldr	r3, [r4]
 132 0134 0610A0E1 		mov	r1, r6
 133 0138 110E8DE2 		add	r0, sp, #272
 134 013c 88308DE5 		str	r3, [sp, #136]
 135              	.LEHB3:
 136 0140 FEFFFFEB 		bl	_ZN6tflite5micro14GetTensorShapeEPK16TfLiteEvalTensor
 137              	.LEHE3:
 138 0144 000056E3 		cmp	r6, #0
 139 0148 132E8DE2 		add	r2, sp, #304
 140 014c 00309615 		ldrne	r3, [r6]
 141 0150 022082E2 		add	r2, r2, #2
 142 0154 80608D05 		streq	r6, [sp, #128]
 143 0158 F020D2E1 		ldrsh	r2, [r2]
 144 015c 80308D15 		strne	r3, [sp, #128]
 145 0160 C8309DE5 		ldr	r3, [sp, #200]
 146 0164 B4208DE5 		str	r2, [sp, #180]
 147 0168 4D2F8DE2 		add	r2, sp, #308
 148 016c F020D2E1 		ldrsh	r2, [r2]
 149 0170 040053E3 		cmp	r3, #4
 150 0174 4D3F8DE2 		add	r3, sp, #308
 151 0178 023083E2 		add	r3, r3, #2
 152 017c F0B0D3E1 		ldrsh	fp, [r3]
 153 0180 4E3F8DE2 		add	r3, sp, #312
 154 0184 B8208DE5 		str	r2, [sp, #184]
 155 0188 F030D3E1 		ldrsh	r3, [r3]
 156 018c 44308DE5 		str	r3, [sp, #68]
 157 0190 4A3F8DE2 		add	r3, sp, #296
 158 0194 023083E2 		add	r3, r3, #2
 159 0198 F030D3E1 		ldrsh	r3, [r3]
 160 019c BC308DE5 		str	r3, [sp, #188]
 161 01a0 4B3F8DE2 		add	r3, sp, #300
 162 01a4 F030D3E1 		ldrsh	r3, [r3]
 163 01a8 C0308DE5 		str	r3, [sp, #192]
 164 01ac 4E3F8DE2 		add	r3, sp, #312
 165 01b0 023083E2 		add	r3, r3, #2
 166 01b4 F030D3E1 		ldrsh	r3, [r3]
 167 01b8 84308DE5 		str	r3, [sp, #132]
 168 01bc 3C319DE5 		ldr	r3, [sp, #316]
 169 01c0 40308DE5 		str	r3, [sp, #64]
 170 01c4 44319DE5 		ldr	r3, [sp, #324]
 171 01c8 8C308DE5 		str	r3, [sp, #140]
 172 01cc 50319DE5 		ldr	r3, [sp, #336]
 173 01d0 6C308DE5 		str	r3, [sp, #108]
 174 01d4 54319DE5 		ldr	r3, [sp, #340]
 175 01d8 90308DE5 		str	r3, [sp, #144]
 176 01dc CD04001A 		bne	.L380
 177 01e0 E0309DE5 		ldr	r3, [sp, #224]
 178 01e4 040053E3 		cmp	r3, #4
 179 01e8 C304001A 		bne	.L381
 180 01ec 10319DE5 		ldr	r3, [sp, #272]
 181 01f0 040053E3 		cmp	r3, #4
 182 01f4 C104001A 		bne	.L382
 183 01f8 6C309DE5 		ldr	r3, [sp, #108]
 184 01fc 90209DE5 		ldr	r2, [sp, #144]
 185 0200 020053E1 		cmp	r3, r2
 186 0204 BE0400CA 		bgt	.L383
 187 0208 CC309DE5 		ldr	r3, [sp, #204]
 188 020c 0320A0E1 		mov	r2, r3
 189 0210 9C308DE5 		str	r3, [sp, #156]
 190 0214 14319DE5 		ldr	r3, [sp, #276]
 191 0218 030052E1 		cmp	r2, r3
 192 021c B904001A 		bne	.L384
 193 0220 F0509DE5 		ldr	r5, [sp, #240]
 194 0224 20319DE5 		ldr	r3, [sp, #288]
 195 0228 030055E1 		cmp	r5, r3
 196 022c AC04001A 		bne	.L385
 197 0230 D0209DE5 		ldr	r2, [sp, #208]
 198 0234 D8309DE5 		ldr	r3, [sp, #216]
 199 0238 D4A09DE5 		ldr	r10, [sp, #212]
 200 023c 58208DE5 		str	r2, [sp, #88]
 201 0240 E8209DE5 		ldr	r2, [sp, #232]
 202 0244 A0308DE5 		str	r3, [sp, #160]
 203 0248 EC909DE5 		ldr	r9, [sp, #236]
 204 024c 48208DE5 		str	r2, [sp, #72]
 205 0250 84209DE5 		ldr	r2, [sp, #132]
 206 0254 930203E0 		mul	r3, r3, r2
 207 0258 18219DE5 		ldr	r2, [sp, #280]
 208 025c A4208DE5 		str	r2, [sp, #164]
 209 0260 1C219DE5 		ldr	r2, [sp, #284]
 210 0264 050053E1 		cmp	r3, r5
 211 0268 A8208DE5 		str	r2, [sp, #168]
 212 026c 9D04001A 		bne	.L386
 213 0270 F8009DE5 		ldr	r0, [sp, #248]
 214 0274 050050E3 		cmp	r0, #5
 215 0278 2D0300CA 		bgt	.L387
 216 027c 000050E3 		cmp	r0, #0
 217 0280 0120A0D3 		movle	r2, #1
 218 0284 500000DA 		ble	.L107
 219 0288 FCC08DE2 		add	ip, sp, #252
 220              	.L106:
 221 028c 5C31A0E7 		sbfx	r3, ip, #2, #1
 222 0290 033003E2 		and	r3, r3, #3
 223 0294 000053E1 		cmp	r3, r0
 224 0298 0030A021 		movcs	r3, r0
 225 029c 080050E3 		cmp	r0, #8
 226 02a0 0030A0D1 		movle	r3, r0
 227 02a4 BC0300CA 		bgt	.L388
 228              	.L108:
 229 02a8 010053E3 		cmp	r3, #1
 230 02ac 00209CE5 		ldr	r2, [ip]
 231 02b0 A903000A 		beq	.L222
 232 02b4 04109CE5 		ldr	r1, [ip, #4]
 233 02b8 020053E3 		cmp	r3, #2
 234 02bc 910202E0 		mul	r2, r1, r2
 235 02c0 A503000A 		beq	.L222
 236 02c4 08109CE5 		ldr	r1, [ip, #8]
 237 02c8 030053E3 		cmp	r3, #3
 238 02cc 910202E0 		mul	r2, r1, r2
 239 02d0 A103000A 		beq	.L222
 240 02d4 0C109CE5 		ldr	r1, [ip, #12]
 241 02d8 040053E3 		cmp	r3, #4
 242 02dc 910202E0 		mul	r2, r1, r2
 243 02e0 9D03000A 		beq	.L222
 244 02e4 10109CE5 		ldr	r1, [ip, #16]
 245 02e8 050053E3 		cmp	r3, #5
 246 02ec 910202E0 		mul	r2, r1, r2
 247 02f0 9903000A 		beq	.L222
 248 02f4 14109CE5 		ldr	r1, [ip, #20]
 249 02f8 060053E3 		cmp	r3, #6
 250 02fc 910202E0 		mul	r2, r1, r2
 251 0300 9503000A 		beq	.L222
 252 0304 18109CE5 		ldr	r1, [ip, #24]
 253 0308 070053E3 		cmp	r3, #7
 254 030c 910202E0 		mul	r2, r1, r2
 255 0310 9103000A 		beq	.L222
 256 0314 1CE09CE5 		ldr	lr, [ip, #28]
 257 0318 0810A0E3 		mov	r1, #8
 258 031c 9E0202E0 		mul	r2, lr, r2
 259              	.L110:
 260 0320 030050E1 		cmp	r0, r3
 261 0324 2800000A 		beq	.L107
 262              	.L109:
 263 0328 036040E0 		sub	r6, r0, r3
 264 032c 014040E2 		sub	r4, r0, #1
 265 0330 04E046E2 		sub	lr, r6, #4
 266 0334 034044E0 		sub	r4, r4, r3
 267 0338 2EE1A0E1 		lsr	lr, lr, #2
 268 033c 020054E3 		cmp	r4, #2
 269 0340 01E08EE2 		add	lr, lr, #1
 270 0344 0E71A0E1 		lsl	r7, lr, #2
 271 0348 1200009A 		bls	.L112
 272 034c 03318CE0 		add	r3, ip, r3, lsl #2
 273 0350 5100C0F2 		vmov.i32	q8, #1  @ v4si
 274 0354 0040A0E3 		mov	r4, #0
 275              	.L114:
 276 0358 014084E2 		add	r4, r4, #1
 277 035c DF2A63F4 		vld1.64	{d18-d19}, [r3:64]
 278 0360 04005EE1 		cmp	lr, r4
 279 0364 103083E2 		add	r3, r3, #16
 280 0368 F20960F2 		vmul.i32	q8, q8, q9
 281 036c F9FFFF8A 		bhi	.L114
 282 0370 070056E1 		cmp	r6, r7
 283 0374 071081E0 		add	r1, r1, r7
 284 0378 5020C0F2 		vmov.i32	q9, #0  @ v4si
 285 037c E248F0F2 		vext.32	q10, q8, q9, #2
 286 0380 F40960F2 		vmul.i32	q8, q8, q10
 287 0384 E224F0F2 		vext.32	q9, q8, q9, #1
 288 0388 F00962F2 		vmul.i32	q8, q9, q8
 289 038c 903B10EE 		vmov.32	r3, d16[0]
 290 0390 930202E0 		mul	r2, r3, r2
 291 0394 0C00000A 		beq	.L107
 292              	.L112:
 293 0398 01E19CE7 		ldr	lr, [ip, r1, lsl #2]
 294 039c 013081E2 		add	r3, r1, #1
 295 03a0 030050E1 		cmp	r0, r3
 296 03a4 0131A0E1 		lsl	r3, r1, #2
 297 03a8 9E0202E0 		mul	r2, lr, r2
 298 03ac 060000DA 		ble	.L107
 299 03b0 03C08CE0 		add	ip, ip, r3
 300 03b4 021081E2 		add	r1, r1, #2
 301 03b8 04309CE5 		ldr	r3, [ip, #4]
 302 03bc 010050E1 		cmp	r0, r1
 303 03c0 930202E0 		mul	r2, r3, r2
 304 03c4 08309CC5 		ldrgt	r3, [ip, #8]
 305 03c8 930202C0 		mulgt	r2, r3, r2
 306              	.L107:
 307 03cc 020055E1 		cmp	r5, r2
 308 03d0 D303001A 		bne	.L118
 309 03d4 9C309DE5 		ldr	r3, [sp, #156]
 310 03d8 000053E3 		cmp	r3, #0
 311 03dc 3D0100DA 		ble	.L119
 312 03e0 84309DE5 		ldr	r3, [sp, #132]
 313 03e4 AF0BDFED 		vldr.64	d16, .L424	@ int
 314 03e8 0331A0E1 		lsl	r3, r3, #2
 315 03ec C4308DE5 		str	r3, [sp, #196]
 316 03f0 0030A0E3 		mov	r3, #0
 317 03f4 0C308DE5 		str	r3, [sp, #12]
 318              	.L123:
 319 03f8 A4309DE5 		ldr	r3, [sp, #164]
 320 03fc 000053E3 		cmp	r3, #0
 321 0400 260100DA 		ble	.L125
 322 0404 C0309DE5 		ldr	r3, [sp, #192]
 323 0408 003063E2 		rsb	r3, r3, #0
 324 040c 70308DE5 		str	r3, [sp, #112]
 325 0410 0030A0E3 		mov	r3, #0
 326 0414 60308DE5 		str	r3, [sp, #96]
 327              	.L126:
 328 0418 A8309DE5 		ldr	r3, [sp, #168]
 329 041c 000053E3 		cmp	r3, #0
 330 0420 140100DA 		ble	.L128
 331 0424 BC309DE5 		ldr	r3, [sp, #188]
 332 0428 003063E2 		rsb	r3, r3, #0
 333 042c 54308DE5 		str	r3, [sp, #84]
 334 0430 0030A0E3 		mov	r3, #0
 335 0434 5C308DE5 		str	r3, [sp, #92]
 336              	.L129:
 337 0438 A0309DE5 		ldr	r3, [sp, #160]
 338 043c 000053E3 		cmp	r3, #0
 339 0440 020100DA 		ble	.L131
 340 0444 AC309DE5 		ldr	r3, [sp, #172]
 341 0448 0070A0E3 		mov	r7, #0
 342 044c 10708DE5 		str	r7, [sp, #16]
 343 0450 94308DE5 		str	r3, [sp, #148]
 344 0454 B0309DE5 		ldr	r3, [sp, #176]
 345 0458 98308DE5 		str	r3, [sp, #152]
 346              	.L132:
 347 045c 84309DE5 		ldr	r3, [sp, #132]
 348 0460 000053E3 		cmp	r3, #0
 349 0464 033087E0 		add	r3, r7, r3
 350 0468 74308DE5 		str	r3, [sp, #116]
 351 046c E90000DA 		ble	.L328
 352 0470 98309DE5 		ldr	r3, [sp, #152]
 353 0474 0780A0E1 		mov	r8, r7
 354 0478 68308DE5 		str	r3, [sp, #104]
 355 047c 94309DE5 		ldr	r3, [sp, #148]
 356 0480 64308DE5 		str	r3, [sp, #100]
 357              	.L160:
 358 0484 48309DE5 		ldr	r3, [sp, #72]
 359 0488 000053E3 		cmp	r3, #0
 360 048c 360300DA 		ble	.L223
 361 0490 D0309DE5 		ldr	r3, [sp, #208]
 362 0494 0060A0E3 		mov	r6, #0
 363 0498 70C09DE5 		ldr	ip, [sp, #112]
 364 049c 0670A0E1 		mov	r7, r6
 365 04a0 0C409DE5 		ldr	r4, [sp, #12]
 366 04a4 0320A0E1 		mov	r2, r3
 367 04a8 1C308DE5 		str	r3, [sp, #28]
 368 04ac D4309DE5 		ldr	r3, [sp, #212]
 369 04b0 0C50A0E1 		mov	r5, ip
 370 04b4 0300A0E1 		mov	r0, r3
 371 04b8 20308DE5 		str	r3, [sp, #32]
 372 04bc D8309DE5 		ldr	r3, [sp, #216]
 373 04c0 0310A0E1 		mov	r1, r3
 374 04c4 24308DE5 		str	r3, [sp, #36]
 375 04c8 7C309DE5 		ldr	r3, [sp, #124]
 376 04cc 083083E0 		add	r3, r3, r8
 377 04d0 38308DE5 		str	r3, [sp, #56]
 378 04d4 EC309DE5 		ldr	r3, [sp, #236]
 379 04d8 03E0A0E1 		mov	lr, r3
 380 04dc 34308DE5 		str	r3, [sp, #52]
 381 04e0 0230A0E1 		mov	r3, r2
 382 04e4 910002E0 		mul	r2, r1, r0
 383 04e8 94C323E0 		mla	r3, r4, r3, ip
 384 04ec F0C09DE5 		ldr	ip, [sp, #240]
 385 04f0 CC409DE5 		ldr	r4, [sp, #204]
 386 04f4 00308DE5 		str	r3, [sp]
 387 04f8 C8309DE5 		ldr	r3, [sp, #200]
 388 04fc 18408DE5 		str	r4, [sp, #24]
 389 0500 E0409DE5 		ldr	r4, [sp, #224]
 390 0504 14308DE5 		str	r3, [sp, #20]
 391 0508 E4309DE5 		ldr	r3, [sp, #228]
 392 050c 28408DE5 		str	r4, [sp, #40]
 393 0510 910B04E0 		mul	r4, r1, fp
 394 0514 2C308DE5 		str	r3, [sp, #44]
 395 0518 E8309DE5 		ldr	r3, [sp, #232]
 396 051c 30308DE5 		str	r3, [sp, #48]
 397 0520 44309DE5 		ldr	r3, [sp, #68]
 398 0524 930203E0 		mul	r3, r3, r2
 399 0528 00209DE5 		ldr	r2, [sp]
 400 052c 50308DE5 		str	r3, [sp, #80]
 401 0530 9C0E03E0 		mul	r3, ip, lr
 402 0534 4C308DE5 		str	r3, [sp, #76]
 403 0538 54309DE5 		ldr	r3, [sp, #84]
 404 053c 903223E0 		mla	r3, r0, r2, r3
 405 0540 10209DE5 		ldr	r2, [sp, #16]
 406 0544 912323E0 		mla	r3, r1, r3, r2
 407 0548 78209DE5 		ldr	r2, [sp, #120]
 408 054c 033082E0 		add	r3, r2, r3
 409 0550 3C308DE5 		str	r3, [sp, #60]
 410              	.L148:
 411 0554 000059E3 		cmp	r9, #0
 412 0558 420000DA 		ble	.L134
 413 055c 58309DE5 		ldr	r3, [sp, #88]
 414 0560 0020A0E3 		mov	r2, #0
 415 0564 3C109DE5 		ldr	r1, [sp, #60]
 416 0568 38009DE5 		ldr	r0, [sp, #56]
 417 056c 000055E3 		cmp	r5, #0
 418 0570 050053A1 		cmpge	r3, r5
 419 0574 08708DE5 		str	r7, [sp, #8]
 420 0578 0130A0C3 		movgt	r3, #1
 421 057c 0030A0D3 		movle	r3, #0
 422 0580 04308DE5 		str	r3, [sp, #4]
 423 0584 54309DE5 		ldr	r3, [sp, #84]
 424 0588 00608DE5 		str	r6, [sp]
 425              	.L147:
 426 058c 000053E3 		cmp	r3, #0
 427 0590 03005AA1 		cmpge	r10, r3
 428 0594 2B0000DA 		ble	.L135
 429 0598 04E09DE5 		ldr	lr, [sp, #4]
 430 059c 00005EE3 		cmp	lr, #0
 431 05a0 2800000A 		beq	.L135
 432 05a4 14E09DE5 		ldr	lr, [sp, #20]
 433 05a8 04005EE3 		cmp	lr, #4
 434 05ac 2C03001A 		bne	.L389
 435 05b0 0CE09DE5 		ldr	lr, [sp, #12]
 436 05b4 18709DE5 		ldr	r7, [sp, #24]
 437 05b8 07005EE1 		cmp	lr, r7
 438 05bc 270300AA 		bge	.L390
 439 05c0 1CE09DE5 		ldr	lr, [sp, #28]
 440 05c4 05005EE1 		cmp	lr, r5
 441 05c8 230300DA 		ble	.L391
 442 05cc 20E09DE5 		ldr	lr, [sp, #32]
 443 05d0 03005EE1 		cmp	lr, r3
 444 05d4 1F0300DA 		ble	.L392
 445 05d8 10E09DE5 		ldr	lr, [sp, #16]
 446 05dc 24709DE5 		ldr	r7, [sp, #36]
 447 05e0 07005EE1 		cmp	lr, r7
 448 05e4 1A0300AA 		bge	.L393
 449 05e8 28E09DE5 		ldr	lr, [sp, #40]
 450 05ec 04005EE3 		cmp	lr, #4
 451 05f0 D0E0D1E1 		ldrsb	lr, [r1]
 452 05f4 1503001A 		bne	.L394
 453 05f8 2C709DE5 		ldr	r7, [sp, #44]
 454 05fc 000057E3 		cmp	r7, #0
 455 0600 110300DA 		ble	.L395
 456 0604 08709DE5 		ldr	r7, [sp, #8]
 457 0608 30609DE5 		ldr	r6, [sp, #48]
 458 060c 060057E1 		cmp	r7, r6
 459 0610 0C0300AA 		bge	.L396
 460 0614 34609DE5 		ldr	r6, [sp, #52]
 461 0618 060052E1 		cmp	r2, r6
 462 061c ED0200AA 		bge	.L397
 463 0620 000058E3 		cmp	r8, #0
 464 0624 EA0200BA 		blt	.L145
 465 0628 0C0058E1 		cmp	r8, ip
 466 062c E80200AA 		bge	.L145
 467 0630 40609DE5 		ldr	r6, [sp, #64]
 468 0634 D070D0E1 		ldrsb	r7, [r0]
 469 0638 0EE086E0 		add	lr, r6, lr
 470 063c 00609DE5 		ldr	r6, [sp]
 471 0640 9E672EE0 		mla	lr, lr, r7, r6
 472 0644 00E08DE5 		str	lr, [sp]
 473              	.L135:
 474 0648 012082E2 		add	r2, r2, #1
 475 064c 0B3083E0 		add	r3, r3, fp
 476 0650 090052E1 		cmp	r2, r9
 477 0654 0C0080E0 		add	r0, r0, ip
 478 0658 041081E0 		add	r1, r1, r4
 479 065c CAFFFF1A 		bne	.L147
 480 0660 08709DE5 		ldr	r7, [sp, #8]
 481 0664 00609DE5 		ldr	r6, [sp]
 482              	.L134:
 483 0668 38309DE5 		ldr	r3, [sp, #56]
 484 066c 017087E2 		add	r7, r7, #1
 485 0670 4C209DE5 		ldr	r2, [sp, #76]
 486 0674 023083E0 		add	r3, r3, r2
 487 0678 50209DE5 		ldr	r2, [sp, #80]
 488 067c 38308DE5 		str	r3, [sp, #56]
 489 0680 48309DE5 		ldr	r3, [sp, #72]
 490 0684 030057E1 		cmp	r7, r3
 491 0688 3C309DE5 		ldr	r3, [sp, #60]
 492 068c 023083E0 		add	r3, r3, r2
 493 0690 3C308DE5 		str	r3, [sp, #60]
 494 0694 44309DE5 		ldr	r3, [sp, #68]
 495 0698 035085E0 		add	r5, r5, r3
 496 069c ACFFFF1A 		bne	.L148
 497 06a0 020000EA 		b	.L425
 498              	.L426:
 499 06a4 00F020E3 		.align	3
 500              	.L424:
 501 06a8 01000000 		.word	1
 502 06ac 00000000 		.word	0
 503              	.L425:
 504              	.L133:
 505 06b0 88309DE5 		ldr	r3, [sp, #136]
 506 06b4 64209DE5 		ldr	r2, [sp, #100]
 507 06b8 000053E3 		cmp	r3, #0
 508 06bc 08319317 		ldrne	r3, [r3, r8, lsl #2]
 509 06c0 03608610 		addne	r6, r6, r3
 510 06c4 68309DE5 		ldr	r3, [sp, #104]
 511 06c8 041093E4 		ldr	r1, [r3], #4
 512 06cc 68308DE5 		str	r3, [sp, #104]
 513 06d0 000051E3 		cmp	r1, #0
 514 06d4 043092E4 		ldr	r3, [r2], #4
 515 06d8 64208DE5 		str	r2, [sp, #100]
 516 06dc C12FC1E1 		bic	r2, r1, r1, asr #31
 517 06e0 001061D2 		rsble	r1, r1, #0
 518 06e4 1662A0E1 		lsl	r6, r6, r2
 519 06e8 0010A0C3 		movgt	r1, #0
 520 06ec 9643C5E0 		smull	r4, r5, r6, r3
 521 06f0 060053E1 		cmp	r3, r6
 522 06f4 02015603 		cmpeq	r6, #-2147483648
 523 06f8 0160A003 		moveq	r6, #1
 524 06fc 0060A013 		movne	r6, #0
 525 0700 000054E3 		cmp	r4, #0
 526 0704 0030D5E2 		sbcs	r3, r5, #0
 527 0708 900200BA 		blt	.L225
 528 070c 0121A0E3 		mov	r2, #1073741824
 529 0710 0030A0E3 		mov	r3, #0
 530              	.L151:
 531 0714 000056E3 		cmp	r6, #0
 532 0718 8A02001A 		bne	.L398
 533 071c 024094E0 		adds	r4, r4, r2
 534 0720 0350A5E0 		adc	r5, r5, r3
 535 0724 0030A0E3 		mov	r3, #0
 536 0728 C52FA0E1 		asr	r2, r5, #31
 537 072c 0221C2E3 		bic	r2, r2, #-2147483648
 538 0730 042092E0 		adds	r2, r2, r4
 539 0734 A22FA0E1 		lsr	r2, r2, #31
 540 0738 0530A3E0 		adc	r3, r3, r5
 541 073c 832082E1 		orr	r2, r2, r3, lsl #1
 542              	.L186:
 543 0740 1F0051E3 		cmp	r1, #31
 544 0744 EE0200CA 		bgt	.L399
 545 0748 901B02EE 		vmov.32	d18[0], r1
 546 074c 5211A0E1 		asr	r1, r2, r1
 547 0750 A01472F3 		vshl.u64	d17, d16, d18
 548 0754 314B55EC 		vmov	r4, r5, d17	@ int
 549 0758 013044E2 		sub	r3, r4, #1
 550 075c C300A0E1 		asr	r0, r3, #1
 551 0760 023003E0 		and	r3, r3, r2
 552 0764 A22F80E0 		add	r2, r0, r2, lsr #31
 553 0768 020053E1 		cmp	r3, r2
 554 076c 0100A0D1 		movle	r0, r1
 555 0770 010081C2 		addgt	r0, r1, #1
 556 0774 8C309DE5 		ldr	r3, [sp, #140]
 557 0778 030080E0 		add	r0, r0, r3
 558 077c 6C309DE5 		ldr	r3, [sp, #108]
 559 0780 000053E1 		cmp	r3, r0
 560 0784 0300A0C1 		movgt	r0, r3
 561 0788 020000CA 		bgt	.L153
 562 078c 90309DE5 		ldr	r3, [sp, #144]
 563 0790 000053E1 		cmp	r3, r0
 564 0794 0300A0B1 		movlt	r0, r3
 565              	.L153:
 566 0798 10319DE5 		ldr	r3, [sp, #272]
 567 079c 040053E3 		cmp	r3, #4
 568 07a0 D602001A 		bne	.L400
 569 07a4 14319DE5 		ldr	r3, [sp, #276]
 570 07a8 0C209DE5 		ldr	r2, [sp, #12]
 571 07ac 030052E1 		cmp	r2, r3
 572 07b0 D10200AA 		bge	.L401
 573 07b4 18319DE5 		ldr	r3, [sp, #280]
 574 07b8 60209DE5 		ldr	r2, [sp, #96]
 575 07bc 030052E1 		cmp	r2, r3
 576 07c0 CC0200AA 		bge	.L402
 577 07c4 1C119DE5 		ldr	r1, [sp, #284]
 578 07c8 5C209DE5 		ldr	r2, [sp, #92]
 579 07cc 010052E1 		cmp	r2, r1
 580 07d0 C70200AA 		bge	.L403
 581 07d4 000058E3 		cmp	r8, #0
 582 07d8 C40200BA 		blt	.L157
 583 07dc 20219DE5 		ldr	r2, [sp, #288]
 584 07e0 020058E1 		cmp	r8, r2
 585 07e4 C10200AA 		bge	.L157
 586 07e8 0CC09DE5 		ldr	ip, [sp, #12]
 587 07ec 60E09DE5 		ldr	lr, [sp, #96]
 588 07f0 93EC23E0 		mla	r3, r3, ip, lr
 589 07f4 5CC09DE5 		ldr	ip, [sp, #92]
 590 07f8 91C323E0 		mla	r3, r1, r3, ip
 591 07fc 80109DE5 		ldr	r1, [sp, #128]
 592 0800 921323E0 		mla	r3, r2, r3, r1
 593 0804 0800C3E7 		strb	r0, [r3, r8]
 594 0808 018088E2 		add	r8, r8, #1
 595 080c 74309DE5 		ldr	r3, [sp, #116]
 596 0810 030058E1 		cmp	r8, r3
 597 0814 1AFFFF1A 		bne	.L160
 598              	.L328:
 599 0818 0370A0E1 		mov	r7, r3
 600 081c 10309DE5 		ldr	r3, [sp, #16]
 601 0820 A0209DE5 		ldr	r2, [sp, #160]
 602 0824 013083E2 		add	r3, r3, #1
 603 0828 020053E1 		cmp	r3, r2
 604 082c 10308DE5 		str	r3, [sp, #16]
 605 0830 94209DE5 		ldr	r2, [sp, #148]
 606 0834 C4309DE5 		ldr	r3, [sp, #196]
 607 0838 032082E0 		add	r2, r2, r3
 608 083c 94208DE5 		str	r2, [sp, #148]
 609 0840 98209DE5 		ldr	r2, [sp, #152]
 610 0844 033082E0 		add	r3, r2, r3
 611 0848 98308DE5 		str	r3, [sp, #152]
 612 084c 02FFFF1A 		bne	.L132
 613              	.L131:
 614 0850 54209DE5 		ldr	r2, [sp, #84]
 615 0854 B4109DE5 		ldr	r1, [sp, #180]
 616 0858 5C309DE5 		ldr	r3, [sp, #92]
 617 085c 012082E0 		add	r2, r2, r1
 618 0860 54208DE5 		str	r2, [sp, #84]
 619 0864 013083E2 		add	r3, r3, #1
 620 0868 A8209DE5 		ldr	r2, [sp, #168]
 621 086c 5C308DE5 		str	r3, [sp, #92]
 622 0870 020053E1 		cmp	r3, r2
 623 0874 EFFEFF1A 		bne	.L129
 624              	.L128:
 625 0878 70209DE5 		ldr	r2, [sp, #112]
 626 087c B8109DE5 		ldr	r1, [sp, #184]
 627 0880 60309DE5 		ldr	r3, [sp, #96]
 628 0884 012082E0 		add	r2, r2, r1
 629 0888 70208DE5 		str	r2, [sp, #112]
 630 088c 013083E2 		add	r3, r3, #1
 631 0890 A4209DE5 		ldr	r2, [sp, #164]
 632 0894 60308DE5 		str	r3, [sp, #96]
 633 0898 020053E1 		cmp	r3, r2
 634 089c DDFEFF1A 		bne	.L126
 635              	.L125:
 636 08a0 0C309DE5 		ldr	r3, [sp, #12]
 637 08a4 9C209DE5 		ldr	r2, [sp, #156]
 638 08a8 013083E2 		add	r3, r3, #1
 639 08ac 020053E1 		cmp	r3, r2
 640 08b0 0C308DE5 		str	r3, [sp, #12]
 641 08b4 CFFEFF1A 		bne	.L123
 642 08b8 10319DE5 		ldr	r3, [sp, #272]
 643 08bc 050053E3 		cmp	r3, #5
 644 08c0 030000DA 		ble	.L329
 645 08c4 14019DE5 		ldr	r0, [sp, #276]
 646 08c8 000050E3 		cmp	r0, #0
 647 08cc 0000000A 		beq	.L329
 648 08d0 FEFFFFEB 		bl	_ZdaPv
 649              	.L329:
 650 08d4 F8009DE5 		ldr	r0, [sp, #248]
 651              	.L119:
 652 08d8 050050E3 		cmp	r0, #5
 653 08dc 030000DA 		ble	.L163
 654 08e0 FC009DE5 		ldr	r0, [sp, #252]
 655 08e4 000050E3 		cmp	r0, #0
 656 08e8 0000000A 		beq	.L163
 657              	.L359:
 658 08ec FEFFFFEB 		bl	_ZdaPv
 659              	.L163:
 660 08f0 E0309DE5 		ldr	r3, [sp, #224]
 661 08f4 050053E3 		cmp	r3, #5
 662 08f8 030000DA 		ble	.L164
 663 08fc E4009DE5 		ldr	r0, [sp, #228]
 664 0900 000050E3 		cmp	r0, #0
 665 0904 0000000A 		beq	.L164
 666 0908 FEFFFFEB 		bl	_ZdaPv
 667              	.L164:
 668 090c C8309DE5 		ldr	r3, [sp, #200]
 669 0910 050053E3 		cmp	r3, #5
 670 0914 030000DA 		ble	.L165
 671 0918 CC009DE5 		ldr	r0, [sp, #204]
 672 091c 000050E3 		cmp	r0, #0
 673 0920 0000000A 		beq	.L165
 674 0924 FEFFFFEB 		bl	_ZdaPv
 675              	.L165:
 676 0928 0000A0E3 		mov	r0, #0
 677 092c 000000EA 		b	.L313
 678              	.L377:
 679 0930 0100A0E3 		mov	r0, #1
 680              	.L313:
 681 0934 5BDF8DE2 		add	sp, sp, #364
 682              		@ sp needed
 683 0938 F08FBDE8 		pop	{r4, r5, r6, r7, r8, r9, r10, fp, pc}
 684              	.L182:
 685 093c 0920A0E1 		mov	r2, r9
 686 0940 0A10A0E1 		mov	r1, r10
 687 0944 4A0F8DE2 		add	r0, sp, #296
 688              	.LEHB4:
 689 0948 FEFFFFEB 		bl	_ZN6tflite24DepthwiseConvParamsFloatERK25TfLiteDepthwiseConvParamsRKNS_10OpDataConvE
 690 094c 0810A0E1 		mov	r1, r8
 691 0950 C8008DE2 		add	r0, sp, #200
 692 0954 FEFFFFEB 		bl	_ZN6tflite5micro14GetTensorShapeEPK16TfLiteEvalTensor
 693              	.LEHE4:
 694 0958 003098E5 		ldr	r3, [r8]
 695 095c 0510A0E1 		mov	r1, r5
 696 0960 E0008DE2 		add	r0, sp, #224
 697 0964 10308DE5 		str	r3, [sp, #16]
 698              	.LEHB5:
 699 0968 FEFFFFEB 		bl	_ZN6tflite5micro14GetTensorShapeEPK16TfLiteEvalTensor
 700              	.LEHE5:
 701 096c 000055E3 		cmp	r5, #0
 702 0970 D202000A 		beq	.L404
 703 0974 003095E5 		ldr	r3, [r5]
 704 0978 0410A0E1 		mov	r1, r4
 705 097c F8008DE2 		add	r0, sp, #248
 706 0980 A0308DE5 		str	r3, [sp, #160]
 707              	.LEHB6:
 708 0984 FEFFFFEB 		bl	_ZN6tflite5micro14GetTensorShapeEPK16TfLiteEvalTensor
 709              	.LEHE6:
 710 0988 000054E3 		cmp	r4, #0
 711 098c CD02000A 		beq	.L405
 712 0990 003094E5 		ldr	r3, [r4]
 713 0994 0610A0E1 		mov	r1, r6
 714 0998 110E8DE2 		add	r0, sp, #272
 715 099c 68308DE5 		str	r3, [sp, #104]
 716              	.LEHB7:
 717 09a0 FEFFFFEB 		bl	_ZN6tflite5micro14GetTensorShapeEPK16TfLiteEvalTensor
 718              	.LEHE7:
 719 09a4 000056E3 		cmp	r6, #0
 720 09a8 132E8DE2 		add	r2, sp, #304
 721 09ac 00309615 		ldrne	r3, [r6]
 722 09b0 022082E2 		add	r2, r2, #2
 723 09b4 04608D05 		streq	r6, [sp, #4]
 724 09b8 F020D2E1 		ldrsh	r2, [r2]
 725 09bc 04308D15 		strne	r3, [sp, #4]
 726 09c0 C8309DE5 		ldr	r3, [sp, #200]
 727 09c4 98208DE5 		str	r2, [sp, #152]
 728 09c8 4D2F8DE2 		add	r2, sp, #308
 729 09cc F020D2E1 		ldrsh	r2, [r2]
 730 09d0 040053E3 		cmp	r3, #4
 731 09d4 4D3F8DE2 		add	r3, sp, #308
 732 09d8 023083E2 		add	r3, r3, #2
 733 09dc F090D3E1 		ldrsh	r9, [r3]
 734 09e0 4E3F8DE2 		add	r3, sp, #312
 735 09e4 9C208DE5 		str	r2, [sp, #156]
 736 09e8 F030D3E1 		ldrsh	r3, [r3]
 737 09ec 566A9DED 		vldr.32	s12, [sp, #344]
 738 09f0 575ADDED 		vldr.32	s11, [sp, #348]
 739 09f4 00308DE5 		str	r3, [sp]
 740 09f8 4A3F8DE2 		add	r3, sp, #296
 741 09fc 023083E2 		add	r3, r3, #2
 742 0a00 F070D3E1 		ldrsh	r7, [r3]
 743 0a04 4B3F8DE2 		add	r3, sp, #300
 744 0a08 F080D3E1 		ldrsh	r8, [r3]
 745 0a0c 4E3F8DE2 		add	r3, sp, #312
 746 0a10 023083E2 		add	r3, r3, #2
 747 0a14 F030D3E1 		ldrsh	r3, [r3]
 748 0a18 70308DE5 		str	r3, [sp, #112]
 749 0a1c AB02001A 		bne	.L406
 750 0a20 E0309DE5 		ldr	r3, [sp, #224]
 751 0a24 040053E3 		cmp	r3, #4
 752 0a28 A902001A 		bne	.L407
 753 0a2c 10319DE5 		ldr	r3, [sp, #272]
 754 0a30 040053E3 		cmp	r3, #4
 755 0a34 A702001A 		bne	.L408
 756 0a38 CC309DE5 		ldr	r3, [sp, #204]
 757 0a3c 14219DE5 		ldr	r2, [sp, #276]
 758 0a40 58308DE5 		str	r3, [sp, #88]
 759 0a44 020053E1 		cmp	r3, r2
 760 0a48 28208DE5 		str	r2, [sp, #40]
 761 0a4c A202001A 		bne	.L409
 762 0a50 F0309DE5 		ldr	r3, [sp, #240]
 763 0a54 0320A0E1 		mov	r2, r3
 764 0a58 30308DE5 		str	r3, [sp, #48]
 765 0a5c 20319DE5 		ldr	r3, [sp, #288]
 766 0a60 030052E1 		cmp	r2, r3
 767 0a64 9D02001A 		bne	.L410
 768 0a68 D0209DE5 		ldr	r2, [sp, #208]
 769 0a6c D8309DE5 		ldr	r3, [sp, #216]
 770 0a70 D4A09DE5 		ldr	r10, [sp, #212]
 771 0a74 0C208DE5 		str	r2, [sp, #12]
 772 0a78 70209DE5 		ldr	r2, [sp, #112]
 773 0a7c 18308DE5 		str	r3, [sp, #24]
 774 0a80 E8609DE5 		ldr	r6, [sp, #232]
 775 0a84 ECB09DE5 		ldr	fp, [sp, #236]
 776 0a88 930203E0 		mul	r3, r3, r2
 777 0a8c 18219DE5 		ldr	r2, [sp, #280]
 778 0a90 4C208DE5 		str	r2, [sp, #76]
 779 0a94 1C219DE5 		ldr	r2, [sp, #284]
 780 0a98 48208DE5 		str	r2, [sp, #72]
 781 0a9c 30209DE5 		ldr	r2, [sp, #48]
 782 0aa0 020053E1 		cmp	r3, r2
 783 0aa4 9002001A 		bne	.L411
 784 0aa8 F8309DE5 		ldr	r3, [sp, #248]
 785 0aac 050053E3 		cmp	r3, #5
 786 0ab0 6C308DE5 		str	r3, [sp, #108]
 787 0ab4 1B0100CA 		bgt	.L412
 788 0ab8 000053E3 		cmp	r3, #0
 789 0abc 0120A0D3 		movle	r2, #1
 790 0ac0 530000DA 		ble	.L23
 791 0ac4 FCE08DE2 		add	lr, sp, #252
 792 0ac8 0320A0E1 		mov	r2, r3
 793              	.L22:
 794 0acc 5E31A0E7 		sbfx	r3, lr, #2, #1
 795 0ad0 033003E2 		and	r3, r3, #3
 796 0ad4 020053E1 		cmp	r3, r2
 797 0ad8 0230A021 		movcs	r3, r2
 798 0adc 080052E3 		cmp	r2, #8
 799 0ae0 0230A0D1 		movle	r3, r2
 800 0ae4 B10100CA 		bgt	.L413
 801              	.L24:
 802 0ae8 010053E3 		cmp	r3, #1
 803 0aec 00209EE5 		ldr	r2, [lr]
 804 0af0 9B01000A 		beq	.L201
 805 0af4 04109EE5 		ldr	r1, [lr, #4]
 806 0af8 020053E3 		cmp	r3, #2
 807 0afc 910202E0 		mul	r2, r1, r2
 808 0b00 9701000A 		beq	.L201
 809 0b04 08109EE5 		ldr	r1, [lr, #8]
 810 0b08 030053E3 		cmp	r3, #3
 811 0b0c 910202E0 		mul	r2, r1, r2
 812 0b10 9301000A 		beq	.L201
 813 0b14 0C109EE5 		ldr	r1, [lr, #12]
 814 0b18 040053E3 		cmp	r3, #4
 815 0b1c 910202E0 		mul	r2, r1, r2
 816 0b20 8F01000A 		beq	.L201
 817 0b24 10109EE5 		ldr	r1, [lr, #16]
 818 0b28 050053E3 		cmp	r3, #5
 819 0b2c 910202E0 		mul	r2, r1, r2
 820 0b30 8B01000A 		beq	.L201
 821 0b34 14109EE5 		ldr	r1, [lr, #20]
 822 0b38 060053E3 		cmp	r3, #6
 823 0b3c 910202E0 		mul	r2, r1, r2
 824 0b40 8701000A 		beq	.L201
 825 0b44 18109EE5 		ldr	r1, [lr, #24]
 826 0b48 070053E3 		cmp	r3, #7
 827 0b4c 910202E0 		mul	r2, r1, r2
 828 0b50 8301000A 		beq	.L201
 829 0b54 1C009EE5 		ldr	r0, [lr, #28]
 830 0b58 0810A0E3 		mov	r1, #8
 831 0b5c 900202E0 		mul	r2, r0, r2
 832              	.L26:
 833 0b60 6C009DE5 		ldr	r0, [sp, #108]
 834 0b64 030050E1 		cmp	r0, r3
 835 0b68 2900000A 		beq	.L23
 836              	.L25:
 837 0b6c 034040E0 		sub	r4, r0, r3
 838 0b70 01C040E2 		sub	ip, r0, #1
 839 0b74 040044E2 		sub	r0, r4, #4
 840 0b78 03C04CE0 		sub	ip, ip, r3
 841 0b7c 2001A0E1 		lsr	r0, r0, #2
 842 0b80 02005CE3 		cmp	ip, #2
 843 0b84 010080E2 		add	r0, r0, #1
 844 0b88 0051A0E1 		lsl	r5, r0, #2
 845 0b8c 1200009A 		bls	.L28
 846 0b90 03318EE0 		add	r3, lr, r3, lsl #2
 847 0b94 5140C0F2 		vmov.i32	q10, #1  @ v4si
 848 0b98 00C0A0E3 		mov	ip, #0
 849              	.L30:
 850 0b9c 01C08CE2 		add	ip, ip, #1
 851 0ba0 DF0A63F4 		vld1.64	{d16-d17}, [r3:64]
 852 0ba4 0C0050E1 		cmp	r0, ip
 853 0ba8 103083E2 		add	r3, r3, #16
 854 0bac F04964F2 		vmul.i32	q10, q10, q8
 855 0bb0 F9FFFF8A 		bhi	.L30
 856 0bb4 050054E1 		cmp	r4, r5
 857 0bb8 051081E0 		add	r1, r1, r5
 858 0bbc 5000C0F2 		vmov.i32	q8, #0  @ v4si
 859 0bc0 E028F4F2 		vext.32	q9, q10, q8, #2
 860 0bc4 F42962F2 		vmul.i32	q9, q9, q10
 861 0bc8 E004F2F2 		vext.32	q8, q9, q8, #1
 862 0bcc F20960F2 		vmul.i32	q8, q8, q9
 863 0bd0 903B10EE 		vmov.32	r3, d16[0]
 864 0bd4 930202E0 		mul	r2, r3, r2
 865 0bd8 0D00000A 		beq	.L23
 866              	.L28:
 867 0bdc 6CC09DE5 		ldr	ip, [sp, #108]
 868 0be0 013081E2 		add	r3, r1, #1
 869 0be4 01019EE7 		ldr	r0, [lr, r1, lsl #2]
 870 0be8 03005CE1 		cmp	ip, r3
 871 0bec 0131A0E1 		lsl	r3, r1, #2
 872 0bf0 900202E0 		mul	r2, r0, r2
 873 0bf4 060000DA 		ble	.L23
 874 0bf8 03E08EE0 		add	lr, lr, r3
 875 0bfc 021081E2 		add	r1, r1, #2
 876 0c00 04309EE5 		ldr	r3, [lr, #4]
 877 0c04 01005CE1 		cmp	ip, r1
 878 0c08 930202E0 		mul	r2, r3, r2
 879 0c0c 08309EC5 		ldrgt	r3, [lr, #8]
 880 0c10 930202C0 		mulgt	r2, r3, r2
 881              	.L23:
 882 0c14 30309DE5 		ldr	r3, [sp, #48]
 883 0c18 020053E1 		cmp	r3, r2
 884 0c1c EA01001A 		bne	.L34
 885 0c20 58309DE5 		ldr	r3, [sp, #88]
 886 0c24 000053E3 		cmp	r3, #0
 887 0c28 3F0100DA 		ble	.L39
 888 0c2c 003068E2 		rsb	r3, r8, #0
 889 0c30 4C109DE5 		ldr	r1, [sp, #76]
 890 0c34 03E0A0E1 		mov	lr, r3
 891 0c38 C0308DE5 		str	r3, [sp, #192]
 892 0c3c 48309DE5 		ldr	r3, [sp, #72]
 893 0c40 0B51A0E1 		lsl	r5, fp, #2
 894 0c44 18009DE5 		ldr	r0, [sp, #24]
 895 0c48 9E0A0EE0 		mul	lr, lr, r10
 896 0c4c 04809DE5 		ldr	r8, [sp, #4]
 897 0c50 930103E0 		mul	r3, r3, r1
 898 0c54 E4109DE5 		ldr	r1, [sp, #228]
 899 0c58 802080E0 		add	r2, r0, r0, lsl #1
 900 0c5c 90808DE5 		str	r8, [sp, #144]
 901 0c60 900A00E0 		mul	r0, r0, r10
 902 0c64 8241A0E1 		lsl	r4, r2, #3
 903 0c68 002067E2 		rsb	r2, r7, #0
 904 0c6c 03C1A0E1 		lsl	ip, r3, #2
 905 0c70 A4208DE5 		str	r2, [sp, #164]
 906 0c74 30309DE5 		ldr	r3, [sp, #48]
 907 0c78 07E04EE0 		sub	lr, lr, r7
 908 0c7c 48209DE5 		ldr	r2, [sp, #72]
 909 0c80 2C108DE5 		str	r1, [sp, #44]
 910 0c84 0C109DE5 		ldr	r1, [sp, #12]
 911 0c88 0381A0E1 		lsl	r8, r3, #2
 912 0c8c 930202E0 		mul	r2, r3, r2
 913 0c90 0031A0E1 		lsl	r3, r0, #2
 914 0c94 70009DE5 		ldr	r0, [sp, #112]
 915 0c98 9A0101E0 		mul	r1, r10, r1
 916 0c9c 0221A0E1 		lsl	r2, r2, #2
 917 0ca0 0001A0E1 		lsl	r0, r0, #2
 918 0ca4 B0208DE5 		str	r2, [sp, #176]
 919 0ca8 0111A0E1 		lsl	r1, r1, #2
 920 0cac 9C209DE5 		ldr	r2, [sp, #156]
 921 0cb0 A8008DE5 		str	r0, [sp, #168]
 922 0cb4 0000A0E3 		mov	r0, #0
 923 0cb8 14008DE5 		str	r0, [sp, #20]
 924 0cbc 30009DE5 		ldr	r0, [sp, #48]
 925 0cc0 930202E0 		mul	r2, r3, r2
 926 0cc4 900C0CE0 		mul	ip, r0, ip
 927 0cc8 18009DE5 		ldr	r0, [sp, #24]
 928 0ccc B4208DE5 		str	r2, [sp, #180]
 929 0cd0 00209DE5 		ldr	r2, [sp]
 930 0cd4 900101E0 		mul	r1, r0, r1
 931 0cd8 B8C08DE5 		str	ip, [sp, #184]
 932 0cdc 930202E0 		mul	r2, r3, r2
 933 0ce0 BC108DE5 		str	r1, [sp, #188]
 934 0ce4 08208DE5 		str	r2, [sp, #8]
 935 0ce8 990402E0 		mul	r2, r9, r4
 936 0cec 34208DE5 		str	r2, [sp, #52]
 937 0cf0 30209DE5 		ldr	r2, [sp, #48]
 938 0cf4 920503E0 		mul	r3, r2, r5
 939 0cf8 98209DE5 		ldr	r2, [sp, #152]
 940 0cfc 04308DE5 		str	r3, [sp, #4]
 941 0d00 0031A0E1 		lsl	r3, r0, #2
 942 0d04 930202E0 		mul	r2, r3, r2
 943 0d08 930907E0 		mul	r7, r3, r9
 944 0d0c AC208DE5 		str	r2, [sp, #172]
 945 0d10 10209DE5 		ldr	r2, [sp, #16]
 946 0d14 932E22E0 		mla	r2, r3, lr, r2
 947 0d18 0830A0E1 		mov	r3, r8
 948 0d1c 0A80A0E1 		mov	r8, r10
 949 0d20 07A0A0E1 		mov	r10, r7
 950 0d24 0B70A0E1 		mov	r7, fp
 951 0d28 09B0A0E1 		mov	fp, r9
 952 0d2c 0690A0E1 		mov	r9, r6
 953 0d30 0360A0E1 		mov	r6, r3
 954 0d34 94208DE5 		str	r2, [sp, #148]
 955              	.L40:
 956 0d38 4C309DE5 		ldr	r3, [sp, #76]
 957 0d3c 000053E3 		cmp	r3, #0
 958 0d40 EB0000DA 		ble	.L42
 959 0d44 C0309DE5 		ldr	r3, [sp, #192]
 960 0d48 60308DE5 		str	r3, [sp, #96]
 961 0d4c 94309DE5 		ldr	r3, [sp, #148]
 962 0d50 8C308DE5 		str	r3, [sp, #140]
 963 0d54 90309DE5 		ldr	r3, [sp, #144]
 964 0d58 88308DE5 		str	r3, [sp, #136]
 965 0d5c 0030A0E3 		mov	r3, #0
 966 0d60 54308DE5 		str	r3, [sp, #84]
 967 0d64 0A30A0E1 		mov	r3, r10
 968 0d68 0BA0A0E1 		mov	r10, fp
 969 0d6c 03B0A0E1 		mov	fp, r3
 970              	.L38:
 971 0d70 48309DE5 		ldr	r3, [sp, #72]
 972 0d74 000053E3 		cmp	r3, #0
 973 0d78 C80000DA 		ble	.L44
 974 0d7c A4309DE5 		ldr	r3, [sp, #164]
 975 0d80 0920A0E1 		mov	r2, r9
 976 0d84 0890A0E1 		mov	r9, r8
 977 0d88 0280A0E1 		mov	r8, r2
 978 0d8c 38308DE5 		str	r3, [sp, #56]
 979 0d90 8C309DE5 		ldr	r3, [sp, #140]
 980 0d94 84308DE5 		str	r3, [sp, #132]
 981 0d98 88309DE5 		ldr	r3, [sp, #136]
 982 0d9c 80308DE5 		str	r3, [sp, #128]
 983 0da0 0030A0E3 		mov	r3, #0
 984 0da4 50308DE5 		str	r3, [sp, #80]
 985 0da8 0B30A0E1 		mov	r3, fp
 986 0dac 0AB0A0E1 		mov	fp, r10
 987 0db0 03A0A0E1 		mov	r10, r3
 988              	.L41:
 989 0db4 18309DE5 		ldr	r3, [sp, #24]
 990 0db8 000053E3 		cmp	r3, #0
 991 0dbc A00000DA 		ble	.L46
 992 0dc0 68209DE5 		ldr	r2, [sp, #104]
 993 0dc4 0030A0E3 		mov	r3, #0
 994 0dc8 1C308DE5 		str	r3, [sp, #28]
 995 0dcc 78208DE5 		str	r2, [sp, #120]
 996 0dd0 A0209DE5 		ldr	r2, [sp, #160]
 997 0dd4 7C208DE5 		str	r2, [sp, #124]
 998 0dd8 84209DE5 		ldr	r2, [sp, #132]
 999 0ddc 5C208DE5 		str	r2, [sp, #92]
 1000 0de0 80209DE5 		ldr	r2, [sp, #128]
 1001 0de4 74208DE5 		str	r2, [sp, #116]
 1002              	.L47:
 1003 0de8 70209DE5 		ldr	r2, [sp, #112]
 1004 0dec 000052E3 		cmp	r2, #0
 1005 0df0 F40000DA 		ble	.L414
 1006 0df4 032082E0 		add	r2, r2, r3
 1007 0df8 10308DE5 		str	r3, [sp, #16]
 1008 0dfc 7C309DE5 		ldr	r3, [sp, #124]
 1009 0e00 64208DE5 		str	r2, [sp, #100]
 1010 0e04 3C308DE5 		str	r3, [sp, #60]
 1011 0e08 78309DE5 		ldr	r3, [sp, #120]
 1012 0e0c 40308DE5 		str	r3, [sp, #64]
 1013 0e10 74309DE5 		ldr	r3, [sp, #116]
 1014 0e14 44308DE5 		str	r3, [sp, #68]
 1015              	.L90:
 1016 0e18 000058E3 		cmp	r8, #0
 1017 0e1c EE7ADFED 		vldr.32	s15, .L427
 1018 0e20 450000DA 		ble	.L48
 1019 0e24 5C509DE5 		ldr	r5, [sp, #92]
 1020 0e28 00E0A0E3 		mov	lr, #0
 1021 0e2c 3C409DE5 		ldr	r4, [sp, #60]
 1022 0e30 60C09DE5 		ldr	ip, [sp, #96]
 1023 0e34 080000EA 		b	.L80
 1024              	.L49:
 1025 0e38 00309DE5 		ldr	r3, [sp]
 1026 0e3c 01E08EE2 		add	lr, lr, #1
 1027 0e40 08005EE1 		cmp	lr, r8
 1028 0e44 03C08CE0 		add	ip, ip, r3
 1029 0e48 04309DE5 		ldr	r3, [sp, #4]
 1030 0e4c 034084E0 		add	r4, r4, r3
 1031 0e50 08309DE5 		ldr	r3, [sp, #8]
 1032 0e54 035085E0 		add	r5, r5, r3
 1033 0e58 3700000A 		beq	.L48
 1034              	.L80:
 1035 0e5c 000057E3 		cmp	r7, #0
 1036 0e60 F4FFFFDA 		ble	.L49
 1037 0e64 0C309DE5 		ldr	r3, [sp, #12]
 1038 0e68 00005CE3 		cmp	ip, #0
 1039 0e6c 0C0053A1 		cmpge	r3, ip
 1040 0e70 F0FFFFDA 		ble	.L49
 1041 0e74 30309DE5 		ldr	r3, [sp, #48]
 1042 0e78 10209DE5 		ldr	r2, [sp, #16]
 1043 0e7c 020053E1 		cmp	r3, r2
 1044 0e80 0230A0E1 		mov	r3, r2
 1045 0e84 D50000DA 		ble	.L415
 1046 0e88 000052E3 		cmp	r2, #0
 1047 0e8c 360100BA 		blt	.L416
 1048 0e90 08005EE1 		cmp	lr, r8
 1049 0e94 230100AA 		bge	.L417
 1050 0e98 38309DE5 		ldr	r3, [sp, #56]
 1051 0e9c 0510A0E1 		mov	r1, r5
 1052 0ea0 0400A0E1 		mov	r0, r4
 1053 0ea4 0020A0E3 		mov	r2, #0
 1054 0ea8 20E08DE5 		str	lr, [sp, #32]
 1055 0eac 24C08DE5 		str	ip, [sp, #36]
 1056              	.L72:
 1057 0eb0 000053E3 		cmp	r3, #0
 1058 0eb4 030059A1 		cmpge	r9, r3
 1059 0eb8 110000DA 		ble	.L75
 1060 0ebc 28C09DE5 		ldr	ip, [sp, #40]
 1061 0ec0 14E09DE5 		ldr	lr, [sp, #20]
 1062 0ec4 0E005CE1 		cmp	ip, lr
 1063 0ec8 DD0000DA 		ble	.L55
 1064 0ecc 1CC09DE5 		ldr	ip, [sp, #28]
 1065 0ed0 18E09DE5 		ldr	lr, [sp, #24]
 1066 0ed4 0E005CE1 		cmp	ip, lr
 1067 0ed8 D80000AA 		bge	.L56
 1068 0edc 2CC09DE5 		ldr	ip, [sp, #44]
 1069 0ee0 006AD1ED 		vldr.32	s13, [r1]
 1070 0ee4 00005CE3 		cmp	ip, #0
 1071 0ee8 34C09DE5 		ldr	ip, [sp, #52]
 1072 0eec 0CF0D1F7 		pld	[r1, ip]
 1073 0ef0 D10000DA 		ble	.L58
 1074 0ef4 070052E1 		cmp	r2, r7
 1075 0ef8 CE0000AA 		bge	.L62
 1076 0efc 007A90ED 		vldr.32	s14, [r0]
 1077 0f00 877A46EE 		vmla.f32	s15, s13, s14
 1078              	.L75:
 1079 0f04 012082E2 		add	r2, r2, #1
 1080 0f08 0B3083E0 		add	r3, r3, fp
 1081 0f0c 070052E1 		cmp	r2, r7
 1082 0f10 060080E0 		add	r0, r0, r6
 1083 0f14 0A1081E0 		add	r1, r1, r10
 1084 0f18 E4FFFF1A 		bne	.L72
 1085 0f1c 20E09DE5 		ldr	lr, [sp, #32]
 1086 0f20 24C09DE5 		ldr	ip, [sp, #36]
 1087 0f24 C3FFFFEA 		b	.L49
 1088              	.L412:
 1089 0f28 FCE09DE5 		ldr	lr, [sp, #252]
 1090 0f2c 0320A0E1 		mov	r2, r3
 1091 0f30 E5FEFFEA 		b	.L22
 1092              	.L387:
 1093 0f34 FCC09DE5 		ldr	ip, [sp, #252]
 1094 0f38 D3FCFFEA 		b	.L106
 1095              	.L48:
 1096 0f3c 68309DE5 		ldr	r3, [sp, #104]
 1097 0f40 14209DE5 		ldr	r2, [sp, #20]
 1098 0f44 000053E3 		cmp	r3, #0
 1099 0f48 40309D15 		ldrne	r3, [sp, #64]
 1100 0f4c A27A9F0D 		vldreq.32	s14, .L427
 1101 0f50 007A931D 		vldrne.32	s14, [r3]
 1102 0f54 58309DE5 		ldr	r3, [sp, #88]
 1103 0f58 020053E1 		cmp	r3, r2
 1104 0f5c E20000DA 		ble	.L418
 1105 0f60 4C309DE5 		ldr	r3, [sp, #76]
 1106 0f64 54209DE5 		ldr	r2, [sp, #84]
 1107 0f68 020053E1 		cmp	r3, r2
 1108 0f6c DD0000DA 		ble	.L419
 1109 0f70 50309DE5 		ldr	r3, [sp, #80]
 1110 0f74 48209DE5 		ldr	r2, [sp, #72]
 1111 0f78 020053E1 		cmp	r3, r2
 1112 0f7c D80000AA 		bge	.L420
 1113 0f80 10309DE5 		ldr	r3, [sp, #16]
 1114 0f84 000053E3 		cmp	r3, #0
 1115 0f88 D40000BA 		blt	.L85
 1116 0f8c 30209DE5 		ldr	r2, [sp, #48]
 1117 0f90 030052E1 		cmp	r2, r3
 1118 0f94 D10000DA 		ble	.L85
 1119 0f98 40209DE5 		ldr	r2, [sp, #64]
 1120 0f9c 013083E2 		add	r3, r3, #1
 1121 0fa0 277A77EE 		vadd.f32	s15, s14, s15
 1122 0fa4 10308DE5 		str	r3, [sp, #16]
 1123 0fa8 042082E2 		add	r2, r2, #4
 1124 0fac 40208DE5 		str	r2, [sp, #64]
 1125 0fb0 3C209DE5 		ldr	r2, [sp, #60]
 1126 0fb4 676AB4EE 		vcmp.f32	s12, s15
 1127 0fb8 10FAF1EE 		vmrs	APSR_nzcv, FPSCR
 1128 0fbc 042082E2 		add	r2, r2, #4
 1129 0fc0 467AF0CE 		vmovgt.f32	s15, s12
 1130 0fc4 3C208DE5 		str	r2, [sp, #60]
 1131 0fc8 64209DE5 		ldr	r2, [sp, #100]
 1132 0fcc 675AF4EE 		vcmp.f32	s11, s15
 1133 0fd0 10FAF1EE 		vmrs	APSR_nzcv, FPSCR
 1134 0fd4 657AF04E 		vmovmi.f32	s15, s11
 1135 0fd8 020053E1 		cmp	r3, r2
 1136 0fdc 44309DE5 		ldr	r3, [sp, #68]
 1137 0fe0 017AE3EC 		vstmia.32	r3!, {s15}
 1138 0fe4 44308DE5 		str	r3, [sp, #68]
 1139 0fe8 8AFFFF1A 		bne	.L90
 1140              	.L89:
 1141 0fec 1C309DE5 		ldr	r3, [sp, #28]
 1142 0ff0 A8209DE5 		ldr	r2, [sp, #168]
 1143 0ff4 74009DE5 		ldr	r0, [sp, #116]
 1144 0ff8 013083E2 		add	r3, r3, #1
 1145 0ffc 0310A0E1 		mov	r1, r3
 1146 1000 1C308DE5 		str	r3, [sp, #28]
 1147 1004 023080E0 		add	r3, r0, r2
 1148 1008 74308DE5 		str	r3, [sp, #116]
 1149 100c 0130A0E1 		mov	r3, r1
 1150 1010 18109DE5 		ldr	r1, [sp, #24]
 1151 1014 010053E1 		cmp	r3, r1
 1152 1018 78109DE5 		ldr	r1, [sp, #120]
 1153 101c 64309DE5 		ldr	r3, [sp, #100]
 1154 1020 021081E0 		add	r1, r1, r2
 1155 1024 78108DE5 		str	r1, [sp, #120]
 1156 1028 7C109DE5 		ldr	r1, [sp, #124]
 1157 102c 022081E0 		add	r2, r1, r2
 1158 1030 7C208DE5 		str	r2, [sp, #124]
 1159 1034 5C209DE5 		ldr	r2, [sp, #92]
 1160 1038 042082E2 		add	r2, r2, #4
 1161 103c 5C208DE5 		str	r2, [sp, #92]
 1162 1040 68FFFF1A 		bne	.L47
 1163              	.L46:
 1164 1044 80209DE5 		ldr	r2, [sp, #128]
 1165 1048 50309DE5 		ldr	r3, [sp, #80]
 1166 104c 062082E0 		add	r2, r2, r6
 1167 1050 80208DE5 		str	r2, [sp, #128]
 1168 1054 013083E2 		add	r3, r3, #1
 1169 1058 48209DE5 		ldr	r2, [sp, #72]
 1170 105c 50308DE5 		str	r3, [sp, #80]
 1171 1060 020053E1 		cmp	r3, r2
 1172 1064 84309DE5 		ldr	r3, [sp, #132]
 1173 1068 AC209DE5 		ldr	r2, [sp, #172]
 1174 106c 023083E0 		add	r3, r3, r2
 1175 1070 98209DE5 		ldr	r2, [sp, #152]
 1176 1074 84308DE5 		str	r3, [sp, #132]
 1177 1078 38309DE5 		ldr	r3, [sp, #56]
 1178 107c 023083E0 		add	r3, r3, r2
 1179 1080 38308DE5 		str	r3, [sp, #56]
 1180 1084 4AFFFF1A 		bne	.L41
 1181 1088 0820A0E1 		mov	r2, r8
 1182 108c 0A30A0E1 		mov	r3, r10
 1183 1090 0980A0E1 		mov	r8, r9
 1184 1094 0BA0A0E1 		mov	r10, fp
 1185 1098 0290A0E1 		mov	r9, r2
 1186 109c 03B0A0E1 		mov	fp, r3
 1187              	.L44:
 1188 10a0 88209DE5 		ldr	r2, [sp, #136]
 1189 10a4 B0109DE5 		ldr	r1, [sp, #176]
 1190 10a8 54309DE5 		ldr	r3, [sp, #84]
 1191 10ac 012082E0 		add	r2, r2, r1
 1192 10b0 88208DE5 		str	r2, [sp, #136]
 1193 10b4 013083E2 		add	r3, r3, #1
 1194 10b8 4C209DE5 		ldr	r2, [sp, #76]
 1195 10bc 54308DE5 		str	r3, [sp, #84]
 1196 10c0 020053E1 		cmp	r3, r2
 1197 10c4 8C309DE5 		ldr	r3, [sp, #140]
 1198 10c8 B4209DE5 		ldr	r2, [sp, #180]
 1199 10cc 023083E0 		add	r3, r3, r2
 1200 10d0 9C209DE5 		ldr	r2, [sp, #156]
 1201 10d4 8C308DE5 		str	r3, [sp, #140]
 1202 10d8 60309DE5 		ldr	r3, [sp, #96]
 1203 10dc 023083E0 		add	r3, r3, r2
 1204 10e0 60308DE5 		str	r3, [sp, #96]
 1205 10e4 21FFFF1A 		bne	.L38
 1206 10e8 0B30A0E1 		mov	r3, fp
 1207 10ec 0AB0A0E1 		mov	fp, r10
 1208 10f0 03A0A0E1 		mov	r10, r3
 1209              	.L42:
 1210 10f4 90209DE5 		ldr	r2, [sp, #144]
 1211 10f8 B8109DE5 		ldr	r1, [sp, #184]
 1212 10fc 14309DE5 		ldr	r3, [sp, #20]
 1213 1100 012082E0 		add	r2, r2, r1
 1214 1104 90208DE5 		str	r2, [sp, #144]
 1215 1108 013083E2 		add	r3, r3, #1
 1216 110c 58209DE5 		ldr	r2, [sp, #88]
 1217 1110 14308DE5 		str	r3, [sp, #20]
 1218 1114 020053E1 		cmp	r3, r2
 1219 1118 94309DE5 		ldr	r3, [sp, #148]
 1220 111c BC209DE5 		ldr	r2, [sp, #188]
 1221 1120 023083E0 		add	r3, r3, r2
 1222 1124 94308DE5 		str	r3, [sp, #148]
 1223 1128 02FFFF1A 		bne	.L40
 1224              	.L39:
 1225 112c 6C309DE5 		ldr	r3, [sp, #108]
 1226 1130 050053E3 		cmp	r3, #5
 1227 1134 F4FDFFDA 		ble	.L164
 1228 1138 FC009DE5 		ldr	r0, [sp, #252]
 1229 113c 000050E3 		cmp	r0, #0
 1230 1140 E9FDFF1A 		bne	.L359
 1231 1144 F0FDFFEA 		b	.L164
 1232              	.L398:
 1233 1148 0221E0E3 		mvn	r2, #-2147483648
 1234 114c 7BFDFFEA 		b	.L186
 1235              	.L225:
 1236 1150 0721A0E3 		mov	r2, #-1073741823
 1237 1154 0030E0E3 		mvn	r3, #0
 1238 1158 6DFDFFEA 		b	.L151
 1239              	.L222:
 1240 115c 0310A0E1 		mov	r1, r3
 1241 1160 6EFCFFEA 		b	.L110
 1242              	.L201:
 1243 1164 0310A0E1 		mov	r1, r3
 1244 1168 7CFEFFEA 		b	.L26
 1245              	.L223:
 1246 116c 0060A0E3 		mov	r6, #0
 1247 1170 4EFDFFEA 		b	.L133
 1248              	.L376:
 1249 1174 002000E3 		movw	r2, #:lower16:_ZN6tflite24kDepthwiseConvBiasTensorE
 1250 1178 547094E5 		ldr	r7, [r4, #84]
 1251 117c 002040E3 		movt	r2, #:upper16:_ZN6tflite24kDepthwiseConvBiasTensorE
 1252 1180 0400A0E1 		mov	r0, r4
 1253 1184 002092E5 		ldr	r2, [r2]
 1254 1188 023183E0 		add	r3, r3, r2, lsl #2
 1255 118c 041093E5 		ldr	r1, [r3, #4]
 1256              	.LEHB8:
 1257 1190 37FF2FE1 		blx	r7
 1258              	.LEHE8:
 1259 1194 0040A0E1 		mov	r4, r0
 1260 1198 C6FBFFEA 		b	.L11
 1261              	.L388:
 1262 119c 000053E3 		cmp	r3, #0
 1263 11a0 0120A003 		moveq	r2, #1
 1264 11a4 0310A001 		moveq	r1, r3
 1265 11a8 5EFCFF0A 		beq	.L109
 1266 11ac 3DFCFFEA 		b	.L108
 1267              	.L413:
 1268 11b0 000053E3 		cmp	r3, #0
 1269 11b4 4BFEFF1A 		bne	.L24
 1270 11b8 0120A0E3 		mov	r2, #1
 1271 11bc 0310A0E1 		mov	r1, r3
 1272 11c0 6C009DE5 		ldr	r0, [sp, #108]
 1273 11c4 68FEFFEA 		b	.L25
 1274              	.L414:
 1275 11c8 023083E0 		add	r3, r3, r2
 1276 11cc 64308DE5 		str	r3, [sp, #100]
 1277 11d0 85FFFFEA 		b	.L89
 1278              	.L145:
 1279              	.LEHB9:
 1280 11d4 FEFFFFEB 		bl	abort
 1281              	.L397:
 1282 11d8 FEFFFFEB 		bl	abort
 1283              	.LEHE9:
 1284              	.L428:
 1285              		.align	2
 1286              	.L427:
 1287 11dc 00000000 		.word	0
 1288              	.L415:
 1289 11e0 000052E3 		cmp	r2, #0
 1290 11e4 8C0000BA 		blt	.L421
 1291 11e8 08005EE1 		cmp	lr, r8
 1292 11ec 38309DE5 		ldr	r3, [sp, #56]
 1293 11f0 0020A0E3 		mov	r2, #0
 1294 11f4 800000AA 		bge	.L65
 1295              	.L63:
 1296 11f8 000053E3 		cmp	r3, #0
 1297 11fc 030059A1 		cmpge	r9, r3
 1298 1200 780000DA 		ble	.L66
 1299              	.L349:
 1300 1204 28309DE5 		ldr	r3, [sp, #40]
 1301 1208 14109DE5 		ldr	r1, [sp, #20]
 1302 120c 010053E1 		cmp	r3, r1
 1303 1210 0B0000DA 		ble	.L55
 1304 1214 1C309DE5 		ldr	r3, [sp, #28]
 1305 1218 18109DE5 		ldr	r1, [sp, #24]
 1306 121c 010053E1 		cmp	r3, r1
 1307 1220 060000AA 		bge	.L56
 1308 1224 2C309DE5 		ldr	r3, [sp, #44]
 1309 1228 000053E3 		cmp	r3, #0
 1310 122c 020000DA 		ble	.L58
 1311 1230 020057E1 		cmp	r7, r2
 1312 1234 630000CA 		bgt	.L61
 1313              	.L62:
 1314              	.LEHB10:
 1315 1238 FEFFFFEB 		bl	abort
 1316              	.L58:
 1317 123c FEFFFFEB 		bl	abort
 1318              	.L56:
 1319 1240 FEFFFFEB 		bl	abort
 1320              	.L55:
 1321 1244 FEFFFFEB 		bl	abort
 1322              	.LEHE10:
 1323              	.L396:
 1324              	.LEHB11:
 1325 1248 FEFFFFEB 		bl	abort
 1326              	.L395:
 1327 124c FEFFFFEB 		bl	abort
 1328              	.L394:
 1329 1250 FEFFFFEB 		bl	abort
 1330              	.L393:
 1331 1254 FEFFFFEB 		bl	abort
 1332              	.L392:
 1333 1258 FEFFFFEB 		bl	abort
 1334              	.L391:
 1335 125c FEFFFFEB 		bl	abort
 1336              	.L390:
 1337 1260 FEFFFFEB 		bl	abort
 1338              	.L389:
 1339 1264 FEFFFFEB 		bl	abort
 1340              	.LEHE11:
 1341              	.L232:
 1342              	.L369:
 1343 1268 10319DE5 		ldr	r3, [sp, #272]
 1344 126c 050053E3 		cmp	r3, #5
 1345 1270 030000DA 		ble	.L176
 1346 1274 14019DE5 		ldr	r0, [sp, #276]
 1347 1278 000050E3 		cmp	r0, #0
 1348 127c 0000000A 		beq	.L176
 1349 1280 FEFFFFEB 		bl	_ZdaPv
 1350              	.L176:
 1351 1284 F8309DE5 		ldr	r3, [sp, #248]
 1352 1288 050053E3 		cmp	r3, #5
 1353 128c 030000DA 		ble	.L178
 1354 1290 FC009DE5 		ldr	r0, [sp, #252]
 1355 1294 000050E3 		cmp	r0, #0
 1356 1298 0000000A 		beq	.L178
 1357 129c FEFFFFEB 		bl	_ZdaPv
 1358              	.L178:
 1359 12a0 E0309DE5 		ldr	r3, [sp, #224]
 1360 12a4 050053E3 		cmp	r3, #5
 1361 12a8 030000DA 		ble	.L180
 1362 12ac E4009DE5 		ldr	r0, [sp, #228]
 1363 12b0 000050E3 		cmp	r0, #0
 1364 12b4 0000000A 		beq	.L180
 1365 12b8 FEFFFFEB 		bl	_ZdaPv
 1366              	.L180:
 1367 12bc C8309DE5 		ldr	r3, [sp, #200]
 1368 12c0 050053E3 		cmp	r3, #5
 1369 12c4 030000DA 		ble	.L181
 1370 12c8 CC009DE5 		ldr	r0, [sp, #204]
 1371 12cc 000050E3 		cmp	r0, #0
 1372 12d0 0000000A 		beq	.L181
 1373 12d4 FEFFFFEB 		bl	_ZdaPv
 1374              	.L181:
 1375              	.LEHB12:
 1376 12d8 FEFFFFEB 		bl	__cxa_end_cleanup
 1377              	.LEHE12:
 1378              	.L236:
 1379 12dc E1FFFFEA 		b	.L369
 1380              	.L85:
 1381              	.LEHB13:
 1382 12e0 FEFFFFEB 		bl	abort
 1383              	.L420:
 1384 12e4 FEFFFFEB 		bl	abort
 1385              	.L419:
 1386 12e8 FEFFFFEB 		bl	abort
 1387              	.L418:
 1388 12ec FEFFFFEB 		bl	abort
 1389              	.LEHE13:
 1390              	.L157:
 1391              	.LEHB14:
 1392 12f0 FEFFFFEB 		bl	abort
 1393              	.L403:
 1394 12f4 FEFFFFEB 		bl	abort
 1395              	.L402:
 1396 12f8 FEFFFFEB 		bl	abort
 1397              	.L401:
 1398 12fc FEFFFFEB 		bl	abort
 1399              	.L400:
 1400 1300 FEFFFFEB 		bl	abort
 1401              	.L399:
 1402 1304 003000E3 		movw	r3, #:lower16:.LC1
 1403 1308 002000E3 		movw	r2, #:lower16:.LANCHOR0
 1404 130c 000000E3 		movw	r0, #:lower16:.LC2
 1405 1310 003040E3 		movt	r3, #:upper16:.LC1
 1406 1314 002040E3 		movt	r2, #:upper16:.LANCHOR0
 1407 1318 000040E3 		movt	r0, #:upper16:.LC2
 1408 131c 671100E3 		movw	r1, #359
 1409 1320 FEFFFFEB 		bl	__assert_func
 1410              	.L118:
 1411 1324 FEFFFFEB 		bl	abort
 1412              	.LEHE14:
 1413              	.L417:
 1414 1328 38309DE5 		ldr	r3, [sp, #56]
 1415 132c 0020A0E3 		mov	r2, #0
 1416              	.L74:
 1417 1330 000053E3 		cmp	r3, #0
 1418 1334 030059A1 		cmpge	r9, r3
 1419 1338 250000DA 		ble	.L73
 1420              	.L341:
 1421 133c 28309DE5 		ldr	r3, [sp, #40]
 1422 1340 14209DE5 		ldr	r2, [sp, #20]
 1423 1344 020053E1 		cmp	r3, r2
 1424 1348 BDFFFFDA 		ble	.L55
 1425 134c 1C309DE5 		ldr	r3, [sp, #28]
 1426 1350 18209DE5 		ldr	r2, [sp, #24]
 1427 1354 020053E1 		cmp	r3, r2
 1428 1358 B8FFFFAA 		bge	.L56
 1429 135c 2C309DE5 		ldr	r3, [sp, #44]
 1430 1360 000053E3 		cmp	r3, #0
 1431 1364 B4FFFFDA 		ble	.L58
 1432              	.LEHB15:
 1433 1368 FEFFFFEB 		bl	abort
 1434              	.L416:
 1435 136c 08005EE1 		cmp	lr, r8
 1436 1370 38209DB5 		ldrlt	r2, [sp, #56]
 1437 1374 0010A0B3 		movlt	r1, #0
 1438 1378 380000AA 		bge	.L422
 1439              	.L68:
 1440 137c 0230E0E1 		mvn	r3, r2
 1441 1380 090052E1 		cmp	r2, r9
 1442 1384 A33FA0E1 		lsr	r3, r3, #31
 1443 1388 0030A0A3 		movge	r3, #0
 1444 138c 000053E3 		cmp	r3, #0
 1445 1390 2D00000A 		beq	.L71
 1446 1394 28309DE5 		ldr	r3, [sp, #40]
 1447 1398 14209DE5 		ldr	r2, [sp, #20]
 1448 139c 020053E1 		cmp	r3, r2
 1449 13a0 A7FFFFDA 		ble	.L55
 1450 13a4 1C309DE5 		ldr	r3, [sp, #28]
 1451 13a8 18209DE5 		ldr	r2, [sp, #24]
 1452 13ac 020053E1 		cmp	r3, r2
 1453 13b0 A2FFFFAA 		bge	.L56
 1454 13b4 2C309DE5 		ldr	r3, [sp, #44]
 1455 13b8 000053E3 		cmp	r3, #0
 1456 13bc 9EFFFFDA 		ble	.L58
 1457 13c0 070051E1 		cmp	r1, r7
 1458 13c4 9BFFFFAA 		bge	.L62
 1459              	.L61:
 1460 13c8 FEFFFFEB 		bl	abort
 1461              	.L34:
 1462 13cc FEFFFFEB 		bl	abort
 1463              	.LEHE15:
 1464              	.L229:
 1465 13d0 B9FFFFEA 		b	.L180
 1466              	.L73:
 1467 13d4 012082E2 		add	r2, r2, #1
 1468 13d8 0B3083E0 		add	r3, r3, fp
 1469 13dc 070052E1 		cmp	r2, r7
 1470 13e0 D2FFFF1A 		bne	.L74
 1471 13e4 93FEFFEA 		b	.L49
 1472              	.L66:
 1473 13e8 012082E2 		add	r2, r2, #1
 1474 13ec 0B3083E0 		add	r3, r3, fp
 1475 13f0 020057E1 		cmp	r7, r2
 1476 13f4 7FFFFF1A 		bne	.L63
 1477 13f8 8EFEFFEA 		b	.L49
 1478              	.L65:
 1479 13fc 000053E3 		cmp	r3, #0
 1480 1400 030059A1 		cmpge	r9, r3
 1481 1404 CCFFFFCA 		bgt	.L341
 1482 1408 012082E2 		add	r2, r2, #1
 1483 140c 0B3083E0 		add	r3, r3, fp
 1484 1410 070052E1 		cmp	r2, r7
 1485 1414 F8FFFF1A 		bne	.L65
 1486 1418 86FEFFEA 		b	.L49
 1487              	.L421:
 1488 141c 08005EE1 		cmp	lr, r8
 1489 1420 38309DB5 		ldrlt	r3, [sp, #56]
 1490 1424 0020A0B3 		movlt	r2, #0
 1491 1428 160000AA 		bge	.L423
 1492              	.L53:
 1493 142c 000053E3 		cmp	r3, #0
 1494 1430 030059A1 		cmpge	r9, r3
 1495 1434 72FFFFCA 		bgt	.L349
 1496 1438 012082E2 		add	r2, r2, #1
 1497 143c 0B3083E0 		add	r3, r3, fp
 1498 1440 070052E1 		cmp	r2, r7
 1499 1444 F8FFFF1A 		bne	.L53
 1500 1448 7AFEFFEA 		b	.L49
 1501              	.L71:
 1502 144c 011081E2 		add	r1, r1, #1
 1503 1450 0B2082E0 		add	r2, r2, fp
 1504 1454 010057E1 		cmp	r7, r1
 1505 1458 C7FFFF1A 		bne	.L68
 1506 145c 75FEFFEA 		b	.L49
 1507              	.L422:
 1508 1460 38309DE5 		ldr	r3, [sp, #56]
 1509 1464 0020A0E3 		mov	r2, #0
 1510              	.L70:
 1511 1468 000053E3 		cmp	r3, #0
 1512 146c 030059A1 		cmpge	r9, r3
 1513 1470 B1FFFFCA 		bgt	.L341
 1514 1474 012082E2 		add	r2, r2, #1
 1515 1478 0B3083E0 		add	r3, r3, fp
 1516 147c 070052E1 		cmp	r2, r7
 1517 1480 F8FFFF1A 		bne	.L70
 1518 1484 6BFEFFEA 		b	.L49
 1519              	.L423:
 1520 1488 38109DE5 		ldr	r1, [sp, #56]
 1521 148c 0020A0E3 		mov	r2, #0
 1522              	.L59:
 1523 1490 090051E1 		cmp	r1, r9
 1524 1494 0130A0B3 		movlt	r3, #1
 1525 1498 0030A0A3 		movge	r3, #0
 1526 149c 000051E3 		cmp	r1, #0
 1527 14a0 0030A0B3 		movlt	r3, #0
 1528 14a4 000053E3 		cmp	r3, #0
 1529 14a8 A3FFFF1A 		bne	.L341
 1530 14ac 012082E2 		add	r2, r2, #1
 1531 14b0 0B1081E0 		add	r1, r1, fp
 1532 14b4 070052E1 		cmp	r2, r7
 1533 14b8 F4FFFF1A 		bne	.L59
 1534 14bc 5DFEFFEA 		b	.L49
 1535              	.L404:
 1536              	.LEHB16:
 1537 14c0 FEFFFFEB 		bl	abort
 1538              	.LEHE16:
 1539              	.L230:
 1540 14c4 75FFFFEA 		b	.L178
 1541              	.L405:
 1542              	.LEHB17:
 1543 14c8 FEFFFFEB 		bl	abort
 1544              	.LEHE17:
 1545              	.L231:
 1546 14cc 6CFFFFEA 		b	.L176
 1547              	.L406:
 1548              	.LEHB18:
 1549 14d0 FEFFFFEB 		bl	abort
 1550              	.L407:
 1551 14d4 FEFFFFEB 		bl	abort
 1552              	.L408:
 1553 14d8 FEFFFFEB 		bl	abort
 1554              	.L409:
 1555 14dc FEFFFFEB 		bl	abort
 1556              	.L410:
 1557 14e0 FEFFFFEB 		bl	abort
 1558              	.LEHE18:
 1559              	.L385:
 1560              	.LEHB19:
 1561 14e4 FEFFFFEB 		bl	abort
 1562              	.L386:
 1563 14e8 FEFFFFEB 		bl	abort
 1564              	.LEHE19:
 1565              	.L411:
 1566              	.LEHB20:
 1567 14ec FEFFFFEB 		bl	abort
 1568              	.LEHE20:
 1569              	.L10:
 1570              	.LEHB21:
 1571 14f0 FEFFFFEB 		bl	abort
 1572              	.LEHE21:
 1573              	.L233:
 1574 14f4 70FFFFEA 		b	.L180
 1575              	.L378:
 1576              	.LEHB22:
 1577 14f8 FEFFFFEB 		bl	abort
 1578              	.LEHE22:
 1579              	.L381:
 1580              	.LEHB23:
 1581 14fc FEFFFFEB 		bl	abort
 1582              	.L382:
 1583 1500 FEFFFFEB 		bl	abort
 1584              	.L383:
 1585 1504 FEFFFFEB 		bl	abort
 1586              	.L384:
 1587 1508 FEFFFFEB 		bl	abort
 1588              	.LEHE23:
 1589              	.L234:
 1590 150c 63FFFFEA 		b	.L178
 1591              	.L379:
 1592              	.LEHB24:
 1593 1510 FEFFFFEB 		bl	abort
 1594              	.LEHE24:
 1595              	.L235:
 1596 1514 5AFFFFEA 		b	.L176
 1597              	.L380:
 1598              	.LEHB25:
 1599 1518 FEFFFFEB 		bl	abort
 1600              	.LEHE25:
 1601              		.global	__gxx_personality_v0
 1602              		.personality	__gxx_personality_v0
 1603              		.handlerdata
 1604              	.LLSDA4183:
 1605 0008 FF       		.byte	0xff
 1606 0009 FF       		.byte	0xff
 1607 000a 01       		.byte	0x1
 1608 000b 9701     		.uleb128 .LLSDACSE4183-.LLSDACSB4183
 1609              	.LLSDACSB4183:
 1610 000d 4C       		.uleb128 .LEHB0-.LFB4183
 1611 000e AC01     		.uleb128 .LEHE0-.LEHB0
 1612 0010 00       		.uleb128 0
 1613 0011 00       		.uleb128 0
 1614 0012 8802     		.uleb128 .LEHB1-.LFB4183
 1615 0014 04       		.uleb128 .LEHE1-.LEHB1
 1616 0015 F429     		.uleb128 .L233-.LFB4183
 1617 0017 00       		.uleb128 0
 1618 0018 A402     		.uleb128 .LEHB2-.LFB4183
 1619 001a 04       		.uleb128 .LEHE2-.LEHB2
 1620 001b 8C2A     		.uleb128 .L234-.LFB4183
 1621 001d 00       		.uleb128 0
 1622 001e C002     		.uleb128 .LEHB3-.LFB4183
 1623 0020 04       		.uleb128 .LEHE3-.LEHB3
 1624 0021 942A     		.uleb128 .L235-.LFB4183
 1625 0023 00       		.uleb128 0
 1626 0024 C812     		.uleb128 .LEHB4-.LFB4183
 1627 0026 10       		.uleb128 .LEHE4-.LEHB4
 1628 0027 00       		.uleb128 0
 1629 0028 00       		.uleb128 0
 1630 0029 E812     		.uleb128 .LEHB5-.LFB4183
 1631 002b 04       		.uleb128 .LEHE5-.LEHB5
 1632 002c D027     		.uleb128 .L229-.LFB4183
 1633 002e 00       		.uleb128 0
 1634 002f 8413     		.uleb128 .LEHB6-.LFB4183
 1635 0031 04       		.uleb128 .LEHE6-.LEHB6
 1636 0032 C429     		.uleb128 .L230-.LFB4183
 1637 0034 00       		.uleb128 0
 1638 0035 A013     		.uleb128 .LEHB7-.LFB4183
 1639 0037 04       		.uleb128 .LEHE7-.LEHB7
 1640 0038 CC29     		.uleb128 .L231-.LFB4183
 1641 003a 00       		.uleb128 0
 1642 003b 9023     		.uleb128 .LEHB8-.LFB4183
 1643 003d 04       		.uleb128 .LEHE8-.LEHB8
 1644 003e 00       		.uleb128 0
 1645 003f 00       		.uleb128 0
 1646 0040 D423     		.uleb128 .LEHB9-.LFB4183
 1647 0042 08       		.uleb128 .LEHE9-.LEHB9
 1648 0043 DC25     		.uleb128 .L236-.LFB4183
 1649 0045 00       		.uleb128 0
 1650 0046 B824     		.uleb128 .LEHB10-.LFB4183
 1651 0048 10       		.uleb128 .LEHE10-.LEHB10
 1652 0049 E824     		.uleb128 .L232-.LFB4183
 1653 004b 00       		.uleb128 0
 1654 004c C824     		.uleb128 .LEHB11-.LFB4183
 1655 004e 20       		.uleb128 .LEHE11-.LEHB11
 1656 004f DC25     		.uleb128 .L236-.LFB4183
 1657 0051 00       		.uleb128 0
 1658 0052 D825     		.uleb128 .LEHB12-.LFB4183
 1659 0054 04       		.uleb128 .LEHE12-.LEHB12
 1660 0055 00       		.uleb128 0
 1661 0056 00       		.uleb128 0
 1662 0057 E025     		.uleb128 .LEHB13-.LFB4183
 1663 0059 10       		.uleb128 .LEHE13-.LEHB13
 1664 005a E824     		.uleb128 .L232-.LFB4183
 1665 005c 00       		.uleb128 0
 1666 005d F025     		.uleb128 .LEHB14-.LFB4183
 1667 005f 38       		.uleb128 .LEHE14-.LEHB14
 1668 0060 DC25     		.uleb128 .L236-.LFB4183
 1669 0062 00       		.uleb128 0
 1670 0063 E826     		.uleb128 .LEHB15-.LFB4183
 1671 0065 68       		.uleb128 .LEHE15-.LEHB15
 1672 0066 E824     		.uleb128 .L232-.LFB4183
 1673 0068 00       		.uleb128 0
 1674 0069 C029     		.uleb128 .LEHB16-.LFB4183
 1675 006b 04       		.uleb128 .LEHE16-.LEHB16
 1676 006c C429     		.uleb128 .L230-.LFB4183
 1677 006e 00       		.uleb128 0
 1678 006f C829     		.uleb128 .LEHB17-.LFB4183
 1679 0071 04       		.uleb128 .LEHE17-.LEHB17
 1680 0072 CC29     		.uleb128 .L231-.LFB4183
 1681 0074 00       		.uleb128 0
 1682 0075 D029     		.uleb128 .LEHB18-.LFB4183
 1683 0077 14       		.uleb128 .LEHE18-.LEHB18
 1684 0078 E824     		.uleb128 .L232-.LFB4183
 1685 007a 00       		.uleb128 0
 1686 007b E429     		.uleb128 .LEHB19-.LFB4183
 1687 007d 08       		.uleb128 .LEHE19-.LEHB19
 1688 007e DC25     		.uleb128 .L236-.LFB4183
 1689 0080 00       		.uleb128 0
 1690 0081 EC29     		.uleb128 .LEHB20-.LFB4183
 1691 0083 04       		.uleb128 .LEHE20-.LEHB20
 1692 0084 E824     		.uleb128 .L232-.LFB4183
 1693 0086 00       		.uleb128 0
 1694 0087 F029     		.uleb128 .LEHB21-.LFB4183
 1695 0089 04       		.uleb128 .LEHE21-.LEHB21
 1696 008a 00       		.uleb128 0
 1697 008b 00       		.uleb128 0
 1698 008c F829     		.uleb128 .LEHB22-.LFB4183
 1699 008e 04       		.uleb128 .LEHE22-.LEHB22
 1700 008f 8C2A     		.uleb128 .L234-.LFB4183
 1701 0091 00       		.uleb128 0
 1702 0092 FC29     		.uleb128 .LEHB23-.LFB4183
 1703 0094 10       		.uleb128 .LEHE23-.LEHB23
 1704 0095 DC25     		.uleb128 .L236-.LFB4183
 1705 0097 00       		.uleb128 0
 1706 0098 902A     		.uleb128 .LEHB24-.LFB4183
 1707 009a 04       		.uleb128 .LEHE24-.LEHB24
 1708 009b 942A     		.uleb128 .L235-.LFB4183
 1709 009d 00       		.uleb128 0
 1710 009e 982A     		.uleb128 .LEHB25-.LFB4183
 1711 00a0 04       		.uleb128 .LEHE25-.LEHB25
 1712 00a1 DC25     		.uleb128 .L236-.LFB4183
 1713 00a3 00       		.uleb128 0
 1714              	.LLSDACSE4183:
 1715              		.section	.text._ZN6tflite12_GLOBAL__N_14EvalEP13TfLiteContextP10TfLiteNode
 1716              		.fnend
 1718              		.section	.text._ZN6tflite26Register_DEPTHWISE_CONV_2DEv,"ax",%progbits
 1719              		.align	2
 1720              		.global	_ZN6tflite26Register_DEPTHWISE_CONV_2DEv
 1721              		.syntax unified
 1722              		.arm
 1723              		.fpu neon
 1725              	_ZN6tflite26Register_DEPTHWISE_CONV_2DEv:
 1726              		.fnstart
 1727              	.LFB4184:
 1728              		@ args = 0, pretend = 0, frame = 0
 1729              		@ frame_needed = 0, uses_anonymous_args = 0
 1730 0000 00C000E3 		movw	ip, #:lower16:.LANCHOR1
 1731 0004 10402DE9 		push	{r4, lr}
 1732 0008 00C040E3 		movt	ip, #:upper16:.LANCHOR1
 1733 000c 0040A0E1 		mov	r4, r0
 1734 0010 00E0A0E1 		mov	lr, r0
 1735 0014 0F00BCE8 		ldmia	ip!, {r0, r1, r2, r3}
 1736 0018 0F00AEE8 		stmia	lr!, {r0, r1, r2, r3}
 1737 001c 0F009CE8 		ldm	ip, {r0, r1, r2, r3}
 1738 0020 0F008EE8 		stm	lr, {r0, r1, r2, r3}
 1739 0024 0400A0E1 		mov	r0, r4
 1740 0028 1080BDE8 		pop	{r4, pc}
 1741              		.cantunwind
 1742              		.fnend
 1744              		.section	.rodata
 1745              		.align	2
 1746              		.set	.LANCHOR1,. + 0
 1747              	.LC0:
 1748 0000 00000000 		.word	_ZN6tflite12_GLOBAL__N_14InitEP13TfLiteContextPKcj
 1749 0004 00000000 		.word	0
 1750 0008 00000000 		.word	_ZN6tflite20DepthwiseConvPrepareEP13TfLiteContextP10TfLiteNode
 1751 000c 00000000 		.word	_ZN6tflite12_GLOBAL__N_14EvalEP13TfLiteContextP10TfLiteNode
 1752 0010 00000000 		.word	0
 1753 0014 00000000 		.word	0
 1754 0018 00000000 		.word	0
 1755 001c 00000000 		.word	0
 1756              		.section	.rodata._ZN6tflite12_GLOBAL__N_14EvalEP13TfLiteContextP10TfLiteNode.str1.4,"aMS",%progbit
 1757              		.align	2
 1758              	.LC1:
 1759 0000 6578706F 		.ascii	"exponent <= 31\000"
 1759      6E656E74 
 1759      203C3D20 
 1759      333100
 1760 000f 00       		.space	1
 1761              	.LC2:
 1762 0010 433A2F52 		.ascii	"C:/Renesas/e2studio_2021_01_workspace_RZA2M_ANPR/AN"
 1762      656E6573 
 1762      61732F65 
 1762      32737475 
 1762      64696F5F 
 1763 0043 50525F52 		.ascii	"PR_RZA2M_EBK/src/tensorflow_lite/third_party/gemmlo"
 1763      5A41324D 
 1763      5F45424B 
 1763      2F737263 
 1763      2F74656E 
 1764 0076 77702F66 		.ascii	"wp/fixedpoint/fixedpoint.h\000"
 1764      69786564 
 1764      706F696E 
 1764      742F6669 
 1764      78656470 
 1765              		.section	.rodata._ZZN8gemmlowp19RoundingDivideByPOTIlEET_S1_iE19__PRETTY_FUNCTION__,"a",%progbits
 1766              		.align	3
 1767              		.set	.LANCHOR0,. + 0
 1770              	_ZZN8gemmlowp19RoundingDivideByPOTIlEET_S1_iE19__PRETTY_FUNCTION__:
 1771 0000 496E7465 		.ascii	"IntegerType gemmlowp::RoundingDivideByPOT(IntegerTy"
 1771      67657254 
 1771      79706520 
 1771      67656D6D 
 1771      6C6F7770 
 1772 0033 70652C20 		.ascii	"pe, int) [with IntegerType = long int]\000"
 1772      696E7429 
 1772      205B7769 
 1772      74682049 
 1772      6E746567 
 1773              		.ident	"GCC: (GNU Tools for ARM Embedded Processors 6-2017-q2-update) 6.3.1 20170620 (release) [AR
DEFINED SYMBOLS
                            *ABS*:00000000 depthwise_conv.cc
C:\Users\a5050395\AppData\Local\Temp\cc8ZpKAj.s:14     .text._ZN6tflite12_GLOBAL__N_14InitEP13TfLiteContextPKcj:00000000 $a
C:\Users\a5050395\AppData\Local\Temp\cc8ZpKAj.s:19     .text._ZN6tflite12_GLOBAL__N_14InitEP13TfLiteContextPKcj:00000000 _ZN6tflite12_GLOBAL__N_14InitEP13TfLiteContextPKcj
.ARM.exidx.text._ZN6tflite12_GLOBAL__N_14InitEP13TfLiteContextPKcj:00000000 $d
C:\Users\a5050395\AppData\Local\Temp\cc8ZpKAj.s:36     .text._ZN6tflite12_GLOBAL__N_14EvalEP13TfLiteContextP10TfLiteNode:00000000 $a
C:\Users\a5050395\AppData\Local\Temp\cc8ZpKAj.s:41     .text._ZN6tflite12_GLOBAL__N_14EvalEP13TfLiteContextP10TfLiteNode:00000000 _ZN6tflite12_GLOBAL__N_14EvalEP13TfLiteContextP10TfLiteNode
C:\Users\a5050395\AppData\Local\Temp\cc8ZpKAj.s:501    .text._ZN6tflite12_GLOBAL__N_14EvalEP13TfLiteContextP10TfLiteNode:000006a8 $d
C:\Users\a5050395\AppData\Local\Temp\cc8ZpKAj.s:505    .text._ZN6tflite12_GLOBAL__N_14EvalEP13TfLiteContextP10TfLiteNode:000006b0 $a
C:\Users\a5050395\AppData\Local\Temp\cc8ZpKAj.s:1287   .text._ZN6tflite12_GLOBAL__N_14EvalEP13TfLiteContextP10TfLiteNode:000011dc $d
C:\Users\a5050395\AppData\Local\Temp\cc8ZpKAj.s:1289   .text._ZN6tflite12_GLOBAL__N_14EvalEP13TfLiteContextP10TfLiteNode:000011e0 $a
C:\Users\a5050395\AppData\Local\Temp\cc8ZpKAj.s:1758   .rodata._ZN6tflite12_GLOBAL__N_14EvalEP13TfLiteContextP10TfLiteNode.str1.4:00000000 .LC1
C:\Users\a5050395\AppData\Local\Temp\cc8ZpKAj.s:1767   .rodata._ZZN8gemmlowp19RoundingDivideByPOTIlEET_S1_iE19__PRETTY_FUNCTION__:00000000 .LANCHOR0
C:\Users\a5050395\AppData\Local\Temp\cc8ZpKAj.s:1761   .rodata._ZN6tflite12_GLOBAL__N_14EvalEP13TfLiteContextP10TfLiteNode.str1.4:00000010 .LC2
.ARM.extab.text._ZN6tflite12_GLOBAL__N_14EvalEP13TfLiteContextP10TfLiteNode:00000000 $d
.ARM.exidx.text._ZN6tflite12_GLOBAL__N_14EvalEP13TfLiteContextP10TfLiteNode:00000000 $d
C:\Users\a5050395\AppData\Local\Temp\cc8ZpKAj.s:1719   .text._ZN6tflite26Register_DEPTHWISE_CONV_2DEv:00000000 $a
C:\Users\a5050395\AppData\Local\Temp\cc8ZpKAj.s:1725   .text._ZN6tflite26Register_DEPTHWISE_CONV_2DEv:00000000 _ZN6tflite26Register_DEPTHWISE_CONV_2DEv
C:\Users\a5050395\AppData\Local\Temp\cc8ZpKAj.s:1746   .rodata:00000000 .LANCHOR1
.ARM.exidx.text._ZN6tflite26Register_DEPTHWISE_CONV_2DEv:00000000 $d
C:\Users\a5050395\AppData\Local\Temp\cc8ZpKAj.s:1745   .rodata:00000000 $d
C:\Users\a5050395\AppData\Local\Temp\cc8ZpKAj.s:1757   .rodata._ZN6tflite12_GLOBAL__N_14EvalEP13TfLiteContextP10TfLiteNode.str1.4:00000000 $d
C:\Users\a5050395\AppData\Local\Temp\cc8ZpKAj.s:1766   .rodata._ZZN8gemmlowp19RoundingDivideByPOTIlEET_S1_iE19__PRETTY_FUNCTION__:00000000 $d
C:\Users\a5050395\AppData\Local\Temp\cc8ZpKAj.s:1770   .rodata._ZZN8gemmlowp19RoundingDivideByPOTIlEET_S1_iE19__PRETTY_FUNCTION__:00000000 _ZZN8gemmlowp19RoundingDivideByPOTIlEET_S1_iE19__PRETTY_FUNCTION__

UNDEFINED SYMBOLS
abort
__aeabi_unwind_cpp_pr0
_ZN6tflite26kDepthwiseConvOutputTensorE
_ZN6tflite25kDepthwiseConvInputTensorE
_ZN6tflite27kDepthwiseConvWeightsTensorE
_ZN6tflite28DepthwiseConvParamsQuantizedERK25TfLiteDepthwiseConvParamsRKNS_10OpDataConvE
_ZN6tflite5micro14GetTensorShapeEPK16TfLiteEvalTensor
_ZdaPv
_ZN6tflite24DepthwiseConvParamsFloatERK25TfLiteDepthwiseConvParamsRKNS_10OpDataConvE
_ZN6tflite24kDepthwiseConvBiasTensorE
__cxa_end_cleanup
__assert_func
__gxx_personality_v0
_ZN6tflite20DepthwiseConvPrepareEP13TfLiteContextP10TfLiteNode
