   1              		.cpu cortex-a9
   2              		.eabi_attribute 28, 1
   3              		.eabi_attribute 20, 1
   4              		.eabi_attribute 21, 1
   5              		.eabi_attribute 23, 3
   6              		.eabi_attribute 24, 1
   7              		.eabi_attribute 25, 1
   8              		.eabi_attribute 26, 1
   9              		.eabi_attribute 30, 2
  10              		.eabi_attribute 34, 0
  11              		.eabi_attribute 18, 4
  12              		.file	"floor_mod.cc"
  13              		.section	.text._ZN6tflite12_GLOBAL__N_14InitEP13TfLiteContextPKcj,"ax",%progbits
  14              		.align	2
  15              		.syntax unified
  16              		.arm
  17              		.fpu neon
  19              	_ZN6tflite12_GLOBAL__N_14InitEP13TfLiteContextPKcj:
  20              		.fnstart
  21              	.LFB4174:
  22              		@ args = 0, pretend = 0, frame = 0
  23              		@ frame_needed = 0, uses_anonymous_args = 0
  24              		@ link register save eliminated.
  25 0000 0000A0E3 		mov	r0, #0
  26 0004 1EFF2FE1 		bx	lr
  27              		.cantunwind
  28              		.fnend
  30              		.section	.text._ZN6tflite12_GLOBAL__N_17PrepareEP13TfLiteContextP10TfLiteNode,"ax",%progbits
  31              		.align	2
  32              		.syntax unified
  33              		.arm
  34              		.fpu neon
  36              	_ZN6tflite12_GLOBAL__N_17PrepareEP13TfLiteContextP10TfLiteNode:
  37              		.fnstart
  38              	.LFB4175:
  39              		@ args = 0, pretend = 0, frame = 16
  40              		@ frame_needed = 0, uses_anonymous_args = 0
  41 0000 002091E5 		ldr	r2, [r1]
  42 0004 002092E5 		ldr	r2, [r2]
  43 0008 020052E3 		cmp	r2, #2
  44 000c 0100000A 		beq	.L11
  45 0010 0100A0E3 		mov	r0, #1
  46 0014 1EFF2FE1 		bx	lr
  47              	.L11:
  48 0018 042091E5 		ldr	r2, [r1, #4]
  49 001c 70402DE9 		push	{r4, r5, r6, lr}
  50              		.save {r4, r5, r6, lr}
  51 0020 0140A0E1 		mov	r4, r1
  52              		.pad #16
  53 0024 10D04DE2 		sub	sp, sp, #16
  54 0028 006092E5 		ldr	r6, [r2]
  55 002c 010056E3 		cmp	r6, #1
  56 0030 0200000A 		beq	.L12
  57              	.L5:
  58 0034 0100A0E3 		mov	r0, #1
  59              	.L4:
  60 0038 10D08DE2 		add	sp, sp, #16
  61              		@ sp needed
  62 003c 7080BDE8 		pop	{r4, r5, r6, pc}
  63              	.L12:
  64 0040 04308DE2 		add	r3, sp, #4
  65 0044 0020A0E3 		mov	r2, #0
  66 0048 0050A0E1 		mov	r5, r0
  67 004c FEFFFFEB 		bl	_ZN6tflite12GetInputSafeEPK13TfLiteContextPK10TfLiteNodeiPPK12TfLiteTensor
  68 0050 000050E3 		cmp	r0, #0
  69 0054 F7FFFF1A 		bne	.L4
  70 0058 0620A0E1 		mov	r2, r6
  71 005c 08308DE2 		add	r3, sp, #8
  72 0060 0410A0E1 		mov	r1, r4
  73 0064 0500A0E1 		mov	r0, r5
  74 0068 FEFFFFEB 		bl	_ZN6tflite12GetInputSafeEPK13TfLiteContextPK10TfLiteNodeiPPK12TfLiteTensor
  75 006c 000050E3 		cmp	r0, #0
  76 0070 F0FFFF1A 		bne	.L4
  77 0074 0020A0E1 		mov	r2, r0
  78 0078 0410A0E1 		mov	r1, r4
  79 007c 0500A0E1 		mov	r0, r5
  80 0080 0C308DE2 		add	r3, sp, #12
  81 0084 FEFFFFEB 		bl	_ZN6tflite13GetOutputSafeEPK13TfLiteContextPK10TfLiteNodeiPP12TfLiteTensor
  82 0088 000050E3 		cmp	r0, #0
  83 008c E9FFFF1A 		bne	.L4
  84 0090 0C009DE9 		ldmib	sp, {r2, r3}
  85 0094 0020D2E5 		ldrb	r2, [r2]	@ zero_extendqisi2
  86 0098 0030D3E5 		ldrb	r3, [r3]	@ zero_extendqisi2
  87 009c 020053E1 		cmp	r3, r2
  88 00a0 E3FFFF1A 		bne	.L5
  89 00a4 0C209DE5 		ldr	r2, [sp, #12]
  90 00a8 0000D2E5 		ldrb	r0, [r2]	@ zero_extendqisi2
  91 00ac 030050E0 		subs	r0, r0, r3
  92 00b0 0100A013 		movne	r0, #1
  93 00b4 DFFFFFEA 		b	.L4
  94              		.fnend
  96              		.section	.text._ZN6tflite12_GLOBAL__N_112EvalFloorModIfEE12TfLiteStatusP13TfLiteContextbPK16TfLite
  97              		.align	2
  98              		.syntax unified
  99              		.arm
 100              		.fpu neon
 102              	_ZN6tflite12_GLOBAL__N_112EvalFloorModIfEE12TfLiteStatusP13TfLiteContextbPK16TfLiteEvalTensorS7_PS5
 103              		.fnstart
 104              	.LFB4529:
 105              		@ args = 0, pretend = 0, frame = 216
 106              		@ frame_needed = 0, uses_anonymous_args = 0
 107 0000 F04F2DE9 		push	{r4, r5, r6, r7, r8, r9, r10, fp, lr}
 108              		.save {r4, r5, r6, r7, r8, r9, r10, fp, lr}
 109 0004 004052E2 		subs	r4, r2, #0
 110 0008 028B2DED 		vpush.64	{d8}
 111              		.vsave {d8}
 112              		.pad #220
 113 000c DCD04DE2 		sub	sp, sp, #220
 114 0010 9E03000A 		beq	.L363
 115 0014 000050E3 		cmp	r0, #0
 116 0018 0350A0E1 		mov	r5, r3
 117 001c 0170A0E1 		mov	r7, r1
 118 0020 006094E5 		ldr	r6, [r4]
 119 0024 2800000A 		beq	.L15
 120 0028 38008DE2 		add	r0, sp, #56
 121              	.LEHB0:
 122 002c FEFFFFEB 		bl	_ZN6tflite5micro14GetTensorShapeEPK16TfLiteEvalTensor
 123              	.LEHE0:
 124 0030 000057E3 		cmp	r7, #0
 125 0034 9103000A 		beq	.L364
 126 0038 003097E5 		ldr	r3, [r7]
 127 003c 0410A0E1 		mov	r1, r4
 128 0040 20008DE2 		add	r0, sp, #32
 129 0044 04308DE5 		str	r3, [sp, #4]
 130              	.LEHB1:
 131 0048 FEFFFFEB 		bl	_ZN6tflite5micro14GetTensorShapeEPK16TfLiteEvalTensor
 132              	.LEHE1:
 133 004c 0510A0E1 		mov	r1, r5
 134 0050 08008DE2 		add	r0, sp, #8
 135              	.LEHB2:
 136 0054 FEFFFFEB 		bl	_ZN6tflite5micro14GetTensorShapeEPK16TfLiteEvalTensor
 137              	.LEHE2:
 138 0058 38809DE5 		ldr	r8, [sp, #56]
 139 005c 000055E3 		cmp	r5, #0
 140 0060 00509515 		ldrne	r5, [r5]
 141 0064 040058E3 		cmp	r8, #4
 142 0068 7D0300CA 		bgt	.L365
 143 006c 20409DE5 		ldr	r4, [sp, #32]
 144 0070 040054E3 		cmp	r4, #4
 145 0074 790300CA 		bgt	.L366
 146 0078 08209DE5 		ldr	r2, [sp, #8]
 147 007c 040052E3 		cmp	r2, #4
 148 0080 780300CA 		bgt	.L367
 149 0084 040072E2 		rsbs	r0, r2, #4
 150 0088 0430A0E3 		mov	r3, #4
 151 008c 50308DE5 		str	r3, [sp, #80]
 152 0090 E800000A 		beq	.L24
 153 0094 010050E3 		cmp	r0, #1
 154 0098 0130A0E3 		mov	r3, #1
 155 009c 54308DE5 		str	r3, [sp, #84]
 156 00a0 E400000A 		beq	.L24
 157 00a4 020050E3 		cmp	r0, #2
 158 00a8 58308DE5 		str	r3, [sp, #88]
 159 00ac E100000A 		beq	.L24
 160 00b0 030050E3 		cmp	r0, #3
 161 00b4 5C308DE5 		str	r3, [sp, #92]
 162 00b8 DE00000A 		beq	.L24
 163 00bc 040050E3 		cmp	r0, #4
 164 00c0 60308DE5 		str	r3, [sp, #96]
 165 00c4 DB00000A 		beq	.L24
 166              	.LEHB3:
 167 00c8 FEFFFFEB 		bl	abort
 168              	.LEHE3:
 169              	.L15:
 170 00cc B8008DE2 		add	r0, sp, #184
 171              	.LEHB4:
 172 00d0 FEFFFFEB 		bl	_ZN6tflite5micro14GetTensorShapeEPK16TfLiteEvalTensor
 173              	.LEHE4:
 174 00d4 000057E3 		cmp	r7, #0
 175 00d8 5F03000A 		beq	.L368
 176 00dc 0410A0E1 		mov	r1, r4
 177 00e0 98008DE2 		add	r0, sp, #152
 178 00e4 007097E5 		ldr	r7, [r7]
 179              	.LEHB5:
 180 00e8 FEFFFFEB 		bl	_ZN6tflite5micro14GetTensorShapeEPK16TfLiteEvalTensor
 181              	.LEHE5:
 182 00ec 0510A0E1 		mov	r1, r5
 183 00f0 80008DE2 		add	r0, sp, #128
 184              	.LEHB6:
 185 00f4 FEFFFFEB 		bl	_ZN6tflite5micro14GetTensorShapeEPK16TfLiteEvalTensor
 186              	.LEHE6:
 187 00f8 B8309DE5 		ldr	r3, [sp, #184]
 188 00fc 000055E3 		cmp	r5, #0
 189 0100 98409DE5 		ldr	r4, [sp, #152]
 190 0104 00509515 		ldrne	r5, [r5]
 191 0108 040053E1 		cmp	r3, r4
 192 010c 5603001A 		bne	.L131
 193 0110 000053E3 		cmp	r3, #0
 194 0114 0A0200DA 		ble	.L132
 195 0118 050053E3 		cmp	r3, #5
 196 011c BC009DE5 		ldr	r0, [sp, #188]
 197 0120 9C109DE5 		ldr	r1, [sp, #156]
 198 0124 FA0100CA 		bgt	.L134
 199 0128 000053E3 		cmp	r3, #0
 200 012c 260300DA 		ble	.L135
 201 0130 010050E1 		cmp	r0, r1
 202 0134 3A03001A 		bne	.L136
 203 0138 010053E3 		cmp	r3, #1
 204 013c 1900000A 		beq	.L137
 205 0140 C0109DE5 		ldr	r1, [sp, #192]
 206 0144 A0209DE5 		ldr	r2, [sp, #160]
 207 0148 020051E1 		cmp	r1, r2
 208 014c 3403001A 		bne	.L136
 209 0150 020053E3 		cmp	r3, #2
 210 0154 1300000A 		beq	.L137
 211 0158 C4109DE5 		ldr	r1, [sp, #196]
 212 015c A4209DE5 		ldr	r2, [sp, #164]
 213 0160 020051E1 		cmp	r1, r2
 214 0164 2E03001A 		bne	.L136
 215 0168 030053E3 		cmp	r3, #3
 216 016c 0D00000A 		beq	.L137
 217 0170 030054E3 		cmp	r4, #3
 218 0174 C8109DE5 		ldr	r1, [sp, #200]
 219 0178 1303000A 		beq	.L135
 220 017c A8209DE5 		ldr	r2, [sp, #168]
 221 0180 020051E1 		cmp	r1, r2
 222 0184 2603001A 		bne	.L136
 223 0188 040053E3 		cmp	r3, #4
 224 018c 0500000A 		beq	.L137
 225 0190 040054E3 		cmp	r4, #4
 226 0194 CC209DE5 		ldr	r2, [sp, #204]
 227 0198 0B03000A 		beq	.L135
 228 019c AC109DE5 		ldr	r1, [sp, #172]
 229 01a0 020051E1 		cmp	r1, r2
 230 01a4 1E03001A 		bne	.L136
 231              	.L137:
 232 01a8 80209DE5 		ldr	r2, [sp, #128]
 233 01ac 020053E1 		cmp	r3, r2
 234 01b0 3503001A 		bne	.L141
 235 01b4 050053E3 		cmp	r3, #5
 236 01b8 84109DE5 		ldr	r1, [sp, #132]
 237 01bc E90100CA 		bgt	.L144
 238              	.L387:
 239 01c0 010050E1 		cmp	r0, r1
 240 01c4 1703001A 		bne	.L145
 241 01c8 010053E3 		cmp	r3, #1
 242 01cc 150000DA 		ble	.L201
 243 01d0 C0109DE5 		ldr	r1, [sp, #192]
 244 01d4 88209DE5 		ldr	r2, [sp, #136]
 245 01d8 020051E1 		cmp	r1, r2
 246 01dc 1103001A 		bne	.L145
 247 01e0 020053E3 		cmp	r3, #2
 248 01e4 C302000A 		beq	.L200
 249 01e8 C4109DE5 		ldr	r1, [sp, #196]
 250 01ec 8C209DE5 		ldr	r2, [sp, #140]
 251 01f0 020051E1 		cmp	r1, r2
 252 01f4 0B03001A 		bne	.L145
 253 01f8 030053E3 		cmp	r3, #3
 254 01fc BD02000A 		beq	.L200
 255 0200 C8109DE5 		ldr	r1, [sp, #200]
 256 0204 90209DE5 		ldr	r2, [sp, #144]
 257 0208 020051E1 		cmp	r1, r2
 258 020c 0503001A 		bne	.L145
 259 0210 040053E3 		cmp	r3, #4
 260 0214 B702000A 		beq	.L200
 261 0218 94109DE5 		ldr	r1, [sp, #148]
 262 021c CC209DE5 		ldr	r2, [sp, #204]
 263 0220 020051E1 		cmp	r1, r2
 264 0224 FF02001A 		bne	.L145
 265              	.L201:
 266 0228 BC008DE2 		add	r0, sp, #188
 267              	.L146:
 268 022c 000053E3 		cmp	r3, #0
 269 0230 7B0200DA 		ble	.L202
 270              	.L348:
 271 0234 5021A0E7 		sbfx	r2, r0, #2, #1
 272 0238 032002E2 		and	r2, r2, #3
 273 023c 030052E1 		cmp	r2, r3
 274 0240 0320A021 		movcs	r2, r3
 275 0244 080053E3 		cmp	r3, #8
 276 0248 0320A0D1 		movle	r2, r3
 277 024c 450200CA 		bgt	.L369
 278              	.L152:
 279 0250 010052E3 		cmp	r2, #1
 280 0254 008090E5 		ldr	r8, [r0]
 281 0258 8001000A 		beq	.L211
 282 025c 041090E5 		ldr	r1, [r0, #4]
 283 0260 020052E3 		cmp	r2, #2
 284 0264 910808E0 		mul	r8, r1, r8
 285 0268 7C01000A 		beq	.L211
 286 026c 081090E5 		ldr	r1, [r0, #8]
 287 0270 030052E3 		cmp	r2, #3
 288 0274 910808E0 		mul	r8, r1, r8
 289 0278 7801000A 		beq	.L211
 290 027c 0C1090E5 		ldr	r1, [r0, #12]
 291 0280 040052E3 		cmp	r2, #4
 292 0284 910808E0 		mul	r8, r1, r8
 293 0288 7401000A 		beq	.L211
 294 028c 101090E5 		ldr	r1, [r0, #16]
 295 0290 050052E3 		cmp	r2, #5
 296 0294 910808E0 		mul	r8, r1, r8
 297 0298 7001000A 		beq	.L211
 298 029c 141090E5 		ldr	r1, [r0, #20]
 299 02a0 060052E3 		cmp	r2, #6
 300 02a4 910808E0 		mul	r8, r1, r8
 301 02a8 6C01000A 		beq	.L211
 302 02ac 181090E5 		ldr	r1, [r0, #24]
 303 02b0 070052E3 		cmp	r2, #7
 304 02b4 910808E0 		mul	r8, r1, r8
 305 02b8 6801000A 		beq	.L211
 306 02bc 1C1090E5 		ldr	r1, [r0, #28]
 307 02c0 08C0A0E3 		mov	ip, #8
 308 02c4 910808E0 		mul	r8, r1, r8
 309              	.L154:
 310 02c8 020053E1 		cmp	r3, r2
 311 02cc 2800000A 		beq	.L155
 312              	.L153:
 313 02d0 024043E0 		sub	r4, r3, r2
 314 02d4 01E043E2 		sub	lr, r3, #1
 315 02d8 041044E2 		sub	r1, r4, #4
 316 02dc 02E04EE0 		sub	lr, lr, r2
 317 02e0 2111A0E1 		lsr	r1, r1, #2
 318 02e4 02005EE3 		cmp	lr, #2
 319 02e8 011081E2 		add	r1, r1, #1
 320 02ec 0191A0E1 		lsl	r9, r1, #2
 321 02f0 1200009A 		bls	.L156
 322 02f4 022180E0 		add	r2, r0, r2, lsl #2
 323 02f8 5100C0F2 		vmov.i32	q8, #1  @ v4si
 324 02fc 00E0A0E3 		mov	lr, #0
 325              	.L158:
 326 0300 01E08EE2 		add	lr, lr, #1
 327 0304 DF2A62F4 		vld1.64	{d18-d19}, [r2:64]
 328 0308 0E0051E1 		cmp	r1, lr
 329 030c 102082E2 		add	r2, r2, #16
 330 0310 F20960F2 		vmul.i32	q8, q8, q9
 331 0314 F9FFFF8A 		bhi	.L158
 332 0318 090054E1 		cmp	r4, r9
 333 031c 09C08CE0 		add	ip, ip, r9
 334 0320 5020C0F2 		vmov.i32	q9, #0  @ v4si
 335 0324 E248F0F2 		vext.32	q10, q8, q9, #2
 336 0328 F40960F2 		vmul.i32	q8, q8, q10
 337 032c E224F0F2 		vext.32	q9, q8, q9, #1
 338 0330 F20960F2 		vmul.i32	q8, q8, q9
 339 0334 902B10EE 		vmov.32	r2, d16[0]
 340 0338 920808E0 		mul	r8, r2, r8
 341 033c 0C00000A 		beq	.L155
 342              	.L156:
 343 0340 0C1190E7 		ldr	r1, [r0, ip, lsl #2]
 344 0344 01208CE2 		add	r2, ip, #1
 345 0348 020053E1 		cmp	r3, r2
 346 034c 0C21A0E1 		lsl	r2, ip, #2
 347 0350 910808E0 		mul	r8, r1, r8
 348 0354 060000DA 		ble	.L155
 349 0358 020080E0 		add	r0, r0, r2
 350 035c 02208CE2 		add	r2, ip, #2
 351 0360 041090E5 		ldr	r1, [r0, #4]
 352 0364 020053E1 		cmp	r3, r2
 353 0368 910808E0 		mul	r8, r1, r8
 354 036c 082090C5 		ldrgt	r2, [r0, #8]
 355 0370 920808C0 		mulgt	r8, r2, r8
 356              	.L155:
 357 0374 000058E3 		cmp	r8, #0
 358 0378 160000DA 		ble	.L151
 359              	.L142:
 360 037c 0040A0E3 		mov	r4, #0
 361              	.L163:
 362 0380 018AB6EC 		vldmia.32	r6!, {s16}
 363 0384 010AB7EC 		vldmia.32	r7!, {s0}
 364 0388 480AF0EE 		vmov.f32	s1, s16
 365 038c FEFFFFEB 		bl	fmodf
 366 0390 400AB5EE 		vcmp.f32	s0, #0
 367 0394 10FAF1EE 		vmrs	APSR_nzcv, FPSCR
 368 0398 0900000A 		beq	.L162
 369 039c C08AB5EE 		vcmpe.f32	s16, #0
 370 03a0 10FAF1EE 		vmrs	APSR_nzcv, FPSCR
 371 03a4 C00AB5EE 		vcmpe.f32	s0, #0
 372 03a8 0120A043 		movmi	r2, #1
 373 03ac 0020A053 		movpl	r2, #0
 374 03b0 10FAF1EE 		vmrs	APSR_nzcv, FPSCR
 375 03b4 0130A043 		movmi	r3, #1
 376 03b8 0030A053 		movpl	r3, #0
 377 03bc 030052E1 		cmp	r2, r3
 378 03c0 080A301E 		vaddne.f32	s0, s0, s16
 379              	.L162:
 380 03c4 014084E2 		add	r4, r4, #1
 381 03c8 010AA5EC 		vstmia.32	r5!, {s0}
 382 03cc 080054E1 		cmp	r4, r8
 383 03d0 EAFFFFBA 		blt	.L163
 384 03d4 80309DE5 		ldr	r3, [sp, #128]
 385              	.L151:
 386 03d8 050053E3 		cmp	r3, #5
 387 03dc 030000DA 		ble	.L164
 388 03e0 84009DE5 		ldr	r0, [sp, #132]
 389 03e4 000050E3 		cmp	r0, #0
 390 03e8 0000000A 		beq	.L164
 391 03ec FEFFFFEB 		bl	_ZdaPv
 392              	.L164:
 393 03f0 98309DE5 		ldr	r3, [sp, #152]
 394 03f4 050053E3 		cmp	r3, #5
 395 03f8 030000DA 		ble	.L165
 396 03fc 9C009DE5 		ldr	r0, [sp, #156]
 397 0400 000050E3 		cmp	r0, #0
 398 0404 0000000A 		beq	.L165
 399 0408 FEFFFFEB 		bl	_ZdaPv
 400              	.L165:
 401 040c B8309DE5 		ldr	r3, [sp, #184]
 402 0410 050053E3 		cmp	r3, #5
 403 0414 030000DA 		ble	.L297
 404 0418 BC009DE5 		ldr	r0, [sp, #188]
 405 041c 000050E3 		cmp	r0, #0
 406 0420 0000000A 		beq	.L297
 407              	.L353:
 408 0424 FEFFFFEB 		bl	_ZdaPv
 409              	.L297:
 410 0428 0000A0E3 		mov	r0, #0
 411 042c DCD08DE2 		add	sp, sp, #220
 412              		@ sp needed
 413 0430 028BBDEC 		vldm	sp!, {d8}
 414 0434 F08FBDE8 		pop	{r4, r5, r6, r7, r8, r9, r10, fp, pc}
 415              	.L24:
 416 0438 54308DE2 		add	r3, sp, #84
 417 043c 0221A0E1 		lsl	r2, r2, #2
 418 0440 000183E0 		add	r0, r3, r0, lsl #2
 419 0444 0C108DE2 		add	r1, sp, #12
 420 0448 FEFFFFEB 		bl	memcpy
 421 044c 040078E2 		rsbs	r0, r8, #4
 422 0450 0430A0E3 		mov	r3, #4
 423 0454 68308DE5 		str	r3, [sp, #104]
 424 0458 0D00000A 		beq	.L22
 425 045c 010050E3 		cmp	r0, #1
 426 0460 0130A0E3 		mov	r3, #1
 427 0464 6C308DE5 		str	r3, [sp, #108]
 428 0468 0900000A 		beq	.L22
 429 046c 020050E3 		cmp	r0, #2
 430 0470 70308DE5 		str	r3, [sp, #112]
 431 0474 0600000A 		beq	.L22
 432 0478 030050E3 		cmp	r0, #3
 433 047c 74308DE5 		str	r3, [sp, #116]
 434 0480 0300000A 		beq	.L22
 435 0484 040050E3 		cmp	r0, #4
 436 0488 78308DE5 		str	r3, [sp, #120]
 437 048c 0000000A 		beq	.L22
 438              	.LEHB7:
 439 0490 FEFFFFEB 		bl	abort
 440              	.LEHE7:
 441              	.L22:
 442 0494 6C308DE2 		add	r3, sp, #108
 443 0498 0821A0E1 		lsl	r2, r8, #2
 444 049c 000183E0 		add	r0, r3, r0, lsl #2
 445 04a0 3C108DE2 		add	r1, sp, #60
 446 04a4 FEFFFFEB 		bl	memcpy
 447 04a8 040074E2 		rsbs	r0, r4, #4
 448 04ac 0430A0E3 		mov	r3, #4
 449 04b0 80308DE5 		str	r3, [sp, #128]
 450 04b4 0D00000A 		beq	.L26
 451 04b8 010050E3 		cmp	r0, #1
 452 04bc 0130A0E3 		mov	r3, #1
 453 04c0 84308DE5 		str	r3, [sp, #132]
 454 04c4 0900000A 		beq	.L26
 455 04c8 020050E3 		cmp	r0, #2
 456 04cc 88308DE5 		str	r3, [sp, #136]
 457 04d0 0600000A 		beq	.L26
 458 04d4 030050E3 		cmp	r0, #3
 459 04d8 8C308DE5 		str	r3, [sp, #140]
 460 04dc 0300000A 		beq	.L26
 461 04e0 040050E3 		cmp	r0, #4
 462 04e4 90308DE5 		str	r3, [sp, #144]
 463 04e8 0000000A 		beq	.L26
 464              	.LEHB8:
 465 04ec FEFFFFEB 		bl	abort
 466              	.LEHE8:
 467              	.L26:
 468 04f0 84308DE2 		add	r3, sp, #132
 469 04f4 0421A0E1 		lsl	r2, r4, #2
 470 04f8 000183E0 		add	r0, r3, r0, lsl #2
 471 04fc 24108DE2 		add	r1, sp, #36
 472 0500 FEFFFFEB 		bl	memcpy
 473 0504 68409DE5 		ldr	r4, [sp, #104]
 474 0508 6C309DE5 		ldr	r3, [sp, #108]
 475 050c 050054E3 		cmp	r4, #5
 476 0510 2D0100CA 		bgt	.L370
 477 0514 030054E3 		cmp	r4, #3
 478 0518 5A0200DA 		ble	.L36
 479 051c 78109DE5 		ldr	r1, [sp, #120]
 480 0520 01E0A0E3 		mov	lr, #1
 481 0524 74C09DE5 		ldr	ip, [sp, #116]
 482 0528 70209DE5 		ldr	r2, [sp, #112]
 483 052c 80809DE5 		ldr	r8, [sp, #128]
 484 0530 98308DE5 		str	r3, [sp, #152]
 485 0534 9C0100E0 		mul	r0, ip, r1
 486 0538 9C208DE5 		str	r2, [sp, #156]
 487 053c 050058E3 		cmp	r8, #5
 488 0540 A4108DE5 		str	r1, [sp, #164]
 489 0544 B0108DE5 		str	r1, [sp, #176]
 490 0548 A0C08DE5 		str	ip, [sp, #160]
 491 054c 920002E0 		mul	r2, r2, r0
 492 0550 AC008DE5 		str	r0, [sp, #172]
 493 0554 B4E08DE5 		str	lr, [sp, #180]
 494 0558 84009DE5 		ldr	r0, [sp, #132]
 495 055c A8208DE5 		str	r2, [sp, #168]
 496 0560 2C0100CA 		bgt	.L38
 497              	.L388:
 498 0564 030058E3 		cmp	r8, #3
 499 0568 450200DA 		ble	.L39
 500 056c 90209DE5 		ldr	r2, [sp, #144]
 501 0570 0190A0E3 		mov	r9, #1
 502 0574 8C109DE5 		ldr	r1, [sp, #140]
 503 0578 050054E3 		cmp	r4, #5
 504 057c 88C09DE5 		ldr	ip, [sp, #136]
 505 0580 D4908DE5 		str	r9, [sp, #212]
 506 0584 B8008DE5 		str	r0, [sp, #184]
 507 0588 91020EE0 		mul	lr, r1, r2
 508 058c C4208DE5 		str	r2, [sp, #196]
 509 0590 D0208DE5 		str	r2, [sp, #208]
 510 0594 C0108DE5 		str	r1, [sp, #192]
 511 0598 BCC08DE5 		str	ip, [sp, #188]
 512 059c 9C0E09E0 		mul	r9, ip, lr
 513 05a0 CCE08DE5 		str	lr, [sp, #204]
 514 05a4 C8908DE5 		str	r9, [sp, #200]
 515 05a8 AE0000CA 		bgt	.L371
 516 05ac 000054E3 		cmp	r4, #0
 517 05b0 1E0200DA 		ble	.L44
 518 05b4 030050E1 		cmp	r0, r3
 519 05b8 0600000A 		beq	.L45
 520 05bc 010053E3 		cmp	r3, #1
 521 05c0 E101000A 		beq	.L46
 522 05c4 010050E3 		cmp	r0, #1
 523 05c8 2202001A 		bne	.L47
 524 05cc 0000A0E3 		mov	r0, #0
 525 05d0 B8308DE5 		str	r3, [sp, #184]
 526 05d4 C8008DE5 		str	r0, [sp, #200]
 527              	.L45:
 528 05d8 010054E3 		cmp	r4, #1
 529 05dc 1302000A 		beq	.L44
 530 05e0 70309DE5 		ldr	r3, [sp, #112]
 531 05e4 03005CE1 		cmp	ip, r3
 532 05e8 0600000A 		beq	.L49
 533 05ec 010053E3 		cmp	r3, #1
 534 05f0 C901000A 		beq	.L48
 535 05f4 01005CE3 		cmp	ip, #1
 536 05f8 1602001A 		bne	.L47
 537 05fc 0000A0E3 		mov	r0, #0
 538 0600 BC308DE5 		str	r3, [sp, #188]
 539 0604 CC008DE5 		str	r0, [sp, #204]
 540              	.L49:
 541 0608 020054E3 		cmp	r4, #2
 542 060c 0702000A 		beq	.L44
 543 0610 74309DE5 		ldr	r3, [sp, #116]
 544 0614 030051E1 		cmp	r1, r3
 545 0618 0600000A 		beq	.L51
 546 061c 010053E3 		cmp	r3, #1
 547 0620 B901000A 		beq	.L50
 548 0624 010051E3 		cmp	r1, #1
 549 0628 0A02001A 		bne	.L47
 550 062c 0010A0E3 		mov	r1, #0
 551 0630 C0308DE5 		str	r3, [sp, #192]
 552 0634 D0108DE5 		str	r1, [sp, #208]
 553              	.L51:
 554 0638 030054E3 		cmp	r4, #3
 555 063c FB01000A 		beq	.L44
 556 0640 78309DE5 		ldr	r3, [sp, #120]
 557 0644 030052E1 		cmp	r2, r3
 558 0648 0600000A 		beq	.L179
 559              	.L358:
 560 064c 010053E3 		cmp	r3, #1
 561 0650 6F01000A 		beq	.L62
 562 0654 010052E3 		cmp	r2, #1
 563 0658 FE01001A 		bne	.L47
 564 065c 0020A0E3 		mov	r2, #0
 565 0660 C4308DE5 		str	r3, [sp, #196]
 566 0664 D4208DE5 		str	r2, [sp, #212]
 567              	.L179:
 568 0668 050054E3 		cmp	r4, #5
 569 066c 030000DA 		ble	.L82
 570 0670 6C009DE5 		ldr	r0, [sp, #108]
 571 0674 000050E3 		cmp	r0, #0
 572 0678 0000000A 		beq	.L82
 573 067c FEFFFFEB 		bl	_ZdaPv
 574              	.L82:
 575 0680 50409DE5 		ldr	r4, [sp, #80]
 576 0684 000054E3 		cmp	r4, #0
 577 0688 F10100DA 		ble	.L83
 578 068c 00A0A0E3 		mov	r10, #0
 579              	.L84:
 580 0690 54309DE5 		ldr	r3, [sp, #84]
 581 0694 050054E3 		cmp	r4, #5
 582 0698 003093C5 		ldrgt	r3, [r3]
 583 069c 0A0053E1 		cmp	r3, r10
 584 06a0 AE0100DA 		ble	.L91
 585 06a4 010054E3 		cmp	r4, #1
 586 06a8 DF01000A 		beq	.L92
 587 06ac 00B0A0E3 		mov	fp, #0
 588              	.L93:
 589 06b0 050054E3 		cmp	r4, #5
 590 06b4 BE0000CA 		bgt	.L372
 591 06b8 58309DE5 		ldr	r3, [sp, #88]
 592 06bc 0B0053E1 		cmp	r3, fp
 593 06c0 BF0000DA 		ble	.L96
 594 06c4 020054E3 		cmp	r4, #2
 595 06c8 D901000A 		beq	.L97
 596              	.L193:
 597 06cc 050054E3 		cmp	r4, #5
 598 06d0 0090A0E3 		mov	r9, #0
 599 06d4 5B0000CA 		bgt	.L373
 600              	.L99:
 601 06d8 5C309DE5 		ldr	r3, [sp, #92]
 602 06dc 090053E1 		cmp	r3, r9
 603 06e0 5C0000DA 		ble	.L101
 604 06e4 030054E3 		cmp	r4, #3
 605 06e8 9B01000A 		beq	.L102
 606              	.L194:
 607 06ec 050054E3 		cmp	r4, #5
 608 06f0 0080A0E3 		mov	r8, #0
 609 06f4 4D0000DA 		ble	.L104
 610 06f8 A80000EA 		b	.L374
 611              	.L386:
 612 06fc 040054E3 		cmp	r4, #4
 613 0700 AA00001A 		bne	.L105
 614 0704 54309DE5 		ldr	r3, [sp, #84]
 615 0708 0A0053E1 		cmp	r3, r10
 616 070c 8D0100DA 		ble	.L375
 617 0710 58309DE5 		ldr	r3, [sp, #88]
 618 0714 0B0053E1 		cmp	r3, fp
 619 0718 890100DA 		ble	.L376
 620 071c 5C209DE5 		ldr	r2, [sp, #92]
 621 0720 090052E1 		cmp	r2, r9
 622 0724 850100DA 		ble	.L377
 623 0728 9AB323E0 		mla	r3, r10, r3, fp
 624 072c 98009DE5 		ldr	r0, [sp, #152]
 625 0730 0A0050E1 		cmp	r0, r10
 626 0734 929323E0 		mla	r3, r2, r3, r9
 627 0738 918323E0 		mla	r3, r1, r3, r8
 628 073c 7E0100DA 		ble	.L378
 629 0740 9C209DE5 		ldr	r2, [sp, #156]
 630 0744 0B0052E1 		cmp	r2, fp
 631 0748 7A0100DA 		ble	.L379
 632 074c A0209DE5 		ldr	r2, [sp, #160]
 633 0750 090052E1 		cmp	r2, r9
 634 0754 760100DA 		ble	.L380
 635 0758 A4209DE5 		ldr	r2, [sp, #164]
 636 075c 080052E1 		cmp	r2, r8
 637 0760 720100DA 		ble	.L381
 638 0764 ACC09DE5 		ldr	ip, [sp, #172]
 639 0768 A8009DE5 		ldr	r0, [sp, #168]
 640 076c B0109DE5 		ldr	r1, [sp, #176]
 641 0770 B8E09DE5 		ldr	lr, [sp, #184]
 642 0774 9C0B0CE0 		mul	ip, ip, fp
 643 0778 B4209DE5 		ldr	r2, [sp, #180]
 644 077c 0A005EE1 		cmp	lr, r10
 645 0780 90CA20E0 		mla	r0, r0, r10, ip
 646 0784 910921E0 		mla	r1, r1, r9, r0
 647 0788 921822E0 		mla	r2, r2, r8, r1
 648 078c 660100DA 		ble	.L382
 649 0790 BC109DE5 		ldr	r1, [sp, #188]
 650 0794 0B0051E1 		cmp	r1, fp
 651 0798 5A0100DA 		ble	.L383
 652 079c C0109DE5 		ldr	r1, [sp, #192]
 653 07a0 090051E1 		cmp	r1, r9
 654 07a4 560100DA 		ble	.L384
 655 07a8 C4109DE5 		ldr	r1, [sp, #196]
 656 07ac 080051E1 		cmp	r1, r8
 657 07b0 520100DA 		ble	.L385
 658 07b4 CCC09DE5 		ldr	ip, [sp, #204]
 659 07b8 037185E0 		add	r7, r5, r3, lsl #2
 660 07bc 04109DE5 		ldr	r1, [sp, #4]
 661 07c0 C8009DE5 		ldr	r0, [sp, #200]
 662 07c4 9C0B0CE0 		mul	ip, ip, fp
 663 07c8 022181E0 		add	r2, r1, r2, lsl #2
 664 07cc D0109DE5 		ldr	r1, [sp, #208]
 665 07d0 000A92ED 		vldr.32	s0, [r2]
 666 07d4 90CA20E0 		mla	r0, r0, r10, ip
 667 07d8 D4209DE5 		ldr	r2, [sp, #212]
 668 07dc 910921E0 		mla	r1, r1, r9, r0
 669 07e0 921822E0 		mla	r2, r2, r8, r1
 670 07e4 022186E0 		add	r2, r6, r2, lsl #2
 671 07e8 008A92ED 		vldr.32	s16, [r2]
 672 07ec 480AF0EE 		vmov.f32	s1, s16
 673 07f0 FEFFFFEB 		bl	fmodf
 674 07f4 400AB5EE 		vcmp.f32	s0, #0
 675 07f8 10FAF1EE 		vmrs	APSR_nzcv, FPSCR
 676 07fc 0900000A 		beq	.L120
 677 0800 C08AB5EE 		vcmpe.f32	s16, #0
 678 0804 10FAF1EE 		vmrs	APSR_nzcv, FPSCR
 679 0808 C00AB5EE 		vcmpe.f32	s0, #0
 680 080c 0110A043 		movmi	r1, #1
 681 0810 0010A053 		movpl	r1, #0
 682 0814 10FAF1EE 		vmrs	APSR_nzcv, FPSCR
 683 0818 0120A043 		movmi	r2, #1
 684 081c 0020A053 		movpl	r2, #0
 685 0820 020051E1 		cmp	r1, r2
 686 0824 080A301E 		vaddne.f32	s0, s0, s16
 687              	.L120:
 688 0828 018088E2 		add	r8, r8, #1
 689 082c 000A87ED 		vstr.32	s0, [r7]
 690              	.L104:
 691 0830 60109DE5 		ldr	r1, [sp, #96]
 692 0834 080051E1 		cmp	r1, r8
 693 0838 AFFFFFCA 		bgt	.L386
 694              	.L106:
 695 083c 050054E3 		cmp	r4, #5
 696 0840 019089E2 		add	r9, r9, #1
 697 0844 A3FFFFDA 		ble	.L99
 698              	.L373:
 699 0848 54309DE5 		ldr	r3, [sp, #84]
 700 084c 083093E5 		ldr	r3, [r3, #8]
 701 0850 090053E1 		cmp	r3, r9
 702 0854 A4FFFFCA 		bgt	.L194
 703              	.L101:
 704 0858 01B08BE2 		add	fp, fp, #1
 705 085c 93FFFFEA 		b	.L93
 706              	.L211:
 707 0860 02C0A0E1 		mov	ip, r2
 708 0864 97FEFFEA 		b	.L154
 709              	.L371:
 710 0868 00E093E5 		ldr	lr, [r3]
 711 086c 0E0050E1 		cmp	r0, lr
 712 0870 0900000A 		beq	.L55
 713 0874 01005EE3 		cmp	lr, #1
 714 0878 00E0A003 		moveq	lr, #0
 715 087c 98008D05 		streq	r0, [sp, #152]
 716 0880 A8E08D05 		streq	lr, [sp, #168]
 717 0884 0400000A 		beq	.L55
 718 0888 010050E3 		cmp	r0, #1
 719 088c 7101001A 		bne	.L47
 720 0890 0000A0E3 		mov	r0, #0
 721 0894 B8E08DE5 		str	lr, [sp, #184]
 722 0898 C8008DE5 		str	r0, [sp, #200]
 723              	.L55:
 724 089c 040093E5 		ldr	r0, [r3, #4]
 725 08a0 0C0050E1 		cmp	r0, ip
 726 08a4 0900000A 		beq	.L57
 727 08a8 010050E3 		cmp	r0, #1
 728 08ac 0000A003 		moveq	r0, #0
 729 08b0 9CC08D05 		streq	ip, [sp, #156]
 730 08b4 AC008D05 		streq	r0, [sp, #172]
 731 08b8 0400000A 		beq	.L57
 732 08bc 01005CE3 		cmp	ip, #1
 733 08c0 6401001A 		bne	.L47
 734 08c4 00C0A0E3 		mov	ip, #0
 735 08c8 BC008DE5 		str	r0, [sp, #188]
 736 08cc CCC08DE5 		str	ip, [sp, #204]
 737              	.L57:
 738 08d0 080093E5 		ldr	r0, [r3, #8]
 739 08d4 010050E1 		cmp	r0, r1
 740 08d8 0900000A 		beq	.L59
 741 08dc 010050E3 		cmp	r0, #1
 742 08e0 0000A003 		moveq	r0, #0
 743 08e4 A0108D05 		streq	r1, [sp, #160]
 744 08e8 B0008D05 		streq	r0, [sp, #176]
 745 08ec 0400000A 		beq	.L59
 746 08f0 010051E3 		cmp	r1, #1
 747 08f4 5701001A 		bne	.L47
 748 08f8 0010A0E3 		mov	r1, #0
 749 08fc C0008DE5 		str	r0, [sp, #192]
 750 0900 D0108DE5 		str	r1, [sp, #208]
 751              	.L59:
 752 0904 0C3093E5 		ldr	r3, [r3, #12]
 753 0908 030052E1 		cmp	r2, r3
 754 090c 4EFFFF1A 		bne	.L358
 755 0910 54FFFFEA 		b	.L179
 756              	.L134:
 757 0914 040040E2 		sub	r0, r0, #4
 758 0918 041041E2 		sub	r1, r1, #4
 759 091c 0020A0E3 		mov	r2, #0
 760              	.L140:
 761 0920 040052E1 		cmp	r2, r4
 762 0924 04E0B0E5 		ldr	lr, [r0, #4]!
 763 0928 270100AA 		bge	.L135
 764 092c 04C0B1E5 		ldr	ip, [r1, #4]!
 765 0930 0C005EE1 		cmp	lr, ip
 766 0934 3A01001A 		bne	.L136
 767 0938 012082E2 		add	r2, r2, #1
 768 093c 020053E1 		cmp	r3, r2
 769 0940 F6FFFF1A 		bne	.L140
 770              	.L132:
 771 0944 80209DE5 		ldr	r2, [sp, #128]
 772 0948 020053E1 		cmp	r3, r2
 773 094c 4E01001A 		bne	.L141
 774 0950 000053E3 		cmp	r3, #0
 775 0954 B20000DA 		ble	.L202
 776 0958 050053E3 		cmp	r3, #5
 777 095c BC009DE5 		ldr	r0, [sp, #188]
 778 0960 84109DE5 		ldr	r1, [sp, #132]
 779 0964 15FEFFDA 		ble	.L387
 780              	.L144:
 781 0968 041041E2 		sub	r1, r1, #4
 782 096c 04C040E2 		sub	ip, r0, #4
 783 0970 0020A0E3 		mov	r2, #0
 784 0974 050000EA 		b	.L149
 785              	.L147:
 786 0978 04E0B1E5 		ldr	lr, [r1, #4]!
 787 097c 0E0054E1 		cmp	r4, lr
 788 0980 2801001A 		bne	.L145
 789 0984 012082E2 		add	r2, r2, #1
 790 0988 020053E1 		cmp	r3, r2
 791 098c 26FEFF0A 		beq	.L146
 792              	.L149:
 793 0990 030052E1 		cmp	r2, r3
 794 0994 0440BCE5 		ldr	r4, [ip, #4]!
 795 0998 F6FFFF1A 		bne	.L147
 796              	.LEHB9:
 797 099c FEFFFFEB 		bl	abort
 798              	.LEHE9:
 799              	.L374:
 800 09a0 54309DE5 		ldr	r3, [sp, #84]
 801 09a4 0C3093E5 		ldr	r3, [r3, #12]
 802 09a8 080053E1 		cmp	r3, r8
 803 09ac A2FFFFDA 		ble	.L106
 804              	.L105:
 805              	.LEHB10:
 806 09b0 FEFFFFEB 		bl	abort
 807              	.LEHE10:
 808              	.L372:
 809 09b4 54309DE5 		ldr	r3, [sp, #84]
 810 09b8 043093E5 		ldr	r3, [r3, #4]
 811 09bc 0B0053E1 		cmp	r3, fp
 812 09c0 41FFFFCA 		bgt	.L193
 813              	.L96:
 814 09c4 01A08AE2 		add	r10, r10, #1
 815 09c8 30FFFFEA 		b	.L84
 816              	.L370:
 817 09cc 080093E5 		ldr	r0, [r3, #8]
 818 09d0 01C0A0E3 		mov	ip, #1
 819 09d4 0C2093E5 		ldr	r2, [r3, #12]
 820 09d8 041093E5 		ldr	r1, [r3, #4]
 821 09dc 80809DE5 		ldr	r8, [sp, #128]
 822 09e0 A4208DE5 		str	r2, [sp, #164]
 823 09e4 B0208DE5 		str	r2, [sp, #176]
 824 09e8 900202E0 		mul	r2, r0, r2
 825 09ec A0008DE5 		str	r0, [sp, #160]
 826 09f0 050058E3 		cmp	r8, #5
 827 09f4 000093E5 		ldr	r0, [r3]
 828 09f8 9C108DE5 		str	r1, [sp, #156]
 829 09fc 910201E0 		mul	r1, r1, r2
 830 0a00 B4C08DE5 		str	ip, [sp, #180]
 831 0a04 98008DE5 		str	r0, [sp, #152]
 832 0a08 AC208DE5 		str	r2, [sp, #172]
 833 0a0c 84009DE5 		ldr	r0, [sp, #132]
 834 0a10 A8108DE5 		str	r1, [sp, #168]
 835 0a14 D2FEFFDA 		ble	.L388
 836              	.L38:
 837 0a18 08C090E5 		ldr	ip, [r0, #8]
 838 0a1c 050054E3 		cmp	r4, #5
 839 0a20 0C2090E5 		ldr	r2, [r0, #12]
 840 0a24 01E0A0E3 		mov	lr, #1
 841 0a28 041090E5 		ldr	r1, [r0, #4]
 842 0a2c C0C08DE5 		str	ip, [sp, #192]
 843 0a30 C4208DE5 		str	r2, [sp, #196]
 844 0a34 D0208DE5 		str	r2, [sp, #208]
 845 0a38 9C0202E0 		mul	r2, ip, r2
 846 0a3c 00C090E5 		ldr	ip, [r0]
 847 0a40 BC108DE5 		str	r1, [sp, #188]
 848 0a44 D4E08DE5 		str	lr, [sp, #212]
 849 0a48 910201E0 		mul	r1, r1, r2
 850 0a4c CC208DE5 		str	r2, [sp, #204]
 851 0a50 B8C08DE5 		str	ip, [sp, #184]
 852 0a54 C8108DE5 		str	r1, [sp, #200]
 853 0a58 470000CA 		bgt	.L389
 854 0a5c 000054E3 		cmp	r4, #0
 855 0a60 F20000DA 		ble	.L44
 856 0a64 002090E5 		ldr	r2, [r0]
 857 0a68 020053E1 		cmp	r3, r2
 858 0a6c 0900000A 		beq	.L63
 859 0a70 010053E3 		cmp	r3, #1
 860 0a74 0030A003 		moveq	r3, #0
 861 0a78 98208D05 		streq	r2, [sp, #152]
 862 0a7c A8308D05 		streq	r3, [sp, #168]
 863 0a80 0400000A 		beq	.L63
 864 0a84 010052E3 		cmp	r2, #1
 865 0a88 F200001A 		bne	.L47
 866 0a8c 0020A0E3 		mov	r2, #0
 867 0a90 B8308DE5 		str	r3, [sp, #184]
 868 0a94 C8208DE5 		str	r2, [sp, #200]
 869              	.L63:
 870 0a98 010054E3 		cmp	r4, #1
 871 0a9c E300000A 		beq	.L44
 872 0aa0 70309DE5 		ldr	r3, [sp, #112]
 873 0aa4 042090E5 		ldr	r2, [r0, #4]
 874 0aa8 030052E1 		cmp	r2, r3
 875 0aac 0900000A 		beq	.L66
 876 0ab0 010053E3 		cmp	r3, #1
 877 0ab4 0030A003 		moveq	r3, #0
 878 0ab8 9C208D05 		streq	r2, [sp, #156]
 879 0abc AC308D05 		streq	r3, [sp, #172]
 880 0ac0 0400000A 		beq	.L66
 881 0ac4 010052E3 		cmp	r2, #1
 882 0ac8 E200001A 		bne	.L47
 883 0acc 0020A0E3 		mov	r2, #0
 884 0ad0 BC308DE5 		str	r3, [sp, #188]
 885 0ad4 CC208DE5 		str	r2, [sp, #204]
 886              	.L66:
 887 0ad8 020054E3 		cmp	r4, #2
 888 0adc D300000A 		beq	.L44
 889 0ae0 74309DE5 		ldr	r3, [sp, #116]
 890 0ae4 082090E5 		ldr	r2, [r0, #8]
 891 0ae8 030052E1 		cmp	r2, r3
 892 0aec 0900000A 		beq	.L68
 893 0af0 010053E3 		cmp	r3, #1
 894 0af4 0030A003 		moveq	r3, #0
 895 0af8 A0208D05 		streq	r2, [sp, #160]
 896 0afc B0308D05 		streq	r3, [sp, #176]
 897 0b00 0400000A 		beq	.L68
 898 0b04 010052E3 		cmp	r2, #1
 899 0b08 D200001A 		bne	.L47
 900 0b0c 0020A0E3 		mov	r2, #0
 901 0b10 C0308DE5 		str	r3, [sp, #192]
 902 0b14 D0208DE5 		str	r2, [sp, #208]
 903              	.L68:
 904 0b18 030054E3 		cmp	r4, #3
 905 0b1c C300000A 		beq	.L44
 906 0b20 78309DE5 		ldr	r3, [sp, #120]
 907 0b24 0C2090E5 		ldr	r2, [r0, #12]
 908 0b28 030052E1 		cmp	r2, r3
 909 0b2c 0900000A 		beq	.L71
 910              	.L78:
 911 0b30 010053E3 		cmp	r3, #1
 912 0b34 0030A003 		moveq	r3, #0
 913 0b38 A4208D05 		streq	r2, [sp, #164]
 914 0b3c B4308D05 		streq	r3, [sp, #180]
 915 0b40 0400000A 		beq	.L71
 916 0b44 010052E3 		cmp	r2, #1
 917 0b48 0020A003 		moveq	r2, #0
 918 0b4c C4308D05 		streq	r3, [sp, #196]
 919 0b50 D4208D05 		streq	r2, [sp, #212]
 920 0b54 BF00001A 		bne	.L47
 921              	.L71:
 922 0b58 000050E3 		cmp	r0, #0
 923 0b5c C1FEFF0A 		beq	.L179
 924 0b60 FEFFFFEB 		bl	_ZdaPv
 925 0b64 BFFEFFEA 		b	.L179
 926              	.L369:
 927 0b68 000052E3 		cmp	r2, #0
 928 0b6c 0180A003 		moveq	r8, #1
 929 0b70 02C0A001 		moveq	ip, r2
 930 0b74 D5FDFF0A 		beq	.L153
 931 0b78 B4FDFFEA 		b	.L152
 932              	.L389:
 933 0b7c 001093E5 		ldr	r1, [r3]
 934 0b80 002090E5 		ldr	r2, [r0]
 935 0b84 020051E1 		cmp	r1, r2
 936 0b88 0600000A 		beq	.L72
 937 0b8c 010051E3 		cmp	r1, #1
 938 0b90 5400000A 		beq	.L73
 939 0b94 010052E3 		cmp	r2, #1
 940 0b98 AE00001A 		bne	.L47
 941 0b9c 0020A0E3 		mov	r2, #0
 942 0ba0 B8108DE5 		str	r1, [sp, #184]
 943 0ba4 C8208DE5 		str	r2, [sp, #200]
 944              	.L72:
 945 0ba8 041093E5 		ldr	r1, [r3, #4]
 946 0bac 042090E5 		ldr	r2, [r0, #4]
 947 0bb0 020051E1 		cmp	r1, r2
 948 0bb4 0600000A 		beq	.L74
 949 0bb8 010051E3 		cmp	r1, #1
 950 0bbc 4500000A 		beq	.L75
 951 0bc0 010052E3 		cmp	r2, #1
 952 0bc4 A300001A 		bne	.L47
 953 0bc8 0020A0E3 		mov	r2, #0
 954 0bcc BC108DE5 		str	r1, [sp, #188]
 955 0bd0 CC208DE5 		str	r2, [sp, #204]
 956              	.L74:
 957 0bd4 081093E5 		ldr	r1, [r3, #8]
 958 0bd8 082090E5 		ldr	r2, [r0, #8]
 959 0bdc 020051E1 		cmp	r1, r2
 960 0be0 0600000A 		beq	.L76
 961 0be4 010051E3 		cmp	r1, #1
 962 0be8 3600000A 		beq	.L77
 963 0bec 010052E3 		cmp	r2, #1
 964 0bf0 9800001A 		bne	.L47
 965 0bf4 0020A0E3 		mov	r2, #0
 966 0bf8 C0108DE5 		str	r1, [sp, #192]
 967 0bfc D0208DE5 		str	r2, [sp, #208]
 968              	.L76:
 969 0c00 0C3093E5 		ldr	r3, [r3, #12]
 970 0c04 0C2090E5 		ldr	r2, [r0, #12]
 971 0c08 020053E1 		cmp	r3, r2
 972 0c0c C7FFFF1A 		bne	.L78
 973 0c10 D0FFFFEA 		b	.L71
 974              	.L62:
 975 0c14 0030A0E3 		mov	r3, #0
 976 0c18 A4208DE5 		str	r2, [sp, #164]
 977 0c1c B4308DE5 		str	r3, [sp, #180]
 978 0c20 90FEFFEA 		b	.L179
 979              	.L202:
 980 0c24 0180A0E3 		mov	r8, #1
 981 0c28 D3FDFFEA 		b	.L142
 982              	.L217:
 983              	.L125:
 984 0c2c 08309DE5 		ldr	r3, [sp, #8]
 985 0c30 050053E3 		cmp	r3, #5
 986 0c34 030000DA 		ble	.L168
 987 0c38 0C009DE5 		ldr	r0, [sp, #12]
 988 0c3c 000050E3 		cmp	r0, #0
 989 0c40 0000000A 		beq	.L168
 990 0c44 FEFFFFEB 		bl	_ZdaPv
 991              	.L168:
 992 0c48 20309DE5 		ldr	r3, [sp, #32]
 993 0c4c 050053E3 		cmp	r3, #5
 994 0c50 030000DA 		ble	.L170
 995 0c54 24009DE5 		ldr	r0, [sp, #36]
 996 0c58 000050E3 		cmp	r0, #0
 997 0c5c 0000000A 		beq	.L170
 998 0c60 FEFFFFEB 		bl	_ZdaPv
 999              	.L170:
 1000 0c64 38309DE5 		ldr	r3, [sp, #56]
 1001 0c68 050053E3 		cmp	r3, #5
 1002 0c6c 030000DA 		ble	.L177
 1003 0c70 3C009DE5 		ldr	r0, [sp, #60]
 1004 0c74 000050E3 		cmp	r0, #0
 1005 0c78 0000000A 		beq	.L177
 1006              	.L357:
 1007 0c7c FEFFFFEB 		bl	_ZdaPv
 1008              	.L177:
 1009              	.LEHB11:
 1010 0c80 FEFFFFEB 		bl	__cxa_end_cleanup
 1011              	.LEHE11:
 1012              	.L219:
 1013              	.L88:
 1014 0c84 50409DE5 		ldr	r4, [sp, #80]
 1015              	.L29:
 1016 0c88 050054E3 		cmp	r4, #5
 1017 0c8c E6FFFFDA 		ble	.L125
 1018 0c90 54009DE5 		ldr	r0, [sp, #84]
 1019 0c94 000050E3 		cmp	r0, #0
 1020 0c98 E3FFFF0A 		beq	.L125
 1021 0c9c FEFFFFEB 		bl	_ZdaPv
 1022 0ca0 E1FFFFEA 		b	.L125
 1023              	.L220:
 1024 0ca4 68409DE5 		ldr	r4, [sp, #104]
 1025              	.L34:
 1026 0ca8 050054E3 		cmp	r4, #5
 1027 0cac F4FFFFDA 		ble	.L88
 1028 0cb0 6C009DE5 		ldr	r0, [sp, #108]
 1029 0cb4 000050E3 		cmp	r0, #0
 1030 0cb8 F1FFFF0A 		beq	.L88
 1031 0cbc FEFFFFEB 		bl	_ZdaPv
 1032 0cc0 EFFFFFEA 		b	.L88
 1033              	.L222:
 1034 0cc4 EFFFFFEA 		b	.L29
 1035              	.L77:
 1036 0cc8 0010A0E3 		mov	r1, #0
 1037 0ccc A0208DE5 		str	r2, [sp, #160]
 1038 0cd0 B0108DE5 		str	r1, [sp, #176]
 1039 0cd4 C9FFFFEA 		b	.L76
 1040              	.L75:
 1041 0cd8 0010A0E3 		mov	r1, #0
 1042 0cdc 9C208DE5 		str	r2, [sp, #156]
 1043 0ce0 AC108DE5 		str	r1, [sp, #172]
 1044 0ce4 BAFFFFEA 		b	.L74
 1045              	.L73:
 1046 0ce8 0010A0E3 		mov	r1, #0
 1047 0cec 98208DE5 		str	r2, [sp, #152]
 1048 0cf0 A8108DE5 		str	r1, [sp, #168]
 1049 0cf4 ABFFFFEA 		b	.L72
 1050              	.L200:
 1051 0cf8 BC008DE2 		add	r0, sp, #188
 1052 0cfc 4CFDFFEA 		b	.L348
 1053              	.L385:
 1054              	.LEHB12:
 1055 0d00 FEFFFFEB 		bl	abort
 1056              	.L384:
 1057 0d04 FEFFFFEB 		bl	abort
 1058              	.L383:
 1059 0d08 FEFFFFEB 		bl	abort
 1060              	.L50:
 1061 0d0c 0030A0E3 		mov	r3, #0
 1062 0d10 A0108DE5 		str	r1, [sp, #160]
 1063 0d14 B0308DE5 		str	r3, [sp, #176]
 1064 0d18 46FEFFEA 		b	.L51
 1065              	.L48:
 1066 0d1c 0030A0E3 		mov	r3, #0
 1067 0d20 9CC08DE5 		str	ip, [sp, #156]
 1068 0d24 AC308DE5 		str	r3, [sp, #172]
 1069 0d28 36FEFFEA 		b	.L49
 1070              	.L382:
 1071 0d2c FEFFFFEB 		bl	abort
 1072              	.L381:
 1073 0d30 FEFFFFEB 		bl	abort
 1074              	.L380:
 1075 0d34 FEFFFFEB 		bl	abort
 1076              	.L379:
 1077 0d38 FEFFFFEB 		bl	abort
 1078              	.L378:
 1079 0d3c FEFFFFEB 		bl	abort
 1080              	.L377:
 1081 0d40 FEFFFFEB 		bl	abort
 1082              	.L376:
 1083 0d44 FEFFFFEB 		bl	abort
 1084              	.L375:
 1085 0d48 FEFFFFEB 		bl	abort
 1086              	.L46:
 1087 0d4c 0030A0E3 		mov	r3, #0
 1088 0d50 98008DE5 		str	r0, [sp, #152]
 1089 0d54 A8308DE5 		str	r3, [sp, #168]
 1090 0d58 1EFEFFEA 		b	.L45
 1091              	.L102:
 1092 0d5c FEFFFFEB 		bl	abort
 1093              	.LEHE12:
 1094              	.L91:
 1095 0d60 050054E3 		cmp	r4, #5
 1096 0d64 030000DA 		ble	.L121
 1097 0d68 54009DE5 		ldr	r0, [sp, #84]
 1098 0d6c 000050E3 		cmp	r0, #0
 1099 0d70 0000000A 		beq	.L121
 1100 0d74 FEFFFFEB 		bl	_ZdaPv
 1101              	.L121:
 1102 0d78 08309DE5 		ldr	r3, [sp, #8]
 1103 0d7c 050053E3 		cmp	r3, #5
 1104 0d80 030000DA 		ble	.L123
 1105 0d84 0C009DE5 		ldr	r0, [sp, #12]
 1106 0d88 000050E3 		cmp	r0, #0
 1107 0d8c 0000000A 		beq	.L123
 1108 0d90 FEFFFFEB 		bl	_ZdaPv
 1109              	.L123:
 1110 0d94 20309DE5 		ldr	r3, [sp, #32]
 1111 0d98 050053E3 		cmp	r3, #5
 1112 0d9c 030000DA 		ble	.L126
 1113 0da0 24009DE5 		ldr	r0, [sp, #36]
 1114 0da4 000050E3 		cmp	r0, #0
 1115 0da8 0000000A 		beq	.L126
 1116 0dac FEFFFFEB 		bl	_ZdaPv
 1117              	.L126:
 1118 0db0 38309DE5 		ldr	r3, [sp, #56]
 1119 0db4 050053E3 		cmp	r3, #5
 1120 0db8 9AFDFFDA 		ble	.L297
 1121 0dbc 3C009DE5 		ldr	r0, [sp, #60]
 1122 0dc0 000050E3 		cmp	r0, #0
 1123 0dc4 96FDFF1A 		bne	.L353
 1124 0dc8 96FDFFEA 		b	.L297
 1125              	.L135:
 1126              	.LEHB13:
 1127 0dcc FEFFFFEB 		bl	abort
 1128              	.L214:
 1129 0dd0 80309DE5 		ldr	r3, [sp, #128]
 1130 0dd4 050053E3 		cmp	r3, #5
 1131 0dd8 030000DA 		ble	.L174
 1132 0ddc 84009DE5 		ldr	r0, [sp, #132]
 1133 0de0 000050E3 		cmp	r0, #0
 1134 0de4 0000000A 		beq	.L174
 1135 0de8 FEFFFFEB 		bl	_ZdaPv
 1136              	.L174:
 1137 0dec 98309DE5 		ldr	r3, [sp, #152]
 1138 0df0 050053E3 		cmp	r3, #5
 1139 0df4 030000DA 		ble	.L176
 1140 0df8 9C009DE5 		ldr	r0, [sp, #156]
 1141 0dfc 000050E3 		cmp	r0, #0
 1142 0e00 0000000A 		beq	.L176
 1143 0e04 FEFFFFEB 		bl	_ZdaPv
 1144              	.L176:
 1145 0e08 B8309DE5 		ldr	r3, [sp, #184]
 1146 0e0c 050053E3 		cmp	r3, #5
 1147 0e10 9AFFFFDA 		ble	.L177
 1148 0e14 BC009DE5 		ldr	r0, [sp, #188]
 1149 0e18 000050E3 		cmp	r0, #0
 1150 0e1c 96FFFF1A 		bne	.L357
 1151 0e20 96FFFFEA 		b	.L177
 1152              	.L136:
 1153 0e24 FEFFFFEB 		bl	abort
 1154              	.L145:
 1155 0e28 FEFFFFEB 		bl	abort
 1156              	.LEHE13:
 1157              	.L92:
 1158              	.LEHB14:
 1159 0e2c FEFFFFEB 		bl	abort
 1160              	.LEHE14:
 1161              	.L44:
 1162              	.LEHB15:
 1163 0e30 FEFFFFEB 		bl	abort
 1164              	.LEHE15:
 1165              	.L97:
 1166              	.LEHB16:
 1167 0e34 FEFFFFEB 		bl	abort
 1168              	.L218:
 1169              	.L86:
 1170 0e38 050058E3 		cmp	r8, #5
 1171 0e3c 99FFFFDA 		ble	.L34
 1172 0e40 84009DE5 		ldr	r0, [sp, #132]
 1173 0e44 000050E3 		cmp	r0, #0
 1174 0e48 96FFFF0A 		beq	.L34
 1175 0e4c FEFFFFEB 		bl	_ZdaPv
 1176 0e50 94FFFFEA 		b	.L34
 1177              	.L83:
 1178 0e54 FEFFFFEB 		bl	abort
 1179              	.LEHE16:
 1180              	.L47:
 1181              	.LEHB17:
 1182 0e58 FEFFFFEB 		bl	abort
 1183              	.LEHE17:
 1184              	.L368:
 1185              	.LEHB18:
 1186 0e5c FEFFFFEB 		bl	abort
 1187              	.LEHE18:
 1188              	.L366:
 1189              	.LEHB19:
 1190 0e60 FEFFFFEB 		bl	abort
 1191              	.L365:
 1192 0e64 FEFFFFEB 		bl	abort
 1193              	.L367:
 1194 0e68 FEFFFFEB 		bl	abort
 1195              	.LEHE19:
 1196              	.L131:
 1197              	.LEHB20:
 1198 0e6c FEFFFFEB 		bl	abort
 1199              	.LEHE20:
 1200              	.L213:
 1201 0e70 DDFFFFEA 		b	.L174
 1202              	.L212:
 1203 0e74 E3FFFFEA 		b	.L176
 1204              	.L216:
 1205 0e78 72FFFFEA 		b	.L168
 1206              	.L215:
 1207 0e7c 78FFFFEA 		b	.L170
 1208              	.L364:
 1209              	.LEHB21:
 1210 0e80 FEFFFFEB 		bl	abort
 1211              	.LEHE21:
 1212              	.L39:
 1213              	.LEHB22:
 1214 0e84 FEFFFFEB 		bl	abort
 1215              	.LEHE22:
 1216              	.L36:
 1217              	.LEHB23:
 1218 0e88 FEFFFFEB 		bl	abort
 1219              	.LEHE23:
 1220              	.L141:
 1221              	.LEHB24:
 1222 0e8c FEFFFFEB 		bl	abort
 1223              	.LEHE24:
 1224              	.L363:
 1225              	.LEHB25:
 1226 0e90 FEFFFFEB 		bl	abort
 1227              	.LEHE25:
 1228              	.L221:
 1229 0e94 80809DE5 		ldr	r8, [sp, #128]
 1230 0e98 E6FFFFEA 		b	.L86
 1231              		.global	__gxx_personality_v0
 1232              		.personality	__gxx_personality_v0
 1233              		.handlerdata
 1234              	.LLSDA4529:
 1235 000c FF       		.byte	0xff
 1236 000d FF       		.byte	0xff
 1237 000e 01       		.byte	0x1
 1238 000f 9501     		.uleb128 .LLSDACSE4529-.LLSDACSB4529
 1239              	.LLSDACSB4529:
 1240 0011 2C       		.uleb128 .LEHB0-.LFB4529
 1241 0012 04       		.uleb128 .LEHE0-.LEHB0
 1242 0013 00       		.uleb128 0
 1243 0014 00       		.uleb128 0
 1244 0015 48       		.uleb128 .LEHB1-.LFB4529
 1245 0016 04       		.uleb128 .LEHE1-.LEHB1
 1246 0017 FC1C     		.uleb128 .L215-.LFB4529
 1247 0019 00       		.uleb128 0
 1248 001a 54       		.uleb128 .LEHB2-.LFB4529
 1249 001b 04       		.uleb128 .LEHE2-.LEHB2
 1250 001c F81C     		.uleb128 .L216-.LFB4529
 1251 001e 00       		.uleb128 0
 1252 001f C801     		.uleb128 .LEHB3-.LFB4529
 1253 0021 04       		.uleb128 .LEHE3-.LEHB3
 1254 0022 AC18     		.uleb128 .L217-.LFB4529
 1255 0024 00       		.uleb128 0
 1256 0025 D001     		.uleb128 .LEHB4-.LFB4529
 1257 0027 04       		.uleb128 .LEHE4-.LEHB4
 1258 0028 00       		.uleb128 0
 1259 0029 00       		.uleb128 0
 1260 002a E801     		.uleb128 .LEHB5-.LFB4529
 1261 002c 04       		.uleb128 .LEHE5-.LEHB5
 1262 002d F41C     		.uleb128 .L212-.LFB4529
 1263 002f 00       		.uleb128 0
 1264 0030 F401     		.uleb128 .LEHB6-.LFB4529
 1265 0032 04       		.uleb128 .LEHE6-.LEHB6
 1266 0033 F01C     		.uleb128 .L213-.LFB4529
 1267 0035 00       		.uleb128 0
 1268 0036 9009     		.uleb128 .LEHB7-.LFB4529
 1269 0038 04       		.uleb128 .LEHE7-.LEHB7
 1270 0039 8419     		.uleb128 .L219-.LFB4529
 1271 003b 00       		.uleb128 0
 1272 003c EC09     		.uleb128 .LEHB8-.LFB4529
 1273 003e 04       		.uleb128 .LEHE8-.LEHB8
 1274 003f A419     		.uleb128 .L220-.LFB4529
 1275 0041 00       		.uleb128 0
 1276 0042 9C13     		.uleb128 .LEHB9-.LFB4529
 1277 0044 04       		.uleb128 .LEHE9-.LEHB9
 1278 0045 D01B     		.uleb128 .L214-.LFB4529
 1279 0047 00       		.uleb128 0
 1280 0048 B013     		.uleb128 .LEHB10-.LFB4529
 1281 004a 04       		.uleb128 .LEHE10-.LEHB10
 1282 004b C419     		.uleb128 .L222-.LFB4529
 1283 004d 00       		.uleb128 0
 1284 004e 8019     		.uleb128 .LEHB11-.LFB4529
 1285 0050 04       		.uleb128 .LEHE11-.LEHB11
 1286 0051 00       		.uleb128 0
 1287 0052 00       		.uleb128 0
 1288 0053 801A     		.uleb128 .LEHB12-.LFB4529
 1289 0055 60       		.uleb128 .LEHE12-.LEHB12
 1290 0056 AC18     		.uleb128 .L217-.LFB4529
 1291 0058 00       		.uleb128 0
 1292 0059 CC1B     		.uleb128 .LEHB13-.LFB4529
 1293 005b 60       		.uleb128 .LEHE13-.LEHB13
 1294 005c D01B     		.uleb128 .L214-.LFB4529
 1295 005e 00       		.uleb128 0
 1296 005f AC1C     		.uleb128 .LEHB14-.LFB4529
 1297 0061 04       		.uleb128 .LEHE14-.LEHB14
 1298 0062 AC18     		.uleb128 .L217-.LFB4529
 1299 0064 00       		.uleb128 0
 1300 0065 B01C     		.uleb128 .LEHB15-.LFB4529
 1301 0067 04       		.uleb128 .LEHE15-.LEHB15
 1302 0068 B81C     		.uleb128 .L218-.LFB4529
 1303 006a 00       		.uleb128 0
 1304 006b B41C     		.uleb128 .LEHB16-.LFB4529
 1305 006d 24       		.uleb128 .LEHE16-.LEHB16
 1306 006e AC18     		.uleb128 .L217-.LFB4529
 1307 0070 00       		.uleb128 0
 1308 0071 D81C     		.uleb128 .LEHB17-.LFB4529
 1309 0073 04       		.uleb128 .LEHE17-.LEHB17
 1310 0074 B81C     		.uleb128 .L218-.LFB4529
 1311 0076 00       		.uleb128 0
 1312 0077 DC1C     		.uleb128 .LEHB18-.LFB4529
 1313 0079 04       		.uleb128 .LEHE18-.LEHB18
 1314 007a F41C     		.uleb128 .L212-.LFB4529
 1315 007c 00       		.uleb128 0
 1316 007d E01C     		.uleb128 .LEHB19-.LFB4529
 1317 007f 0C       		.uleb128 .LEHE19-.LEHB19
 1318 0080 AC18     		.uleb128 .L217-.LFB4529
 1319 0082 00       		.uleb128 0
 1320 0083 EC1C     		.uleb128 .LEHB20-.LFB4529
 1321 0085 04       		.uleb128 .LEHE20-.LEHB20
 1322 0086 D01B     		.uleb128 .L214-.LFB4529
 1323 0088 00       		.uleb128 0
 1324 0089 801D     		.uleb128 .LEHB21-.LFB4529
 1325 008b 04       		.uleb128 .LEHE21-.LEHB21
 1326 008c FC1C     		.uleb128 .L215-.LFB4529
 1327 008e 00       		.uleb128 0
 1328 008f 841D     		.uleb128 .LEHB22-.LFB4529
 1329 0091 04       		.uleb128 .LEHE22-.LEHB22
 1330 0092 B81C     		.uleb128 .L218-.LFB4529
 1331 0094 00       		.uleb128 0
 1332 0095 881D     		.uleb128 .LEHB23-.LFB4529
 1333 0097 04       		.uleb128 .LEHE23-.LEHB23
 1334 0098 941D     		.uleb128 .L221-.LFB4529
 1335 009a 00       		.uleb128 0
 1336 009b 8C1D     		.uleb128 .LEHB24-.LFB4529
 1337 009d 04       		.uleb128 .LEHE24-.LEHB24
 1338 009e D01B     		.uleb128 .L214-.LFB4529
 1339 00a0 00       		.uleb128 0
 1340 00a1 901D     		.uleb128 .LEHB25-.LFB4529
 1341 00a3 04       		.uleb128 .LEHE25-.LEHB25
 1342 00a4 00       		.uleb128 0
 1343 00a5 00       		.uleb128 0
 1344              	.LLSDACSE4529:
 1345              		.section	.text._ZN6tflite12_GLOBAL__N_112EvalFloorModIfEE12TfLiteStatusP13TfLiteContextbPK16TfLite
 1346              		.fnend
 1348              		.section	.text._ZN6tflite12_GLOBAL__N_14EvalEP13TfLiteContextP10TfLiteNode,"ax",%progbits
 1349              		.align	2
 1350              		.syntax unified
 1351              		.arm
 1352              		.fpu neon
 1354              	_ZN6tflite12_GLOBAL__N_14EvalEP13TfLiteContextP10TfLiteNode:
 1355              		.fnstart
 1356              	.LFB4177:
 1357              		@ args = 0, pretend = 0, frame = 0
 1358              		@ frame_needed = 0, uses_anonymous_args = 0
 1359 0000 F0412DE9 		push	{r4, r5, r6, r7, r8, lr}
 1360              		.save {r4, r5, r6, r7, r8, lr}
 1361 0004 004050E2 		subs	r4, r0, #0
 1362 0008 2200000A 		beq	.L392
 1363 000c 000051E3 		cmp	r1, #0
 1364 0010 0150A0E1 		mov	r5, r1
 1365 0014 1F00000A 		beq	.L392
 1366 0018 002091E5 		ldr	r2, [r1]
 1367 001c 543094E5 		ldr	r3, [r4, #84]
 1368 0020 041092E5 		ldr	r1, [r2, #4]
 1369 0024 33FF2FE1 		blx	r3
 1370 0028 002095E5 		ldr	r2, [r5]
 1371 002c 0060A0E1 		mov	r6, r0
 1372 0030 543094E5 		ldr	r3, [r4, #84]
 1373 0034 0400A0E1 		mov	r0, r4
 1374 0038 081092E5 		ldr	r1, [r2, #8]
 1375 003c 33FF2FE1 		blx	r3
 1376 0040 042095E5 		ldr	r2, [r5, #4]
 1377 0044 0070A0E1 		mov	r7, r0
 1378 0048 543094E5 		ldr	r3, [r4, #84]
 1379 004c 0400A0E1 		mov	r0, r4
 1380 0050 041092E5 		ldr	r1, [r2, #4]
 1381 0054 33FF2FE1 		blx	r3
 1382 0058 0710A0E1 		mov	r1, r7
 1383 005c 0040A0E1 		mov	r4, r0
 1384 0060 0600A0E1 		mov	r0, r6
 1385 0064 FEFFFFEB 		bl	_ZN6tflite5micro14HaveSameShapesEPK16TfLiteEvalTensorS3_
 1386 0068 0830D6E5 		ldrb	r3, [r6, #8]	@ zero_extendqisi2
 1387 006c 010053E3 		cmp	r3, #1
 1388 0070 0100000A 		beq	.L400
 1389 0074 0100A0E3 		mov	r0, #1
 1390 0078 F081BDE8 		pop	{r4, r5, r6, r7, r8, pc}
 1391              	.L400:
 1392 007c 010020E2 		eor	r0, r0, #1
 1393 0080 0430A0E1 		mov	r3, r4
 1394 0084 0720A0E1 		mov	r2, r7
 1395 0088 0610A0E1 		mov	r1, r6
 1396 008c 7000EFE6 		uxtb	r0, r0
 1397 0090 F041BDE8 		pop	{r4, r5, r6, r7, r8, lr}
 1398 0094 FEFFFFEA 		b	_ZN6tflite12_GLOBAL__N_112EvalFloorModIfEE12TfLiteStatusP13TfLiteContextbPK16TfLiteEvalTensorS7_
 1399              	.L392:
 1400 0098 FEFFFFEB 		bl	abort
 1401              		.fnend
 1403              		.section	.text._ZN6tflite18Register_FLOOR_MODEv,"ax",%progbits
 1404              		.align	2
 1405              		.global	_ZN6tflite18Register_FLOOR_MODEv
 1406              		.syntax unified
 1407              		.arm
 1408              		.fpu neon
 1410              	_ZN6tflite18Register_FLOOR_MODEv:
 1411              		.fnstart
 1412              	.LFB4178:
 1413              		@ args = 0, pretend = 0, frame = 0
 1414              		@ frame_needed = 0, uses_anonymous_args = 0
 1415 0000 00C000E3 		movw	ip, #:lower16:.LANCHOR0
 1416 0004 10402DE9 		push	{r4, lr}
 1417 0008 00C040E3 		movt	ip, #:upper16:.LANCHOR0
 1418 000c 0040A0E1 		mov	r4, r0
 1419 0010 00E0A0E1 		mov	lr, r0
 1420 0014 0F00BCE8 		ldmia	ip!, {r0, r1, r2, r3}
 1421 0018 0F00AEE8 		stmia	lr!, {r0, r1, r2, r3}
 1422 001c 0F009CE8 		ldm	ip, {r0, r1, r2, r3}
 1423 0020 0F008EE8 		stm	lr, {r0, r1, r2, r3}
 1424 0024 0400A0E1 		mov	r0, r4
 1425 0028 1080BDE8 		pop	{r4, pc}
 1426              		.cantunwind
 1427              		.fnend
 1429              		.section	.rodata
 1430              		.align	2
 1431              		.set	.LANCHOR0,. + 0
 1432              	.LC0:
 1433 0000 00000000 		.word	_ZN6tflite12_GLOBAL__N_14InitEP13TfLiteContextPKcj
 1434 0004 00000000 		.word	0
 1435 0008 00000000 		.word	_ZN6tflite12_GLOBAL__N_17PrepareEP13TfLiteContextP10TfLiteNode
 1436 000c 00000000 		.word	_ZN6tflite12_GLOBAL__N_14EvalEP13TfLiteContextP10TfLiteNode
 1437 0010 00000000 		.word	0
 1438 0014 00000000 		.word	0
 1439 0018 00000000 		.word	0
 1440 001c 00000000 		.word	0
 1441              		.ident	"GCC: (GNU Tools for ARM Embedded Processors 6-2017-q2-update) 6.3.1 20170620 (release) [AR
DEFINED SYMBOLS
                            *ABS*:00000000 floor_mod.cc
C:\Users\a5050395\AppData\Local\Temp\ccTX3KAr.s:14     .text._ZN6tflite12_GLOBAL__N_14InitEP13TfLiteContextPKcj:00000000 $a
C:\Users\a5050395\AppData\Local\Temp\ccTX3KAr.s:19     .text._ZN6tflite12_GLOBAL__N_14InitEP13TfLiteContextPKcj:00000000 _ZN6tflite12_GLOBAL__N_14InitEP13TfLiteContextPKcj
.ARM.exidx.text._ZN6tflite12_GLOBAL__N_14InitEP13TfLiteContextPKcj:00000000 $d
C:\Users\a5050395\AppData\Local\Temp\ccTX3KAr.s:31     .text._ZN6tflite12_GLOBAL__N_17PrepareEP13TfLiteContextP10TfLiteNode:00000000 $a
C:\Users\a5050395\AppData\Local\Temp\ccTX3KAr.s:36     .text._ZN6tflite12_GLOBAL__N_17PrepareEP13TfLiteContextP10TfLiteNode:00000000 _ZN6tflite12_GLOBAL__N_17PrepareEP13TfLiteContextP10TfLiteNode
.ARM.exidx.text._ZN6tflite12_GLOBAL__N_17PrepareEP13TfLiteContextP10TfLiteNode:00000000 $d
C:\Users\a5050395\AppData\Local\Temp\ccTX3KAr.s:97     .text._ZN6tflite12_GLOBAL__N_112EvalFloorModIfEE12TfLiteStatusP13TfLiteContextbPK16TfLiteEvalTensorS7_PS5_.isra.5:00000000 $a
C:\Users\a5050395\AppData\Local\Temp\ccTX3KAr.s:102    .text._ZN6tflite12_GLOBAL__N_112EvalFloorModIfEE12TfLiteStatusP13TfLiteContextbPK16TfLiteEvalTensorS7_PS5_.isra.5:00000000 _ZN6tflite12_GLOBAL__N_112EvalFloorModIfEE12TfLiteStatusP13TfLiteContextbPK16TfLiteEvalTensorS7_PS5_.isra.5
.ARM.extab.text._ZN6tflite12_GLOBAL__N_112EvalFloorModIfEE12TfLiteStatusP13TfLiteContextbPK16TfLiteEvalTensorS7_PS5_.isra.5:00000000 $d
.ARM.exidx.text._ZN6tflite12_GLOBAL__N_112EvalFloorModIfEE12TfLiteStatusP13TfLiteContextbPK16TfLiteEvalTensorS7_PS5_.isra.5:00000000 $d
C:\Users\a5050395\AppData\Local\Temp\ccTX3KAr.s:1349   .text._ZN6tflite12_GLOBAL__N_14EvalEP13TfLiteContextP10TfLiteNode:00000000 $a
C:\Users\a5050395\AppData\Local\Temp\ccTX3KAr.s:1354   .text._ZN6tflite12_GLOBAL__N_14EvalEP13TfLiteContextP10TfLiteNode:00000000 _ZN6tflite12_GLOBAL__N_14EvalEP13TfLiteContextP10TfLiteNode
.ARM.exidx.text._ZN6tflite12_GLOBAL__N_14EvalEP13TfLiteContextP10TfLiteNode:00000000 $d
C:\Users\a5050395\AppData\Local\Temp\ccTX3KAr.s:1404   .text._ZN6tflite18Register_FLOOR_MODEv:00000000 $a
C:\Users\a5050395\AppData\Local\Temp\ccTX3KAr.s:1410   .text._ZN6tflite18Register_FLOOR_MODEv:00000000 _ZN6tflite18Register_FLOOR_MODEv
C:\Users\a5050395\AppData\Local\Temp\ccTX3KAr.s:1431   .rodata:00000000 .LANCHOR0
.ARM.exidx.text._ZN6tflite18Register_FLOOR_MODEv:00000000 $d
C:\Users\a5050395\AppData\Local\Temp\ccTX3KAr.s:1430   .rodata:00000000 $d

UNDEFINED SYMBOLS
_ZN6tflite12GetInputSafeEPK13TfLiteContextPK10TfLiteNodeiPPK12TfLiteTensor
_ZN6tflite13GetOutputSafeEPK13TfLiteContextPK10TfLiteNodeiPP12TfLiteTensor
__aeabi_unwind_cpp_pr0
_ZN6tflite5micro14GetTensorShapeEPK16TfLiteEvalTensor
abort
fmodf
_ZdaPv
memcpy
__cxa_end_cleanup
__gxx_personality_v0
_ZN6tflite5micro14HaveSameShapesEPK16TfLiteEvalTensorS3_
