   1              		.cpu cortex-a9
   2              		.eabi_attribute 28, 1
   3              		.eabi_attribute 20, 1
   4              		.eabi_attribute 21, 1
   5              		.eabi_attribute 23, 3
   6              		.eabi_attribute 24, 1
   7              		.eabi_attribute 25, 1
   8              		.eabi_attribute 26, 1
   9              		.eabi_attribute 30, 2
  10              		.eabi_attribute 34, 0
  11              		.eabi_attribute 18, 4
  12              		.file	"gather.cc"
  13              		.section	.text._ZN6tflite12_GLOBAL__N_17PrepareEP13TfLiteContextP10TfLiteNode,"ax",%progbits
  14              		.align	2
  15              		.syntax unified
  16              		.arm
  17              		.fpu neon
  19              	_ZN6tflite12_GLOBAL__N_17PrepareEP13TfLiteContextP10TfLiteNode:
  20              		.fnstart
  21              	.LFB1142:
  22              		@ args = 0, pretend = 0, frame = 16
  23              		@ frame_needed = 0, uses_anonymous_args = 0
  24 0000 002091E5 		ldr	r2, [r1]
  25 0004 002092E5 		ldr	r2, [r2]
  26 0008 020052E3 		cmp	r2, #2
  27 000c 0100000A 		beq	.L96
  28 0010 0100A0E3 		mov	r0, #1
  29 0014 1EFF2FE1 		bx	lr
  30              	.L96:
  31 0018 042091E5 		ldr	r2, [r1, #4]
  32 001c F04F2DE9 		push	{r4, r5, r6, r7, r8, r9, r10, fp, lr}
  33              		.save {r4, r5, r6, r7, r8, r9, r10, fp, lr}
  34 0020 0140A0E1 		mov	r4, r1
  35              		.pad #20
  36 0024 14D04DE2 		sub	sp, sp, #20
  37 0028 006092E5 		ldr	r6, [r2]
  38 002c 010056E3 		cmp	r6, #1
  39 0030 0200000A 		beq	.L97
  40              	.L48:
  41 0034 0100A0E3 		mov	r0, #1
  42              	.L59:
  43 0038 14D08DE2 		add	sp, sp, #20
  44              		@ sp needed
  45 003c F08FBDE8 		pop	{r4, r5, r6, r7, r8, r9, r10, fp, pc}
  46              	.L97:
  47 0040 04308DE2 		add	r3, sp, #4
  48 0044 0020A0E3 		mov	r2, #0
  49 0048 0050A0E1 		mov	r5, r0
  50 004c 147091E5 		ldr	r7, [r1, #20]
  51 0050 FEFFFFEB 		bl	_ZN6tflite12GetInputSafeEPK13TfLiteContextPK10TfLiteNodeiPPK12TfLiteTensor
  52 0054 000050E3 		cmp	r0, #0
  53 0058 F6FFFF1A 		bne	.L59
  54 005c 08308DE2 		add	r3, sp, #8
  55 0060 0620A0E1 		mov	r2, r6
  56 0064 0410A0E1 		mov	r1, r4
  57 0068 0500A0E1 		mov	r0, r5
  58 006c FEFFFFEB 		bl	_ZN6tflite12GetInputSafeEPK13TfLiteContextPK10TfLiteNodeiPPK12TfLiteTensor
  59 0070 000050E3 		cmp	r0, #0
  60 0074 EFFFFF1A 		bne	.L59
  61 0078 0020A0E1 		mov	r2, r0
  62 007c 0C308DE2 		add	r3, sp, #12
  63 0080 0410A0E1 		mov	r1, r4
  64 0084 0500A0E1 		mov	r0, r5
  65 0088 FEFFFFEB 		bl	_ZN6tflite13GetOutputSafeEPK13TfLiteContextPK10TfLiteNodeiPP12TfLiteTensor
  66 008c 000050E3 		cmp	r0, #0
  67 0090 E8FFFF1A 		bne	.L59
  68 0094 08309DE5 		ldr	r3, [sp, #8]
  69 0098 0020D3E5 		ldrb	r2, [r3]	@ zero_extendqisi2
  70 009c 020052E3 		cmp	r2, #2
  71 00a0 E3FFFF1A 		bne	.L48
  72 00a4 04209DE5 		ldr	r2, [sp, #4]
  73 00a8 0C109DE5 		ldr	r1, [sp, #12]
  74 00ac 0000D2E5 		ldrb	r0, [r2]	@ zero_extendqisi2
  75 00b0 0000C1E5 		strb	r0, [r1]
  76 00b4 0010D2E5 		ldrb	r1, [r2]	@ zero_extendqisi2
  77 00b8 010051E3 		cmp	r1, #1
  78 00bc 0100000A 		beq	.L5
  79 00c0 090051E3 		cmp	r1, #9
  80 00c4 DAFFFF1A 		bne	.L48
  81              	.L5:
  82 00c8 006097E5 		ldr	r6, [r7]
  83 00cc 081092E5 		ldr	r1, [r2, #8]
  84 00d0 000056E3 		cmp	r6, #0
  85 00d4 DA0000BA 		blt	.L98
  86              	.L6:
  87 00d8 002091E5 		ldr	r2, [r1]
  88 00dc 060052E1 		cmp	r2, r6
  89 00e0 D3FFFFDA 		ble	.L48
  90 00e4 047097E5 		ldr	r7, [r7, #4]
  91 00e8 000057E3 		cmp	r7, #0
  92 00ec D80000BA 		blt	.L43
  93 00f0 060057E1 		cmp	r7, r6
  94 00f4 CEFFFFCA 		bgt	.L48
  95              	.L44:
  96 00f8 070052E1 		cmp	r2, r7
  97 00fc CCFFFFDA 		ble	.L48
  98 0100 083093E5 		ldr	r3, [r3, #8]
  99 0104 002093E5 		ldr	r2, [r3]
 100 0108 070052E1 		cmp	r2, r7
 101 010c C8FFFFBA 		blt	.L48
 102 0110 000057E3 		cmp	r7, #0
 103 0114 0E0000DA 		ble	.L45
 104 0118 042091E5 		ldr	r2, [r1, #4]
 105 011c 040093E5 		ldr	r0, [r3, #4]
 106 0120 020050E1 		cmp	r0, r2
 107 0124 08108102 		addeq	r1, r1, #8
 108 0128 08308302 		addeq	r3, r3, #8
 109 012c 0020A003 		moveq	r2, #0
 110 0130 0400000A 		beq	.L10
 111 0134 BEFFFFEA 		b	.L48
 112              	.L11:
 113 0138 04C091E4 		ldr	ip, [r1], #4
 114 013c 040093E4 		ldr	r0, [r3], #4
 115 0140 00005CE1 		cmp	ip, r0
 116 0144 BAFFFF1A 		bne	.L48
 117              	.L10:
 118 0148 012082E2 		add	r2, r2, #1
 119 014c 070052E1 		cmp	r2, r7
 120 0150 F8FFFF1A 		bne	.L11
 121              	.L45:
 122 0154 000055E3 		cmp	r5, #0
 123 0158 D100000A 		beq	.L99
 124 015c 042094E5 		ldr	r2, [r4, #4]
 125 0160 0500A0E1 		mov	r0, r5
 126 0164 543095E5 		ldr	r3, [r5, #84]
 127 0168 041092E5 		ldr	r1, [r2, #4]
 128 016c 33FF2FE1 		blx	r3
 129 0170 0C109DE5 		ldr	r1, [sp, #12]
 130 0174 0020A0E1 		mov	r2, r0
 131 0178 0500A0E1 		mov	r0, r5
 132 017c FEFFFFEB 		bl	_ZN6tflite5micro32CreateWritableTensorDimsWithCopyEP13TfLiteContextP12TfLiteTensorP16TfLiteEval
 133 0180 000050E3 		cmp	r0, #0
 134 0184 ABFFFF1A 		bne	.L59
 135 0188 08209DE5 		ldr	r2, [sp, #8]
 136 018c 000056E3 		cmp	r6, #0
 137 0190 04109DE5 		ldr	r1, [sp, #4]
 138 0194 0C309DE5 		ldr	r3, [sp, #12]
 139 0198 08C092E5 		ldr	ip, [r2, #8]
 140 019c 081091E5 		ldr	r1, [r1, #8]
 141 01a0 082093E5 		ldr	r2, [r3, #8]
 142 01a4 00E09CE5 		ldr	lr, [ip]
 143 01a8 003091E5 		ldr	r3, [r1]
 144 01ac 0E3083E0 		add	r3, r3, lr
 145 01b0 013043E2 		sub	r3, r3, #1
 146 01b4 073043E0 		sub	r3, r3, r7
 147 01b8 003082E5 		str	r3, [r2]
 148 01bc 2200000A 		beq	.L89
 149 01c0 143081E2 		add	r3, r1, #20
 150 01c4 045081E2 		add	r5, r1, #4
 151 01c8 044082E2 		add	r4, r2, #4
 152 01cc 14E082E2 		add	lr, r2, #20
 153 01d0 0E0055E1 		cmp	r5, lr
 154 01d4 03005431 		cmpcc	r4, r3
 155 01d8 048085E1 		orr	r8, r5, r4
 156 01dc 0130A023 		movcs	r3, #1
 157 01e0 0030A033 		movcc	r3, #0
 158 01e4 0F0018E3 		tst	r8, #15
 159 01e8 0030A013 		movne	r3, #0
 160 01ec 01300302 		andeq	r3, r3, #1
 161 01f0 090056E3 		cmp	r6, #9
 162 01f4 0030A093 		movls	r3, #0
 163 01f8 01300382 		andhi	r3, r3, #1
 164 01fc 000053E3 		cmp	r3, #0
 165 0200 8900000A 		beq	.L24
 166 0204 04E046E2 		sub	lr, r6, #4
 167 0208 2EE1A0E1 		lsr	lr, lr, #2
 168 020c 01E08EE2 		add	lr, lr, #1
 169 0210 0E31A0E1 		lsl	r3, lr, #2
 170              	.L18:
 171 0214 010080E2 		add	r0, r0, #1
 172 0218 DF0A65F4 		vld1.64	{d16-d17}, [r5:64]
 173 021c 00005EE1 		cmp	lr, r0
 174 0220 105085E2 		add	r5, r5, #16
 175 0224 DF0A44F4 		vst1.64	{d16-d17}, [r4:64]
 176 0228 104084E2 		add	r4, r4, #16
 177 022c F8FFFF8A 		bhi	.L18
 178 0230 030056E1 		cmp	r6, r3
 179 0234 0400000A 		beq	.L89
 180              	.L20:
 181 0238 013083E2 		add	r3, r3, #1
 182 023c 030191E7 		ldr	r0, [r1, r3, lsl #2]
 183 0240 030056E1 		cmp	r6, r3
 184 0244 030182E7 		str	r0, [r2, r3, lsl #2]
 185 0248 FAFFFFCA 		bgt	.L20
 186              	.L89:
 187 024c 00509CE5 		ldr	r5, [ip]
 188 0250 0630A0E1 		mov	r3, r6
 189 0254 070055E1 		cmp	r5, r7
 190 0258 018086D2 		addle	r8, r6, #1
 191 025c 360000DA 		ble	.L14
 192 0260 010087E2 		add	r0, r7, #1
 193 0264 018086E2 		add	r8, r6, #1
 194 0268 0001A0E1 		lsl	r0, r0, #2
 195 026c 08E1A0E1 		lsl	lr, r8, #2
 196 0270 104080E2 		add	r4, r0, #16
 197 0274 10908EE2 		add	r9, lr, #16
 198 0278 04408CE0 		add	r4, ip, r4
 199 027c 00008CE0 		add	r0, ip, r0
 200 0280 0EE082E0 		add	lr, r2, lr
 201 0284 099082E0 		add	r9, r2, r9
 202 0288 000059E1 		cmp	r9, r0
 203 028c 0E005481 		cmphi	r4, lr
 204 0290 0EA080E1 		orr	r10, r0, lr
 205 0294 0140A093 		movls	r4, #1
 206 0298 0040A083 		movhi	r4, #0
 207 029c 0F001AE3 		tst	r10, #15
 208 02a0 079045E0 		sub	r9, r5, r7
 209 02a4 0040A013 		movne	r4, #0
 210 02a8 01400402 		andeq	r4, r4, #1
 211 02ac 090059E3 		cmp	r9, #9
 212 02b0 0040A093 		movls	r4, #0
 213 02b4 01400482 		andhi	r4, r4, #1
 214 02b8 000054E3 		cmp	r4, #0
 215 02bc 7900000A 		beq	.L25
 216 02c0 044049E2 		sub	r4, r9, #4
 217 02c4 01A045E2 		sub	r10, r5, #1
 218 02c8 07A04AE0 		sub	r10, r10, r7
 219 02cc 2441A0E1 		lsr	r4, r4, #2
 220 02d0 02005AE3 		cmp	r10, #2
 221 02d4 014084E2 		add	r4, r4, #1
 222 02d8 04A1A0E1 		lsl	r10, r4, #2
 223 02dc 0B00009A 		bls	.L26
 224 02e0 0030A0E3 		mov	r3, #0
 225              	.L28:
 226 02e4 013083E2 		add	r3, r3, #1
 227 02e8 DF0A60F4 		vld1.64	{d16-d17}, [r0:64]
 228 02ec 030054E1 		cmp	r4, r3
 229 02f0 100080E2 		add	r0, r0, #16
 230 02f4 DF0A4EF4 		vst1.64	{d16-d17}, [lr:64]
 231 02f8 10E08EE2 		add	lr, lr, #16
 232 02fc F8FFFF8A 		bhi	.L28
 233 0300 0A0059E1 		cmp	r9, r10
 234 0304 0A7087E0 		add	r7, r7, r10
 235 0308 0A3086E0 		add	r3, r6, r10
 236 030c 0900000A 		beq	.L31
 237              	.L26:
 238 0310 030047E0 		sub	r0, r7, r3
 239 0314 03E0A0E1 		mov	lr, r3
 240 0318 00C18CE0 		add	ip, ip, r0, lsl #2
 241              	.L30:
 242 031c 013083E2 		add	r3, r3, #1
 243 0320 030087E0 		add	r0, r7, r3
 244 0324 03419CE7 		ldr	r4, [ip, r3, lsl #2]
 245 0328 0E0040E0 		sub	r0, r0, lr
 246 032c 000055E1 		cmp	r5, r0
 247 0330 034182E7 		str	r4, [r2, r3, lsl #2]
 248 0334 F8FFFFCA 		bgt	.L30
 249              	.L31:
 250 0338 063089E0 		add	r3, r9, r6
 251              	.L14:
 252 033c 007091E5 		ldr	r7, [r1]
 253 0340 0850A0E1 		mov	r5, r8
 254 0344 070058E1 		cmp	r8, r7
 255 0348 530000AA 		bge	.L40
 256 034c 02C086E2 		add	ip, r6, #2
 257 0350 019083E2 		add	r9, r3, #1
 258 0354 0CC1A0E1 		lsl	ip, ip, #2
 259 0358 0901A0E1 		lsl	r0, r9, #2
 260 035c 10E08CE2 		add	lr, ip, #16
 261 0360 104080E2 		add	r4, r0, #16
 262 0364 044082E0 		add	r4, r2, r4
 263 0368 000082E0 		add	r0, r2, r0
 264 036c 0CA081E0 		add	r10, r1, ip
 265 0370 0EE081E0 		add	lr, r1, lr
 266 0374 0E0050E1 		cmp	r0, lr
 267 0378 04005A31 		cmpcc	r10, r4
 268 037c 00B08AE1 		orr	fp, r10, r0
 269 0380 0140A023 		movcs	r4, #1
 270 0384 0040A033 		movcc	r4, #0
 271 0388 06E047E0 		sub	lr, r7, r6
 272 038c 0F001BE3 		tst	fp, #15
 273 0390 0040A013 		movne	r4, #0
 274 0394 01400402 		andeq	r4, r4, #1
 275 0398 01B04EE2 		sub	fp, lr, #1
 276 039c 09005BE3 		cmp	fp, #9
 277 03a0 0040A093 		movls	r4, #0
 278 03a4 01400482 		andhi	r4, r4, #1
 279 03a8 000054E3 		cmp	r4, #0
 280 03ac 3100000A 		beq	.L34
 281 03b0 05C04EE2 		sub	ip, lr, #5
 282 03b4 02E047E2 		sub	lr, r7, #2
 283 03b8 06604EE0 		sub	r6, lr, r6
 284 03bc 2CC1A0E1 		lsr	ip, ip, #2
 285 03c0 020056E3 		cmp	r6, #2
 286 03c4 01C08CE2 		add	ip, ip, #1
 287 03c8 0CE1A0E1 		lsl	lr, ip, #2
 288 03cc 0C00009A 		bls	.L35
 289 03d0 0040A0E3 		mov	r4, #0
 290              	.L37:
 291 03d4 014084E2 		add	r4, r4, #1
 292 03d8 DF0A6AF4 		vld1.64	{d16-d17}, [r10:64]
 293 03dc 04005CE1 		cmp	ip, r4
 294 03e0 10A08AE2 		add	r10, r10, #16
 295 03e4 DF0A40F4 		vst1.64	{d16-d17}, [r0:64]
 296 03e8 100080E2 		add	r0, r0, #16
 297 03ec F8FFFF8A 		bhi	.L37
 298 03f0 0E005BE1 		cmp	fp, lr
 299 03f4 0E5088E0 		add	r5, r8, lr
 300 03f8 0E3083E0 		add	r3, r3, lr
 301 03fc 2600000A 		beq	.L40
 302 0400 019083E2 		add	r9, r3, #1
 303              	.L35:
 304 0404 030045E0 		sub	r0, r5, r3
 305 0408 000181E0 		add	r0, r1, r0, lsl #2
 306              	.L39:
 307 040c 091085E0 		add	r1, r5, r9
 308 0410 09C190E7 		ldr	ip, [r0, r9, lsl #2]
 309 0414 031041E0 		sub	r1, r1, r3
 310 0418 010057E1 		cmp	r7, r1
 311 041c 09C182E7 		str	ip, [r2, r9, lsl #2]
 312 0420 1D0000DA 		ble	.L40
 313 0424 019089E2 		add	r9, r9, #1
 314 0428 F7FFFFEA 		b	.L39
 315              	.L24:
 316 042c 013083E2 		add	r3, r3, #1
 317 0430 030191E7 		ldr	r0, [r1, r3, lsl #2]
 318 0434 030056E1 		cmp	r6, r3
 319 0438 030182E7 		str	r0, [r2, r3, lsl #2]
 320 043c FAFFFF1A 		bne	.L24
 321 0440 81FFFFEA 		b	.L89
 322              	.L98:
 323 0444 002091E5 		ldr	r2, [r1]
 324 0448 026096E0 		adds	r6, r6, r2
 325 044c F8FEFF4A 		bmi	.L48
 326 0450 20FFFFEA 		b	.L6
 327              	.L43:
 328 0454 080093E5 		ldr	r0, [r3, #8]
 329 0458 000090E5 		ldr	r0, [r0]
 330 045c 007087E0 		add	r7, r7, r0
 331 0460 060057E1 		cmp	r7, r6
 332 0464 0000A0D3 		movle	r0, #0
 333 0468 0100A0C3 		movgt	r0, #1
 334 046c A70F90E1 		orrs	r0, r0, r7, lsr #31
 335 0470 EFFEFF1A 		bne	.L48
 336 0474 1FFFFFEA 		b	.L44
 337              	.L34:
 338 0478 063043E0 		sub	r3, r3, r6
 339 047c 04C04CE2 		sub	ip, ip, #4
 340 0480 033182E0 		add	r3, r2, r3, lsl #2
 341 0484 0C1081E0 		add	r1, r1, ip
 342              	.L42:
 343 0488 0420B1E5 		ldr	r2, [r1, #4]!
 344 048c 052183E7 		str	r2, [r3, r5, lsl #2]
 345 0490 015085E2 		add	r5, r5, #1
 346 0494 050057E1 		cmp	r7, r5
 347 0498 FAFFFF1A 		bne	.L42
 348              	.L40:
 349 049c 0000A0E3 		mov	r0, #0
 350 04a0 E4FEFFEA 		b	.L59
 351              	.L99:
 352 04a4 FEFFFFEB 		bl	abort
 353              	.L25:
 354 04a8 060047E0 		sub	r0, r7, r6
 355 04ac 00C18CE0 		add	ip, ip, r0, lsl #2
 356              	.L32:
 357 04b0 013083E2 		add	r3, r3, #1
 358 04b4 030087E0 		add	r0, r7, r3
 359 04b8 03E19CE7 		ldr	lr, [ip, r3, lsl #2]
 360 04bc 060040E0 		sub	r0, r0, r6
 361 04c0 000055E1 		cmp	r5, r0
 362 04c4 03E182E7 		str	lr, [r2, r3, lsl #2]
 363 04c8 F8FFFFCA 		bgt	.L32
 364 04cc 99FFFFEA 		b	.L31
 365              		.fnend
 367              		.section	.text._ZN6tflite12_GLOBAL__N_14EvalEP13TfLiteContextP10TfLiteNode,"ax",%progbits
 368              		.align	2
 369              		.syntax unified
 370              		.arm
 371              		.fpu neon
 373              	_ZN6tflite12_GLOBAL__N_14EvalEP13TfLiteContextP10TfLiteNode:
 374              		.fnstart
 375              	.LFB1143:
 376              		@ args = 0, pretend = 0, frame = 56
 377              		@ frame_needed = 0, uses_anonymous_args = 0
 378 0000 F04F2DE9 		push	{r4, r5, r6, r7, r8, r9, r10, fp, lr}
 379              		.save {r4, r5, r6, r7, r8, r9, r10, fp, lr}
 380 0004 007050E2 		subs	r7, r0, #0
 381              		.pad #60
 382 0008 3CD04DE2 		sub	sp, sp, #60
 383 000c 144091E5 		ldr	r4, [r1, #20]
 384 0010 5102000A 		beq	.L108
 385 0014 002091E5 		ldr	r2, [r1]
 386 0018 0180A0E1 		mov	r8, r1
 387 001c 543097E5 		ldr	r3, [r7, #84]
 388 0020 041092E5 		ldr	r1, [r2, #4]
 389 0024 33FF2FE1 		blx	r3
 390 0028 002098E5 		ldr	r2, [r8]
 391 002c 0050A0E1 		mov	r5, r0
 392 0030 543097E5 		ldr	r3, [r7, #84]
 393 0034 0700A0E1 		mov	r0, r7
 394 0038 081092E5 		ldr	r1, [r2, #8]
 395 003c 33FF2FE1 		blx	r3
 396 0040 042098E5 		ldr	r2, [r8, #4]
 397 0044 0060A0E1 		mov	r6, r0
 398 0048 543097E5 		ldr	r3, [r7, #84]
 399 004c 0700A0E1 		mov	r0, r7
 400 0050 041092E5 		ldr	r1, [r2, #4]
 401 0054 33FF2FE1 		blx	r3
 402 0058 0830D6E5 		ldrb	r3, [r6, #8]	@ zero_extendqisi2
 403 005c 020053E3 		cmp	r3, #2
 404 0060 0200000A 		beq	.L102
 405              	.L147:
 406 0064 0000A0E3 		mov	r0, #0
 407 0068 3CD08DE2 		add	sp, sp, #60
 408              		@ sp needed
 409 006c F08FBDE8 		pop	{r4, r5, r6, r7, r8, r9, r10, fp, pc}
 410              	.L102:
 411 0070 0830D5E5 		ldrb	r3, [r5, #8]	@ zero_extendqisi2
 412 0074 010053E3 		cmp	r3, #1
 413 0078 3B02000A 		beq	.L104
 414 007c 090053E3 		cmp	r3, #9
 415 0080 3602001A 		bne	.L406
 416 0084 003096E5 		ldr	r3, [r6]
 417 0088 000050E3 		cmp	r0, #0
 418 008c 08008D05 		streq	r0, [sp, #8]
 419 0090 042095E5 		ldr	r2, [r5, #4]
 420 0094 04308DE5 		str	r3, [sp, #4]
 421 0098 00309015 		ldrne	r3, [r0]
 422 009c 000094E5 		ldr	r0, [r4]
 423 00a0 009095E5 		ldr	r9, [r5]
 424 00a4 08308D15 		strne	r3, [sp, #8]
 425 00a8 000050E3 		cmp	r0, #0
 426 00ac 00E092E5 		ldr	lr, [r2]
 427 00b0 7A0400BA 		blt	.L407
 428              	.L168:
 429 00b4 00005EE1 		cmp	lr, r0
 430 00b8 270200DA 		ble	.L108
 431 00bc 043094E5 		ldr	r3, [r4, #4]
 432 00c0 044096E5 		ldr	r4, [r6, #4]
 433 00c4 000053E3 		cmp	r3, #0
 434 00c8 001094E5 		ldr	r1, [r4]
 435 00cc 00108DE5 		str	r1, [sp]
 436 00d0 880400BA 		blt	.L408
 437              	.L169:
 438 00d4 03005EE1 		cmp	lr, r3
 439 00d8 1F0200DA 		ble	.L108
 440 00dc 00109DE5 		ldr	r1, [sp]
 441 00e0 030051E1 		cmp	r1, r3
 442 00e4 1C0200BA 		blt	.L108
 443 00e8 030050E1 		cmp	r0, r3
 444 00ec 1A0200BA 		blt	.L108
 445 00f0 000053E3 		cmp	r3, #0
 446 00f4 9404000A 		beq	.L170
 447 00f8 041094E5 		ldr	r1, [r4, #4]
 448 00fc 046092E5 		ldr	r6, [r2, #4]
 449 0100 18108DE5 		str	r1, [sp, #24]
 450 0104 060051E1 		cmp	r1, r6
 451 0108 08508202 		addeq	r5, r2, #8
 452 010c 08C08402 		addeq	ip, r4, #8
 453 0110 0010A003 		moveq	r1, #0
 454 0114 0400000A 		beq	.L172
 455 0118 0F0200EA 		b	.L108
 456              	.L390:
 457 011c 048095E4 		ldr	r8, [r5], #4
 458 0120 04709CE4 		ldr	r7, [ip], #4
 459 0124 070058E1 		cmp	r8, r7
 460 0128 0B02001A 		bne	.L108
 461              	.L172:
 462 012c 011081E2 		add	r1, r1, #1
 463 0130 030051E1 		cmp	r1, r3
 464 0134 F8FFFF1A 		bne	.L390
 465 0138 04C082E2 		add	ip, r2, #4
 466 013c 005182E0 		add	r5, r2, r0, lsl #2
 467 0140 5CC1A0E7 		sbfx	ip, ip, #2, #1
 468 0144 03C00CE2 		and	ip, ip, #3
 469 0148 04A095E5 		ldr	r10, [r5, #4]
 470 014c 01005CE1 		cmp	ip, r1
 471 0150 01C0A021 		movcs	ip, r1
 472 0154 080051E3 		cmp	r1, #8
 473 0158 01C0A0D1 		movle	ip, r1
 474 015c 490400CA 		bgt	.L409
 475              	.L231:
 476 0160 01005CE3 		cmp	ip, #1
 477 0164 3B04000A 		beq	.L283
 478 0168 085092E5 		ldr	r5, [r2, #8]
 479 016c 02005CE3 		cmp	ip, #2
 480 0170 950605E0 		mul	r5, r5, r6
 481 0174 0560A0E1 		mov	r6, r5
 482 0178 18508DE5 		str	r5, [sp, #24]
 483 017c 3504000A 		beq	.L283
 484 0180 0C5092E5 		ldr	r5, [r2, #12]
 485 0184 03005CE3 		cmp	ip, #3
 486 0188 950605E0 		mul	r5, r5, r6
 487 018c 0560A0E1 		mov	r6, r5
 488 0190 18508DE5 		str	r5, [sp, #24]
 489 0194 2F04000A 		beq	.L283
 490 0198 105092E5 		ldr	r5, [r2, #16]
 491 019c 04005CE3 		cmp	ip, #4
 492 01a0 950605E0 		mul	r5, r5, r6
 493 01a4 0560A0E1 		mov	r6, r5
 494 01a8 18508DE5 		str	r5, [sp, #24]
 495 01ac 2904000A 		beq	.L283
 496 01b0 145092E5 		ldr	r5, [r2, #20]
 497 01b4 05005CE3 		cmp	ip, #5
 498 01b8 950605E0 		mul	r5, r5, r6
 499 01bc 0560A0E1 		mov	r6, r5
 500 01c0 18508DE5 		str	r5, [sp, #24]
 501 01c4 2304000A 		beq	.L283
 502 01c8 185092E5 		ldr	r5, [r2, #24]
 503 01cc 06005CE3 		cmp	ip, #6
 504 01d0 950605E0 		mul	r5, r5, r6
 505 01d4 0560A0E1 		mov	r6, r5
 506 01d8 18508DE5 		str	r5, [sp, #24]
 507 01dc 1D04000A 		beq	.L283
 508 01e0 1C5092E5 		ldr	r5, [r2, #28]
 509 01e4 07005CE3 		cmp	ip, #7
 510 01e8 950605E0 		mul	r5, r5, r6
 511 01ec 0570A0E1 		mov	r7, r5
 512 01f0 18508DE5 		str	r5, [sp, #24]
 513 01f4 1704000A 		beq	.L283
 514 01f8 206092E5 		ldr	r6, [r2, #32]
 515 01fc 0850A0E3 		mov	r5, #8
 516 0200 960706E0 		mul	r6, r6, r7
 517 0204 18608DE5 		str	r6, [sp, #24]
 518              	.L233:
 519 0208 0C0051E1 		cmp	r1, ip
 520 020c 3200000A 		beq	.L236
 521              	.L232:
 522 0210 0CB041E0 		sub	fp, r1, ip
 523 0214 016041E2 		sub	r6, r1, #1
 524 0218 04704BE2 		sub	r7, fp, #4
 525 021c 0C6046E0 		sub	r6, r6, ip
 526 0220 2771A0E1 		lsr	r7, r7, #2
 527 0224 020056E3 		cmp	r6, #2
 528 0228 018087E2 		add	r8, r7, #1
 529 022c 0871A0E1 		lsl	r7, r8, #2
 530 0230 1500009A 		bls	.L235
 531 0234 01C08CE2 		add	ip, ip, #1
 532 0238 5100C0F2 		vmov.i32	q8, #1  @ v4si
 533 023c 0CC182E0 		add	ip, r2, ip, lsl #2
 534 0240 0060A0E3 		mov	r6, #0
 535              	.L178:
 536 0244 016086E2 		add	r6, r6, #1
 537 0248 DF2A6CF4 		vld1.64	{d18-d19}, [ip:64]
 538 024c 060058E1 		cmp	r8, r6
 539 0250 10C08CE2 		add	ip, ip, #16
 540 0254 F20960F2 		vmul.i32	q8, q8, q9
 541 0258 F9FFFF8A 		bhi	.L178
 542 025c 18609DE5 		ldr	r6, [sp, #24]
 543 0260 07005BE1 		cmp	fp, r7
 544 0264 075085E0 		add	r5, r5, r7
 545 0268 5020C0F2 		vmov.i32	q9, #0  @ v4si
 546 026c E248F0F2 		vext.32	q10, q8, q9, #2
 547 0270 F40960F2 		vmul.i32	q8, q8, q10
 548 0274 E224F0F2 		vext.32	q9, q8, q9, #1
 549 0278 F20960F2 		vmul.i32	q8, q8, q9
 550 027c 90CB10EE 		vmov.32	ip, d16[0]
 551 0280 9C060CE0 		mul	ip, ip, r6
 552 0284 18C08DE5 		str	ip, [sp, #24]
 553 0288 1300000A 		beq	.L236
 554              	.L235:
 555 028c 056182E0 		add	r6, r2, r5, lsl #2
 556 0290 18709DE5 		ldr	r7, [sp, #24]
 557 0294 01C085E2 		add	ip, r5, #1
 558 0298 046096E5 		ldr	r6, [r6, #4]
 559 029c 0C0051E1 		cmp	r1, ip
 560 02a0 960706E0 		mul	r6, r6, r7
 561 02a4 18608DE5 		str	r6, [sp, #24]
 562 02a8 0B0000DA 		ble	.L236
 563 02ac 0CC182E0 		add	ip, r2, ip, lsl #2
 564 02b0 025085E2 		add	r5, r5, #2
 565 02b4 050051E1 		cmp	r1, r5
 566 02b8 04C09CE5 		ldr	ip, [ip, #4]
 567 02bc 9C0601E0 		mul	r1, ip, r6
 568 02c0 18108DE5 		str	r1, [sp, #24]
 569 02c4 040000DA 		ble	.L236
 570 02c8 055182E0 		add	r5, r2, r5, lsl #2
 571 02cc 01C0A0E1 		mov	ip, r1
 572 02d0 041095E5 		ldr	r1, [r5, #4]
 573 02d4 910C01E0 		mul	r1, r1, ip
 574 02d8 18108DE5 		str	r1, [sp, #24]
 575              	.L236:
 576 02dc 030050E1 		cmp	r0, r3
 577 02e0 070400DA 		ble	.L410
 578 02e4 01B083E2 		add	fp, r3, #1
 579 02e8 035040E0 		sub	r5, r0, r3
 580 02ec 0B6182E0 		add	r6, r2, fp, lsl #2
 581 02f0 56C1A0E7 		sbfx	ip, r6, #2, #1
 582 02f4 03C00CE2 		and	ip, ip, #3
 583 02f8 05005CE1 		cmp	ip, r5
 584 02fc 05C0A021 		movcs	ip, r5
 585 0300 080055E3 		cmp	r5, #8
 586 0304 05C0A091 		movls	ip, r5
 587 0308 00005CE3 		cmp	ip, #0
 588 030c F503000A 		beq	.L254
 589 0310 037182E0 		add	r7, r2, r3, lsl #2
 590 0314 01005CE3 		cmp	ip, #1
 591 0318 0B10A0E1 		mov	r1, fp
 592 031c 047097E5 		ldr	r7, [r7, #4]
 593 0320 0C708DE5 		str	r7, [sp, #12]
 594 0324 3200000A 		beq	.L184
 595 0328 046096E5 		ldr	r6, [r6, #4]
 596 032c 02005CE3 		cmp	ip, #2
 597 0330 021083E2 		add	r1, r3, #2
 598 0334 960706E0 		mul	r6, r6, r7
 599 0338 0670A0E1 		mov	r7, r6
 600 033c 0C608DE5 		str	r6, [sp, #12]
 601 0340 2B00000A 		beq	.L184
 602 0344 011182E0 		add	r1, r2, r1, lsl #2
 603 0348 03005CE3 		cmp	ip, #3
 604 034c 046091E5 		ldr	r6, [r1, #4]
 605 0350 031083E2 		add	r1, r3, #3
 606 0354 960706E0 		mul	r6, r6, r7
 607 0358 0670A0E1 		mov	r7, r6
 608 035c 0C608DE5 		str	r6, [sp, #12]
 609 0360 2300000A 		beq	.L184
 610 0364 011182E0 		add	r1, r2, r1, lsl #2
 611 0368 04005CE3 		cmp	ip, #4
 612 036c 046091E5 		ldr	r6, [r1, #4]
 613 0370 041083E2 		add	r1, r3, #4
 614 0374 960706E0 		mul	r6, r6, r7
 615 0378 0670A0E1 		mov	r7, r6
 616 037c 0C608DE5 		str	r6, [sp, #12]
 617 0380 1B00000A 		beq	.L184
 618 0384 011182E0 		add	r1, r2, r1, lsl #2
 619 0388 05005CE3 		cmp	ip, #5
 620 038c 046091E5 		ldr	r6, [r1, #4]
 621 0390 051083E2 		add	r1, r3, #5
 622 0394 960706E0 		mul	r6, r6, r7
 623 0398 0670A0E1 		mov	r7, r6
 624 039c 0C608DE5 		str	r6, [sp, #12]
 625 03a0 1300000A 		beq	.L184
 626 03a4 011182E0 		add	r1, r2, r1, lsl #2
 627 03a8 06005CE3 		cmp	ip, #6
 628 03ac 046091E5 		ldr	r6, [r1, #4]
 629 03b0 061083E2 		add	r1, r3, #6
 630 03b4 960706E0 		mul	r6, r6, r7
 631 03b8 0670A0E1 		mov	r7, r6
 632 03bc 0C608DE5 		str	r6, [sp, #12]
 633 03c0 0B00000A 		beq	.L184
 634 03c4 011182E0 		add	r1, r2, r1, lsl #2
 635 03c8 07005CE3 		cmp	ip, #7
 636 03cc 046091E5 		ldr	r6, [r1, #4]
 637 03d0 071083E2 		add	r1, r3, #7
 638 03d4 960706E0 		mul	r6, r6, r7
 639 03d8 0C608DE5 		str	r6, [sp, #12]
 640 03dc 0670A0E1 		mov	r7, r6
 641 03e0 01618210 		addne	r6, r2, r1, lsl #2
 642 03e4 08108312 		addne	r1, r3, #8
 643 03e8 04609615 		ldrne	r6, [r6, #4]
 644 03ec 96070610 		mulne	r6, r6, r7
 645 03f0 0C608D15 		strne	r6, [sp, #12]
 646              	.L184:
 647 03f4 0C0055E1 		cmp	r5, ip
 648 03f8 3000000A 		beq	.L175
 649              	.L183:
 650 03fc 0C7045E0 		sub	r7, r5, ip
 651 0400 015045E2 		sub	r5, r5, #1
 652 0404 046047E2 		sub	r6, r7, #4
 653 0408 0C5045E0 		sub	r5, r5, ip
 654 040c 2661A0E1 		lsr	r6, r6, #2
 655 0410 020055E3 		cmp	r5, #2
 656 0414 016086E2 		add	r6, r6, #1
 657 0418 0681A0E1 		lsl	r8, r6, #2
 658 041c 1500009A 		bls	.L186
 659 0420 0CC08BE0 		add	ip, fp, ip
 660 0424 5100C0F2 		vmov.i32	q8, #1  @ v4si
 661 0428 0CC182E0 		add	ip, r2, ip, lsl #2
 662 042c 0050A0E3 		mov	r5, #0
 663              	.L188:
 664 0430 015085E2 		add	r5, r5, #1
 665 0434 DF2A6CF4 		vld1.64	{d18-d19}, [ip:64]
 666 0438 050056E1 		cmp	r6, r5
 667 043c 10C08CE2 		add	ip, ip, #16
 668 0440 F20960F2 		vmul.i32	q8, q8, q9
 669 0444 F9FFFF8A 		bhi	.L188
 670 0448 0C509DE5 		ldr	r5, [sp, #12]
 671 044c 080057E1 		cmp	r7, r8
 672 0450 081081E0 		add	r1, r1, r8
 673 0454 5020C0F2 		vmov.i32	q9, #0  @ v4si
 674 0458 E248F0F2 		vext.32	q10, q8, q9, #2
 675 045c F40960F2 		vmul.i32	q8, q8, q10
 676 0460 E224F0F2 		vext.32	q9, q8, q9, #1
 677 0464 F20960F2 		vmul.i32	q8, q8, q9
 678 0468 90CB10EE 		vmov.32	ip, d16[0]
 679 046c 9C050CE0 		mul	ip, ip, r5
 680 0470 0CC08DE5 		str	ip, [sp, #12]
 681 0474 1100000A 		beq	.L175
 682              	.L186:
 683 0478 015182E0 		add	r5, r2, r1, lsl #2
 684 047c 0C609DE5 		ldr	r6, [sp, #12]
 685 0480 01C081E2 		add	ip, r1, #1
 686 0484 045095E5 		ldr	r5, [r5, #4]
 687 0488 0C0050E1 		cmp	r0, ip
 688 048c 950605E0 		mul	r5, r5, r6
 689 0490 0C508DE5 		str	r5, [sp, #12]
 690 0494 090000DA 		ble	.L175
 691 0498 0CC182E0 		add	ip, r2, ip, lsl #2
 692 049c 021081E2 		add	r1, r1, #2
 693 04a0 010050E1 		cmp	r0, r1
 694 04a4 04C09CE5 		ldr	ip, [ip, #4]
 695 04a8 9C050CE0 		mul	ip, ip, r5
 696 04ac 0CC08DE5 		str	ip, [sp, #12]
 697 04b0 011182C0 		addgt	r1, r2, r1, lsl #2
 698 04b4 041091C5 		ldrgt	r1, [r1, #4]
 699 04b8 910C01C0 		mulgt	r1, r1, ip
 700 04bc 0C108DC5 		strgt	r1, [sp, #12]
 701              	.L175:
 702 04c0 011080E2 		add	r1, r0, #1
 703 04c4 01005EE1 		cmp	lr, r1
 704 04c8 9B0300DA 		ble	.L411
 705 04cc 028080E2 		add	r8, r0, #2
 706 04d0 01704EE2 		sub	r7, lr, #1
 707 04d4 086182E0 		add	r6, r2, r8, lsl #2
 708 04d8 007047E0 		sub	r7, r7, r0
 709 04dc 56C1A0E7 		sbfx	ip, r6, #2, #1
 710 04e0 03C00CE2 		and	ip, ip, #3
 711 04e4 07005CE1 		cmp	ip, r7
 712 04e8 07C0A021 		movcs	ip, r7
 713 04ec 080057E3 		cmp	r7, #8
 714 04f0 07C0A091 		movls	ip, r7
 715 04f4 00005CE3 		cmp	ip, #0
 716 04f8 7803000A 		beq	.L256
 717 04fc 015182E0 		add	r5, r2, r1, lsl #2
 718 0500 01005CE3 		cmp	ip, #1
 719 0504 0810A0E1 		mov	r1, r8
 720 0508 045095E5 		ldr	r5, [r5, #4]
 721 050c 2500000A 		beq	.L197
 722 0510 046096E5 		ldr	r6, [r6, #4]
 723 0514 02005CE3 		cmp	ip, #2
 724 0518 031080E2 		add	r1, r0, #3
 725 051c 960505E0 		mul	r5, r6, r5
 726 0520 2000000A 		beq	.L197
 727 0524 011182E0 		add	r1, r2, r1, lsl #2
 728 0528 03005CE3 		cmp	ip, #3
 729 052c 046091E5 		ldr	r6, [r1, #4]
 730 0530 041080E2 		add	r1, r0, #4
 731 0534 960505E0 		mul	r5, r6, r5
 732 0538 1A00000A 		beq	.L197
 733 053c 011182E0 		add	r1, r2, r1, lsl #2
 734 0540 04005CE3 		cmp	ip, #4
 735 0544 046091E5 		ldr	r6, [r1, #4]
 736 0548 051080E2 		add	r1, r0, #5
 737 054c 960505E0 		mul	r5, r6, r5
 738 0550 1400000A 		beq	.L197
 739 0554 011182E0 		add	r1, r2, r1, lsl #2
 740 0558 05005CE3 		cmp	ip, #5
 741 055c 046091E5 		ldr	r6, [r1, #4]
 742 0560 061080E2 		add	r1, r0, #6
 743 0564 960505E0 		mul	r5, r6, r5
 744 0568 0E00000A 		beq	.L197
 745 056c 011182E0 		add	r1, r2, r1, lsl #2
 746 0570 06005CE3 		cmp	ip, #6
 747 0574 046091E5 		ldr	r6, [r1, #4]
 748 0578 071080E2 		add	r1, r0, #7
 749 057c 960505E0 		mul	r5, r6, r5
 750 0580 0800000A 		beq	.L197
 751 0584 011182E0 		add	r1, r2, r1, lsl #2
 752 0588 07005CE3 		cmp	ip, #7
 753 058c 046091E5 		ldr	r6, [r1, #4]
 754 0590 081080E2 		add	r1, r0, #8
 755 0594 960505E0 		mul	r5, r6, r5
 756 0598 01618210 		addne	r6, r2, r1, lsl #2
 757 059c 09108012 		addne	r1, r0, #9
 758 05a0 04609615 		ldrne	r6, [r6, #4]
 759 05a4 96050510 		mulne	r5, r6, r5
 760              	.L197:
 761 05a8 0C0057E1 		cmp	r7, ip
 762 05ac 2B00000A 		beq	.L205
 763              	.L196:
 764 05b0 0C7047E0 		sub	r7, r7, ip
 765 05b4 00004EE0 		sub	r0, lr, r0
 766 05b8 020040E2 		sub	r0, r0, #2
 767 05bc 046047E2 		sub	r6, r7, #4
 768 05c0 0C0040E0 		sub	r0, r0, ip
 769 05c4 2661A0E1 		lsr	r6, r6, #2
 770 05c8 020050E3 		cmp	r0, #2
 771 05cc 016086E2 		add	r6, r6, #1
 772 05d0 06B1A0E1 		lsl	fp, r6, #2
 773 05d4 1300009A 		bls	.L199
 774 05d8 0C0088E0 		add	r0, r8, ip
 775 05dc 5100C0F2 		vmov.i32	q8, #1  @ v4si
 776 05e0 000182E0 		add	r0, r2, r0, lsl #2
 777 05e4 00C0A0E3 		mov	ip, #0
 778              	.L201:
 779 05e8 01C08CE2 		add	ip, ip, #1
 780 05ec DF2A60F4 		vld1.64	{d18-d19}, [r0:64]
 781 05f0 0C0056E1 		cmp	r6, ip
 782 05f4 100080E2 		add	r0, r0, #16
 783 05f8 F20960F2 		vmul.i32	q8, q8, q9
 784 05fc F9FFFF8A 		bhi	.L201
 785 0600 0B0057E1 		cmp	r7, fp
 786 0604 0B1081E0 		add	r1, r1, fp
 787 0608 5020C0F2 		vmov.i32	q9, #0  @ v4si
 788 060c E248F0F2 		vext.32	q10, q8, q9, #2
 789 0610 F40960F2 		vmul.i32	q8, q8, q10
 790 0614 E224F0F2 		vext.32	q9, q8, q9, #1
 791 0618 F20960F2 		vmul.i32	q8, q8, q9
 792 061c 900B10EE 		vmov.32	r0, d16[0]
 793 0620 900505E0 		mul	r5, r0, r5
 794 0624 0D00000A 		beq	.L205
 795              	.L199:
 796 0628 01C182E0 		add	ip, r2, r1, lsl #2
 797 062c 010081E2 		add	r0, r1, #1
 798 0630 04C09CE5 		ldr	ip, [ip, #4]
 799 0634 00005EE1 		cmp	lr, r0
 800 0638 9C0505E0 		mul	r5, ip, r5
 801 063c 070000DA 		ble	.L205
 802 0640 000182E0 		add	r0, r2, r0, lsl #2
 803 0644 021081E2 		add	r1, r1, #2
 804 0648 040090E5 		ldr	r0, [r0, #4]
 805 064c 01005EE1 		cmp	lr, r1
 806 0650 900505E0 		mul	r5, r0, r5
 807 0654 011182C0 		addgt	r1, r2, r1, lsl #2
 808 0658 042091C5 		ldrgt	r2, [r1, #4]
 809 065c 920505C0 		mulgt	r5, r2, r5
 810              	.L205:
 811 0660 00209DE5 		ldr	r2, [sp]
 812 0664 030052E1 		cmp	r2, r3
 813 0668 310300DA 		ble	.L412
 814 066c 01B083E2 		add	fp, r3, #1
 815 0670 031042E0 		sub	r1, r2, r3
 816 0674 0B0184E0 		add	r0, r4, fp, lsl #2
 817 0678 5021A0E7 		sbfx	r2, r0, #2, #1
 818 067c 032002E2 		and	r2, r2, #3
 819 0680 010052E1 		cmp	r2, r1
 820 0684 0120A021 		movcs	r2, r1
 821 0688 080051E3 		cmp	r1, #8
 822 068c 0120A091 		movls	r2, r1
 823 0690 000052E3 		cmp	r2, #0
 824 0694 0F03000A 		beq	.L257
 825 0698 03C184E0 		add	ip, r4, r3, lsl #2
 826 069c 010052E3 		cmp	r2, #1
 827 06a0 04809CE5 		ldr	r8, [ip, #4]
 828 06a4 2603000A 		beq	.L258
 829 06a8 04C090E5 		ldr	ip, [r0, #4]
 830 06ac 020052E3 		cmp	r2, #2
 831 06b0 020083E2 		add	r0, r3, #2
 832 06b4 9C0808E0 		mul	r8, ip, r8
 833 06b8 EA02000A 		beq	.L264
 834 06bc 000184E0 		add	r0, r4, r0, lsl #2
 835 06c0 030052E3 		cmp	r2, #3
 836 06c4 04C090E5 		ldr	ip, [r0, #4]
 837 06c8 030083E2 		add	r0, r3, #3
 838 06cc 9C0808E0 		mul	r8, ip, r8
 839 06d0 E402000A 		beq	.L264
 840 06d4 000184E0 		add	r0, r4, r0, lsl #2
 841 06d8 040052E3 		cmp	r2, #4
 842 06dc 04C090E5 		ldr	ip, [r0, #4]
 843 06e0 040083E2 		add	r0, r3, #4
 844 06e4 9C0808E0 		mul	r8, ip, r8
 845 06e8 DE02000A 		beq	.L264
 846 06ec 000184E0 		add	r0, r4, r0, lsl #2
 847 06f0 050052E3 		cmp	r2, #5
 848 06f4 04C090E5 		ldr	ip, [r0, #4]
 849 06f8 050083E2 		add	r0, r3, #5
 850 06fc 9C0808E0 		mul	r8, ip, r8
 851 0700 D802000A 		beq	.L264
 852 0704 000184E0 		add	r0, r4, r0, lsl #2
 853 0708 060052E3 		cmp	r2, #6
 854 070c 04C090E5 		ldr	ip, [r0, #4]
 855 0710 060083E2 		add	r0, r3, #6
 856 0714 9C0808E0 		mul	r8, ip, r8
 857 0718 D202000A 		beq	.L264
 858 071c 000184E0 		add	r0, r4, r0, lsl #2
 859 0720 070052E3 		cmp	r2, #7
 860 0724 04C090E5 		ldr	ip, [r0, #4]
 861 0728 070083E2 		add	r0, r3, #7
 862 072c 9C0808E0 		mul	r8, ip, r8
 863 0730 CC02000A 		beq	.L264
 864 0734 000184E0 		add	r0, r4, r0, lsl #2
 865 0738 083083E2 		add	r3, r3, #8
 866 073c 040090E5 		ldr	r0, [r0, #4]
 867 0740 900808E0 		mul	r8, r0, r8
 868              	.L209:
 869 0744 020051E1 		cmp	r1, r2
 870 0748 2B00000A 		beq	.L193
 871              	.L208:
 872 074c 02E041E0 		sub	lr, r1, r2
 873 0750 011041E2 		sub	r1, r1, #1
 874 0754 04C04EE2 		sub	ip, lr, #4
 875 0758 020041E0 		sub	r0, r1, r2
 876 075c 2C11A0E1 		lsr	r1, ip, #2
 877 0760 020050E3 		cmp	r0, #2
 878 0764 011081E2 		add	r1, r1, #1
 879 0768 0101A0E1 		lsl	r0, r1, #2
 880 076c 1300009A 		bls	.L211
 881 0770 02208BE0 		add	r2, fp, r2
 882 0774 5100C0F2 		vmov.i32	q8, #1  @ v4si
 883 0778 022184E0 		add	r2, r4, r2, lsl #2
 884 077c 00C0A0E3 		mov	ip, #0
 885              	.L213:
 886 0780 01C08CE2 		add	ip, ip, #1
 887 0784 DF2A62F4 		vld1.64	{d18-d19}, [r2:64]
 888 0788 0C0051E1 		cmp	r1, ip
 889 078c 102082E2 		add	r2, r2, #16
 890 0790 F20960F2 		vmul.i32	q8, q8, q9
 891 0794 F9FFFF8A 		bhi	.L213
 892 0798 00005EE1 		cmp	lr, r0
 893 079c 003083E0 		add	r3, r3, r0
 894 07a0 5020C0F2 		vmov.i32	q9, #0  @ v4si
 895 07a4 E248F0F2 		vext.32	q10, q8, q9, #2
 896 07a8 F40960F2 		vmul.i32	q8, q8, q10
 897 07ac E224F0F2 		vext.32	q9, q8, q9, #1
 898 07b0 F20960F2 		vmul.i32	q8, q8, q9
 899 07b4 902B10EE 		vmov.32	r2, d16[0]
 900 07b8 920808E0 		mul	r8, r2, r8
 901 07bc 0E00000A 		beq	.L193
 902              	.L211:
 903 07c0 031184E0 		add	r1, r4, r3, lsl #2
 904 07c4 00009DE5 		ldr	r0, [sp]
 905 07c8 041091E5 		ldr	r1, [r1, #4]
 906 07cc 012083E2 		add	r2, r3, #1
 907 07d0 020050E1 		cmp	r0, r2
 908 07d4 910808E0 		mul	r8, r1, r8
 909 07d8 070000DA 		ble	.L193
 910 07dc 022184E0 		add	r2, r4, r2, lsl #2
 911 07e0 023083E2 		add	r3, r3, #2
 912 07e4 042092E5 		ldr	r2, [r2, #4]
 913 07e8 030050E1 		cmp	r0, r3
 914 07ec 920808E0 		mul	r8, r2, r8
 915 07f0 033184C0 		addgt	r3, r4, r3, lsl #2
 916 07f4 043093C5 		ldrgt	r3, [r3, #4]
 917 07f8 930808C0 		mulgt	r8, r3, r8
 918              	.L193:
 919 07fc 18309DE5 		ldr	r3, [sp, #24]
 920 0800 000053E3 		cmp	r3, #0
 921 0804 16FEFFDA 		ble	.L147
 922 0808 0C209DE5 		ldr	r2, [sp, #12]
 923 080c 0801A0E1 		lsl	r0, r8, #2
 924 0810 0010A0E3 		mov	r1, #0
 925 0814 30008DE5 		str	r0, [sp, #48]
 926 0818 08009DE5 		ldr	r0, [sp, #8]
 927 081c 950203E0 		mul	r3, r5, r2
 928 0820 20108DE5 		str	r1, [sp, #32]
 929 0824 24108DE5 		str	r1, [sp, #36]
 930 0828 9A0202E0 		mul	r2, r10, r2
 931 082c 1C008DE5 		str	r0, [sp, #28]
 932 0830 980303E0 		mul	r3, r8, r3
 933 0834 2C208DE5 		str	r2, [sp, #44]
 934 0838 04209DE5 		ldr	r2, [sp, #4]
 935 083c 28308DE5 		str	r3, [sp, #40]
 936 0840 950803E0 		mul	r3, r5, r8
 937 0844 10208DE5 		str	r2, [sp, #16]
 938 0848 14308DE5 		str	r3, [sp, #20]
 939              	.L218:
 940 084c 0C309DE5 		ldr	r3, [sp, #12]
 941 0850 000053E3 		cmp	r3, #0
 942 0854 2B0000DA 		ble	.L220
 943 0858 1C309DE5 		ldr	r3, [sp, #28]
 944 085c 20709DE5 		ldr	r7, [sp, #32]
 945 0860 00308DE5 		str	r3, [sp]
 946 0864 0030A0E3 		mov	r3, #0
 947 0868 08308DE5 		str	r3, [sp, #8]
 948              	.L217:
 949 086c 000058E3 		cmp	r8, #0
 950 0870 190000DA 		ble	.L223
 951 0874 04309DE5 		ldr	r3, [sp, #4]
 952 0878 003093E5 		ldr	r3, [r3]
 953 087c 000053E3 		cmp	r3, #0
 954 0880 350000BA 		blt	.L108
 955 0884 03005AE1 		cmp	r10, r3
 956 0888 330000DA 		ble	.L108
 957 088c 48009DE8 		ldm	sp, {r3, r6}
 958 0890 0040A0E3 		mov	r4, #0
 959 0894 10B09DE5 		ldr	fp, [sp, #16]
 960 0898 050000EA 		b	.L222
 961              	.L395:
 962 089c 0420B6E5 		ldr	r2, [r6, #4]!
 963 08a0 000052E3 		cmp	r2, #0
 964 08a4 2C0000BA 		blt	.L108
 965 08a8 0A0052E1 		cmp	r2, r10
 966 08ac 053083E0 		add	r3, r3, r5
 967 08b0 290000AA 		bge	.L108
 968              	.L222:
 969 08b4 04109BE4 		ldr	r1, [fp], #4
 970 08b8 0300A0E1 		mov	r0, r3
 971 08bc 014084E2 		add	r4, r4, #1
 972 08c0 0520A0E1 		mov	r2, r5
 973 08c4 071081E0 		add	r1, r1, r7
 974 08c8 959121E0 		mla	r1, r5, r1, r9
 975 08cc FEFFFFEB 		bl	memcpy
 976 08d0 080054E1 		cmp	r4, r8
 977 08d4 0030A0E1 		mov	r3, r0
 978 08d8 EFFFFF1A 		bne	.L395
 979              	.L223:
 980 08dc 00209DE5 		ldr	r2, [sp]
 981 08e0 0A7087E0 		add	r7, r7, r10
 982 08e4 14109DE5 		ldr	r1, [sp, #20]
 983 08e8 08309DE5 		ldr	r3, [sp, #8]
 984 08ec 012082E0 		add	r2, r2, r1
 985 08f0 00208DE5 		str	r2, [sp]
 986 08f4 013083E2 		add	r3, r3, #1
 987 08f8 0C209DE5 		ldr	r2, [sp, #12]
 988 08fc 08308DE5 		str	r3, [sp, #8]
 989 0900 020053E1 		cmp	r3, r2
 990 0904 D8FFFF1A 		bne	.L217
 991              	.L220:
 992 0908 1C209DE5 		ldr	r2, [sp, #28]
 993 090c 28109DE5 		ldr	r1, [sp, #40]
 994 0910 24309DE5 		ldr	r3, [sp, #36]
 995 0914 012082E0 		add	r2, r2, r1
 996 0918 1C208DE5 		str	r2, [sp, #28]
 997 091c 013083E2 		add	r3, r3, #1
 998 0920 18209DE5 		ldr	r2, [sp, #24]
 999 0924 24308DE5 		str	r3, [sp, #36]
 1000 0928 020053E1 		cmp	r3, r2
 1001 092c 20309DE5 		ldr	r3, [sp, #32]
 1002 0930 2C209DE5 		ldr	r2, [sp, #44]
 1003 0934 023083E0 		add	r3, r3, r2
 1004 0938 30209DE5 		ldr	r2, [sp, #48]
 1005 093c 20308DE5 		str	r3, [sp, #32]
 1006 0940 10309DE5 		ldr	r3, [sp, #16]
 1007 0944 023083E0 		add	r3, r3, r2
 1008 0948 10308DE5 		str	r3, [sp, #16]
 1009 094c BEFFFF1A 		bne	.L218
 1010 0950 C3FDFFEA 		b	.L147
 1011              	.L413:
 1012 0954 050090E0 		adds	r0, r0, r5
 1013 0958 1000005A 		bpl	.L107
 1014              	.L108:
 1015 095c FEFFFFEB 		bl	abort
 1016              	.L406:
 1017 0960 0100A0E3 		mov	r0, #1
 1018 0964 3CD08DE2 		add	sp, sp, #60
 1019              		@ sp needed
 1020 0968 F08FBDE8 		pop	{r4, r5, r6, r7, r8, r9, r10, fp, pc}
 1021              	.L104:
 1022 096c 003095E5 		ldr	r3, [r5]
 1023 0970 000050E3 		cmp	r0, #0
 1024 0974 0C008D05 		streq	r0, [sp, #12]
 1025 0978 042095E5 		ldr	r2, [r5, #4]
 1026 097c 00308DE5 		str	r3, [sp]
 1027 0980 003096E5 		ldr	r3, [r6]
 1028 0984 005092E5 		ldr	r5, [r2]
 1029 0988 08308DE5 		str	r3, [sp, #8]
 1030 098c 00309015 		ldrne	r3, [r0]
 1031 0990 000094E5 		ldr	r0, [r4]
 1032 0994 0C308D15 		strne	r3, [sp, #12]
 1033 0998 000050E3 		cmp	r0, #0
 1034 099c ECFFFFBA 		blt	.L413
 1035              	.L107:
 1036 09a0 000055E1 		cmp	r5, r0
 1037 09a4 ECFFFFDA 		ble	.L108
 1038 09a8 04E096E5 		ldr	lr, [r6, #4]
 1039 09ac 043094E5 		ldr	r3, [r4, #4]
 1040 09b0 00109EE5 		ldr	r1, [lr]
 1041 09b4 000053E3 		cmp	r3, #0
 1042 09b8 04108DE5 		str	r1, [sp, #4]
 1043 09bc 420200BA 		blt	.L414
 1044              	.L109:
 1045 09c0 030055E1 		cmp	r5, r3
 1046 09c4 E4FFFFDA 		ble	.L108
 1047 09c8 04109DE5 		ldr	r1, [sp, #4]
 1048 09cc 030051E1 		cmp	r1, r3
 1049 09d0 E1FFFFBA 		blt	.L108
 1050 09d4 030050E1 		cmp	r0, r3
 1051 09d8 DFFFFFBA 		blt	.L108
 1052 09dc 000053E3 		cmp	r3, #0
 1053 09e0 5E02000A 		beq	.L110
 1054 09e4 04109EE5 		ldr	r1, [lr, #4]
 1055 09e8 046092E5 		ldr	r6, [r2, #4]
 1056 09ec 1C108DE5 		str	r1, [sp, #28]
 1057 09f0 010056E1 		cmp	r6, r1
 1058 09f4 08408202 		addeq	r4, r2, #8
 1059 09f8 08C08E02 		addeq	ip, lr, #8
 1060 09fc 0010A003 		moveq	r1, #0
 1061 0a00 0400000A 		beq	.L112
 1062 0a04 D4FFFFEA 		b	.L108
 1063              	.L384:
 1064 0a08 048094E4 		ldr	r8, [r4], #4
 1065 0a0c 04709CE4 		ldr	r7, [ip], #4
 1066 0a10 070058E1 		cmp	r8, r7
 1067 0a14 D0FFFF1A 		bne	.L108
 1068              	.L112:
 1069 0a18 011081E2 		add	r1, r1, #1
 1070 0a1c 030051E1 		cmp	r1, r3
 1071 0a20 F8FFFF1A 		bne	.L384
 1072 0a24 04C082E2 		add	ip, r2, #4
 1073 0a28 004182E0 		add	r4, r2, r0, lsl #2
 1074 0a2c 5CC1A0E7 		sbfx	ip, ip, #2, #1
 1075 0a30 03C00CE2 		and	ip, ip, #3
 1076 0a34 049094E5 		ldr	r9, [r4, #4]
 1077 0a38 01005CE1 		cmp	ip, r1
 1078 0a3c 01C0A021 		movcs	ip, r1
 1079 0a40 080051E3 		cmp	r1, #8
 1080 0a44 01C0A0D1 		movle	ip, r1
 1081 0a48 080200CA 		bgt	.L415
 1082              	.L226:
 1083 0a4c 01005CE3 		cmp	ip, #1
 1084 0a50 FE01000A 		beq	.L274
 1085 0a54 084092E5 		ldr	r4, [r2, #8]
 1086 0a58 02005CE3 		cmp	ip, #2
 1087 0a5c 940604E0 		mul	r4, r4, r6
 1088 0a60 0460A0E1 		mov	r6, r4
 1089 0a64 1C408DE5 		str	r4, [sp, #28]
 1090 0a68 F801000A 		beq	.L274
 1091 0a6c 0C4092E5 		ldr	r4, [r2, #12]
 1092 0a70 03005CE3 		cmp	ip, #3
 1093 0a74 940604E0 		mul	r4, r4, r6
 1094 0a78 0460A0E1 		mov	r6, r4
 1095 0a7c 1C408DE5 		str	r4, [sp, #28]
 1096 0a80 F201000A 		beq	.L274
 1097 0a84 104092E5 		ldr	r4, [r2, #16]
 1098 0a88 04005CE3 		cmp	ip, #4
 1099 0a8c 940604E0 		mul	r4, r4, r6
 1100 0a90 0460A0E1 		mov	r6, r4
 1101 0a94 1C408DE5 		str	r4, [sp, #28]
 1102 0a98 EC01000A 		beq	.L274
 1103 0a9c 144092E5 		ldr	r4, [r2, #20]
 1104 0aa0 05005CE3 		cmp	ip, #5
 1105 0aa4 940604E0 		mul	r4, r4, r6
 1106 0aa8 0460A0E1 		mov	r6, r4
 1107 0aac 1C408DE5 		str	r4, [sp, #28]
 1108 0ab0 E601000A 		beq	.L274
 1109 0ab4 184092E5 		ldr	r4, [r2, #24]
 1110 0ab8 06005CE3 		cmp	ip, #6
 1111 0abc 940604E0 		mul	r4, r4, r6
 1112 0ac0 0460A0E1 		mov	r6, r4
 1113 0ac4 1C408DE5 		str	r4, [sp, #28]
 1114 0ac8 E001000A 		beq	.L274
 1115 0acc 1C4092E5 		ldr	r4, [r2, #28]
 1116 0ad0 07005CE3 		cmp	ip, #7
 1117 0ad4 940604E0 		mul	r4, r4, r6
 1118 0ad8 0470A0E1 		mov	r7, r4
 1119 0adc 1C408DE5 		str	r4, [sp, #28]
 1120 0ae0 DA01000A 		beq	.L274
 1121 0ae4 206092E5 		ldr	r6, [r2, #32]
 1122 0ae8 0840A0E3 		mov	r4, #8
 1123 0aec 960706E0 		mul	r6, r6, r7
 1124 0af0 1C608DE5 		str	r6, [sp, #28]
 1125              	.L228:
 1126 0af4 0C0051E1 		cmp	r1, ip
 1127 0af8 3200000A 		beq	.L225
 1128              	.L227:
 1129 0afc 0CA041E0 		sub	r10, r1, ip
 1130 0b00 016041E2 		sub	r6, r1, #1
 1131 0b04 04704AE2 		sub	r7, r10, #4
 1132 0b08 0C6046E0 		sub	r6, r6, ip
 1133 0b0c 2771A0E1 		lsr	r7, r7, #2
 1134 0b10 020056E3 		cmp	r6, #2
 1135 0b14 018087E2 		add	r8, r7, #1
 1136 0b18 0871A0E1 		lsl	r7, r8, #2
 1137 0b1c 1500009A 		bls	.L230
 1138 0b20 01C08CE2 		add	ip, ip, #1
 1139 0b24 5100C0F2 		vmov.i32	q8, #1  @ v4si
 1140 0b28 0CC182E0 		add	ip, r2, ip, lsl #2
 1141 0b2c 0060A0E3 		mov	r6, #0
 1142              	.L119:
 1143 0b30 016086E2 		add	r6, r6, #1
 1144 0b34 DF2A6CF4 		vld1.64	{d18-d19}, [ip:64]
 1145 0b38 060058E1 		cmp	r8, r6
 1146 0b3c 10C08CE2 		add	ip, ip, #16
 1147 0b40 F20960F2 		vmul.i32	q8, q8, q9
 1148 0b44 F9FFFF8A 		bhi	.L119
 1149 0b48 1C609DE5 		ldr	r6, [sp, #28]
 1150 0b4c 07005AE1 		cmp	r10, r7
 1151 0b50 074084E0 		add	r4, r4, r7
 1152 0b54 5020C0F2 		vmov.i32	q9, #0  @ v4si
 1153 0b58 E248F0F2 		vext.32	q10, q8, q9, #2
 1154 0b5c F40960F2 		vmul.i32	q8, q8, q10
 1155 0b60 E224F0F2 		vext.32	q9, q8, q9, #1
 1156 0b64 F20960F2 		vmul.i32	q8, q8, q9
 1157 0b68 90CB10EE 		vmov.32	ip, d16[0]
 1158 0b6c 9C060CE0 		mul	ip, ip, r6
 1159 0b70 1CC08DE5 		str	ip, [sp, #28]
 1160 0b74 1300000A 		beq	.L225
 1161              	.L230:
 1162 0b78 046182E0 		add	r6, r2, r4, lsl #2
 1163 0b7c 1C709DE5 		ldr	r7, [sp, #28]
 1164 0b80 01C084E2 		add	ip, r4, #1
 1165 0b84 046096E5 		ldr	r6, [r6, #4]
 1166 0b88 0C0051E1 		cmp	r1, ip
 1167 0b8c 960706E0 		mul	r6, r6, r7
 1168 0b90 1C608DE5 		str	r6, [sp, #28]
 1169 0b94 0B0000DA 		ble	.L225
 1170 0b98 0CC182E0 		add	ip, r2, ip, lsl #2
 1171 0b9c 024084E2 		add	r4, r4, #2
 1172 0ba0 040051E1 		cmp	r1, r4
 1173 0ba4 04C09CE5 		ldr	ip, [ip, #4]
 1174 0ba8 9C0601E0 		mul	r1, ip, r6
 1175 0bac 1C108DE5 		str	r1, [sp, #28]
 1176 0bb0 040000DA 		ble	.L225
 1177 0bb4 044182E0 		add	r4, r2, r4, lsl #2
 1178 0bb8 01C0A0E1 		mov	ip, r1
 1179 0bbc 041094E5 		ldr	r1, [r4, #4]
 1180 0bc0 910C01E0 		mul	r1, r1, ip
 1181 0bc4 1C108DE5 		str	r1, [sp, #28]
 1182              	.L225:
 1183 0bc8 030050E1 		cmp	r0, r3
 1184 0bcc D10100DA 		ble	.L416
 1185 0bd0 01B083E2 		add	fp, r3, #1
 1186 0bd4 034040E0 		sub	r4, r0, r3
 1187 0bd8 0B6182E0 		add	r6, r2, fp, lsl #2
 1188 0bdc 56C1A0E7 		sbfx	ip, r6, #2, #1
 1189 0be0 03C00CE2 		and	ip, ip, #3
 1190 0be4 04005CE1 		cmp	ip, r4
 1191 0be8 04C0A021 		movcs	ip, r4
 1192 0bec 080054E3 		cmp	r4, #8
 1193 0bf0 04C0A091 		movls	ip, r4
 1194 0bf4 00005CE3 		cmp	ip, #0
 1195 0bf8 AF01000A 		beq	.L240
 1196 0bfc 037182E0 		add	r7, r2, r3, lsl #2
 1197 0c00 01005CE3 		cmp	ip, #1
 1198 0c04 0B10A0E1 		mov	r1, fp
 1199 0c08 047097E5 		ldr	r7, [r7, #4]
 1200 0c0c 10708DE5 		str	r7, [sp, #16]
 1201 0c10 3200000A 		beq	.L125
 1202 0c14 046096E5 		ldr	r6, [r6, #4]
 1203 0c18 02005CE3 		cmp	ip, #2
 1204 0c1c 021083E2 		add	r1, r3, #2
 1205 0c20 960706E0 		mul	r6, r6, r7
 1206 0c24 0670A0E1 		mov	r7, r6
 1207 0c28 10608DE5 		str	r6, [sp, #16]
 1208 0c2c 2B00000A 		beq	.L125
 1209 0c30 011182E0 		add	r1, r2, r1, lsl #2
 1210 0c34 03005CE3 		cmp	ip, #3
 1211 0c38 046091E5 		ldr	r6, [r1, #4]
 1212 0c3c 031083E2 		add	r1, r3, #3
 1213 0c40 960706E0 		mul	r6, r6, r7
 1214 0c44 0670A0E1 		mov	r7, r6
 1215 0c48 10608DE5 		str	r6, [sp, #16]
 1216 0c4c 2300000A 		beq	.L125
 1217 0c50 011182E0 		add	r1, r2, r1, lsl #2
 1218 0c54 04005CE3 		cmp	ip, #4
 1219 0c58 046091E5 		ldr	r6, [r1, #4]
 1220 0c5c 041083E2 		add	r1, r3, #4
 1221 0c60 960706E0 		mul	r6, r6, r7
 1222 0c64 0670A0E1 		mov	r7, r6
 1223 0c68 10608DE5 		str	r6, [sp, #16]
 1224 0c6c 1B00000A 		beq	.L125
 1225 0c70 011182E0 		add	r1, r2, r1, lsl #2
 1226 0c74 05005CE3 		cmp	ip, #5
 1227 0c78 046091E5 		ldr	r6, [r1, #4]
 1228 0c7c 051083E2 		add	r1, r3, #5
 1229 0c80 960706E0 		mul	r6, r6, r7
 1230 0c84 0670A0E1 		mov	r7, r6
 1231 0c88 10608DE5 		str	r6, [sp, #16]
 1232 0c8c 1300000A 		beq	.L125
 1233 0c90 011182E0 		add	r1, r2, r1, lsl #2
 1234 0c94 06005CE3 		cmp	ip, #6
 1235 0c98 046091E5 		ldr	r6, [r1, #4]
 1236 0c9c 061083E2 		add	r1, r3, #6
 1237 0ca0 960706E0 		mul	r6, r6, r7
 1238 0ca4 0670A0E1 		mov	r7, r6
 1239 0ca8 10608DE5 		str	r6, [sp, #16]
 1240 0cac 0B00000A 		beq	.L125
 1241 0cb0 011182E0 		add	r1, r2, r1, lsl #2
 1242 0cb4 07005CE3 		cmp	ip, #7
 1243 0cb8 046091E5 		ldr	r6, [r1, #4]
 1244 0cbc 071083E2 		add	r1, r3, #7
 1245 0cc0 960706E0 		mul	r6, r6, r7
 1246 0cc4 10608DE5 		str	r6, [sp, #16]
 1247 0cc8 0670A0E1 		mov	r7, r6
 1248 0ccc 01618210 		addne	r6, r2, r1, lsl #2
 1249 0cd0 08108312 		addne	r1, r3, #8
 1250 0cd4 04609615 		ldrne	r6, [r6, #4]
 1251 0cd8 96070610 		mulne	r6, r6, r7
 1252 0cdc 10608D15 		strne	r6, [sp, #16]
 1253              	.L125:
 1254 0ce0 0C0054E1 		cmp	r4, ip
 1255 0ce4 3000000A 		beq	.L116
 1256              	.L124:
 1257 0ce8 0C7044E0 		sub	r7, r4, ip
 1258 0cec 014044E2 		sub	r4, r4, #1
 1259 0cf0 046047E2 		sub	r6, r7, #4
 1260 0cf4 0C4044E0 		sub	r4, r4, ip
 1261 0cf8 2661A0E1 		lsr	r6, r6, #2
 1262 0cfc 020054E3 		cmp	r4, #2
 1263 0d00 016086E2 		add	r6, r6, #1
 1264 0d04 0681A0E1 		lsl	r8, r6, #2
 1265 0d08 1500009A 		bls	.L127
 1266 0d0c 0CC08BE0 		add	ip, fp, ip
 1267 0d10 5100C0F2 		vmov.i32	q8, #1  @ v4si
 1268 0d14 0CC182E0 		add	ip, r2, ip, lsl #2
 1269 0d18 0040A0E3 		mov	r4, #0
 1270              	.L129:
 1271 0d1c 014084E2 		add	r4, r4, #1
 1272 0d20 DF2A6CF4 		vld1.64	{d18-d19}, [ip:64]
 1273 0d24 040056E1 		cmp	r6, r4
 1274 0d28 10C08CE2 		add	ip, ip, #16
 1275 0d2c F20960F2 		vmul.i32	q8, q8, q9
 1276 0d30 F9FFFF8A 		bhi	.L129
 1277 0d34 10409DE5 		ldr	r4, [sp, #16]
 1278 0d38 080057E1 		cmp	r7, r8
 1279 0d3c 081081E0 		add	r1, r1, r8
 1280 0d40 5020C0F2 		vmov.i32	q9, #0  @ v4si
 1281 0d44 E248F0F2 		vext.32	q10, q8, q9, #2
 1282 0d48 F40960F2 		vmul.i32	q8, q8, q10
 1283 0d4c E224F0F2 		vext.32	q9, q8, q9, #1
 1284 0d50 F20960F2 		vmul.i32	q8, q8, q9
 1285 0d54 90CB10EE 		vmov.32	ip, d16[0]
 1286 0d58 9C040CE0 		mul	ip, ip, r4
 1287 0d5c 10C08DE5 		str	ip, [sp, #16]
 1288 0d60 1100000A 		beq	.L116
 1289              	.L127:
 1290 0d64 014182E0 		add	r4, r2, r1, lsl #2
 1291 0d68 10609DE5 		ldr	r6, [sp, #16]
 1292 0d6c 01C081E2 		add	ip, r1, #1
 1293 0d70 044094E5 		ldr	r4, [r4, #4]
 1294 0d74 0C0050E1 		cmp	r0, ip
 1295 0d78 940604E0 		mul	r4, r4, r6
 1296 0d7c 10408DE5 		str	r4, [sp, #16]
 1297 0d80 090000DA 		ble	.L116
 1298 0d84 0CC182E0 		add	ip, r2, ip, lsl #2
 1299 0d88 021081E2 		add	r1, r1, #2
 1300 0d8c 010050E1 		cmp	r0, r1
 1301 0d90 04C09CE5 		ldr	ip, [ip, #4]
 1302 0d94 9C040CE0 		mul	ip, ip, r4
 1303 0d98 10C08DE5 		str	ip, [sp, #16]
 1304 0d9c 011182C0 		addgt	r1, r2, r1, lsl #2
 1305 0da0 041091C5 		ldrgt	r1, [r1, #4]
 1306 0da4 910C01C0 		mulgt	r1, r1, ip
 1307 0da8 10108DC5 		strgt	r1, [sp, #16]
 1308              	.L116:
 1309 0dac 011080E2 		add	r1, r0, #1
 1310 0db0 010055E1 		cmp	r5, r1
 1311 0db4 550100DA 		ble	.L417
 1312 0db8 027080E2 		add	r7, r0, #2
 1313 0dbc 016045E2 		sub	r6, r5, #1
 1314 0dc0 078182E0 		add	r8, r2, r7, lsl #2
 1315 0dc4 006046E0 		sub	r6, r6, r0
 1316 0dc8 58C1A0E7 		sbfx	ip, r8, #2, #1
 1317 0dcc 03C00CE2 		and	ip, ip, #3
 1318 0dd0 06005CE1 		cmp	ip, r6
 1319 0dd4 06C0A021 		movcs	ip, r6
 1320 0dd8 080056E3 		cmp	r6, #8
 1321 0ddc 06C0A091 		movls	ip, r6
 1322 0de0 00005CE3 		cmp	ip, #0
 1323 0de4 3201000A 		beq	.L242
 1324 0de8 014182E0 		add	r4, r2, r1, lsl #2
 1325 0dec 01005CE3 		cmp	ip, #1
 1326 0df0 0710A0E1 		mov	r1, r7
 1327 0df4 04A094E5 		ldr	r10, [r4, #4]
 1328 0df8 2500000A 		beq	.L138
 1329 0dfc 044098E5 		ldr	r4, [r8, #4]
 1330 0e00 02005CE3 		cmp	ip, #2
 1331 0e04 031080E2 		add	r1, r0, #3
 1332 0e08 940A0AE0 		mul	r10, r4, r10
 1333 0e0c 2000000A 		beq	.L138
 1334 0e10 011182E0 		add	r1, r2, r1, lsl #2
 1335 0e14 03005CE3 		cmp	ip, #3
 1336 0e18 044091E5 		ldr	r4, [r1, #4]
 1337 0e1c 041080E2 		add	r1, r0, #4
 1338 0e20 940A0AE0 		mul	r10, r4, r10
 1339 0e24 1A00000A 		beq	.L138
 1340 0e28 011182E0 		add	r1, r2, r1, lsl #2
 1341 0e2c 04005CE3 		cmp	ip, #4
 1342 0e30 044091E5 		ldr	r4, [r1, #4]
 1343 0e34 051080E2 		add	r1, r0, #5
 1344 0e38 940A0AE0 		mul	r10, r4, r10
 1345 0e3c 1400000A 		beq	.L138
 1346 0e40 011182E0 		add	r1, r2, r1, lsl #2
 1347 0e44 05005CE3 		cmp	ip, #5
 1348 0e48 044091E5 		ldr	r4, [r1, #4]
 1349 0e4c 061080E2 		add	r1, r0, #6
 1350 0e50 940A0AE0 		mul	r10, r4, r10
 1351 0e54 0E00000A 		beq	.L138
 1352 0e58 011182E0 		add	r1, r2, r1, lsl #2
 1353 0e5c 06005CE3 		cmp	ip, #6
 1354 0e60 044091E5 		ldr	r4, [r1, #4]
 1355 0e64 071080E2 		add	r1, r0, #7
 1356 0e68 940A0AE0 		mul	r10, r4, r10
 1357 0e6c 0800000A 		beq	.L138
 1358 0e70 011182E0 		add	r1, r2, r1, lsl #2
 1359 0e74 07005CE3 		cmp	ip, #7
 1360 0e78 044091E5 		ldr	r4, [r1, #4]
 1361 0e7c 081080E2 		add	r1, r0, #8
 1362 0e80 940A0AE0 		mul	r10, r4, r10
 1363 0e84 01418210 		addne	r4, r2, r1, lsl #2
 1364 0e88 09108012 		addne	r1, r0, #9
 1365 0e8c 04409415 		ldrne	r4, [r4, #4]
 1366 0e90 940A0A10 		mulne	r10, r4, r10
 1367              	.L138:
 1368 0e94 06005CE1 		cmp	ip, r6
 1369 0e98 2B00000A 		beq	.L146
 1370              	.L137:
 1371 0e9c 0C6046E0 		sub	r6, r6, ip
 1372 0ea0 000045E0 		sub	r0, r5, r0
 1373 0ea4 020040E2 		sub	r0, r0, #2
 1374 0ea8 044046E2 		sub	r4, r6, #4
 1375 0eac 0C0040E0 		sub	r0, r0, ip
 1376 0eb0 2441A0E1 		lsr	r4, r4, #2
 1377 0eb4 020050E3 		cmp	r0, #2
 1378 0eb8 014084E2 		add	r4, r4, #1
 1379 0ebc 0481A0E1 		lsl	r8, r4, #2
 1380 0ec0 1300009A 		bls	.L140
 1381 0ec4 07008CE0 		add	r0, ip, r7
 1382 0ec8 5100C0F2 		vmov.i32	q8, #1  @ v4si
 1383 0ecc 000182E0 		add	r0, r2, r0, lsl #2
 1384 0ed0 00C0A0E3 		mov	ip, #0
 1385              	.L142:
 1386 0ed4 01C08CE2 		add	ip, ip, #1
 1387 0ed8 DF2A60F4 		vld1.64	{d18-d19}, [r0:64]
 1388 0edc 0C0054E1 		cmp	r4, ip
 1389 0ee0 100080E2 		add	r0, r0, #16
 1390 0ee4 F20960F2 		vmul.i32	q8, q8, q9
 1391 0ee8 F9FFFF8A 		bhi	.L142
 1392 0eec 080056E1 		cmp	r6, r8
 1393 0ef0 081081E0 		add	r1, r1, r8
 1394 0ef4 5020C0F2 		vmov.i32	q9, #0  @ v4si
 1395 0ef8 E248F0F2 		vext.32	q10, q8, q9, #2
 1396 0efc F40960F2 		vmul.i32	q8, q8, q10
 1397 0f00 E224F0F2 		vext.32	q9, q8, q9, #1
 1398 0f04 F20960F2 		vmul.i32	q8, q8, q9
 1399 0f08 900B10EE 		vmov.32	r0, d16[0]
 1400 0f0c 900A0AE0 		mul	r10, r0, r10
 1401 0f10 0D00000A 		beq	.L146
 1402              	.L140:
 1403 0f14 01C182E0 		add	ip, r2, r1, lsl #2
 1404 0f18 010081E2 		add	r0, r1, #1
 1405 0f1c 04C09CE5 		ldr	ip, [ip, #4]
 1406 0f20 000055E1 		cmp	r5, r0
 1407 0f24 9C0A0AE0 		mul	r10, ip, r10
 1408 0f28 070000DA 		ble	.L146
 1409 0f2c 000182E0 		add	r0, r2, r0, lsl #2
 1410 0f30 021081E2 		add	r1, r1, #2
 1411 0f34 040090E5 		ldr	r0, [r0, #4]
 1412 0f38 050051E1 		cmp	r1, r5
 1413 0f3c 900A0AE0 		mul	r10, r0, r10
 1414 0f40 011182B0 		addlt	r1, r2, r1, lsl #2
 1415 0f44 042091B5 		ldrlt	r2, [r1, #4]
 1416 0f48 920A0AB0 		mullt	r10, r2, r10
 1417              	.L146:
 1418 0f4c 04209DE5 		ldr	r2, [sp, #4]
 1419 0f50 030052E1 		cmp	r2, r3
 1420 0f54 F40000DA 		ble	.L418
 1421 0f58 01B083E2 		add	fp, r3, #1
 1422 0f5c 031042E0 		sub	r1, r2, r3
 1423 0f60 0B018EE0 		add	r0, lr, fp, lsl #2
 1424 0f64 5021A0E7 		sbfx	r2, r0, #2, #1
 1425 0f68 032002E2 		and	r2, r2, #3
 1426 0f6c 010052E1 		cmp	r2, r1
 1427 0f70 0120A021 		movcs	r2, r1
 1428 0f74 080051E3 		cmp	r1, #8
 1429 0f78 0120A091 		movls	r2, r1
 1430 0f7c 000052E3 		cmp	r2, #0
 1431 0f80 C900000A 		beq	.L243
 1432 0f84 03C18EE0 		add	ip, lr, r3, lsl #2
 1433 0f88 010052E3 		cmp	r2, #1
 1434 0f8c 04809CE5 		ldr	r8, [ip, #4]
 1435 0f90 E300000A 		beq	.L244
 1436 0f94 04C090E5 		ldr	ip, [r0, #4]
 1437 0f98 020052E3 		cmp	r2, #2
 1438 0f9c 020083E2 		add	r0, r3, #2
 1439 0fa0 9C0808E0 		mul	r8, ip, r8
 1440 0fa4 AD00000A 		beq	.L250
 1441 0fa8 00018EE0 		add	r0, lr, r0, lsl #2
 1442 0fac 030052E3 		cmp	r2, #3
 1443 0fb0 04C090E5 		ldr	ip, [r0, #4]
 1444 0fb4 030083E2 		add	r0, r3, #3
 1445 0fb8 9C0808E0 		mul	r8, ip, r8
 1446 0fbc A700000A 		beq	.L250
 1447 0fc0 00018EE0 		add	r0, lr, r0, lsl #2
 1448 0fc4 040052E3 		cmp	r2, #4
 1449 0fc8 04C090E5 		ldr	ip, [r0, #4]
 1450 0fcc 040083E2 		add	r0, r3, #4
 1451 0fd0 9C0808E0 		mul	r8, ip, r8
 1452 0fd4 A100000A 		beq	.L250
 1453 0fd8 00018EE0 		add	r0, lr, r0, lsl #2
 1454 0fdc 050052E3 		cmp	r2, #5
 1455 0fe0 04C090E5 		ldr	ip, [r0, #4]
 1456 0fe4 050083E2 		add	r0, r3, #5
 1457 0fe8 9C0808E0 		mul	r8, ip, r8
 1458 0fec 9B00000A 		beq	.L250
 1459 0ff0 00018EE0 		add	r0, lr, r0, lsl #2
 1460 0ff4 060052E3 		cmp	r2, #6
 1461 0ff8 04C090E5 		ldr	ip, [r0, #4]
 1462 0ffc 060083E2 		add	r0, r3, #6
 1463 1000 9C0808E0 		mul	r8, ip, r8
 1464 1004 9500000A 		beq	.L250
 1465 1008 00018EE0 		add	r0, lr, r0, lsl #2
 1466 100c 070052E3 		cmp	r2, #7
 1467 1010 04C090E5 		ldr	ip, [r0, #4]
 1468 1014 070083E2 		add	r0, r3, #7
 1469 1018 9C0808E0 		mul	r8, ip, r8
 1470 101c 8F00000A 		beq	.L250
 1471 1020 00018EE0 		add	r0, lr, r0, lsl #2
 1472 1024 083083E2 		add	r3, r3, #8
 1473 1028 040090E5 		ldr	r0, [r0, #4]
 1474 102c 900808E0 		mul	r8, r0, r8
 1475              	.L151:
 1476 1030 010052E1 		cmp	r2, r1
 1477 1034 2B00000A 		beq	.L134
 1478              	.L150:
 1479 1038 024041E0 		sub	r4, r1, r2
 1480 103c 011041E2 		sub	r1, r1, #1
 1481 1040 04C044E2 		sub	ip, r4, #4
 1482 1044 020041E0 		sub	r0, r1, r2
 1483 1048 2C11A0E1 		lsr	r1, ip, #2
 1484 104c 020050E3 		cmp	r0, #2
 1485 1050 011081E2 		add	r1, r1, #1
 1486 1054 0101A0E1 		lsl	r0, r1, #2
 1487 1058 1300009A 		bls	.L153
 1488 105c 0B2082E0 		add	r2, r2, fp
 1489 1060 5140C0F2 		vmov.i32	q10, #1  @ v4si
 1490 1064 02218EE0 		add	r2, lr, r2, lsl #2
 1491 1068 00C0A0E3 		mov	ip, #0
 1492              	.L155:
 1493 106c 01C08CE2 		add	ip, ip, #1
 1494 1070 DF0A62F4 		vld1.64	{d16-d17}, [r2:64]
 1495 1074 0C0051E1 		cmp	r1, ip
 1496 1078 102082E2 		add	r2, r2, #16
 1497 107c F04964F2 		vmul.i32	q10, q10, q8
 1498 1080 F9FFFF8A 		bhi	.L155
 1499 1084 040050E1 		cmp	r0, r4
 1500 1088 003083E0 		add	r3, r3, r0
 1501 108c 5000C0F2 		vmov.i32	q8, #0  @ v4si
 1502 1090 E028F4F2 		vext.32	q9, q10, q8, #2
 1503 1094 F42962F2 		vmul.i32	q9, q9, q10
 1504 1098 E004F2F2 		vext.32	q8, q9, q8, #1
 1505 109c F20960F2 		vmul.i32	q8, q8, q9
 1506 10a0 902B10EE 		vmov.32	r2, d16[0]
 1507 10a4 920808E0 		mul	r8, r2, r8
 1508 10a8 0E00000A 		beq	.L134
 1509              	.L153:
 1510 10ac 03118EE0 		add	r1, lr, r3, lsl #2
 1511 10b0 04009DE5 		ldr	r0, [sp, #4]
 1512 10b4 041091E5 		ldr	r1, [r1, #4]
 1513 10b8 012083E2 		add	r2, r3, #1
 1514 10bc 020050E1 		cmp	r0, r2
 1515 10c0 910808E0 		mul	r8, r1, r8
 1516 10c4 070000DA 		ble	.L134
 1517 10c8 02218EE0 		add	r2, lr, r2, lsl #2
 1518 10cc 023083E2 		add	r3, r3, #2
 1519 10d0 042092E5 		ldr	r2, [r2, #4]
 1520 10d4 030050E1 		cmp	r0, r3
 1521 10d8 920808E0 		mul	r8, r2, r8
 1522 10dc 03318EC0 		addgt	r3, lr, r3, lsl #2
 1523 10e0 043093C5 		ldrgt	r3, [r3, #4]
 1524 10e4 930808C0 		mulgt	r8, r3, r8
 1525              	.L134:
 1526 10e8 1C309DE5 		ldr	r3, [sp, #28]
 1527 10ec 000053E3 		cmp	r3, #0
 1528 10f0 DBFBFFDA 		ble	.L147
 1529 10f4 10209DE5 		ldr	r2, [sp, #16]
 1530 10f8 0A51A0E1 		lsl	r5, r10, #2
 1531 10fc 0C109DE5 		ldr	r1, [sp, #12]
 1532 1100 0231A0E1 		lsl	r3, r2, #2
 1533 1104 990202E0 		mul	r2, r9, r2
 1534 1108 20108DE5 		str	r1, [sp, #32]
 1535 110c 9A0303E0 		mul	r3, r10, r3
 1536 1110 30208DE5 		str	r2, [sp, #48]
 1537 1114 0821A0E1 		lsl	r2, r8, #2
 1538 1118 34208DE5 		str	r2, [sp, #52]
 1539 111c 0020A0E3 		mov	r2, #0
 1540 1120 24208DE5 		str	r2, [sp, #36]
 1541 1124 980303E0 		mul	r3, r8, r3
 1542 1128 28208DE5 		str	r2, [sp, #40]
 1543 112c 08209DE5 		ldr	r2, [sp, #8]
 1544 1130 2C308DE5 		str	r3, [sp, #44]
 1545 1134 14208DE5 		str	r2, [sp, #20]
 1546 1138 980502E0 		mul	r2, r8, r5
 1547 113c 18208DE5 		str	r2, [sp, #24]
 1548              	.L160:
 1549 1140 10309DE5 		ldr	r3, [sp, #16]
 1550 1144 000053E3 		cmp	r3, #0
 1551 1148 2D0000DA 		ble	.L162
 1552 114c 20309DE5 		ldr	r3, [sp, #32]
 1553 1150 24709DE5 		ldr	r7, [sp, #36]
 1554 1154 04308DE5 		str	r3, [sp, #4]
 1555 1158 0030A0E3 		mov	r3, #0
 1556 115c 0C308DE5 		str	r3, [sp, #12]
 1557              	.L159:
 1558 1160 000058E3 		cmp	r8, #0
 1559 1164 1B0000DA 		ble	.L165
 1560 1168 08309DE5 		ldr	r3, [sp, #8]
 1561 116c 003093E5 		ldr	r3, [r3]
 1562 1170 000053E3 		cmp	r3, #0
 1563 1174 F8FDFFBA 		blt	.L108
 1564 1178 030059E1 		cmp	r9, r3
 1565 117c F6FDFFDA 		ble	.L108
 1566 1180 48009DE9 		ldmib	sp, {r3, r6}
 1567 1184 0040A0E3 		mov	r4, #0
 1568 1188 14B09DE5 		ldr	fp, [sp, #20]
 1569 118c 050000EA 		b	.L164
 1570              	.L389:
 1571 1190 0420B6E5 		ldr	r2, [r6, #4]!
 1572 1194 000052E3 		cmp	r2, #0
 1573 1198 EFFDFFBA 		blt	.L108
 1574 119c 090052E1 		cmp	r2, r9
 1575 11a0 053083E0 		add	r3, r3, r5
 1576 11a4 ECFDFFAA 		bge	.L108
 1577              	.L164:
 1578 11a8 04109BE4 		ldr	r1, [fp], #4
 1579 11ac 0300A0E1 		mov	r0, r3
 1580 11b0 00309DE5 		ldr	r3, [sp]
 1581 11b4 014084E2 		add	r4, r4, #1
 1582 11b8 0520A0E1 		mov	r2, r5
 1583 11bc 071081E0 		add	r1, r1, r7
 1584 11c0 9A0101E0 		mul	r1, r10, r1
 1585 11c4 011183E0 		add	r1, r3, r1, lsl #2
 1586 11c8 FEFFFFEB 		bl	memcpy
 1587 11cc 080054E1 		cmp	r4, r8
 1588 11d0 0030A0E1 		mov	r3, r0
 1589 11d4 EDFFFF1A 		bne	.L389
 1590              	.L165:
 1591 11d8 04209DE5 		ldr	r2, [sp, #4]
 1592 11dc 097087E0 		add	r7, r7, r9
 1593 11e0 18109DE5 		ldr	r1, [sp, #24]
 1594 11e4 0C309DE5 		ldr	r3, [sp, #12]
 1595 11e8 012082E0 		add	r2, r2, r1
 1596 11ec 04208DE5 		str	r2, [sp, #4]
 1597 11f0 013083E2 		add	r3, r3, #1
 1598 11f4 10209DE5 		ldr	r2, [sp, #16]
 1599 11f8 0C308DE5 		str	r3, [sp, #12]
 1600 11fc 020053E1 		cmp	r3, r2
 1601 1200 D6FFFF1A 		bne	.L159
 1602              	.L162:
 1603 1204 20209DE5 		ldr	r2, [sp, #32]
 1604 1208 2C109DE5 		ldr	r1, [sp, #44]
 1605 120c 28309DE5 		ldr	r3, [sp, #40]
 1606 1210 012082E0 		add	r2, r2, r1
 1607 1214 20208DE5 		str	r2, [sp, #32]
 1608 1218 013083E2 		add	r3, r3, #1
 1609 121c 1C209DE5 		ldr	r2, [sp, #28]
 1610 1220 28308DE5 		str	r3, [sp, #40]
 1611 1224 020053E1 		cmp	r3, r2
 1612 1228 24309DE5 		ldr	r3, [sp, #36]
 1613 122c 30209DE5 		ldr	r2, [sp, #48]
 1614 1230 023083E0 		add	r3, r3, r2
 1615 1234 34209DE5 		ldr	r2, [sp, #52]
 1616 1238 24308DE5 		str	r3, [sp, #36]
 1617 123c 14309DE5 		ldr	r3, [sp, #20]
 1618 1240 023083E0 		add	r3, r3, r2
 1619 1244 14308DE5 		str	r3, [sp, #20]
 1620 1248 BCFFFF1A 		bne	.L160
 1621 124c 84FBFFEA 		b	.L147
 1622              	.L274:
 1623 1250 0C40A0E1 		mov	r4, ip
 1624 1254 26FEFFEA 		b	.L228
 1625              	.L283:
 1626 1258 0C50A0E1 		mov	r5, ip
 1627 125c E9FBFFEA 		b	.L233
 1628              	.L250:
 1629 1260 0030A0E1 		mov	r3, r0
 1630 1264 71FFFFEA 		b	.L151
 1631              	.L264:
 1632 1268 0030A0E1 		mov	r3, r0
 1633 126c 34FDFFEA 		b	.L209
 1634              	.L415:
 1635 1270 00005CE3 		cmp	ip, #0
 1636 1274 0140A003 		moveq	r4, #1
 1637 1278 1C408D05 		streq	r4, [sp, #28]
 1638 127c 0C40A001 		moveq	r4, ip
 1639 1280 1DFEFF0A 		beq	.L227
 1640 1284 F0FDFFEA 		b	.L226
 1641              	.L409:
 1642 1288 00005CE3 		cmp	ip, #0
 1643 128c 0150A003 		moveq	r5, #1
 1644 1290 18508D05 		streq	r5, [sp, #24]
 1645 1294 0C50A001 		moveq	r5, ip
 1646 1298 DCFBFF0A 		beq	.L232
 1647 129c AFFBFFEA 		b	.L231
 1648              	.L407:
 1649 12a0 0E0090E0 		adds	r0, r0, lr
 1650 12a4 82FBFF5A 		bpl	.L168
 1651 12a8 ABFDFFEA 		b	.L108
 1652              	.L243:
 1653 12ac 0180A0E3 		mov	r8, #1
 1654 12b0 60FFFFEA 		b	.L150
 1655              	.L242:
 1656 12b4 01A0A0E3 		mov	r10, #1
 1657 12b8 F7FEFFEA 		b	.L137
 1658              	.L240:
 1659 12bc 0160A0E3 		mov	r6, #1
 1660 12c0 0310A0E1 		mov	r1, r3
 1661 12c4 10608DE5 		str	r6, [sp, #16]
 1662 12c8 86FEFFEA 		b	.L124
 1663              	.L414:
 1664 12cc 013093E0 		adds	r3, r3, r1
 1665 12d0 BAFDFF5A 		bpl	.L109
 1666 12d4 A0FDFFEA 		b	.L108
 1667              	.L257:
 1668 12d8 0180A0E3 		mov	r8, #1
 1669 12dc 1AFDFFEA 		b	.L208
 1670              	.L256:
 1671 12e0 0150A0E3 		mov	r5, #1
 1672 12e4 B1FCFFEA 		b	.L196
 1673              	.L254:
 1674 12e8 0160A0E3 		mov	r6, #1
 1675 12ec 0310A0E1 		mov	r1, r3
 1676 12f0 0C608DE5 		str	r6, [sp, #12]
 1677 12f4 40FCFFEA 		b	.L183
 1678              	.L408:
 1679 12f8 013093E0 		adds	r3, r3, r1
 1680 12fc 74FBFF5A 		bpl	.L169
 1681 1300 95FDFFEA 		b	.L108
 1682              	.L410:
 1683 1304 0110A0E3 		mov	r1, #1
 1684 1308 0C108DE5 		str	r1, [sp, #12]
 1685 130c 6BFCFFEA 		b	.L175
 1686              	.L417:
 1687 1310 01A0A0E3 		mov	r10, #1
 1688 1314 0CFFFFEA 		b	.L146
 1689              	.L416:
 1690 1318 0110A0E3 		mov	r1, #1
 1691 131c 10108DE5 		str	r1, [sp, #16]
 1692 1320 A1FEFFEA 		b	.L116
 1693              	.L244:
 1694 1324 0B30A0E1 		mov	r3, fp
 1695 1328 40FFFFEA 		b	.L151
 1696              	.L418:
 1697 132c 0180A0E3 		mov	r8, #1
 1698 1330 6CFFFFEA 		b	.L134
 1699              	.L412:
 1700 1334 0180A0E3 		mov	r8, #1
 1701 1338 2FFDFFEA 		b	.L193
 1702              	.L411:
 1703 133c 0150A0E3 		mov	r5, #1
 1704 1340 C6FCFFEA 		b	.L205
 1705              	.L258:
 1706 1344 0B30A0E1 		mov	r3, fp
 1707 1348 FDFCFFEA 		b	.L209
 1708              	.L170:
 1709 134c 001182E0 		add	r1, r2, r0, lsl #2
 1710 1350 01C0A0E3 		mov	ip, #1
 1711 1354 18C08DE5 		str	ip, [sp, #24]
 1712 1358 04A091E5 		ldr	r10, [r1, #4]
 1713 135c DEFBFFEA 		b	.L236
 1714              	.L110:
 1715 1360 001182E0 		add	r1, r2, r0, lsl #2
 1716 1364 01C0A0E3 		mov	ip, #1
 1717 1368 1CC08DE5 		str	ip, [sp, #28]
 1718 136c 049091E5 		ldr	r9, [r1, #4]
 1719 1370 14FEFFEA 		b	.L225
 1720              		.fnend
 1722              		.section	.text._ZN6tflite15Register_GATHEREv,"ax",%progbits
 1723              		.align	2
 1724              		.global	_ZN6tflite15Register_GATHEREv
 1725              		.syntax unified
 1726              		.arm
 1727              		.fpu neon
 1729              	_ZN6tflite15Register_GATHEREv:
 1730              		.fnstart
 1731              	.LFB1144:
 1732              		@ args = 0, pretend = 0, frame = 0
 1733              		@ frame_needed = 0, uses_anonymous_args = 0
 1734 0000 00C000E3 		movw	ip, #:lower16:.LANCHOR0
 1735 0004 10402DE9 		push	{r4, lr}
 1736 0008 00C040E3 		movt	ip, #:upper16:.LANCHOR0
 1737 000c 0040A0E1 		mov	r4, r0
 1738 0010 00E0A0E1 		mov	lr, r0
 1739 0014 0F00BCE8 		ldmia	ip!, {r0, r1, r2, r3}
 1740 0018 0F00AEE8 		stmia	lr!, {r0, r1, r2, r3}
 1741 001c 0F009CE8 		ldm	ip, {r0, r1, r2, r3}
 1742 0020 0F008EE8 		stm	lr, {r0, r1, r2, r3}
 1743 0024 0400A0E1 		mov	r0, r4
 1744 0028 1080BDE8 		pop	{r4, pc}
 1745              		.cantunwind
 1746              		.fnend
 1748              		.section	.rodata
 1749              		.align	2
 1750              		.set	.LANCHOR0,. + 0
 1751              	.LC0:
 1752 0000 00000000 		.word	0
 1753 0004 00000000 		.word	0
 1754 0008 00000000 		.word	_ZN6tflite12_GLOBAL__N_17PrepareEP13TfLiteContextP10TfLiteNode
 1755 000c 00000000 		.word	_ZN6tflite12_GLOBAL__N_14EvalEP13TfLiteContextP10TfLiteNode
 1756 0010 00000000 		.word	0
 1757 0014 00000000 		.word	0
 1758 0018 00000000 		.word	0
 1759 001c 00000000 		.word	0
 1760              		.ident	"GCC: (GNU Tools for ARM Embedded Processors 6-2017-q2-update) 6.3.1 20170620 (release) [AR
DEFINED SYMBOLS
                            *ABS*:00000000 gather.cc
C:\Users\a5050395\AppData\Local\Temp\ccyAK7sv.s:14     .text._ZN6tflite12_GLOBAL__N_17PrepareEP13TfLiteContextP10TfLiteNode:00000000 $a
C:\Users\a5050395\AppData\Local\Temp\ccyAK7sv.s:19     .text._ZN6tflite12_GLOBAL__N_17PrepareEP13TfLiteContextP10TfLiteNode:00000000 _ZN6tflite12_GLOBAL__N_17PrepareEP13TfLiteContextP10TfLiteNode
.ARM.exidx.text._ZN6tflite12_GLOBAL__N_17PrepareEP13TfLiteContextP10TfLiteNode:00000000 $d
C:\Users\a5050395\AppData\Local\Temp\ccyAK7sv.s:368    .text._ZN6tflite12_GLOBAL__N_14EvalEP13TfLiteContextP10TfLiteNode:00000000 $a
C:\Users\a5050395\AppData\Local\Temp\ccyAK7sv.s:373    .text._ZN6tflite12_GLOBAL__N_14EvalEP13TfLiteContextP10TfLiteNode:00000000 _ZN6tflite12_GLOBAL__N_14EvalEP13TfLiteContextP10TfLiteNode
.ARM.exidx.text._ZN6tflite12_GLOBAL__N_14EvalEP13TfLiteContextP10TfLiteNode:00000000 $d
C:\Users\a5050395\AppData\Local\Temp\ccyAK7sv.s:1723   .text._ZN6tflite15Register_GATHEREv:00000000 $a
C:\Users\a5050395\AppData\Local\Temp\ccyAK7sv.s:1729   .text._ZN6tflite15Register_GATHEREv:00000000 _ZN6tflite15Register_GATHEREv
C:\Users\a5050395\AppData\Local\Temp\ccyAK7sv.s:1750   .rodata:00000000 .LANCHOR0
.ARM.exidx.text._ZN6tflite15Register_GATHEREv:00000000 $d
C:\Users\a5050395\AppData\Local\Temp\ccyAK7sv.s:1749   .rodata:00000000 $d

UNDEFINED SYMBOLS
_ZN6tflite12GetInputSafeEPK13TfLiteContextPK10TfLiteNodeiPPK12TfLiteTensor
_ZN6tflite13GetOutputSafeEPK13TfLiteContextPK10TfLiteNodeiPP12TfLiteTensor
_ZN6tflite5micro32CreateWritableTensorDimsWithCopyEP13TfLiteContextP12TfLiteTensorP16TfLiteEvalTensor
abort
__aeabi_unwind_cpp_pr0
memcpy
