   1              		.cpu cortex-a9
   2              		.eabi_attribute 28, 1
   3              		.eabi_attribute 20, 1
   4              		.eabi_attribute 21, 1
   5              		.eabi_attribute 23, 3
   6              		.eabi_attribute 24, 1
   7              		.eabi_attribute 25, 1
   8              		.eabi_attribute 26, 1
   9              		.eabi_attribute 30, 2
  10              		.eabi_attribute 34, 0
  11              		.eabi_attribute 18, 4
  12              		.file	"reshape.cc"
  13              		.section	.text._ZN6tflite3ops5micro7reshape4EvalEP13TfLiteContextP10TfLiteNode,"ax",%progbits
  14              		.align	2
  15              		.global	_ZN6tflite3ops5micro7reshape4EvalEP13TfLiteContextP10TfLiteNode
  16              		.syntax unified
  17              		.arm
  18              		.fpu neon
  20              	_ZN6tflite3ops5micro7reshape4EvalEP13TfLiteContextP10TfLiteNode:
  21              		.fnstart
  22              	.LFB6834:
  23              		@ args = 0, pretend = 0, frame = 8
  24              		@ frame_needed = 0, uses_anonymous_args = 0
  25 0000 70402DE9 		push	{r4, r5, r6, lr}
  26              		.save {r4, r5, r6, lr}
  27 0004 004050E2 		subs	r4, r0, #0
  28              		.pad #8
  29 0008 08D04DE2 		sub	sp, sp, #8
  30 000c 2D00000A 		beq	.L3
  31 0010 000051E3 		cmp	r1, #0
  32 0014 0160A0E1 		mov	r6, r1
  33 0018 2A00000A 		beq	.L3
  34 001c 002091E5 		ldr	r2, [r1]
  35 0020 543094E5 		ldr	r3, [r4, #84]
  36 0024 041092E5 		ldr	r1, [r2, #4]
  37 0028 33FF2FE1 		blx	r3
  38 002c 042096E5 		ldr	r2, [r6, #4]
  39 0030 0050A0E1 		mov	r5, r0
  40 0034 543094E5 		ldr	r3, [r4, #84]
  41 0038 0400A0E1 		mov	r0, r4
  42 003c 041092E5 		ldr	r1, [r2, #4]
  43 0040 33FF2FE1 		blx	r3
  44 0044 04108DE2 		add	r1, sp, #4
  45 0048 0060A0E1 		mov	r6, r0
  46 004c 0800D5E5 		ldrb	r0, [r5, #8]	@ zero_extendqisi2
  47 0050 FEFFFFEB 		bl	_ZN6tflite16TfLiteTypeSizeOfE10TfLiteTypePj
  48 0054 004050E2 		subs	r4, r0, #0
  49 0058 0400A011 		movne	r0, r4
  50 005c 0100000A 		beq	.L17
  51 0060 08D08DE2 		add	sp, sp, #8
  52              		@ sp needed
  53 0064 7080BDE8 		pop	{r4, r5, r6, pc}
  54              	.L17:
  55 0068 040095E5 		ldr	r0, [r5, #4]
  56 006c FEFFFFEB 		bl	_ZN6tflite12ElementCountERK14TfLiteIntArray
  57 0070 04309DE5 		ldr	r3, [sp, #4]
  58 0074 930000E0 		mul	r0, r3, r0
  59 0078 04008DE5 		str	r0, [sp, #4]
  60 007c 003095E5 		ldr	r3, [r5]
  61 0080 002096E5 		ldr	r2, [r6]
  62 0084 020053E1 		cmp	r3, r2
  63 0088 0B00000A 		beq	.L6
  64 008c 000050E3 		cmp	r0, #0
  65 0090 0900000A 		beq	.L6
  66 0094 0400A0E1 		mov	r0, r4
  67 0098 010000EA 		b	.L7
  68              	.L18:
  69 009c 002096E5 		ldr	r2, [r6]
  70 00a0 003095E5 		ldr	r3, [r5]
  71              	.L7:
  72 00a4 0030D3E7 		ldrb	r3, [r3, r0]	@ zero_extendqisi2
  73 00a8 0030C2E7 		strb	r3, [r2, r0]
  74 00ac 010080E2 		add	r0, r0, #1
  75 00b0 04309DE5 		ldr	r3, [sp, #4]
  76 00b4 000053E1 		cmp	r3, r0
  77 00b8 F7FFFF8A 		bhi	.L18
  78              	.L6:
  79 00bc 0000A0E3 		mov	r0, #0
  80 00c0 08D08DE2 		add	sp, sp, #8
  81              		@ sp needed
  82 00c4 7080BDE8 		pop	{r4, r5, r6, pc}
  83              	.L3:
  84 00c8 FEFFFFEB 		bl	abort
  85              		.fnend
  87              		.global	__aeabi_idiv
  88              		.section	.text._ZN6tflite3ops5micro7reshape13ReshapeOutputEP13TfLiteContextP10TfLiteNode,"ax",%pro
  89              		.align	2
  90              		.global	_ZN6tflite3ops5micro7reshape13ReshapeOutputEP13TfLiteContextP10TfLiteNode
  91              		.syntax unified
  92              		.arm
  93              		.fpu neon
  95              	_ZN6tflite3ops5micro7reshape13ReshapeOutputEP13TfLiteContextP10TfLiteNode:
  96              		.fnstart
  97              	.LFB6832:
  98              		@ args = 0, pretend = 0, frame = 24
  99              		@ frame_needed = 0, uses_anonymous_args = 0
 100 0000 F04F2DE9 		push	{r4, r5, r6, r7, r8, r9, r10, fp, lr}
 101              		.save {r4, r5, r6, r7, r8, r9, r10, fp, lr}
 102 0004 0020A0E3 		mov	r2, #0
 103              		.pad #28
 104 0008 1CD04DE2 		sub	sp, sp, #28
 105 000c 0040A0E1 		mov	r4, r0
 106 0010 04108DE5 		str	r1, [sp, #4]
 107 0014 FEFFFFEB 		bl	_ZN6tflite8GetInputEPK13TfLiteContextPK10TfLiteNodei
 108 0018 003050E2 		subs	r3, r0, #0
 109 001c 08308DE5 		str	r3, [sp, #8]
 110 0020 7400000A 		beq	.L22
 111 0024 0400A0E1 		mov	r0, r4
 112 0028 0020A0E3 		mov	r2, #0
 113 002c 04109DE5 		ldr	r1, [sp, #4]
 114 0030 FEFFFFEB 		bl	_ZN6tflite9GetOutputEP13TfLiteContextPK10TfLiteNodei
 115 0034 003050E2 		subs	r3, r0, #0
 116 0038 0C308DE5 		str	r3, [sp, #12]
 117 003c 6D00000A 		beq	.L22
 118 0040 08309DE5 		ldr	r3, [sp, #8]
 119 0044 083093E5 		ldr	r3, [r3, #8]
 120 0048 0320A0E1 		mov	r2, r3
 121 004c 10308DE5 		str	r3, [sp, #16]
 122 0050 003093E5 		ldr	r3, [r3]
 123 0054 000053E3 		cmp	r3, #0
 124 0058 14308DE5 		str	r3, [sp, #20]
 125 005c 870000DA 		ble	.L35
 126 0060 080053E3 		cmp	r3, #8
 127 0064 800000DA 		ble	.L36
 128 0068 093043E2 		sub	r3, r3, #9
 129 006c A4E082E2 		add	lr, r2, #164
 130 0070 0730C3E3 		bic	r3, r3, #7
 131 0074 0100A0E3 		mov	r0, #1
 132 0078 083083E2 		add	r3, r3, #8
 133 007c 0010A0E3 		mov	r1, #0
 134 0080 0080A0E3 		mov	r8, #0
 135 0084 0390A0E1 		mov	r9, r3
 136              	.L25:
 137 0088 A0201EE5 		ldr	r2, [lr, #-160]
 138 008c 088088E2 		add	r8, r8, #8
 139 0090 9C501EE5 		ldr	r5, [lr, #-156]
 140 0094 090058E1 		cmp	r8, r9
 141 0098 98601EE5 		ldr	r6, [lr, #-152]
 142 009c 94401EE5 		ldr	r4, [lr, #-148]
 143 00a0 920101E0 		mul	r1, r2, r1
 144 00a4 C2BFA0E1 		asr	fp, r2, #31
 145 00a8 90C01EE5 		ldr	ip, [lr, #-144]
 146 00ac 922083E0 		umull	r2, r3, r2, r0
 147 00b0 00F0DEF5 		pld	[lr]
 148 00b4 20E08EE2 		add	lr, lr, #32
 149 00b8 901B21E0 		mla	r1, r0, fp, r1
 150 00bc C5BFA0E1 		asr	fp, r5, #31
 151 00c0 033081E0 		add	r3, r1, r3
 152 00c4 950281E0 		umull	r0, r1, r5, r2
 153 00c8 950307E0 		mul	r7, r5, r3
 154 00cc C63FA0E1 		asr	r3, r6, #31
 155 00d0 927B27E0 		mla	r7, r2, fp, r7
 156 00d4 AC201EE5 		ldr	r2, [lr, #-172]
 157 00d8 C4BFA0E1 		asr	fp, r4, #31
 158 00dc 011087E0 		add	r1, r7, r1
 159 00e0 960105E0 		mul	r5, r6, r1
 160 00e4 CC1FA0E1 		asr	r1, ip, #31
 161 00e8 966087E0 		umull	r6, r7, r6, r0
 162 00ec 905325E0 		mla	r5, r0, r3, r5
 163 00f0 A8301EE5 		ldr	r3, [lr, #-168]
 164 00f4 A4001EE5 		ldr	r0, [lr, #-164]
 165 00f8 077085E0 		add	r7, r5, r7
 166 00fc 940705E0 		mul	r5, r4, r7
 167 0100 965B25E0 		mla	r5, r6, fp, r5
 168 0104 946687E0 		umull	r6, r7, r4, r6
 169 0108 C3BFA0E1 		asr	fp, r3, #31
 170 010c 077085E0 		add	r7, r5, r7
 171 0110 9C0704E0 		mul	r4, ip, r7
 172 0114 C27FA0E1 		asr	r7, r2, #31
 173 0118 964121E0 		mla	r1, r6, r1, r4
 174 011c 9C4685E0 		umull	r4, r5, ip, r6
 175 0120 055081E0 		add	r5, r1, r5
 176 0124 920501E0 		mul	r1, r2, r5
 177 0128 941721E0 		mla	r1, r4, r7, r1
 178 012c 924485E0 		umull	r4, r5, r2, r4
 179 0130 C07FA0E1 		asr	r7, r0, #31
 180 0134 055081E0 		add	r5, r1, r5
 181 0138 930502E0 		mul	r2, r3, r5
 182 013c 942B22E0 		mla	r2, r4, fp, r2
 183 0140 934485E0 		umull	r4, r5, r3, r4
 184 0144 055082E0 		add	r5, r2, r5
 185 0148 900503E0 		mul	r3, r0, r5
 186 014c 900481E0 		umull	r0, r1, r0, r4
 187 0150 943724E0 		mla	r4, r4, r7, r3
 188 0154 011084E0 		add	r1, r4, r1
 189 0158 CAFFFF1A 		bne	.L25
 190 015c 10309DE5 		ldr	r3, [sp, #16]
 191              	.L24:
 192 0160 018088E2 		add	r8, r8, #1
 193 0164 14C09DE5 		ldr	ip, [sp, #20]
 194 0168 08E183E0 		add	lr, r3, r8, lsl #2
 195              	.L26:
 196 016c 04209EE4 		ldr	r2, [lr], #4
 197 0170 08005CE1 		cmp	ip, r8
 198 0174 018088E2 		add	r8, r8, #1
 199 0178 C25FA0E1 		asr	r5, r2, #31
 200 017c 900503E0 		mul	r3, r0, r5
 201 0180 923123E0 		mla	r3, r2, r1, r3
 202 0184 900281E0 		umull	r0, r1, r0, r2
 203 0188 011083E0 		add	r1, r3, r1
 204 018c F6FFFFCA 		bgt	.L26
 205 0190 0060A0E1 		mov	r6, r0
 206              	.L23:
 207 0194 04309DE5 		ldr	r3, [sp, #4]
 208 0198 0C209DE5 		ldr	r2, [sp, #12]
 209 019c 003093E5 		ldr	r3, [r3]
 210 01a0 087092E5 		ldr	r7, [r2, #8]
 211 01a4 003093E5 		ldr	r3, [r3]
 212 01a8 00C097E5 		ldr	ip, [r7]
 213 01ac 010053E3 		cmp	r3, #1
 214 01b0 2600000A 		beq	.L48
 215              	.L28:
 216 01b4 00005CE3 		cmp	ip, #0
 217 01b8 320000DA 		ble	.L37
 218              	.L30:
 219 01bc 041087E2 		add	r1, r7, #4
 220 01c0 0030A0E3 		mov	r3, #0
 221 01c4 0050E0E3 		mvn	r5, #0
 222 01c8 0140A0E3 		mov	r4, #1
 223 01cc 030000EA 		b	.L34
 224              	.L32:
 225 01d0 920404E0 		mul	r4, r2, r4
 226              	.L33:
 227 01d4 013083E2 		add	r3, r3, #1
 228 01d8 0C0053E1 		cmp	r3, ip
 229 01dc 080000AA 		bge	.L49
 230              	.L34:
 231 01e0 042091E4 		ldr	r2, [r1], #4
 232 01e4 010072E3 		cmn	r2, #1
 233 01e8 F8FFFF1A 		bne	.L32
 234 01ec 010075E3 		cmn	r5, #1
 235 01f0 0350A0E1 		mov	r5, r3
 236 01f4 F6FFFF0A 		beq	.L33
 237              	.L22:
 238 01f8 0100A0E3 		mov	r0, #1
 239 01fc 1CD08DE2 		add	sp, sp, #28
 240              		@ sp needed
 241 0200 F08FBDE8 		pop	{r4, r5, r6, r7, r8, r9, r10, fp, pc}
 242              	.L49:
 243 0204 010075E3 		cmn	r5, #1
 244 0208 04C0A001 		moveq	ip, r4
 245 020c 0500000A 		beq	.L31
 246 0210 0410A0E1 		mov	r1, r4
 247 0214 0600A0E1 		mov	r0, r6
 248 0218 FEFFFFEB 		bl	__aeabi_idiv
 249 021c 90040CE0 		mul	ip, r0, r4
 250 0220 055187E0 		add	r5, r7, r5, lsl #2
 251 0224 040085E5 		str	r0, [r5, #4]
 252              	.L31:
 253 0228 08309DE5 		ldr	r3, [sp, #8]
 254 022c 0000D3E5 		ldrb	r0, [r3]	@ zero_extendqisi2
 255 0230 0C309DE5 		ldr	r3, [sp, #12]
 256 0234 0030D3E5 		ldrb	r3, [r3]	@ zero_extendqisi2
 257 0238 06005CE1 		cmp	ip, r6
 258 023c 03005001 		cmpeq	r0, r3
 259 0240 0100A013 		movne	r0, #1
 260 0244 0000A003 		moveq	r0, #0
 261 0248 1CD08DE2 		add	sp, sp, #28
 262              		@ sp needed
 263 024c F08FBDE8 		pop	{r4, r5, r6, r7, r8, r9, r10, fp, pc}
 264              	.L48:
 265 0250 01005CE3 		cmp	ip, #1
 266 0254 D6FFFF1A 		bne	.L28
 267 0258 043097E5 		ldr	r3, [r7, #4]
 268 025c 000053E3 		cmp	r3, #0
 269 0260 D5FFFF1A 		bne	.L30
 270 0264 003087E5 		str	r3, [r7]
 271 0268 EEFFFFEA 		b	.L31
 272              	.L36:
 273 026c 0100A0E3 		mov	r0, #1
 274 0270 0010A0E3 		mov	r1, #0
 275 0274 0080A0E3 		mov	r8, #0
 276 0278 0230A0E1 		mov	r3, r2
 277 027c B7FFFFEA 		b	.L24
 278              	.L35:
 279 0280 0160A0E3 		mov	r6, #1
 280 0284 C2FFFFEA 		b	.L23
 281              	.L37:
 282 0288 01C0A0E3 		mov	ip, #1
 283 028c E5FFFFEA 		b	.L31
 284              		.fnend
 286              		.section	.text._ZN6tflite3ops5micro7reshape7PrepareEP13TfLiteContextP10TfLiteNode,"ax",%progbits
 287              		.align	2
 288              		.global	_ZN6tflite3ops5micro7reshape7PrepareEP13TfLiteContextP10TfLiteNode
 289              		.syntax unified
 290              		.arm
 291              		.fpu neon
 293              	_ZN6tflite3ops5micro7reshape7PrepareEP13TfLiteContextP10TfLiteNode:
 294              		.fnstart
 295              	.LFB6833:
 296              		@ args = 0, pretend = 0, frame = 0
 297              		@ frame_needed = 0, uses_anonymous_args = 0
 298 0000 003091E5 		ldr	r3, [r1]
 299 0004 003093E5 		ldr	r3, [r3]
 300 0008 013043E2 		sub	r3, r3, #1
 301 000c 010053E3 		cmp	r3, #1
 302 0010 0100009A 		bls	.L63
 303              	.L55:
 304 0014 0100A0E3 		mov	r0, #1
 305 0018 1EFF2FE1 		bx	lr
 306              	.L63:
 307 001c 043091E5 		ldr	r3, [r1, #4]
 308 0020 003093E5 		ldr	r3, [r3]
 309 0024 010053E3 		cmp	r3, #1
 310 0028 F9FFFF1A 		bne	.L55
 311 002c 10402DE9 		push	{r4, lr}
 312              		.save {r4, lr}
 313 0030 FEFFFFEB 		bl	_ZN6tflite3ops5micro7reshape13ReshapeOutputEP13TfLiteContextP10TfLiteNode
 314 0034 000090E2 		adds	r0, r0, #0
 315 0038 0100A013 		movne	r0, #1
 316 003c 1080BDE8 		pop	{r4, pc}
 317              		.fnend
 319              		.section	.text._ZN6tflite3ops5micro16Register_RESHAPEEv,"ax",%progbits
 320              		.align	2
 321              		.global	_ZN6tflite3ops5micro16Register_RESHAPEEv
 322              		.syntax unified
 323              		.arm
 324              		.fpu neon
 326              	_ZN6tflite3ops5micro16Register_RESHAPEEv:
 327              		.fnstart
 328              	.LFB6835:
 329              		@ args = 0, pretend = 0, frame = 0
 330              		@ frame_needed = 0, uses_anonymous_args = 0
 331 0000 00C000E3 		movw	ip, #:lower16:.LANCHOR0
 332 0004 10402DE9 		push	{r4, lr}
 333 0008 00C040E3 		movt	ip, #:upper16:.LANCHOR0
 334 000c 0040A0E1 		mov	r4, r0
 335 0010 00E0A0E1 		mov	lr, r0
 336 0014 0F00BCE8 		ldmia	ip!, {r0, r1, r2, r3}
 337 0018 0F00AEE8 		stmia	lr!, {r0, r1, r2, r3}
 338 001c 0F009CE8 		ldm	ip, {r0, r1, r2, r3}
 339 0020 0F008EE8 		stm	lr, {r0, r1, r2, r3}
 340 0024 0400A0E1 		mov	r0, r4
 341 0028 1080BDE8 		pop	{r4, pc}
 342              		.cantunwind
 343              		.fnend
 345              		.weak	_ZN11flatbuffers25flatbuffer_version_stringE
 346              		.section	.rodata
 347              		.align	2
 348              		.set	.LANCHOR0,. + 0
 349              	.LC0:
 350 0000 00000000 		.word	0
 351 0004 00000000 		.word	0
 352 0008 00000000 		.word	_ZN6tflite3ops5micro7reshape7PrepareEP13TfLiteContextP10TfLiteNode
 353 000c 00000000 		.word	_ZN6tflite3ops5micro7reshape4EvalEP13TfLiteContextP10TfLiteNode
 354 0010 00000000 		.word	0
 355 0014 00000000 		.word	0
 356 0018 00000000 		.word	0
 357 001c 00000000 		.word	0
 358              		.section	.data._ZN11flatbuffers25flatbuffer_version_stringE,"aw",%progbits
 359              		.align	2
 362              	_ZN11flatbuffers25flatbuffer_version_stringE:
 363 0000 00000000 		.word	.LC1
 364              		.section	.rodata.str1.4,"aMS",%progbits,1
 365              		.align	2
 366              	.LC1:
 367 0000 466C6174 		.ascii	"FlatBuffers 1.12.0\000"
 367      42756666 
 367      65727320 
 367      312E3132 
 367      2E3000
 368              		.ident	"GCC: (GNU Tools for ARM Embedded Processors 6-2017-q2-update) 6.3.1 20170620 (release) [AR
DEFINED SYMBOLS
                            *ABS*:00000000 reshape.cc
C:\Users\a5050395\AppData\Local\Temp\ccAxuKGV.s:14     .text._ZN6tflite3ops5micro7reshape4EvalEP13TfLiteContextP10TfLiteNode:00000000 $a
C:\Users\a5050395\AppData\Local\Temp\ccAxuKGV.s:20     .text._ZN6tflite3ops5micro7reshape4EvalEP13TfLiteContextP10TfLiteNode:00000000 _ZN6tflite3ops5micro7reshape4EvalEP13TfLiteContextP10TfLiteNode
.ARM.exidx.text._ZN6tflite3ops5micro7reshape4EvalEP13TfLiteContextP10TfLiteNode:00000000 $d
C:\Users\a5050395\AppData\Local\Temp\ccAxuKGV.s:89     .text._ZN6tflite3ops5micro7reshape13ReshapeOutputEP13TfLiteContextP10TfLiteNode:00000000 $a
C:\Users\a5050395\AppData\Local\Temp\ccAxuKGV.s:95     .text._ZN6tflite3ops5micro7reshape13ReshapeOutputEP13TfLiteContextP10TfLiteNode:00000000 _ZN6tflite3ops5micro7reshape13ReshapeOutputEP13TfLiteContextP10TfLiteNode
.ARM.exidx.text._ZN6tflite3ops5micro7reshape13ReshapeOutputEP13TfLiteContextP10TfLiteNode:00000000 $d
C:\Users\a5050395\AppData\Local\Temp\ccAxuKGV.s:287    .text._ZN6tflite3ops5micro7reshape7PrepareEP13TfLiteContextP10TfLiteNode:00000000 $a
C:\Users\a5050395\AppData\Local\Temp\ccAxuKGV.s:293    .text._ZN6tflite3ops5micro7reshape7PrepareEP13TfLiteContextP10TfLiteNode:00000000 _ZN6tflite3ops5micro7reshape7PrepareEP13TfLiteContextP10TfLiteNode
.ARM.exidx.text._ZN6tflite3ops5micro7reshape7PrepareEP13TfLiteContextP10TfLiteNode:00000000 $d
C:\Users\a5050395\AppData\Local\Temp\ccAxuKGV.s:320    .text._ZN6tflite3ops5micro16Register_RESHAPEEv:00000000 $a
C:\Users\a5050395\AppData\Local\Temp\ccAxuKGV.s:326    .text._ZN6tflite3ops5micro16Register_RESHAPEEv:00000000 _ZN6tflite3ops5micro16Register_RESHAPEEv
C:\Users\a5050395\AppData\Local\Temp\ccAxuKGV.s:348    .rodata:00000000 .LANCHOR0
.ARM.exidx.text._ZN6tflite3ops5micro16Register_RESHAPEEv:00000000 $d
C:\Users\a5050395\AppData\Local\Temp\ccAxuKGV.s:362    .data._ZN11flatbuffers25flatbuffer_version_stringE:00000000 _ZN11flatbuffers25flatbuffer_version_stringE
C:\Users\a5050395\AppData\Local\Temp\ccAxuKGV.s:347    .rodata:00000000 $d
C:\Users\a5050395\AppData\Local\Temp\ccAxuKGV.s:359    .data._ZN11flatbuffers25flatbuffer_version_stringE:00000000 $d
C:\Users\a5050395\AppData\Local\Temp\ccAxuKGV.s:365    .rodata.str1.4:00000000 $d

UNDEFINED SYMBOLS
_ZN6tflite16TfLiteTypeSizeOfE10TfLiteTypePj
_ZN6tflite12ElementCountERK14TfLiteIntArray
abort
__aeabi_unwind_cpp_pr0
__aeabi_idiv
_ZN6tflite8GetInputEPK13TfLiteContextPK10TfLiteNodei
_ZN6tflite9GetOutputEP13TfLiteContextPK10TfLiteNodei
