   1              		.cpu cortex-a9
   2              		.eabi_attribute 28, 1
   3              		.eabi_attribute 20, 1
   4              		.eabi_attribute 21, 1
   5              		.eabi_attribute 23, 3
   6              		.eabi_attribute 24, 1
   7              		.eabi_attribute 25, 1
   8              		.eabi_attribute 26, 1
   9              		.eabi_attribute 30, 2
  10              		.eabi_attribute 34, 0
  11              		.eabi_attribute 18, 4
  12              		.file	"svdf.cc"
  13              		.section	.text._ZN6tflite12_GLOBAL__N_14InitEP13TfLiteContextPKcj,"ax",%progbits
  14              		.align	2
  15              		.syntax unified
  16              		.arm
  17              		.fpu neon
  19              	_ZN6tflite12_GLOBAL__N_14InitEP13TfLiteContextPKcj:
  20              		.fnstart
  21              	.LFB4177:
  22              		@ args = 0, pretend = 0, frame = 0
  23              		@ frame_needed = 0, uses_anonymous_args = 0
  24 0000 383090E5 		ldr	r3, [r0, #56]
  25 0004 000053E3 		cmp	r3, #0
  26 0008 0100000A 		beq	.L7
  27 000c 2010A0E3 		mov	r1, #32
  28 0010 13FF2FE1 		bx	r3
  29              	.L7:
  30 0014 10402DE9 		push	{r4, lr}
  31              		.save {r4, lr}
  32 0018 FEFFFFEB 		bl	abort
  33              		.fnend
  35              		.section	.text._ZN6tflite12_GLOBAL__N_14EvalEP13TfLiteContextP10TfLiteNode,"ax",%progbits
  36              		.align	2
  37              		.syntax unified
  38              		.arm
  39              		.fpu neon
  41              	_ZN6tflite12_GLOBAL__N_14EvalEP13TfLiteContextP10TfLiteNode:
  42              		.fnstart
  43              	.LFB4178:
  44              		@ args = 0, pretend = 0, frame = 8
  45              		@ frame_needed = 0, uses_anonymous_args = 0
  46 0000 F04F2DE9 		push	{r4, r5, r6, r7, r8, r9, r10, fp, lr}
  47              		.save {r4, r5, r6, r7, r8, r9, r10, fp, lr}
  48              		.pad #36
  49 0004 24D04DE2 		sub	sp, sp, #36
  50 0008 106091E5 		ldr	r6, [r1, #16]
  51 000c 14A091E5 		ldr	r10, [r1, #20]
  52 0010 000056E3 		cmp	r6, #0
  53 0014 6B00000A 		beq	.L10
  54 0018 003000E3 		movw	r3, #:lower16:_ZN6tflite16kSvdfInputTensorE
  55 001c 000050E3 		cmp	r0, #0
  56 0020 003040E3 		movt	r3, #:upper16:_ZN6tflite16kSvdfInputTensorE
  57 0024 0040A0E1 		mov	r4, r0
  58 0028 003093E5 		ldr	r3, [r3]
  59 002c 1C308DE5 		str	r3, [sp, #28]
  60 0030 6400000A 		beq	.L10
  61 0034 0150A0E1 		mov	r5, r1
  62 0038 0310A0E1 		mov	r1, r3
  63 003c 003095E5 		ldr	r3, [r5]
  64 0040 542090E5 		ldr	r2, [r0, #84]
  65 0044 013183E0 		add	r3, r3, r1, lsl #2
  66 0048 041093E5 		ldr	r1, [r3, #4]
  67 004c 32FF2FE1 		blx	r2
  68 0050 002000E3 		movw	r2, #:lower16:_ZN6tflite25kSvdfWeightsFeatureTensorE
  69 0054 003095E5 		ldr	r3, [r5]
  70 0058 002040E3 		movt	r2, #:upper16:_ZN6tflite25kSvdfWeightsFeatureTensorE
  71 005c 547094E5 		ldr	r7, [r4, #84]
  72 0060 002092E5 		ldr	r2, [r2]
  73 0064 0090A0E1 		mov	r9, r0
  74 0068 0400A0E1 		mov	r0, r4
  75 006c 023183E0 		add	r3, r3, r2, lsl #2
  76 0070 041093E5 		ldr	r1, [r3, #4]
  77 0074 37FF2FE1 		blx	r7
  78 0078 002000E3 		movw	r2, #:lower16:_ZN6tflite22kSvdfWeightsTimeTensorE
  79 007c 003095E5 		ldr	r3, [r5]
  80 0080 002040E3 		movt	r2, #:upper16:_ZN6tflite22kSvdfWeightsTimeTensorE
  81 0084 548094E5 		ldr	r8, [r4, #84]
  82 0088 002092E5 		ldr	r2, [r2]
  83 008c 0070A0E1 		mov	r7, r0
  84 0090 0400A0E1 		mov	r0, r4
  85 0094 023183E0 		add	r3, r3, r2, lsl #2
  86 0098 041093E5 		ldr	r1, [r3, #4]
  87 009c 38FF2FE1 		blx	r8
  88 00a0 003095E5 		ldr	r3, [r5]
  89 00a4 0080A0E1 		mov	r8, r0
  90 00a8 002093E5 		ldr	r2, [r3]
  91 00ac 050052E3 		cmp	r2, #5
  92 00b0 0020A013 		movne	r2, #0
  93 00b4 1C208D15 		strne	r2, [sp, #28]
  94 00b8 3700000A 		beq	.L23
  95              	.L11:
  96 00bc 001000E3 		movw	r1, #:lower16:_ZN6tflite31kSvdfInputActivationStateTensorE
  97 00c0 542094E5 		ldr	r2, [r4, #84]
  98 00c4 001040E3 		movt	r1, #:upper16:_ZN6tflite31kSvdfInputActivationStateTensorE
  99 00c8 0400A0E1 		mov	r0, r4
 100 00cc 001091E5 		ldr	r1, [r1]
 101 00d0 013183E0 		add	r3, r3, r1, lsl #2
 102 00d4 041093E5 		ldr	r1, [r3, #4]
 103 00d8 32FF2FE1 		blx	r2
 104 00dc 001000E3 		movw	r1, #:lower16:_ZN6tflite17kSvdfOutputTensorE
 105 00e0 043095E5 		ldr	r3, [r5, #4]
 106 00e4 001040E3 		movt	r1, #:upper16:_ZN6tflite17kSvdfOutputTensorE
 107 00e8 00B0A0E1 		mov	fp, r0
 108 00ec 001091E5 		ldr	r1, [r1]
 109 00f0 0400A0E1 		mov	r0, r4
 110 00f4 542094E5 		ldr	r2, [r4, #84]
 111 00f8 013183E0 		add	r3, r3, r1, lsl #2
 112 00fc 041093E5 		ldr	r1, [r3, #4]
 113 0100 32FF2FE1 		blx	r2
 114 0104 0830D7E5 		ldrb	r3, [r7, #8]	@ zero_extendqisi2
 115 0108 010053E3 		cmp	r3, #1
 116 010c 1200000A 		beq	.L13
 117 0110 090053E3 		cmp	r3, #9
 118 0114 0200000A 		beq	.L14
 119 0118 0100A0E3 		mov	r0, #1
 120 011c 24D08DE2 		add	sp, sp, #36
 121              		@ sp needed
 122 0120 F08FBDE8 		pop	{r4, r5, r6, r7, r8, r9, r10, fp, pc}
 123              	.L14:
 124 0124 1CC09DE5 		ldr	ip, [sp, #28]
 125 0128 0730A0E1 		mov	r3, r7
 126 012c 10008DE5 		str	r0, [sp, #16]
 127 0130 0920A0E1 		mov	r2, r9
 128 0134 0400A0E1 		mov	r0, r4
 129 0138 14608DE5 		str	r6, [sp, #20]
 130 013c 0CB08DE5 		str	fp, [sp, #12]
 131 0140 0510A0E1 		mov	r1, r5
 132 0144 08A08DE5 		str	r10, [sp, #8]
 133 0148 00118DE8 		stm	sp, {r8, ip}
 134 014c FEFFFFEB 		bl	_ZN6tflite24EvalIntegerSvdfReferenceEP13TfLiteContextP10TfLiteNodePK16TfLiteEvalTensorS6_S6_S6_
 135 0150 0000A0E3 		mov	r0, #0
 136 0154 24D08DE2 		add	sp, sp, #36
 137              		@ sp needed
 138 0158 F08FBDE8 		pop	{r4, r5, r6, r7, r8, r9, r10, fp, pc}
 139              	.L13:
 140 015c 14008DE5 		str	r0, [sp, #20]
 141 0160 0730A0E1 		mov	r3, r7
 142 0164 10B08DE5 		str	fp, [sp, #16]
 143 0168 0400A0E1 		mov	r0, r4
 144 016c 10C096E5 		ldr	ip, [r6, #16]
 145 0170 0920A0E1 		mov	r2, r9
 146 0174 1CE09DE5 		ldr	lr, [sp, #28]
 147 0178 0510A0E1 		mov	r1, r5
 148 017c 08A08DE5 		str	r10, [sp, #8]
 149 0180 0CC08DE5 		str	ip, [sp, #12]
 150 0184 04E08DE5 		str	lr, [sp, #4]
 151 0188 00808DE5 		str	r8, [sp]
 152 018c FEFFFFEB 		bl	_ZN6tflite22EvalFloatSvdfReferenceEP13TfLiteContextP10TfLiteNodePK16TfLiteEvalTensorS6_S6_S6_PK
 153 0190 0000A0E3 		mov	r0, #0
 154 0194 24D08DE2 		add	sp, sp, #36
 155              		@ sp needed
 156 0198 F08FBDE8 		pop	{r4, r5, r6, r7, r8, r9, r10, fp, pc}
 157              	.L23:
 158 019c 001000E3 		movw	r1, #:lower16:_ZN6tflite15kSvdfBiasTensorE
 159 01a0 542094E5 		ldr	r2, [r4, #84]
 160 01a4 001040E3 		movt	r1, #:upper16:_ZN6tflite15kSvdfBiasTensorE
 161 01a8 0400A0E1 		mov	r0, r4
 162 01ac 001091E5 		ldr	r1, [r1]
 163 01b0 013183E0 		add	r3, r3, r1, lsl #2
 164 01b4 041093E5 		ldr	r1, [r3, #4]
 165 01b8 32FF2FE1 		blx	r2
 166 01bc 003095E5 		ldr	r3, [r5]
 167 01c0 1C008DE5 		str	r0, [sp, #28]
 168 01c4 BCFFFFEA 		b	.L11
 169              	.L10:
 170 01c8 FEFFFFEB 		bl	abort
 171              		.fnend
 173              		.section	.text._ZN6tflite13Register_SVDFEv,"ax",%progbits
 174              		.align	2
 175              		.global	_ZN6tflite13Register_SVDFEv
 176              		.syntax unified
 177              		.arm
 178              		.fpu neon
 180              	_ZN6tflite13Register_SVDFEv:
 181              		.fnstart
 182              	.LFB4179:
 183              		@ args = 0, pretend = 0, frame = 0
 184              		@ frame_needed = 0, uses_anonymous_args = 0
 185 0000 00C000E3 		movw	ip, #:lower16:.LANCHOR0
 186 0004 10402DE9 		push	{r4, lr}
 187 0008 00C040E3 		movt	ip, #:upper16:.LANCHOR0
 188 000c 0040A0E1 		mov	r4, r0
 189 0010 00E0A0E1 		mov	lr, r0
 190 0014 0F00BCE8 		ldmia	ip!, {r0, r1, r2, r3}
 191 0018 0F00AEE8 		stmia	lr!, {r0, r1, r2, r3}
 192 001c 0F009CE8 		ldm	ip, {r0, r1, r2, r3}
 193 0020 0F008EE8 		stm	lr, {r0, r1, r2, r3}
 194 0024 0400A0E1 		mov	r0, r4
 195 0028 1080BDE8 		pop	{r4, pc}
 196              		.cantunwind
 197              		.fnend
 199              		.section	.rodata
 200              		.align	2
 201              		.set	.LANCHOR0,. + 0
 202              	.LC0:
 203 0000 00000000 		.word	_ZN6tflite12_GLOBAL__N_14InitEP13TfLiteContextPKcj
 204 0004 00000000 		.word	0
 205 0008 00000000 		.word	_ZN6tflite11PrepareSvdfEP13TfLiteContextP10TfLiteNode
 206 000c 00000000 		.word	_ZN6tflite12_GLOBAL__N_14EvalEP13TfLiteContextP10TfLiteNode
 207 0010 00000000 		.word	0
 208 0014 00000000 		.word	0
 209 0018 00000000 		.word	0
 210 001c 00000000 		.word	0
 211              		.ident	"GCC: (GNU Tools for ARM Embedded Processors 6-2017-q2-update) 6.3.1 20170620 (release) [AR
DEFINED SYMBOLS
                            *ABS*:00000000 svdf.cc
C:\Users\a5050395\AppData\Local\Temp\cc09IrjT.s:14     .text._ZN6tflite12_GLOBAL__N_14InitEP13TfLiteContextPKcj:00000000 $a
C:\Users\a5050395\AppData\Local\Temp\cc09IrjT.s:19     .text._ZN6tflite12_GLOBAL__N_14InitEP13TfLiteContextPKcj:00000000 _ZN6tflite12_GLOBAL__N_14InitEP13TfLiteContextPKcj
.ARM.exidx.text._ZN6tflite12_GLOBAL__N_14InitEP13TfLiteContextPKcj:00000000 $d
C:\Users\a5050395\AppData\Local\Temp\cc09IrjT.s:36     .text._ZN6tflite12_GLOBAL__N_14EvalEP13TfLiteContextP10TfLiteNode:00000000 $a
C:\Users\a5050395\AppData\Local\Temp\cc09IrjT.s:41     .text._ZN6tflite12_GLOBAL__N_14EvalEP13TfLiteContextP10TfLiteNode:00000000 _ZN6tflite12_GLOBAL__N_14EvalEP13TfLiteContextP10TfLiteNode
.ARM.exidx.text._ZN6tflite12_GLOBAL__N_14EvalEP13TfLiteContextP10TfLiteNode:00000000 $d
C:\Users\a5050395\AppData\Local\Temp\cc09IrjT.s:174    .text._ZN6tflite13Register_SVDFEv:00000000 $a
C:\Users\a5050395\AppData\Local\Temp\cc09IrjT.s:180    .text._ZN6tflite13Register_SVDFEv:00000000 _ZN6tflite13Register_SVDFEv
C:\Users\a5050395\AppData\Local\Temp\cc09IrjT.s:201    .rodata:00000000 .LANCHOR0
.ARM.exidx.text._ZN6tflite13Register_SVDFEv:00000000 $d
C:\Users\a5050395\AppData\Local\Temp\cc09IrjT.s:200    .rodata:00000000 $d

UNDEFINED SYMBOLS
abort
__aeabi_unwind_cpp_pr0
_ZN6tflite16kSvdfInputTensorE
_ZN6tflite25kSvdfWeightsFeatureTensorE
_ZN6tflite22kSvdfWeightsTimeTensorE
_ZN6tflite31kSvdfInputActivationStateTensorE
_ZN6tflite17kSvdfOutputTensorE
_ZN6tflite24EvalIntegerSvdfReferenceEP13TfLiteContextP10TfLiteNodePK16TfLiteEvalTensorS6_S6_S6_PK16TfLiteSVDFParamsPS4_SA_RKNS_6OpDataE
_ZN6tflite22EvalFloatSvdfReferenceEP13TfLiteContextP10TfLiteNodePK16TfLiteEvalTensorS6_S6_S6_PK16TfLiteSVDFParamsiPS4_SA_
_ZN6tflite15kSvdfBiasTensorE
_ZN6tflite11PrepareSvdfEP13TfLiteContextP10TfLiteNode
