   1              		.cpu cortex-a9
   2              		.eabi_attribute 28, 1
   3              		.eabi_attribute 20, 1
   4              		.eabi_attribute 21, 1
   5              		.eabi_attribute 23, 3
   6              		.eabi_attribute 24, 1
   7              		.eabi_attribute 25, 1
   8              		.eabi_attribute 26, 1
   9              		.eabi_attribute 30, 2
  10              		.eabi_attribute 34, 0
  11              		.eabi_attribute 18, 4
  12              		.file	"tensorflowlite_model_settings.cpp"
  13              		.global	CNN_result_int8
  14              		.global	CNN_result
  15              		.global	kCategoryLabels
  16              		.section	.bss.CNN_result,"aw",%nobits
  17              		.align	3
  20              	CNN_result:
  21 0000 00000000 		.space	156
  21      00000000 
  21      00000000 
  21      00000000 
  21      00000000 
  22              		.section	.bss.CNN_result_int8,"aw",%nobits
  23              		.align	3
  26              	CNN_result_int8:
  27 0000 00000000 		.space	39
  27      00000000 
  27      00000000 
  27      00000000 
  27      00000000 
  28              		.section	.data.kCategoryLabels,"aw",%progbits
  29              		.align	3
  32              	kCategoryLabels:
  33 0000 00000000 		.word	.LC0
  34 0004 04000000 		.word	.LC1
  35 0008 08000000 		.word	.LC2
  36 000c 0C000000 		.word	.LC3
  37 0010 10000000 		.word	.LC4
  38 0014 14000000 		.word	.LC5
  39 0018 18000000 		.word	.LC6
  40 001c 1C000000 		.word	.LC7
  41 0020 20000000 		.word	.LC8
  42 0024 24000000 		.word	.LC9
  43 0028 28000000 		.word	.LC10
  44 002c 2C000000 		.word	.LC11
  45 0030 30000000 		.word	.LC12
  46 0034 34000000 		.word	.LC13
  47 0038 38000000 		.word	.LC14
  48 003c 3C000000 		.word	.LC15
  49 0040 40000000 		.word	.LC16
  50 0044 44000000 		.word	.LC17
  51 0048 48000000 		.word	.LC18
  52 004c 4C000000 		.word	.LC19
  53 0050 50000000 		.word	.LC20
  54 0054 54000000 		.word	.LC21
  55 0058 58000000 		.word	.LC22
  56 005c 5C000000 		.word	.LC23
  57 0060 60000000 		.word	.LC24
  58 0064 64000000 		.word	.LC25
  59 0068 68000000 		.word	.LC26
  60 006c 6C000000 		.word	.LC27
  61 0070 70000000 		.word	.LC28
  62 0074 74000000 		.word	.LC29
  63 0078 78000000 		.word	.LC30
  64 007c 7C000000 		.word	.LC31
  65 0080 80000000 		.word	.LC32
  66 0084 84000000 		.word	.LC33
  67 0088 88000000 		.word	.LC34
  68 008c 8C000000 		.word	.LC35
  69 0090 90000000 		.word	.LC36
  70 0094 94000000 		.word	.LC37
  71 0098 98000000 		.word	.LC38
  72              		.section	.rodata.str1.4,"aMS",%progbits,1
  73              		.align	2
  74              	.LC0:
  75 0000 4100     		.ascii	"A\000"
  76 0002 0000     		.space	2
  77              	.LC1:
  78 0004 4200     		.ascii	"B\000"
  79 0006 0000     		.space	2
  80              	.LC2:
  81 0008 4300     		.ascii	"C\000"
  82 000a 0000     		.space	2
  83              	.LC3:
  84 000c 4400     		.ascii	"D\000"
  85 000e 0000     		.space	2
  86              	.LC4:
  87 0010 4500     		.ascii	"E\000"
  88 0012 0000     		.space	2
  89              	.LC5:
  90 0014 4600     		.ascii	"F\000"
  91 0016 0000     		.space	2
  92              	.LC6:
  93 0018 4700     		.ascii	"G\000"
  94 001a 0000     		.space	2
  95              	.LC7:
  96 001c 4800     		.ascii	"H\000"
  97 001e 0000     		.space	2
  98              	.LC8:
  99 0020 4900     		.ascii	"I\000"
 100 0022 0000     		.space	2
 101              	.LC9:
 102 0024 4A00     		.ascii	"J\000"
 103 0026 0000     		.space	2
 104              	.LC10:
 105 0028 4B00     		.ascii	"K\000"
 106 002a 0000     		.space	2
 107              	.LC11:
 108 002c 4C00     		.ascii	"L\000"
 109 002e 0000     		.space	2
 110              	.LC12:
 111 0030 4D00     		.ascii	"M\000"
 112 0032 0000     		.space	2
 113              	.LC13:
 114 0034 4E00     		.ascii	"N\000"
 115 0036 0000     		.space	2
 116              	.LC14:
 117 0038 4F00     		.ascii	"O\000"
 118 003a 0000     		.space	2
 119              	.LC15:
 120 003c 5000     		.ascii	"P\000"
 121 003e 0000     		.space	2
 122              	.LC16:
 123 0040 5100     		.ascii	"Q\000"
 124 0042 0000     		.space	2
 125              	.LC17:
 126 0044 5200     		.ascii	"R\000"
 127 0046 0000     		.space	2
 128              	.LC18:
 129 0048 5300     		.ascii	"S\000"
 130 004a 0000     		.space	2
 131              	.LC19:
 132 004c 5400     		.ascii	"T\000"
 133 004e 0000     		.space	2
 134              	.LC20:
 135 0050 5500     		.ascii	"U\000"
 136 0052 0000     		.space	2
 137              	.LC21:
 138 0054 5600     		.ascii	"V\000"
 139 0056 0000     		.space	2
 140              	.LC22:
 141 0058 5700     		.ascii	"W\000"
 142 005a 0000     		.space	2
 143              	.LC23:
 144 005c 5800     		.ascii	"X\000"
 145 005e 0000     		.space	2
 146              	.LC24:
 147 0060 5900     		.ascii	"Y\000"
 148 0062 0000     		.space	2
 149              	.LC25:
 150 0064 5A00     		.ascii	"Z\000"
 151 0066 0000     		.space	2
 152              	.LC26:
 153 0068 3000     		.ascii	"0\000"
 154 006a 0000     		.space	2
 155              	.LC27:
 156 006c 3100     		.ascii	"1\000"
 157 006e 0000     		.space	2
 158              	.LC28:
 159 0070 3200     		.ascii	"2\000"
 160 0072 0000     		.space	2
 161              	.LC29:
 162 0074 3300     		.ascii	"3\000"
 163 0076 0000     		.space	2
 164              	.LC30:
 165 0078 3400     		.ascii	"4\000"
 166 007a 0000     		.space	2
 167              	.LC31:
 168 007c 3500     		.ascii	"5\000"
 169 007e 0000     		.space	2
 170              	.LC32:
 171 0080 3600     		.ascii	"6\000"
 172 0082 0000     		.space	2
 173              	.LC33:
 174 0084 3700     		.ascii	"7\000"
 175 0086 0000     		.space	2
 176              	.LC34:
 177 0088 3800     		.ascii	"8\000"
 178 008a 0000     		.space	2
 179              	.LC35:
 180 008c 3900     		.ascii	"9\000"
 181 008e 0000     		.space	2
 182              	.LC36:
 183 0090 8000     		.ascii	"\200\000"
 184 0092 0000     		.space	2
 185              	.LC37:
 186 0094 8100     		.ascii	"\201\000"
 187 0096 0000     		.space	2
 188              	.LC38:
 189 0098 8200     		.ascii	"\202\000"
 190              		.ident	"GCC: (GNU Tools for ARM Embedded Processors 6-2017-q2-update) 6.3.1 20170620 (release) [AR
DEFINED SYMBOLS
                            *ABS*:00000000 tensorflowlite_model_settings.cpp
C:\Users\a5050395\AppData\Local\Temp\ccevOhUp.s:26     .bss.CNN_result_int8:00000000 CNN_result_int8
C:\Users\a5050395\AppData\Local\Temp\ccevOhUp.s:20     .bss.CNN_result:00000000 CNN_result
C:\Users\a5050395\AppData\Local\Temp\ccevOhUp.s:32     .data.kCategoryLabels:00000000 kCategoryLabels
C:\Users\a5050395\AppData\Local\Temp\ccevOhUp.s:17     .bss.CNN_result:00000000 $d
C:\Users\a5050395\AppData\Local\Temp\ccevOhUp.s:23     .bss.CNN_result_int8:00000000 $d
C:\Users\a5050395\AppData\Local\Temp\ccevOhUp.s:29     .data.kCategoryLabels:00000000 $d
C:\Users\a5050395\AppData\Local\Temp\ccevOhUp.s:73     .rodata.str1.4:00000000 $d

NO UNDEFINED SYMBOLS
