   1              		.cpu cortex-a9
   2              		.eabi_attribute 28, 1
   3              		.eabi_attribute 20, 1
   4              		.eabi_attribute 21, 1
   5              		.eabi_attribute 23, 3
   6              		.eabi_attribute 24, 1
   7              		.eabi_attribute 25, 1
   8              		.eabi_attribute 26, 1
   9              		.eabi_attribute 30, 1
  10              		.eabi_attribute 34, 0
  11              		.eabi_attribute 18, 4
  12              		.file	"init.c"
  13              		.text
  14              	.Ltext0:
  15              		.cfi_sections	.debug_frame
  16              		.section	.text.__libc_init_array,"ax",%progbits
  17              		.align	2
  18              		.global	__libc_init_array
  19              		.syntax unified
  20              		.arm
  21              		.fpu neon
  23              	__libc_init_array:
  24              	.LFB0:
  25              		.file 1 "../generate/compiler/init/init.c"
   1:../generate/compiler/init/init.c **** /*******************************************************************************
   2:../generate/compiler/init/init.c **** * DISCLAIMER
   3:../generate/compiler/init/init.c **** * This software is supplied by Renesas Electronics Corporation and is only
   4:../generate/compiler/init/init.c **** * intended for use with Renesas products. No other uses are authorized. This
   5:../generate/compiler/init/init.c **** * software is owned by Renesas Electronics Corporation and is protected under
   6:../generate/compiler/init/init.c **** * all applicable laws, including copyright laws.
   7:../generate/compiler/init/init.c **** * THIS SOFTWARE IS PROVIDED "AS IS" AND RENESAS MAKES NO WARRANTIES REGARDING
   8:../generate/compiler/init/init.c **** * THIS SOFTWARE, WHETHER EXPRESS, IMPLIED OR STATUTORY, INCLUDING BUT NOT
   9:../generate/compiler/init/init.c **** * LIMITED TO WARRANTIES OF MERCHANTABILITY, FITNESS FOR A PARTICULAR PURPOSE
  10:../generate/compiler/init/init.c **** * AND NON-INFRINGEMENT. ALL SUCH WARRANTIES ARE EXPRESSLY DISCLAIMED.
  11:../generate/compiler/init/init.c **** * TO THE MAXIMUM EXTENT PERMITTED NOT PROHIBITED BY LAW, NEITHER RENESAS
  12:../generate/compiler/init/init.c **** * ELECTRONICS CORPORATION NOR ANY OF ITS AFFILIATED COMPANIES SHALL BE LIABLE
  13:../generate/compiler/init/init.c **** * FOR ANY DIRECT, INDIRECT, SPECIAL, INCIDENTAL OR CONSEQUENTIAL DAMAGES FOR
  14:../generate/compiler/init/init.c **** * ANY REASON RELATED TO THIS SOFTWARE, EVEN IF RENESAS OR ITS AFFILIATES HAVE
  15:../generate/compiler/init/init.c **** * BEEN ADVISED OF THE POSSIBILITY OF SUCH DAMAGES.
  16:../generate/compiler/init/init.c **** * Renesas reserves the right, without notice, to make changes to this software
  17:../generate/compiler/init/init.c **** * and to discontinue the availability of this software. By using this software,
  18:../generate/compiler/init/init.c **** * you agree to the additional terms and conditions found by accessing the
  19:../generate/compiler/init/init.c **** * following link:
  20:../generate/compiler/init/init.c **** * http://www.renesas.com/disclaimer
  21:../generate/compiler/init/init.c **** * Copyright (C) 2018 Renesas Electronics Corporation. All rights reserved.
  22:../generate/compiler/init/init.c **** *******************************************************************************/
  23:../generate/compiler/init/init.c **** /*******************************************************************************
  24:../generate/compiler/init/init.c **** * File Name : init.c
  25:../generate/compiler/init/init.c **** * Description :
  26:../generate/compiler/init/init.c **** ******************************************************************************/
  27:../generate/compiler/init/init.c **** /*
  28:../generate/compiler/init/init.c ****  * Copyright (C) 2004 CodeSourcery, LLC
  29:../generate/compiler/init/init.c ****  *
  30:../generate/compiler/init/init.c ****  * Permission to use, copy, modify, and distribute this file
  31:../generate/compiler/init/init.c ****  * for any purpose is hereby granted without fee, provided that
  32:../generate/compiler/init/init.c ****  * the above copyright notice and this notice appears in all
  33:../generate/compiler/init/init.c ****  * copies.
  34:../generate/compiler/init/init.c ****  *
  35:../generate/compiler/init/init.c ****  * This file is distributed WITHOUT ANY WARRANTY; without even the implied
  36:../generate/compiler/init/init.c ****  * warranty of MERCHANTABILITY or FITNESS FOR A PARTICULAR PURPOSE.
  37:../generate/compiler/init/init.c ****  */
  38:../generate/compiler/init/init.c **** 
  39:../generate/compiler/init/init.c **** /* Handle ELF .{pre_init,init,fini}_array sections.  */
  40:../generate/compiler/init/init.c **** #include <sys/types.h>
  41:../generate/compiler/init/init.c **** 
  42:../generate/compiler/init/init.c **** //#ifdef HAVE_INITFINI_ARRAY
  43:../generate/compiler/init/init.c **** 
  44:../generate/compiler/init/init.c **** /* These magic symbols are provided by the linker.  */
  45:../generate/compiler/init/init.c **** extern void (*__preinit_array_start []) (void) __attribute__((weak));
  46:../generate/compiler/init/init.c **** extern void (*__preinit_array_end []) (void) __attribute__((weak));
  47:../generate/compiler/init/init.c **** extern void (*__init_array_start []) (void) __attribute__((weak));
  48:../generate/compiler/init/init.c **** extern void (*__init_array_end []) (void) __attribute__((weak));
  49:../generate/compiler/init/init.c **** 
  50:../generate/compiler/init/init.c **** extern void _init (void);
  51:../generate/compiler/init/init.c **** extern void __libc_init_array (void);
  52:../generate/compiler/init/init.c **** 
  53:../generate/compiler/init/init.c **** /* Iterate over all the init routines.  */
  54:../generate/compiler/init/init.c **** void __libc_init_array (void)
  55:../generate/compiler/init/init.c **** {
  26              		.loc 1 55 0
  27              		.cfi_startproc
  28              		@ args = 0, pretend = 0, frame = 0
  29              		@ frame_needed = 0, uses_anonymous_args = 0
  30 0000 70402DE9 		push	{r4, r5, r6, lr}
  31              		.cfi_def_cfa_offset 16
  32              		.cfi_offset 4, -16
  33              		.cfi_offset 5, -12
  34              		.cfi_offset 6, -8
  35              		.cfi_offset 14, -4
  56:../generate/compiler/init/init.c ****   size_t count;
  57:../generate/compiler/init/init.c ****   size_t i;
  58:../generate/compiler/init/init.c **** 
  59:../generate/compiler/init/init.c ****   count = (size_t)(__preinit_array_end - __preinit_array_start);
  36              		.loc 1 59 0
  37 0004 005000E3 		movw	r5, #:lower16:__preinit_array_end
  38 0008 005040E3 		movt	r5, #:upper16:__preinit_array_end
  39 000c 003000E3 		movw	r3, #:lower16:__preinit_array_start
  40 0010 003040E3 		movt	r3, #:upper16:__preinit_array_start
  41 0014 035045E0 		sub	r5, r5, r3
  42 0018 4551A0E1 		asr	r5, r5, #2
  43              	.LVL0:
  60:../generate/compiler/init/init.c ****   for (i = 0; i < count; i++)
  44              		.loc 1 60 0
  45 001c 0040A0E3 		mov	r4, #0
  46 0020 040000EA 		b	.L2
  47              	.LVL1:
  48              	.L3:
  61:../generate/compiler/init/init.c ****     __preinit_array_start[i] ();
  49              		.loc 1 61 0 discriminator 3
  50 0024 003000E3 		movw	r3, #:lower16:__preinit_array_start
  51 0028 003040E3 		movt	r3, #:upper16:__preinit_array_start
  52 002c 043193E7 		ldr	r3, [r3, r4, lsl #2]
  53 0030 33FF2FE1 		blx	r3
  54              	.LVL2:
  60:../generate/compiler/init/init.c ****   for (i = 0; i < count; i++)
  55              		.loc 1 60 0 discriminator 3
  56 0034 014084E2 		add	r4, r4, #1
  57              	.LVL3:
  58              	.L2:
  60:../generate/compiler/init/init.c ****   for (i = 0; i < count; i++)
  59              		.loc 1 60 0 is_stmt 0 discriminator 1
  60 0038 050054E1 		cmp	r4, r5
  61 003c F8FFFF3A 		bcc	.L3
  62:../generate/compiler/init/init.c **** 
  63:../generate/compiler/init/init.c ****   //_init ();
  64:../generate/compiler/init/init.c **** 
  65:../generate/compiler/init/init.c ****   count = (size_t)(__init_array_end - __init_array_start);
  62              		.loc 1 65 0 is_stmt 1
  63 0040 005000E3 		movw	r5, #:lower16:__init_array_end
  64              	.LVL4:
  65 0044 005040E3 		movt	r5, #:upper16:__init_array_end
  66 0048 003000E3 		movw	r3, #:lower16:__init_array_start
  67 004c 003040E3 		movt	r3, #:upper16:__init_array_start
  68 0050 035045E0 		sub	r5, r5, r3
  69 0054 4551A0E1 		asr	r5, r5, #2
  70              	.LVL5:
  66:../generate/compiler/init/init.c ****   for (i = 0; i < count; i++)
  71              		.loc 1 66 0
  72 0058 0040A0E3 		mov	r4, #0
  73 005c 040000EA 		b	.L4
  74              	.LVL6:
  75              	.L5:
  67:../generate/compiler/init/init.c ****     __init_array_start[i] ();
  76              		.loc 1 67 0 discriminator 3
  77 0060 003000E3 		movw	r3, #:lower16:__init_array_start
  78 0064 003040E3 		movt	r3, #:upper16:__init_array_start
  79 0068 043193E7 		ldr	r3, [r3, r4, lsl #2]
  80 006c 33FF2FE1 		blx	r3
  81              	.LVL7:
  66:../generate/compiler/init/init.c ****   for (i = 0; i < count; i++)
  82              		.loc 1 66 0 discriminator 3
  83 0070 014084E2 		add	r4, r4, #1
  84              	.LVL8:
  85              	.L4:
  66:../generate/compiler/init/init.c ****   for (i = 0; i < count; i++)
  86              		.loc 1 66 0 is_stmt 0 discriminator 1
  87 0074 050054E1 		cmp	r4, r5
  88 0078 F8FFFF3A 		bcc	.L5
  68:../generate/compiler/init/init.c **** }
  89              		.loc 1 68 0 is_stmt 1
  90 007c 7080BDE8 		pop	{r4, r5, r6, pc}
  91              		.cfi_endproc
  92              	.LFE0:
  94              		.weak	__init_array_start
  95              		.weak	__init_array_end
  96              		.weak	__preinit_array_start
  97              		.weak	__preinit_array_end
  98              		.text
  99              	.Letext0:
 100              		.file 2 "c:\\program files (x86)\\gnu tools arm embedded\\6 2017-q2-update\\lib\\gcc\\arm-none-eab
DEFINED SYMBOLS
                            *ABS*:00000000 init.c
C:\Users\a5050395\AppData\Local\Temp\cchfuXw7.s:17     .text.__libc_init_array:00000000 $a
C:\Users\a5050395\AppData\Local\Temp\cchfuXw7.s:23     .text.__libc_init_array:00000000 __libc_init_array
                     .debug_frame:00000010 $d
                           .group:00000000 wm4.0.14fc17be114e5a2cba0959c511ea2aaf
                           .group:00000000 wm4._newlib_version.h.4.3572908597b70d672d181fc7fc501c19
                           .group:00000000 wm4.newlib.h.21.59901f4bf241ab46c63694665baa7297
                           .group:00000000 wm4.features.h.22.5cdadbb3efe495d1c9e38350b8c376c7
                           .group:00000000 wm4.config.h.219.65a553ab5bef5482f0d7880b0d33015e
                           .group:00000000 wm4._ansi.h.23.9f8fcfa20193763fcf364fb91705c94b
                           .group:00000000 wm4._default_types.h.6.959254cf5f09734ea7516c89e8bb21bd
                           .group:00000000 wm4.stddef.h.39.a38874c8f8a57e66301090908ec2a69f
                           .group:00000000 wm4.cdefs.h.47.e658329a094974ebad41b40c60502de7
                           .group:00000000 wm4.types.h.40.e8c16e7ec36ba55f133d0616070e25fc
                           .group:00000000 wm4.lock.h.2.1461d1fff82dffe8bfddc23307f6484f
                           .group:00000000 wm4._types.h.125.5cf8a495f1f7ef36777ad868a1e32068
                           .group:00000000 wm4.stddef.h.161.5349cb105733e8777bfb0cf53c4e3f34
                           .group:00000000 wm4._types.h.183.c226d164ceca1f2ecb9ae9360c54a098
                           .group:00000000 wm4._stdint.h.10.c24fa3af3bc1706662bb5593a907e841
                           .group:00000000 wm4._endian.h.31.65a10590763c3dde1ac4a7f66d7d4891
                           .group:00000000 wm4.endian.h.9.49f3a4695c1b61e8a0808de3c4a106cb
                           .group:00000000 wm4._timeval.h.30.0e8bfd94e85db17dda3286ee81496fe6
                           .group:00000000 wm4.timespec.h.41.d855182eb0e690443ab8651bcedca6e1
                           .group:00000000 wm4.select.h.30.bbece7fa40993a78092dcc5805132560
                           .group:00000000 wm4.types.h.69.ed3eae3cf73030a737515151ebcab7a1

UNDEFINED SYMBOLS
__preinit_array_end
__preinit_array_start
__init_array_end
__init_array_start
