   1              		.cpu cortex-a9
   2              		.eabi_attribute 28, 1
   3              		.eabi_attribute 20, 1
   4              		.eabi_attribute 21, 1
   5              		.eabi_attribute 23, 3
   6              		.eabi_attribute 24, 1
   7              		.eabi_attribute 25, 1
   8              		.eabi_attribute 26, 1
   9              		.eabi_attribute 30, 2
  10              		.eabi_attribute 34, 0
  11              		.eabi_attribute 18, 4
  12              		.file	"fully_connected.cc"
  13              		.section	.text._ZN6tflite12_GLOBAL__N_14InitEP13TfLiteContextPKcj,"ax",%progbits
  14              		.align	2
  15              		.syntax unified
  16              		.arm
  17              		.fpu neon
  19              	_ZN6tflite12_GLOBAL__N_14InitEP13TfLiteContextPKcj:
  20              		.fnstart
  21              	.LFB4328:
  22              		@ args = 0, pretend = 0, frame = 0
  23              		@ frame_needed = 0, uses_anonymous_args = 0
  24 0000 383090E5 		ldr	r3, [r0, #56]
  25 0004 000053E3 		cmp	r3, #0
  26 0008 0100000A 		beq	.L7
  27 000c 2410A0E3 		mov	r1, #36
  28 0010 13FF2FE1 		bx	r3
  29              	.L7:
  30 0014 10402DE9 		push	{r4, lr}
  31              		.save {r4, lr}
  32 0018 FEFFFFEB 		bl	abort
  33              		.fnend
  35              		.section	.text._ZN6tflite12_GLOBAL__N_117EvalQuantizedInt8EP13TfLiteContextP10TfLiteNodeRKNS0_6OpD
  36              		.align	2
  37              		.syntax unified
  38              		.arm
  39              		.fpu neon
  41              	_ZN6tflite12_GLOBAL__N_117EvalQuantizedInt8EP13TfLiteContextP10TfLiteNodeRKNS0_6OpDataEPK16TfLiteEv
  42              		.fnstart
  43              	.LFB4826:
  44              		@ args = 8, pretend = 0, frame = 176
  45              		@ frame_needed = 0, uses_anonymous_args = 0
  46 0000 F04F2DE9 		push	{r4, r5, r6, r7, r8, r9, r10, fp, lr}
  47              		.save {r4, r5, r6, r7, r8, r9, r10, fp, lr}
  48              		.pad #212
  49 0004 D4D04DE2 		sub	sp, sp, #212
  50 0008 FC509DE5 		ldr	r5, [sp, #252]
  51 000c 00B0A0E1 		mov	fp, r0
  52 0010 0140A0E1 		mov	r4, r1
  53 0014 88008DE2 		add	r0, sp, #136
  54 0018 0360A0E1 		mov	r6, r3
  55 001c 0270A0E1 		mov	r7, r2
  56 0020 0510A0E1 		mov	r1, r5
  57              	.LEHB0:
  58 0024 FEFFFFEB 		bl	_ZN6tflite5micro14GetTensorShapeEPK16TfLiteEvalTensor
  59              	.LEHE0:
  60 0028 88309DE5 		ldr	r3, [sp, #136]
  61 002c 020053E3 		cmp	r3, #2
  62 0030 8600001A 		bne	.L51
  63 0034 0610A0E1 		mov	r1, r6
  64 0038 A0008DE2 		add	r0, sp, #160
  65 003c 8C909DE5 		ldr	r9, [sp, #140]
  66 0040 90809DE5 		ldr	r8, [sp, #144]
  67              	.LEHB1:
  68 0044 FEFFFFEB 		bl	_ZN6tflite5micro14GetTensorShapeEPK16TfLiteEvalTensor
  69              	.LEHE1:
  70 0048 A0309DE5 		ldr	r3, [sp, #160]
  71 004c 012053E2 		subs	r2, r3, #1
  72 0050 8200004A 		bmi	.L52
  73 0054 050053E3 		cmp	r3, #5
  74 0058 0710A0E1 		mov	r1, r7
  75 005c A4309DC5 		ldrgt	r3, [sp, #164]
  76 0060 D0308DD2 		addle	r3, sp, #208
  77 0064 022183D0 		addle	r2, r3, r2, lsl #2
  78 0068 B8008DE2 		add	r0, sp, #184
  79 006c 02A193C7 		ldrgt	r10, [r3, r2, lsl #2]
  80 0070 2CA012D5 		ldrle	r10, [r2, #-44]
  81              	.LEHB2:
  82 0074 FEFFFFEB 		bl	_ZN6tflite5micro14GetTensorShapeEPK16TfLiteEvalTensor
  83              	.LEHE2:
  84 0078 140094E5 		ldr	r0, [r4, #20]
  85 007c 0130A0E3 		mov	r3, #1
  86 0080 182094E5 		ldr	r2, [r4, #24]
  87 0084 00C0A0E3 		mov	ip, #0
  88 0088 201094E5 		ldr	r1, [r4, #32]
  89 008c 000060E2 		rsb	r0, r0, #0
  90 0090 1100C0F2 		vmov.i32	d16, #0x1  @ v2si
  91 0094 002062E2 		rsb	r2, r2, #0
  92 0098 74008DE5 		str	r0, [sp, #116]
  93 009c 78208DE5 		str	r2, [sp, #120]
  94 00a0 000051E3 		cmp	r1, #0
  95 00a4 1C0094E5 		ldr	r0, [r4, #28]
  96 00a8 082094E5 		ldr	r2, [r4, #8]
  97 00ac 0CE094E5 		ldr	lr, [r4, #12]
  98 00b0 7C008DE5 		str	r0, [sp, #124]
  99 00b4 80208DE5 		str	r2, [sp, #128]
 100 00b8 050094E8 		ldm	r4, {r0, r2}
 101 00bc 44908DE5 		str	r9, [sp, #68]
 102 00c0 50A08DE5 		str	r10, [sp, #80]
 103 00c4 54A08DE5 		str	r10, [sp, #84]
 104 00c8 60808DE5 		str	r8, [sp, #96]
 105 00cc 3C808DE5 		str	r8, [sp, #60]
 106 00d0 64908DE5 		str	r9, [sp, #100]
 107 00d4 70808DE5 		str	r8, [sp, #112]
 108 00d8 84E08DE5 		str	lr, [sp, #132]
 109 00dc 20008DE5 		str	r0, [sp, #32]
 110 00e0 24208DE5 		str	r2, [sp, #36]
 111 00e4 0C0BCDED 		vstr	d16, [sp, #48]
 112 00e8 48308DE5 		str	r3, [sp, #72]
 113 00ec 4C308DE5 		str	r3, [sp, #76]
 114 00f0 58308DE5 		str	r3, [sp, #88]
 115 00f4 5C308DE5 		str	r3, [sp, #92]
 116 00f8 38308DE5 		str	r3, [sp, #56]
 117 00fc 68308DE5 		str	r3, [sp, #104]
 118 0100 6C308DE5 		str	r3, [sp, #108]
 119 0104 28C08DE5 		str	ip, [sp, #40]
 120 0108 2CC08DE5 		str	ip, [sp, #44]
 121 010c 030000BA 		blt	.L13
 122 0110 44309BE5 		ldr	r3, [fp, #68]
 123 0114 0B00A0E1 		mov	r0, fp
 124              	.LEHB3:
 125 0118 33FF2FE1 		blx	r3
 126 011c 28008DE5 		str	r0, [sp, #40]
 127              	.L13:
 128 0120 000057E3 		cmp	r7, #0
 129 0124 4C00000A 		beq	.L53
 130 0128 000056E3 		cmp	r6, #0
 131 012c 001097E5 		ldr	r1, [r7]
 132 0130 4800000A 		beq	.L54
 133 0134 F8309DE5 		ldr	r3, [sp, #248]
 134 0138 002096E5 		ldr	r2, [r6]
 135 013c 000053E3 		cmp	r3, #0
 136 0140 2B00000A 		beq	.L55
 137 0144 000055E3 		cmp	r5, #0
 138 0148 003093E5 		ldr	r3, [r3]
 139 014c 00509515 		ldrne	r5, [r5]
 140 0150 64008DE2 		add	r0, sp, #100
 141 0154 30E08DE2 		add	lr, sp, #48
 142 0158 54C08DE2 		add	ip, sp, #84
 143 015c 10308DE5 		str	r3, [sp, #16]
 144 0160 44308DE2 		add	r3, sp, #68
 145 0164 08208DE5 		str	r2, [sp, #8]
 146 0168 20208DE2 		add	r2, sp, #32
 147 016c 00108DE5 		str	r1, [sp]
 148 0170 74108DE2 		add	r1, sp, #116
 149 0174 14008DE5 		str	r0, [sp, #20]
 150 0178 28008DE2 		add	r0, sp, #40
 151 017c 18508DE5 		str	r5, [sp, #24]
 152 0180 0CE08DE5 		str	lr, [sp, #12]
 153 0184 04C08DE5 		str	ip, [sp, #4]
 154 0188 FEFFFFEB 		bl	arm_fully_connected_s8
 155 018c B8309DE5 		ldr	r3, [sp, #184]
 156 0190 004090E2 		adds	r4, r0, #0
 157 0194 0140A013 		movne	r4, #1
 158 0198 050053E3 		cmp	r3, #5
 159 019c 030000DA 		ble	.L18
 160 01a0 BC009DE5 		ldr	r0, [sp, #188]
 161 01a4 000050E3 		cmp	r0, #0
 162 01a8 0000000A 		beq	.L18
 163 01ac FEFFFFEB 		bl	_ZdaPv
 164              	.L18:
 165 01b0 A0309DE5 		ldr	r3, [sp, #160]
 166 01b4 050053E3 		cmp	r3, #5
 167 01b8 030000DA 		ble	.L19
 168 01bc A4009DE5 		ldr	r0, [sp, #164]
 169 01c0 000050E3 		cmp	r0, #0
 170 01c4 0000000A 		beq	.L19
 171 01c8 FEFFFFEB 		bl	_ZdaPv
 172              	.L19:
 173 01cc 88309DE5 		ldr	r3, [sp, #136]
 174 01d0 050053E3 		cmp	r3, #5
 175 01d4 030000DA 		ble	.L31
 176 01d8 8C009DE5 		ldr	r0, [sp, #140]
 177 01dc 000050E3 		cmp	r0, #0
 178 01e0 0000000A 		beq	.L31
 179 01e4 FEFFFFEB 		bl	_ZdaPv
 180              	.L31:
 181 01e8 0400A0E1 		mov	r0, r4
 182 01ec D4D08DE2 		add	sp, sp, #212
 183              		@ sp needed
 184 01f0 F08FBDE8 		pop	{r4, r5, r6, r7, r8, r9, r10, fp, pc}
 185              	.L55:
 186 01f4 FEFFFFEB 		bl	abort
 187              	.LEHE3:
 188              	.L30:
 189 01f8 B8309DE5 		ldr	r3, [sp, #184]
 190 01fc 050053E3 		cmp	r3, #5
 191 0200 030000DA 		ble	.L23
 192 0204 BC009DE5 		ldr	r0, [sp, #188]
 193 0208 000050E3 		cmp	r0, #0
 194 020c 0000000A 		beq	.L23
 195 0210 FEFFFFEB 		bl	_ZdaPv
 196              	.L23:
 197 0214 A0309DE5 		ldr	r3, [sp, #160]
 198 0218 050053E3 		cmp	r3, #5
 199 021c 030000DA 		ble	.L25
 200 0220 A4009DE5 		ldr	r0, [sp, #164]
 201 0224 000050E3 		cmp	r0, #0
 202 0228 0000000A 		beq	.L25
 203 022c FEFFFFEB 		bl	_ZdaPv
 204              	.L25:
 205 0230 88309DE5 		ldr	r3, [sp, #136]
 206 0234 050053E3 		cmp	r3, #5
 207 0238 030000DA 		ble	.L26
 208 023c 8C009DE5 		ldr	r0, [sp, #140]
 209 0240 000050E3 		cmp	r0, #0
 210 0244 0000000A 		beq	.L26
 211 0248 FEFFFFEB 		bl	_ZdaPv
 212              	.L26:
 213              	.LEHB4:
 214 024c FEFFFFEB 		bl	__cxa_end_cleanup
 215              	.LEHE4:
 216              	.L51:
 217              	.LEHB5:
 218 0250 FEFFFFEB 		bl	abort
 219              	.LEHE5:
 220              	.L28:
 221 0254 F5FFFFEA 		b	.L25
 222              	.L54:
 223              	.LEHB6:
 224 0258 FEFFFFEB 		bl	abort
 225              	.L53:
 226 025c FEFFFFEB 		bl	abort
 227              	.LEHE6:
 228              	.L52:
 229              	.LEHB7:
 230 0260 FEFFFFEB 		bl	abort
 231              	.LEHE7:
 232              	.L29:
 233 0264 EAFFFFEA 		b	.L23
 234              		.global	__gxx_personality_v0
 235              		.personality	__gxx_personality_v0
 236              		.handlerdata
 237              	.LLSDA4826:
 238 0008 FF       		.byte	0xff
 239 0009 FF       		.byte	0xff
 240 000a 01       		.byte	0x1
 241 000b 2C       		.uleb128 .LLSDACSE4826-.LLSDACSB4826
 242              	.LLSDACSB4826:
 243 000c 24       		.uleb128 .LEHB0-.LFB4826
 244 000d 04       		.uleb128 .LEHE0-.LEHB0
 245 000e 00       		.uleb128 0
 246 000f 00       		.uleb128 0
 247 0010 44       		.uleb128 .LEHB1-.LFB4826
 248 0011 04       		.uleb128 .LEHE1-.LEHB1
 249 0012 D404     		.uleb128 .L28-.LFB4826
 250 0014 00       		.uleb128 0
 251 0015 74       		.uleb128 .LEHB2-.LFB4826
 252 0016 04       		.uleb128 .LEHE2-.LEHB2
 253 0017 E404     		.uleb128 .L29-.LFB4826
 254 0019 00       		.uleb128 0
 255 001a 9802     		.uleb128 .LEHB3-.LFB4826
 256 001c E001     		.uleb128 .LEHE3-.LEHB3
 257 001e F803     		.uleb128 .L30-.LFB4826
 258 0020 00       		.uleb128 0
 259 0021 CC04     		.uleb128 .LEHB4-.LFB4826
 260 0023 04       		.uleb128 .LEHE4-.LEHB4
 261 0024 00       		.uleb128 0
 262 0025 00       		.uleb128 0
 263 0026 D004     		.uleb128 .LEHB5-.LFB4826
 264 0028 04       		.uleb128 .LEHE5-.LEHB5
 265 0029 D404     		.uleb128 .L28-.LFB4826
 266 002b 00       		.uleb128 0
 267 002c D804     		.uleb128 .LEHB6-.LFB4826
 268 002e 08       		.uleb128 .LEHE6-.LEHB6
 269 002f F803     		.uleb128 .L30-.LFB4826
 270 0031 00       		.uleb128 0
 271 0032 E004     		.uleb128 .LEHB7-.LFB4826
 272 0034 04       		.uleb128 .LEHE7-.LEHB7
 273 0035 E404     		.uleb128 .L29-.LFB4826
 274 0037 00       		.uleb128 0
 275              	.LLSDACSE4826:
 276              		.section	.text._ZN6tflite12_GLOBAL__N_117EvalQuantizedInt8EP13TfLiteContextP10TfLiteNodeRKNS0_6OpD
 277              		.fnend
 279              		.section	.text._ZN6tflite12_GLOBAL__N_18EvalInt8EP13TfLiteContextP10TfLiteNode,"ax",%progbits
 280              		.align	2
 281              		.syntax unified
 282              		.arm
 283              		.fpu neon
 285              	_ZN6tflite12_GLOBAL__N_18EvalInt8EP13TfLiteContextP10TfLiteNode:
 286              		.fnstart
 287              	.LFB4332:
 288              		@ args = 0, pretend = 0, frame = 8
 289              		@ frame_needed = 0, uses_anonymous_args = 0
 290 0000 003000E3 		movw	r3, #:lower16:_ZN6tflite26kFullyConnectedInputTensorE
 291 0004 F0412DE9 		push	{r4, r5, r6, r7, r8, lr}
 292              		.save {r4, r5, r6, r7, r8, lr}
 293 0008 003040E3 		movt	r3, #:upper16:_ZN6tflite26kFullyConnectedInputTensorE
 294 000c 004050E2 		subs	r4, r0, #0
 295              		.pad #16
 296 0010 10D04DE2 		sub	sp, sp, #16
 297 0014 003093E5 		ldr	r3, [r3]
 298 0018 0C308DE5 		str	r3, [sp, #12]
 299 001c 3700000A 		beq	.L58
 300 0020 000051E3 		cmp	r1, #0
 301 0024 0150A0E1 		mov	r5, r1
 302 0028 3400000A 		beq	.L58
 303 002c 0310A0E1 		mov	r1, r3
 304 0030 003095E5 		ldr	r3, [r5]
 305 0034 542094E5 		ldr	r2, [r4, #84]
 306 0038 013183E0 		add	r3, r3, r1, lsl #2
 307 003c 041093E5 		ldr	r1, [r3, #4]
 308 0040 32FF2FE1 		blx	r2
 309 0044 002000E3 		movw	r2, #:lower16:_ZN6tflite28kFullyConnectedWeightsTensorE
 310 0048 003095E5 		ldr	r3, [r5]
 311 004c 002040E3 		movt	r2, #:upper16:_ZN6tflite28kFullyConnectedWeightsTensorE
 312 0050 546094E5 		ldr	r6, [r4, #84]
 313 0054 002092E5 		ldr	r2, [r2]
 314 0058 0070A0E1 		mov	r7, r0
 315 005c 0400A0E1 		mov	r0, r4
 316 0060 023183E0 		add	r3, r3, r2, lsl #2
 317 0064 041093E5 		ldr	r1, [r3, #4]
 318 0068 36FF2FE1 		blx	r6
 319 006c 002000E3 		movw	r2, #:lower16:_ZN6tflite25kFullyConnectedBiasTensorE
 320 0070 003095E5 		ldr	r3, [r5]
 321 0074 002040E3 		movt	r2, #:upper16:_ZN6tflite25kFullyConnectedBiasTensorE
 322 0078 548094E5 		ldr	r8, [r4, #84]
 323 007c 002092E5 		ldr	r2, [r2]
 324 0080 0060A0E1 		mov	r6, r0
 325 0084 0400A0E1 		mov	r0, r4
 326 0088 023183E0 		add	r3, r3, r2, lsl #2
 327 008c 041093E5 		ldr	r1, [r3, #4]
 328 0090 38FF2FE1 		blx	r8
 329 0094 001000E3 		movw	r1, #:lower16:_ZN6tflite27kFullyConnectedOutputTensorE
 330 0098 043095E5 		ldr	r3, [r5, #4]
 331 009c 001040E3 		movt	r1, #:upper16:_ZN6tflite27kFullyConnectedOutputTensorE
 332 00a0 0080A0E1 		mov	r8, r0
 333 00a4 001091E5 		ldr	r1, [r1]
 334 00a8 0400A0E1 		mov	r0, r4
 335 00ac 542094E5 		ldr	r2, [r4, #84]
 336 00b0 013183E0 		add	r3, r3, r1, lsl #2
 337 00b4 041093E5 		ldr	r1, [r3, #4]
 338 00b8 32FF2FE1 		blx	r2
 339 00bc 101095E5 		ldr	r1, [r5, #16]
 340 00c0 000051E3 		cmp	r1, #0
 341 00c4 0D00000A 		beq	.L58
 342 00c8 0830D7E5 		ldrb	r3, [r7, #8]	@ zero_extendqisi2
 343 00cc 090053E3 		cmp	r3, #9
 344 00d0 0100A013 		movne	r0, #1
 345 00d4 0100000A 		beq	.L68
 346 00d8 10D08DE2 		add	sp, sp, #16
 347              		@ sp needed
 348 00dc F081BDE8 		pop	{r4, r5, r6, r7, r8, pc}
 349              	.L68:
 350 00e0 04008DE5 		str	r0, [sp, #4]
 351 00e4 0630A0E1 		mov	r3, r6
 352 00e8 00808DE5 		str	r8, [sp]
 353 00ec 0720A0E1 		mov	r2, r7
 354 00f0 0400A0E1 		mov	r0, r4
 355 00f4 FEFFFFEB 		bl	_ZN6tflite12_GLOBAL__N_117EvalQuantizedInt8EP13TfLiteContextP10TfLiteNodeRKNS0_6OpDataEPK16TfLi
 356 00f8 10D08DE2 		add	sp, sp, #16
 357              		@ sp needed
 358 00fc F081BDE8 		pop	{r4, r5, r6, r7, r8, pc}
 359              	.L58:
 360 0100 FEFFFFEB 		bl	abort
 361              		.fnend
 363              		.section	.text._ZN6tflite12_GLOBAL__N_14EvalEP13TfLiteContextP10TfLiteNode,"ax",%progbits
 364              		.align	2
 365              		.syntax unified
 366              		.arm
 367              		.fpu neon
 369              	_ZN6tflite12_GLOBAL__N_14EvalEP13TfLiteContextP10TfLiteNode:
 370              		.fnstart
 371              	.LFB4331:
 372              		@ args = 0, pretend = 0, frame = 176
 373              		@ frame_needed = 0, uses_anonymous_args = 0
 374 0000 F04F2DE9 		push	{r4, r5, r6, r7, r8, r9, r10, fp, lr}
 375              		.save {r4, r5, r6, r7, r8, r9, r10, fp, lr}
 376              		.pad #188
 377 0004 BCD04DE2 		sub	sp, sp, #188
 378 0008 14A091E5 		ldr	r10, [r1, #20]
 379 000c 00005AE3 		cmp	r10, #0
 380 0010 1C01000A 		beq	.L71
 381 0014 003000E3 		movw	r3, #:lower16:_ZN6tflite26kFullyConnectedInputTensorE
 382 0018 000050E3 		cmp	r0, #0
 383 001c 003040E3 		movt	r3, #:upper16:_ZN6tflite26kFullyConnectedInputTensorE
 384 0020 0150A0E1 		mov	r5, r1
 385 0024 0040A0E1 		mov	r4, r0
 386 0028 001093E5 		ldr	r1, [r3]
 387 002c 1501000A 		beq	.L71
 388 0030 003095E5 		ldr	r3, [r5]
 389 0034 542090E5 		ldr	r2, [r0, #84]
 390 0038 013183E0 		add	r3, r3, r1, lsl #2
 391 003c 041093E5 		ldr	r1, [r3, #4]
 392              	.LEHB8:
 393 0040 32FF2FE1 		blx	r2
 394 0044 002000E3 		movw	r2, #:lower16:_ZN6tflite28kFullyConnectedWeightsTensorE
 395 0048 003095E5 		ldr	r3, [r5]
 396 004c 002040E3 		movt	r2, #:upper16:_ZN6tflite28kFullyConnectedWeightsTensorE
 397 0050 546094E5 		ldr	r6, [r4, #84]
 398 0054 002092E5 		ldr	r2, [r2]
 399 0058 0090A0E1 		mov	r9, r0
 400 005c 0400A0E1 		mov	r0, r4
 401 0060 023183E0 		add	r3, r3, r2, lsl #2
 402 0064 041093E5 		ldr	r1, [r3, #4]
 403 0068 36FF2FE1 		blx	r6
 404 006c 002000E3 		movw	r2, #:lower16:_ZN6tflite25kFullyConnectedBiasTensorE
 405 0070 003095E5 		ldr	r3, [r5]
 406 0074 002040E3 		movt	r2, #:upper16:_ZN6tflite25kFullyConnectedBiasTensorE
 407 0078 546094E5 		ldr	r6, [r4, #84]
 408 007c 002092E5 		ldr	r2, [r2]
 409 0080 0080A0E1 		mov	r8, r0
 410 0084 0400A0E1 		mov	r0, r4
 411 0088 023183E0 		add	r3, r3, r2, lsl #2
 412 008c 041093E5 		ldr	r1, [r3, #4]
 413 0090 36FF2FE1 		blx	r6
 414 0094 002000E3 		movw	r2, #:lower16:_ZN6tflite27kFullyConnectedOutputTensorE
 415 0098 043095E5 		ldr	r3, [r5, #4]
 416 009c 002040E3 		movt	r2, #:upper16:_ZN6tflite27kFullyConnectedOutputTensorE
 417 00a0 546094E5 		ldr	r6, [r4, #84]
 418 00a4 002092E5 		ldr	r2, [r2]
 419 00a8 0070A0E1 		mov	r7, r0
 420 00ac 0400A0E1 		mov	r0, r4
 421 00b0 023183E0 		add	r3, r3, r2, lsl #2
 422 00b4 041093E5 		ldr	r1, [r3, #4]
 423 00b8 36FF2FE1 		blx	r6
 424 00bc 101095E5 		ldr	r1, [r5, #16]
 425 00c0 0060A0E1 		mov	r6, r0
 426 00c4 000051E3 		cmp	r1, #0
 427 00c8 EE00000A 		beq	.L71
 428 00cc 0830D9E5 		ldrb	r3, [r9, #8]	@ zero_extendqisi2
 429 00d0 010053E3 		cmp	r3, #1
 430 00d4 0C00000A 		beq	.L73
 431 00d8 090053E3 		cmp	r3, #9
 432 00dc 0200000A 		beq	.L74
 433 00e0 0100A0E3 		mov	r0, #1
 434 00e4 BCD08DE2 		add	sp, sp, #188
 435              		@ sp needed
 436 00e8 F08FBDE8 		pop	{r4, r5, r6, r7, r8, r9, r10, fp, pc}
 437              	.L74:
 438 00ec 04008DE5 		str	r0, [sp, #4]
 439 00f0 0830A0E1 		mov	r3, r8
 440 00f4 00708DE5 		str	r7, [sp]
 441 00f8 0920A0E1 		mov	r2, r9
 442 00fc 0400A0E1 		mov	r0, r4
 443 0100 FEFFFFEB 		bl	_ZN6tflite12_GLOBAL__N_117EvalQuantizedInt8EP13TfLiteContextP10TfLiteNodeRKNS0_6OpDataEPK16TfLi
 444 0104 BCD08DE2 		add	sp, sp, #188
 445              		@ sp needed
 446 0108 F08FBDE8 		pop	{r4, r5, r6, r7, r8, r9, r10, fp, pc}
 447              	.L73:
 448 010c 0010DAE5 		ldrb	r1, [r10]	@ zero_extendqisi2
 449 0110 90008DE2 		add	r0, sp, #144
 450 0114 FEFFFFEB 		bl	_ZN6tflite25FullyConnectedParamsFloatE21TfLiteFusedActivation
 451 0118 0910A0E1 		mov	r1, r9
 452 011c 30008DE2 		add	r0, sp, #48
 453 0120 FEFFFFEB 		bl	_ZN6tflite5micro14GetTensorShapeEPK16TfLiteEvalTensor
 454              	.LEHE8:
 455 0124 003099E5 		ldr	r3, [r9]
 456 0128 0810A0E1 		mov	r1, r8
 457 012c 48008DE2 		add	r0, sp, #72
 458 0130 10308DE5 		str	r3, [sp, #16]
 459              	.LEHB9:
 460 0134 FEFFFFEB 		bl	_ZN6tflite5micro14GetTensorShapeEPK16TfLiteEvalTensor
 461              	.LEHE9:
 462 0138 000058E3 		cmp	r8, #0
 463 013c EB00000A 		beq	.L169
 464 0140 003098E5 		ldr	r3, [r8]
 465 0144 0710A0E1 		mov	r1, r7
 466 0148 60008DE2 		add	r0, sp, #96
 467 014c 14308DE5 		str	r3, [sp, #20]
 468              	.LEHB10:
 469 0150 FEFFFFEB 		bl	_ZN6tflite5micro14GetTensorShapeEPK16TfLiteEvalTensor
 470              	.LEHE10:
 471 0154 000057E3 		cmp	r7, #0
 472 0158 CB00000A 		beq	.L170
 473 015c 0610A0E1 		mov	r1, r6
 474 0160 78008DE2 		add	r0, sp, #120
 475 0164 005097E5 		ldr	r5, [r7]
 476              	.LEHB11:
 477 0168 FEFFFFEB 		bl	_ZN6tflite5micro14GetTensorShapeEPK16TfLiteEvalTensor
 478              	.LEHE11:
 479 016c 78309DE5 		ldr	r3, [sp, #120]
 480 0170 000056E3 		cmp	r6, #0
 481 0174 00109615 		ldrne	r1, [r6]
 482 0178 0610A001 		moveq	r1, r6
 483 017c 2B1A9DED 		vldr.32	s2, [sp, #172]
 484 0180 010053E2 		subs	r0, r3, #1
 485 0184 2C308DE5 		str	r3, [sp, #44]
 486 0188 2C0ADDED 		vldr.32	s1, [sp, #176]
 487 018c 48C09DE5 		ldr	ip, [sp, #72]
 488 0190 D400004A 		bmi	.L171
 489 0194 050053E3 		cmp	r3, #5
 490 0198 B20000DA 		ble	.L79
 491 019c 7CE09DE5 		ldr	lr, [sp, #124]
 492 01a0 0360A0E1 		mov	r6, r3
 493              	.L80:
 494 01a4 0130A0E3 		mov	r3, #1
 495 01a8 0340A0E1 		mov	r4, r3
 496 01ac 0030A0E3 		mov	r3, #0
 497              	.L83:
 498 01b0 030050E1 		cmp	r0, r3
 499 01b4 03219E17 		ldrne	r2, [lr, r3, lsl #2]
 500 01b8 013083E2 		add	r3, r3, #1
 501 01bc 0120A003 		moveq	r2, #1
 502 01c0 030056E1 		cmp	r6, r3
 503 01c4 920404E0 		mul	r4, r2, r4
 504 01c8 F8FFFF1A 		bne	.L83
 505 01cc 20408DE5 		str	r4, [sp, #32]
 506              	.L81:
 507 01d0 02305CE2 		subs	r3, ip, #2
 508 01d4 C400004A 		bmi	.L172
 509 01d8 05005CE3 		cmp	ip, #5
 510 01dc 4C209DC5 		ldrgt	r2, [sp, #76]
 511 01e0 B8208DD2 		addle	r2, sp, #184
 512 01e4 033182D0 		addle	r3, r2, r3, lsl #2
 513 01e8 03B192C7 		ldrgt	fp, [r2, r3, lsl #2]
 514 01ec 6CB013D5 		ldrle	fp, [r3, #-108]
 515 01f0 2C309DE5 		ldr	r3, [sp, #44]
 516 01f4 050053E3 		cmp	r3, #5
 517 01f8 B8308DD2 		addle	r3, sp, #184
 518 01fc 7C309DC5 		ldrgt	r3, [sp, #124]
 519 0200 000183D0 		addle	r0, r3, r0, lsl #2
 520 0204 003193C7 		ldrgt	r3, [r3, r0, lsl #2]
 521 0208 3C3010D5 		ldrle	r3, [r0, #-60]
 522 020c 03005BE1 		cmp	fp, r3
 523 0210 9B00001A 		bne	.L173
 524 0214 05005CE3 		cmp	ip, #5
 525 0218 01C04CE2 		sub	ip, ip, #1
 526 021c 4C309DC5 		ldrgt	r3, [sp, #76]
 527 0220 B8308DD2 		addle	r3, sp, #184
 528 0224 0CC183D0 		addle	ip, r3, ip, lsl #2
 529 0228 0C0193C7 		ldrgt	r0, [r3, ip, lsl #2]
 530 022c 20309DE5 		ldr	r3, [sp, #32]
 531 0230 6C001CD5 		ldrle	r0, [ip, #-108]
 532 0234 000053E3 		cmp	r3, #0
 533 0238 690000DA 		ble	.L95
 534 023c 00005BE3 		cmp	fp, #0
 535 0240 670000DA 		ble	.L95
 536 0244 0B31A0E1 		lsl	r3, fp, #2
 537 0248 09C040E2 		sub	ip, r0, #9
 538 024c 07C0CCE3 		bic	ip, ip, #7
 539 0250 00A1A0E1 		lsl	r10, r0, #2
 540 0254 24308DE5 		str	r3, [sp, #36]
 541 0258 08C08CE2 		add	ip, ip, #8
 542 025c 10309DE5 		ldr	r3, [sp, #16]
 543 0260 0090A0E3 		mov	r9, #0
 544 0264 18108DE5 		str	r1, [sp, #24]
 545 0268 1C908DE5 		str	r9, [sp, #28]
 546 026c 403083E2 		add	r3, r3, #64
 547 0270 0C308DE5 		str	r3, [sp, #12]
 548 0274 14309DE5 		ldr	r3, [sp, #20]
 549 0278 403083E2 		add	r3, r3, #64
 550 027c 28308DE5 		str	r3, [sp, #40]
 551              	.L97:
 552 0280 28709DE5 		ldr	r7, [sp, #40]
 553 0284 0040A0E3 		mov	r4, #0
 554 0288 18809DE5 		ldr	r8, [sp, #24]
 555 028c 0560A0E1 		mov	r6, r5
 556 0290 04E0A0E1 		mov	lr, r4
 557              	.L96:
 558 0294 000050E3 		cmp	r0, #0
 559 0298 9F7ADFED 		vldr.32	s15, .L174
 560 029c 310000DA 		ble	.L98
 561 02a0 080050E3 		cmp	r0, #8
 562 02a4 6D0000DA 		ble	.L122
 563 02a8 0C309DE5 		ldr	r3, [sp, #12]
 564 02ac 0720A0E1 		mov	r2, r7
 565 02b0 0010A0E3 		mov	r1, #0
 566              	.L100:
 567 02b4 105A53ED 		vldr.32	s11, [r3, #-64]
 568 02b8 081081E2 		add	r1, r1, #8
 569 02bc 106A12ED 		vldr.32	s12, [r2, #-64]
 570 02c0 0C0051E1 		cmp	r1, ip
 571 02c4 0F6A52ED 		vldr.32	s13, [r2, #-60]
 572 02c8 0F7A13ED 		vldr.32	s14, [r3, #-60]
 573 02cc 0E1A52ED 		vldr.32	s3, [r2, #-56]
 574 02d0 867A45EE 		vmla.f32	s15, s11, s12
 575 02d4 0E2A13ED 		vldr.32	s4, [r3, #-56]
 576 02d8 0D2A52ED 		vldr.32	s5, [r2, #-52]
 577 02dc 0D3A13ED 		vldr.32	s6, [r3, #-52]
 578 02e0 0C3A53ED 		vldr.32	s7, [r3, #-48]
 579 02e4 0C4A12ED 		vldr.32	s8, [r2, #-48]
 580 02e8 0B4A53ED 		vldr.32	s9, [r3, #-44]
 581 02ec 877A46EE 		vmla.f32	s15, s13, s14
 582 02f0 0B5A12ED 		vldr.32	s10, [r2, #-44]
 583 02f4 0A5A53ED 		vldr.32	s11, [r3, #-40]
 584 02f8 0A6A12ED 		vldr.32	s12, [r2, #-40]
 585 02fc 096A53ED 		vldr.32	s13, [r3, #-36]
 586 0300 097A12ED 		vldr.32	s14, [r2, #-36]
 587 0304 00F0D3F5 		pld	[r3]
 588 0308 203083E2 		add	r3, r3, #32
 589 030c 827A41EE 		vmla.f32	s15, s3, s4
 590 0310 00F0D2F5 		pld	[r2]
 591 0314 202082E2 		add	r2, r2, #32
 592 0318 837A42EE 		vmla.f32	s15, s5, s6
 593 031c 847A43EE 		vmla.f32	s15, s7, s8
 594 0320 857A44EE 		vmla.f32	s15, s9, s10
 595 0324 867A45EE 		vmla.f32	s15, s11, s12
 596 0328 877A46EE 		vmla.f32	s15, s13, s14
 597 032c E0FFFF1A 		bne	.L100
 598              	.L99:
 599 0330 10309DE5 		ldr	r3, [sp, #16]
 600 0334 012089E0 		add	r2, r9, r1
 601 0338 022183E0 		add	r2, r3, r2, lsl #2
 602 033c 043081E0 		add	r3, r1, r4
 603 0340 08208DE5 		str	r2, [sp, #8]
 604 0344 14209DE5 		ldr	r2, [sp, #20]
 605 0348 033182E0 		add	r3, r2, r3, lsl #2
 606 034c 08209DE5 		ldr	r2, [sp, #8]
 607              	.L101:
 608 0350 017AB2EC 		vldmia.32	r2!, {s14}
 609 0354 011081E2 		add	r1, r1, #1
 610 0358 016AF3EC 		vldmia.32	r3!, {s13}
 611 035c 010050E1 		cmp	r0, r1
 612 0360 877A46EE 		vmla.f32	s15, s13, s14
 613 0364 F9FFFFCA 		bgt	.L101
 614              	.L98:
 615 0368 000055E3 		cmp	r5, #0
 616 036c 01E08EE2 		add	lr, lr, #1
 617 0370 007A961D 		vldrne.32	s14, [r6]
 618 0374 004084E0 		add	r4, r4, r0
 619 0378 677A9F0D 		vldreq.32	s14, .L174
 620 037c 046086E2 		add	r6, r6, #4
 621 0380 0A7087E0 		add	r7, r7, r10
 622 0384 277A77EE 		vadd.f32	s15, s14, s15
 623 0388 671AB4EE 		vcmp.f32	s2, s15
 624 038c 10FAF1EE 		vmrs	APSR_nzcv, FPSCR
 625 0390 417AF0CE 		vmovgt.f32	s15, s2
 626 0394 670AF4EE 		vcmp.f32	s1, s15
 627 0398 10FAF1EE 		vmrs	APSR_nzcv, FPSCR
 628 039c 607AF04E 		vmovmi.f32	s15, s1
 629 03a0 0B005EE1 		cmp	lr, fp
 630 03a4 017AE8EC 		vstmia.32	r8!, {s15}
 631 03a8 B9FFFF1A 		bne	.L96
 632 03ac 18209DE5 		ldr	r2, [sp, #24]
 633 03b0 009089E0 		add	r9, r9, r0
 634 03b4 24109DE5 		ldr	r1, [sp, #36]
 635 03b8 1C309DE5 		ldr	r3, [sp, #28]
 636 03bc 012082E0 		add	r2, r2, r1
 637 03c0 18208DE5 		str	r2, [sp, #24]
 638 03c4 013083E2 		add	r3, r3, #1
 639 03c8 20209DE5 		ldr	r2, [sp, #32]
 640 03cc 1C308DE5 		str	r3, [sp, #28]
 641 03d0 020053E1 		cmp	r3, r2
 642 03d4 0C309DE5 		ldr	r3, [sp, #12]
 643 03d8 0A3083E0 		add	r3, r3, r10
 644 03dc 0C308DE5 		str	r3, [sp, #12]
 645 03e0 A6FFFF1A 		bne	.L97
 646              	.L95:
 647 03e4 2C309DE5 		ldr	r3, [sp, #44]
 648 03e8 050053E3 		cmp	r3, #5
 649 03ec 030000DA 		ble	.L94
 650 03f0 7C009DE5 		ldr	r0, [sp, #124]
 651 03f4 000050E3 		cmp	r0, #0
 652 03f8 0000000A 		beq	.L94
 653 03fc FEFFFFEB 		bl	_ZdaPv
 654              	.L94:
 655 0400 60309DE5 		ldr	r3, [sp, #96]
 656 0404 050053E3 		cmp	r3, #5
 657 0408 030000DA 		ble	.L106
 658 040c 64009DE5 		ldr	r0, [sp, #100]
 659 0410 000050E3 		cmp	r0, #0
 660 0414 0000000A 		beq	.L106
 661 0418 FEFFFFEB 		bl	_ZdaPv
 662              	.L106:
 663 041c 48309DE5 		ldr	r3, [sp, #72]
 664 0420 050053E3 		cmp	r3, #5
 665 0424 030000DA 		ble	.L107
 666 0428 4C009DE5 		ldr	r0, [sp, #76]
 667 042c 000050E3 		cmp	r0, #0
 668 0430 0000000A 		beq	.L107
 669 0434 FEFFFFEB 		bl	_ZdaPv
 670              	.L107:
 671 0438 30309DE5 		ldr	r3, [sp, #48]
 672 043c 050053E3 		cmp	r3, #5
 673 0440 030000DA 		ble	.L108
 674 0444 34009DE5 		ldr	r0, [sp, #52]
 675 0448 000050E3 		cmp	r0, #0
 676 044c 0000000A 		beq	.L108
 677 0450 FEFFFFEB 		bl	_ZdaPv
 678              	.L108:
 679 0454 0000A0E3 		mov	r0, #0
 680 0458 BCD08DE2 		add	sp, sp, #188
 681              		@ sp needed
 682 045c F08FBDE8 		pop	{r4, r5, r6, r7, r8, r9, r10, fp, pc}
 683              	.L122:
 684 0460 0010A0E3 		mov	r1, #0
 685 0464 B1FFFFEA 		b	.L99
 686              	.L79:
 687 0468 000053E3 		cmp	r3, #0
 688 046c 7CE08DC2 		addgt	lr, sp, #124
 689 0470 0360A0C1 		movgt	r6, r3
 690 0474 4AFFFFCA 		bgt	.L80
 691              	.L119:
 692 0478 0130A0E3 		mov	r3, #1
 693 047c 20308DE5 		str	r3, [sp, #32]
 694 0480 52FFFFEA 		b	.L81
 695              	.L173:
 696              	.LEHB12:
 697 0484 FEFFFFEB 		bl	abort
 698              	.LEHE12:
 699              	.L71:
 700              	.LEHB13:
 701 0488 FEFFFFEB 		bl	abort
 702              	.LEHE13:
 703              	.L170:
 704              	.LEHB14:
 705 048c FEFFFFEB 		bl	abort
 706              	.LEHE14:
 707              	.L128:
 708              	.L111:
 709 0490 60309DE5 		ldr	r3, [sp, #96]
 710 0494 050053E3 		cmp	r3, #5
 711 0498 030000DA 		ble	.L113
 712 049c 64009DE5 		ldr	r0, [sp, #100]
 713 04a0 000050E3 		cmp	r0, #0
 714 04a4 0000000A 		beq	.L113
 715 04a8 FEFFFFEB 		bl	_ZdaPv
 716              	.L113:
 717 04ac 48309DE5 		ldr	r3, [sp, #72]
 718 04b0 050053E3 		cmp	r3, #5
 719 04b4 030000DA 		ble	.L115
 720 04b8 4C009DE5 		ldr	r0, [sp, #76]
 721 04bc 000050E3 		cmp	r0, #0
 722 04c0 0000000A 		beq	.L115
 723 04c4 FEFFFFEB 		bl	_ZdaPv
 724              	.L115:
 725 04c8 30309DE5 		ldr	r3, [sp, #48]
 726 04cc 050053E3 		cmp	r3, #5
 727 04d0 030000DA 		ble	.L116
 728 04d4 34009DE5 		ldr	r0, [sp, #52]
 729 04d8 000050E3 		cmp	r0, #0
 730 04dc 0000000A 		beq	.L116
 731 04e0 FEFFFFEB 		bl	_ZdaPv
 732              	.L116:
 733              	.LEHB15:
 734 04e4 FEFFFFEB 		bl	__cxa_end_cleanup
 735              	.LEHE15:
 736              	.L171:
 737              	.LEHB16:
 738 04e8 FEFFFFEB 		bl	abort
 739              	.L172:
 740 04ec FEFFFFEB 		bl	abort
 741              	.LEHE16:
 742              	.L169:
 743              	.LEHB17:
 744 04f0 FEFFFFEB 		bl	abort
 745              	.LEHE17:
 746              	.L127:
 747 04f4 ECFFFFEA 		b	.L113
 748              	.L126:
 749 04f8 F2FFFFEA 		b	.L115
 750              	.L129:
 751 04fc 78309DE5 		ldr	r3, [sp, #120]
 752 0500 050053E3 		cmp	r3, #5
 753 0504 E1FFFFDA 		ble	.L111
 754 0508 7C009DE5 		ldr	r0, [sp, #124]
 755 050c 000050E3 		cmp	r0, #0
 756 0510 DEFFFF0A 		beq	.L111
 757 0514 FEFFFFEB 		bl	_ZdaPv
 758 0518 DCFFFFEA 		b	.L111
 759              	.L175:
 760              		.align	2
 761              	.L174:
 762 051c 00000000 		.word	0
 763              		.personality	__gxx_personality_v0
 764              		.handlerdata
 765              	.LLSDA4331:
 766 0008 FF       		.byte	0xff
 767 0009 FF       		.byte	0xff
 768 000a 01       		.byte	0x1
 769 000b 39       		.uleb128 .LLSDACSE4331-.LLSDACSB4331
 770              	.LLSDACSB4331:
 771 000c 40       		.uleb128 .LEHB8-.LFB4331
 772 000d E401     		.uleb128 .LEHE8-.LEHB8
 773 000f 00       		.uleb128 0
 774 0010 00       		.uleb128 0
 775 0011 B402     		.uleb128 .LEHB9-.LFB4331
 776 0013 04       		.uleb128 .LEHE9-.LEHB9
 777 0014 F809     		.uleb128 .L126-.LFB4331
 778 0016 00       		.uleb128 0
 779 0017 D002     		.uleb128 .LEHB10-.LFB4331
 780 0019 04       		.uleb128 .LEHE10-.LEHB10
 781 001a F409     		.uleb128 .L127-.LFB4331
 782 001c 00       		.uleb128 0
 783 001d E802     		.uleb128 .LEHB11-.LFB4331
 784 001f 04       		.uleb128 .LEHE11-.LEHB11
 785 0020 9009     		.uleb128 .L128-.LFB4331
 786 0022 00       		.uleb128 0
 787 0023 8409     		.uleb128 .LEHB12-.LFB4331
 788 0025 04       		.uleb128 .LEHE12-.LEHB12
 789 0026 FC09     		.uleb128 .L129-.LFB4331
 790 0028 00       		.uleb128 0
 791 0029 8809     		.uleb128 .LEHB13-.LFB4331
 792 002b 04       		.uleb128 .LEHE13-.LEHB13
 793 002c 00       		.uleb128 0
 794 002d 00       		.uleb128 0
 795 002e 8C09     		.uleb128 .LEHB14-.LFB4331
 796 0030 04       		.uleb128 .LEHE14-.LEHB14
 797 0031 9009     		.uleb128 .L128-.LFB4331
 798 0033 00       		.uleb128 0
 799 0034 E409     		.uleb128 .LEHB15-.LFB4331
 800 0036 04       		.uleb128 .LEHE15-.LEHB15
 801 0037 00       		.uleb128 0
 802 0038 00       		.uleb128 0
 803 0039 E809     		.uleb128 .LEHB16-.LFB4331
 804 003b 08       		.uleb128 .LEHE16-.LEHB16
 805 003c FC09     		.uleb128 .L129-.LFB4331
 806 003e 00       		.uleb128 0
 807 003f F009     		.uleb128 .LEHB17-.LFB4331
 808 0041 04       		.uleb128 .LEHE17-.LEHB17
 809 0042 F409     		.uleb128 .L127-.LFB4331
 810 0044 00       		.uleb128 0
 811              	.LLSDACSE4331:
 812              		.section	.text._ZN6tflite12_GLOBAL__N_14EvalEP13TfLiteContextP10TfLiteNode
 813              		.fnend
 815              		.section	.text._ZN6tflite12_GLOBAL__N_17PrepareEP13TfLiteContextP10TfLiteNode,"ax",%progbits
 816              		.align	2
 817              		.syntax unified
 818              		.arm
 819              		.fpu neon
 821              	_ZN6tflite12_GLOBAL__N_17PrepareEP13TfLiteContextP10TfLiteNode:
 822              		.fnstart
 823              	.LFB4329:
 824              		@ args = 0, pretend = 0, frame = 64
 825              		@ frame_needed = 0, uses_anonymous_args = 0
 826 0000 F0472DE9 		push	{r4, r5, r6, r7, r8, r9, r10, lr}
 827              		.save {r4, r5, r6, r7, r8, r9, r10, lr}
 828              		.pad #80
 829 0004 50D04DE2 		sub	sp, sp, #80
 830 0008 106091E5 		ldr	r6, [r1, #16]
 831 000c 000056E3 		cmp	r6, #0
 832 0010 8A00000A 		beq	.L178
 833 0014 147091E5 		ldr	r7, [r1, #20]
 834 0018 0140A0E1 		mov	r4, r1
 835 001c 000057E3 		cmp	r7, #0
 836 0020 8600000A 		beq	.L178
 837 0024 003000E3 		movw	r3, #:lower16:_ZN6tflite26kFullyConnectedInputTensorE
 838 0028 0050A0E1 		mov	r5, r0
 839 002c 003040E3 		movt	r3, #:upper16:_ZN6tflite26kFullyConnectedInputTensorE
 840 0030 002093E5 		ldr	r2, [r3]
 841              	.LEHB18:
 842 0034 FEFFFFEB 		bl	_ZN6tflite8GetInputEPK13TfLiteContextPK10TfLiteNodei
 843 0038 008050E2 		subs	r8, r0, #0
 844 003c 1A00000A 		beq	.L181
 845 0040 003000E3 		movw	r3, #:lower16:_ZN6tflite28kFullyConnectedWeightsTensorE
 846 0044 0410A0E1 		mov	r1, r4
 847 0048 003040E3 		movt	r3, #:upper16:_ZN6tflite28kFullyConnectedWeightsTensorE
 848 004c 0500A0E1 		mov	r0, r5
 849 0050 002093E5 		ldr	r2, [r3]
 850 0054 FEFFFFEB 		bl	_ZN6tflite8GetInputEPK13TfLiteContextPK10TfLiteNodei
 851 0058 009050E2 		subs	r9, r0, #0
 852 005c 1200000A 		beq	.L181
 853 0060 003000E3 		movw	r3, #:lower16:_ZN6tflite25kFullyConnectedBiasTensorE
 854 0064 0410A0E1 		mov	r1, r4
 855 0068 003040E3 		movt	r3, #:upper16:_ZN6tflite25kFullyConnectedBiasTensorE
 856 006c 0500A0E1 		mov	r0, r5
 857 0070 002093E5 		ldr	r2, [r3]
 858 0074 FEFFFFEB 		bl	_ZN6tflite22GetOptionalInputTensorEPK13TfLiteContextPK10TfLiteNodei
 859 0078 003000E3 		movw	r3, #:lower16:_ZN6tflite27kFullyConnectedOutputTensorE
 860 007c 0410A0E1 		mov	r1, r4
 861 0080 003040E3 		movt	r3, #:upper16:_ZN6tflite27kFullyConnectedOutputTensorE
 862 0084 00A0A0E1 		mov	r10, r0
 863 0088 002093E5 		ldr	r2, [r3]
 864 008c 0500A0E1 		mov	r0, r5
 865 0090 FEFFFFEB 		bl	_ZN6tflite9GetOutputEP13TfLiteContextPK10TfLiteNodei
 866 0094 004050E2 		subs	r4, r0, #0
 867 0098 0300000A 		beq	.L181
 868 009c 0020D8E5 		ldrb	r2, [r8]	@ zero_extendqisi2
 869 00a0 0030D4E5 		ldrb	r3, [r4]	@ zero_extendqisi2
 870 00a4 020053E1 		cmp	r3, r2
 871 00a8 0200000A 		beq	.L230
 872              	.L181:
 873 00ac 0100A0E3 		mov	r0, #1
 874              	.L228:
 875 00b0 50D08DE2 		add	sp, sp, #80
 876              		@ sp needed
 877 00b4 F087BDE8 		pop	{r4, r5, r6, r7, r8, r9, r10, pc}
 878              	.L230:
 879 00b8 0020D9E5 		ldrb	r2, [r9]	@ zero_extendqisi2
 880 00bc 030052E1 		cmp	r2, r3
 881 00c0 F9FFFF1A 		bne	.L181
 882 00c4 0030E0E3 		mvn	r3, #0
 883 00c8 0010D7E5 		ldrb	r1, [r7]	@ zero_extendqisi2
 884 00cc 0500A0E1 		mov	r0, r5
 885 00d0 203086E5 		str	r3, [r6, #32]
 886 00d4 0830A0E1 		mov	r3, r8
 887 00d8 0C608DE5 		str	r6, [sp, #12]
 888 00dc 08408DE5 		str	r4, [sp, #8]
 889 00e0 04A08DE5 		str	r10, [sp, #4]
 890 00e4 00908DE5 		str	r9, [sp]
 891 00e8 FEFFFFEB 		bl	_ZN6tflite29CalculateOpDataFullyConnectedEP13TfLiteContext21TfLiteFusedActivation10TfLiteTypePK
 892 00ec 000050E3 		cmp	r0, #0
 893 00f0 EEFFFF1A 		bne	.L228
 894 00f4 0030D8E5 		ldrb	r3, [r8]	@ zero_extendqisi2
 895 00f8 090053E3 		cmp	r3, #9
 896 00fc EBFFFF1A 		bne	.L228
 897 0100 088099E5 		ldr	r8, [r9, #8]
 898 0104 002098E5 		ldr	r2, [r8]
 899 0108 050052E3 		cmp	r2, #5
 900 010c 20208DE5 		str	r2, [sp, #32]
 901 0110 3A0000DA 		ble	.L182
 902 0114 2E0272E3 		cmn	r2, #-536870910
 903 0118 490000CA 		bgt	.L183
 904 011c 0271A0E1 		lsl	r7, r2, #2
 905 0120 0700A0E1 		mov	r0, r7
 906 0124 FEFFFFEB 		bl	_Znaj
 907              	.LEHE18:
 908 0128 24008DE5 		str	r0, [sp, #36]
 909              	.L184:
 910 012c 0720A0E1 		mov	r2, r7
 911 0130 041088E2 		add	r1, r8, #4
 912 0134 FEFFFFEB 		bl	memcpy
 913 0138 087094E5 		ldr	r7, [r4, #8]
 914 013c 003097E5 		ldr	r3, [r7]
 915 0140 050053E3 		cmp	r3, #5
 916 0144 38308DE5 		str	r3, [sp, #56]
 917 0148 390000DA 		ble	.L185
 918 014c 2E0273E3 		cmn	r3, #-536870910
 919 0150 460000CA 		bgt	.L186
 920 0154 0341A0E1 		lsl	r4, r3, #2
 921 0158 0400A0E1 		mov	r0, r4
 922              	.LEHB19:
 923 015c FEFFFFEB 		bl	_Znaj
 924 0160 3C008DE5 		str	r0, [sp, #60]
 925              	.L187:
 926 0164 0420A0E1 		mov	r2, r4
 927 0168 041087E2 		add	r1, r7, #4
 928 016c FEFFFFEB 		bl	memcpy
 929 0170 38409DE5 		ldr	r4, [sp, #56]
 930 0174 020054E3 		cmp	r4, #2
 931 0178 3300001A 		bne	.L231
 932 017c 20709DE5 		ldr	r7, [sp, #32]
 933 0180 013057E2 		subs	r3, r7, #1
 934 0184 2F00004A 		bmi	.L232
 935 0188 050057E3 		cmp	r7, #5
 936 018c 10008DE2 		add	r0, sp, #16
 937 0190 24209DC5 		ldrgt	r2, [sp, #36]
 938 0194 50208DD2 		addle	r2, sp, #80
 939 0198 033182D0 		addle	r3, r2, r3, lsl #2
 940 019c 031192C7 		ldrgt	r1, [r2, r3, lsl #2]
 941 01a0 2C1013D5 		ldrle	r1, [r3, #-44]
 942 01a4 0130A0E3 		mov	r3, #1
 943 01a8 40209DE5 		ldr	r2, [sp, #64]
 944 01ac 14308DE5 		str	r3, [sp, #20]
 945 01b0 10108DE5 		str	r1, [sp, #16]
 946 01b4 1C208DE5 		str	r2, [sp, #28]
 947 01b8 18308DE5 		str	r3, [sp, #24]
 948 01bc FEFFFFEB 		bl	arm_fully_connected_s8_get_buffer_size
 949 01c0 001050E2 		subs	r1, r0, #0
 950 01c4 100000DA 		ble	.L192
 951 01c8 202086E2 		add	r2, r6, #32
 952 01cc 403095E5 		ldr	r3, [r5, #64]
 953 01d0 0500A0E1 		mov	r0, r5
 954 01d4 33FF2FE1 		blx	r3
 955              	.LEHE19:
 956 01d8 004050E2 		subs	r4, r0, #0
 957 01dc 0C00000A 		beq	.L193
 958 01e0 050057E3 		cmp	r7, #5
 959 01e4 030000DA 		ble	.L194
 960 01e8 24009DE5 		ldr	r0, [sp, #36]
 961 01ec 000050E3 		cmp	r0, #0
 962 01f0 0000000A 		beq	.L194
 963 01f4 FEFFFFEB 		bl	_ZdaPv
 964              	.L194:
 965 01f8 0400A0E1 		mov	r0, r4
 966 01fc ABFFFFEA 		b	.L228
 967              	.L182:
 968 0200 0271A0E1 		lsl	r7, r2, #2
 969 0204 24008DE2 		add	r0, sp, #36
 970 0208 C7FFFFEA 		b	.L184
 971              	.L192:
 972 020c 0030E0E3 		mvn	r3, #0
 973 0210 203086E5 		str	r3, [r6, #32]
 974              	.L193:
 975 0214 050057E3 		cmp	r7, #5
 976 0218 030000DA 		ble	.L195
 977 021c 24009DE5 		ldr	r0, [sp, #36]
 978 0220 000050E3 		cmp	r0, #0
 979 0224 0000000A 		beq	.L195
 980 0228 FEFFFFEB 		bl	_ZdaPv
 981              	.L195:
 982 022c 0000A0E3 		mov	r0, #0
 983 0230 9EFFFFEA 		b	.L228
 984              	.L185:
 985 0234 0341A0E1 		lsl	r4, r3, #2
 986 0238 3C008DE2 		add	r0, sp, #60
 987 023c C8FFFFEA 		b	.L187
 988              	.L178:
 989              	.LEHB20:
 990 0240 FEFFFFEB 		bl	abort
 991              	.L183:
 992 0244 FEFFFFEB 		bl	__cxa_throw_bad_array_new_length
 993              	.LEHE20:
 994              	.L232:
 995              	.LEHB21:
 996 0248 FEFFFFEB 		bl	abort
 997              	.LEHE21:
 998              	.L231:
 999              	.LEHB22:
 1000 024c FEFFFFEB 		bl	abort
 1001              	.LEHE22:
 1002              	.L202:
 1003              	.L198:
 1004 0250 20309DE5 		ldr	r3, [sp, #32]
 1005 0254 050053E3 		cmp	r3, #5
 1006 0258 030000DA 		ble	.L199
 1007 025c 24009DE5 		ldr	r0, [sp, #36]
 1008 0260 000050E3 		cmp	r0, #0
 1009 0264 0000000A 		beq	.L199
 1010 0268 FEFFFFEB 		bl	_ZdaPv
 1011              	.L199:
 1012              	.LEHB23:
 1013 026c FEFFFFEB 		bl	__cxa_end_cleanup
 1014              	.LEHE23:
 1015              	.L186:
 1016              	.LEHB24:
 1017 0270 FEFFFFEB 		bl	__cxa_throw_bad_array_new_length
 1018              	.LEHE24:
 1019              	.L203:
 1020 0274 050054E3 		cmp	r4, #5
 1021 0278 F4FFFFDA 		ble	.L198
 1022 027c 3C009DE5 		ldr	r0, [sp, #60]
 1023 0280 000050E3 		cmp	r0, #0
 1024 0284 F1FFFF0A 		beq	.L198
 1025 0288 FEFFFFEB 		bl	_ZdaPv
 1026 028c EFFFFFEA 		b	.L198
 1027              		.personality	__gxx_personality_v0
 1028              		.handlerdata
 1029              	.LLSDA4329:
 1030 0008 FF       		.byte	0xff
 1031 0009 FF       		.byte	0xff
 1032 000a 01       		.byte	0x1
 1033 000b 27       		.uleb128 .LLSDACSE4329-.LLSDACSB4329
 1034              	.LLSDACSB4329:
 1035 000c 34       		.uleb128 .LEHB18-.LFB4329
 1036 000d F401     		.uleb128 .LEHE18-.LEHB18
 1037 000f 00       		.uleb128 0
 1038 0010 00       		.uleb128 0
 1039 0011 DC02     		.uleb128 .LEHB19-.LFB4329
 1040 0013 7C       		.uleb128 .LEHE19-.LEHB19
 1041 0014 D004     		.uleb128 .L202-.LFB4329
 1042 0016 00       		.uleb128 0
 1043 0017 C004     		.uleb128 .LEHB20-.LFB4329
 1044 0019 08       		.uleb128 .LEHE20-.LEHB20
 1045 001a 00       		.uleb128 0
 1046 001b 00       		.uleb128 0
 1047 001c C804     		.uleb128 .LEHB21-.LFB4329
 1048 001e 04       		.uleb128 .LEHE21-.LEHB21
 1049 001f D004     		.uleb128 .L202-.LFB4329
 1050 0021 00       		.uleb128 0
 1051 0022 CC04     		.uleb128 .LEHB22-.LFB4329
 1052 0024 04       		.uleb128 .LEHE22-.LEHB22
 1053 0025 F404     		.uleb128 .L203-.LFB4329
 1054 0027 00       		.uleb128 0
 1055 0028 EC04     		.uleb128 .LEHB23-.LFB4329
 1056 002a 04       		.uleb128 .LEHE23-.LEHB23
 1057 002b 00       		.uleb128 0
 1058 002c 00       		.uleb128 0
 1059 002d F004     		.uleb128 .LEHB24-.LFB4329
 1060 002f 04       		.uleb128 .LEHE24-.LEHB24
 1061 0030 D004     		.uleb128 .L202-.LFB4329
 1062 0032 00       		.uleb128 0
 1063              	.LLSDACSE4329:
 1064              		.section	.text._ZN6tflite12_GLOBAL__N_17PrepareEP13TfLiteContextP10TfLiteNode
 1065              		.fnend
 1067              		.section	.text._ZN6tflite24Register_FULLY_CONNECTEDEv,"ax",%progbits
 1068              		.align	2
 1069              		.global	_ZN6tflite24Register_FULLY_CONNECTEDEv
 1070              		.syntax unified
 1071              		.arm
 1072              		.fpu neon
 1074              	_ZN6tflite24Register_FULLY_CONNECTEDEv:
 1075              		.fnstart
 1076              	.LFB4333:
 1077              		@ args = 0, pretend = 0, frame = 0
 1078              		@ frame_needed = 0, uses_anonymous_args = 0
 1079 0000 00C000E3 		movw	ip, #:lower16:.LANCHOR0
 1080 0004 001000E3 		movw	r1, #:lower16:_ZN6tflite12_GLOBAL__N_14InitEP13TfLiteContextPKcj
 1081 0008 00C040E3 		movt	ip, #:upper16:.LANCHOR0
 1082 000c 002000E3 		movw	r2, #:lower16:_ZN6tflite12_GLOBAL__N_17PrepareEP13TfLiteContextP10TfLiteNode
 1083 0010 003000E3 		movw	r3, #:lower16:_ZN6tflite12_GLOBAL__N_14EvalEP13TfLiteContextP10TfLiteNode
 1084 0014 70402DE9 		push	{r4, r5, r6, lr}
 1085 0018 001040E3 		movt	r1, #:upper16:_ZN6tflite12_GLOBAL__N_14InitEP13TfLiteContextPKcj
 1086 001c 0050A0E3 		mov	r5, #0
 1087 0020 002040E3 		movt	r2, #:upper16:_ZN6tflite12_GLOBAL__N_17PrepareEP13TfLiteContextP10TfLiteNode
 1088 0024 003040E3 		movt	r3, #:upper16:_ZN6tflite12_GLOBAL__N_14EvalEP13TfLiteContextP10TfLiteNode
 1089 0028 0C40A0E1 		mov	r4, ip
 1090 002c 0060A0E1 		mov	r6, r0
 1091 0030 00108CE5 		str	r1, [ip]
 1092 0034 00E0A0E1 		mov	lr, r0
 1093 0038 08208CE5 		str	r2, [ip, #8]
 1094 003c 0C308CE5 		str	r3, [ip, #12]
 1095 0040 04508CE5 		str	r5, [ip, #4]
 1096 0044 0F00B4E8 		ldmia	r4!, {r0, r1, r2, r3}
 1097 0048 10508CE5 		str	r5, [ip, #16]
 1098 004c 14508CE5 		str	r5, [ip, #20]
 1099 0050 0F00AEE8 		stmia	lr!, {r0, r1, r2, r3}
 1100 0054 18508CE5 		str	r5, [ip, #24]
 1101 0058 1C508CE5 		str	r5, [ip, #28]
 1102 005c 0F0094E8 		ldm	r4, {r0, r1, r2, r3}
 1103 0060 0F008EE8 		stm	lr, {r0, r1, r2, r3}
 1104 0064 0600A0E1 		mov	r0, r6
 1105 0068 7080BDE8 		pop	{r4, r5, r6, pc}
 1106              		.cantunwind
 1107              		.fnend
 1109              		.section	.text._ZN6tflite29Register_FULLY_CONNECTED_INT8Ev,"ax",%progbits
 1110              		.align	2
 1111              		.global	_ZN6tflite29Register_FULLY_CONNECTED_INT8Ev
 1112              		.syntax unified
 1113              		.arm
 1114              		.fpu neon
 1116              	_ZN6tflite29Register_FULLY_CONNECTED_INT8Ev:
 1117              		.fnstart
 1118              	.LFB4334:
 1119              		@ args = 0, pretend = 0, frame = 0
 1120              		@ frame_needed = 0, uses_anonymous_args = 0
 1121 0000 00C000E3 		movw	ip, #:lower16:.LANCHOR0
 1122 0004 001000E3 		movw	r1, #:lower16:_ZN6tflite12_GLOBAL__N_14InitEP13TfLiteContextPKcj
 1123 0008 00C040E3 		movt	ip, #:upper16:.LANCHOR0
 1124 000c 002000E3 		movw	r2, #:lower16:_ZN6tflite12_GLOBAL__N_17PrepareEP13TfLiteContextP10TfLiteNode
 1125 0010 003000E3 		movw	r3, #:lower16:_ZN6tflite12_GLOBAL__N_18EvalInt8EP13TfLiteContextP10TfLiteNode
 1126 0014 70402DE9 		push	{r4, r5, r6, lr}
 1127 0018 001040E3 		movt	r1, #:upper16:_ZN6tflite12_GLOBAL__N_14InitEP13TfLiteContextPKcj
 1128 001c 0050A0E3 		mov	r5, #0
 1129 0020 002040E3 		movt	r2, #:upper16:_ZN6tflite12_GLOBAL__N_17PrepareEP13TfLiteContextP10TfLiteNode
 1130 0024 003040E3 		movt	r3, #:upper16:_ZN6tflite12_GLOBAL__N_18EvalInt8EP13TfLiteContextP10TfLiteNode
 1131 0028 0C40A0E1 		mov	r4, ip
 1132 002c 0060A0E1 		mov	r6, r0
 1133 0030 00108CE5 		str	r1, [ip]
 1134 0034 00E0A0E1 		mov	lr, r0
 1135 0038 08208CE5 		str	r2, [ip, #8]
 1136 003c 0C308CE5 		str	r3, [ip, #12]
 1137 0040 04508CE5 		str	r5, [ip, #4]
 1138 0044 0F00B4E8 		ldmia	r4!, {r0, r1, r2, r3}
 1139 0048 10508CE5 		str	r5, [ip, #16]
 1140 004c 14508CE5 		str	r5, [ip, #20]
 1141 0050 0F00AEE8 		stmia	lr!, {r0, r1, r2, r3}
 1142 0054 18508CE5 		str	r5, [ip, #24]
 1143 0058 1C508CE5 		str	r5, [ip, #28]
 1144 005c 0F0094E8 		ldm	r4, {r0, r1, r2, r3}
 1145 0060 0F008EE8 		stm	lr, {r0, r1, r2, r3}
 1146 0064 0600A0E1 		mov	r0, r6
 1147 0068 7080BDE8 		pop	{r4, r5, r6, pc}
 1148              		.cantunwind
 1149              		.fnend
 1151              		.section	.bss._ZN6tflite12_GLOBAL__N_128fully_connected_registrationE,"aw",%nobits
 1152              		.align	2
 1153              		.set	.LANCHOR0,. + 0
 1156              	_ZN6tflite12_GLOBAL__N_128fully_connected_registrationE:
 1157 0000 00000000 		.space	32
 1157      00000000 
 1157      00000000 
 1157      00000000 
 1157      00000000 
 1158              		.ident	"GCC: (GNU Tools for ARM Embedded Processors 6-2017-q2-update) 6.3.1 20170620 (release) [AR
DEFINED SYMBOLS
                            *ABS*:00000000 fully_connected.cc
C:\Users\a5050395\AppData\Local\Temp\cc4BSFyL.s:14     .text._ZN6tflite12_GLOBAL__N_14InitEP13TfLiteContextPKcj:00000000 $a
C:\Users\a5050395\AppData\Local\Temp\cc4BSFyL.s:19     .text._ZN6tflite12_GLOBAL__N_14InitEP13TfLiteContextPKcj:00000000 _ZN6tflite12_GLOBAL__N_14InitEP13TfLiteContextPKcj
.ARM.exidx.text._ZN6tflite12_GLOBAL__N_14InitEP13TfLiteContextPKcj:00000000 $d
C:\Users\a5050395\AppData\Local\Temp\cc4BSFyL.s:36     .text._ZN6tflite12_GLOBAL__N_117EvalQuantizedInt8EP13TfLiteContextP10TfLiteNodeRKNS0_6OpDataEPK16TfLiteEvalTensorSA_SA_PS8_.isra.2:00000000 $a
C:\Users\a5050395\AppData\Local\Temp\cc4BSFyL.s:41     .text._ZN6tflite12_GLOBAL__N_117EvalQuantizedInt8EP13TfLiteContextP10TfLiteNodeRKNS0_6OpDataEPK16TfLiteEvalTensorSA_SA_PS8_.isra.2:00000000 _ZN6tflite12_GLOBAL__N_117EvalQuantizedInt8EP13TfLiteContextP10TfLiteNodeRKNS0_6OpDataEPK16TfLiteEvalTensorSA_SA_PS8_.isra.2
.ARM.extab.text._ZN6tflite12_GLOBAL__N_117EvalQuantizedInt8EP13TfLiteContextP10TfLiteNodeRKNS0_6OpDataEPK16TfLiteEvalTensorSA_SA_PS8_.isra.2:00000000 $d
.ARM.exidx.text._ZN6tflite12_GLOBAL__N_117EvalQuantizedInt8EP13TfLiteContextP10TfLiteNodeRKNS0_6OpDataEPK16TfLiteEvalTensorSA_SA_PS8_.isra.2:00000000 $d
C:\Users\a5050395\AppData\Local\Temp\cc4BSFyL.s:280    .text._ZN6tflite12_GLOBAL__N_18EvalInt8EP13TfLiteContextP10TfLiteNode:00000000 $a
C:\Users\a5050395\AppData\Local\Temp\cc4BSFyL.s:285    .text._ZN6tflite12_GLOBAL__N_18EvalInt8EP13TfLiteContextP10TfLiteNode:00000000 _ZN6tflite12_GLOBAL__N_18EvalInt8EP13TfLiteContextP10TfLiteNode
.ARM.exidx.text._ZN6tflite12_GLOBAL__N_18EvalInt8EP13TfLiteContextP10TfLiteNode:00000000 $d
C:\Users\a5050395\AppData\Local\Temp\cc4BSFyL.s:364    .text._ZN6tflite12_GLOBAL__N_14EvalEP13TfLiteContextP10TfLiteNode:00000000 $a
C:\Users\a5050395\AppData\Local\Temp\cc4BSFyL.s:369    .text._ZN6tflite12_GLOBAL__N_14EvalEP13TfLiteContextP10TfLiteNode:00000000 _ZN6tflite12_GLOBAL__N_14EvalEP13TfLiteContextP10TfLiteNode
C:\Users\a5050395\AppData\Local\Temp\cc4BSFyL.s:762    .text._ZN6tflite12_GLOBAL__N_14EvalEP13TfLiteContextP10TfLiteNode:0000051c $d
.ARM.extab.text._ZN6tflite12_GLOBAL__N_14EvalEP13TfLiteContextP10TfLiteNode:00000000 $d
.ARM.exidx.text._ZN6tflite12_GLOBAL__N_14EvalEP13TfLiteContextP10TfLiteNode:00000000 $d
C:\Users\a5050395\AppData\Local\Temp\cc4BSFyL.s:816    .text._ZN6tflite12_GLOBAL__N_17PrepareEP13TfLiteContextP10TfLiteNode:00000000 $a
C:\Users\a5050395\AppData\Local\Temp\cc4BSFyL.s:821    .text._ZN6tflite12_GLOBAL__N_17PrepareEP13TfLiteContextP10TfLiteNode:00000000 _ZN6tflite12_GLOBAL__N_17PrepareEP13TfLiteContextP10TfLiteNode
.ARM.extab.text._ZN6tflite12_GLOBAL__N_17PrepareEP13TfLiteContextP10TfLiteNode:00000000 $d
.ARM.exidx.text._ZN6tflite12_GLOBAL__N_17PrepareEP13TfLiteContextP10TfLiteNode:00000000 $d
C:\Users\a5050395\AppData\Local\Temp\cc4BSFyL.s:1068   .text._ZN6tflite24Register_FULLY_CONNECTEDEv:00000000 $a
C:\Users\a5050395\AppData\Local\Temp\cc4BSFyL.s:1074   .text._ZN6tflite24Register_FULLY_CONNECTEDEv:00000000 _ZN6tflite24Register_FULLY_CONNECTEDEv
C:\Users\a5050395\AppData\Local\Temp\cc4BSFyL.s:1153   .bss._ZN6tflite12_GLOBAL__N_128fully_connected_registrationE:00000000 .LANCHOR0
.ARM.exidx.text._ZN6tflite24Register_FULLY_CONNECTEDEv:00000000 $d
C:\Users\a5050395\AppData\Local\Temp\cc4BSFyL.s:1110   .text._ZN6tflite29Register_FULLY_CONNECTED_INT8Ev:00000000 $a
C:\Users\a5050395\AppData\Local\Temp\cc4BSFyL.s:1116   .text._ZN6tflite29Register_FULLY_CONNECTED_INT8Ev:00000000 _ZN6tflite29Register_FULLY_CONNECTED_INT8Ev
.ARM.exidx.text._ZN6tflite29Register_FULLY_CONNECTED_INT8Ev:00000000 $d
C:\Users\a5050395\AppData\Local\Temp\cc4BSFyL.s:1152   .bss._ZN6tflite12_GLOBAL__N_128fully_connected_registrationE:00000000 $d
C:\Users\a5050395\AppData\Local\Temp\cc4BSFyL.s:1156   .bss._ZN6tflite12_GLOBAL__N_128fully_connected_registrationE:00000000 _ZN6tflite12_GLOBAL__N_128fully_connected_registrationE

UNDEFINED SYMBOLS
abort
__aeabi_unwind_cpp_pr0
_ZN6tflite5micro14GetTensorShapeEPK16TfLiteEvalTensor
arm_fully_connected_s8
_ZdaPv
__cxa_end_cleanup
__gxx_personality_v0
_ZN6tflite26kFullyConnectedInputTensorE
_ZN6tflite28kFullyConnectedWeightsTensorE
_ZN6tflite25kFullyConnectedBiasTensorE
_ZN6tflite27kFullyConnectedOutputTensorE
_ZN6tflite25FullyConnectedParamsFloatE21TfLiteFusedActivation
_ZN6tflite8GetInputEPK13TfLiteContextPK10TfLiteNodei
_ZN6tflite22GetOptionalInputTensorEPK13TfLiteContextPK10TfLiteNodei
_ZN6tflite9GetOutputEP13TfLiteContextPK10TfLiteNodei
_ZN6tflite29CalculateOpDataFullyConnectedEP13TfLiteContext21TfLiteFusedActivation10TfLiteTypePK12TfLiteTensorS6_S6_PS4_PNS_20OpDataFullyConnectedE
_Znaj
memcpy
arm_fully_connected_s8_get_buffer_size
__cxa_throw_bad_array_new_length
