   1              		.cpu cortex-a9
   2              		.eabi_attribute 28, 1
   3              		.eabi_attribute 20, 1
   4              		.eabi_attribute 21, 1
   5              		.eabi_attribute 23, 3
   6              		.eabi_attribute 24, 1
   7              		.eabi_attribute 25, 1
   8              		.eabi_attribute 26, 1
   9              		.eabi_attribute 30, 2
  10              		.eabi_attribute 34, 0
  11              		.eabi_attribute 18, 4
  12              		.file	"svdf.cc"
  13              		.section	.text._ZN6tflite12_GLOBAL__N_14InitEP13TfLiteContextPKcj,"ax",%progbits
  14              		.align	2
  15              		.syntax unified
  16              		.arm
  17              		.fpu neon
  19              	_ZN6tflite12_GLOBAL__N_14InitEP13TfLiteContextPKcj:
  20              		.fnstart
  21              	.LFB4335:
  22              		@ args = 0, pretend = 0, frame = 0
  23              		@ frame_needed = 0, uses_anonymous_args = 0
  24 0000 383090E5 		ldr	r3, [r0, #56]
  25 0004 000053E3 		cmp	r3, #0
  26 0008 0100000A 		beq	.L7
  27 000c 2010A0E3 		mov	r1, #32
  28 0010 13FF2FE1 		bx	r3
  29              	.L7:
  30 0014 10402DE9 		push	{r4, lr}
  31              		.save {r4, lr}
  32 0018 FEFFFFEB 		bl	abort
  33              		.fnend
  35              		.global	__aeabi_idivmod
  36              		.global	__aeabi_idiv
  37              		.section	.text._ZN6tflite12_GLOBAL__N_17PrepareEP13TfLiteContextP10TfLiteNode,"ax",%progbits
  38              		.align	2
  39              		.syntax unified
  40              		.arm
  41              		.fpu neon
  43              	_ZN6tflite12_GLOBAL__N_17PrepareEP13TfLiteContextP10TfLiteNode:
  44              		.fnstart
  45              	.LFB4336:
  46              		@ args = 0, pretend = 0, frame = 24
  47              		@ frame_needed = 0, uses_anonymous_args = 0
  48 0000 F04F2DE9 		push	{r4, r5, r6, r7, r8, r9, r10, fp, lr}
  49              		.save {r4, r5, r6, r7, r8, r9, r10, fp, lr}
  50 0004 148091E5 		ldr	r8, [r1, #20]
  51 0008 028B2DED 		vpush.64	{d8}
  52              		.vsave {d8}
  53              		.pad #28
  54 000c 1CD04DE2 		sub	sp, sp, #28
  55 0010 000058E3 		cmp	r8, #0
  56 0014 A700000A 		beq	.L14
  57 0018 0020A0E3 		mov	r2, #0
  58 001c 0140A0E1 		mov	r4, r1
  59 0020 0050A0E1 		mov	r5, r0
  60 0024 FEFFFFEB 		bl	_ZN6tflite8GetInputEPK13TfLiteContextPK10TfLiteNodei
  61 0028 006050E2 		subs	r6, r0, #0
  62 002c 2B00000A 		beq	.L12
  63 0030 0120A0E3 		mov	r2, #1
  64 0034 0410A0E1 		mov	r1, r4
  65 0038 0500A0E1 		mov	r0, r5
  66 003c FEFFFFEB 		bl	_ZN6tflite8GetInputEPK13TfLiteContextPK10TfLiteNodei
  67 0040 007050E2 		subs	r7, r0, #0
  68 0044 2500000A 		beq	.L12
  69 0048 0220A0E3 		mov	r2, #2
  70 004c 0410A0E1 		mov	r1, r4
  71 0050 0500A0E1 		mov	r0, r5
  72 0054 FEFFFFEB 		bl	_ZN6tflite8GetInputEPK13TfLiteContextPK10TfLiteNodei
  73 0058 00A050E2 		subs	r10, r0, #0
  74 005c 1F00000A 		beq	.L12
  75 0060 0320A0E3 		mov	r2, #3
  76 0064 0410A0E1 		mov	r1, r4
  77 0068 0500A0E1 		mov	r0, r5
  78 006c FEFFFFEB 		bl	_ZN6tflite22GetOptionalInputTensorEPK13TfLiteContextPK10TfLiteNodei
  79 0070 0420A0E3 		mov	r2, #4
  80 0074 00B0A0E1 		mov	fp, r0
  81 0078 0410A0E1 		mov	r1, r4
  82 007c 0500A0E1 		mov	r0, r5
  83 0080 FEFFFFEB 		bl	_ZN6tflite8GetInputEPK13TfLiteContextPK10TfLiteNodei
  84 0084 003050E2 		subs	r3, r0, #0
  85 0088 00308DE5 		str	r3, [sp]
  86 008c 1300000A 		beq	.L12
  87 0090 083097E5 		ldr	r3, [r7, #8]
  88 0094 009098E5 		ldr	r9, [r8]
  89 0098 048093E5 		ldr	r8, [r3, #4]
  90 009c 0910A0E1 		mov	r1, r9
  91 00a0 0800A0E1 		mov	r0, r8
  92 00a4 FEFFFFEB 		bl	__aeabi_idivmod
  93 00a8 000051E3 		cmp	r1, #0
  94 00ac 0B00001A 		bne	.L12
  95 00b0 0030D6E5 		ldrb	r3, [r6]	@ zero_extendqisi2
  96 00b4 F73003E2 		and	r3, r3, #247
  97 00b8 010053E3 		cmp	r3, #1
  98 00bc 0700001A 		bne	.L12
  99 00c0 083096E5 		ldr	r3, [r6, #8]
 100 00c4 002093E5 		ldr	r2, [r3]
 101 00c8 020052E3 		cmp	r2, #2
 102 00cc 0300001A 		bne	.L12
 103 00d0 042094E5 		ldr	r2, [r4, #4]
 104 00d4 002092E5 		ldr	r2, [r2]
 105 00d8 010052E3 		cmp	r2, #1
 106 00dc 0300000A 		beq	.L52
 107              	.L12:
 108 00e0 0100A0E3 		mov	r0, #1
 109              	.L11:
 110 00e4 1CD08DE2 		add	sp, sp, #28
 111              		@ sp needed
 112 00e8 028BBDEC 		vldm	sp!, {d8}
 113 00ec F08FBDE8 		pop	{r4, r5, r6, r7, r8, r9, r10, fp, pc}
 114              	.L52:
 115 00f0 08C09AE5 		ldr	ip, [r10, #8]
 116 00f4 0120A0E1 		mov	r2, r1
 117 00f8 08E093E5 		ldr	lr, [r3, #8]
 118 00fc 0410A0E1 		mov	r1, r4
 119 0100 043093E5 		ldr	r3, [r3, #4]
 120 0104 0500A0E1 		mov	r0, r5
 121 0108 08C09CE5 		ldr	ip, [ip, #8]
 122 010c 0CE08DE5 		str	lr, [sp, #12]
 123 0110 04308DE5 		str	r3, [sp, #4]
 124 0114 08C08DE5 		str	ip, [sp, #8]
 125 0118 FEFFFFEB 		bl	_ZN6tflite9GetOutputEP13TfLiteContextPK10TfLiteNodei
 126 011c 082090E5 		ldr	r2, [r0, #8]
 127 0120 0030A0E1 		mov	r3, r0
 128 0124 001092E5 		ldr	r1, [r2]
 129 0128 020051E3 		cmp	r1, #2
 130 012c EBFFFF1A 		bne	.L12
 131 0130 041092E5 		ldr	r1, [r2, #4]
 132 0134 04009DE5 		ldr	r0, [sp, #4]
 133 0138 010050E1 		cmp	r0, r1
 134 013c E7FFFF1A 		bne	.L12
 135 0140 0910A0E1 		mov	r1, r9
 136 0144 0800A0E1 		mov	r0, r8
 137 0148 14208DE5 		str	r2, [sp, #20]
 138 014c 10308DE5 		str	r3, [sp, #16]
 139 0150 FEFFFFEB 		bl	__aeabi_idiv
 140 0154 14209DE5 		ldr	r2, [sp, #20]
 141 0158 0090A0E1 		mov	r9, r0
 142 015c 10309DE5 		ldr	r3, [sp, #16]
 143 0160 082092E5 		ldr	r2, [r2, #8]
 144 0164 020050E1 		cmp	r0, r2
 145 0168 DCFFFF1A 		bne	.L12
 146 016c 082097E5 		ldr	r2, [r7, #8]
 147 0170 001092E5 		ldr	r1, [r2]
 148 0174 020051E3 		cmp	r1, #2
 149 0178 D8FFFF1A 		bne	.L12
 150 017c 082092E5 		ldr	r2, [r2, #8]
 151 0180 0C109DE5 		ldr	r1, [sp, #12]
 152 0184 020051E1 		cmp	r1, r2
 153 0188 D4FFFF1A 		bne	.L12
 154 018c 08209AE5 		ldr	r2, [r10, #8]
 155 0190 001092E5 		ldr	r1, [r2]
 156 0194 020051E3 		cmp	r1, #2
 157 0198 D0FFFF1A 		bne	.L12
 158 019c 041092E5 		ldr	r1, [r2, #4]
 159 01a0 010058E1 		cmp	r8, r1
 160 01a4 CDFFFF1A 		bne	.L12
 161 01a8 082092E5 		ldr	r2, [r2, #8]
 162 01ac 08109DE5 		ldr	r1, [sp, #8]
 163 01b0 020051E1 		cmp	r1, r2
 164 01b4 C9FFFF1A 		bne	.L12
 165 01b8 00005BE3 		cmp	fp, #0
 166 01bc 0300000A 		beq	.L13
 167 01c0 08209BE5 		ldr	r2, [fp, #8]
 168 01c4 042092E5 		ldr	r2, [r2, #4]
 169 01c8 020050E1 		cmp	r0, r2
 170 01cc C3FFFF1A 		bne	.L12
 171              	.L13:
 172 01d0 00209DE5 		ldr	r2, [sp]
 173 01d4 081092E5 		ldr	r1, [r2, #8]
 174 01d8 002091E5 		ldr	r2, [r1]
 175 01dc 020052E3 		cmp	r2, #2
 176 01e0 BEFFFF1A 		bne	.L12
 177 01e4 042091E5 		ldr	r2, [r1, #4]
 178 01e8 04009DE5 		ldr	r0, [sp, #4]
 179 01ec 020050E1 		cmp	r0, r2
 180 01f0 BAFFFF1A 		bne	.L12
 181 01f4 08209DE5 		ldr	r2, [sp, #8]
 182 01f8 081091E5 		ldr	r1, [r1, #8]
 183 01fc 920802E0 		mul	r2, r2, r8
 184 0200 020051E1 		cmp	r1, r2
 185 0204 B5FFFF1A 		bne	.L12
 186 0208 00209DE5 		ldr	r2, [sp]
 187 020c 2D20D2E5 		ldrb	r2, [r2, #45]	@ zero_extendqisi2
 188 0210 000052E3 		cmp	r2, #0
 189 0214 B1FFFF0A 		beq	.L12
 190 0218 002094E5 		ldr	r2, [r4]
 191 021c 002092E5 		ldr	r2, [r2]
 192 0220 050052E3 		cmp	r2, #5
 193 0224 ADFFFF1A 		bne	.L12
 194 0228 104094E5 		ldr	r4, [r4, #16]
 195 022c 000054E3 		cmp	r4, #0
 196 0230 2000000A 		beq	.L14
 197 0234 0020D6E5 		ldrb	r2, [r6]	@ zero_extendqisi2
 198 0238 090052E3 		cmp	r2, #9
 199 023c 0020D7E5 		ldrb	r2, [r7]	@ zero_extendqisi2
 200 0240 1D00000A 		beq	.L53
 201 0244 010052E3 		cmp	r2, #1
 202 0248 A4FFFF1A 		bne	.L12
 203 024c 0020DAE5 		ldrb	r2, [r10]	@ zero_extendqisi2
 204 0250 010052E3 		cmp	r2, #1
 205 0254 A1FFFF1A 		bne	.L12
 206 0258 00209DE5 		ldr	r2, [sp]
 207 025c 0020D2E5 		ldrb	r2, [r2]	@ zero_extendqisi2
 208 0260 010052E3 		cmp	r2, #1
 209 0264 9DFFFF1A 		bne	.L12
 210 0268 00005BE3 		cmp	fp, #0
 211 026c 0200000A 		beq	.L18
 212 0270 0020DBE5 		ldrb	r2, [fp]	@ zero_extendqisi2
 213 0274 010052E3 		cmp	r2, #1
 214 0278 98FFFF1A 		bne	.L12
 215              	.L18:
 216 027c 0030D3E5 		ldrb	r3, [r3]	@ zero_extendqisi2
 217 0280 010053E3 		cmp	r3, #1
 218 0284 95FFFF1A 		bne	.L12
 219 0288 403095E5 		ldr	r3, [r5, #64]
 220 028c 000053E3 		cmp	r3, #0
 221 0290 0800000A 		beq	.L14
 222 0294 04209DE5 		ldr	r2, [sp, #4]
 223 0298 980201E0 		mul	r1, r8, r2
 224 029c 102084E2 		add	r2, r4, #16
 225              	.L51:
 226 02a0 0500A0E1 		mov	r0, r5
 227 02a4 0111A0E1 		lsl	r1, r1, #2
 228 02a8 1CD08DE2 		add	sp, sp, #28
 229              		@ sp needed
 230 02ac 028BBDEC 		vldm	sp!, {d8}
 231 02b0 F04FBDE8 		pop	{r4, r5, r6, r7, r8, r9, r10, fp, lr}
 232 02b4 13FF2FE1 		bx	r3
 233              	.L14:
 234 02b8 FEFFFFEB 		bl	abort
 235              	.L53:
 236 02bc 090052E3 		cmp	r2, #9
 237 02c0 86FFFF1A 		bne	.L12
 238 02c4 0020DAE5 		ldrb	r2, [r10]	@ zero_extendqisi2
 239 02c8 070052E3 		cmp	r2, #7
 240 02cc 83FFFF1A 		bne	.L12
 241 02d0 00209DE5 		ldr	r2, [sp]
 242 02d4 0020D2E5 		ldrb	r2, [r2]	@ zero_extendqisi2
 243 02d8 070052E3 		cmp	r2, #7
 244 02dc 7FFFFF1A 		bne	.L12
 245 02e0 00005BE3 		cmp	fp, #0
 246 02e4 0200000A 		beq	.L16
 247 02e8 0020DBE5 		ldrb	r2, [fp]	@ zero_extendqisi2
 248 02ec 020052E3 		cmp	r2, #2
 249 02f0 7AFFFF1A 		bne	.L12
 250              	.L16:
 251 02f4 0020D3E5 		ldrb	r2, [r3]	@ zero_extendqisi2
 252 02f8 090052E3 		cmp	r2, #9
 253 02fc 77FFFF1A 		bne	.L12
 254 0300 00209DE5 		ldr	r2, [sp]
 255 0304 037A9AED 		vldr.32	s14, [r10, #12]
 256 0308 036AD6ED 		vldr.32	s13, [r6, #12]
 257 030c 036A92ED 		vldr.32	s12, [r2, #12]
 258 0310 035A97ED 		vldr.32	s10, [r7, #12]
 259 0314 035AD3ED 		vldr.32	s11, [r3, #12]
 260 0318 037ADBED 		vldr.32	s15, [fp, #12]
 261 031c 077A26EE 		vmul.f32	s14, s12, s14
 262 0320 856A66EE 		vmul.f32	s13, s13, s10
 263 0324 272BDFED 		vldr.64	d18, .L54
 264 0328 E70AF7EE 		vcvt.f64.f32	d16, s15
 265 032c 258A87EE 		vdiv.f32	s16, s14, s11
 266 0330 860A86EE 		vdiv.f32	s0, s13, s12
 267 0334 C71AF7EE 		vcvt.f64.f32	d17, s14
 268 0338 E10B70EE 		vsub.f64	d16, d16, d17
 269 033c E00BF0EE 		vabs.f64	d16, d16
 270 0340 E20BF4EE 		vcmpe.f64	d16, d18
 271 0344 10FAF1EE 		vmrs	APSR_nzcv, FPSCR
 272 0348 C88AB7EE 		vcvt.f64.f32	d8, s16
 273 034c C00AB7EE 		vcvt.f64.f32	d0, s0
 274 0350 62FFFF5A 		bpl	.L12
 275 0354 081084E2 		add	r1, r4, #8
 276 0358 0400A0E1 		mov	r0, r4
 277 035c 00308DE5 		str	r3, [sp]
 278 0360 FEFFFFEB 		bl	_ZN6tflite18QuantizeMultiplierEdPlPi
 279 0364 480BB0EE 		vmov.f64	d0, d8
 280 0368 0C1084E2 		add	r1, r4, #12
 281 036c 040084E2 		add	r0, r4, #4
 282 0370 FEFFFFEB 		bl	_ZN6tflite18QuantizeMultiplierEdPlPi
 283 0374 00309DE5 		ldr	r3, [sp]
 284 0378 407095E5 		ldr	r7, [r5, #64]
 285 037c 102096E5 		ldr	r2, [r6, #16]
 286 0380 103093E5 		ldr	r3, [r3, #16]
 287 0384 000057E3 		cmp	r7, #0
 288 0388 182084E5 		str	r2, [r4, #24]
 289 038c 1C3084E5 		str	r3, [r4, #28]
 290 0390 C8FFFF0A 		beq	.L14
 291 0394 04309DE5 		ldr	r3, [sp, #4]
 292 0398 102084E2 		add	r2, r4, #16
 293 039c 0500A0E1 		mov	r0, r5
 294 03a0 980301E0 		mul	r1, r8, r3
 295 03a4 0111A0E1 		lsl	r1, r1, #2
 296 03a8 37FF2FE1 		blx	r7
 297 03ac 000050E3 		cmp	r0, #0
 298 03b0 4BFFFF1A 		bne	.L11
 299 03b4 04309DE5 		ldr	r3, [sp, #4]
 300 03b8 142084E2 		add	r2, r4, #20
 301 03bc 990301E0 		mul	r1, r9, r3
 302 03c0 403095E5 		ldr	r3, [r5, #64]
 303 03c4 B5FFFFEA 		b	.L51
 304              	.L55:
 305              		.align	3
 306              	.L54:
 307 03c8 F168E388 		.word	-1998362383
 308 03cc B5F8E43E 		.word	1055193269
 309              		.fnend
 311              		.section	.text._ZN6tflite12_GLOBAL__N_14EvalEP13TfLiteContextP10TfLiteNode,"ax",%progbits
 312              		.align	2
 313              		.syntax unified
 314              		.arm
 315              		.fpu neon
 317              	_ZN6tflite12_GLOBAL__N_14EvalEP13TfLiteContextP10TfLiteNode:
 318              		.fnstart
 319              	.LFB4337:
 320              		@ args = 0, pretend = 0, frame = 224
 321              		@ frame_needed = 0, uses_anonymous_args = 0
 322 0000 F04F2DE9 		push	{r4, r5, r6, r7, r8, r9, r10, fp, lr}
 323              		.save {r4, r5, r6, r7, r8, r9, r10, fp, lr}
 324 0004 106091E5 		ldr	r6, [r1, #16]
 325 0008 143091E5 		ldr	r3, [r1, #20]
 326 000c 000056E3 		cmp	r6, #0
 327 0010 048B2DED 		vpush.64	{d8, d9}
 328              		.vsave {d8, d9}
 329              		.pad #284
 330 0014 47DF4DE2 		sub	sp, sp, #284
 331 0018 54308DE5 		str	r3, [sp, #84]
 332 001c 5102000A 		beq	.L58
 333 0020 000050E3 		cmp	r0, #0
 334 0024 0070A0E1 		mov	r7, r0
 335 0028 4E02000A 		beq	.L58
 336 002c 002091E5 		ldr	r2, [r1]
 337 0030 0150A0E1 		mov	r5, r1
 338 0034 543090E5 		ldr	r3, [r0, #84]
 339 0038 041092E5 		ldr	r1, [r2, #4]
 340 003c 33FF2FE1 		blx	r3
 341 0040 002095E5 		ldr	r2, [r5]
 342 0044 0080A0E1 		mov	r8, r0
 343 0048 543097E5 		ldr	r3, [r7, #84]
 344 004c 0700A0E1 		mov	r0, r7
 345 0050 081092E5 		ldr	r1, [r2, #8]
 346 0054 33FF2FE1 		blx	r3
 347 0058 002095E5 		ldr	r2, [r5]
 348 005c 0040A0E1 		mov	r4, r0
 349 0060 543097E5 		ldr	r3, [r7, #84]
 350 0064 0700A0E1 		mov	r0, r7
 351 0068 0C1092E5 		ldr	r1, [r2, #12]
 352 006c 33FF2FE1 		blx	r3
 353 0070 003095E5 		ldr	r3, [r5]
 354 0074 0090A0E1 		mov	r9, r0
 355 0078 002093E5 		ldr	r2, [r3]
 356 007c 050052E3 		cmp	r2, #5
 357 0080 00A0A013 		movne	r10, #0
 358 0084 0D02000A 		beq	.L165
 359              	.L59:
 360 0088 141093E5 		ldr	r1, [r3, #20]
 361 008c 0700A0E1 		mov	r0, r7
 362 0090 543097E5 		ldr	r3, [r7, #84]
 363 0094 33FF2FE1 		blx	r3
 364 0098 042095E5 		ldr	r2, [r5, #4]
 365 009c 00B0A0E1 		mov	fp, r0
 366 00a0 543097E5 		ldr	r3, [r7, #84]
 367 00a4 0700A0E1 		mov	r0, r7
 368 00a8 041092E5 		ldr	r1, [r2, #4]
 369 00ac 33FF2FE1 		blx	r3
 370 00b0 0820D4E5 		ldrb	r2, [r4, #8]	@ zero_extendqisi2
 371 00b4 0030A0E1 		mov	r3, r0
 372 00b8 010052E3 		cmp	r2, #1
 373 00bc 6500000A 		beq	.L61
 374 00c0 090052E3 		cmp	r2, #9
 375 00c4 5F00001A 		bne	.L166
 376 00c8 54109DE5 		ldr	r1, [sp, #84]
 377 00cc 0229A0E3 		mov	r2, #32768
 378 00d0 04E098E5 		ldr	lr, [r8, #4]
 379 00d4 FF2F4FE3 		movt	r2, 65535
 380 00d8 04C094E5 		ldr	ip, [r4, #4]
 381 00dc 001091E5 		ldr	r1, [r1]
 382 00e0 3C308DE5 		str	r3, [sp, #60]
 383 00e4 040099E5 		ldr	r0, [r9, #4]
 384 00e8 FC108DE5 		str	r1, [sp, #252]
 385 00ec 041093E5 		ldr	r1, [r3, #4]
 386 00f0 04309EE5 		ldr	r3, [lr, #4]
 387 00f4 08E09EE5 		ldr	lr, [lr, #8]
 388 00f8 04509AE5 		ldr	r5, [r10, #4]
 389 00fc 9C308DE5 		str	r3, [sp, #156]
 390 0100 A0E08DE5 		str	lr, [sp, #160]
 391 0104 04E09CE5 		ldr	lr, [ip, #4]
 392 0108 08C09CE5 		ldr	ip, [ip, #8]
 393 010c ACE08DE5 		str	lr, [sp, #172]
 394 0110 B0C08DE5 		str	ip, [sp, #176]
 395 0114 005090E9 		ldmib	r0, {ip, lr}
 396 0118 210095E9 		ldmib	r5, {r0, r5}
 397 011c BCC08DE5 		str	ip, [sp, #188]
 398 0120 CC008DE5 		str	r0, [sp, #204]
 399 0124 DC008DE5 		str	r0, [sp, #220]
 400 0128 011091E9 		ldmib	r1, {r0, ip}
 401 012c 181096E5 		ldr	r1, [r6, #24]
 402 0130 C0E08DE5 		str	lr, [sp, #192]
 403 0134 EC008DE5 		str	r0, [sp, #236]
 404 0138 1C0096E5 		ldr	r0, [r6, #28]
 405 013c F0C08DE5 		str	ip, [sp, #240]
 406 0140 7FC0E0E3 		mvn	ip, #127
 407 0144 E0508DE5 		str	r5, [sp, #224]
 408 0148 00118DE5 		str	r1, [sp, #256]
 409 014c FF1F07E3 		movw	r1, #32767
 410 0150 04018DE5 		str	r0, [sp, #260]
 411 0154 000096E5 		ldr	r0, [r6]
 412 0158 0C118DE5 		str	r1, [sp, #268]
 413 015c 081096E5 		ldr	r1, [r6, #8]
 414 0160 08218DE5 		str	r2, [sp, #264]
 415 0164 442097E5 		ldr	r2, [r7, #68]
 416 0168 10C18DE5 		str	ip, [sp, #272]
 417 016c 04C096E5 		ldr	ip, [r6, #4]
 418 0170 80108DE5 		str	r1, [sp, #128]
 419 0174 000052E3 		cmp	r2, #0
 420 0178 0C1096E5 		ldr	r1, [r6, #12]
 421 017c 7C008DE5 		str	r0, [sp, #124]
 422 0180 7F00A0E3 		mov	r0, #127
 423 0184 84C08DE5 		str	ip, [sp, #132]
 424 0188 14018DE5 		str	r0, [sp, #276]
 425 018c 88108DE5 		str	r1, [sp, #136]
 426 0190 F401000A 		beq	.L58
 427 0194 101096E5 		ldr	r1, [r6, #16]
 428 0198 0700A0E1 		mov	r0, r7
 429 019c 32FF2FE1 		blx	r2
 430 01a0 141096E5 		ldr	r1, [r6, #20]
 431 01a4 DC508DE2 		add	r5, sp, #220
 432 01a8 8C008DE5 		str	r0, [sp, #140]
 433 01ac 0700A0E1 		mov	r0, r7
 434 01b0 442097E5 		ldr	r2, [r7, #68]
 435 01b4 AC608DE2 		add	r6, sp, #172
 436 01b8 32FF2FE1 		blx	r2
 437 01bc 3C309DE5 		ldr	r3, [sp, #60]
 438 01c0 00005BE3 		cmp	fp, #0
 439 01c4 94008DE5 		str	r0, [sp, #148]
 440 01c8 CC008DE2 		add	r0, sp, #204
 441 01cc 001098E5 		ldr	r1, [r8]
 442 01d0 9CE08DE2 		add	lr, sp, #156
 443 01d4 002093E5 		ldr	r2, [r3]
 444 01d8 EC308DE2 		add	r3, sp, #236
 445 01dc 00B09B15 		ldrne	fp, [fp]
 446 01e0 84C08DE2 		add	ip, sp, #132
 447 01e4 2C308DE5 		str	r3, [sp, #44]
 448 01e8 30208DE5 		str	r2, [sp, #48]
 449 01ec BC208DE2 		add	r2, sp, #188
 450 01f0 00309AE5 		ldr	r3, [r10]
 451 01f4 24008DE5 		str	r0, [sp, #36]
 452 01f8 28308DE5 		str	r3, [sp, #40]
 453 01fc 003099E5 		ldr	r3, [r9]
 454 0200 1C208DE5 		str	r2, [sp, #28]
 455 0204 FC208DE2 		add	r2, sp, #252
 456 0208 20308DE5 		str	r3, [sp, #32]
 457 020c 7C308DE2 		add	r3, sp, #124
 458 0210 000094E5 		ldr	r0, [r4]
 459 0214 08108DE5 		str	r1, [sp, #8]
 460 0218 94108DE2 		add	r1, sp, #148
 461 021c 10B08DE5 		str	fp, [sp, #16]
 462 0220 18008DE5 		str	r0, [sp, #24]
 463 0224 8C008DE2 		add	r0, sp, #140
 464 0228 14608DE5 		str	r6, [sp, #20]
 465 022c 0C508DE5 		str	r5, [sp, #12]
 466 0230 00508DE8 		stm	sp, {ip, lr}
 467 0234 FEFFFFEB 		bl	arm_svdf_s8
 468              	.L154:
 469 0238 0000A0E3 		mov	r0, #0
 470 023c 47DF8DE2 		add	sp, sp, #284
 471              		@ sp needed
 472 0240 048BBDEC 		vldm	sp!, {d8-d9}
 473 0244 F08FBDE8 		pop	{r4, r5, r6, r7, r8, r9, r10, fp, pc}
 474              	.L166:
 475 0248 0100A0E3 		mov	r0, #1
 476 024c 47DF8DE2 		add	sp, sp, #284
 477              		@ sp needed
 478 0250 048BBDEC 		vldm	sp!, {d8-d9}
 479 0254 F08FBDE8 		pop	{r4, r5, r6, r7, r8, r9, r10, fp, pc}
 480              	.L61:
 481 0258 042098E5 		ldr	r2, [r8, #4]
 482 025c 041094E5 		ldr	r1, [r4, #4]
 483 0260 44008DE5 		str	r0, [sp, #68]
 484 0264 54309DE5 		ldr	r3, [sp, #84]
 485 0268 100096E5 		ldr	r0, [r6, #16]
 486 026c 086092E5 		ldr	r6, [r2, #8]
 487 0270 005093E5 		ldr	r5, [r3]
 488 0274 40008DE5 		str	r0, [sp, #64]
 489 0278 043091E5 		ldr	r3, [r1, #4]
 490 027c 040092E5 		ldr	r0, [r2, #4]
 491 0280 0510A0E1 		mov	r1, r5
 492 0284 64308DE5 		str	r3, [sp, #100]
 493 0288 3C008DE5 		str	r0, [sp, #60]
 494 028c 0300A0E1 		mov	r0, r3
 495 0290 FEFFFFEB 		bl	__aeabi_idiv
 496 0294 003094E5 		ldr	r3, [r4]
 497 0298 00005AE3 		cmp	r10, #0
 498 029c 042099E5 		ldr	r2, [r9, #4]
 499 02a0 58008DE5 		str	r0, [sp, #88]
 500 02a4 48308DE5 		str	r3, [sp, #72]
 501 02a8 003099E5 		ldr	r3, [r9]
 502 02ac 084092E5 		ldr	r4, [r2, #8]
 503 02b0 4C308DE5 		str	r3, [sp, #76]
 504 02b4 AB01000A 		beq	.L58
 505 02b8 00005BE3 		cmp	fp, #0
 506 02bc 00309AE5 		ldr	r3, [r10]
 507 02c0 00209B15 		ldrne	r2, [fp]
 508 02c4 5CB08D05 		streq	fp, [sp, #92]
 509 02c8 68308DE5 		str	r3, [sp, #104]
 510 02cc 5C208D15 		strne	r2, [sp, #92]
 511 02d0 442097E5 		ldr	r2, [r7, #68]
 512 02d4 44309DE5 		ldr	r3, [sp, #68]
 513 02d8 008098E5 		ldr	r8, [r8]
 514 02dc 000052E3 		cmp	r2, #0
 515 02e0 44308DE5 		str	r3, [sp, #68]
 516 02e4 9F01000A 		beq	.L58
 517 02e8 40109DE5 		ldr	r1, [sp, #64]
 518 02ec 0700A0E1 		mov	r0, r7
 519 02f0 32FF2FE1 		blx	r2
 520 02f4 44309DE5 		ldr	r3, [sp, #68]
 521 02f8 3C209DE5 		ldr	r2, [sp, #60]
 522 02fc 70008DE5 		str	r0, [sp, #112]
 523 0300 000053E3 		cmp	r3, #0
 524 0304 00309315 		ldrne	r3, [r3]
 525 0308 60308DE5 		str	r3, [sp, #96]
 526 030c 64309DE5 		ldr	r3, [sp, #100]
 527 0310 930202E0 		mul	r2, r3, r2
 528 0314 5C309DE5 		ldr	r3, [sp, #92]
 529 0318 041083E2 		add	r1, r3, #4
 530 031c 940202E0 		mul	r2, r4, r2
 531 0320 0221A0E1 		lsl	r2, r2, #2
 532 0324 023083E0 		add	r3, r3, r2
 533 0328 030051E1 		cmp	r1, r3
 534 032c 0200000A 		beq	.L68
 535 0330 042042E2 		sub	r2, r2, #4
 536 0334 5C009DE5 		ldr	r0, [sp, #92]
 537 0338 FEFFFFEB 		bl	memmove
 538              	.L68:
 539 033c 3C309DE5 		ldr	r3, [sp, #60]
 540 0340 079144E2 		sub	r9, r4, #-1073741823
 541 0344 0991A0E1 		lsl	r9, r9, #2
 542 0348 000053E3 		cmp	r3, #0
 543 034c 5C309DE5 		ldr	r3, [sp, #92]
 544 0350 093083E0 		add	r3, r3, r9
 545 0354 40308DE5 		str	r3, [sp, #64]
 546 0358 700100DA 		ble	.L167
 547 035c 64309DE5 		ldr	r3, [sp, #100]
 548 0360 049089E2 		add	r9, r9, #4
 549 0364 000053E3 		cmp	r3, #0
 550 0368 780100DA 		ble	.L69
 551 036c 990302E0 		mul	r2, r9, r3
 552 0370 09E046E2 		sub	lr, r6, #9
 553 0374 07E0CEE3 		bic	lr, lr, #7
 554 0378 08B0A0E1 		mov	fp, r8
 555 037c 08E08EE2 		add	lr, lr, #8
 556 0380 6C508DE5 		str	r5, [sp, #108]
 557 0384 0380A0E1 		mov	r8, r3
 558 0388 0010A0E3 		mov	r1, #0
 559 038c 50208DE5 		str	r2, [sp, #80]
 560 0390 0621A0E1 		lsl	r2, r6, #2
 561 0394 44108DE5 		str	r1, [sp, #68]
 562 0398 02A0A0E1 		mov	r10, r2
 563 039c 74408DE5 		str	r4, [sp, #116]
 564              	.L77:
 565 03a0 48709DE5 		ldr	r7, [sp, #72]
 566 03a4 0040A0E3 		mov	r4, #0
 567 03a8 40509DE5 		ldr	r5, [sp, #64]
 568              	.L75:
 569 03ac 000056E3 		cmp	r6, #0
 570 03b0 FB7ADFED 		vldr.32	s15, .L170
 571 03b4 2D0000DA 		ble	.L70
 572 03b8 080056E3 		cmp	r6, #8
 573 03bc 3B0100DA 		ble	.L122
 574 03c0 203087E2 		add	r3, r7, #32
 575 03c4 20208BE2 		add	r2, fp, #32
 576 03c8 0010A0E3 		mov	r1, #0
 577              	.L72:
 578 03cc 085A53ED 		vldr.32	s11, [r3, #-32]
 579 03d0 081081E2 		add	r1, r1, #8
 580 03d4 086A12ED 		vldr.32	s12, [r2, #-32]
 581 03d8 0E0051E1 		cmp	r1, lr
 582 03dc 076A53ED 		vldr.32	s13, [r3, #-28]
 583 03e0 0300A0E1 		mov	r0, r3
 584 03e4 077A12ED 		vldr.32	s14, [r2, #-28]
 585 03e8 02C0A0E1 		mov	ip, r2
 586 03ec 061A53ED 		vldr.32	s3, [r3, #-24]
 587 03f0 202082E2 		add	r2, r2, #32
 588 03f4 867A45EE 		vmla.f32	s15, s11, s12
 589 03f8 0E2A12ED 		vldr.32	s4, [r2, #-56]
 590 03fc 052A53ED 		vldr.32	s5, [r3, #-20]
 591 0400 0D3A12ED 		vldr.32	s6, [r2, #-52]
 592 0404 043A53ED 		vldr.32	s7, [r3, #-16]
 593 0408 0C4A12ED 		vldr.32	s8, [r2, #-48]
 594 040c 034A53ED 		vldr.32	s9, [r3, #-12]
 595 0410 877A46EE 		vmla.f32	s15, s13, s14
 596 0414 0B5A12ED 		vldr.32	s10, [r2, #-44]
 597 0418 025A53ED 		vldr.32	s11, [r3, #-8]
 598 041c 0A6A12ED 		vldr.32	s12, [r2, #-40]
 599 0420 016A53ED 		vldr.32	s13, [r3, #-4]
 600 0424 097A12ED 		vldr.32	s14, [r2, #-36]
 601 0428 3CF0D3F5 		pld	[r3, #60]
 602 042c 203083E2 		add	r3, r3, #32
 603 0430 827A41EE 		vmla.f32	s15, s3, s4
 604 0434 837A42EE 		vmla.f32	s15, s5, s6
 605 0438 847A43EE 		vmla.f32	s15, s7, s8
 606 043c 857A44EE 		vmla.f32	s15, s9, s10
 607 0440 867A45EE 		vmla.f32	s15, s11, s12
 608 0444 877A46EE 		vmla.f32	s15, s13, s14
 609 0448 DFFFFF1A 		bne	.L72
 610 044c 0C20A0E1 		mov	r2, ip
 611 0450 0030A0E1 		mov	r3, r0
 612              	.L74:
 613 0454 016AF3EC 		vldmia.32	r3!, {s13}
 614 0458 011081E2 		add	r1, r1, #1
 615 045c 017AB2EC 		vldmia.32	r2!, {s14}
 616 0460 010056E1 		cmp	r6, r1
 617 0464 877A46EE 		vmla.f32	s15, s13, s14
 618 0468 F9FFFFCA 		bgt	.L74
 619 046c 0A7087E0 		add	r7, r7, r10
 620              	.L70:
 621 0470 014084E2 		add	r4, r4, #1
 622 0474 007AC5ED 		vstr.32	s15, [r5]
 623 0478 040058E1 		cmp	r8, r4
 624 047c 095085E0 		add	r5, r5, r9
 625 0480 C9FFFF1A 		bne	.L75
 626 0484 40209DE5 		ldr	r2, [sp, #64]
 627 0488 0AB08BE0 		add	fp, fp, r10
 628 048c 50109DE5 		ldr	r1, [sp, #80]
 629 0490 44309DE5 		ldr	r3, [sp, #68]
 630 0494 012082E0 		add	r2, r2, r1
 631 0498 40208DE5 		str	r2, [sp, #64]
 632 049c 013083E2 		add	r3, r3, #1
 633 04a0 3C209DE5 		ldr	r2, [sp, #60]
 634 04a4 44308DE5 		str	r3, [sp, #68]
 635 04a8 030052E1 		cmp	r2, r3
 636 04ac BBFFFF1A 		bne	.L77
 637 04b0 74409DE5 		ldr	r4, [sp, #116]
 638 04b4 00B0A0E3 		mov	fp, #0
 639 04b8 64A09DE5 		ldr	r10, [sp, #100]
 640 04bc 54109DE5 		ldr	r1, [sp, #84]
 641 04c0 09E044E2 		sub	lr, r4, #9
 642 04c4 6C509DE5 		ldr	r5, [sp, #108]
 643 04c8 07E0CEE3 		bic	lr, lr, #7
 644 04cc 940A03E0 		mul	r3, r4, r10
 645 04d0 0410D1E5 		ldrb	r1, [r1, #4]	@ zero_extendqisi2
 646 04d4 0A21A0E1 		lsl	r2, r10, #2
 647 04d8 08E08EE2 		add	lr, lr, #8
 648 04dc 6C108DE5 		str	r1, [sp, #108]
 649 04e0 0331A0E1 		lsl	r3, r3, #2
 650 04e4 5C109DE5 		ldr	r1, [sp, #92]
 651 04e8 50208DE5 		str	r2, [sp, #80]
 652 04ec 54308DE5 		str	r3, [sp, #84]
 653 04f0 70309DE5 		ldr	r3, [sp, #112]
 654 04f4 40108DE5 		str	r1, [sp, #64]
 655 04f8 5C508DE5 		str	r5, [sp, #92]
 656 04fc 44308DE5 		str	r3, [sp, #68]
 657 0500 0030A0E3 		mov	r3, #0
 658 0504 48308DE5 		str	r3, [sp, #72]
 659              	.L80:
 660 0508 44509DE5 		ldr	r5, [sp, #68]
 661 050c 0060A0E3 		mov	r6, #0
 662 0510 40809DE5 		ldr	r8, [sp, #64]
 663 0514 4C709DE5 		ldr	r7, [sp, #76]
 664              	.L78:
 665 0518 000054E3 		cmp	r4, #0
 666 051c 00B085E5 		str	fp, [r5]	@ float
 667 0520 300000DA 		ble	.L81
 668 0524 080054E3 		cmp	r4, #8
 669 0528 9D7ADFED 		vldr.32	s15, .L170
 670 052c DB0000DA 		ble	.L123
 671 0530 203087E2 		add	r3, r7, #32
 672 0534 202088E2 		add	r2, r8, #32
 673 0538 0010A0E3 		mov	r1, #0
 674              	.L83:
 675 053c 085A53ED 		vldr.32	s11, [r3, #-32]
 676 0540 081081E2 		add	r1, r1, #8
 677 0544 086A12ED 		vldr.32	s12, [r2, #-32]
 678 0548 0E0051E1 		cmp	r1, lr
 679 054c 076A52ED 		vldr.32	s13, [r2, #-28]
 680 0550 0300A0E1 		mov	r0, r3
 681 0554 077A13ED 		vldr.32	s14, [r3, #-28]
 682 0558 02C0A0E1 		mov	ip, r2
 683 055c 061A53ED 		vldr.32	s3, [r3, #-24]
 684 0560 202082E2 		add	r2, r2, #32
 685 0564 867A45EE 		vmla.f32	s15, s11, s12
 686 0568 0E2A12ED 		vldr.32	s4, [r2, #-56]
 687 056c 052A53ED 		vldr.32	s5, [r3, #-20]
 688 0570 0D3A12ED 		vldr.32	s6, [r2, #-52]
 689 0574 043A53ED 		vldr.32	s7, [r3, #-16]
 690 0578 0C4A12ED 		vldr.32	s8, [r2, #-48]
 691 057c 034A53ED 		vldr.32	s9, [r3, #-12]
 692 0580 877A46EE 		vmla.f32	s15, s13, s14
 693 0584 0B5A12ED 		vldr.32	s10, [r2, #-44]
 694 0588 025A53ED 		vldr.32	s11, [r3, #-8]
 695 058c 0A6A12ED 		vldr.32	s12, [r2, #-40]
 696 0590 016A53ED 		vldr.32	s13, [r3, #-4]
 697 0594 097A12ED 		vldr.32	s14, [r2, #-36]
 698 0598 3CF0D3F5 		pld	[r3, #60]
 699 059c 203083E2 		add	r3, r3, #32
 700 05a0 827A41EE 		vmla.f32	s15, s3, s4
 701 05a4 837A42EE 		vmla.f32	s15, s5, s6
 702 05a8 847A43EE 		vmla.f32	s15, s7, s8
 703 05ac 857A44EE 		vmla.f32	s15, s9, s10
 704 05b0 867A45EE 		vmla.f32	s15, s11, s12
 705 05b4 877A46EE 		vmla.f32	s15, s13, s14
 706 05b8 DFFFFF1A 		bne	.L83
 707 05bc 0C20A0E1 		mov	r2, ip
 708 05c0 0030A0E1 		mov	r3, r0
 709              	.L85:
 710 05c4 016AF2EC 		vldmia.32	r2!, {s13}
 711 05c8 011081E2 		add	r1, r1, #1
 712 05cc 017AB3EC 		vldmia.32	r3!, {s14}
 713 05d0 010054E1 		cmp	r4, r1
 714 05d4 877A46EE 		vmla.f32	s15, s13, s14
 715 05d8 F9FFFFCA 		bgt	.L85
 716 05dc 097087E0 		add	r7, r7, r9
 717 05e0 098088E0 		add	r8, r8, r9
 718 05e4 007AC5ED 		vstr.32	s15, [r5]
 719              	.L81:
 720 05e8 016086E2 		add	r6, r6, #1
 721 05ec 045085E2 		add	r5, r5, #4
 722 05f0 06005AE1 		cmp	r10, r6
 723 05f4 C7FFFF1A 		bne	.L78
 724 05f8 44209DE5 		ldr	r2, [sp, #68]
 725 05fc 50109DE5 		ldr	r1, [sp, #80]
 726 0600 48309DE5 		ldr	r3, [sp, #72]
 727 0604 012082E0 		add	r2, r2, r1
 728 0608 44208DE5 		str	r2, [sp, #68]
 729 060c 013083E2 		add	r3, r3, #1
 730 0610 3C209DE5 		ldr	r2, [sp, #60]
 731 0614 48308DE5 		str	r3, [sp, #72]
 732 0618 030052E1 		cmp	r2, r3
 733 061c 40309DE5 		ldr	r3, [sp, #64]
 734 0620 54209DE5 		ldr	r2, [sp, #84]
 735 0624 023083E0 		add	r3, r3, r2
 736 0628 40308DE5 		str	r3, [sp, #64]
 737 062c B5FFFF1A 		bne	.L80
 738 0630 5C509DE5 		ldr	r5, [sp, #92]
 739              	.L79:
 740 0634 68309DE5 		ldr	r3, [sp, #104]
 741 0638 000053E3 		cmp	r3, #0
 742 063c A600000A 		beq	.L168
 743 0640 58309DE5 		ldr	r3, [sp, #88]
 744 0644 000053E3 		cmp	r3, #0
 745 0648 FAFEFFDA 		ble	.L154
 746 064c 0341A0E1 		lsl	r4, r3, #2
 747 0650 3C709DE5 		ldr	r7, [sp, #60]
 748 0654 60309DE5 		ldr	r3, [sp, #96]
 749 0658 0060A0E3 		mov	r6, #0
 750 065c 68809DE5 		ldr	r8, [sp, #104]
 751              	.L91:
 752 0660 0300A0E1 		mov	r0, r3
 753 0664 016086E2 		add	r6, r6, #1
 754 0668 0420A0E1 		mov	r2, r4
 755 066c 0810A0E1 		mov	r1, r8
 756 0670 FEFFFFEB 		bl	memmove
 757 0674 060057E1 		cmp	r7, r6
 758 0678 043080E0 		add	r3, r0, r4
 759 067c F7FFFF1A 		bne	.L91
 760              	.L90:
 761 0680 64309DE5 		ldr	r3, [sp, #100]
 762 0684 090045E2 		sub	r0, r5, #9
 763 0688 70909DE5 		ldr	r9, [sp, #112]
 764 068c 0700C0E3 		bic	r0, r0, #7
 765 0690 60A09DE5 		ldr	r10, [sp, #96]
 766 0694 0571A0E1 		lsl	r7, r5, #2
 767 0698 080080E2 		add	r0, r0, #8
 768 069c 03B1A0E1 		lsl	fp, r3, #2
 769 06a0 0080A0E3 		mov	r8, #0
 770 06a4 40B08DE5 		str	fp, [sp, #64]
 771 06a8 58B09DE5 		ldr	fp, [sp, #88]
 772              	.L94:
 773 06ac 0960A0E1 		mov	r6, r9
 774 06b0 0AC0A0E1 		mov	ip, r10
 775 06b4 00E0A0E3 		mov	lr, #0
 776              	.L92:
 777 06b8 000055E3 		cmp	r5, #0
 778 06bc 220000DA 		ble	.L95
 779 06c0 080055E3 		cmp	r5, #8
 780 06c4 007ADCED 		vldr.32	s15, [ip]
 781 06c8 710000DA 		ble	.L124
 782 06cc 203086E2 		add	r3, r6, #32
 783 06d0 0020A0E3 		mov	r2, #0
 784              	.L97:
 785 06d4 086A53ED 		vldr.32	s13, [r3, #-32]
 786 06d8 082082E2 		add	r2, r2, #8
 787 06dc 077A13ED 		vldr.32	s14, [r3, #-28]
 788 06e0 000052E1 		cmp	r2, r0
 789 06e4 064A53ED 		vldr.32	s9, [r3, #-24]
 790 06e8 0310A0E1 		mov	r1, r3
 791 06ec 055A13ED 		vldr.32	s10, [r3, #-20]
 792 06f0 A67A77EE 		vadd.f32	s15, s15, s13
 793 06f4 045A53ED 		vldr.32	s11, [r3, #-16]
 794 06f8 036A13ED 		vldr.32	s12, [r3, #-12]
 795 06fc 026A53ED 		vldr.32	s13, [r3, #-8]
 796 0700 877A77EE 		vadd.f32	s15, s15, s14
 797 0704 017A13ED 		vldr.32	s14, [r3, #-4]
 798 0708 68F0D3F5 		pld	[r3, #104]
 799 070c 203083E2 		add	r3, r3, #32
 800 0710 A47A77EE 		vadd.f32	s15, s15, s9
 801 0714 857A77EE 		vadd.f32	s15, s15, s10
 802 0718 A57A77EE 		vadd.f32	s15, s15, s11
 803 071c 867A77EE 		vadd.f32	s15, s15, s12
 804 0720 A67A77EE 		vadd.f32	s15, s15, s13
 805 0724 877A77EE 		vadd.f32	s15, s15, s14
 806 0728 E9FFFF1A 		bne	.L97
 807 072c 0130A0E1 		mov	r3, r1
 808              	.L99:
 809 0730 017AB3EC 		vldmia.32	r3!, {s14}
 810 0734 012082E2 		add	r2, r2, #1
 811 0738 020055E1 		cmp	r5, r2
 812 073c 877A77EE 		vadd.f32	s15, s15, s14
 813 0740 FAFFFFCA 		bgt	.L99
 814 0744 076086E0 		add	r6, r6, r7
 815 0748 007ACCED 		vstr.32	s15, [ip]
 816              	.L95:
 817 074c 01E08EE2 		add	lr, lr, #1
 818 0750 04C08CE2 		add	ip, ip, #4
 819 0754 0E005BE1 		cmp	fp, lr
 820 0758 D6FFFF1A 		bne	.L92
 821 075c 40309DE5 		ldr	r3, [sp, #64]
 822 0760 018088E2 		add	r8, r8, #1
 823 0764 04A08AE0 		add	r10, r10, r4
 824 0768 039089E0 		add	r9, r9, r3
 825 076c 3C309DE5 		ldr	r3, [sp, #60]
 826 0770 080053E1 		cmp	r3, r8
 827 0774 CCFFFFCA 		bgt	.L94
 828 0778 60609DE5 		ldr	r6, [sp, #96]
 829 077c 03B0A0E1 		mov	fp, r3
 830 0780 078ADFED 		vldr.32	s17, .L170
 831 0784 0050A0E3 		mov	r5, #0
 832 0788 58A09DE5 		ldr	r10, [sp, #88]
 833 078c 6C909DE5 		ldr	r9, [sp, #108]
 834 0790 008AB7EE 		vmov.f32	s16, #1.0e+0
 835              	.L102:
 836 0794 0680A0E1 		mov	r8, r6
 837 0798 0070A0E3 		mov	r7, #0
 838 079c 089AB1EE 		vmov.f32	s18, #6.0e+0
 839 07a0 000000EA 		b	.L171
 840              	.L172:
 841              		.align	2
 842              	.L170:
 843 07a4 00000000 		.word	0
 844              	.L171:
 845              	.L101:
 846 07a8 000A98ED 		vldr.32	s0, [r8]
 847 07ac 060059E3 		cmp	r9, #6
 848 07b0 09F19F97 		ldrls	pc, [pc, r9, asl #2]
 849 07b4 690000EA 		b	.L125
 850              	.L105:
 851 07b8 D8070000 		.word	.L103
 852 07bc 04080000 		.word	.L153
 853 07c0 6C080000 		.word	.L107
 854 07c4 FC070000 		.word	.L108
 855 07c8 D4070000 		.word	.L109
 856 07cc 48080000 		.word	.L110
 857 07d0 24080000 		.word	.L111
 858              	.L109:
 859 07d4 FEFFFFEB 		bl	tanhf
 860              	.L103:
 861 07d8 017087E2 		add	r7, r7, #1
 862 07dc 010AA8EC 		vstmia.32	r8!, {s0}
 863 07e0 07005AE1 		cmp	r10, r7
 864 07e4 EFFFFF1A 		bne	.L101
 865              	.L169:
 866 07e8 015085E2 		add	r5, r5, #1
 867 07ec 046086E0 		add	r6, r6, r4
 868 07f0 05005BE1 		cmp	fp, r5
 869 07f4 E6FFFFCA 		bgt	.L102
 870 07f8 8EFEFFEA 		b	.L154
 871              	.L108:
 872 07fc 490AF0EE 		vmov.f32	s1, s18
 873 0800 FEFFFFEB 		bl	fminf
 874              	.L153:
 875 0804 400AF0EE 		vmov.f32	s1, s0
 876 0808 017087E2 		add	r7, r7, #1
 877 080c 680AB0EE 		vmov.f32	s0, s17
 878 0810 FEFFFFEB 		bl	fmaxf
 879 0814 07005AE1 		cmp	r10, r7
 880 0818 010AA8EC 		vstmia.32	r8!, {s0}
 881 081c E1FFFF1A 		bne	.L101
 882 0820 F0FFFFEA 		b	.L169
 883              	.L111:
 884 0824 400AB1EE 		vneg.f32	s0, s0
 885 0828 017087E2 		add	r7, r7, #1
 886 082c FEFFFFEB 		bl	expf
 887 0830 087A70EE 		vadd.f32	s15, s0, s16
 888 0834 07005AE1 		cmp	r10, r7
 889 0838 270A88EE 		vdiv.f32	s0, s16, s15
 890 083c 010AA8EC 		vstmia.32	r8!, {s0}
 891 0840 D8FFFF1A 		bne	.L101
 892 0844 E7FFFFEA 		b	.L169
 893              	.L110:
 894 0848 103A10EE 		vmov	r3, s0	@ int
 895 084c 017087E2 		add	r7, r7, #1
 896 0850 A33FA0E1 		lsr	r3, r3, #31
 897 0854 07005AE1 		cmp	r10, r7
 898 0858 903A07EE 		vmov	s15, r3	@ int
 899 085c 670AB8EE 		vcvt.f32.u32	s0, s15
 900 0860 010AA8EC 		vstmia.32	r8!, {s0}
 901 0864 CFFFFF1A 		bne	.L101
 902 0868 DEFFFFEA 		b	.L169
 903              	.L107:
 904 086c 480AF0EE 		vmov.f32	s1, s16
 905 0870 017087E2 		add	r7, r7, #1
 906 0874 FEFFFFEB 		bl	fminf
 907 0878 400AF0EE 		vmov.f32	s1, s0
 908 087c 000ABFEE 		vmov.f32	s0, #-1.0e+0
 909 0880 FEFFFFEB 		bl	fmaxf
 910 0884 07005AE1 		cmp	r10, r7
 911 0888 010AA8EC 		vstmia.32	r8!, {s0}
 912 088c C5FFFF1A 		bne	.L101
 913 0890 D4FFFFEA 		b	.L169
 914              	.L124:
 915 0894 0630A0E1 		mov	r3, r6
 916 0898 0020A0E3 		mov	r2, #0
 917 089c A3FFFFEA 		b	.L99
 918              	.L123:
 919 08a0 0820A0E1 		mov	r2, r8
 920 08a4 0730A0E1 		mov	r3, r7
 921 08a8 0010A0E3 		mov	r1, #0
 922 08ac 44FFFFEA 		b	.L85
 923              	.L122:
 924 08b0 0B20A0E1 		mov	r2, fp
 925 08b4 0730A0E1 		mov	r3, r7
 926 08b8 0010A0E3 		mov	r1, #0
 927 08bc E4FEFFEA 		b	.L74
 928              	.L165:
 929 08c0 101093E5 		ldr	r1, [r3, #16]
 930 08c4 0700A0E1 		mov	r0, r7
 931 08c8 543097E5 		ldr	r3, [r7, #84]
 932 08cc 33FF2FE1 		blx	r3
 933 08d0 003095E5 		ldr	r3, [r5]
 934 08d4 00A0A0E1 		mov	r10, r0
 935 08d8 EAFDFFEA 		b	.L59
 936              	.L168:
 937 08dc 58309DE5 		ldr	r3, [sp, #88]
 938 08e0 3C209DE5 		ldr	r2, [sp, #60]
 939 08e4 930202E0 		mul	r2, r3, r2
 940 08e8 000052E3 		cmp	r2, #0
 941 08ec 060000DA 		ble	.L89
 942              	.L88:
 943 08f0 0221A0E1 		lsl	r2, r2, #2
 944 08f4 0010A0E3 		mov	r1, #0
 945 08f8 60009DE5 		ldr	r0, [sp, #96]
 946 08fc FEFFFFEB 		bl	memset
 947 0900 3C309DE5 		ldr	r3, [sp, #60]
 948 0904 000053E3 		cmp	r3, #0
 949 0908 4AFEFFDA 		ble	.L154
 950              	.L89:
 951 090c 58309DE5 		ldr	r3, [sp, #88]
 952 0910 000053E3 		cmp	r3, #0
 953 0914 47FEFFDA 		ble	.L154
 954 0918 0341A0E1 		lsl	r4, r3, #2
 955 091c 57FFFFEA 		b	.L90
 956              	.L167:
 957 0920 68309DE5 		ldr	r3, [sp, #104]
 958 0924 000053E3 		cmp	r3, #0
 959 0928 42FEFF1A 		bne	.L154
 960 092c 58309DE5 		ldr	r3, [sp, #88]
 961 0930 3C209DE5 		ldr	r2, [sp, #60]
 962 0934 930202E0 		mul	r2, r3, r2
 963 0938 54309DE5 		ldr	r3, [sp, #84]
 964 093c 0430D3E5 		ldrb	r3, [r3, #4]	@ zero_extendqisi2
 965 0940 000052E3 		cmp	r2, #0
 966 0944 6C308DE5 		str	r3, [sp, #108]
 967 0948 E8FFFFCA 		bgt	.L88
 968 094c 39FEFFEA 		b	.L154
 969              	.L69:
 970 0950 54309DE5 		ldr	r3, [sp, #84]
 971 0954 0430D3E5 		ldrb	r3, [r3, #4]	@ zero_extendqisi2
 972 0958 6C308DE5 		str	r3, [sp, #108]
 973 095c 34FFFFEA 		b	.L79
 974              	.L125:
 975 0960 680AB0EE 		vmov.f32	s0, s17
 976 0964 9BFFFFEA 		b	.L103
 977              	.L58:
 978 0968 FEFFFFEB 		bl	abort
 979              		.fnend
 981              		.section	.text._ZN6tflite13Register_SVDFEv,"ax",%progbits
 982              		.align	2
 983              		.global	_ZN6tflite13Register_SVDFEv
 984              		.syntax unified
 985              		.arm
 986              		.fpu neon
 988              	_ZN6tflite13Register_SVDFEv:
 989              		.fnstart
 990              	.LFB4338:
 991              		@ args = 0, pretend = 0, frame = 0
 992              		@ frame_needed = 0, uses_anonymous_args = 0
 993 0000 00C000E3 		movw	ip, #:lower16:.LANCHOR0
 994 0004 10402DE9 		push	{r4, lr}
 995 0008 00C040E3 		movt	ip, #:upper16:.LANCHOR0
 996 000c 0040A0E1 		mov	r4, r0
 997 0010 00E0A0E1 		mov	lr, r0
 998 0014 0F00BCE8 		ldmia	ip!, {r0, r1, r2, r3}
 999 0018 0F00AEE8 		stmia	lr!, {r0, r1, r2, r3}
 1000 001c 0F009CE8 		ldm	ip, {r0, r1, r2, r3}
 1001 0020 0F008EE8 		stm	lr, {r0, r1, r2, r3}
 1002 0024 0400A0E1 		mov	r0, r4
 1003 0028 1080BDE8 		pop	{r4, pc}
 1004              		.cantunwind
 1005              		.fnend
 1007              		.section	.rodata
 1008              		.align	2
 1009              		.set	.LANCHOR0,. + 0
 1010              	.LC0:
 1011 0000 00000000 		.word	_ZN6tflite12_GLOBAL__N_14InitEP13TfLiteContextPKcj
 1012 0004 00000000 		.word	0
 1013 0008 00000000 		.word	_ZN6tflite12_GLOBAL__N_17PrepareEP13TfLiteContextP10TfLiteNode
 1014 000c 00000000 		.word	_ZN6tflite12_GLOBAL__N_14EvalEP13TfLiteContextP10TfLiteNode
 1015 0010 00000000 		.word	0
 1016 0014 00000000 		.word	0
 1017 0018 00000000 		.word	0
 1018 001c 00000000 		.word	0
 1019              		.ident	"GCC: (GNU Tools for ARM Embedded Processors 6-2017-q2-update) 6.3.1 20170620 (release) [AR
DEFINED SYMBOLS
                            *ABS*:00000000 svdf.cc
C:\Users\a5050395\AppData\Local\Temp\ccepFaAd.s:14     .text._ZN6tflite12_GLOBAL__N_14InitEP13TfLiteContextPKcj:00000000 $a
C:\Users\a5050395\AppData\Local\Temp\ccepFaAd.s:19     .text._ZN6tflite12_GLOBAL__N_14InitEP13TfLiteContextPKcj:00000000 _ZN6tflite12_GLOBAL__N_14InitEP13TfLiteContextPKcj
.ARM.exidx.text._ZN6tflite12_GLOBAL__N_14InitEP13TfLiteContextPKcj:00000000 $d
C:\Users\a5050395\AppData\Local\Temp\ccepFaAd.s:38     .text._ZN6tflite12_GLOBAL__N_17PrepareEP13TfLiteContextP10TfLiteNode:00000000 $a
C:\Users\a5050395\AppData\Local\Temp\ccepFaAd.s:43     .text._ZN6tflite12_GLOBAL__N_17PrepareEP13TfLiteContextP10TfLiteNode:00000000 _ZN6tflite12_GLOBAL__N_17PrepareEP13TfLiteContextP10TfLiteNode
C:\Users\a5050395\AppData\Local\Temp\ccepFaAd.s:307    .text._ZN6tflite12_GLOBAL__N_17PrepareEP13TfLiteContextP10TfLiteNode:000003c8 $d
.ARM.extab.text._ZN6tflite12_GLOBAL__N_17PrepareEP13TfLiteContextP10TfLiteNode:00000000 $d
.ARM.exidx.text._ZN6tflite12_GLOBAL__N_17PrepareEP13TfLiteContextP10TfLiteNode:00000000 $d
C:\Users\a5050395\AppData\Local\Temp\ccepFaAd.s:312    .text._ZN6tflite12_GLOBAL__N_14EvalEP13TfLiteContextP10TfLiteNode:00000000 $a
C:\Users\a5050395\AppData\Local\Temp\ccepFaAd.s:317    .text._ZN6tflite12_GLOBAL__N_14EvalEP13TfLiteContextP10TfLiteNode:00000000 _ZN6tflite12_GLOBAL__N_14EvalEP13TfLiteContextP10TfLiteNode
C:\Users\a5050395\AppData\Local\Temp\ccepFaAd.s:843    .text._ZN6tflite12_GLOBAL__N_14EvalEP13TfLiteContextP10TfLiteNode:000007a4 $d
C:\Users\a5050395\AppData\Local\Temp\ccepFaAd.s:846    .text._ZN6tflite12_GLOBAL__N_14EvalEP13TfLiteContextP10TfLiteNode:000007a8 $a
C:\Users\a5050395\AppData\Local\Temp\ccepFaAd.s:851    .text._ZN6tflite12_GLOBAL__N_14EvalEP13TfLiteContextP10TfLiteNode:000007b8 $d
C:\Users\a5050395\AppData\Local\Temp\ccepFaAd.s:859    .text._ZN6tflite12_GLOBAL__N_14EvalEP13TfLiteContextP10TfLiteNode:000007d4 $a
.ARM.extab.text._ZN6tflite12_GLOBAL__N_14EvalEP13TfLiteContextP10TfLiteNode:00000000 $d
.ARM.exidx.text._ZN6tflite12_GLOBAL__N_14EvalEP13TfLiteContextP10TfLiteNode:00000000 $d
C:\Users\a5050395\AppData\Local\Temp\ccepFaAd.s:982    .text._ZN6tflite13Register_SVDFEv:00000000 $a
C:\Users\a5050395\AppData\Local\Temp\ccepFaAd.s:988    .text._ZN6tflite13Register_SVDFEv:00000000 _ZN6tflite13Register_SVDFEv
C:\Users\a5050395\AppData\Local\Temp\ccepFaAd.s:1009   .rodata:00000000 .LANCHOR0
.ARM.exidx.text._ZN6tflite13Register_SVDFEv:00000000 $d
C:\Users\a5050395\AppData\Local\Temp\ccepFaAd.s:1008   .rodata:00000000 $d

UNDEFINED SYMBOLS
abort
__aeabi_unwind_cpp_pr0
__aeabi_idivmod
__aeabi_idiv
_ZN6tflite8GetInputEPK13TfLiteContextPK10TfLiteNodei
_ZN6tflite22GetOptionalInputTensorEPK13TfLiteContextPK10TfLiteNodei
_ZN6tflite9GetOutputEP13TfLiteContextPK10TfLiteNodei
_ZN6tflite18QuantizeMultiplierEdPlPi
__aeabi_unwind_cpp_pr1
arm_svdf_s8
memmove
tanhf
fminf
fmaxf
expf
memset
