   1              		.cpu cortex-a9
   2              		.eabi_attribute 28, 1
   3              		.eabi_attribute 20, 1
   4              		.eabi_attribute 21, 1
   5              		.eabi_attribute 23, 3
   6              		.eabi_attribute 24, 1
   7              		.eabi_attribute 25, 1
   8              		.eabi_attribute 26, 1
   9              		.eabi_attribute 30, 2
  10              		.eabi_attribute 34, 0
  11              		.eabi_attribute 18, 4
  12              		.file	"shape.cpp"
  13              		.text
  14              	.Ltext0:
  15              		.cfi_sections	.debug_frame
  16              		.section	.text._ZN6tflite12_GLOBAL__N_14EvalEP13TfLiteContextP10TfLiteNode,"ax",%progbits
  17              		.align	2
  18              		.syntax unified
  19              		.arm
  20              		.fpu neon
  22              	_ZN6tflite12_GLOBAL__N_14EvalEP13TfLiteContextP10TfLiteNode:
  23              		.fnstart
  24              	.LFB6770:
  25              		.file 1 "../src/tensorflow_lite/src/tensorflow/lite/micro/kernels/shape.cpp"
   1:../src/tensorflow_lite/src/tensorflow/lite/micro/kernels/shape.cpp **** /* Copyright 2017 The TensorFlow Authors. All Rights Reserved.
   2:../src/tensorflow_lite/src/tensorflow/lite/micro/kernels/shape.cpp **** 
   3:../src/tensorflow_lite/src/tensorflow/lite/micro/kernels/shape.cpp **** Licensed under the Apache License, Version 2.0 (the "License");
   4:../src/tensorflow_lite/src/tensorflow/lite/micro/kernels/shape.cpp **** you may not use this file except in compliance with the License.
   5:../src/tensorflow_lite/src/tensorflow/lite/micro/kernels/shape.cpp **** You may obtain a copy of the License at
   6:../src/tensorflow_lite/src/tensorflow/lite/micro/kernels/shape.cpp **** 
   7:../src/tensorflow_lite/src/tensorflow/lite/micro/kernels/shape.cpp ****     http://www.apache.org/licenses/LICENSE-2.0
   8:../src/tensorflow_lite/src/tensorflow/lite/micro/kernels/shape.cpp **** 
   9:../src/tensorflow_lite/src/tensorflow/lite/micro/kernels/shape.cpp **** Unless required by applicable law or agreed to in writing, software
  10:../src/tensorflow_lite/src/tensorflow/lite/micro/kernels/shape.cpp **** distributed under the License is distributed on an "AS IS" BASIS,
  11:../src/tensorflow_lite/src/tensorflow/lite/micro/kernels/shape.cpp **** WITHOUT WARRANTIES OR CONDITIONS OF ANY KIND, either express or implied.
  12:../src/tensorflow_lite/src/tensorflow/lite/micro/kernels/shape.cpp **** See the License for the specific language governing permissions and
  13:../src/tensorflow_lite/src/tensorflow/lite/micro/kernels/shape.cpp **** limitations under the License.
  14:../src/tensorflow_lite/src/tensorflow/lite/micro/kernels/shape.cpp **** ==============================================================================*/
  15:../src/tensorflow_lite/src/tensorflow/lite/micro/kernels/shape.cpp **** 
  16:../src/tensorflow_lite/src/tensorflow/lite/micro/kernels/shape.cpp **** #include "tensorflow/lite/c/builtin_op_data.h"
  17:../src/tensorflow_lite/src/tensorflow/lite/micro/kernels/shape.cpp **** #include "tensorflow/lite/c/common.h"
  18:../src/tensorflow_lite/src/tensorflow/lite/micro/kernels/shape.cpp **** #include "tensorflow/lite/kernels/internal/tensor_ctypes.h"
  19:../src/tensorflow_lite/src/tensorflow/lite/micro/kernels/shape.cpp **** #include "tensorflow/lite/kernels/kernel_util.h"
  20:../src/tensorflow_lite/src/tensorflow/lite/micro/kernels/shape.cpp **** #include "tensorflow/lite/kernels/op_macros.h"
  21:../src/tensorflow_lite/src/tensorflow/lite/micro/kernels/shape.cpp **** #include "tensorflow/lite/micro/kernels/kernel_util.h"
  22:../src/tensorflow_lite/src/tensorflow/lite/micro/kernels/shape.cpp **** #include "tensorflow/lite/micro/memory_helpers.h"
  23:../src/tensorflow_lite/src/tensorflow/lite/micro/kernels/shape.cpp **** #include "tensorflow/lite/micro/micro_utils.h"
  24:../src/tensorflow_lite/src/tensorflow/lite/micro/kernels/shape.cpp **** 
  25:../src/tensorflow_lite/src/tensorflow/lite/micro/kernels/shape.cpp **** namespace tflite {
  26:../src/tensorflow_lite/src/tensorflow/lite/micro/kernels/shape.cpp **** 
  27:../src/tensorflow_lite/src/tensorflow/lite/micro/kernels/shape.cpp **** namespace {
  28:../src/tensorflow_lite/src/tensorflow/lite/micro/kernels/shape.cpp **** constexpr int kInputTensor = 0;
  29:../src/tensorflow_lite/src/tensorflow/lite/micro/kernels/shape.cpp **** constexpr int kOutputTensor = 0;
  30:../src/tensorflow_lite/src/tensorflow/lite/micro/kernels/shape.cpp **** 
  31:../src/tensorflow_lite/src/tensorflow/lite/micro/kernels/shape.cpp **** void ExtractShape(const TfLiteEvalTensor* input, int32_t* output_data) {
  32:../src/tensorflow_lite/src/tensorflow/lite/micro/kernels/shape.cpp ****   for (int i = 0; i < input->dims->size; ++i) {
  33:../src/tensorflow_lite/src/tensorflow/lite/micro/kernels/shape.cpp ****     output_data[i] = input->dims->data[i];
  34:../src/tensorflow_lite/src/tensorflow/lite/micro/kernels/shape.cpp ****   }
  35:../src/tensorflow_lite/src/tensorflow/lite/micro/kernels/shape.cpp **** }
  36:../src/tensorflow_lite/src/tensorflow/lite/micro/kernels/shape.cpp **** 
  37:../src/tensorflow_lite/src/tensorflow/lite/micro/kernels/shape.cpp **** TfLiteStatus Prepare(TfLiteContext* context, TfLiteNode* node) {
  38:../src/tensorflow_lite/src/tensorflow/lite/micro/kernels/shape.cpp ****   TF_LITE_ENSURE_EQ(context, NumInputs(node), 1);
  39:../src/tensorflow_lite/src/tensorflow/lite/micro/kernels/shape.cpp ****   TF_LITE_ENSURE_EQ(context, NumOutputs(node), 1);
  40:../src/tensorflow_lite/src/tensorflow/lite/micro/kernels/shape.cpp **** 
  41:../src/tensorflow_lite/src/tensorflow/lite/micro/kernels/shape.cpp ****   return kTfLiteOk;
  42:../src/tensorflow_lite/src/tensorflow/lite/micro/kernels/shape.cpp **** }
  43:../src/tensorflow_lite/src/tensorflow/lite/micro/kernels/shape.cpp **** 
  44:../src/tensorflow_lite/src/tensorflow/lite/micro/kernels/shape.cpp **** TfLiteStatus Eval(TfLiteContext* context, TfLiteNode* node) {
  26              		.loc 1 44 0
  27              		.cfi_startproc
  28              		@ args = 0, pretend = 0, frame = 0
  29              		@ frame_needed = 0, uses_anonymous_args = 0
  30              	.LVL0:
  31 0000 F0412DE9 		push	{r4, r5, r6, r7, r8, lr}
  32              		.save {r4, r5, r6, r7, r8, lr}
  33              		.cfi_def_cfa_offset 24
  34              		.cfi_offset 4, -24
  35              		.cfi_offset 5, -20
  36              		.cfi_offset 6, -16
  37              		.cfi_offset 7, -12
  38              		.cfi_offset 8, -8
  39              		.cfi_offset 14, -4
  40              	.LBB36:
  41              	.LBB37:
  42              	.LBB38:
  43              		.file 2 "C:/Renesas/e2studio_2021_01_workspace_RZA2M_ANPR/ANPR_RZA2M_GR_MANGO/src/tensorflow_lite/
   1:C:/Renesas/e2studio_2021_01_workspace_RZA2M_ANPR/ANPR_RZA2M_GR_MANGO/src/tensorflow_lite/src/tensorflow/lite/micro/kernels\kernel_util.h **** /* Copyright 2020 The TensorFlow Authors. All Rights Reserved.
   2:C:/Renesas/e2studio_2021_01_workspace_RZA2M_ANPR/ANPR_RZA2M_GR_MANGO/src/tensorflow_lite/src/tensorflow/lite/micro/kernels\kernel_util.h **** 
   3:C:/Renesas/e2studio_2021_01_workspace_RZA2M_ANPR/ANPR_RZA2M_GR_MANGO/src/tensorflow_lite/src/tensorflow/lite/micro/kernels\kernel_util.h **** Licensed under the Apache License, Version 2.0 (the "License");
   4:C:/Renesas/e2studio_2021_01_workspace_RZA2M_ANPR/ANPR_RZA2M_GR_MANGO/src/tensorflow_lite/src/tensorflow/lite/micro/kernels\kernel_util.h **** you may not use this file except in compliance with the License.
   5:C:/Renesas/e2studio_2021_01_workspace_RZA2M_ANPR/ANPR_RZA2M_GR_MANGO/src/tensorflow_lite/src/tensorflow/lite/micro/kernels\kernel_util.h **** You may obtain a copy of the License at
   6:C:/Renesas/e2studio_2021_01_workspace_RZA2M_ANPR/ANPR_RZA2M_GR_MANGO/src/tensorflow_lite/src/tensorflow/lite/micro/kernels\kernel_util.h **** 
   7:C:/Renesas/e2studio_2021_01_workspace_RZA2M_ANPR/ANPR_RZA2M_GR_MANGO/src/tensorflow_lite/src/tensorflow/lite/micro/kernels\kernel_util.h ****     http://www.apache.org/licenses/LICENSE-2.0
   8:C:/Renesas/e2studio_2021_01_workspace_RZA2M_ANPR/ANPR_RZA2M_GR_MANGO/src/tensorflow_lite/src/tensorflow/lite/micro/kernels\kernel_util.h **** 
   9:C:/Renesas/e2studio_2021_01_workspace_RZA2M_ANPR/ANPR_RZA2M_GR_MANGO/src/tensorflow_lite/src/tensorflow/lite/micro/kernels\kernel_util.h **** Unless required by applicable law or agreed to in writing, software
  10:C:/Renesas/e2studio_2021_01_workspace_RZA2M_ANPR/ANPR_RZA2M_GR_MANGO/src/tensorflow_lite/src/tensorflow/lite/micro/kernels\kernel_util.h **** distributed under the License is distributed on an "AS IS" BASIS,
  11:C:/Renesas/e2studio_2021_01_workspace_RZA2M_ANPR/ANPR_RZA2M_GR_MANGO/src/tensorflow_lite/src/tensorflow/lite/micro/kernels\kernel_util.h **** WITHOUT WARRANTIES OR CONDITIONS OF ANY KIND, either express or implied.
  12:C:/Renesas/e2studio_2021_01_workspace_RZA2M_ANPR/ANPR_RZA2M_GR_MANGO/src/tensorflow_lite/src/tensorflow/lite/micro/kernels\kernel_util.h **** See the License for the specific language governing permissions and
  13:C:/Renesas/e2studio_2021_01_workspace_RZA2M_ANPR/ANPR_RZA2M_GR_MANGO/src/tensorflow_lite/src/tensorflow/lite/micro/kernels\kernel_util.h **** limitations under the License.
  14:C:/Renesas/e2studio_2021_01_workspace_RZA2M_ANPR/ANPR_RZA2M_GR_MANGO/src/tensorflow_lite/src/tensorflow/lite/micro/kernels\kernel_util.h **** ==============================================================================*/
  15:C:/Renesas/e2studio_2021_01_workspace_RZA2M_ANPR/ANPR_RZA2M_GR_MANGO/src/tensorflow_lite/src/tensorflow/lite/micro/kernels\kernel_util.h **** 
  16:C:/Renesas/e2studio_2021_01_workspace_RZA2M_ANPR/ANPR_RZA2M_GR_MANGO/src/tensorflow_lite/src/tensorflow/lite/micro/kernels\kernel_util.h **** #ifndef TENSORFLOW_LITE_MICRO_KERNELS_KERNEL_UTIL_H_
  17:C:/Renesas/e2studio_2021_01_workspace_RZA2M_ANPR/ANPR_RZA2M_GR_MANGO/src/tensorflow_lite/src/tensorflow/lite/micro/kernels\kernel_util.h **** #define TENSORFLOW_LITE_MICRO_KERNELS_KERNEL_UTIL_H_
  18:C:/Renesas/e2studio_2021_01_workspace_RZA2M_ANPR/ANPR_RZA2M_GR_MANGO/src/tensorflow_lite/src/tensorflow/lite/micro/kernels\kernel_util.h **** 
  19:C:/Renesas/e2studio_2021_01_workspace_RZA2M_ANPR/ANPR_RZA2M_GR_MANGO/src/tensorflow_lite/src/tensorflow/lite/micro/kernels\kernel_util.h **** #include <cstdint>
  20:C:/Renesas/e2studio_2021_01_workspace_RZA2M_ANPR/ANPR_RZA2M_GR_MANGO/src/tensorflow_lite/src/tensorflow/lite/micro/kernels\kernel_util.h **** 
  21:C:/Renesas/e2studio_2021_01_workspace_RZA2M_ANPR/ANPR_RZA2M_GR_MANGO/src/tensorflow_lite/src/tensorflow/lite/micro/kernels\kernel_util.h **** #include "tensorflow/lite/c/builtin_op_data.h"
  22:C:/Renesas/e2studio_2021_01_workspace_RZA2M_ANPR/ANPR_RZA2M_GR_MANGO/src/tensorflow_lite/src/tensorflow/lite/micro/kernels\kernel_util.h **** #include "tensorflow/lite/c/common.h"
  23:C:/Renesas/e2studio_2021_01_workspace_RZA2M_ANPR/ANPR_RZA2M_GR_MANGO/src/tensorflow_lite/src/tensorflow/lite/micro/kernels\kernel_util.h **** #include "tensorflow/lite/kernels/internal/compatibility.h"
  24:C:/Renesas/e2studio_2021_01_workspace_RZA2M_ANPR/ANPR_RZA2M_GR_MANGO/src/tensorflow_lite/src/tensorflow/lite/micro/kernels\kernel_util.h **** #include "tensorflow/lite/kernels/internal/types.h"
  25:C:/Renesas/e2studio_2021_01_workspace_RZA2M_ANPR/ANPR_RZA2M_GR_MANGO/src/tensorflow_lite/src/tensorflow/lite/micro/kernels\kernel_util.h **** 
  26:C:/Renesas/e2studio_2021_01_workspace_RZA2M_ANPR/ANPR_RZA2M_GR_MANGO/src/tensorflow_lite/src/tensorflow/lite/micro/kernels\kernel_util.h **** namespace tflite {
  27:C:/Renesas/e2studio_2021_01_workspace_RZA2M_ANPR/ANPR_RZA2M_GR_MANGO/src/tensorflow_lite/src/tensorflow/lite/micro/kernels\kernel_util.h **** namespace micro {
  28:C:/Renesas/e2studio_2021_01_workspace_RZA2M_ANPR/ANPR_RZA2M_GR_MANGO/src/tensorflow_lite/src/tensorflow/lite/micro/kernels\kernel_util.h **** 
  29:C:/Renesas/e2studio_2021_01_workspace_RZA2M_ANPR/ANPR_RZA2M_GR_MANGO/src/tensorflow_lite/src/tensorflow/lite/micro/kernels\kernel_util.h **** // Returns a mutable tensor for a given input index. is_variable must be checked
  30:C:/Renesas/e2studio_2021_01_workspace_RZA2M_ANPR/ANPR_RZA2M_GR_MANGO/src/tensorflow_lite/src/tensorflow/lite/micro/kernels\kernel_util.h **** // during prepare when the full TfLiteTensor is available.
  31:C:/Renesas/e2studio_2021_01_workspace_RZA2M_ANPR/ANPR_RZA2M_GR_MANGO/src/tensorflow_lite/src/tensorflow/lite/micro/kernels\kernel_util.h **** inline TfLiteEvalTensor* GetMutableEvalInput(const TfLiteContext* context,
  32:C:/Renesas/e2studio_2021_01_workspace_RZA2M_ANPR/ANPR_RZA2M_GR_MANGO/src/tensorflow_lite/src/tensorflow/lite/micro/kernels\kernel_util.h ****                                              const TfLiteNode* node,
  33:C:/Renesas/e2studio_2021_01_workspace_RZA2M_ANPR/ANPR_RZA2M_GR_MANGO/src/tensorflow_lite/src/tensorflow/lite/micro/kernels\kernel_util.h ****                                              int index) {
  34:C:/Renesas/e2studio_2021_01_workspace_RZA2M_ANPR/ANPR_RZA2M_GR_MANGO/src/tensorflow_lite/src/tensorflow/lite/micro/kernels\kernel_util.h ****   TFLITE_DCHECK(context != nullptr);
  44              		.loc 2 34 0
  45 0004 004050E2 		subs	r4, r0, #0
  46              	.LVL1:
  47 0008 7400000A 		beq	.L3
  35:C:/Renesas/e2studio_2021_01_workspace_RZA2M_ANPR/ANPR_RZA2M_GR_MANGO/src/tensorflow_lite/src/tensorflow/lite/micro/kernels\kernel_util.h ****   TFLITE_DCHECK(node != nullptr);
  48              		.loc 2 35 0
  49 000c 000051E3 		cmp	r1, #0
  50 0010 0150A0E1 		mov	r5, r1
  51 0014 7100000A 		beq	.L3
  36:C:/Renesas/e2studio_2021_01_workspace_RZA2M_ANPR/ANPR_RZA2M_GR_MANGO/src/tensorflow_lite/src/tensorflow/lite/micro/kernels\kernel_util.h ****   return context->GetEvalTensor(context, node->inputs->data[index]);
  52              		.loc 2 36 0
  53 0018 002091E5 		ldr	r2, [r1]
  54 001c 543094E5 		ldr	r3, [r4, #84]
  55 0020 041092E5 		ldr	r1, [r2, #4]
  56              	.LVL2:
  57 0024 33FF2FE1 		blx	r3
  58              	.LVL3:
  59              	.LBE38:
  60              	.LBE37:
  61              	.LBE36:
  62              	.LBB43:
  63              	.LBB44:
  37:C:/Renesas/e2studio_2021_01_workspace_RZA2M_ANPR/ANPR_RZA2M_GR_MANGO/src/tensorflow_lite/src/tensorflow/lite/micro/kernels\kernel_util.h **** }
  38:C:/Renesas/e2studio_2021_01_workspace_RZA2M_ANPR/ANPR_RZA2M_GR_MANGO/src/tensorflow_lite/src/tensorflow/lite/micro/kernels\kernel_util.h **** 
  39:C:/Renesas/e2studio_2021_01_workspace_RZA2M_ANPR/ANPR_RZA2M_GR_MANGO/src/tensorflow_lite/src/tensorflow/lite/micro/kernels\kernel_util.h **** // Returns the TfLiteEvalTensor struct for a given input index in a node.
  40:C:/Renesas/e2studio_2021_01_workspace_RZA2M_ANPR/ANPR_RZA2M_GR_MANGO/src/tensorflow_lite/src/tensorflow/lite/micro/kernels\kernel_util.h **** inline const TfLiteEvalTensor* GetEvalInput(const TfLiteContext* context,
  41:C:/Renesas/e2studio_2021_01_workspace_RZA2M_ANPR/ANPR_RZA2M_GR_MANGO/src/tensorflow_lite/src/tensorflow/lite/micro/kernels\kernel_util.h ****                                             const TfLiteNode* node, int index) {
  42:C:/Renesas/e2studio_2021_01_workspace_RZA2M_ANPR/ANPR_RZA2M_GR_MANGO/src/tensorflow_lite/src/tensorflow/lite/micro/kernels\kernel_util.h ****   return GetMutableEvalInput(context, node, index);
  43:C:/Renesas/e2studio_2021_01_workspace_RZA2M_ANPR/ANPR_RZA2M_GR_MANGO/src/tensorflow_lite/src/tensorflow/lite/micro/kernels\kernel_util.h **** }
  44:C:/Renesas/e2studio_2021_01_workspace_RZA2M_ANPR/ANPR_RZA2M_GR_MANGO/src/tensorflow_lite/src/tensorflow/lite/micro/kernels\kernel_util.h **** 
  45:C:/Renesas/e2studio_2021_01_workspace_RZA2M_ANPR/ANPR_RZA2M_GR_MANGO/src/tensorflow_lite/src/tensorflow/lite/micro/kernels\kernel_util.h **** // Returns the TfLiteEvalTensor struct for a given output index in a node.
  46:C:/Renesas/e2studio_2021_01_workspace_RZA2M_ANPR/ANPR_RZA2M_GR_MANGO/src/tensorflow_lite/src/tensorflow/lite/micro/kernels\kernel_util.h **** inline TfLiteEvalTensor* GetEvalOutput(const TfLiteContext* context,
  47:C:/Renesas/e2studio_2021_01_workspace_RZA2M_ANPR/ANPR_RZA2M_GR_MANGO/src/tensorflow_lite/src/tensorflow/lite/micro/kernels\kernel_util.h ****                                        const TfLiteNode* node, int index) {
  48:C:/Renesas/e2studio_2021_01_workspace_RZA2M_ANPR/ANPR_RZA2M_GR_MANGO/src/tensorflow_lite/src/tensorflow/lite/micro/kernels\kernel_util.h ****   TFLITE_DCHECK(context != nullptr);
  49:C:/Renesas/e2studio_2021_01_workspace_RZA2M_ANPR/ANPR_RZA2M_GR_MANGO/src/tensorflow_lite/src/tensorflow/lite/micro/kernels\kernel_util.h ****   TFLITE_DCHECK(node != nullptr);
  50:C:/Renesas/e2studio_2021_01_workspace_RZA2M_ANPR/ANPR_RZA2M_GR_MANGO/src/tensorflow_lite/src/tensorflow/lite/micro/kernels\kernel_util.h ****   return context->GetEvalTensor(context, node->outputs->data[index]);
  64              		.loc 2 50 0
  65 0028 042095E5 		ldr	r2, [r5, #4]
  66              	.LBE44:
  67              	.LBE43:
  68              	.LBB46:
  69              	.LBB41:
  70              	.LBB39:
  36:C:/Renesas/e2studio_2021_01_workspace_RZA2M_ANPR/ANPR_RZA2M_GR_MANGO/src/tensorflow_lite/src/tensorflow/lite/micro/kernels\kernel_util.h ****   return context->GetEvalTensor(context, node->inputs->data[index]);
  71              		.loc 2 36 0
  72 002c 0060A0E1 		mov	r6, r0
  73              	.LVL4:
  74              	.LBE39:
  75              	.LBE41:
  76              	.LBE46:
  77              	.LBB47:
  78              	.LBB45:
  79              		.loc 2 50 0
  80 0030 543094E5 		ldr	r3, [r4, #84]
  81 0034 0400A0E1 		mov	r0, r4
  82 0038 041092E5 		ldr	r1, [r2, #4]
  83 003c 33FF2FE1 		blx	r3
  84              	.LVL5:
  85 0040 0050A0E1 		mov	r5, r0
  86              	.LVL6:
  87              	.LBE45:
  88              	.LBE47:
  45:../src/tensorflow_lite/src/tensorflow/lite/micro/kernels/shape.cpp ****   const TfLiteEvalTensor* input =
  46:../src/tensorflow_lite/src/tensorflow/lite/micro/kernels/shape.cpp ****       tflite::micro::GetEvalInput(context, node, kInputTensor);
  47:../src/tensorflow_lite/src/tensorflow/lite/micro/kernels/shape.cpp ****   TfLiteEvalTensor* output =
  48:../src/tensorflow_lite/src/tensorflow/lite/micro/kernels/shape.cpp ****       tflite::micro::GetEvalOutput(context, node, kOutputTensor);
  49:../src/tensorflow_lite/src/tensorflow/lite/micro/kernels/shape.cpp ****   if (output->type != kTfLiteInt32) {
  89              		.loc 1 49 0
  90 0044 0800D0E5 		ldrb	r0, [r0, #8]	@ zero_extendqisi2
  91 0048 020050E3 		cmp	r0, #2
  92 004c 2F00001A 		bne	.L27
  93 0050 042096E5 		ldr	r2, [r6, #4]
  94              	.LBB48:
  95              	.LBB49:
  51:C:/Renesas/e2studio_2021_01_workspace_RZA2M_ANPR/ANPR_RZA2M_GR_MANGO/src/tensorflow_lite/src/tensorflow/lite/micro/kernels\kernel_util.h **** }
  52:C:/Renesas/e2studio_2021_01_workspace_RZA2M_ANPR/ANPR_RZA2M_GR_MANGO/src/tensorflow_lite/src/tensorflow/lite/micro/kernels\kernel_util.h **** 
  53:C:/Renesas/e2studio_2021_01_workspace_RZA2M_ANPR/ANPR_RZA2M_GR_MANGO/src/tensorflow_lite/src/tensorflow/lite/micro/kernels\kernel_util.h **** // Returns data for a TfLiteEvalTensor struct.
  54:C:/Renesas/e2studio_2021_01_workspace_RZA2M_ANPR/ANPR_RZA2M_GR_MANGO/src/tensorflow_lite/src/tensorflow/lite/micro/kernels\kernel_util.h **** template <typename T>
  55:C:/Renesas/e2studio_2021_01_workspace_RZA2M_ANPR/ANPR_RZA2M_GR_MANGO/src/tensorflow_lite/src/tensorflow/lite/micro/kernels\kernel_util.h **** T* GetTensorData(TfLiteEvalTensor* tensor) {
  56:C:/Renesas/e2studio_2021_01_workspace_RZA2M_ANPR/ANPR_RZA2M_GR_MANGO/src/tensorflow_lite/src/tensorflow/lite/micro/kernels\kernel_util.h ****   return tensor != nullptr ? reinterpret_cast<T*>(tensor->data.raw) : nullptr;
  96              		.loc 2 56 0
  97 0054 001095E5 		ldr	r1, [r5]
  98              	.LVL7:
  99              	.LBE49:
 100              	.LBE48:
 101              	.LBB50:
 102              	.LBB51:
  32:../src/tensorflow_lite/src/tensorflow/lite/micro/kernels/shape.cpp ****     output_data[i] = input->dims->data[i];
 103              		.loc 1 32 0
 104 0058 000092E5 		ldr	r0, [r2]
 105 005c 000050E3 		cmp	r0, #0
 106 0060 280000DA 		ble	.L12
 107 0064 04E082E2 		add	lr, r2, #4
 108 0068 080050E3 		cmp	r0, #8
 109 006c 0EC081E1 		orr	ip, r1, lr
 110 0070 0030A093 		movls	r3, #0
 111 0074 5CC0E3E7 		ubfx	ip, ip, #0, #4
 112 0078 0130A083 		movhi	r3, #1
 113 007c 00005CE3 		cmp	ip, #0
 114 0080 0030A013 		movne	r3, #0
 115 0084 000053E3 		cmp	r3, #0
 116 0088 2A00000A 		beq	.L7
 117 008c 043040E2 		sub	r3, r0, #4
 118 0090 0150A0E1 		mov	r5, r1
 119 0094 2331A0E1 		lsr	r3, r3, #2
 120 0098 0040A0E3 		mov	r4, #0
 121              	.LVL8:
 122 009c 013083E2 		add	r3, r3, #1
 123 00a0 03C1A0E1 		lsl	ip, r3, #2
 124              	.LVL9:
 125              	.L9:
 126 00a4 014084E2 		add	r4, r4, #1
  33:../src/tensorflow_lite/src/tensorflow/lite/micro/kernels/shape.cpp ****   }
 127              		.loc 1 33 0
 128 00a8 DF0A6EF4 		vld1.64	{d16-d17}, [lr:64]
 129 00ac 040053E1 		cmp	r3, r4
 130 00b0 10E08EE2 		add	lr, lr, #16
 131 00b4 DF0A45F4 		vst1.64	{d16-d17}, [r5:64]
 132 00b8 105085E2 		add	r5, r5, #16
 133 00bc F8FFFF8A 		bhi	.L9
 134 00c0 0C0050E1 		cmp	r0, ip
 135 00c4 0F00000A 		beq	.L12
 136              	.LVL10:
 137 00c8 0C31A0E1 		lsl	r3, ip, #2
  32:../src/tensorflow_lite/src/tensorflow/lite/micro/kernels/shape.cpp ****     output_data[i] = input->dims->data[i];
 138              		.loc 1 32 0
 139 00cc 01E08CE2 		add	lr, ip, #1
 140              	.LVL11:
 141 00d0 0E0050E1 		cmp	r0, lr
  33:../src/tensorflow_lite/src/tensorflow/lite/micro/kernels/shape.cpp ****   }
 142              		.loc 1 33 0
 143 00d4 034082E0 		add	r4, r2, r3
 144 00d8 044094E5 		ldr	r4, [r4, #4]
 145 00dc 0C4181E7 		str	r4, [r1, ip, lsl #2]
  32:../src/tensorflow_lite/src/tensorflow/lite/micro/kernels/shape.cpp ****     output_data[i] = input->dims->data[i];
 146              		.loc 1 32 0
 147 00e0 080000DA 		ble	.L12
  33:../src/tensorflow_lite/src/tensorflow/lite/micro/kernels/shape.cpp ****   }
 148              		.loc 1 33 0
 149 00e4 0EE182E0 		add	lr, r2, lr, lsl #2
 150              	.LVL12:
  32:../src/tensorflow_lite/src/tensorflow/lite/micro/kernels/shape.cpp ****     output_data[i] = input->dims->data[i];
 151              		.loc 1 32 0
 152 00e8 02C08CE2 		add	ip, ip, #2
 153              	.LVL13:
 154 00ec 0C0050E1 		cmp	r0, ip
  33:../src/tensorflow_lite/src/tensorflow/lite/micro/kernels/shape.cpp ****   }
 155              		.loc 1 33 0
 156 00f0 04009EE5 		ldr	r0, [lr, #4]
 157              	.LVL14:
 158 00f4 031081E0 		add	r1, r1, r3
 159 00f8 040081E5 		str	r0, [r1, #4]
 160              	.LVL15:
  32:../src/tensorflow_lite/src/tensorflow/lite/micro/kernels/shape.cpp ****     output_data[i] = input->dims->data[i];
 161              		.loc 1 32 0
  33:../src/tensorflow_lite/src/tensorflow/lite/micro/kernels/shape.cpp ****   }
 162              		.loc 1 33 0
 163 00fc 0CC182C0 		addgt	ip, r2, ip, lsl #2
 164 0100 04309CC5 		ldrgt	r3, [ip, #4]
 165 0104 083081C5 		strgt	r3, [r1, #8]
 166              	.LVL16:
 167              	.L12:
 168              	.LBE51:
 169              	.LBE50:
  50:../src/tensorflow_lite/src/tensorflow/lite/micro/kernels/shape.cpp ****     TF_LITE_KERNEL_LOG(context, "Output type %s (%d) not supported.",
  51:../src/tensorflow_lite/src/tensorflow/lite/micro/kernels/shape.cpp ****                        TfLiteTypeGetName(output->type), output->type);
  52:../src/tensorflow_lite/src/tensorflow/lite/micro/kernels/shape.cpp ****     return kTfLiteError;
  53:../src/tensorflow_lite/src/tensorflow/lite/micro/kernels/shape.cpp ****   } else {
  54:../src/tensorflow_lite/src/tensorflow/lite/micro/kernels/shape.cpp ****     ExtractShape(input, tflite::micro::GetTensorData<int32_t>(output));
  55:../src/tensorflow_lite/src/tensorflow/lite/micro/kernels/shape.cpp ****   }
  56:../src/tensorflow_lite/src/tensorflow/lite/micro/kernels/shape.cpp **** 
  57:../src/tensorflow_lite/src/tensorflow/lite/micro/kernels/shape.cpp ****   return kTfLiteOk;
 170              		.loc 1 57 0
 171 0108 0000A0E3 		mov	r0, #0
 172 010c F081BDE8 		pop	{r4, r5, r6, r7, r8, pc}
 173              	.LVL17:
 174              	.L27:
  50:../src/tensorflow_lite/src/tensorflow/lite/micro/kernels/shape.cpp ****     TF_LITE_KERNEL_LOG(context, "Output type %s (%d) not supported.",
 175              		.loc 1 50 0
 176 0110 146094E5 		ldr	r6, [r4, #20]
 177 0114 FEFFFFEB 		bl	TfLiteTypeGetName
 178              	.LVL18:
 179 0118 001000E3 		movw	r1, #:lower16:.LC1
 180 011c 0020A0E1 		mov	r2, r0
 181 0120 0830D5E5 		ldrb	r3, [r5, #8]	@ zero_extendqisi2
 182 0124 0400A0E1 		mov	r0, r4
 183 0128 001040E3 		movt	r1, #:upper16:.LC1
 184 012c 36FF2FE1 		blx	r6
 185              	.LVL19:
  52:../src/tensorflow_lite/src/tensorflow/lite/micro/kernels/shape.cpp ****   } else {
 186              		.loc 1 52 0
 187 0130 0100A0E3 		mov	r0, #1
 188 0134 F081BDE8 		pop	{r4, r5, r6, r7, r8, pc}
 189              	.LVL20:
 190              	.L7:
 191 0138 080050E3 		cmp	r0, #8
 192 013c 1A0000DA 		ble	.L13
 193 0140 094040E2 		sub	r4, r0, #9
 194              	.LVL21:
 195 0144 78C082E2 		add	ip, r2, #120
 196 0148 0740C4E3 		bic	r4, r4, #7
 197 014c 01E0A0E1 		mov	lr, r1
 198 0150 084084E2 		add	r4, r4, #8
 199              	.LVL22:
 200              	.L14:
 201              	.LBB53:
 202              	.LBB52:
  33:../src/tensorflow_lite/src/tensorflow/lite/micro/kernels/shape.cpp ****   }
 203              		.loc 1 33 0
 204 0154 70501CE5 		ldr	r5, [ip, #-112]
 205 0158 083083E2 		add	r3, r3, #8
 206 015c 6C701CE5 		ldr	r7, [ip, #-108]
 207 0160 040053E1 		cmp	r3, r4
 208 0164 68601CE5 		ldr	r6, [ip, #-104]
 209 0168 20E08EE2 		add	lr, lr, #32
 210 016c 74801CE5 		ldr	r8, [ip, #-116]
 211 0170 00F0DCF5 		pld	[ip]
 212 0174 20C08CE2 		add	ip, ip, #32
 213 0178 1C500EE5 		str	r5, [lr, #-28]
 214 017c 84501CE5 		ldr	r5, [ip, #-132]
 215 0180 18700EE5 		str	r7, [lr, #-24]
 216 0184 80701CE5 		ldr	r7, [ip, #-128]
 217 0188 14600EE5 		str	r6, [lr, #-20]
 218 018c 7C601CE5 		ldr	r6, [ip, #-124]
 219 0190 10500EE5 		str	r5, [lr, #-16]
 220 0194 78501CE5 		ldr	r5, [ip, #-120]
 221 0198 20800EE5 		str	r8, [lr, #-32]
 222 019c 0C700EE5 		str	r7, [lr, #-12]
 223 01a0 08600EE5 		str	r6, [lr, #-8]
 224 01a4 04500EE5 		str	r5, [lr, #-4]
 225 01a8 E9FFFF1A 		bne	.L14
 226              	.L13:
 227 01ac 013083E2 		add	r3, r3, #1
 228 01b0 03C1A0E1 		lsl	ip, r3, #2
 229 01b4 04E04CE2 		sub	lr, ip, #4
 230 01b8 0C2082E0 		add	r2, r2, ip
 231 01bc 0E1081E0 		add	r1, r1, lr
 232 01c0 000000EA 		b	.L16
 233              	.LVL23:
 234              	.L28:
 235 01c4 013083E2 		add	r3, r3, #1
 236              	.LVL24:
 237              	.L16:
 238 01c8 04C092E4 		ldr	ip, [r2], #4
  32:../src/tensorflow_lite/src/tensorflow/lite/micro/kernels/shape.cpp ****     output_data[i] = input->dims->data[i];
 239              		.loc 1 32 0
 240 01cc 030050E1 		cmp	r0, r3
  33:../src/tensorflow_lite/src/tensorflow/lite/micro/kernels/shape.cpp ****   }
 241              		.loc 1 33 0
 242 01d0 04C081E4 		str	ip, [r1], #4
 243              	.LVL25:
  32:../src/tensorflow_lite/src/tensorflow/lite/micro/kernels/shape.cpp ****     output_data[i] = input->dims->data[i];
 244              		.loc 1 32 0
 245 01d4 FAFFFFCA 		bgt	.L28
 246              	.LBE52:
 247              	.LBE53:
 248              		.loc 1 57 0
 249 01d8 0000A0E3 		mov	r0, #0
 250 01dc F081BDE8 		pop	{r4, r5, r6, r7, r8, pc}
 251              	.LVL26:
 252              	.L3:
 253              	.LBB54:
 254              	.LBB42:
 255              	.LBB40:
  34:C:/Renesas/e2studio_2021_01_workspace_RZA2M_ANPR/ANPR_RZA2M_GR_MANGO/src/tensorflow_lite/src/tensorflow/lite/micro/kernels\kernel_util.h ****   TFLITE_DCHECK(node != nullptr);
 256              		.loc 2 34 0
 257 01e0 FEFFFFEB 		bl	abort
 258              	.LVL27:
 259              	.LBE40:
 260              	.LBE42:
 261              	.LBE54:
 262              		.cfi_endproc
 263              	.LFE6770:
 264              		.fnend
 266              		.section	.text._ZN6tflite12_GLOBAL__N_17PrepareEP13TfLiteContextP10TfLiteNode,"ax",%progbits
 267              		.align	2
 268              		.syntax unified
 269              		.arm
 270              		.fpu neon
 272              	_ZN6tflite12_GLOBAL__N_17PrepareEP13TfLiteContextP10TfLiteNode:
 273              		.fnstart
 274              	.LFB6769:
  37:../src/tensorflow_lite/src/tensorflow/lite/micro/kernels/shape.cpp ****   TF_LITE_ENSURE_EQ(context, NumInputs(node), 1);
 275              		.loc 1 37 0
 276              		.cfi_startproc
 277              		@ args = 0, pretend = 0, frame = 0
 278              		@ frame_needed = 0, uses_anonymous_args = 0
 279              	.LVL28:
 280              	.LBB67:
 281              	.LBB68:
 282              		.file 3 "C:/Renesas/e2studio_2021_01_workspace_RZA2M_ANPR/ANPR_RZA2M_GR_MANGO/src/tensorflow_lite/
   1:C:/Renesas/e2studio_2021_01_workspace_RZA2M_ANPR/ANPR_RZA2M_GR_MANGO/src/tensorflow_lite/src/tensorflow/lite/kernels\kernel_util.h **** /* Copyright 2017 The TensorFlow Authors. All Rights Reserved.
   2:C:/Renesas/e2studio_2021_01_workspace_RZA2M_ANPR/ANPR_RZA2M_GR_MANGO/src/tensorflow_lite/src/tensorflow/lite/kernels\kernel_util.h **** 
   3:C:/Renesas/e2studio_2021_01_workspace_RZA2M_ANPR/ANPR_RZA2M_GR_MANGO/src/tensorflow_lite/src/tensorflow/lite/kernels\kernel_util.h **** Licensed under the Apache License, Version 2.0 (the "License");
   4:C:/Renesas/e2studio_2021_01_workspace_RZA2M_ANPR/ANPR_RZA2M_GR_MANGO/src/tensorflow_lite/src/tensorflow/lite/kernels\kernel_util.h **** you may not use this file except in compliance with the License.
   5:C:/Renesas/e2studio_2021_01_workspace_RZA2M_ANPR/ANPR_RZA2M_GR_MANGO/src/tensorflow_lite/src/tensorflow/lite/kernels\kernel_util.h **** You may obtain a copy of the License at
   6:C:/Renesas/e2studio_2021_01_workspace_RZA2M_ANPR/ANPR_RZA2M_GR_MANGO/src/tensorflow_lite/src/tensorflow/lite/kernels\kernel_util.h **** 
   7:C:/Renesas/e2studio_2021_01_workspace_RZA2M_ANPR/ANPR_RZA2M_GR_MANGO/src/tensorflow_lite/src/tensorflow/lite/kernels\kernel_util.h ****     http://www.apache.org/licenses/LICENSE-2.0
   8:C:/Renesas/e2studio_2021_01_workspace_RZA2M_ANPR/ANPR_RZA2M_GR_MANGO/src/tensorflow_lite/src/tensorflow/lite/kernels\kernel_util.h **** 
   9:C:/Renesas/e2studio_2021_01_workspace_RZA2M_ANPR/ANPR_RZA2M_GR_MANGO/src/tensorflow_lite/src/tensorflow/lite/kernels\kernel_util.h **** Unless required by applicable law or agreed to in writing, software
  10:C:/Renesas/e2studio_2021_01_workspace_RZA2M_ANPR/ANPR_RZA2M_GR_MANGO/src/tensorflow_lite/src/tensorflow/lite/kernels\kernel_util.h **** distributed under the License is distributed on an "AS IS" BASIS,
  11:C:/Renesas/e2studio_2021_01_workspace_RZA2M_ANPR/ANPR_RZA2M_GR_MANGO/src/tensorflow_lite/src/tensorflow/lite/kernels\kernel_util.h **** WITHOUT WARRANTIES OR CONDITIONS OF ANY KIND, either express or implied.
  12:C:/Renesas/e2studio_2021_01_workspace_RZA2M_ANPR/ANPR_RZA2M_GR_MANGO/src/tensorflow_lite/src/tensorflow/lite/kernels\kernel_util.h **** See the License for the specific language governing permissions and
  13:C:/Renesas/e2studio_2021_01_workspace_RZA2M_ANPR/ANPR_RZA2M_GR_MANGO/src/tensorflow_lite/src/tensorflow/lite/kernels\kernel_util.h **** limitations under the License.
  14:C:/Renesas/e2studio_2021_01_workspace_RZA2M_ANPR/ANPR_RZA2M_GR_MANGO/src/tensorflow_lite/src/tensorflow/lite/kernels\kernel_util.h **** ==============================================================================*/
  15:C:/Renesas/e2studio_2021_01_workspace_RZA2M_ANPR/ANPR_RZA2M_GR_MANGO/src/tensorflow_lite/src/tensorflow/lite/kernels\kernel_util.h **** #ifndef TENSORFLOW_LITE_KERNELS_KERNEL_UTIL_H_
  16:C:/Renesas/e2studio_2021_01_workspace_RZA2M_ANPR/ANPR_RZA2M_GR_MANGO/src/tensorflow_lite/src/tensorflow/lite/kernels\kernel_util.h **** #define TENSORFLOW_LITE_KERNELS_KERNEL_UTIL_H_
  17:C:/Renesas/e2studio_2021_01_workspace_RZA2M_ANPR/ANPR_RZA2M_GR_MANGO/src/tensorflow_lite/src/tensorflow/lite/kernels\kernel_util.h **** 
  18:C:/Renesas/e2studio_2021_01_workspace_RZA2M_ANPR/ANPR_RZA2M_GR_MANGO/src/tensorflow_lite/src/tensorflow/lite/kernels\kernel_util.h **** #include <stdint.h>
  19:C:/Renesas/e2studio_2021_01_workspace_RZA2M_ANPR/ANPR_RZA2M_GR_MANGO/src/tensorflow_lite/src/tensorflow/lite/kernels\kernel_util.h **** 
  20:C:/Renesas/e2studio_2021_01_workspace_RZA2M_ANPR/ANPR_RZA2M_GR_MANGO/src/tensorflow_lite/src/tensorflow/lite/kernels\kernel_util.h **** #include <limits>
  21:C:/Renesas/e2studio_2021_01_workspace_RZA2M_ANPR/ANPR_RZA2M_GR_MANGO/src/tensorflow_lite/src/tensorflow/lite/kernels\kernel_util.h **** 
  22:C:/Renesas/e2studio_2021_01_workspace_RZA2M_ANPR/ANPR_RZA2M_GR_MANGO/src/tensorflow_lite/src/tensorflow/lite/kernels\kernel_util.h **** #include "tensorflow/lite/c/builtin_op_data.h"
  23:C:/Renesas/e2studio_2021_01_workspace_RZA2M_ANPR/ANPR_RZA2M_GR_MANGO/src/tensorflow_lite/src/tensorflow/lite/kernels\kernel_util.h **** #include "tensorflow/lite/c/common.h"
  24:C:/Renesas/e2studio_2021_01_workspace_RZA2M_ANPR/ANPR_RZA2M_GR_MANGO/src/tensorflow_lite/src/tensorflow/lite/kernels\kernel_util.h **** 
  25:C:/Renesas/e2studio_2021_01_workspace_RZA2M_ANPR/ANPR_RZA2M_GR_MANGO/src/tensorflow_lite/src/tensorflow/lite/kernels\kernel_util.h **** namespace tflite {
  26:C:/Renesas/e2studio_2021_01_workspace_RZA2M_ANPR/ANPR_RZA2M_GR_MANGO/src/tensorflow_lite/src/tensorflow/lite/kernels\kernel_util.h **** 
  27:C:/Renesas/e2studio_2021_01_workspace_RZA2M_ANPR/ANPR_RZA2M_GR_MANGO/src/tensorflow_lite/src/tensorflow/lite/kernels\kernel_util.h **** // A fair number of functions in this header have historically been inline.
  28:C:/Renesas/e2studio_2021_01_workspace_RZA2M_ANPR/ANPR_RZA2M_GR_MANGO/src/tensorflow_lite/src/tensorflow/lite/kernels\kernel_util.h **** // It is ok to change functions to not be inline if the latency with
  29:C:/Renesas/e2studio_2021_01_workspace_RZA2M_ANPR/ANPR_RZA2M_GR_MANGO/src/tensorflow_lite/src/tensorflow/lite/kernels\kernel_util.h **** // benchmark_model for MobileNet + MobileBERT is unaffected. If such a change is
  30:C:/Renesas/e2studio_2021_01_workspace_RZA2M_ANPR/ANPR_RZA2M_GR_MANGO/src/tensorflow_lite/src/tensorflow/lite/kernels\kernel_util.h **** // made, move the newly non-inlined function declarations to the top of this
  31:C:/Renesas/e2studio_2021_01_workspace_RZA2M_ANPR/ANPR_RZA2M_GR_MANGO/src/tensorflow_lite/src/tensorflow/lite/kernels\kernel_util.h **** // header file.
  32:C:/Renesas/e2studio_2021_01_workspace_RZA2M_ANPR/ANPR_RZA2M_GR_MANGO/src/tensorflow_lite/src/tensorflow/lite/kernels\kernel_util.h **** 
  33:C:/Renesas/e2studio_2021_01_workspace_RZA2M_ANPR/ANPR_RZA2M_GR_MANGO/src/tensorflow_lite/src/tensorflow/lite/kernels\kernel_util.h **** // Note: You must check if result is not null:
  34:C:/Renesas/e2studio_2021_01_workspace_RZA2M_ANPR/ANPR_RZA2M_GR_MANGO/src/tensorflow_lite/src/tensorflow/lite/kernels\kernel_util.h **** //
  35:C:/Renesas/e2studio_2021_01_workspace_RZA2M_ANPR/ANPR_RZA2M_GR_MANGO/src/tensorflow_lite/src/tensorflow/lite/kernels\kernel_util.h **** //   TfLiteTensor* my_tensor = GetInput(context, node, kMyTensorIdx);
  36:C:/Renesas/e2studio_2021_01_workspace_RZA2M_ANPR/ANPR_RZA2M_GR_MANGO/src/tensorflow_lite/src/tensorflow/lite/kernels\kernel_util.h **** //   TF_LITE_ENSURE(context, my_tensor != nullptr);
  37:C:/Renesas/e2studio_2021_01_workspace_RZA2M_ANPR/ANPR_RZA2M_GR_MANGO/src/tensorflow_lite/src/tensorflow/lite/kernels\kernel_util.h **** //
  38:C:/Renesas/e2studio_2021_01_workspace_RZA2M_ANPR/ANPR_RZA2M_GR_MANGO/src/tensorflow_lite/src/tensorflow/lite/kernels\kernel_util.h **** // This is because the index might point to the optional tensor constant
  39:C:/Renesas/e2studio_2021_01_workspace_RZA2M_ANPR/ANPR_RZA2M_GR_MANGO/src/tensorflow_lite/src/tensorflow/lite/kernels\kernel_util.h **** // (kTfLiteOptionalTensor) in which case there is no tensor to return.
  40:C:/Renesas/e2studio_2021_01_workspace_RZA2M_ANPR/ANPR_RZA2M_GR_MANGO/src/tensorflow_lite/src/tensorflow/lite/kernels\kernel_util.h **** const TfLiteTensor* GetInput(const TfLiteContext* context,
  41:C:/Renesas/e2studio_2021_01_workspace_RZA2M_ANPR/ANPR_RZA2M_GR_MANGO/src/tensorflow_lite/src/tensorflow/lite/kernels\kernel_util.h ****                              const TfLiteNode* node, int index);
  42:C:/Renesas/e2studio_2021_01_workspace_RZA2M_ANPR/ANPR_RZA2M_GR_MANGO/src/tensorflow_lite/src/tensorflow/lite/kernels\kernel_util.h **** 
  43:C:/Renesas/e2studio_2021_01_workspace_RZA2M_ANPR/ANPR_RZA2M_GR_MANGO/src/tensorflow_lite/src/tensorflow/lite/kernels\kernel_util.h **** // Same as `GetInput` but returns boolean and uses output argument for tensor.
  44:C:/Renesas/e2studio_2021_01_workspace_RZA2M_ANPR/ANPR_RZA2M_GR_MANGO/src/tensorflow_lite/src/tensorflow/lite/kernels\kernel_util.h **** //
  45:C:/Renesas/e2studio_2021_01_workspace_RZA2M_ANPR/ANPR_RZA2M_GR_MANGO/src/tensorflow_lite/src/tensorflow/lite/kernels\kernel_util.h **** //   TfLiteTensor* my_tensor;
  46:C:/Renesas/e2studio_2021_01_workspace_RZA2M_ANPR/ANPR_RZA2M_GR_MANGO/src/tensorflow_lite/src/tensorflow/lite/kernels\kernel_util.h **** //   TF_LITE_ENSURE_OK(context,
  47:C:/Renesas/e2studio_2021_01_workspace_RZA2M_ANPR/ANPR_RZA2M_GR_MANGO/src/tensorflow_lite/src/tensorflow/lite/kernels\kernel_util.h **** //                     GetInputSafe(context, node, kMyTensorIdx, &my_tensor));
  48:C:/Renesas/e2studio_2021_01_workspace_RZA2M_ANPR/ANPR_RZA2M_GR_MANGO/src/tensorflow_lite/src/tensorflow/lite/kernels\kernel_util.h **** //   // can use my_tensor directly from here onwards, it is not nullptr
  49:C:/Renesas/e2studio_2021_01_workspace_RZA2M_ANPR/ANPR_RZA2M_GR_MANGO/src/tensorflow_lite/src/tensorflow/lite/kernels\kernel_util.h **** //
  50:C:/Renesas/e2studio_2021_01_workspace_RZA2M_ANPR/ANPR_RZA2M_GR_MANGO/src/tensorflow_lite/src/tensorflow/lite/kernels\kernel_util.h **** // Should be used in cases where the binary size is too large.
  51:C:/Renesas/e2studio_2021_01_workspace_RZA2M_ANPR/ANPR_RZA2M_GR_MANGO/src/tensorflow_lite/src/tensorflow/lite/kernels\kernel_util.h **** TfLiteStatus GetInputSafe(const TfLiteContext* context, const TfLiteNode* node,
  52:C:/Renesas/e2studio_2021_01_workspace_RZA2M_ANPR/ANPR_RZA2M_GR_MANGO/src/tensorflow_lite/src/tensorflow/lite/kernels\kernel_util.h ****                           int index, const TfLiteTensor** tensor);
  53:C:/Renesas/e2studio_2021_01_workspace_RZA2M_ANPR/ANPR_RZA2M_GR_MANGO/src/tensorflow_lite/src/tensorflow/lite/kernels\kernel_util.h **** 
  54:C:/Renesas/e2studio_2021_01_workspace_RZA2M_ANPR/ANPR_RZA2M_GR_MANGO/src/tensorflow_lite/src/tensorflow/lite/kernels\kernel_util.h **** // Note: You must check if result is not null:
  55:C:/Renesas/e2studio_2021_01_workspace_RZA2M_ANPR/ANPR_RZA2M_GR_MANGO/src/tensorflow_lite/src/tensorflow/lite/kernels\kernel_util.h **** //
  56:C:/Renesas/e2studio_2021_01_workspace_RZA2M_ANPR/ANPR_RZA2M_GR_MANGO/src/tensorflow_lite/src/tensorflow/lite/kernels\kernel_util.h **** //   TfLiteTensor* my_tensor = GetVariableInput(context, node, kMyTensorIdx);
  57:C:/Renesas/e2studio_2021_01_workspace_RZA2M_ANPR/ANPR_RZA2M_GR_MANGO/src/tensorflow_lite/src/tensorflow/lite/kernels\kernel_util.h **** //   TF_LITE_ENSURE(context, my_tensor != nullptr);
  58:C:/Renesas/e2studio_2021_01_workspace_RZA2M_ANPR/ANPR_RZA2M_GR_MANGO/src/tensorflow_lite/src/tensorflow/lite/kernels\kernel_util.h **** //
  59:C:/Renesas/e2studio_2021_01_workspace_RZA2M_ANPR/ANPR_RZA2M_GR_MANGO/src/tensorflow_lite/src/tensorflow/lite/kernels\kernel_util.h **** // This is because the index might point to the optional tensor constant
  60:C:/Renesas/e2studio_2021_01_workspace_RZA2M_ANPR/ANPR_RZA2M_GR_MANGO/src/tensorflow_lite/src/tensorflow/lite/kernels\kernel_util.h **** // (kTfLiteOptionalTensor) in which case there is no tensor to return.
  61:C:/Renesas/e2studio_2021_01_workspace_RZA2M_ANPR/ANPR_RZA2M_GR_MANGO/src/tensorflow_lite/src/tensorflow/lite/kernels\kernel_util.h **** TfLiteTensor* GetVariableInput(TfLiteContext* context, const TfLiteNode* node,
  62:C:/Renesas/e2studio_2021_01_workspace_RZA2M_ANPR/ANPR_RZA2M_GR_MANGO/src/tensorflow_lite/src/tensorflow/lite/kernels\kernel_util.h ****                                int index);
  63:C:/Renesas/e2studio_2021_01_workspace_RZA2M_ANPR/ANPR_RZA2M_GR_MANGO/src/tensorflow_lite/src/tensorflow/lite/kernels\kernel_util.h **** 
  64:C:/Renesas/e2studio_2021_01_workspace_RZA2M_ANPR/ANPR_RZA2M_GR_MANGO/src/tensorflow_lite/src/tensorflow/lite/kernels\kernel_util.h **** // Note: You must check if result is not null:
  65:C:/Renesas/e2studio_2021_01_workspace_RZA2M_ANPR/ANPR_RZA2M_GR_MANGO/src/tensorflow_lite/src/tensorflow/lite/kernels\kernel_util.h **** //
  66:C:/Renesas/e2studio_2021_01_workspace_RZA2M_ANPR/ANPR_RZA2M_GR_MANGO/src/tensorflow_lite/src/tensorflow/lite/kernels\kernel_util.h **** //   TfLiteTensor* my_tensor = GetOutput(context, node, kMyTensorIdx);
  67:C:/Renesas/e2studio_2021_01_workspace_RZA2M_ANPR/ANPR_RZA2M_GR_MANGO/src/tensorflow_lite/src/tensorflow/lite/kernels\kernel_util.h **** //   TF_LITE_ENSURE(context, my_tensor != nullptr);
  68:C:/Renesas/e2studio_2021_01_workspace_RZA2M_ANPR/ANPR_RZA2M_GR_MANGO/src/tensorflow_lite/src/tensorflow/lite/kernels\kernel_util.h **** //
  69:C:/Renesas/e2studio_2021_01_workspace_RZA2M_ANPR/ANPR_RZA2M_GR_MANGO/src/tensorflow_lite/src/tensorflow/lite/kernels\kernel_util.h **** // This is because the index might point to the optional tensor constant
  70:C:/Renesas/e2studio_2021_01_workspace_RZA2M_ANPR/ANPR_RZA2M_GR_MANGO/src/tensorflow_lite/src/tensorflow/lite/kernels\kernel_util.h **** // (kTfLiteOptionalTensor) in which case there is no tensor to return.
  71:C:/Renesas/e2studio_2021_01_workspace_RZA2M_ANPR/ANPR_RZA2M_GR_MANGO/src/tensorflow_lite/src/tensorflow/lite/kernels\kernel_util.h **** TfLiteTensor* GetOutput(TfLiteContext* context, const TfLiteNode* node,
  72:C:/Renesas/e2studio_2021_01_workspace_RZA2M_ANPR/ANPR_RZA2M_GR_MANGO/src/tensorflow_lite/src/tensorflow/lite/kernels\kernel_util.h ****                         int index);
  73:C:/Renesas/e2studio_2021_01_workspace_RZA2M_ANPR/ANPR_RZA2M_GR_MANGO/src/tensorflow_lite/src/tensorflow/lite/kernels\kernel_util.h **** 
  74:C:/Renesas/e2studio_2021_01_workspace_RZA2M_ANPR/ANPR_RZA2M_GR_MANGO/src/tensorflow_lite/src/tensorflow/lite/kernels\kernel_util.h **** // Same as `GetOutput` but returns boolean and uses output argument for tensor.
  75:C:/Renesas/e2studio_2021_01_workspace_RZA2M_ANPR/ANPR_RZA2M_GR_MANGO/src/tensorflow_lite/src/tensorflow/lite/kernels\kernel_util.h **** //
  76:C:/Renesas/e2studio_2021_01_workspace_RZA2M_ANPR/ANPR_RZA2M_GR_MANGO/src/tensorflow_lite/src/tensorflow/lite/kernels\kernel_util.h **** //   TfLiteTensor* my_tensor;
  77:C:/Renesas/e2studio_2021_01_workspace_RZA2M_ANPR/ANPR_RZA2M_GR_MANGO/src/tensorflow_lite/src/tensorflow/lite/kernels\kernel_util.h **** //   TF_LITE_ENSURE_OK(context,
  78:C:/Renesas/e2studio_2021_01_workspace_RZA2M_ANPR/ANPR_RZA2M_GR_MANGO/src/tensorflow_lite/src/tensorflow/lite/kernels\kernel_util.h **** //                     GetOutputSafe(context, node, kMyTensorIdx, &my_tensor));
  79:C:/Renesas/e2studio_2021_01_workspace_RZA2M_ANPR/ANPR_RZA2M_GR_MANGO/src/tensorflow_lite/src/tensorflow/lite/kernels\kernel_util.h **** //   // can use my_tensor directly from here onwards, it is not nullptr
  80:C:/Renesas/e2studio_2021_01_workspace_RZA2M_ANPR/ANPR_RZA2M_GR_MANGO/src/tensorflow_lite/src/tensorflow/lite/kernels\kernel_util.h **** //
  81:C:/Renesas/e2studio_2021_01_workspace_RZA2M_ANPR/ANPR_RZA2M_GR_MANGO/src/tensorflow_lite/src/tensorflow/lite/kernels\kernel_util.h **** // Should be used in cases where the binary size is too large.
  82:C:/Renesas/e2studio_2021_01_workspace_RZA2M_ANPR/ANPR_RZA2M_GR_MANGO/src/tensorflow_lite/src/tensorflow/lite/kernels\kernel_util.h **** TfLiteStatus GetOutputSafe(const TfLiteContext* context, const TfLiteNode* node,
  83:C:/Renesas/e2studio_2021_01_workspace_RZA2M_ANPR/ANPR_RZA2M_GR_MANGO/src/tensorflow_lite/src/tensorflow/lite/kernels\kernel_util.h ****                            int index, TfLiteTensor** tensor);
  84:C:/Renesas/e2studio_2021_01_workspace_RZA2M_ANPR/ANPR_RZA2M_GR_MANGO/src/tensorflow_lite/src/tensorflow/lite/kernels\kernel_util.h **** 
  85:C:/Renesas/e2studio_2021_01_workspace_RZA2M_ANPR/ANPR_RZA2M_GR_MANGO/src/tensorflow_lite/src/tensorflow/lite/kernels\kernel_util.h **** // Note: You must check if result is not null:
  86:C:/Renesas/e2studio_2021_01_workspace_RZA2M_ANPR/ANPR_RZA2M_GR_MANGO/src/tensorflow_lite/src/tensorflow/lite/kernels\kernel_util.h **** //
  87:C:/Renesas/e2studio_2021_01_workspace_RZA2M_ANPR/ANPR_RZA2M_GR_MANGO/src/tensorflow_lite/src/tensorflow/lite/kernels\kernel_util.h **** //   TfLiteTensor* my_tensor = GetOptionalInputTensor(context, node, kIdx);
  88:C:/Renesas/e2studio_2021_01_workspace_RZA2M_ANPR/ANPR_RZA2M_GR_MANGO/src/tensorflow_lite/src/tensorflow/lite/kernels\kernel_util.h **** //   TF_LITE_ENSURE(context, my_tensor != nullptr);
  89:C:/Renesas/e2studio_2021_01_workspace_RZA2M_ANPR/ANPR_RZA2M_GR_MANGO/src/tensorflow_lite/src/tensorflow/lite/kernels\kernel_util.h **** //
  90:C:/Renesas/e2studio_2021_01_workspace_RZA2M_ANPR/ANPR_RZA2M_GR_MANGO/src/tensorflow_lite/src/tensorflow/lite/kernels\kernel_util.h **** // This is because the index might point to the optional tensor constant
  91:C:/Renesas/e2studio_2021_01_workspace_RZA2M_ANPR/ANPR_RZA2M_GR_MANGO/src/tensorflow_lite/src/tensorflow/lite/kernels\kernel_util.h **** // (kTfLiteOptionalTensor) in which case there is no tensor to return.
  92:C:/Renesas/e2studio_2021_01_workspace_RZA2M_ANPR/ANPR_RZA2M_GR_MANGO/src/tensorflow_lite/src/tensorflow/lite/kernels\kernel_util.h **** //
  93:C:/Renesas/e2studio_2021_01_workspace_RZA2M_ANPR/ANPR_RZA2M_GR_MANGO/src/tensorflow_lite/src/tensorflow/lite/kernels\kernel_util.h **** // Deprecated. GetInput has the same functionality.
  94:C:/Renesas/e2studio_2021_01_workspace_RZA2M_ANPR/ANPR_RZA2M_GR_MANGO/src/tensorflow_lite/src/tensorflow/lite/kernels\kernel_util.h **** const TfLiteTensor* GetOptionalInputTensor(const TfLiteContext* context,
  95:C:/Renesas/e2studio_2021_01_workspace_RZA2M_ANPR/ANPR_RZA2M_GR_MANGO/src/tensorflow_lite/src/tensorflow/lite/kernels\kernel_util.h ****                                            const TfLiteNode* node, int index);
  96:C:/Renesas/e2studio_2021_01_workspace_RZA2M_ANPR/ANPR_RZA2M_GR_MANGO/src/tensorflow_lite/src/tensorflow/lite/kernels\kernel_util.h **** 
  97:C:/Renesas/e2studio_2021_01_workspace_RZA2M_ANPR/ANPR_RZA2M_GR_MANGO/src/tensorflow_lite/src/tensorflow/lite/kernels\kernel_util.h **** #ifndef TF_LITE_STATIC_MEMORY
  98:C:/Renesas/e2studio_2021_01_workspace_RZA2M_ANPR/ANPR_RZA2M_GR_MANGO/src/tensorflow_lite/src/tensorflow/lite/kernels\kernel_util.h **** // Note: You must check if result is not null:
  99:C:/Renesas/e2studio_2021_01_workspace_RZA2M_ANPR/ANPR_RZA2M_GR_MANGO/src/tensorflow_lite/src/tensorflow/lite/kernels\kernel_util.h **** //
 100:C:/Renesas/e2studio_2021_01_workspace_RZA2M_ANPR/ANPR_RZA2M_GR_MANGO/src/tensorflow_lite/src/tensorflow/lite/kernels\kernel_util.h **** //   TfLiteTensor* my_tensor = GetTemporary(context, node, kMyTensorIdx);
 101:C:/Renesas/e2studio_2021_01_workspace_RZA2M_ANPR/ANPR_RZA2M_GR_MANGO/src/tensorflow_lite/src/tensorflow/lite/kernels\kernel_util.h **** //   TF_LITE_ENSURE(context, my_tensor != nullptr);
 102:C:/Renesas/e2studio_2021_01_workspace_RZA2M_ANPR/ANPR_RZA2M_GR_MANGO/src/tensorflow_lite/src/tensorflow/lite/kernels\kernel_util.h **** //
 103:C:/Renesas/e2studio_2021_01_workspace_RZA2M_ANPR/ANPR_RZA2M_GR_MANGO/src/tensorflow_lite/src/tensorflow/lite/kernels\kernel_util.h **** // This is because the index might point to the optional tensor constant
 104:C:/Renesas/e2studio_2021_01_workspace_RZA2M_ANPR/ANPR_RZA2M_GR_MANGO/src/tensorflow_lite/src/tensorflow/lite/kernels\kernel_util.h **** // (kTfLiteOptionalTensor) in which case there is no tensor to return.
 105:C:/Renesas/e2studio_2021_01_workspace_RZA2M_ANPR/ANPR_RZA2M_GR_MANGO/src/tensorflow_lite/src/tensorflow/lite/kernels\kernel_util.h **** TfLiteTensor* GetTemporary(TfLiteContext* context, const TfLiteNode* node,
 106:C:/Renesas/e2studio_2021_01_workspace_RZA2M_ANPR/ANPR_RZA2M_GR_MANGO/src/tensorflow_lite/src/tensorflow/lite/kernels\kernel_util.h ****                            int index);
 107:C:/Renesas/e2studio_2021_01_workspace_RZA2M_ANPR/ANPR_RZA2M_GR_MANGO/src/tensorflow_lite/src/tensorflow/lite/kernels\kernel_util.h **** 
 108:C:/Renesas/e2studio_2021_01_workspace_RZA2M_ANPR/ANPR_RZA2M_GR_MANGO/src/tensorflow_lite/src/tensorflow/lite/kernels\kernel_util.h **** // Same as `GetTemporary` but returns boolean and uses output argument for
 109:C:/Renesas/e2studio_2021_01_workspace_RZA2M_ANPR/ANPR_RZA2M_GR_MANGO/src/tensorflow_lite/src/tensorflow/lite/kernels\kernel_util.h **** // tensor.
 110:C:/Renesas/e2studio_2021_01_workspace_RZA2M_ANPR/ANPR_RZA2M_GR_MANGO/src/tensorflow_lite/src/tensorflow/lite/kernels\kernel_util.h **** //
 111:C:/Renesas/e2studio_2021_01_workspace_RZA2M_ANPR/ANPR_RZA2M_GR_MANGO/src/tensorflow_lite/src/tensorflow/lite/kernels\kernel_util.h **** //   TfLiteTensor* my_tensor;
 112:C:/Renesas/e2studio_2021_01_workspace_RZA2M_ANPR/ANPR_RZA2M_GR_MANGO/src/tensorflow_lite/src/tensorflow/lite/kernels\kernel_util.h **** //   TF_LITE_ENSURE_OK(context,
 113:C:/Renesas/e2studio_2021_01_workspace_RZA2M_ANPR/ANPR_RZA2M_GR_MANGO/src/tensorflow_lite/src/tensorflow/lite/kernels\kernel_util.h **** //                     GetTemporarySafe(context, node, kMyTensorIdx,
 114:C:/Renesas/e2studio_2021_01_workspace_RZA2M_ANPR/ANPR_RZA2M_GR_MANGO/src/tensorflow_lite/src/tensorflow/lite/kernels\kernel_util.h **** //                     &my_tensor));
 115:C:/Renesas/e2studio_2021_01_workspace_RZA2M_ANPR/ANPR_RZA2M_GR_MANGO/src/tensorflow_lite/src/tensorflow/lite/kernels\kernel_util.h **** //   // can use my_tensor directly from here onwards, it is not nullptr
 116:C:/Renesas/e2studio_2021_01_workspace_RZA2M_ANPR/ANPR_RZA2M_GR_MANGO/src/tensorflow_lite/src/tensorflow/lite/kernels\kernel_util.h **** //
 117:C:/Renesas/e2studio_2021_01_workspace_RZA2M_ANPR/ANPR_RZA2M_GR_MANGO/src/tensorflow_lite/src/tensorflow/lite/kernels\kernel_util.h **** // Should be used in cases where the binary size is too large.
 118:C:/Renesas/e2studio_2021_01_workspace_RZA2M_ANPR/ANPR_RZA2M_GR_MANGO/src/tensorflow_lite/src/tensorflow/lite/kernels\kernel_util.h **** TfLiteStatus GetTemporarySafe(const TfLiteContext* context,
 119:C:/Renesas/e2studio_2021_01_workspace_RZA2M_ANPR/ANPR_RZA2M_GR_MANGO/src/tensorflow_lite/src/tensorflow/lite/kernels\kernel_util.h ****                               const TfLiteNode* node, int index,
 120:C:/Renesas/e2studio_2021_01_workspace_RZA2M_ANPR/ANPR_RZA2M_GR_MANGO/src/tensorflow_lite/src/tensorflow/lite/kernels\kernel_util.h ****                               TfLiteTensor** tensor);
 121:C:/Renesas/e2studio_2021_01_workspace_RZA2M_ANPR/ANPR_RZA2M_GR_MANGO/src/tensorflow_lite/src/tensorflow/lite/kernels\kernel_util.h **** 
 122:C:/Renesas/e2studio_2021_01_workspace_RZA2M_ANPR/ANPR_RZA2M_GR_MANGO/src/tensorflow_lite/src/tensorflow/lite/kernels\kernel_util.h **** // Note: You must check if result is not null:
 123:C:/Renesas/e2studio_2021_01_workspace_RZA2M_ANPR/ANPR_RZA2M_GR_MANGO/src/tensorflow_lite/src/tensorflow/lite/kernels\kernel_util.h **** //
 124:C:/Renesas/e2studio_2021_01_workspace_RZA2M_ANPR/ANPR_RZA2M_GR_MANGO/src/tensorflow_lite/src/tensorflow/lite/kernels\kernel_util.h **** //   TfLiteTensor* my_tensor = GetIntermediates(context, node, kMyTensorIdx);
 125:C:/Renesas/e2studio_2021_01_workspace_RZA2M_ANPR/ANPR_RZA2M_GR_MANGO/src/tensorflow_lite/src/tensorflow/lite/kernels\kernel_util.h **** //   TF_LITE_ENSURE(context, my_tensor != nullptr);
 126:C:/Renesas/e2studio_2021_01_workspace_RZA2M_ANPR/ANPR_RZA2M_GR_MANGO/src/tensorflow_lite/src/tensorflow/lite/kernels\kernel_util.h **** //
 127:C:/Renesas/e2studio_2021_01_workspace_RZA2M_ANPR/ANPR_RZA2M_GR_MANGO/src/tensorflow_lite/src/tensorflow/lite/kernels\kernel_util.h **** // This is because the index might point to the optional tensor constant
 128:C:/Renesas/e2studio_2021_01_workspace_RZA2M_ANPR/ANPR_RZA2M_GR_MANGO/src/tensorflow_lite/src/tensorflow/lite/kernels\kernel_util.h **** // (kTfLiteOptionalTensor) in which case there is no tensor to return.
 129:C:/Renesas/e2studio_2021_01_workspace_RZA2M_ANPR/ANPR_RZA2M_GR_MANGO/src/tensorflow_lite/src/tensorflow/lite/kernels\kernel_util.h **** const TfLiteTensor* GetIntermediates(TfLiteContext* context,
 130:C:/Renesas/e2studio_2021_01_workspace_RZA2M_ANPR/ANPR_RZA2M_GR_MANGO/src/tensorflow_lite/src/tensorflow/lite/kernels\kernel_util.h ****                                      const TfLiteNode* node, int index);
 131:C:/Renesas/e2studio_2021_01_workspace_RZA2M_ANPR/ANPR_RZA2M_GR_MANGO/src/tensorflow_lite/src/tensorflow/lite/kernels\kernel_util.h **** 
 132:C:/Renesas/e2studio_2021_01_workspace_RZA2M_ANPR/ANPR_RZA2M_GR_MANGO/src/tensorflow_lite/src/tensorflow/lite/kernels\kernel_util.h **** // Same as `GetIntermediates` but returns boolean and uses output argument for
 133:C:/Renesas/e2studio_2021_01_workspace_RZA2M_ANPR/ANPR_RZA2M_GR_MANGO/src/tensorflow_lite/src/tensorflow/lite/kernels\kernel_util.h **** // tensor.
 134:C:/Renesas/e2studio_2021_01_workspace_RZA2M_ANPR/ANPR_RZA2M_GR_MANGO/src/tensorflow_lite/src/tensorflow/lite/kernels\kernel_util.h **** //
 135:C:/Renesas/e2studio_2021_01_workspace_RZA2M_ANPR/ANPR_RZA2M_GR_MANGO/src/tensorflow_lite/src/tensorflow/lite/kernels\kernel_util.h **** //   TfLiteTensor* my_tensor;
 136:C:/Renesas/e2studio_2021_01_workspace_RZA2M_ANPR/ANPR_RZA2M_GR_MANGO/src/tensorflow_lite/src/tensorflow/lite/kernels\kernel_util.h **** //   TF_LITE_ENSURE_OK(context,
 137:C:/Renesas/e2studio_2021_01_workspace_RZA2M_ANPR/ANPR_RZA2M_GR_MANGO/src/tensorflow_lite/src/tensorflow/lite/kernels\kernel_util.h **** //                     GetIntermediatesSafe(context, node, kMyTensorIdx,
 138:C:/Renesas/e2studio_2021_01_workspace_RZA2M_ANPR/ANPR_RZA2M_GR_MANGO/src/tensorflow_lite/src/tensorflow/lite/kernels\kernel_util.h **** //                     &my_tensor));
 139:C:/Renesas/e2studio_2021_01_workspace_RZA2M_ANPR/ANPR_RZA2M_GR_MANGO/src/tensorflow_lite/src/tensorflow/lite/kernels\kernel_util.h **** //   // can use my_tensor directly from here onwards, it is not nullptr
 140:C:/Renesas/e2studio_2021_01_workspace_RZA2M_ANPR/ANPR_RZA2M_GR_MANGO/src/tensorflow_lite/src/tensorflow/lite/kernels\kernel_util.h **** //
 141:C:/Renesas/e2studio_2021_01_workspace_RZA2M_ANPR/ANPR_RZA2M_GR_MANGO/src/tensorflow_lite/src/tensorflow/lite/kernels\kernel_util.h **** // Should be used in cases where the binary size is too large.
 142:C:/Renesas/e2studio_2021_01_workspace_RZA2M_ANPR/ANPR_RZA2M_GR_MANGO/src/tensorflow_lite/src/tensorflow/lite/kernels\kernel_util.h **** TfLiteStatus GetIntermediatesSafe(const TfLiteContext* context,
 143:C:/Renesas/e2studio_2021_01_workspace_RZA2M_ANPR/ANPR_RZA2M_GR_MANGO/src/tensorflow_lite/src/tensorflow/lite/kernels\kernel_util.h ****                                   const TfLiteNode* node, int index,
 144:C:/Renesas/e2studio_2021_01_workspace_RZA2M_ANPR/ANPR_RZA2M_GR_MANGO/src/tensorflow_lite/src/tensorflow/lite/kernels\kernel_util.h ****                                   TfLiteTensor** tensor);
 145:C:/Renesas/e2studio_2021_01_workspace_RZA2M_ANPR/ANPR_RZA2M_GR_MANGO/src/tensorflow_lite/src/tensorflow/lite/kernels\kernel_util.h **** #endif  // TF_LITE_STATIC_MEMORY
 146:C:/Renesas/e2studio_2021_01_workspace_RZA2M_ANPR/ANPR_RZA2M_GR_MANGO/src/tensorflow_lite/src/tensorflow/lite/kernels\kernel_util.h **** 
 147:C:/Renesas/e2studio_2021_01_workspace_RZA2M_ANPR/ANPR_RZA2M_GR_MANGO/src/tensorflow_lite/src/tensorflow/lite/kernels\kernel_util.h **** inline int NumDimensions(const TfLiteTensor* t) { return t->dims->size; }
 148:C:/Renesas/e2studio_2021_01_workspace_RZA2M_ANPR/ANPR_RZA2M_GR_MANGO/src/tensorflow_lite/src/tensorflow/lite/kernels\kernel_util.h **** inline int SizeOfDimension(const TfLiteTensor* t, int dim) {
 149:C:/Renesas/e2studio_2021_01_workspace_RZA2M_ANPR/ANPR_RZA2M_GR_MANGO/src/tensorflow_lite/src/tensorflow/lite/kernels\kernel_util.h ****   return t->dims->data[dim];
 150:C:/Renesas/e2studio_2021_01_workspace_RZA2M_ANPR/ANPR_RZA2M_GR_MANGO/src/tensorflow_lite/src/tensorflow/lite/kernels\kernel_util.h **** }
 151:C:/Renesas/e2studio_2021_01_workspace_RZA2M_ANPR/ANPR_RZA2M_GR_MANGO/src/tensorflow_lite/src/tensorflow/lite/kernels\kernel_util.h **** 
 152:C:/Renesas/e2studio_2021_01_workspace_RZA2M_ANPR/ANPR_RZA2M_GR_MANGO/src/tensorflow_lite/src/tensorflow/lite/kernels\kernel_util.h **** inline int NumInputs(const TfLiteNode* node) { return node->inputs->size; }
 283              		.loc 3 152 0
 284 0000 003091E5 		ldr	r3, [r1]
 285              	.LBE68:
 286              	.LBE67:
  37:../src/tensorflow_lite/src/tensorflow/lite/micro/kernels/shape.cpp ****   TF_LITE_ENSURE_EQ(context, NumInputs(node), 1);
 287              		.loc 1 37 0
 288 0004 00C0A0E1 		mov	ip, r0
 289              	.LVL29:
 290 0008 70402DE9 		push	{r4, r5, r6, lr}
 291              		.save {r4, r5, r6, lr}
 292              		.cfi_def_cfa_offset 16
 293              		.cfi_offset 4, -16
 294              		.cfi_offset 5, -12
 295              		.cfi_offset 6, -8
 296              		.cfi_offset 14, -4
 297              		.pad #16
 298 000c 10D04DE2 		sub	sp, sp, #16
 299              		.cfi_def_cfa_offset 32
 300              	.LBB70:
 301              	.LBB69:
 302              		.loc 3 152 0
 303 0010 005093E5 		ldr	r5, [r3]
 304              	.LBE69:
 305              	.LBE70:
  38:../src/tensorflow_lite/src/tensorflow/lite/micro/kernels/shape.cpp ****   TF_LITE_ENSURE_EQ(context, NumOutputs(node), 1);
 306              		.loc 1 38 0
 307 0014 010055E3 		cmp	r5, #1
 308 0018 1600001A 		bne	.L34
 309              	.LVL30:
 310              	.LBB71:
 311              	.LBB72:
 312              	.LBB73:
 313              	.LBB74:
 153:C:/Renesas/e2studio_2021_01_workspace_RZA2M_ANPR/ANPR_RZA2M_GR_MANGO/src/tensorflow_lite/src/tensorflow/lite/kernels\kernel_util.h **** inline int NumOutputs(const TfLiteNode* node) { return node->outputs->size; }
 314              		.loc 3 153 0
 315 001c 043091E5 		ldr	r3, [r1, #4]
 316 0020 003093E5 		ldr	r3, [r3]
 317              	.LBE74:
 318              	.LBE73:
  39:../src/tensorflow_lite/src/tensorflow/lite/micro/kernels/shape.cpp **** 
 319              		.loc 1 39 0
 320 0024 010053E3 		cmp	r3, #1
  41:../src/tensorflow_lite/src/tensorflow/lite/micro/kernels/shape.cpp **** }
 321              		.loc 1 41 0
 322 0028 0000A003 		moveq	r0, #0
 323              	.LVL31:
  39:../src/tensorflow_lite/src/tensorflow/lite/micro/kernels/shape.cpp **** 
 324              		.loc 1 39 0
 325 002c 0F00000A 		beq	.L31
 326              	.LVL32:
 327 0030 004000E3 		movw	r4, #:lower16:.LC4
 328 0034 00E000E3 		movw	lr, #:lower16:.LC6
 329 0038 00E040E3 		movt	lr, #:upper16:.LC6
 330 003c 004040E3 		movt	r4, #:upper16:.LC4
 331 0040 002000E3 		movw	r2, #:lower16:.LC2
 332 0044 001000E3 		movw	r1, #:lower16:.LC3
 333              	.LVL33:
 334 0048 08308DE5 		str	r3, [sp, #8]
 335 004c 002040E3 		movt	r2, #:upper16:.LC2
 336 0050 0C508DE5 		str	r5, [sp, #12]
 337 0054 001040E3 		movt	r1, #:upper16:.LC3
 338 0058 14609CE5 		ldr	r6, [ip, #20]
 339 005c 2730A0E3 		mov	r3, #39
 340 0060 04408DE5 		str	r4, [sp, #4]
 341 0064 00E08DE5 		str	lr, [sp]
 342 0068 36FF2FE1 		blx	r6
 343              	.LVL34:
 344 006c 0500A0E1 		mov	r0, r5
 345              	.LVL35:
 346              	.L31:
 347              	.LBE72:
 348              	.LBE71:
  42:../src/tensorflow_lite/src/tensorflow/lite/micro/kernels/shape.cpp **** 
 349              		.loc 1 42 0
 350 0070 10D08DE2 		add	sp, sp, #16
 351              		.cfi_remember_state
 352              		.cfi_def_cfa_offset 16
 353              		@ sp needed
 354 0074 7080BDE8 		pop	{r4, r5, r6, pc}
 355              	.LVL36:
 356              	.L34:
 357              		.cfi_restore_state
  38:../src/tensorflow_lite/src/tensorflow/lite/micro/kernels/shape.cpp ****   TF_LITE_ENSURE_EQ(context, NumOutputs(node), 1);
 358              		.loc 1 38 0 discriminator 1
 359 0078 00E000E3 		movw	lr, #:lower16:.LC4
 360 007c 003000E3 		movw	r3, #:lower16:.LC5
 361 0080 00E040E3 		movt	lr, #:upper16:.LC4
 362 0084 0140A0E3 		mov	r4, #1
 363 0088 003040E3 		movt	r3, #:upper16:.LC5
 364 008c 002000E3 		movw	r2, #:lower16:.LC2
 365 0090 001000E3 		movw	r1, #:lower16:.LC3
 366              	.LVL37:
 367 0094 08508DE5 		str	r5, [sp, #8]
 368 0098 002040E3 		movt	r2, #:upper16:.LC2
 369 009c 145090E5 		ldr	r5, [r0, #20]
 370 00a0 001040E3 		movt	r1, #:upper16:.LC3
 371 00a4 00308DE5 		str	r3, [sp]
 372 00a8 04E08DE5 		str	lr, [sp, #4]
 373 00ac 2630A0E3 		mov	r3, #38
 374 00b0 0C408DE5 		str	r4, [sp, #12]
 375 00b4 35FF2FE1 		blx	r5
 376              	.LVL38:
 377 00b8 0400A0E1 		mov	r0, r4
  42:../src/tensorflow_lite/src/tensorflow/lite/micro/kernels/shape.cpp **** 
 378              		.loc 1 42 0 discriminator 1
 379 00bc 10D08DE2 		add	sp, sp, #16
 380              		.cfi_def_cfa_offset 16
 381              		@ sp needed
 382 00c0 7080BDE8 		pop	{r4, r5, r6, pc}
 383              		.cfi_endproc
 384              	.LFE6769:
 385              		.fnend
 387              		.section	.text._ZN6tflite14Register_SHAPEEv,"ax",%progbits
 388              		.align	2
 389              		.global	_ZN6tflite14Register_SHAPEEv
 390              		.syntax unified
 391              		.arm
 392              		.fpu neon
 394              	_ZN6tflite14Register_SHAPEEv:
 395              		.fnstart
 396              	.LFB6771:
  58:../src/tensorflow_lite/src/tensorflow/lite/micro/kernels/shape.cpp **** }
  59:../src/tensorflow_lite/src/tensorflow/lite/micro/kernels/shape.cpp **** 
  60:../src/tensorflow_lite/src/tensorflow/lite/micro/kernels/shape.cpp **** }  // namespace
  61:../src/tensorflow_lite/src/tensorflow/lite/micro/kernels/shape.cpp **** 
  62:../src/tensorflow_lite/src/tensorflow/lite/micro/kernels/shape.cpp **** TfLiteRegistration Register_SHAPE() {
 397              		.loc 1 62 0
 398              		.cfi_startproc
 399              		@ args = 0, pretend = 0, frame = 0
 400              		@ frame_needed = 0, uses_anonymous_args = 0
 401              	.LVL39:
  63:../src/tensorflow_lite/src/tensorflow/lite/micro/kernels/shape.cpp ****   return {/*init=*/nullptr,
  64:../src/tensorflow_lite/src/tensorflow/lite/micro/kernels/shape.cpp ****           /*free=*/nullptr,
  65:../src/tensorflow_lite/src/tensorflow/lite/micro/kernels/shape.cpp ****           /*prepare=*/Prepare,
  66:../src/tensorflow_lite/src/tensorflow/lite/micro/kernels/shape.cpp ****           /*invoke=*/Eval,
  67:../src/tensorflow_lite/src/tensorflow/lite/micro/kernels/shape.cpp ****           /*profiling_string=*/nullptr,
  68:../src/tensorflow_lite/src/tensorflow/lite/micro/kernels/shape.cpp ****           /*builtin_code=*/0,
  69:../src/tensorflow_lite/src/tensorflow/lite/micro/kernels/shape.cpp ****           /*custom_name=*/nullptr,
  70:../src/tensorflow_lite/src/tensorflow/lite/micro/kernels/shape.cpp ****           /*version=*/0};
 402              		.loc 1 70 0
 403 0000 00C000E3 		movw	ip, #:lower16:.LANCHOR0
  62:../src/tensorflow_lite/src/tensorflow/lite/micro/kernels/shape.cpp ****   return {/*init=*/nullptr,
 404              		.loc 1 62 0
 405 0004 10402DE9 		push	{r4, lr}
 406              		.cfi_def_cfa_offset 8
 407              		.cfi_offset 4, -8
 408              		.cfi_offset 14, -4
 409              		.loc 1 70 0
 410 0008 00C040E3 		movt	ip, #:upper16:.LANCHOR0
  62:../src/tensorflow_lite/src/tensorflow/lite/micro/kernels/shape.cpp ****   return {/*init=*/nullptr,
 411              		.loc 1 62 0
 412 000c 0040A0E1 		mov	r4, r0
 413              		.loc 1 70 0
 414 0010 00E0A0E1 		mov	lr, r0
 415 0014 0F00BCE8 		ldmia	ip!, {r0, r1, r2, r3}
 416              	.LVL40:
 417 0018 0F00AEE8 		stmia	lr!, {r0, r1, r2, r3}
 418 001c 0F009CE8 		ldm	ip, {r0, r1, r2, r3}
 419 0020 0F008EE8 		stm	lr, {r0, r1, r2, r3}
  71:../src/tensorflow_lite/src/tensorflow/lite/micro/kernels/shape.cpp **** }
 420              		.loc 1 71 0
 421 0024 0400A0E1 		mov	r0, r4
 422 0028 1080BDE8 		pop	{r4, pc}
 423              		.cfi_endproc
 424              	.LFE6771:
 425              		.cantunwind
 426              		.fnend
 428              		.weak	_ZN11flatbuffers25flatbuffer_version_stringE
 429              		.section	.rodata
 430              		.align	2
 431              		.set	.LANCHOR0,. + 0
 432              	.LC0:
 433 0000 00000000 		.word	0
 434 0004 00000000 		.word	0
 435 0008 00000000 		.word	_ZN6tflite12_GLOBAL__N_17PrepareEP13TfLiteContextP10TfLiteNode
 436 000c 00000000 		.word	_ZN6tflite12_GLOBAL__N_14EvalEP13TfLiteContextP10TfLiteNode
 437 0010 00000000 		.word	0
 438 0014 00000000 		.word	0
 439 0018 00000000 		.word	0
 440 001c 00000000 		.word	0
 441              		.section	.data._ZN11flatbuffers25flatbuffer_version_stringE,"aw",%progbits
 442              		.align	2
 445              	_ZN11flatbuffers25flatbuffer_version_stringE:
 446 0000 00000000 		.word	.LC7
 447              		.section	.rodata._ZN6tflite12_GLOBAL__N_14EvalEP13TfLiteContextP10TfLiteNode.str1.4,"aMS",%progbit
 448              		.align	2
 449              	.LC1:
 450 0000 4F757470 		.ascii	"Output type %s (%d) not supported.\000"
 450      75742074 
 450      79706520 
 450      25732028 
 450      25642920 
 451              		.section	.rodata._ZN6tflite12_GLOBAL__N_17PrepareEP13TfLiteContextP10TfLiteNode.str1.4,"aMS",%prog
 452              		.align	2
 453              	.LC2:
 454 0000 2E2E2F73 		.ascii	"../src/tensorflow_lite/src/tensorflow/lite/micro/ke"
 454      72632F74 
 454      656E736F 
 454      72666C6F 
 454      775F6C69 
 455 0033 726E656C 		.ascii	"rnels/shape.cpp\000"
 455      732F7368 
 455      6170652E 
 455      63707000 
 456 0043 00       		.space	1
 457              	.LC3:
 458 0044 25733A25 		.ascii	"%s:%d %s != %s (%d != %d)\000"
 458      64202573 
 458      20213D20 
 458      25732028 
 458      25642021 
 459 005e 0000     		.space	2
 460              	.LC4:
 461 0060 3100     		.ascii	"1\000"
 462 0062 0000     		.space	2
 463              	.LC5:
 464 0064 4E756D49 		.ascii	"NumInputs(node)\000"
 464      6E707574 
 464      73286E6F 
 464      64652900 
 465              	.LC6:
 466 0074 4E756D4F 		.ascii	"NumOutputs(node)\000"
 466      75747075 
 466      7473286E 
 466      6F646529 
 466      00
 467              		.section	.rodata.str1.4,"aMS",%progbits,1
 468              		.align	2
 469              	.LC7:
 470 0000 466C6174 		.ascii	"FlatBuffers 1.12.0\000"
 470      42756666 
 470      65727320 
 470      312E3132 
 470      2E3000
 471              		.text
 472              	.Letext0:
 473              		.file 4 "c:\\program files (x86)\\gnu tools arm embedded\\6 2017-q2-update\\arm-none-eabi\\include
 474              		.file 5 "c:\\program files (x86)\\gnu tools arm embedded\\6 2017-q2-update\\arm-none-eabi\\include
 475              		.file 6 "c:\\program files (x86)\\gnu tools arm embedded\\6 2017-q2-update\\arm-none-eabi\\include
 476              		.file 7 "c:\\program files (x86)\\gnu tools arm embedded\\6 2017-q2-update\\lib\\gcc\\arm-none-eab
 477              		.file 8 "C:/Renesas/e2studio_2021_01_workspace_RZA2M_ANPR/ANPR_RZA2M_GR_MANGO/src/tensorflow_lite/
 478              		.file 9 "C:/Renesas/e2studio_2021_01_workspace_RZA2M_ANPR/ANPR_RZA2M_GR_MANGO/src/tensorflow_lite/
 479              		.file 10 "c:\\program files (x86)\\gnu tools arm embedded\\6 2017-q2-update\\arm-none-eabi\\includ
 480              		.file 11 "c:\\program files (x86)\\gnu tools arm embedded\\6 2017-q2-update\\arm-none-eabi\\includ
 481              		.file 12 "c:\\program files (x86)\\gnu tools arm embedded\\6 2017-q2-update\\arm-none-eabi\\includ
 482              		.file 13 "c:\\program files (x86)\\gnu tools arm embedded\\6 2017-q2-update\\arm-none-eabi\\includ
 483              		.file 14 "c:\\program files (x86)\\gnu tools arm embedded\\6 2017-q2-update\\arm-none-eabi\\includ
 484              		.file 15 "c:\\program files (x86)\\gnu tools arm embedded\\6 2017-q2-update\\arm-none-eabi\\includ
 485              		.file 16 "c:\\program files (x86)\\gnu tools arm embedded\\6 2017-q2-update\\arm-none-eabi\\includ
 486              		.file 17 "c:\\program files (x86)\\gnu tools arm embedded\\6 2017-q2-update\\arm-none-eabi\\includ
 487              		.file 18 "c:\\program files (x86)\\gnu tools arm embedded\\6 2017-q2-update\\arm-none-eabi\\includ
 488              		.file 19 "c:\\program files (x86)\\gnu tools arm embedded\\6 2017-q2-update\\arm-none-eabi\\includ
 489              		.file 20 "c:\\program files (x86)\\gnu tools arm embedded\\6 2017-q2-update\\arm-none-eabi\\includ
 490              		.file 21 "c:\\program files (x86)\\gnu tools arm embedded\\6 2017-q2-update\\arm-none-eabi\\includ
 491              		.file 22 "c:\\program files (x86)\\gnu tools arm embedded\\6 2017-q2-update\\arm-none-eabi\\includ
 492              		.file 23 "c:\\program files (x86)\\gnu tools arm embedded\\6 2017-q2-update\\arm-none-eabi\\includ
 493              		.file 24 "c:\\program files (x86)\\gnu tools arm embedded\\6 2017-q2-update\\arm-none-eabi\\includ
 494              		.file 25 "c:\\program files (x86)\\gnu tools arm embedded\\6 2017-q2-update\\arm-none-eabi\\includ
 495              		.file 26 "c:\\program files (x86)\\gnu tools arm embedded\\6 2017-q2-update\\arm-none-eabi\\includ
 496              		.file 27 "c:\\program files (x86)\\gnu tools arm embedded\\6 2017-q2-update\\arm-none-eabi\\includ
 497              		.file 28 "c:\\program files (x86)\\gnu tools arm embedded\\6 2017-q2-update\\arm-none-eabi\\includ
 498              		.file 29 "c:\\program files (x86)\\gnu tools arm embedded\\6 2017-q2-update\\arm-none-eabi\\includ
 499              		.file 30 "c:\\program files (x86)\\gnu tools arm embedded\\6 2017-q2-update\\arm-none-eabi\\includ
 500              		.file 31 "c:\\program files (x86)\\gnu tools arm embedded\\6 2017-q2-update\\arm-none-eabi\\includ
 501              		.file 32 "c:\\program files (x86)\\gnu tools arm embedded\\6 2017-q2-update\\arm-none-eabi\\includ
 502              		.file 33 "c:\\program files (x86)\\gnu tools arm embedded\\6 2017-q2-update\\arm-none-eabi\\includ
 503              		.file 34 "c:\\program files (x86)\\gnu tools arm embedded\\6 2017-q2-update\\arm-none-eabi\\includ
 504              		.file 35 "c:\\program files (x86)\\gnu tools arm embedded\\6 2017-q2-update\\arm-none-eabi\\includ
 505              		.file 36 "c:\\program files (x86)\\gnu tools arm embedded\\6 2017-q2-update\\arm-none-eabi\\includ
 506              		.file 37 "c:\\program files (x86)\\gnu tools arm embedded\\6 2017-q2-update\\arm-none-eabi\\includ
 507              		.file 38 "c:\\program files (x86)\\gnu tools arm embedded\\6 2017-q2-update\\arm-none-eabi\\includ
 508              		.file 39 "c:\\program files (x86)\\gnu tools arm embedded\\6 2017-q2-update\\arm-none-eabi\\includ
 509              		.file 40 "c:\\program files (x86)\\gnu tools arm embedded\\6 2017-q2-update\\arm-none-eabi\\includ
 510              		.file 41 "c:\\program files (x86)\\gnu tools arm embedded\\6 2017-q2-update\\arm-none-eabi\\includ
 511              		.file 42 "c:\\program files (x86)\\gnu tools arm embedded\\6 2017-q2-update\\lib\\gcc\\arm-none-ea
 512              		.file 43 "<built-in>"
 513              		.file 44 "c:\\program files (x86)\\gnu tools arm embedded\\6 2017-q2-update\\arm-none-eabi\\includ
 514              		.file 45 "C:/Renesas/e2studio_2021_01_workspace_RZA2M_ANPR/ANPR_RZA2M_GR_MANGO/src/tensorflow_lite
 515              		.file 46 "c:\\program files (x86)\\gnu tools arm embedded\\6 2017-q2-update\\arm-none-eabi\\includ
 516              		.file 47 "c:\\program files (x86)\\gnu tools arm embedded\\6 2017-q2-update\\arm-none-eabi\\includ
 517              		.file 48 "c:\\program files (x86)\\gnu tools arm embedded\\6 2017-q2-update\\arm-none-eabi\\includ
 518              		.file 49 "c:\\program files (x86)\\gnu tools arm embedded\\6 2017-q2-update\\arm-none-eabi\\includ
 519              		.file 50 "c:\\program files (x86)\\gnu tools arm embedded\\6 2017-q2-update\\arm-none-eabi\\includ
 520              		.file 51 "C:/Renesas/e2studio_2021_01_workspace_RZA2M_ANPR/ANPR_RZA2M_GR_MANGO/src/tensorflow_lite
 521              		.file 52 "C:/Renesas/e2studio_2021_01_workspace_RZA2M_ANPR/ANPR_RZA2M_GR_MANGO/src/tensorflow_lite
 522              		.file 53 "C:/Renesas/e2studio_2021_01_workspace_RZA2M_ANPR/ANPR_RZA2M_GR_MANGO/src/tensorflow_lite
 523              		.file 54 "c:\\program files (x86)\\gnu tools arm embedded\\6 2017-q2-update\\arm-none-eabi\\includ
DEFINED SYMBOLS
                            *ABS*:00000000 shape.cpp
C:\Users\a5050395\AppData\Local\Temp\cc2vFFh4.s:17     .text._ZN6tflite12_GLOBAL__N_14EvalEP13TfLiteContextP10TfLiteNode:00000000 $a
C:\Users\a5050395\AppData\Local\Temp\cc2vFFh4.s:22     .text._ZN6tflite12_GLOBAL__N_14EvalEP13TfLiteContextP10TfLiteNode:00000000 _ZN6tflite12_GLOBAL__N_14EvalEP13TfLiteContextP10TfLiteNode
C:\Users\a5050395\AppData\Local\Temp\cc2vFFh4.s:449    .rodata._ZN6tflite12_GLOBAL__N_14EvalEP13TfLiteContextP10TfLiteNode.str1.4:00000000 .LC1
.ARM.exidx.text._ZN6tflite12_GLOBAL__N_14EvalEP13TfLiteContextP10TfLiteNode:00000000 $d
C:\Users\a5050395\AppData\Local\Temp\cc2vFFh4.s:267    .text._ZN6tflite12_GLOBAL__N_17PrepareEP13TfLiteContextP10TfLiteNode:00000000 $a
C:\Users\a5050395\AppData\Local\Temp\cc2vFFh4.s:272    .text._ZN6tflite12_GLOBAL__N_17PrepareEP13TfLiteContextP10TfLiteNode:00000000 _ZN6tflite12_GLOBAL__N_17PrepareEP13TfLiteContextP10TfLiteNode
C:\Users\a5050395\AppData\Local\Temp\cc2vFFh4.s:460    .rodata._ZN6tflite12_GLOBAL__N_17PrepareEP13TfLiteContextP10TfLiteNode.str1.4:00000060 .LC4
C:\Users\a5050395\AppData\Local\Temp\cc2vFFh4.s:465    .rodata._ZN6tflite12_GLOBAL__N_17PrepareEP13TfLiteContextP10TfLiteNode.str1.4:00000074 .LC6
C:\Users\a5050395\AppData\Local\Temp\cc2vFFh4.s:453    .rodata._ZN6tflite12_GLOBAL__N_17PrepareEP13TfLiteContextP10TfLiteNode.str1.4:00000000 .LC2
C:\Users\a5050395\AppData\Local\Temp\cc2vFFh4.s:457    .rodata._ZN6tflite12_GLOBAL__N_17PrepareEP13TfLiteContextP10TfLiteNode.str1.4:00000044 .LC3
C:\Users\a5050395\AppData\Local\Temp\cc2vFFh4.s:463    .rodata._ZN6tflite12_GLOBAL__N_17PrepareEP13TfLiteContextP10TfLiteNode.str1.4:00000064 .LC5
.ARM.exidx.text._ZN6tflite12_GLOBAL__N_17PrepareEP13TfLiteContextP10TfLiteNode:00000000 $d
C:\Users\a5050395\AppData\Local\Temp\cc2vFFh4.s:388    .text._ZN6tflite14Register_SHAPEEv:00000000 $a
C:\Users\a5050395\AppData\Local\Temp\cc2vFFh4.s:394    .text._ZN6tflite14Register_SHAPEEv:00000000 _ZN6tflite14Register_SHAPEEv
C:\Users\a5050395\AppData\Local\Temp\cc2vFFh4.s:431    .rodata:00000000 .LANCHOR0
.ARM.exidx.text._ZN6tflite14Register_SHAPEEv:00000000 $d
C:\Users\a5050395\AppData\Local\Temp\cc2vFFh4.s:445    .data._ZN11flatbuffers25flatbuffer_version_stringE:00000000 _ZN11flatbuffers25flatbuffer_version_stringE
C:\Users\a5050395\AppData\Local\Temp\cc2vFFh4.s:430    .rodata:00000000 $d
C:\Users\a5050395\AppData\Local\Temp\cc2vFFh4.s:442    .data._ZN11flatbuffers25flatbuffer_version_stringE:00000000 $d
C:\Users\a5050395\AppData\Local\Temp\cc2vFFh4.s:448    .rodata._ZN6tflite12_GLOBAL__N_14EvalEP13TfLiteContextP10TfLiteNode.str1.4:00000000 $d
C:\Users\a5050395\AppData\Local\Temp\cc2vFFh4.s:452    .rodata._ZN6tflite12_GLOBAL__N_17PrepareEP13TfLiteContextP10TfLiteNode.str1.4:00000000 $d
C:\Users\a5050395\AppData\Local\Temp\cc2vFFh4.s:468    .rodata.str1.4:00000000 $d
                     .debug_frame:00000010 $d
                           .group:00000000 wm4.0.3e1481985cce1e923928453d8be0a65b
                           .group:00000000 wm4.stdint.h.4.659be5aa44c4ab4eb7c7cc2b24d8ceee
                           .group:00000000 wm4._newlib_version.h.4.3572908597b70d672d181fc7fc501c19
                           .group:00000000 wm4.features.h.33.7b36b8b41abe4293fbb29540b719705c
                           .group:00000000 wm4._default_types.h.15.247e5cd201eca3442cbf5404108c4935
                           .group:00000000 wm4._intsup.h.10.cce27fed8484c08a33f522034c30d2b5
                           .group:00000000 wm4._stdint.h.10.c24fa3af3bc1706662bb5593a907e841
                           .group:00000000 wm4.stdint.h.23.d53047a68f4a85177f80b422d52785ed
                           .group:00000000 wm4.stdbool.h.29.01580e438512fc255c0619569742ffd3
                           .group:00000000 wm4.stddef.h.39.fa2e86d241f4df50b9327c72832885e1
                           .group:00000000 wm4.c_api_types.h.20.9b09175981ed746180e205cc0b4b2bfd
                           .group:00000000 wm4.common.h.77.124de099ec0ac4f95ebf1618a5f42cf6
                           .group:00000000 wm4.cconfig.h.31.1472b8c7bd4952a63a52f3f4f718f872
                           .group:00000000 wm4.cpu_defines.h.31.54d44f9d3e7c42875c5a7fd49795eb93
                           .group:00000000 wm4.cconfig.h.515.5e729db314ae74226e291b4ae081e353
                           .group:00000000 wm4.concept_check.h.31.f19605d278e56917c68a56d378be308c
                           .group:00000000 wm4.type_traits.30.2c7323a483bcd7601e8b71d2546ae284
                           .group:00000000 wm4.move.h.152.41d7b9e6779674d169b7813982cfa003
                           .group:00000000 wm4.exception_defines.h.31.ca6841b9be3287386aafc5c717935b2e
                           .group:00000000 wm4.cpp_type_traits.h.33.9f2bfd8c4471a9a299f6da3ec24c745c
                           .group:00000000 wm4.numeric_traits.h.30.aa01a98564b7e55086aad9e53c7e5c53
                           .group:00000000 wm4.assertions.h.30.51d443923f0d242550e04246a7819b39
                           .group:00000000 wm4.stl_iterator.h.1250.45f349a262f1b0d836d8edbc4b7b98ff
                           .group:00000000 wm4.debug.h.30.5c1f223b12199e851d4d42805b788ccf
                           .group:00000000 wm4.stl_algobase.h.491.aa250b69c90aafa2a0a62b8c58cd5f30
                           .group:00000000 wm4.cstdlib.44.52c5efdfb0f3c176bd11e611a0b94959
                           .group:00000000 wm4.newlib.h.8.5f2124c7e712be65f83b91ff86a0b1c1
                           .group:00000000 wm4.config.h.219.65a553ab5bef5482f0d7880b0d33015e
                           .group:00000000 wm4._ansi.h.23.1ee1144430bedaab1a14c7b57a6c8384
                           .group:00000000 wm4.stdlib.h.13.4ed386f5c1a80d71e72172885d946ef2
                           .group:00000000 wm4.stddef.h.161.38688f2eb958a8ed58fdb61ffe554c94
                           .group:00000000 wm4.lock.h.2.1461d1fff82dffe8bfddc23307f6484f
                           .group:00000000 wm4._types.h.125.5cf8a495f1f7ef36777ad868a1e32068
                           .group:00000000 wm4.stddef.h.161.7e98c9c86da0ed2d27af2ef92af7d013
                           .group:00000000 wm4._types.h.183.c226d164ceca1f2ecb9ae9360c54a098
                           .group:00000000 wm4.reent.h.17.23b059516345f8f5abfa01ddc379570f
                           .group:00000000 wm4.cdefs.h.47.9bc8274c84fddbf05edd550eb0bf48cd
                           .group:00000000 wm4.stdlib.h.56.b4ddaf162082f284ba35b4444af99a9a
                           .group:00000000 wm4.cstdlib.76.ae666499c8f9b0ace1b4b23fe143da2c
                           .group:00000000 wm4.atomic_lockfree_defines.h.31.d5c6334fb1e95c9462b052951f1411df
                           .group:00000000 wm4.limits.38.55aefcf041805b6211ca3649dd2ab1b5
                           .group:00000000 wm4.string.h.8.c4b8571ce60dff2817f43fec8b86aecd
                           .group:00000000 wm4.cstring.45.6ab09de7fb97b576e744347688ddc8d7
                           .group:00000000 wm4.stdio.h.27.3fc80220048df77954e38daec3bb9670
                           .group:00000000 wm4.stdarg.h.34.3a23a216c0c293b3d2ea2e89281481e6
                           .group:00000000 wm4.types.h.40.e8c16e7ec36ba55f133d0616070e25fc
                           .group:00000000 wm4.types.h.114.fb65732f4f5f288a036a25898de2c91f
                           .group:00000000 wm4.stdio.h.2.4aa87247282eca6c8f36f9de33d8df1a
                           .group:00000000 wm4.stdio.h.81.7ccf35811a8d906c9cfd8de381f5758a
                           .group:00000000 wm4.cstdio.45.ba8d321feb18bfc8923454067605c368
                           .group:00000000 wm4.op_macros.h.42.7b718cb416a067e7bb07e7699647769b
                           .group:00000000 wm4.compatibility.h.23.702d6356326ea59aded8ef5c6c4626d5
                           .group:00000000 wm4.cstddef.40.7f59894b65c26f8fc669473914a0ef3e
                           .group:00000000 wm4.stdarg.h.31.250806951830a1b6a3066ee41cf22414
                           .group:00000000 wm4.assert.h.11.a5d97ca77559a42890313c4941c01fd9
                           .group:00000000 wm4.wchar.h.2.f837619576d797e948eb58c44fac4678
                           .group:00000000 wm4.stddef.h.161.9f48187563b2a85291a91832aa425498
                           .group:00000000 wm4.wchar.h.21.454a0b75f45497599b41aa0e6acf289d
                           .group:00000000 wm4.cwchar.48.c4e882638bf84f6da89479dda6fe8e17
                           .group:00000000 wm4.allocator.h.52.0ceafb36dc1b82dbfa6b05003082e3f5
                           .group:00000000 wm4.locale.h.8.27d0fe4c0abbb6f8893a1fa7c1799fd9
                           .group:00000000 wm4.locale.h.16.524572cf3c2ed9856516685acdc598fe
                           .group:00000000 wm4.clocale.45.c36d2d5b631a875aa5273176b54fdf0f
                           .group:00000000 wm4.ctype.h.2.da310d2ad165ccf8b86542f76fdb938d
                           .group:00000000 wm4.cctype.45.0da5714876b0be7f2d816b53d9670403
                           .group:00000000 wm4.gthr.h.27.ceb1c66b926f052afcba57e8784df0d4
                           .group:00000000 wm4.gthrdefault.h.27.edc94d4398c0534988962be77dc3c2e1
                           .group:00000000 wm4.atomic_word.h.30.9e0ac69fd462d5e650933e05133b4afa
                           .group:00000000 wm4.errno.h.2.ba016d646105af6cad23be83630b6a3f
                           .group:00000000 wm4.errno.h.9.1ecd7b1049497a0ab61da0f6cbd4b0c6
                           .group:00000000 wm4.functional_hash.h.98.3bf7680ffcc8d24d09fa83ac1339c79d
                           .group:00000000 wm4.wctype.h.2.898a9b94aa35d125e245195b099726a8
                           .group:00000000 wm4.wctype.h.21.aec4d35c940c33b3f9c6f879c49edcd8
                           .group:00000000 wm4.cwctype.54.6582aca101688c1c3785d03bc15e2af6
                           .group:00000000 wm4.locale_facets.h.56.0d4bb655ce5e76ea564363ed7c5a34fc
                           .group:00000000 wm4.typeinfo.30.04014f5b1b4fb021c5662653bc27c750
                           .group:00000000 wm4.functional.549.0bc5b448cf999863d3841495cd6fe920
                           .group:00000000 wm4.atomic_base.h.31.692a6b53cef50ad728d4af54dfbd4448
                           .group:00000000 wm4.base.h.81.f7b1ec2a44bbbae0afe7a7a890202b81
                           .group:00000000 wm4.flatbuffers.h.2690.8dde7194088843c14d4d121ab864e44f
                           .group:00000000 wm4.math.h.13.e7cbdea54f4da98ab8f7fad4d23502b2
                           .group:00000000 wm4.cmath.46.d6e5b776115d39075860ed881d18f087

UNDEFINED SYMBOLS
TfLiteTypeGetName
abort
__aeabi_unwind_cpp_pr0
