   1              		.cpu cortex-a9
   2              		.eabi_attribute 28, 1
   3              		.eabi_attribute 20, 1
   4              		.eabi_attribute 21, 1
   5              		.eabi_attribute 23, 3
   6              		.eabi_attribute 24, 1
   7              		.eabi_attribute 25, 1
   8              		.eabi_attribute 26, 1
   9              		.eabi_attribute 30, 2
  10              		.eabi_attribute 34, 0
  11              		.eabi_attribute 18, 4
  12              		.file	"spea_userdef.c"
  13              		.section	.text.R_SPEA_CPUVAddrToSysPAddr,"ax",%progbits
  14              		.align	2
  15              		.global	R_SPEA_CPUVAddrToSysPAddr
  16              		.syntax unified
  17              		.arm
  18              		.fpu neon
  20              	R_SPEA_CPUVAddrToSysPAddr:
  21              		@ args = 0, pretend = 0, frame = 8
  22              		@ frame_needed = 0, uses_anonymous_args = 0
  23 0000 10402DE9 		push	{r4, lr}
  24 0004 08D04DE2 		sub	sp, sp, #8
  25 0008 0040A0E3 		mov	r4, #0
  26 000c 08108DE2 		add	r1, sp, #8
  27 0010 044021E5 		str	r4, [r1, #-4]!
  28 0014 FEFFFFEB 		bl	R_MMU_VAtoPA
  29 0018 040050E1 		cmp	r0, r4
  30 001c 04009D05 		ldreq	r0, [sp, #4]
  31 0020 0400A011 		movne	r0, r4
  32 0024 08D08DE2 		add	sp, sp, #8
  33              		@ sp needed
  34 0028 1080BDE8 		pop	{r4, pc}
  36              		.ident	"GCC: (GNU Tools for ARM Embedded Processors 6-2017-q2-update) 6.3.1 20170620 (release) [AR
DEFINED SYMBOLS
                            *ABS*:00000000 spea_userdef.c
C:\Users\a5050395\AppData\Local\Temp\ccIuqhBH.s:14     .text.R_SPEA_CPUVAddrToSysPAddr:00000000 $a
C:\Users\a5050395\AppData\Local\Temp\ccIuqhBH.s:20     .text.R_SPEA_CPUVAddrToSysPAddr:00000000 R_SPEA_CPUVAddrToSysPAddr

UNDEFINED SYMBOLS
R_MMU_VAtoPA
