   1              		.cpu cortex-a9
   2              		.eabi_attribute 28, 1
   3              		.eabi_attribute 20, 1
   4              		.eabi_attribute 21, 1
   5              		.eabi_attribute 23, 3
   6              		.eabi_attribute 24, 1
   7              		.eabi_attribute 25, 1
   8              		.eabi_attribute 26, 1
   9              		.eabi_attribute 30, 2
  10              		.eabi_attribute 34, 0
  11              		.eabi_attribute 18, 4
  12              		.file	"arm_convolve_wrapper_s8.c"
  13              		.text
  14              	.Ltext0:
  15              		.cfi_sections	.debug_frame
  16              		.section	.text.arm_convolve_wrapper_s8,"ax",%progbits
  17              		.align	2
  18              		.global	arm_convolve_wrapper_s8
  19              		.syntax unified
  20              		.arm
  21              		.fpu neon
  23              	arm_convolve_wrapper_s8:
  24              	.LFB87:
  25              		.file 1 "../src/tensorflow_lite/src/tensorflow/lite/micro/tools/make/downloads/cmsis/CMSIS/NN/Sour
   1:../src/tensorflow_lite/src/tensorflow/lite/micro/tools/make/downloads/cmsis/CMSIS/NN/Source/ConvolutionFunctions/arm_convolve_wrapper_s8.c **** /*
   2:../src/tensorflow_lite/src/tensorflow/lite/micro/tools/make/downloads/cmsis/CMSIS/NN/Source/ConvolutionFunctions/arm_convolve_wrapper_s8.c ****  * Copyright (C) 2020 Arm Limited or its affiliates. All rights reserved.
   3:../src/tensorflow_lite/src/tensorflow/lite/micro/tools/make/downloads/cmsis/CMSIS/NN/Source/ConvolutionFunctions/arm_convolve_wrapper_s8.c ****  *
   4:../src/tensorflow_lite/src/tensorflow/lite/micro/tools/make/downloads/cmsis/CMSIS/NN/Source/ConvolutionFunctions/arm_convolve_wrapper_s8.c ****  * SPDX-License-Identifier: Apache-2.0
   5:../src/tensorflow_lite/src/tensorflow/lite/micro/tools/make/downloads/cmsis/CMSIS/NN/Source/ConvolutionFunctions/arm_convolve_wrapper_s8.c ****  *
   6:../src/tensorflow_lite/src/tensorflow/lite/micro/tools/make/downloads/cmsis/CMSIS/NN/Source/ConvolutionFunctions/arm_convolve_wrapper_s8.c ****  * Licensed under the Apache License, Version 2.0 (the License); you may
   7:../src/tensorflow_lite/src/tensorflow/lite/micro/tools/make/downloads/cmsis/CMSIS/NN/Source/ConvolutionFunctions/arm_convolve_wrapper_s8.c ****  * not use this file except in compliance with the License.
   8:../src/tensorflow_lite/src/tensorflow/lite/micro/tools/make/downloads/cmsis/CMSIS/NN/Source/ConvolutionFunctions/arm_convolve_wrapper_s8.c ****  * You may obtain a copy of the License at
   9:../src/tensorflow_lite/src/tensorflow/lite/micro/tools/make/downloads/cmsis/CMSIS/NN/Source/ConvolutionFunctions/arm_convolve_wrapper_s8.c ****  *
  10:../src/tensorflow_lite/src/tensorflow/lite/micro/tools/make/downloads/cmsis/CMSIS/NN/Source/ConvolutionFunctions/arm_convolve_wrapper_s8.c ****  * www.apache.org/licenses/LICENSE-2.0
  11:../src/tensorflow_lite/src/tensorflow/lite/micro/tools/make/downloads/cmsis/CMSIS/NN/Source/ConvolutionFunctions/arm_convolve_wrapper_s8.c ****  *
  12:../src/tensorflow_lite/src/tensorflow/lite/micro/tools/make/downloads/cmsis/CMSIS/NN/Source/ConvolutionFunctions/arm_convolve_wrapper_s8.c ****  * Unless required by applicable law or agreed to in writing, software
  13:../src/tensorflow_lite/src/tensorflow/lite/micro/tools/make/downloads/cmsis/CMSIS/NN/Source/ConvolutionFunctions/arm_convolve_wrapper_s8.c ****  * distributed under the License is distributed on an AS IS BASIS, WITHOUT
  14:../src/tensorflow_lite/src/tensorflow/lite/micro/tools/make/downloads/cmsis/CMSIS/NN/Source/ConvolutionFunctions/arm_convolve_wrapper_s8.c ****  * WARRANTIES OR CONDITIONS OF ANY KIND, either express or implied.
  15:../src/tensorflow_lite/src/tensorflow/lite/micro/tools/make/downloads/cmsis/CMSIS/NN/Source/ConvolutionFunctions/arm_convolve_wrapper_s8.c ****  * See the License for the specific language governing permissions and
  16:../src/tensorflow_lite/src/tensorflow/lite/micro/tools/make/downloads/cmsis/CMSIS/NN/Source/ConvolutionFunctions/arm_convolve_wrapper_s8.c ****  * limitations under the License.
  17:../src/tensorflow_lite/src/tensorflow/lite/micro/tools/make/downloads/cmsis/CMSIS/NN/Source/ConvolutionFunctions/arm_convolve_wrapper_s8.c ****  */
  18:../src/tensorflow_lite/src/tensorflow/lite/micro/tools/make/downloads/cmsis/CMSIS/NN/Source/ConvolutionFunctions/arm_convolve_wrapper_s8.c **** 
  19:../src/tensorflow_lite/src/tensorflow/lite/micro/tools/make/downloads/cmsis/CMSIS/NN/Source/ConvolutionFunctions/arm_convolve_wrapper_s8.c **** /* ----------------------------------------------------------------------
  20:../src/tensorflow_lite/src/tensorflow/lite/micro/tools/make/downloads/cmsis/CMSIS/NN/Source/ConvolutionFunctions/arm_convolve_wrapper_s8.c ****  * Project:      CMSIS NN Library
  21:../src/tensorflow_lite/src/tensorflow/lite/micro/tools/make/downloads/cmsis/CMSIS/NN/Source/ConvolutionFunctions/arm_convolve_wrapper_s8.c ****  * Title:        arm_convolve_wrapper_s8.c
  22:../src/tensorflow_lite/src/tensorflow/lite/micro/tools/make/downloads/cmsis/CMSIS/NN/Source/ConvolutionFunctions/arm_convolve_wrapper_s8.c ****  * Description:  s8 convolution layer wrapper function with the main purpose to call the optimal ke
  23:../src/tensorflow_lite/src/tensorflow/lite/micro/tools/make/downloads/cmsis/CMSIS/NN/Source/ConvolutionFunctions/arm_convolve_wrapper_s8.c ****  * cmsis-nn to perform the convolution.
  24:../src/tensorflow_lite/src/tensorflow/lite/micro/tools/make/downloads/cmsis/CMSIS/NN/Source/ConvolutionFunctions/arm_convolve_wrapper_s8.c ****  *
  25:../src/tensorflow_lite/src/tensorflow/lite/micro/tools/make/downloads/cmsis/CMSIS/NN/Source/ConvolutionFunctions/arm_convolve_wrapper_s8.c ****  * $Date:        09. October 2020
  26:../src/tensorflow_lite/src/tensorflow/lite/micro/tools/make/downloads/cmsis/CMSIS/NN/Source/ConvolutionFunctions/arm_convolve_wrapper_s8.c ****  * $Revision:    V.1.0.1
  27:../src/tensorflow_lite/src/tensorflow/lite/micro/tools/make/downloads/cmsis/CMSIS/NN/Source/ConvolutionFunctions/arm_convolve_wrapper_s8.c ****  *
  28:../src/tensorflow_lite/src/tensorflow/lite/micro/tools/make/downloads/cmsis/CMSIS/NN/Source/ConvolutionFunctions/arm_convolve_wrapper_s8.c ****  * Target Processor:  Cortex-M cores
  29:../src/tensorflow_lite/src/tensorflow/lite/micro/tools/make/downloads/cmsis/CMSIS/NN/Source/ConvolutionFunctions/arm_convolve_wrapper_s8.c ****  *
  30:../src/tensorflow_lite/src/tensorflow/lite/micro/tools/make/downloads/cmsis/CMSIS/NN/Source/ConvolutionFunctions/arm_convolve_wrapper_s8.c ****  * -------------------------------------------------------------------- */
  31:../src/tensorflow_lite/src/tensorflow/lite/micro/tools/make/downloads/cmsis/CMSIS/NN/Source/ConvolutionFunctions/arm_convolve_wrapper_s8.c **** 
  32:../src/tensorflow_lite/src/tensorflow/lite/micro/tools/make/downloads/cmsis/CMSIS/NN/Source/ConvolutionFunctions/arm_convolve_wrapper_s8.c **** #include "tensorflow/lite/micro/tools/make/downloads/cmsis/CMSIS/NN/Include/arm_nnfunctions.h"
  33:../src/tensorflow_lite/src/tensorflow/lite/micro/tools/make/downloads/cmsis/CMSIS/NN/Source/ConvolutionFunctions/arm_convolve_wrapper_s8.c **** 
  34:../src/tensorflow_lite/src/tensorflow/lite/micro/tools/make/downloads/cmsis/CMSIS/NN/Source/ConvolutionFunctions/arm_convolve_wrapper_s8.c **** /**
  35:../src/tensorflow_lite/src/tensorflow/lite/micro/tools/make/downloads/cmsis/CMSIS/NN/Source/ConvolutionFunctions/arm_convolve_wrapper_s8.c ****  *  @ingroup groupNN
  36:../src/tensorflow_lite/src/tensorflow/lite/micro/tools/make/downloads/cmsis/CMSIS/NN/Source/ConvolutionFunctions/arm_convolve_wrapper_s8.c ****  */
  37:../src/tensorflow_lite/src/tensorflow/lite/micro/tools/make/downloads/cmsis/CMSIS/NN/Source/ConvolutionFunctions/arm_convolve_wrapper_s8.c **** 
  38:../src/tensorflow_lite/src/tensorflow/lite/micro/tools/make/downloads/cmsis/CMSIS/NN/Source/ConvolutionFunctions/arm_convolve_wrapper_s8.c **** /**
  39:../src/tensorflow_lite/src/tensorflow/lite/micro/tools/make/downloads/cmsis/CMSIS/NN/Source/ConvolutionFunctions/arm_convolve_wrapper_s8.c ****  * @addtogroup NNConv
  40:../src/tensorflow_lite/src/tensorflow/lite/micro/tools/make/downloads/cmsis/CMSIS/NN/Source/ConvolutionFunctions/arm_convolve_wrapper_s8.c ****  * @{
  41:../src/tensorflow_lite/src/tensorflow/lite/micro/tools/make/downloads/cmsis/CMSIS/NN/Source/ConvolutionFunctions/arm_convolve_wrapper_s8.c ****  */
  42:../src/tensorflow_lite/src/tensorflow/lite/micro/tools/make/downloads/cmsis/CMSIS/NN/Source/ConvolutionFunctions/arm_convolve_wrapper_s8.c **** 
  43:../src/tensorflow_lite/src/tensorflow/lite/micro/tools/make/downloads/cmsis/CMSIS/NN/Source/ConvolutionFunctions/arm_convolve_wrapper_s8.c **** /*
  44:../src/tensorflow_lite/src/tensorflow/lite/micro/tools/make/downloads/cmsis/CMSIS/NN/Source/ConvolutionFunctions/arm_convolve_wrapper_s8.c ****  * Convolution layer
  45:../src/tensorflow_lite/src/tensorflow/lite/micro/tools/make/downloads/cmsis/CMSIS/NN/Source/ConvolutionFunctions/arm_convolve_wrapper_s8.c ****  *
  46:../src/tensorflow_lite/src/tensorflow/lite/micro/tools/make/downloads/cmsis/CMSIS/NN/Source/ConvolutionFunctions/arm_convolve_wrapper_s8.c ****  * Refer header file for details.
  47:../src/tensorflow_lite/src/tensorflow/lite/micro/tools/make/downloads/cmsis/CMSIS/NN/Source/ConvolutionFunctions/arm_convolve_wrapper_s8.c ****  *
  48:../src/tensorflow_lite/src/tensorflow/lite/micro/tools/make/downloads/cmsis/CMSIS/NN/Source/ConvolutionFunctions/arm_convolve_wrapper_s8.c ****  */
  49:../src/tensorflow_lite/src/tensorflow/lite/micro/tools/make/downloads/cmsis/CMSIS/NN/Source/ConvolutionFunctions/arm_convolve_wrapper_s8.c **** 
  50:../src/tensorflow_lite/src/tensorflow/lite/micro/tools/make/downloads/cmsis/CMSIS/NN/Source/ConvolutionFunctions/arm_convolve_wrapper_s8.c **** arm_status arm_convolve_wrapper_s8(const cmsis_nn_context *ctx,
  51:../src/tensorflow_lite/src/tensorflow/lite/micro/tools/make/downloads/cmsis/CMSIS/NN/Source/ConvolutionFunctions/arm_convolve_wrapper_s8.c ****                                    const cmsis_nn_conv_params *conv_params,
  52:../src/tensorflow_lite/src/tensorflow/lite/micro/tools/make/downloads/cmsis/CMSIS/NN/Source/ConvolutionFunctions/arm_convolve_wrapper_s8.c ****                                    const cmsis_nn_per_channel_quant_params *quant_params,
  53:../src/tensorflow_lite/src/tensorflow/lite/micro/tools/make/downloads/cmsis/CMSIS/NN/Source/ConvolutionFunctions/arm_convolve_wrapper_s8.c ****                                    const cmsis_nn_dims *input_dims,
  54:../src/tensorflow_lite/src/tensorflow/lite/micro/tools/make/downloads/cmsis/CMSIS/NN/Source/ConvolutionFunctions/arm_convolve_wrapper_s8.c ****                                    const q7_t *input_data,
  55:../src/tensorflow_lite/src/tensorflow/lite/micro/tools/make/downloads/cmsis/CMSIS/NN/Source/ConvolutionFunctions/arm_convolve_wrapper_s8.c ****                                    const cmsis_nn_dims *filter_dims,
  56:../src/tensorflow_lite/src/tensorflow/lite/micro/tools/make/downloads/cmsis/CMSIS/NN/Source/ConvolutionFunctions/arm_convolve_wrapper_s8.c ****                                    const q7_t *filter_data,
  57:../src/tensorflow_lite/src/tensorflow/lite/micro/tools/make/downloads/cmsis/CMSIS/NN/Source/ConvolutionFunctions/arm_convolve_wrapper_s8.c ****                                    const cmsis_nn_dims *bias_dims,
  58:../src/tensorflow_lite/src/tensorflow/lite/micro/tools/make/downloads/cmsis/CMSIS/NN/Source/ConvolutionFunctions/arm_convolve_wrapper_s8.c ****                                    const int32_t *bias_data,
  59:../src/tensorflow_lite/src/tensorflow/lite/micro/tools/make/downloads/cmsis/CMSIS/NN/Source/ConvolutionFunctions/arm_convolve_wrapper_s8.c ****                                    const cmsis_nn_dims *output_dims,
  60:../src/tensorflow_lite/src/tensorflow/lite/micro/tools/make/downloads/cmsis/CMSIS/NN/Source/ConvolutionFunctions/arm_convolve_wrapper_s8.c ****                                    q7_t *output_data)
  61:../src/tensorflow_lite/src/tensorflow/lite/micro/tools/make/downloads/cmsis/CMSIS/NN/Source/ConvolutionFunctions/arm_convolve_wrapper_s8.c **** {
  26              		.loc 1 61 0
  27              		.cfi_startproc
  28              		@ args = 28, pretend = 0, frame = 8
  29              		@ frame_needed = 0, uses_anonymous_args = 0
  30              	.LVL0:
  31 0000 F04F2DE9 		push	{r4, r5, r6, r7, r8, r9, r10, fp, lr}
  32              		.cfi_def_cfa_offset 36
  33              		.cfi_offset 4, -36
  34              		.cfi_offset 5, -32
  35              		.cfi_offset 6, -28
  36              		.cfi_offset 7, -24
  37              		.cfi_offset 8, -20
  38              		.cfi_offset 9, -16
  39              		.cfi_offset 10, -12
  40              		.cfi_offset 11, -8
  41              		.cfi_offset 14, -4
  42 0004 0CD04DE2 		sub	sp, sp, #12
  43              		.cfi_def_cfa_offset 48
  62:../src/tensorflow_lite/src/tensorflow/lite/micro/tools/make/downloads/cmsis/CMSIS/NN/Source/ConvolutionFunctions/arm_convolve_wrapper_s8.c ****     if ((conv_params->padding.w == 0) && (conv_params->padding.h == 0) && (input_dims->c % 4 == 0) 
  44              		.loc 1 62 0
  45 0008 10E091E5 		ldr	lr, [r1, #16]
  61:../src/tensorflow_lite/src/tensorflow/lite/micro/tools/make/downloads/cmsis/CMSIS/NN/Source/ConvolutionFunctions/arm_convolve_wrapper_s8.c ****     if ((conv_params->padding.w == 0) && (conv_params->padding.h == 0) && (input_dims->c % 4 == 0) 
  46              		.loc 1 61 0
  47 000c 3C608DE2 		add	r6, sp, #60
  48              	.LVL1:
  49 0010 01C0A0E1 		mov	ip, r1
  50 0014 0340A0E1 		mov	r4, r3
  51 0018 00008DE5 		str	r0, [sp]
  52              		.loc 1 62 0
  53 001c 00005EE3 		cmp	lr, #0
  61:../src/tensorflow_lite/src/tensorflow/lite/micro/tools/make/downloads/cmsis/CMSIS/NN/Source/ConvolutionFunctions/arm_convolve_wrapper_s8.c ****     if ((conv_params->padding.w == 0) && (conv_params->padding.h == 0) && (input_dims->c % 4 == 0) 
  54              		.loc 1 61 0
  55 0020 04208DE5 		str	r2, [sp, #4]
  56 0024 30B09DE5 		ldr	fp, [sp, #48]
  57 0028 34509DE5 		ldr	r5, [sp, #52]
  58 002c 38909DE5 		ldr	r9, [sp, #56]
  59 0030 C04096E8 		ldm	r6, {r6, r7, lr}
  60              	.LVL2:
  61 0034 48809DE5 		ldr	r8, [sp, #72]
  62              		.loc 1 62 0
  63 0038 0200001A 		bne	.L2
  64              		.loc 1 62 0 is_stmt 0 discriminator 1
  65 003c 14A091E5 		ldr	r10, [r1, #20]
  66 0040 00005AE3 		cmp	r10, #0
  67 0044 1000000A 		beq	.L6
  68              	.L2:
  63:../src/tensorflow_lite/src/tensorflow/lite/micro/tools/make/downloads/cmsis/CMSIS/NN/Source/ConvolutionFunctions/arm_convolve_wrapper_s8.c ****         (conv_params->stride.w == 1) && (conv_params->stride.h == 1) && (filter_dims->w == 1) && (f
  64:../src/tensorflow_lite/src/tensorflow/lite/micro/tools/make/downloads/cmsis/CMSIS/NN/Source/ConvolutionFunctions/arm_convolve_wrapper_s8.c ****     {
  65:../src/tensorflow_lite/src/tensorflow/lite/micro/tools/make/downloads/cmsis/CMSIS/NN/Source/ConvolutionFunctions/arm_convolve_wrapper_s8.c ****         return arm_convolve_1x1_s8_fast(ctx,
  66:../src/tensorflow_lite/src/tensorflow/lite/micro/tools/make/downloads/cmsis/CMSIS/NN/Source/ConvolutionFunctions/arm_convolve_wrapper_s8.c ****                                         conv_params,
  67:../src/tensorflow_lite/src/tensorflow/lite/micro/tools/make/downloads/cmsis/CMSIS/NN/Source/ConvolutionFunctions/arm_convolve_wrapper_s8.c ****                                         quant_params,
  68:../src/tensorflow_lite/src/tensorflow/lite/micro/tools/make/downloads/cmsis/CMSIS/NN/Source/ConvolutionFunctions/arm_convolve_wrapper_s8.c ****                                         input_dims,
  69:../src/tensorflow_lite/src/tensorflow/lite/micro/tools/make/downloads/cmsis/CMSIS/NN/Source/ConvolutionFunctions/arm_convolve_wrapper_s8.c ****                                         input_data,
  70:../src/tensorflow_lite/src/tensorflow/lite/micro/tools/make/downloads/cmsis/CMSIS/NN/Source/ConvolutionFunctions/arm_convolve_wrapper_s8.c ****                                         filter_dims,
  71:../src/tensorflow_lite/src/tensorflow/lite/micro/tools/make/downloads/cmsis/CMSIS/NN/Source/ConvolutionFunctions/arm_convolve_wrapper_s8.c ****                                         filter_data,
  72:../src/tensorflow_lite/src/tensorflow/lite/micro/tools/make/downloads/cmsis/CMSIS/NN/Source/ConvolutionFunctions/arm_convolve_wrapper_s8.c ****                                         bias_dims,
  73:../src/tensorflow_lite/src/tensorflow/lite/micro/tools/make/downloads/cmsis/CMSIS/NN/Source/ConvolutionFunctions/arm_convolve_wrapper_s8.c ****                                         bias_data,
  74:../src/tensorflow_lite/src/tensorflow/lite/micro/tools/make/downloads/cmsis/CMSIS/NN/Source/ConvolutionFunctions/arm_convolve_wrapper_s8.c ****                                         output_dims,
  75:../src/tensorflow_lite/src/tensorflow/lite/micro/tools/make/downloads/cmsis/CMSIS/NN/Source/ConvolutionFunctions/arm_convolve_wrapper_s8.c ****                                         output_data);
  76:../src/tensorflow_lite/src/tensorflow/lite/micro/tools/make/downloads/cmsis/CMSIS/NN/Source/ConvolutionFunctions/arm_convolve_wrapper_s8.c ****     }
  77:../src/tensorflow_lite/src/tensorflow/lite/micro/tools/make/downloads/cmsis/CMSIS/NN/Source/ConvolutionFunctions/arm_convolve_wrapper_s8.c ****     else if ((output_dims->h == 1) && (input_dims->h == 1) && (filter_dims->h == 1) && (output_dims
  69              		.loc 1 77 0 is_stmt 1
  70 0048 04309EE5 		ldr	r3, [lr, #4]
  71              	.LVL3:
  72 004c 010053E3 		cmp	r3, #1
  73 0050 1F00000A 		beq	.L7
  74              	.L3:
  78:../src/tensorflow_lite/src/tensorflow/lite/micro/tools/make/downloads/cmsis/CMSIS/NN/Source/ConvolutionFunctions/arm_convolve_wrapper_s8.c ****              (input_dims->n == 1))
  79:../src/tensorflow_lite/src/tensorflow/lite/micro/tools/make/downloads/cmsis/CMSIS/NN/Source/ConvolutionFunctions/arm_convolve_wrapper_s8.c ****     {
  80:../src/tensorflow_lite/src/tensorflow/lite/micro/tools/make/downloads/cmsis/CMSIS/NN/Source/ConvolutionFunctions/arm_convolve_wrapper_s8.c ****         return arm_convolve_1_x_n_s8(ctx,
  81:../src/tensorflow_lite/src/tensorflow/lite/micro/tools/make/downloads/cmsis/CMSIS/NN/Source/ConvolutionFunctions/arm_convolve_wrapper_s8.c ****                                      conv_params,
  82:../src/tensorflow_lite/src/tensorflow/lite/micro/tools/make/downloads/cmsis/CMSIS/NN/Source/ConvolutionFunctions/arm_convolve_wrapper_s8.c ****                                      quant_params,
  83:../src/tensorflow_lite/src/tensorflow/lite/micro/tools/make/downloads/cmsis/CMSIS/NN/Source/ConvolutionFunctions/arm_convolve_wrapper_s8.c ****                                      input_dims,
  84:../src/tensorflow_lite/src/tensorflow/lite/micro/tools/make/downloads/cmsis/CMSIS/NN/Source/ConvolutionFunctions/arm_convolve_wrapper_s8.c ****                                      input_data,
  85:../src/tensorflow_lite/src/tensorflow/lite/micro/tools/make/downloads/cmsis/CMSIS/NN/Source/ConvolutionFunctions/arm_convolve_wrapper_s8.c ****                                      filter_dims,
  86:../src/tensorflow_lite/src/tensorflow/lite/micro/tools/make/downloads/cmsis/CMSIS/NN/Source/ConvolutionFunctions/arm_convolve_wrapper_s8.c ****                                      filter_data,
  87:../src/tensorflow_lite/src/tensorflow/lite/micro/tools/make/downloads/cmsis/CMSIS/NN/Source/ConvolutionFunctions/arm_convolve_wrapper_s8.c ****                                      bias_dims,
  88:../src/tensorflow_lite/src/tensorflow/lite/micro/tools/make/downloads/cmsis/CMSIS/NN/Source/ConvolutionFunctions/arm_convolve_wrapper_s8.c ****                                      bias_data,
  89:../src/tensorflow_lite/src/tensorflow/lite/micro/tools/make/downloads/cmsis/CMSIS/NN/Source/ConvolutionFunctions/arm_convolve_wrapper_s8.c ****                                      output_dims,
  90:../src/tensorflow_lite/src/tensorflow/lite/micro/tools/make/downloads/cmsis/CMSIS/NN/Source/ConvolutionFunctions/arm_convolve_wrapper_s8.c ****                                      output_data);
  91:../src/tensorflow_lite/src/tensorflow/lite/micro/tools/make/downloads/cmsis/CMSIS/NN/Source/ConvolutionFunctions/arm_convolve_wrapper_s8.c ****     }
  92:../src/tensorflow_lite/src/tensorflow/lite/micro/tools/make/downloads/cmsis/CMSIS/NN/Source/ConvolutionFunctions/arm_convolve_wrapper_s8.c ****     else
  93:../src/tensorflow_lite/src/tensorflow/lite/micro/tools/make/downloads/cmsis/CMSIS/NN/Source/ConvolutionFunctions/arm_convolve_wrapper_s8.c ****     {
  94:../src/tensorflow_lite/src/tensorflow/lite/micro/tools/make/downloads/cmsis/CMSIS/NN/Source/ConvolutionFunctions/arm_convolve_wrapper_s8.c ****         return arm_convolve_s8(ctx,
  75              		.loc 1 94 0
  76 0054 48808DE5 		str	r8, [sp, #72]
  77              	.LVL4:
  78 0058 0430A0E1 		mov	r3, r4
  79 005c 44E08DE5 		str	lr, [sp, #68]
  80              	.LVL5:
  81 0060 0C10A0E1 		mov	r1, ip
  82              	.LVL6:
  83 0064 04209DE5 		ldr	r2, [sp, #4]
  84              	.LVL7:
  85 0068 40708DE5 		str	r7, [sp, #64]
  86              	.LVL8:
  87 006c 3C608DE5 		str	r6, [sp, #60]
  88              	.LVL9:
  89 0070 00009DE5 		ldr	r0, [sp]
  90              	.LVL10:
  91 0074 38908DE5 		str	r9, [sp, #56]
  92              	.LVL11:
  93 0078 34508DE5 		str	r5, [sp, #52]
  94 007c 30B08DE5 		str	fp, [sp, #48]
  95:../src/tensorflow_lite/src/tensorflow/lite/micro/tools/make/downloads/cmsis/CMSIS/NN/Source/ConvolutionFunctions/arm_convolve_wrapper_s8.c ****                                conv_params,
  96:../src/tensorflow_lite/src/tensorflow/lite/micro/tools/make/downloads/cmsis/CMSIS/NN/Source/ConvolutionFunctions/arm_convolve_wrapper_s8.c ****                                quant_params,
  97:../src/tensorflow_lite/src/tensorflow/lite/micro/tools/make/downloads/cmsis/CMSIS/NN/Source/ConvolutionFunctions/arm_convolve_wrapper_s8.c ****                                input_dims,
  98:../src/tensorflow_lite/src/tensorflow/lite/micro/tools/make/downloads/cmsis/CMSIS/NN/Source/ConvolutionFunctions/arm_convolve_wrapper_s8.c ****                                input_data,
  99:../src/tensorflow_lite/src/tensorflow/lite/micro/tools/make/downloads/cmsis/CMSIS/NN/Source/ConvolutionFunctions/arm_convolve_wrapper_s8.c ****                                filter_dims,
 100:../src/tensorflow_lite/src/tensorflow/lite/micro/tools/make/downloads/cmsis/CMSIS/NN/Source/ConvolutionFunctions/arm_convolve_wrapper_s8.c ****                                filter_data,
 101:../src/tensorflow_lite/src/tensorflow/lite/micro/tools/make/downloads/cmsis/CMSIS/NN/Source/ConvolutionFunctions/arm_convolve_wrapper_s8.c ****                                bias_dims,
 102:../src/tensorflow_lite/src/tensorflow/lite/micro/tools/make/downloads/cmsis/CMSIS/NN/Source/ConvolutionFunctions/arm_convolve_wrapper_s8.c ****                                bias_data,
 103:../src/tensorflow_lite/src/tensorflow/lite/micro/tools/make/downloads/cmsis/CMSIS/NN/Source/ConvolutionFunctions/arm_convolve_wrapper_s8.c ****                                output_dims,
 104:../src/tensorflow_lite/src/tensorflow/lite/micro/tools/make/downloads/cmsis/CMSIS/NN/Source/ConvolutionFunctions/arm_convolve_wrapper_s8.c ****                                output_data);
 105:../src/tensorflow_lite/src/tensorflow/lite/micro/tools/make/downloads/cmsis/CMSIS/NN/Source/ConvolutionFunctions/arm_convolve_wrapper_s8.c ****     }
 106:../src/tensorflow_lite/src/tensorflow/lite/micro/tools/make/downloads/cmsis/CMSIS/NN/Source/ConvolutionFunctions/arm_convolve_wrapper_s8.c **** }
  95              		.loc 1 106 0
  96 0080 0CD08DE2 		add	sp, sp, #12
  97              		.cfi_remember_state
  98              		.cfi_def_cfa_offset 36
  99              	.LVL12:
 100              		@ sp needed
 101 0084 F04FBDE8 		pop	{r4, r5, r6, r7, r8, r9, r10, fp, lr}
 102              		.cfi_restore 14
 103              		.cfi_restore 11
 104              		.cfi_restore 10
 105              		.cfi_restore 9
 106              		.cfi_restore 8
 107              		.cfi_restore 7
 108              		.cfi_restore 6
 109              		.cfi_restore 5
 110              		.cfi_restore 4
 111              		.cfi_def_cfa_offset 0
 112              	.LVL13:
  94:../src/tensorflow_lite/src/tensorflow/lite/micro/tools/make/downloads/cmsis/CMSIS/NN/Source/ConvolutionFunctions/arm_convolve_wrapper_s8.c ****                                conv_params,
 113              		.loc 1 94 0
 114 0088 FEFFFFEA 		b	arm_convolve_s8
 115              	.LVL14:
 116              	.L6:
 117              		.cfi_restore_state
  62:../src/tensorflow_lite/src/tensorflow/lite/micro/tools/make/downloads/cmsis/CMSIS/NN/Source/ConvolutionFunctions/arm_convolve_wrapper_s8.c ****         (conv_params->stride.w == 1) && (conv_params->stride.h == 1) && (filter_dims->w == 1) && (f
 118              		.loc 1 62 0 discriminator 2
 119 008c 0CA093E5 		ldr	r10, [r3, #12]
 120 0090 03001AE3 		tst	r10, #3
 121 0094 EBFFFF1A 		bne	.L2
  62:../src/tensorflow_lite/src/tensorflow/lite/micro/tools/make/downloads/cmsis/CMSIS/NN/Source/ConvolutionFunctions/arm_convolve_wrapper_s8.c ****         (conv_params->stride.w == 1) && (conv_params->stride.h == 1) && (filter_dims->w == 1) && (f
 122              		.loc 1 62 0 is_stmt 0 discriminator 3
 123 0098 08A091E5 		ldr	r10, [r1, #8]
 124 009c 01005AE3 		cmp	r10, #1
 125 00a0 E8FFFF1A 		bne	.L2
  63:../src/tensorflow_lite/src/tensorflow/lite/micro/tools/make/downloads/cmsis/CMSIS/NN/Source/ConvolutionFunctions/arm_convolve_wrapper_s8.c ****     {
 126              		.loc 1 63 0 is_stmt 1
 127 00a4 0CA091E5 		ldr	r10, [r1, #12]
 128 00a8 01005AE3 		cmp	r10, #1
 129 00ac E5FFFF1A 		bne	.L2
  63:../src/tensorflow_lite/src/tensorflow/lite/micro/tools/make/downloads/cmsis/CMSIS/NN/Source/ConvolutionFunctions/arm_convolve_wrapper_s8.c ****     {
 130              		.loc 1 63 0 is_stmt 0 discriminator 1
 131 00b0 08A095E5 		ldr	r10, [r5, #8]
 132 00b4 01005AE3 		cmp	r10, #1
 133 00b8 E2FFFF1A 		bne	.L2
  63:../src/tensorflow_lite/src/tensorflow/lite/micro/tools/make/downloads/cmsis/CMSIS/NN/Source/ConvolutionFunctions/arm_convolve_wrapper_s8.c ****     {
 134              		.loc 1 63 0 discriminator 2
 135 00bc 04A095E5 		ldr	r10, [r5, #4]
 136 00c0 01005AE3 		cmp	r10, #1
 137 00c4 DFFFFF1A 		bne	.L2
 138              		.loc 1 106 0 is_stmt 1
 139 00c8 0CD08DE2 		add	sp, sp, #12
 140              		.cfi_remember_state
 141              		.cfi_def_cfa_offset 36
 142              		@ sp needed
 143 00cc F04FBDE8 		pop	{r4, r5, r6, r7, r8, r9, r10, fp, lr}
 144              		.cfi_restore 14
 145              		.cfi_restore 11
 146              		.cfi_restore 10
 147              		.cfi_restore 9
 148              		.cfi_restore 8
 149              		.cfi_restore 7
 150              		.cfi_restore 6
 151              		.cfi_restore 5
 152              		.cfi_restore 4
 153              		.cfi_def_cfa_offset 0
  65:../src/tensorflow_lite/src/tensorflow/lite/micro/tools/make/downloads/cmsis/CMSIS/NN/Source/ConvolutionFunctions/arm_convolve_wrapper_s8.c ****                                         conv_params,
 154              		.loc 1 65 0
 155 00d0 FEFFFFEA 		b	arm_convolve_1x1_s8_fast
 156              	.LVL15:
 157              	.L7:
 158              		.cfi_restore_state
  77:../src/tensorflow_lite/src/tensorflow/lite/micro/tools/make/downloads/cmsis/CMSIS/NN/Source/ConvolutionFunctions/arm_convolve_wrapper_s8.c ****              (input_dims->n == 1))
 159              		.loc 1 77 0 discriminator 1
 160 00d4 043094E5 		ldr	r3, [r4, #4]
 161 00d8 010053E3 		cmp	r3, #1
 162 00dc DCFFFF1A 		bne	.L3
  77:../src/tensorflow_lite/src/tensorflow/lite/micro/tools/make/downloads/cmsis/CMSIS/NN/Source/ConvolutionFunctions/arm_convolve_wrapper_s8.c ****              (input_dims->n == 1))
 163              		.loc 1 77 0 is_stmt 0 discriminator 2
 164 00e0 043095E5 		ldr	r3, [r5, #4]
 165 00e4 010053E3 		cmp	r3, #1
 166 00e8 D9FFFF1A 		bne	.L3
  77:../src/tensorflow_lite/src/tensorflow/lite/micro/tools/make/downloads/cmsis/CMSIS/NN/Source/ConvolutionFunctions/arm_convolve_wrapper_s8.c ****              (input_dims->n == 1))
 167              		.loc 1 77 0 discriminator 3
 168 00ec 08309EE5 		ldr	r3, [lr, #8]
 169 00f0 030013E3 		tst	r3, #3
 170 00f4 D6FFFF1A 		bne	.L3
  77:../src/tensorflow_lite/src/tensorflow/lite/micro/tools/make/downloads/cmsis/CMSIS/NN/Source/ConvolutionFunctions/arm_convolve_wrapper_s8.c ****              (input_dims->n == 1))
 171              		.loc 1 77 0 discriminator 4
 172 00f8 003094E5 		ldr	r3, [r4]
 173 00fc 010053E3 		cmp	r3, #1
 174 0100 D3FFFF1A 		bne	.L3
  80:../src/tensorflow_lite/src/tensorflow/lite/micro/tools/make/downloads/cmsis/CMSIS/NN/Source/ConvolutionFunctions/arm_convolve_wrapper_s8.c ****                                      conv_params,
 175              		.loc 1 80 0 is_stmt 1
 176 0104 48808DE5 		str	r8, [sp, #72]
 177              	.LVL16:
 178 0108 0430A0E1 		mov	r3, r4
 179 010c 44E08DE5 		str	lr, [sp, #68]
 180              	.LVL17:
 181 0110 0C10A0E1 		mov	r1, ip
 182              	.LVL18:
 183 0114 04209DE5 		ldr	r2, [sp, #4]
 184              	.LVL19:
 185 0118 40708DE5 		str	r7, [sp, #64]
 186              	.LVL20:
 187 011c 3C608DE5 		str	r6, [sp, #60]
 188              	.LVL21:
 189 0120 00009DE5 		ldr	r0, [sp]
 190              	.LVL22:
 191 0124 38908DE5 		str	r9, [sp, #56]
 192              	.LVL23:
 193 0128 34508DE5 		str	r5, [sp, #52]
 194 012c 30B08DE5 		str	fp, [sp, #48]
 195              		.loc 1 106 0
 196 0130 0CD08DE2 		add	sp, sp, #12
 197              		.cfi_def_cfa_offset 36
 198              	.LVL24:
 199              		@ sp needed
 200 0134 F04FBDE8 		pop	{r4, r5, r6, r7, r8, r9, r10, fp, lr}
 201              		.cfi_restore 14
 202              		.cfi_restore 11
 203              		.cfi_restore 10
 204              		.cfi_restore 9
 205              		.cfi_restore 8
 206              		.cfi_restore 7
 207              		.cfi_restore 6
 208              		.cfi_restore 5
 209              		.cfi_restore 4
 210              		.cfi_def_cfa_offset 0
 211              	.LVL25:
  80:../src/tensorflow_lite/src/tensorflow/lite/micro/tools/make/downloads/cmsis/CMSIS/NN/Source/ConvolutionFunctions/arm_convolve_wrapper_s8.c ****                                      conv_params,
 212              		.loc 1 80 0
 213 0138 FEFFFFEA 		b	arm_convolve_1_x_n_s8
 214              	.LVL26:
 215              		.cfi_endproc
 216              	.LFE87:
 218              		.section	.text.arm_convolve_wrapper_s8_get_buffer_size,"ax",%progbits
 219              		.align	2
 220              		.global	arm_convolve_wrapper_s8_get_buffer_size
 221              		.syntax unified
 222              		.arm
 223              		.fpu neon
 225              	arm_convolve_wrapper_s8_get_buffer_size:
 226              	.LFB88:
 107:../src/tensorflow_lite/src/tensorflow/lite/micro/tools/make/downloads/cmsis/CMSIS/NN/Source/ConvolutionFunctions/arm_convolve_wrapper_s8.c **** 
 108:../src/tensorflow_lite/src/tensorflow/lite/micro/tools/make/downloads/cmsis/CMSIS/NN/Source/ConvolutionFunctions/arm_convolve_wrapper_s8.c **** int32_t arm_convolve_wrapper_s8_get_buffer_size(const cmsis_nn_conv_params *conv_params,
 109:../src/tensorflow_lite/src/tensorflow/lite/micro/tools/make/downloads/cmsis/CMSIS/NN/Source/ConvolutionFunctions/arm_convolve_wrapper_s8.c ****                                                 const cmsis_nn_dims *input_dims,
 110:../src/tensorflow_lite/src/tensorflow/lite/micro/tools/make/downloads/cmsis/CMSIS/NN/Source/ConvolutionFunctions/arm_convolve_wrapper_s8.c ****                                                 const cmsis_nn_dims *filter_dims,
 111:../src/tensorflow_lite/src/tensorflow/lite/micro/tools/make/downloads/cmsis/CMSIS/NN/Source/ConvolutionFunctions/arm_convolve_wrapper_s8.c ****                                                 const cmsis_nn_dims *output_dims)
 112:../src/tensorflow_lite/src/tensorflow/lite/micro/tools/make/downloads/cmsis/CMSIS/NN/Source/ConvolutionFunctions/arm_convolve_wrapper_s8.c **** {
 227              		.loc 1 112 0
 228              		.cfi_startproc
 229              		@ args = 0, pretend = 0, frame = 0
 230              		@ frame_needed = 0, uses_anonymous_args = 0
 231              		@ link register save eliminated.
 232              	.LVL27:
 233              		.loc 1 112 0
 234 0000 00C0A0E1 		mov	ip, r0
 235 0004 0100A0E1 		mov	r0, r1
 236              	.LVL28:
 113:../src/tensorflow_lite/src/tensorflow/lite/micro/tools/make/downloads/cmsis/CMSIS/NN/Source/ConvolutionFunctions/arm_convolve_wrapper_s8.c ****     if ((conv_params->padding.w == 0) && (conv_params->padding.h == 0) && (input_dims->c % 4 == 0) 
 237              		.loc 1 113 0
 238 0008 10109CE5 		ldr	r1, [ip, #16]
 239              	.LVL29:
 240 000c 000051E3 		cmp	r1, #0
 241 0010 0200001A 		bne	.L9
 242              		.loc 1 113 0 is_stmt 0 discriminator 1
 243 0014 14109CE5 		ldr	r1, [ip, #20]
 244 0018 000051E3 		cmp	r1, #0
 245 001c 0400000A 		beq	.L11
 246              	.L9:
 114:../src/tensorflow_lite/src/tensorflow/lite/micro/tools/make/downloads/cmsis/CMSIS/NN/Source/ConvolutionFunctions/arm_convolve_wrapper_s8.c ****         (conv_params->stride.w == 1) && (conv_params->stride.h == 1) && (filter_dims->w == 1) && (f
 115:../src/tensorflow_lite/src/tensorflow/lite/micro/tools/make/downloads/cmsis/CMSIS/NN/Source/ConvolutionFunctions/arm_convolve_wrapper_s8.c ****     {
 116:../src/tensorflow_lite/src/tensorflow/lite/micro/tools/make/downloads/cmsis/CMSIS/NN/Source/ConvolutionFunctions/arm_convolve_wrapper_s8.c ****         return arm_convolve_1x1_s8_fast_get_buffer_size(input_dims);
 117:../src/tensorflow_lite/src/tensorflow/lite/micro/tools/make/downloads/cmsis/CMSIS/NN/Source/ConvolutionFunctions/arm_convolve_wrapper_s8.c ****     }
 118:../src/tensorflow_lite/src/tensorflow/lite/micro/tools/make/downloads/cmsis/CMSIS/NN/Source/ConvolutionFunctions/arm_convolve_wrapper_s8.c ****     else if ((output_dims->h == 1) && (input_dims->h == 1) && (filter_dims->h == 1) && (output_dims
 247              		.loc 1 118 0 is_stmt 1
 248 0020 041093E5 		ldr	r1, [r3, #4]
 249 0024 010051E3 		cmp	r1, #1
 250 0028 1100000A 		beq	.L12
 251              	.LVL30:
 252              	.L10:
 119:../src/tensorflow_lite/src/tensorflow/lite/micro/tools/make/downloads/cmsis/CMSIS/NN/Source/ConvolutionFunctions/arm_convolve_wrapper_s8.c ****              (input_dims->n == 1))
 120:../src/tensorflow_lite/src/tensorflow/lite/micro/tools/make/downloads/cmsis/CMSIS/NN/Source/ConvolutionFunctions/arm_convolve_wrapper_s8.c ****     {
 121:../src/tensorflow_lite/src/tensorflow/lite/micro/tools/make/downloads/cmsis/CMSIS/NN/Source/ConvolutionFunctions/arm_convolve_wrapper_s8.c ****         return arm_convolve_1_x_n_s8_get_buffer_size(input_dims, filter_dims);
 122:../src/tensorflow_lite/src/tensorflow/lite/micro/tools/make/downloads/cmsis/CMSIS/NN/Source/ConvolutionFunctions/arm_convolve_wrapper_s8.c ****     }
 123:../src/tensorflow_lite/src/tensorflow/lite/micro/tools/make/downloads/cmsis/CMSIS/NN/Source/ConvolutionFunctions/arm_convolve_wrapper_s8.c ****     else
 124:../src/tensorflow_lite/src/tensorflow/lite/micro/tools/make/downloads/cmsis/CMSIS/NN/Source/ConvolutionFunctions/arm_convolve_wrapper_s8.c ****     {
 125:../src/tensorflow_lite/src/tensorflow/lite/micro/tools/make/downloads/cmsis/CMSIS/NN/Source/ConvolutionFunctions/arm_convolve_wrapper_s8.c ****         return arm_convolve_s8_get_buffer_size(input_dims, filter_dims);
 253              		.loc 1 125 0
 254 002c 0210A0E1 		mov	r1, r2
 255 0030 FEFFFFEA 		b	arm_convolve_s8_get_buffer_size
 256              	.LVL31:
 257              	.L11:
 113:../src/tensorflow_lite/src/tensorflow/lite/micro/tools/make/downloads/cmsis/CMSIS/NN/Source/ConvolutionFunctions/arm_convolve_wrapper_s8.c ****         (conv_params->stride.w == 1) && (conv_params->stride.h == 1) && (filter_dims->w == 1) && (f
 258              		.loc 1 113 0 discriminator 2
 259 0034 0C1090E5 		ldr	r1, [r0, #12]
 260 0038 030011E3 		tst	r1, #3
 261 003c F7FFFF1A 		bne	.L9
 113:../src/tensorflow_lite/src/tensorflow/lite/micro/tools/make/downloads/cmsis/CMSIS/NN/Source/ConvolutionFunctions/arm_convolve_wrapper_s8.c ****         (conv_params->stride.w == 1) && (conv_params->stride.h == 1) && (filter_dims->w == 1) && (f
 262              		.loc 1 113 0 is_stmt 0 discriminator 3
 263 0040 08109CE5 		ldr	r1, [ip, #8]
 264 0044 010051E3 		cmp	r1, #1
 265 0048 F4FFFF1A 		bne	.L9
 114:../src/tensorflow_lite/src/tensorflow/lite/micro/tools/make/downloads/cmsis/CMSIS/NN/Source/ConvolutionFunctions/arm_convolve_wrapper_s8.c ****         (conv_params->stride.w == 1) && (conv_params->stride.h == 1) && (filter_dims->w == 1) && (f
 266              		.loc 1 114 0 is_stmt 1
 267 004c 0C109CE5 		ldr	r1, [ip, #12]
 268 0050 010051E3 		cmp	r1, #1
 269 0054 F1FFFF1A 		bne	.L9
 114:../src/tensorflow_lite/src/tensorflow/lite/micro/tools/make/downloads/cmsis/CMSIS/NN/Source/ConvolutionFunctions/arm_convolve_wrapper_s8.c ****         (conv_params->stride.w == 1) && (conv_params->stride.h == 1) && (filter_dims->w == 1) && (f
 270              		.loc 1 114 0 is_stmt 0 discriminator 1
 271 0058 081092E5 		ldr	r1, [r2, #8]
 272 005c 010051E3 		cmp	r1, #1
 273 0060 EEFFFF1A 		bne	.L9
 114:../src/tensorflow_lite/src/tensorflow/lite/micro/tools/make/downloads/cmsis/CMSIS/NN/Source/ConvolutionFunctions/arm_convolve_wrapper_s8.c ****         (conv_params->stride.w == 1) && (conv_params->stride.h == 1) && (filter_dims->w == 1) && (f
 274              		.loc 1 114 0 discriminator 2
 275 0064 041092E5 		ldr	r1, [r2, #4]
 276 0068 010051E3 		cmp	r1, #1
 277 006c EBFFFF1A 		bne	.L9
 116:../src/tensorflow_lite/src/tensorflow/lite/micro/tools/make/downloads/cmsis/CMSIS/NN/Source/ConvolutionFunctions/arm_convolve_wrapper_s8.c ****     }
 278              		.loc 1 116 0 is_stmt 1
 279 0070 FEFFFFEA 		b	arm_convolve_1x1_s8_fast_get_buffer_size
 280              	.LVL32:
 281              	.L12:
 118:../src/tensorflow_lite/src/tensorflow/lite/micro/tools/make/downloads/cmsis/CMSIS/NN/Source/ConvolutionFunctions/arm_convolve_wrapper_s8.c ****              (input_dims->n == 1))
 282              		.loc 1 118 0 discriminator 1
 283 0074 041090E5 		ldr	r1, [r0, #4]
 284 0078 010051E3 		cmp	r1, #1
 285 007c EAFFFF1A 		bne	.L10
 118:../src/tensorflow_lite/src/tensorflow/lite/micro/tools/make/downloads/cmsis/CMSIS/NN/Source/ConvolutionFunctions/arm_convolve_wrapper_s8.c ****              (input_dims->n == 1))
 286              		.loc 1 118 0 is_stmt 0 discriminator 2
 287 0080 041092E5 		ldr	r1, [r2, #4]
 288 0084 010051E3 		cmp	r1, #1
 289 0088 E7FFFF1A 		bne	.L10
 118:../src/tensorflow_lite/src/tensorflow/lite/micro/tools/make/downloads/cmsis/CMSIS/NN/Source/ConvolutionFunctions/arm_convolve_wrapper_s8.c ****              (input_dims->n == 1))
 290              		.loc 1 118 0 discriminator 3
 291 008c 083093E5 		ldr	r3, [r3, #8]
 292              	.LVL33:
 293 0090 030013E3 		tst	r3, #3
 294 0094 E4FFFF1A 		bne	.L10
 118:../src/tensorflow_lite/src/tensorflow/lite/micro/tools/make/downloads/cmsis/CMSIS/NN/Source/ConvolutionFunctions/arm_convolve_wrapper_s8.c ****              (input_dims->n == 1))
 295              		.loc 1 118 0 discriminator 4
 296 0098 003090E5 		ldr	r3, [r0]
 297 009c 010053E3 		cmp	r3, #1
 298 00a0 E1FFFF1A 		bne	.L10
 121:../src/tensorflow_lite/src/tensorflow/lite/micro/tools/make/downloads/cmsis/CMSIS/NN/Source/ConvolutionFunctions/arm_convolve_wrapper_s8.c ****     }
 299              		.loc 1 121 0 is_stmt 1
 300 00a4 0210A0E1 		mov	r1, r2
 301 00a8 FEFFFFEA 		b	arm_convolve_1_x_n_s8_get_buffer_size
 302              	.LVL34:
 303              		.cfi_endproc
 304              	.LFE88:
 306              		.text
 307              	.Letext0:
 308              		.file 2 "c:\\program files (x86)\\gnu tools arm embedded\\6 2017-q2-update\\arm-none-eabi\\include
 309              		.file 3 "c:\\program files (x86)\\gnu tools arm embedded\\6 2017-q2-update\\arm-none-eabi\\include
 310              		.file 4 "c:\\program files (x86)\\gnu tools arm embedded\\6 2017-q2-update\\arm-none-eabi\\include
 311              		.file 5 "c:\\program files (x86)\\gnu tools arm embedded\\6 2017-q2-update\\arm-none-eabi\\include
 312              		.file 6 "c:\\program files (x86)\\gnu tools arm embedded\\6 2017-q2-update\\lib\\gcc\\arm-none-eab
 313              		.file 7 "c:\\program files (x86)\\gnu tools arm embedded\\6 2017-q2-update\\arm-none-eabi\\include
 314              		.file 8 "c:\\program files (x86)\\gnu tools arm embedded\\6 2017-q2-update\\arm-none-eabi\\include
 315              		.file 9 "C:/Renesas/e2studio_2021_01_workspace_RZA2M_ANPR/ANPR_RZA2M_RDK/src/tensorflow_lite/src/t
 316              		.file 10 "C:/Renesas/e2studio_2021_01_workspace_RZA2M_ANPR/ANPR_RZA2M_RDK/src/tensorflow_lite/src/
 317              		.file 11 "C:/Renesas/e2studio_2021_01_workspace_RZA2M_ANPR/ANPR_RZA2M_RDK/src/tensorflow_lite/src/
DEFINED SYMBOLS
                            *ABS*:00000000 arm_convolve_wrapper_s8.c
C:\Users\a5050395\AppData\Local\Temp\ccfa5V6S.s:17     .text.arm_convolve_wrapper_s8:00000000 $a
C:\Users\a5050395\AppData\Local\Temp\ccfa5V6S.s:23     .text.arm_convolve_wrapper_s8:00000000 arm_convolve_wrapper_s8
C:\Users\a5050395\AppData\Local\Temp\ccfa5V6S.s:219    .text.arm_convolve_wrapper_s8_get_buffer_size:00000000 $a
C:\Users\a5050395\AppData\Local\Temp\ccfa5V6S.s:225    .text.arm_convolve_wrapper_s8_get_buffer_size:00000000 arm_convolve_wrapper_s8_get_buffer_size
                     .debug_frame:00000010 $d
                           .group:00000000 wm4.0.14fc17be114e5a2cba0959c511ea2aaf
                           .group:00000000 wm4._newlib_version.h.4.3572908597b70d672d181fc7fc501c19
                           .group:00000000 wm4.features.h.33.d97f2d646536517df901beeb5b9993f5
                           .group:00000000 wm4._default_types.h.15.247e5cd201eca3442cbf5404108c4935
                           .group:00000000 wm4._intsup.h.10.cce27fed8484c08a33f522034c30d2b5
                           .group:00000000 wm4._stdint.h.10.c24fa3af3bc1706662bb5593a907e841
                           .group:00000000 wm4.stdint.h.23.d53047a68f4a85177f80b422d52785ed
                           .group:00000000 wm4.cmsis_gcc.h.26.655f712673b916caa265318637e2486e
                           .group:00000000 wm4.newlib.h.8.5f2124c7e712be65f83b91ff86a0b1c1
                           .group:00000000 wm4.config.h.219.65a553ab5bef5482f0d7880b0d33015e
                           .group:00000000 wm4._ansi.h.23.9f8fcfa20193763fcf364fb91705c94b
                           .group:00000000 wm4.stddef.h.39.a38874c8f8a57e66301090908ec2a69f
                           .group:00000000 wm4.lock.h.2.1461d1fff82dffe8bfddc23307f6484f
                           .group:00000000 wm4._types.h.125.5cf8a495f1f7ef36777ad868a1e32068
                           .group:00000000 wm4.stddef.h.161.5349cb105733e8777bfb0cf53c4e3f34
                           .group:00000000 wm4._types.h.183.c226d164ceca1f2ecb9ae9360c54a098
                           .group:00000000 wm4.reent.h.17.23b059516345f8f5abfa01ddc379570f
                           .group:00000000 wm4.cdefs.h.47.d73db5548e6cd3f3a18dfe23cae782ff
                           .group:00000000 wm4.string.h.15.dab3980bf35408a4c507182805e2de3a
                           .group:00000000 wm4.stddef.h.161.19e15733342b50ead2919490b095303e
                           .group:00000000 wm4.math.h.13.adb102f7bd7860b1f241e149d6914a1e
                           .group:00000000 wm4.float.h.29.7c5e49023a42045f22b7df4a7e6b3db2
                           .group:00000000 wm4.limits.h.2.a76e572559edc4d4305b1cf624158ea8
                           .group:00000000 wm4.limits.h.60.56a1ae353e2028a24298ec6463b8b593
                           .group:00000000 wm4.arm_math_types.h.86.d234ffd9523de96a34ed4dd0f785756f

UNDEFINED SYMBOLS
arm_convolve_s8
arm_convolve_1x1_s8_fast
arm_convolve_1_x_n_s8
arm_convolve_s8_get_buffer_size
arm_convolve_1x1_s8_fast_get_buffer_size
arm_convolve_1_x_n_s8_get_buffer_size
