   1              		.cpu cortex-a9
   2              		.eabi_attribute 28, 1
   3              		.eabi_attribute 20, 1
   4              		.eabi_attribute 21, 1
   5              		.eabi_attribute 23, 3
   6              		.eabi_attribute 24, 1
   7              		.eabi_attribute 25, 1
   8              		.eabi_attribute 26, 1
   9              		.eabi_attribute 30, 2
  10              		.eabi_attribute 34, 0
  11              		.eabi_attribute 18, 4
  12              		.file	"r_octabus_memclk_setup.c"
  13              		.section	.text.r_octabus_memclk_setup,"ax",%progbits
  14              		.align	2
  15              		.weak	r_octabus_memclk_setup
  16              		.syntax unified
  17              		.arm
  18              		.fpu neon
  20              	r_octabus_memclk_setup:
  21              		@ args = 0, pretend = 0, frame = 0
  22              		@ frame_needed = 0, uses_anonymous_args = 0
  23              		@ link register save eliminated.
  24 0000 FF2100E3 		movw	r2, #511
  25 0004 FF3C0FE3 		movw	r3, #64767
  26 0008 FE2C4FE3 		movt	r2, 64766
  27 000c BB1F52E1 		ldrh	r1, [r2, #-251]
  28 0010 013003E0 		and	r3, r3, r1
  29 0014 033C83E3 		orr	r3, r3, #768
  30 0018 BB3F42E1 		strh	r3, [r2, #-251]	@ movhi
  31 001c 1EFF2FE1 		bx	lr
  33              		.ident	"GCC: (GNU Tools for ARM Embedded Processors 6-2017-q2-update) 6.3.1 20170620 (release) [AR
DEFINED SYMBOLS
                            *ABS*:00000000 r_octabus_memclk_setup.c
C:\Users\a5050395\AppData\Local\Temp\ccvkps8L.s:14     .text.r_octabus_memclk_setup:00000000 $a
C:\Users\a5050395\AppData\Local\Temp\ccvkps8L.s:20     .text.r_octabus_memclk_setup:00000000 r_octabus_memclk_setup

NO UNDEFINED SYMBOLS
